[ 2017-08-10T00:01:56+08:00 ] 14.17.37.69 /index.php/mobile/Index
INFO: [ app_init ] --START--
INFO: Run Behavior\BuildLiteBehavior [ RunTime:0.000055s ]
INFO: [ app_init ] --END-- [ RunTime:0.000294s ]
INFO: [ app_begin ] --START--
INFO: Run Behavior\ReadHtmlCacheBehavior [ RunTime:0.000584s ]
INFO: [ app_begin ] --END-- [ RunTime:0.000655s ]
NOTIC: [2048] Declaration of Mobile\Controller\IndexController::error() should be compatible with Think\Controller::error($message = '', $jumpUrl = '', $ajax = false) /var/www/html/paoding_gemmap/Application/Mobile/Controller/IndexController.class.php 第 8 行.
INFO: [ action_begin ] --START--
INFO: Run Home\Behaviors\siteBehavior [ RunTime:0.008259s ]
INFO: [ action_begin ] --END-- [ RunTime:0.008337s ]
INFO: [ view_begin ] --START--
INFO: Run Home\Behaviors\testBehavior [ RunTime:0.000119s ]
INFO: [ view_begin ] --END-- [ RunTime:0.000188s ]
INFO: [ view_parse ] --START--
INFO: [ template_filter ] --START--
INFO: Run Behavior\ContentReplaceBehavior [ RunTime:0.000107s ]
INFO: [ template_filter ] --END-- [ RunTime:0.000159s ]
NOTIC: [8] Undefined variable: seoTitle /var/www/html/paoding_gemmap/Application/Runtime/Cache/Mobile/287a75ef6074c13750e3b2bdaccd2921.php 第 6 行.
NOTIC: [8] Undefined variable: seoKeywords /var/www/html/paoding_gemmap/Application/Runtime/Cache/Mobile/287a75ef6074c13750e3b2bdaccd2921.php 第 8 行.
NOTIC: [8] Undefined variable: seoDescription /var/www/html/paoding_gemmap/Application/Runtime/Cache/Mobile/287a75ef6074c13750e3b2bdaccd2921.php 第 9 行.
NOTIC: [8] Undefined variable: v /var/www/html/paoding_gemmap/Application/Runtime/Cache/Mobile/287a75ef6074c13750e3b2bdaccd2921.php 第 78 行.
INFO: Run Behavior\ParseTemplateBehavior [ RunTime:0.006712s ]
INFO: [ view_parse ] --END-- [ RunTime:0.006748s ]
INFO: [ view_filter ] --START--
INFO: Run Behavior\WriteHtmlCacheBehavior [ RunTime:0.000149s ]
INFO: Run Behavior\TokenBuildBehavior [ RunTime:0.000245s ]
INFO: [ view_filter ] --END-- [ RunTime:0.000451s ]
INFO: [ app_end ] --START--
INFO: Run Behavior\ShowPageTraceBehavior [ RunTime:0.000360s ]
INFO: [ app_end ] --END-- [ RunTime:0.000427s ]

[ 2017-08-10T00:02:07+08:00 ] 14.17.37.69 /index.php/Mobile/Article/data_list/channel/xq
INFO: [ app_init ] --START--
INFO: Run Behavior\BuildLiteBehavior [ RunTime:0.000012s ]
INFO: [ app_init ] --END-- [ RunTime:0.000248s ]
INFO: [ app_begin ] --START--
INFO: Run Behavior\ReadHtmlCacheBehavior [ RunTime:0.000464s ]
INFO: [ app_begin ] --END-- [ RunTime:0.000535s ]
INFO: [ action_begin ] --START--
INFO: Run Home\Behaviors\siteBehavior [ RunTime:0.000195s ]
INFO: [ action_begin ] --END-- [ RunTime:0.000244s ]

[ 2017-08-10T00:02:11+08:00 ] 14.17.37.69 /index.php/Mobile/Article/data_list/channel/xq
INFO: [ app_init ] --START--
INFO: Run Behavior\BuildLiteBehavior [ RunTime:0.000013s ]
INFO: [ app_init ] --END-- [ RunTime:0.000258s ]
INFO: [ app_begin ] --START--
INFO: Run Behavior\ReadHtmlCacheBehavior [ RunTime:0.000335s ]
INFO: [ app_begin ] --END-- [ RunTime:0.000407s ]
INFO: [ action_begin ] --START--
INFO: Run Home\Behaviors\siteBehavior [ RunTime:0.000215s ]
INFO: [ action_begin ] --END-- [ RunTime:0.000261s ]

[ 2017-08-10T00:02:13+08:00 ] 14.17.37.69 /index.php/Mobile/Article/data_list/channel/xq
INFO: [ app_init ] --START--
INFO: Run Behavior\BuildLiteBehavior [ RunTime:0.000013s ]
INFO: [ app_init ] --END-- [ RunTime:0.000251s ]
INFO: [ app_begin ] --START--
INFO: Run Behavior\ReadHtmlCacheBehavior [ RunTime:0.000350s ]
INFO: [ app_begin ] --END-- [ RunTime:0.000394s ]
INFO: [ action_begin ] --START--
INFO: Run Home\Behaviors\siteBehavior [ RunTime:0.000217s ]
INFO: [ action_begin ] --END-- [ RunTime:0.000262s ]
NOTIC: [8] Undefined index: type /var/www/html/paoding_gemmap/Application/Mobile/Controller/ArticleController.class.php 第 21 行.
NOTIC: [8] Undefined index: order_id /var/www/html/paoding_gemmap/Application/Mobile/Controller/ArticleController.class.php 第 24 行.
INFO: [ view_begin ] --START--
INFO: Run Home\Behaviors\testBehavior [ RunTime:0.000093s ]
INFO: [ view_begin ] --END-- [ RunTime:0.000135s ]
INFO: [ view_parse ] --START--
INFO: [ template_filter ] --START--
INFO: Run Behavior\ContentReplaceBehavior [ RunTime:0.000163s ]
INFO: [ template_filter ] --END-- [ RunTime:0.000208s ]
NOTIC: [8] Undefined variable: seoTitle /var/www/html/paoding_gemmap/Application/Runtime/Cache/Mobile/1724b1f1b079b2a6a957bdf2135918fc.php 第 6 行.
NOTIC: [8] Undefined variable: seoKeywords /var/www/html/paoding_gemmap/Application/Runtime/Cache/Mobile/1724b1f1b079b2a6a957bdf2135918fc.php 第 8 行.
NOTIC: [8] Undefined variable: seoDescription /var/www/html/paoding_gemmap/Application/Runtime/Cache/Mobile/1724b1f1b079b2a6a957bdf2135918fc.php 第 9 行.
NOTIC: [8] Undefined variable: v /var/www/html/paoding_gemmap/Application/Runtime/Cache/Mobile/1724b1f1b079b2a6a957bdf2135918fc.php 第 105 行.
NOTIC: [8] Undefined variable: others /var/www/html/paoding_gemmap/Application/Runtime/Cache/Mobile/1724b1f1b079b2a6a957bdf2135918fc.php 第 126 行.
INFO: Run Behavior\ParseTemplateBehavior [ RunTime:0.011130s ]
INFO: [ view_parse ] --END-- [ RunTime:0.011211s ]
INFO: [ view_filter ] --START--
INFO: Run Behavior\WriteHtmlCacheBehavior [ RunTime:0.000108s ]
INFO: Run Behavior\TokenBuildBehavior [ RunTime:0.000272s ]
INFO: [ view_filter ] --END-- [ RunTime:0.000451s ]
INFO: [ app_end ] --START--
INFO: Run Behavior\ShowPageTraceBehavior [ RunTime:0.000405s ]
INFO: [ app_end ] --END-- [ RunTime:0.000447s ]

[ 2017-08-10T00:02:16+08:00 ] 14.17.37.69 /index.php/Mobile/Index/science_xq
INFO: [ app_init ] --START--
INFO: Run Behavior\BuildLiteBehavior [ RunTime:0.000013s ]
INFO: [ app_init ] --END-- [ RunTime:0.000287s ]
INFO: [ app_begin ] --START--
INFO: Run Behavior\ReadHtmlCacheBehavior [ RunTime:0.000381s ]
INFO: [ app_begin ] --END-- [ RunTime:0.000440s ]
NOTIC: [2048] Declaration of Mobile\Controller\IndexController::error() should be compatible with Think\Controller::error($message = '', $jumpUrl = '', $ajax = false) /var/www/html/paoding_gemmap/Application/Mobile/Controller/IndexController.class.php 第 8 行.
INFO: [ action_begin ] --START--
INFO: Run Home\Behaviors\siteBehavior [ RunTime:0.000181s ]
INFO: [ action_begin ] --END-- [ RunTime:0.000221s ]
INFO: [ view_begin ] --START--
INFO: Run Home\Behaviors\testBehavior [ RunTime:0.000117s ]
INFO: [ view_begin ] --END-- [ RunTime:0.000160s ]
INFO: [ view_parse ] --START--
INFO: [ template_filter ] --START--
INFO: Run Behavior\ContentReplaceBehavior [ RunTime:0.000135s ]
INFO: [ template_filter ] --END-- [ RunTime:0.000190s ]
NOTIC: [8] Undefined variable: seoTitle /var/www/html/paoding_gemmap/Application/Runtime/Cache/Mobile/f0808ba8b491c3e2d5cecd4be61217fe.php 第 6 行.
NOTIC: [8] Undefined variable: seoKeywords /var/www/html/paoding_gemmap/Application/Runtime/Cache/Mobile/f0808ba8b491c3e2d5cecd4be61217fe.php 第 8 行.
NOTIC: [8] Undefined variable: seoDescription /var/www/html/paoding_gemmap/Application/Runtime/Cache/Mobile/f0808ba8b491c3e2d5cecd4be61217fe.php 第 9 行.
INFO: Run Behavior\ParseTemplateBehavior [ RunTime:0.007020s ]
INFO: [ view_parse ] --END-- [ RunTime:0.007057s ]
INFO: [ view_filter ] --START--
INFO: Run Behavior\WriteHtmlCacheBehavior [ RunTime:0.000123s ]
INFO: Run Behavior\TokenBuildBehavior [ RunTime:0.000264s ]
INFO: [ view_filter ] --END-- [ RunTime:0.000448s ]
INFO: [ app_end ] --START--
INFO: Run Behavior\ShowPageTraceBehavior [ RunTime:0.000364s ]
INFO: [ app_end ] --END-- [ RunTime:0.000406s ]

[ 2017-08-10T00:02:19+08:00 ] 14.17.37.69 /index.php/Mobile/Index
INFO: [ app_init ] --START--
INFO: Run Behavior\BuildLiteBehavior [ RunTime:0.000013s ]
INFO: [ app_init ] --END-- [ RunTime:0.000242s ]
INFO: [ app_begin ] --START--
INFO: Run Behavior\ReadHtmlCacheBehavior [ RunTime:0.000322s ]
INFO: [ app_begin ] --END-- [ RunTime:0.000365s ]
NOTIC: [2048] Declaration of Mobile\Controller\IndexController::error() should be compatible with Think\Controller::error($message = '', $jumpUrl = '', $ajax = false) /var/www/html/paoding_gemmap/Application/Mobile/Controller/IndexController.class.php 第 8 行.
INFO: [ action_begin ] --START--
INFO: Run Home\Behaviors\siteBehavior [ RunTime:0.000163s ]
INFO: [ action_begin ] --END-- [ RunTime:0.000203s ]
INFO: [ view_begin ] --START--
INFO: Run Home\Behaviors\testBehavior [ RunTime:0.000121s ]
INFO: [ view_begin ] --END-- [ RunTime:0.000167s ]
INFO: [ view_parse ] --START--
INFO: [ template_filter ] --START--
INFO: Run Behavior\ContentReplaceBehavior [ RunTime:0.000090s ]
INFO: [ template_filter ] --END-- [ RunTime:0.000131s ]
NOTIC: [8] Undefined variable: seoTitle /var/www/html/paoding_gemmap/Application/Runtime/Cache/Mobile/287a75ef6074c13750e3b2bdaccd2921.php 第 6 行.
NOTIC: [8] Undefined variable: seoKeywords /var/www/html/paoding_gemmap/Application/Runtime/Cache/Mobile/287a75ef6074c13750e3b2bdaccd2921.php 第 8 行.
NOTIC: [8] Undefined variable: seoDescription /var/www/html/paoding_gemmap/Application/Runtime/Cache/Mobile/287a75ef6074c13750e3b2bdaccd2921.php 第 9 行.
NOTIC: [8] Undefined variable: v /var/www/html/paoding_gemmap/Application/Runtime/Cache/Mobile/287a75ef6074c13750e3b2bdaccd2921.php 第 78 行.
INFO: Run Behavior\ParseTemplateBehavior [ RunTime:0.006465s ]
INFO: [ view_parse ] --END-- [ RunTime:0.006500s ]
INFO: [ view_filter ] --START--
INFO: Run Behavior\WriteHtmlCacheBehavior [ RunTime:0.000148s ]
INFO: Run Behavior\TokenBuildBehavior [ RunTime:0.000251s ]
INFO: [ view_filter ] --END-- [ RunTime:0.000457s ]
INFO: [ app_end ] --START--
INFO: Run Behavior\ShowPageTraceBehavior [ RunTime:0.000406s ]
INFO: [ app_end ] --END-- [ RunTime:0.000448s ]

[ 2017-08-10T00:02:20+08:00 ] 14.17.37.69 /index.php/Mobile/Index
INFO: [ app_init ] --START--
INFO: Run Behavior\BuildLiteBehavior [ RunTime:0.000011s ]
INFO: [ app_init ] --END-- [ RunTime:0.000239s ]
INFO: [ app_begin ] --START--
INFO: Run Behavior\ReadHtmlCacheBehavior [ RunTime:0.001433s ]
INFO: [ app_begin ] --END-- [ RunTime:0.001479s ]
NOTIC: [2048] Declaration of Mobile\Controller\IndexController::error() should be compatible with Think\Controller::error($message = '', $jumpUrl = '', $ajax = false) /var/www/html/paoding_gemmap/Application/Mobile/Controller/IndexController.class.php 第 8 行.
INFO: [ action_begin ] --START--
INFO: Run Home\Behaviors\siteBehavior [ RunTime:0.000211s ]
INFO: [ action_begin ] --END-- [ RunTime:0.000259s ]
INFO: [ view_begin ] --START--
INFO: Run Home\Behaviors\testBehavior [ RunTime:0.000168s ]
INFO: [ view_begin ] --END-- [ RunTime:0.000213s ]
INFO: [ view_parse ] --START--
INFO: [ template_filter ] --START--
INFO: Run Behavior\ContentReplaceBehavior [ RunTime:0.000108s ]
INFO: [ template_filter ] --END-- [ RunTime:0.000155s ]
NOTIC: [8] Undefined variable: seoTitle /var/www/html/paoding_gemmap/Application/Runtime/Cache/Mobile/287a75ef6074c13750e3b2bdaccd2921.php 第 6 行.
NOTIC: [8] Undefined variable: seoKeywords /var/www/html/paoding_gemmap/Application/Runtime/Cache/Mobile/287a75ef6074c13750e3b2bdaccd2921.php 第 8 行.
NOTIC: [8] Undefined variable: seoDescription /var/www/html/paoding_gemmap/Application/Runtime/Cache/Mobile/287a75ef6074c13750e3b2bdaccd2921.php 第 9 行.
NOTIC: [8] Undefined variable: v /var/www/html/paoding_gemmap/Application/Runtime/Cache/Mobile/287a75ef6074c13750e3b2bdaccd2921.php 第 78 行.
INFO: Run Behavior\ParseTemplateBehavior [ RunTime:0.007274s ]
INFO: [ view_parse ] --END-- [ RunTime:0.007310s ]
INFO: [ view_filter ] --START--
INFO: Run Behavior\WriteHtmlCacheBehavior [ RunTime:0.000157s ]
INFO: Run Behavior\TokenBuildBehavior [ RunTime:0.000246s ]
INFO: [ view_filter ] --END-- [ RunTime:0.000462s ]
INFO: [ app_end ] --START--
INFO: Run Behavior\ShowPageTraceBehavior [ RunTime:0.000349s ]
INFO: [ app_end ] --END-- [ RunTime:0.000448s ]

[ 2017-08-10T03:55:00+08:00 ] 101.226.233.158 /index.php/mobile/Index
INFO: [ app_init ] --START--
INFO: Run Behavior\BuildLiteBehavior [ RunTime:0.000014s ]
INFO: [ app_init ] --END-- [ RunTime:0.000251s ]
INFO: [ app_begin ] --START--
INFO: Run Behavior\ReadHtmlCacheBehavior [ RunTime:0.000330s ]
INFO: [ app_begin ] --END-- [ RunTime:0.000374s ]
NOTIC: [2048] Declaration of Mobile\Controller\IndexController::error() should be compatible with Think\Controller::error($message = '', $jumpUrl = '', $ajax = false) /var/www/html/paoding_gemmap/Application/Mobile/Controller/IndexController.class.php 第 8 行.
INFO: [ action_begin ] --START--
INFO: Run Home\Behaviors\siteBehavior [ RunTime:0.007760s ]
INFO: [ action_begin ] --END-- [ RunTime:0.007807s ]
INFO: [ view_begin ] --START--
INFO: Run Home\Behaviors\testBehavior [ RunTime:0.000124s ]
INFO: [ view_begin ] --END-- [ RunTime:0.000185s ]
INFO: [ view_parse ] --START--
INFO: [ template_filter ] --START--
INFO: Run Behavior\ContentReplaceBehavior [ RunTime:0.000092s ]
INFO: [ template_filter ] --END-- [ RunTime:0.000135s ]
NOTIC: [8] Undefined variable: seoTitle /var/www/html/paoding_gemmap/Application/Runtime/Cache/Mobile/287a75ef6074c13750e3b2bdaccd2921.php 第 6 行.
NOTIC: [8] Undefined variable: seoKeywords /var/www/html/paoding_gemmap/Application/Runtime/Cache/Mobile/287a75ef6074c13750e3b2bdaccd2921.php 第 8 行.
NOTIC: [8] Undefined variable: seoDescription /var/www/html/paoding_gemmap/Application/Runtime/Cache/Mobile/287a75ef6074c13750e3b2bdaccd2921.php 第 9 行.
NOTIC: [8] Undefined variable: v /var/www/html/paoding_gemmap/Application/Runtime/Cache/Mobile/287a75ef6074c13750e3b2bdaccd2921.php 第 78 行.
INFO: Run Behavior\ParseTemplateBehavior [ RunTime:0.007161s ]
INFO: [ view_parse ] --END-- [ RunTime:0.007195s ]
INFO: [ view_filter ] --START--
INFO: Run Behavior\WriteHtmlCacheBehavior [ RunTime:0.000106s ]
INFO: Run Behavior\TokenBuildBehavior [ RunTime:0.000236s ]
INFO: [ view_filter ] --END-- [ RunTime:0.000397s ]
INFO: [ app_end ] --START--
INFO: Run Behavior\ShowPageTraceBehavior [ RunTime:0.000338s ]
INFO: [ app_end ] --END-- [ RunTime:0.000437s ]

[ 2017-08-10T03:55:00+08:00 ] 101.226.233.158 /index.php/mobile/Article/data_list/channel/xq
INFO: [ app_init ] --START--
INFO: Run Behavior\BuildLiteBehavior [ RunTime:0.000013s ]
INFO: [ app_init ] --END-- [ RunTime:0.000247s ]
INFO: [ app_begin ] --START--
INFO: Run Behavior\ReadHtmlCacheBehavior [ RunTime:0.000325s ]
INFO: [ app_begin ] --END-- [ RunTime:0.000369s ]
INFO: [ action_begin ] --START--
INFO: Run Home\Behaviors\siteBehavior [ RunTime:0.007898s ]
INFO: [ action_begin ] --END-- [ RunTime:0.007953s ]
NOTIC: [8] Undefined index: userArr /var/www/html/paoding_gemmap/Application/Mobile/Controller/BaseController.class.php 第 68 行.
NOTIC: [8] Undefined index: type /var/www/html/paoding_gemmap/Application/Mobile/Controller/ArticleController.class.php 第 21 行.
NOTIC: [8] Undefined index: order_id /var/www/html/paoding_gemmap/Application/Mobile/Controller/ArticleController.class.php 第 24 行.
INFO: [ view_begin ] --START--
INFO: Run Home\Behaviors\testBehavior [ RunTime:0.000145s ]
INFO: [ view_begin ] --END-- [ RunTime:0.000184s ]
INFO: [ view_parse ] --START--
INFO: [ template_filter ] --START--
INFO: Run Behavior\ContentReplaceBehavior [ RunTime:0.000138s ]
INFO: [ template_filter ] --END-- [ RunTime:0.000195s ]
NOTIC: [8] Undefined variable: seoTitle /var/www/html/paoding_gemmap/Application/Runtime/Cache/Mobile/1724b1f1b079b2a6a957bdf2135918fc.php 第 6 行.
NOTIC: [8] Undefined variable: seoKeywords /var/www/html/paoding_gemmap/Application/Runtime/Cache/Mobile/1724b1f1b079b2a6a957bdf2135918fc.php 第 8 行.
NOTIC: [8] Undefined variable: seoDescription /var/www/html/paoding_gemmap/Application/Runtime/Cache/Mobile/1724b1f1b079b2a6a957bdf2135918fc.php 第 9 行.
NOTIC: [8] Undefined variable: v /var/www/html/paoding_gemmap/Application/Runtime/Cache/Mobile/1724b1f1b079b2a6a957bdf2135918fc.php 第 105 行.
NOTIC: [8] Undefined variable: others /var/www/html/paoding_gemmap/Application/Runtime/Cache/Mobile/1724b1f1b079b2a6a957bdf2135918fc.php 第 126 行.
INFO: Run Behavior\ParseTemplateBehavior [ RunTime:0.010193s ]
INFO: [ view_parse ] --END-- [ RunTime:0.010253s ]
INFO: [ view_filter ] --START--
INFO: Run Behavior\WriteHtmlCacheBehavior [ RunTime:0.000110s ]
INFO: Run Behavior\TokenBuildBehavior [ RunTime:0.000250s ]
INFO: [ view_filter ] --END-- [ RunTime:0.000416s ]
INFO: [ app_end ] --START--
INFO: Run Behavior\ShowPageTraceBehavior [ RunTime:0.000394s ]
INFO: [ app_end ] --END-- [ RunTime:0.000456s ]

[ 2017-08-10T10:45:29+08:00 ] 123.125.67.160 /index.php/Mobile/Article/data_list/channel/js/type/1/data_id/4110
INFO: [ app_init ] --START--
INFO: Run Behavior\BuildLiteBehavior [ RunTime:0.000013s ]
INFO: [ app_init ] --END-- [ RunTime:0.000246s ]
INFO: [ app_begin ] --START--
INFO: Run Behavior\ReadHtmlCacheBehavior [ RunTime:0.000328s ]
INFO: [ app_begin ] --END-- [ RunTime:0.000371s ]
INFO: [ action_begin ] --START--
INFO: Run Home\Behaviors\siteBehavior [ RunTime:0.010433s ]
INFO: [ action_begin ] --END-- [ RunTime:0.010493s ]
NOTIC: [8] Undefined index: userArr /var/www/html/paoding_gemmap/Application/Mobile/Controller/BaseController.class.php 第 68 行.
NOTIC: [8] Undefined index: order_id /var/www/html/paoding_gemmap/Application/Mobile/Controller/ArticleController.class.php 第 24 行.
INFO: [ view_begin ] --START--
INFO: Run Home\Behaviors\testBehavior [ RunTime:0.000123s ]
INFO: [ view_begin ] --END-- [ RunTime:0.000161s ]
INFO: [ view_parse ] --START--
INFO: [ template_filter ] --START--
INFO: Run Behavior\ContentReplaceBehavior [ RunTime:0.000124s ]
INFO: [ template_filter ] --END-- [ RunTime:0.000170s ]
NOTIC: [8] Undefined variable: seoTitle /var/www/html/paoding_gemmap/Application/Runtime/Cache/Mobile/87fb9466112550b26094c6930b0d2671.php 第 6 行.
NOTIC: [8] Undefined variable: seoKeywords /var/www/html/paoding_gemmap/Application/Runtime/Cache/Mobile/87fb9466112550b26094c6930b0d2671.php 第 7 行.
NOTIC: [8] Undefined variable: seoDescription /var/www/html/paoding_gemmap/Application/Runtime/Cache/Mobile/87fb9466112550b26094c6930b0d2671.php 第 9 行.
NOTIC: [8] Undefined variable: v /var/www/html/paoding_gemmap/Application/Runtime/Cache/Mobile/87fb9466112550b26094c6930b0d2671.php 第 106 行.
NOTIC: [8] Undefined variable: others /var/www/html/paoding_gemmap/Application/Runtime/Cache/Mobile/87fb9466112550b26094c6930b0d2671.php 第 127 行.
INFO: Run Behavior\ParseTemplateBehavior [ RunTime:0.023629s ]
INFO: [ view_parse ] --END-- [ RunTime:0.023664s ]
INFO: [ view_filter ] --START--
INFO: Run Behavior\WriteHtmlCacheBehavior [ RunTime:0.000108s ]
INFO: Run Behavior\TokenBuildBehavior [ RunTime:0.000249s ]
INFO: [ view_filter ] --END-- [ RunTime:0.000411s ]
INFO: [ app_end ] --START--
INFO: Run Behavior\ShowPageTraceBehavior [ RunTime:0.000346s ]
INFO: [ app_end ] --END-- [ RunTime:0.000409s ]

[ 2017-08-10T11:10:05+08:00 ] 183.60.52.5 /index.php/mobile/Index
INFO: [ app_init ] --START--
INFO: Run Behavior\BuildLiteBehavior [ RunTime:0.000013s ]
INFO: [ app_init ] --END-- [ RunTime:0.000247s ]
INFO: [ app_begin ] --START--
INFO: Run Behavior\ReadHtmlCacheBehavior [ RunTime:0.000472s ]
INFO: [ app_begin ] --END-- [ RunTime:0.000543s ]
NOTIC: [2048] Declaration of Mobile\Controller\IndexController::error() should be compatible with Think\Controller::error($message = '', $jumpUrl = '', $ajax = false) /var/www/html/paoding_gemmap/Application/Mobile/Controller/IndexController.class.php 第 8 行.
INFO: [ action_begin ] --START--
INFO: Run Home\Behaviors\siteBehavior [ RunTime:0.008042s ]
INFO: [ action_begin ] --END-- [ RunTime:0.008087s ]
INFO: [ view_begin ] --START--
INFO: Run Home\Behaviors\testBehavior [ RunTime:0.000140s ]
INFO: [ view_begin ] --END-- [ RunTime:0.000185s ]
INFO: [ view_parse ] --START--
INFO: [ template_filter ] --START--
INFO: Run Behavior\ContentReplaceBehavior [ RunTime:0.000094s ]
INFO: [ template_filter ] --END-- [ RunTime:0.000135s ]
NOTIC: [8] Undefined variable: seoTitle /var/www/html/paoding_gemmap/Application/Runtime/Cache/Mobile/287a75ef6074c13750e3b2bdaccd2921.php 第 6 行.
NOTIC: [8] Undefined variable: seoKeywords /var/www/html/paoding_gemmap/Application/Runtime/Cache/Mobile/287a75ef6074c13750e3b2bdaccd2921.php 第 8 行.
NOTIC: [8] Undefined variable: seoDescription /var/www/html/paoding_gemmap/Application/Runtime/Cache/Mobile/287a75ef6074c13750e3b2bdaccd2921.php 第 9 行.
NOTIC: [8] Undefined variable: v /var/www/html/paoding_gemmap/Application/Runtime/Cache/Mobile/287a75ef6074c13750e3b2bdaccd2921.php 第 78 行.
INFO: Run Behavior\ParseTemplateBehavior [ RunTime:0.006145s ]
INFO: [ view_parse ] --END-- [ RunTime:0.006179s ]
INFO: [ view_filter ] --START--
INFO: Run Behavior\WriteHtmlCacheBehavior [ RunTime:0.000106s ]
INFO: Run Behavior\TokenBuildBehavior [ RunTime:0.000237s ]
INFO: [ view_filter ] --END-- [ RunTime:0.000403s ]
INFO: [ app_end ] --START--
INFO: Run Behavior\ShowPageTraceBehavior [ RunTime:0.000744s ]
INFO: [ app_end ] --END-- [ RunTime:0.000784s ]

[ 2017-08-10T11:10:13+08:00 ] 183.60.52.5 /index.php/mobile/Article/data_list/channel/xq
INFO: [ app_init ] --START--
INFO: Run Behavior\BuildLiteBehavior [ RunTime:0.000013s ]
INFO: [ app_init ] --END-- [ RunTime:0.000258s ]
INFO: [ app_begin ] --START--
INFO: Run Behavior\ReadHtmlCacheBehavior [ RunTime:0.000441s ]
INFO: [ app_begin ] --END-- [ RunTime:0.000520s ]
INFO: [ action_begin ] --START--
INFO: Run Home\Behaviors\siteBehavior [ RunTime:0.000178s ]
INFO: [ action_begin ] --END-- [ RunTime:0.000231s ]

[ 2017-08-10T11:10:16+08:00 ] 183.60.52.5 /index.php/mobile/Article/data_list/channel/xq
INFO: [ app_init ] --START--
INFO: Run Behavior\BuildLiteBehavior [ RunTime:0.000013s ]
INFO: [ app_init ] --END-- [ RunTime:0.000291s ]
INFO: [ app_begin ] --START--
INFO: Run Behavior\ReadHtmlCacheBehavior [ RunTime:0.000379s ]
INFO: [ app_begin ] --END-- [ RunTime:0.000423s ]
INFO: [ action_begin ] --START--
INFO: Run Home\Behaviors\siteBehavior [ RunTime:0.000164s ]
INFO: [ action_begin ] --END-- [ RunTime:0.000208s ]
NOTIC: [8] Undefined index: type /var/www/html/paoding_gemmap/Application/Mobile/Controller/ArticleController.class.php 第 21 行.
NOTIC: [8] Undefined index: order_id /var/www/html/paoding_gemmap/Application/Mobile/Controller/ArticleController.class.php 第 24 行.
INFO: [ view_begin ] --START--
INFO: Run Home\Behaviors\testBehavior [ RunTime:0.000107s ]
INFO: [ view_begin ] --END-- [ RunTime:0.000150s ]
INFO: [ view_parse ] --START--
INFO: [ template_filter ] --START--
INFO: Run Behavior\ContentReplaceBehavior [ RunTime:0.000154s ]
INFO: [ template_filter ] --END-- [ RunTime:0.000204s ]
NOTIC: [8] Undefined variable: seoTitle /var/www/html/paoding_gemmap/Application/Runtime/Cache/Mobile/1724b1f1b079b2a6a957bdf2135918fc.php 第 6 行.
NOTIC: [8] Undefined variable: seoKeywords /var/www/html/paoding_gemmap/Application/Runtime/Cache/Mobile/1724b1f1b079b2a6a957bdf2135918fc.php 第 8 行.
NOTIC: [8] Undefined variable: seoDescription /var/www/html/paoding_gemmap/Application/Runtime/Cache/Mobile/1724b1f1b079b2a6a957bdf2135918fc.php 第 9 行.
NOTIC: [8] Undefined variable: v /var/www/html/paoding_gemmap/Application/Runtime/Cache/Mobile/1724b1f1b079b2a6a957bdf2135918fc.php 第 105 行.
NOTIC: [8] Undefined variable: others /var/www/html/paoding_gemmap/Application/Runtime/Cache/Mobile/1724b1f1b079b2a6a957bdf2135918fc.php 第 126 行.
INFO: Run Behavior\ParseTemplateBehavior [ RunTime:0.010317s ]
INFO: [ view_parse ] --END-- [ RunTime:0.010353s ]
INFO: [ view_filter ] --START--
INFO: Run Behavior\WriteHtmlCacheBehavior [ RunTime:0.000114s ]
INFO: Run Behavior\TokenBuildBehavior [ RunTime:0.000251s ]
INFO: [ view_filter ] --END-- [ RunTime:0.000422s ]
INFO: [ app_end ] --START--
INFO: Run Behavior\ShowPageTraceBehavior [ RunTime:0.000454s ]
INFO: [ app_end ] --END-- [ RunTime:0.000522s ]

[ 2017-08-10T11:10:46+08:00 ] 101.226.79.182 /index.php/mobile/Article/data_list/channel/xq
INFO: [ app_init ] --START--
INFO: Run Behavior\BuildLiteBehavior [ RunTime:0.000013s ]
INFO: [ app_init ] --END-- [ RunTime:0.000248s ]
INFO: [ app_begin ] --START--
INFO: Run Behavior\ReadHtmlCacheBehavior [ RunTime:0.000494s ]
INFO: [ app_begin ] --END-- [ RunTime:0.000547s ]
INFO: [ action_begin ] --START--
INFO: Run Home\Behaviors\siteBehavior [ RunTime:0.008143s ]
INFO: [ action_begin ] --END-- [ RunTime:0.008193s ]

[ 2017-08-10T12:28:36+08:00 ] 219.133.40.16 /index.php/mobile/Index
INFO: [ app_init ] --START--
INFO: Run Behavior\BuildLiteBehavior [ RunTime:0.000013s ]
INFO: [ app_init ] --END-- [ RunTime:0.000250s ]
INFO: [ app_begin ] --START--
INFO: Run Behavior\ReadHtmlCacheBehavior [ RunTime:0.000328s ]
INFO: [ app_begin ] --END-- [ RunTime:0.000373s ]
NOTIC: [2048] Declaration of Mobile\Controller\IndexController::error() should be compatible with Think\Controller::error($message = '', $jumpUrl = '', $ajax = false) /var/www/html/paoding_gemmap/Application/Mobile/Controller/IndexController.class.php 第 8 行.
INFO: [ action_begin ] --START--
INFO: Run Home\Behaviors\siteBehavior [ RunTime:0.007846s ]
INFO: [ action_begin ] --END-- [ RunTime:0.007895s ]
INFO: [ view_begin ] --START--
INFO: Run Home\Behaviors\testBehavior [ RunTime:0.000101s ]
INFO: [ view_begin ] --END-- [ RunTime:0.000145s ]
INFO: [ view_parse ] --START--
INFO: [ template_filter ] --START--
INFO: Run Behavior\ContentReplaceBehavior [ RunTime:0.000113s ]
INFO: [ template_filter ] --END-- [ RunTime:0.000159s ]
NOTIC: [8] Undefined variable: seoTitle /var/www/html/paoding_gemmap/Application/Runtime/Cache/Mobile/287a75ef6074c13750e3b2bdaccd2921.php 第 6 行.
NOTIC: [8] Undefined variable: seoKeywords /var/www/html/paoding_gemmap/Application/Runtime/Cache/Mobile/287a75ef6074c13750e3b2bdaccd2921.php 第 8 行.
NOTIC: [8] Undefined variable: seoDescription /var/www/html/paoding_gemmap/Application/Runtime/Cache/Mobile/287a75ef6074c13750e3b2bdaccd2921.php 第 9 行.
NOTIC: [8] Undefined variable: v /var/www/html/paoding_gemmap/Application/Runtime/Cache/Mobile/287a75ef6074c13750e3b2bdaccd2921.php 第 78 行.
INFO: Run Behavior\ParseTemplateBehavior [ RunTime:0.006192s ]
INFO: [ view_parse ] --END-- [ RunTime:0.006227s ]
INFO: [ view_filter ] --START--
INFO: Run Behavior\WriteHtmlCacheBehavior [ RunTime:0.000107s ]
INFO: Run Behavior\TokenBuildBehavior [ RunTime:0.000344s ]
INFO: [ view_filter ] --END-- [ RunTime:0.000510s ]
INFO: [ app_end ] --START--
INFO: Run Behavior\ShowPageTraceBehavior [ RunTime:0.000355s ]
INFO: [ app_end ] --END-- [ RunTime:0.000396s ]

[ 2017-08-10T12:32:55+08:00 ] 101.226.66.172 /index.php/mobile/Index
INFO: [ app_init ] --START--
INFO: Run Behavior\BuildLiteBehavior [ RunTime:0.000018s ]
INFO: [ app_init ] --END-- [ RunTime:0.000312s ]
INFO: [ app_begin ] --START--
INFO: Run Behavior\ReadHtmlCacheBehavior [ RunTime:0.000358s ]
INFO: [ app_begin ] --END-- [ RunTime:0.000400s ]
NOTIC: [2048] Declaration of Mobile\Controller\IndexController::error() should be compatible with Think\Controller::error($message = '', $jumpUrl = '', $ajax = false) /var/www/html/paoding_gemmap/Application/Mobile/Controller/IndexController.class.php 第 8 行.
INFO: [ action_begin ] --START--
INFO: Run Home\Behaviors\siteBehavior [ RunTime:0.008058s ]
INFO: [ action_begin ] --END-- [ RunTime:0.008103s ]
INFO: [ view_begin ] --START--
INFO: Run Home\Behaviors\testBehavior [ RunTime:0.000121s ]
INFO: [ view_begin ] --END-- [ RunTime:0.000166s ]
INFO: [ view_parse ] --START--
INFO: [ template_filter ] --START--
INFO: Run Behavior\ContentReplaceBehavior [ RunTime:0.000091s ]
INFO: [ template_filter ] --END-- [ RunTime:0.000132s ]
NOTIC: [8] Undefined variable: seoTitle /var/www/html/paoding_gemmap/Application/Runtime/Cache/Mobile/287a75ef6074c13750e3b2bdaccd2921.php 第 6 行.
NOTIC: [8] Undefined variable: seoKeywords /var/www/html/paoding_gemmap/Application/Runtime/Cache/Mobile/287a75ef6074c13750e3b2bdaccd2921.php 第 8 行.
NOTIC: [8] Undefined variable: seoDescription /var/www/html/paoding_gemmap/Application/Runtime/Cache/Mobile/287a75ef6074c13750e3b2bdaccd2921.php 第 9 行.
NOTIC: [8] Undefined variable: v /var/www/html/paoding_gemmap/Application/Runtime/Cache/Mobile/287a75ef6074c13750e3b2bdaccd2921.php 第 78 行.
INFO: Run Behavior\ParseTemplateBehavior [ RunTime:0.006295s ]
INFO: [ view_parse ] --END-- [ RunTime:0.006329s ]
INFO: [ view_filter ] --START--
INFO: Run Behavior\WriteHtmlCacheBehavior [ RunTime:0.000108s ]
INFO: Run Behavior\TokenBuildBehavior [ RunTime:0.000241s ]
INFO: [ view_filter ] --END-- [ RunTime:0.000405s ]
INFO: [ app_end ] --START--
INFO: Run Behavior\ShowPageTraceBehavior [ RunTime:0.000383s ]
INFO: [ app_end ] --END-- [ RunTime:0.000446s ]

[ 2017-08-10T12:57:49+08:00 ] 183.61.51.226 /index.php/mobile/Index
INFO: [ app_init ] --START--
INFO: Run Behavior\BuildLiteBehavior [ RunTime:0.000013s ]
INFO: [ app_init ] --END-- [ RunTime:0.000251s ]
INFO: [ app_begin ] --START--
INFO: Run Behavior\ReadHtmlCacheBehavior [ RunTime:0.000323s ]
INFO: [ app_begin ] --END-- [ RunTime:0.000366s ]
NOTIC: [2048] Declaration of Mobile\Controller\IndexController::error() should be compatible with Think\Controller::error($message = '', $jumpUrl = '', $ajax = false) /var/www/html/paoding_gemmap/Application/Mobile/Controller/IndexController.class.php 第 8 行.
INFO: [ action_begin ] --START--
INFO: Run Home\Behaviors\siteBehavior [ RunTime:0.007867s ]
INFO: [ action_begin ] --END-- [ RunTime:0.007910s ]
INFO: [ view_begin ] --START--
INFO: Run Home\Behaviors\testBehavior [ RunTime:0.000095s ]
INFO: [ view_begin ] --END-- [ RunTime:0.000139s ]
INFO: [ view_parse ] --START--
INFO: [ template_filter ] --START--
INFO: Run Behavior\ContentReplaceBehavior [ RunTime:0.000092s ]
INFO: [ template_filter ] --END-- [ RunTime:0.000133s ]
NOTIC: [8] Undefined variable: seoTitle /var/www/html/paoding_gemmap/Application/Runtime/Cache/Mobile/287a75ef6074c13750e3b2bdaccd2921.php 第 6 行.
NOTIC: [8] Undefined variable: seoKeywords /var/www/html/paoding_gemmap/Application/Runtime/Cache/Mobile/287a75ef6074c13750e3b2bdaccd2921.php 第 8 行.
NOTIC: [8] Undefined variable: seoDescription /var/www/html/paoding_gemmap/Application/Runtime/Cache/Mobile/287a75ef6074c13750e3b2bdaccd2921.php 第 9 行.
NOTIC: [8] Undefined variable: v /var/www/html/paoding_gemmap/Application/Runtime/Cache/Mobile/287a75ef6074c13750e3b2bdaccd2921.php 第 78 行.
INFO: Run Behavior\ParseTemplateBehavior [ RunTime:0.006148s ]
INFO: [ view_parse ] --END-- [ RunTime:0.006184s ]
INFO: [ view_filter ] --START--
INFO: Run Behavior\WriteHtmlCacheBehavior [ RunTime:0.000147s ]
INFO: Run Behavior\TokenBuildBehavior [ RunTime:0.000239s ]
INFO: [ view_filter ] --END-- [ RunTime:0.000442s ]
INFO: [ app_end ] --START--
INFO: Run Behavior\ShowPageTraceBehavior [ RunTime:0.000411s ]
INFO: [ app_end ] --END-- [ RunTime:0.000452s ]

[ 2017-08-10T12:57:59+08:00 ] 101.226.33.205 /index.php/mobile/Index
INFO: [ app_init ] --START--
INFO: Run Behavior\BuildLiteBehavior [ RunTime:0.000014s ]
INFO: [ app_init ] --END-- [ RunTime:0.000302s ]
INFO: [ app_begin ] --START--
INFO: Run Behavior\ReadHtmlCacheBehavior [ RunTime:0.000371s ]
INFO: [ app_begin ] --END-- [ RunTime:0.000415s ]
NOTIC: [2048] Declaration of Mobile\Controller\IndexController::error() should be compatible with Think\Controller::error($message = '', $jumpUrl = '', $ajax = false) /var/www/html/paoding_gemmap/Application/Mobile/Controller/IndexController.class.php 第 8 行.
INFO: [ action_begin ] --START--
INFO: Run Home\Behaviors\siteBehavior [ RunTime:0.007727s ]
INFO: [ action_begin ] --END-- [ RunTime:0.007815s ]
INFO: [ view_begin ] --START--
INFO: Run Home\Behaviors\testBehavior [ RunTime:0.000120s ]
INFO: [ view_begin ] --END-- [ RunTime:0.000164s ]
INFO: [ view_parse ] --START--
INFO: [ template_filter ] --START--
INFO: Run Behavior\ContentReplaceBehavior [ RunTime:0.000094s ]
INFO: [ template_filter ] --END-- [ RunTime:0.000139s ]
NOTIC: [8] Undefined variable: seoTitle /var/www/html/paoding_gemmap/Application/Runtime/Cache/Mobile/287a75ef6074c13750e3b2bdaccd2921.php 第 6 行.
NOTIC: [8] Undefined variable: seoKeywords /var/www/html/paoding_gemmap/Application/Runtime/Cache/Mobile/287a75ef6074c13750e3b2bdaccd2921.php 第 8 行.
NOTIC: [8] Undefined variable: seoDescription /var/www/html/paoding_gemmap/Application/Runtime/Cache/Mobile/287a75ef6074c13750e3b2bdaccd2921.php 第 9 行.
NOTIC: [8] Undefined variable: v /var/www/html/paoding_gemmap/Application/Runtime/Cache/Mobile/287a75ef6074c13750e3b2bdaccd2921.php 第 78 行.
INFO: Run Behavior\ParseTemplateBehavior [ RunTime:0.006363s ]
INFO: [ view_parse ] --END-- [ RunTime:0.006397s ]
INFO: [ view_filter ] --START--
INFO: Run Behavior\WriteHtmlCacheBehavior [ RunTime:0.000109s ]
INFO: Run Behavior\TokenBuildBehavior [ RunTime:0.000241s ]
INFO: [ view_filter ] --END-- [ RunTime:0.000406s ]
INFO: [ app_end ] --START--
INFO: Run Behavior\ShowPageTraceBehavior [ RunTime:0.000450s ]
INFO: [ app_end ] --END-- [ RunTime:0.000491s ]

[ 2017-08-10T12:58:08+08:00 ] 183.61.51.226 /index.php/Mobile/Article/data_list/channel/js/type/1/data_id/4109
INFO: [ app_init ] --START--
INFO: Run Behavior\BuildLiteBehavior [ RunTime:0.000013s ]
INFO: [ app_init ] --END-- [ RunTime:0.000247s ]
INFO: [ app_begin ] --START--
INFO: Run Behavior\ReadHtmlCacheBehavior [ RunTime:0.000325s ]
INFO: [ app_begin ] --END-- [ RunTime:0.000367s ]
INFO: [ action_begin ] --START--
INFO: Run Home\Behaviors\siteBehavior [ RunTime:0.000205s ]
INFO: [ action_begin ] --END-- [ RunTime:0.000249s ]

[ 2017-08-10T12:58:12+08:00 ] 183.61.51.226 /index.php/Mobile/Article/data_list/channel/js/type/1/data_id/4109
INFO: [ app_init ] --START--
INFO: Run Behavior\BuildLiteBehavior [ RunTime:0.000015s ]
INFO: [ app_init ] --END-- [ RunTime:0.000257s ]
INFO: [ app_begin ] --START--
INFO: Run Behavior\ReadHtmlCacheBehavior [ RunTime:0.000372s ]
INFO: [ app_begin ] --END-- [ RunTime:0.000417s ]
INFO: [ action_begin ] --START--
INFO: Run Home\Behaviors\siteBehavior [ RunTime:0.000175s ]
INFO: [ action_begin ] --END-- [ RunTime:0.000232s ]
NOTIC: [8] Undefined index: order_id /var/www/html/paoding_gemmap/Application/Mobile/Controller/ArticleController.class.php 第 24 行.
INFO: [ view_begin ] --START--
INFO: Run Home\Behaviors\testBehavior [ RunTime:0.000144s ]
INFO: [ view_begin ] --END-- [ RunTime:0.000188s ]
INFO: [ view_parse ] --START--
INFO: [ template_filter ] --START--
INFO: Run Behavior\ContentReplaceBehavior [ RunTime:0.000123s ]
INFO: [ template_filter ] --END-- [ RunTime:0.000166s ]
NOTIC: [8] Undefined variable: seoTitle /var/www/html/paoding_gemmap/Application/Runtime/Cache/Mobile/87fb9466112550b26094c6930b0d2671.php 第 6 行.
NOTIC: [8] Undefined variable: seoKeywords /var/www/html/paoding_gemmap/Application/Runtime/Cache/Mobile/87fb9466112550b26094c6930b0d2671.php 第 7 行.
NOTIC: [8] Undefined variable: seoDescription /var/www/html/paoding_gemmap/Application/Runtime/Cache/Mobile/87fb9466112550b26094c6930b0d2671.php 第 9 行.
NOTIC: [8] Undefined variable: v /var/www/html/paoding_gemmap/Application/Runtime/Cache/Mobile/87fb9466112550b26094c6930b0d2671.php 第 106 行.
NOTIC: [8] Undefined variable: others /var/www/html/paoding_gemmap/Application/Runtime/Cache/Mobile/87fb9466112550b26094c6930b0d2671.php 第 127 行.
INFO: Run Behavior\ParseTemplateBehavior [ RunTime:0.009801s ]
INFO: [ view_parse ] --END-- [ RunTime:0.009838s ]
INFO: [ view_filter ] --START--
INFO: Run Behavior\WriteHtmlCacheBehavior [ RunTime:0.000111s ]
INFO: Run Behavior\TokenBuildBehavior [ RunTime:0.000263s ]
INFO: [ view_filter ] --END-- [ RunTime:0.000431s ]
INFO: [ app_end ] --START--
INFO: Run Behavior\ShowPageTraceBehavior [ RunTime:0.000384s ]
INFO: [ app_end ] --END-- [ RunTime:0.000448s ]

[ 2017-08-10T12:58:18+08:00 ] 101.226.125.103 /index.php/Mobile/Article/data_list/channel/js/type/1/data_id/4109
INFO: [ app_init ] --START--
INFO: Run Behavior\BuildLiteBehavior [ RunTime:0.000013s ]
INFO: [ app_init ] --END-- [ RunTime:0.000246s ]
INFO: [ app_begin ] --START--
INFO: Run Behavior\ReadHtmlCacheBehavior [ RunTime:0.000335s ]
INFO: [ app_begin ] --END-- [ RunTime:0.000422s ]
INFO: [ action_begin ] --START--
INFO: Run Home\Behaviors\siteBehavior [ RunTime:0.007816s ]
INFO: [ action_begin ] --END-- [ RunTime:0.007866s ]

[ 2017-08-10T12:58:22+08:00 ] 183.61.51.226 /index.php/Mobile/Article/detail/channel/js/type/1/data_id/4109
INFO: [ app_init ] --START--
INFO: Run Behavior\BuildLiteBehavior [ RunTime:0.000013s ]
INFO: [ app_init ] --END-- [ RunTime:0.000247s ]
INFO: [ app_begin ] --START--
INFO: Run Behavior\ReadHtmlCacheBehavior [ RunTime:0.000331s ]
INFO: [ app_begin ] --END-- [ RunTime:0.000375s ]
INFO: [ action_begin ] --START--
INFO: Run Home\Behaviors\siteBehavior [ RunTime:0.000205s ]
INFO: [ action_begin ] --END-- [ RunTime:0.000251s ]
INFO: [ view_begin ] --START--
INFO: Run Home\Behaviors\testBehavior [ RunTime:0.000111s ]
INFO: [ view_begin ] --END-- [ RunTime:0.000166s ]
INFO: [ view_parse ] --START--
INFO: [ template_filter ] --START--
INFO: Run Behavior\ContentReplaceBehavior [ RunTime:0.000086s ]
INFO: [ template_filter ] --END-- [ RunTime:0.000136s ]
NOTIC: [8] Undefined variable: seoTitle /var/www/html/paoding_gemmap/Application/Runtime/Cache/Mobile/ed59a97ccb50d95fe1f9914625d564c5.php 第 6 行.
NOTIC: [8] Undefined variable: seoKeywords /var/www/html/paoding_gemmap/Application/Runtime/Cache/Mobile/ed59a97ccb50d95fe1f9914625d564c5.php 第 7 行.
NOTIC: [8] Undefined variable: seoDescription /var/www/html/paoding_gemmap/Application/Runtime/Cache/Mobile/ed59a97ccb50d95fe1f9914625d564c5.php 第 9 行.
NOTIC: [8] Undefined variable: info /var/www/html/paoding_gemmap/Application/Runtime/Cache/Mobile/ed59a97ccb50d95fe1f9914625d564c5.php 第 79 行.
NOTIC: [8] Undefined variable: signPackage /var/www/html/paoding_gemmap/Application/Runtime/Cache/Mobile/ed59a97ccb50d95fe1f9914625d564c5.php 第 176 行.
NOTIC: [8] Undefined variable: signPackage /var/www/html/paoding_gemmap/Application/Runtime/Cache/Mobile/ed59a97ccb50d95fe1f9914625d564c5.php 第 177 行.
NOTIC: [8] Undefined variable: signPackage /var/www/html/paoding_gemmap/Application/Runtime/Cache/Mobile/ed59a97ccb50d95fe1f9914625d564c5.php 第 178 行.
NOTIC: [8] Undefined variable: signPackage /var/www/html/paoding_gemmap/Application/Runtime/Cache/Mobile/ed59a97ccb50d95fe1f9914625d564c5.php 第 179 行.
NOTIC: [8] Undefined variable: share /var/www/html/paoding_gemmap/Application/Runtime/Cache/Mobile/ed59a97ccb50d95fe1f9914625d564c5.php 第 203 行.
NOTIC: [8] Undefined variable: share /var/www/html/paoding_gemmap/Application/Runtime/Cache/Mobile/ed59a97ccb50d95fe1f9914625d564c5.php 第 204 行.
NOTIC: [8] Undefined variable: signPackage /var/www/html/paoding_gemmap/Application/Runtime/Cache/Mobile/ed59a97ccb50d95fe1f9914625d564c5.php 第 205 行.
NOTIC: [8] Undefined variable: area_name /var/www/html/paoding_gemmap/Application/Runtime/Cache/Mobile/ed59a97ccb50d95fe1f9914625d564c5.php 第 206 行.
NOTIC: [8] Undefined variable: share /var/www/html/paoding_gemmap/Application/Runtime/Cache/Mobile/ed59a97ccb50d95fe1f9914625d564c5.php 第 206 行.
NOTIC: [8] Undefined variable: share /var/www/html/paoding_gemmap/Application/Runtime/Cache/Mobile/ed59a97ccb50d95fe1f9914625d564c5.php 第 226 行.
NOTIC: [8] Undefined variable: share /var/www/html/paoding_gemmap/Application/Runtime/Cache/Mobile/ed59a97ccb50d95fe1f9914625d564c5.php 第 227 行.
NOTIC: [8] Undefined variable: signPackage /var/www/html/paoding_gemmap/Application/Runtime/Cache/Mobile/ed59a97ccb50d95fe1f9914625d564c5.php 第 228 行.
NOTIC: [8] Undefined variable: area_name /var/www/html/paoding_gemmap/Application/Runtime/Cache/Mobile/ed59a97ccb50d95fe1f9914625d564c5.php 第 229 行.
NOTIC: [8] Undefined variable: share /var/www/html/paoding_gemmap/Application/Runtime/Cache/Mobile/ed59a97ccb50d95fe1f9914625d564c5.php 第 229 行.
NOTIC: [8] Undefined variable: share /var/www/html/paoding_gemmap/Application/Runtime/Cache/Mobile/ed59a97ccb50d95fe1f9914625d564c5.php 第 249 行.
NOTIC: [8] Undefined variable: share /var/www/html/paoding_gemmap/Application/Runtime/Cache/Mobile/ed59a97ccb50d95fe1f9914625d564c5.php 第 250 行.
NOTIC: [8] Undefined variable: signPackage /var/www/html/paoding_gemmap/Application/Runtime/Cache/Mobile/ed59a97ccb50d95fe1f9914625d564c5.php 第 251 行.
NOTIC: [8] Undefined variable: area_name /var/www/html/paoding_gemmap/Application/Runtime/Cache/Mobile/ed59a97ccb50d95fe1f9914625d564c5.php 第 252 行.
NOTIC: [8] Undefined variable: share /var/www/html/paoding_gemmap/Application/Runtime/Cache/Mobile/ed59a97ccb50d95fe1f9914625d564c5.php 第 252 行.
NOTIC: [8] Undefined variable: share /var/www/html/paoding_gemmap/Application/Runtime/Cache/Mobile/ed59a97ccb50d95fe1f9914625d564c5.php 第 272 行.
NOTIC: [8] Undefined variable: share /var/www/html/paoding_gemmap/Application/Runtime/Cache/Mobile/ed59a97ccb50d95fe1f9914625d564c5.php 第 273 行.
NOTIC: [8] Undefined variable: signPackage /var/www/html/paoding_gemmap/Application/Runtime/Cache/Mobile/ed59a97ccb50d95fe1f9914625d564c5.php 第 274 行.
NOTIC: [8] Undefined variable: area_name /var/www/html/paoding_gemmap/Application/Runtime/Cache/Mobile/ed59a97ccb50d95fe1f9914625d564c5.php 第 275 行.
NOTIC: [8] Undefined variable: share /var/www/html/paoding_gemmap/Application/Runtime/Cache/Mobile/ed59a97ccb50d95fe1f9914625d564c5.php 第 275 行.
NOTIC: [8] Undefined variable: share /var/www/html/paoding_gemmap/Application/Runtime/Cache/Mobile/ed59a97ccb50d95fe1f9914625d564c5.php 第 295 行.
NOTIC: [8] Undefined variable: share /var/www/html/paoding_gemmap/Application/Runtime/Cache/Mobile/ed59a97ccb50d95fe1f9914625d564c5.php 第 296 行.
NOTIC: [8] Undefined variable: signPackage /var/www/html/paoding_gemmap/Application/Runtime/Cache/Mobile/ed59a97ccb50d95fe1f9914625d564c5.php 第 297 行.
NOTIC: [8] Undefined variable: area_name /var/www/html/paoding_gemmap/Application/Runtime/Cache/Mobile/ed59a97ccb50d95fe1f9914625d564c5.php 第 298 行.
NOTIC: [8] Undefined variable: share /var/www/html/paoding_gemmap/Application/Runtime/Cache/Mobile/ed59a97ccb50d95fe1f9914625d564c5.php 第 298 行.
INFO: Run Behavior\ParseTemplateBehavior [ RunTime:0.030030s ]
INFO: [ view_parse ] --END-- [ RunTime:0.030067s ]
INFO: [ view_filter ] --START--
INFO: Run Behavior\WriteHtmlCacheBehavior [ RunTime:0.000109s ]
INFO: Run Behavior\TokenBuildBehavior [ RunTime:0.000285s ]
INFO: [ view_filter ] --END-- [ RunTime:0.000451s ]
INFO: [ app_end ] --START--
INFO: Run Behavior\ShowPageTraceBehavior [ RunTime:0.000341s ]
INFO: [ app_end ] --END-- [ RunTime:0.000412s ]

[ 2017-08-10T12:58:33+08:00 ] 125.95.207.187 /index.php/mobile/Index
INFO: [ app_init ] --START--
INFO: Run Behavior\BuildLiteBehavior [ RunTime:0.000013s ]
INFO: [ app_init ] --END-- [ RunTime:0.000295s ]
INFO: [ app_begin ] --START--
INFO: Run Behavior\ReadHtmlCacheBehavior [ RunTime:0.000320s ]
INFO: [ app_begin ] --END-- [ RunTime:0.000363s ]
NOTIC: [2048] Declaration of Mobile\Controller\IndexController::error() should be compatible with Think\Controller::error($message = '', $jumpUrl = '', $ajax = false) /var/www/html/paoding_gemmap/Application/Mobile/Controller/IndexController.class.php 第 8 行.
INFO: [ action_begin ] --START--
INFO: Run Home\Behaviors\siteBehavior [ RunTime:0.007801s ]
INFO: [ action_begin ] --END-- [ RunTime:0.007847s ]
INFO: [ view_begin ] --START--
INFO: Run Home\Behaviors\testBehavior [ RunTime:0.000114s ]
INFO: [ view_begin ] --END-- [ RunTime:0.000156s ]
INFO: [ view_parse ] --START--
INFO: [ template_filter ] --START--
INFO: Run Behavior\ContentReplaceBehavior [ RunTime:0.000116s ]
INFO: [ template_filter ] --END-- [ RunTime:0.000160s ]
NOTIC: [8] Undefined variable: seoTitle /var/www/html/paoding_gemmap/Application/Runtime/Cache/Mobile/287a75ef6074c13750e3b2bdaccd2921.php 第 6 行.
NOTIC: [8] Undefined variable: seoKeywords /var/www/html/paoding_gemmap/Application/Runtime/Cache/Mobile/287a75ef6074c13750e3b2bdaccd2921.php 第 8 行.
NOTIC: [8] Undefined variable: seoDescription /var/www/html/paoding_gemmap/Application/Runtime/Cache/Mobile/287a75ef6074c13750e3b2bdaccd2921.php 第 9 行.
NOTIC: [8] Undefined variable: v /var/www/html/paoding_gemmap/Application/Runtime/Cache/Mobile/287a75ef6074c13750e3b2bdaccd2921.php 第 78 行.
INFO: Run Behavior\ParseTemplateBehavior [ RunTime:0.006158s ]
INFO: [ view_parse ] --END-- [ RunTime:0.006191s ]
INFO: [ view_filter ] --START--
INFO: Run Behavior\WriteHtmlCacheBehavior [ RunTime:0.000109s ]
INFO: Run Behavior\TokenBuildBehavior [ RunTime:0.000278s ]
INFO: [ view_filter ] --END-- [ RunTime:0.000444s ]
INFO: [ app_end ] --START--
INFO: Run Behavior\ShowPageTraceBehavior [ RunTime:0.000353s ]
INFO: [ app_end ] --END-- [ RunTime:0.000394s ]

[ 2017-08-10T13:00:30+08:00 ] 150.70.188.175 /index.php/mobile/Index
INFO: [ app_init ] --START--
INFO: Run Behavior\BuildLiteBehavior [ RunTime:0.000012s ]
INFO: [ app_init ] --END-- [ RunTime:0.000236s ]
INFO: [ app_begin ] --START--
INFO: Run Behavior\ReadHtmlCacheBehavior [ RunTime:0.001379s ]
INFO: [ app_begin ] --END-- [ RunTime:0.001422s ]
NOTIC: [2048] Declaration of Mobile\Controller\IndexController::error() should be compatible with Think\Controller::error($message = '', $jumpUrl = '', $ajax = false) /var/www/html/paoding_gemmap/Application/Mobile/Controller/IndexController.class.php 第 8 行.
INFO: [ action_begin ] --START--
INFO: Run Home\Behaviors\siteBehavior [ RunTime:0.023991s ]
INFO: [ action_begin ] --END-- [ RunTime:0.024042s ]
INFO: [ view_begin ] --START--
INFO: Run Home\Behaviors\testBehavior [ RunTime:0.000097s ]
INFO: [ view_begin ] --END-- [ RunTime:0.000139s ]
INFO: [ view_parse ] --START--
INFO: [ template_filter ] --START--
INFO: Run Behavior\ContentReplaceBehavior [ RunTime:0.000095s ]
INFO: [ template_filter ] --END-- [ RunTime:0.000140s ]
NOTIC: [8] Undefined variable: seoTitle /var/www/html/paoding_gemmap/Application/Runtime/Cache/Mobile/287a75ef6074c13750e3b2bdaccd2921.php 第 6 行.
NOTIC: [8] Undefined variable: seoKeywords /var/www/html/paoding_gemmap/Application/Runtime/Cache/Mobile/287a75ef6074c13750e3b2bdaccd2921.php 第 8 行.
NOTIC: [8] Undefined variable: seoDescription /var/www/html/paoding_gemmap/Application/Runtime/Cache/Mobile/287a75ef6074c13750e3b2bdaccd2921.php 第 9 行.
NOTIC: [8] Undefined variable: v /var/www/html/paoding_gemmap/Application/Runtime/Cache/Mobile/287a75ef6074c13750e3b2bdaccd2921.php 第 78 行.
INFO: Run Behavior\ParseTemplateBehavior [ RunTime:0.020021s ]
INFO: [ view_parse ] --END-- [ RunTime:0.020058s ]
INFO: [ view_filter ] --START--
INFO: Run Behavior\WriteHtmlCacheBehavior [ RunTime:0.000119s ]
INFO: Run Behavior\TokenBuildBehavior [ RunTime:0.000273s ]
INFO: [ view_filter ] --END-- [ RunTime:0.000454s ]
INFO: [ app_end ] --START--
INFO: Run Behavior\ShowPageTraceBehavior [ RunTime:0.001240s ]
INFO: [ app_end ] --END-- [ RunTime:0.001316s ]

[ 2017-08-10T13:13:32+08:00 ] 101.226.89.120 /index.php/Mobile/Article/detail/channel/js/type/1/data_id/4109
INFO: [ app_init ] --START--
INFO: Run Behavior\BuildLiteBehavior [ RunTime:0.000020s ]
INFO: [ app_init ] --END-- [ RunTime:0.000426s ]
INFO: [ app_begin ] --START--
INFO: Run Behavior\ReadHtmlCacheBehavior [ RunTime:0.000601s ]
INFO: [ app_begin ] --END-- [ RunTime:0.000646s ]
INFO: [ action_begin ] --START--
INFO: Run Home\Behaviors\siteBehavior [ RunTime:0.008907s ]
INFO: [ action_begin ] --END-- [ RunTime:0.008975s ]

[ 2017-08-10T13:44:54+08:00 ] 112.17.235.144 /index.php/mobile/Article/data_list/channel/xq
INFO: [ app_init ] --START--
INFO: Run Behavior\BuildLiteBehavior [ RunTime:0.000014s ]
INFO: [ app_init ] --END-- [ RunTime:0.000268s ]
INFO: [ app_begin ] --START--
INFO: Run Behavior\ReadHtmlCacheBehavior [ RunTime:0.000341s ]
INFO: [ app_begin ] --END-- [ RunTime:0.000391s ]
INFO: [ action_begin ] --START--
INFO: Run Home\Behaviors\siteBehavior [ RunTime:0.008221s ]
INFO: [ action_begin ] --END-- [ RunTime:0.008281s ]

[ 2017-08-10T13:44:57+08:00 ] 112.17.235.144 /index.php/mobile/Article/data_list/channel/xq
INFO: [ app_init ] --START--
INFO: Run Behavior\BuildLiteBehavior [ RunTime:0.000012s ]
INFO: [ app_init ] --END-- [ RunTime:0.000247s ]
INFO: [ app_begin ] --START--
INFO: Run Behavior\ReadHtmlCacheBehavior [ RunTime:0.000321s ]
INFO: [ app_begin ] --END-- [ RunTime:0.000364s ]
INFO: [ action_begin ] --START--
INFO: Run Home\Behaviors\siteBehavior [ RunTime:0.000166s ]
INFO: [ action_begin ] --END-- [ RunTime:0.000211s ]
NOTIC: [8] Undefined index: type /var/www/html/paoding_gemmap/Application/Mobile/Controller/ArticleController.class.php 第 21 行.
NOTIC: [8] Undefined index: order_id /var/www/html/paoding_gemmap/Application/Mobile/Controller/ArticleController.class.php 第 24 行.
INFO: [ view_begin ] --START--
INFO: Run Home\Behaviors\testBehavior [ RunTime:0.000094s ]
INFO: [ view_begin ] --END-- [ RunTime:0.000178s ]
INFO: [ view_parse ] --START--
INFO: [ template_filter ] --START--
INFO: Run Behavior\ContentReplaceBehavior [ RunTime:0.000127s ]
INFO: [ template_filter ] --END-- [ RunTime:0.000171s ]
NOTIC: [8] Undefined variable: seoTitle /var/www/html/paoding_gemmap/Application/Runtime/Cache/Mobile/1724b1f1b079b2a6a957bdf2135918fc.php 第 6 行.
NOTIC: [8] Undefined variable: seoKeywords /var/www/html/paoding_gemmap/Application/Runtime/Cache/Mobile/1724b1f1b079b2a6a957bdf2135918fc.php 第 8 行.
NOTIC: [8] Undefined variable: seoDescription /var/www/html/paoding_gemmap/Application/Runtime/Cache/Mobile/1724b1f1b079b2a6a957bdf2135918fc.php 第 9 行.
NOTIC: [8] Undefined variable: v /var/www/html/paoding_gemmap/Application/Runtime/Cache/Mobile/1724b1f1b079b2a6a957bdf2135918fc.php 第 105 行.
NOTIC: [8] Undefined variable: others /var/www/html/paoding_gemmap/Application/Runtime/Cache/Mobile/1724b1f1b079b2a6a957bdf2135918fc.php 第 126 行.
INFO: Run Behavior\ParseTemplateBehavior [ RunTime:0.010022s ]
INFO: [ view_parse ] --END-- [ RunTime:0.010058s ]
INFO: [ view_filter ] --START--
INFO: Run Behavior\WriteHtmlCacheBehavior [ RunTime:0.000107s ]
INFO: Run Behavior\TokenBuildBehavior [ RunTime:0.000243s ]
INFO: [ view_filter ] --END-- [ RunTime:0.000408s ]
INFO: [ app_end ] --START--
INFO: Run Behavior\ShowPageTraceBehavior [ RunTime:0.000374s ]
INFO: [ app_end ] --END-- [ RunTime:0.000438s ]

[ 2017-08-10T13:45:30+08:00 ] 112.17.235.144 /index.php/Mobile/Article/detail/channel/xq/type/1/data_id/50
INFO: [ app_init ] --START--
INFO: Run Behavior\BuildLiteBehavior [ RunTime:0.000013s ]
INFO: [ app_init ] --END-- [ RunTime:0.000252s ]
INFO: [ app_begin ] --START--
INFO: Run Behavior\ReadHtmlCacheBehavior [ RunTime:0.000346s ]
INFO: [ app_begin ] --END-- [ RunTime:0.000393s ]
INFO: [ action_begin ] --START--
INFO: Run Home\Behaviors\siteBehavior [ RunTime:0.000168s ]
INFO: [ action_begin ] --END-- [ RunTime:0.000256s ]
INFO: [ view_begin ] --START--
INFO: Run Home\Behaviors\testBehavior [ RunTime:0.000097s ]
INFO: [ view_begin ] --END-- [ RunTime:0.000149s ]
INFO: [ view_parse ] --START--
INFO: [ template_filter ] --START--
INFO: Run Behavior\ContentReplaceBehavior [ RunTime:0.000086s ]
INFO: [ template_filter ] --END-- [ RunTime:0.000132s ]
NOTIC: [8] Undefined variable: seoTitle /var/www/html/paoding_gemmap/Application/Runtime/Cache/Mobile/2e68ed16c4d3948aee73f12ea935ac3b.php 第 6 行.
NOTIC: [8] Undefined variable: seoKeywords /var/www/html/paoding_gemmap/Application/Runtime/Cache/Mobile/2e68ed16c4d3948aee73f12ea935ac3b.php 第 7 行.
NOTIC: [8] Undefined variable: seoDescription /var/www/html/paoding_gemmap/Application/Runtime/Cache/Mobile/2e68ed16c4d3948aee73f12ea935ac3b.php 第 9 行.
NOTIC: [8] Undefined variable: info /var/www/html/paoding_gemmap/Application/Runtime/Cache/Mobile/2e68ed16c4d3948aee73f12ea935ac3b.php 第 79 行.
NOTIC: [8] Undefined variable: signPackage /var/www/html/paoding_gemmap/Application/Runtime/Cache/Mobile/2e68ed16c4d3948aee73f12ea935ac3b.php 第 176 行.
NOTIC: [8] Undefined variable: signPackage /var/www/html/paoding_gemmap/Application/Runtime/Cache/Mobile/2e68ed16c4d3948aee73f12ea935ac3b.php 第 177 行.
NOTIC: [8] Undefined variable: signPackage /var/www/html/paoding_gemmap/Application/Runtime/Cache/Mobile/2e68ed16c4d3948aee73f12ea935ac3b.php 第 178 行.
NOTIC: [8] Undefined variable: signPackage /var/www/html/paoding_gemmap/Application/Runtime/Cache/Mobile/2e68ed16c4d3948aee73f12ea935ac3b.php 第 179 行.
NOTIC: [8] Undefined variable: share /var/www/html/paoding_gemmap/Application/Runtime/Cache/Mobile/2e68ed16c4d3948aee73f12ea935ac3b.php 第 203 行.
NOTIC: [8] Undefined variable: share /var/www/html/paoding_gemmap/Application/Runtime/Cache/Mobile/2e68ed16c4d3948aee73f12ea935ac3b.php 第 204 行.
NOTIC: [8] Undefined variable: signPackage /var/www/html/paoding_gemmap/Application/Runtime/Cache/Mobile/2e68ed16c4d3948aee73f12ea935ac3b.php 第 205 行.
NOTIC: [8] Undefined variable: area_name /var/www/html/paoding_gemmap/Application/Runtime/Cache/Mobile/2e68ed16c4d3948aee73f12ea935ac3b.php 第 206 行.
NOTIC: [8] Undefined variable: share /var/www/html/paoding_gemmap/Application/Runtime/Cache/Mobile/2e68ed16c4d3948aee73f12ea935ac3b.php 第 206 行.
NOTIC: [8] Undefined variable: share /var/www/html/paoding_gemmap/Application/Runtime/Cache/Mobile/2e68ed16c4d3948aee73f12ea935ac3b.php 第 226 行.
NOTIC: [8] Undefined variable: share /var/www/html/paoding_gemmap/Application/Runtime/Cache/Mobile/2e68ed16c4d3948aee73f12ea935ac3b.php 第 227 行.
NOTIC: [8] Undefined variable: signPackage /var/www/html/paoding_gemmap/Application/Runtime/Cache/Mobile/2e68ed16c4d3948aee73f12ea935ac3b.php 第 228 行.
NOTIC: [8] Undefined variable: area_name /var/www/html/paoding_gemmap/Application/Runtime/Cache/Mobile/2e68ed16c4d3948aee73f12ea935ac3b.php 第 229 行.
NOTIC: [8] Undefined variable: share /var/www/html/paoding_gemmap/Application/Runtime/Cache/Mobile/2e68ed16c4d3948aee73f12ea935ac3b.php 第 229 行.
NOTIC: [8] Undefined variable: share /var/www/html/paoding_gemmap/Application/Runtime/Cache/Mobile/2e68ed16c4d3948aee73f12ea935ac3b.php 第 249 行.
NOTIC: [8] Undefined variable: share /var/www/html/paoding_gemmap/Application/Runtime/Cache/Mobile/2e68ed16c4d3948aee73f12ea935ac3b.php 第 250 行.
NOTIC: [8] Undefined variable: signPackage /var/www/html/paoding_gemmap/Application/Runtime/Cache/Mobile/2e68ed16c4d3948aee73f12ea935ac3b.php 第 251 行.
NOTIC: [8] Undefined variable: area_name /var/www/html/paoding_gemmap/Application/Runtime/Cache/Mobile/2e68ed16c4d3948aee73f12ea935ac3b.php 第 252 行.
NOTIC: [8] Undefined variable: share /var/www/html/paoding_gemmap/Application/Runtime/Cache/Mobile/2e68ed16c4d3948aee73f12ea935ac3b.php 第 252 行.
NOTIC: [8] Undefined variable: share /var/www/html/paoding_gemmap/Application/Runtime/Cache/Mobile/2e68ed16c4d3948aee73f12ea935ac3b.php 第 272 行.
NOTIC: [8] Undefined variable: share /var/www/html/paoding_gemmap/Application/Runtime/Cache/Mobile/2e68ed16c4d3948aee73f12ea935ac3b.php 第 273 行.
NOTIC: [8] Undefined variable: signPackage /var/www/html/paoding_gemmap/Application/Runtime/Cache/Mobile/2e68ed16c4d3948aee73f12ea935ac3b.php 第 274 行.
NOTIC: [8] Undefined variable: area_name /var/www/html/paoding_gemmap/Application/Runtime/Cache/Mobile/2e68ed16c4d3948aee73f12ea935ac3b.php 第 275 行.
NOTIC: [8] Undefined variable: share /var/www/html/paoding_gemmap/Application/Runtime/Cache/Mobile/2e68ed16c4d3948aee73f12ea935ac3b.php 第 275 行.
NOTIC: [8] Undefined variable: share /var/www/html/paoding_gemmap/Application/Runtime/Cache/Mobile/2e68ed16c4d3948aee73f12ea935ac3b.php 第 295 行.
NOTIC: [8] Undefined variable: share /var/www/html/paoding_gemmap/Application/Runtime/Cache/Mobile/2e68ed16c4d3948aee73f12ea935ac3b.php 第 296 行.
NOTIC: [8] Undefined variable: signPackage /var/www/html/paoding_gemmap/Application/Runtime/Cache/Mobile/2e68ed16c4d3948aee73f12ea935ac3b.php 第 297 行.
NOTIC: [8] Undefined variable: area_name /var/www/html/paoding_gemmap/Application/Runtime/Cache/Mobile/2e68ed16c4d3948aee73f12ea935ac3b.php 第 298 行.
NOTIC: [8] Undefined variable: share /var/www/html/paoding_gemmap/Application/Runtime/Cache/Mobile/2e68ed16c4d3948aee73f12ea935ac3b.php 第 298 行.
INFO: Run Behavior\ParseTemplateBehavior [ RunTime:0.032764s ]
INFO: [ view_parse ] --END-- [ RunTime:0.032811s ]
INFO: [ view_filter ] --START--
INFO: Run Behavior\WriteHtmlCacheBehavior [ RunTime:0.000173s ]
INFO: Run Behavior\TokenBuildBehavior [ RunTime:0.000259s ]
INFO: [ view_filter ] --END-- [ RunTime:0.000538s ]
INFO: [ app_end ] --START--
INFO: Run Behavior\ShowPageTraceBehavior [ RunTime:0.000356s ]
INFO: [ app_end ] --END-- [ RunTime:0.000400s ]

[ 2017-08-10T13:45:39+08:00 ] 101.226.65.105 /index.php/Mobile/Article/detail/channel/xq/type/1/data_id/50
INFO: [ app_init ] --START--
INFO: Run Behavior\BuildLiteBehavior [ RunTime:0.000014s ]
INFO: [ app_init ] --END-- [ RunTime:0.000251s ]
INFO: [ app_begin ] --START--
INFO: Run Behavior\ReadHtmlCacheBehavior [ RunTime:0.000328s ]
INFO: [ app_begin ] --END-- [ RunTime:0.000378s ]
INFO: [ action_begin ] --START--
INFO: Run Home\Behaviors\siteBehavior [ RunTime:0.007895s ]
INFO: [ action_begin ] --END-- [ RunTime:0.007957s ]

[ 2017-08-10T13:46:40+08:00 ] 112.17.235.144 /index.php/Mobile/Article/detail/channel/xq/type/1/data_id/45
INFO: [ app_init ] --START--
INFO: Run Behavior\BuildLiteBehavior [ RunTime:0.000012s ]
INFO: [ app_init ] --END-- [ RunTime:0.000293s ]
INFO: [ app_begin ] --START--
INFO: Run Behavior\ReadHtmlCacheBehavior [ RunTime:0.000389s ]
INFO: [ app_begin ] --END-- [ RunTime:0.000441s ]
INFO: [ action_begin ] --START--
INFO: Run Home\Behaviors\siteBehavior [ RunTime:0.000168s ]
INFO: [ action_begin ] --END-- [ RunTime:0.000224s ]
INFO: [ view_begin ] --START--
INFO: Run Home\Behaviors\testBehavior [ RunTime:0.000138s ]
INFO: [ view_begin ] --END-- [ RunTime:0.000183s ]
INFO: [ view_parse ] --START--
INFO: [ template_filter ] --START--
INFO: Run Behavior\ContentReplaceBehavior [ RunTime:0.000106s ]
INFO: [ template_filter ] --END-- [ RunTime:0.000150s ]
NOTIC: [8] Undefined variable: seoTitle /var/www/html/paoding_gemmap/Application/Runtime/Cache/Mobile/2e68ed16c4d3948aee73f12ea935ac3b.php 第 6 行.
NOTIC: [8] Undefined variable: seoKeywords /var/www/html/paoding_gemmap/Application/Runtime/Cache/Mobile/2e68ed16c4d3948aee73f12ea935ac3b.php 第 7 行.
NOTIC: [8] Undefined variable: seoDescription /var/www/html/paoding_gemmap/Application/Runtime/Cache/Mobile/2e68ed16c4d3948aee73f12ea935ac3b.php 第 9 行.
NOTIC: [8] Undefined variable: info /var/www/html/paoding_gemmap/Application/Runtime/Cache/Mobile/2e68ed16c4d3948aee73f12ea935ac3b.php 第 79 行.
NOTIC: [8] Undefined variable: signPackage /var/www/html/paoding_gemmap/Application/Runtime/Cache/Mobile/2e68ed16c4d3948aee73f12ea935ac3b.php 第 176 行.
NOTIC: [8] Undefined variable: signPackage /var/www/html/paoding_gemmap/Application/Runtime/Cache/Mobile/2e68ed16c4d3948aee73f12ea935ac3b.php 第 177 行.
NOTIC: [8] Undefined variable: signPackage /var/www/html/paoding_gemmap/Application/Runtime/Cache/Mobile/2e68ed16c4d3948aee73f12ea935ac3b.php 第 178 行.
NOTIC: [8] Undefined variable: signPackage /var/www/html/paoding_gemmap/Application/Runtime/Cache/Mobile/2e68ed16c4d3948aee73f12ea935ac3b.php 第 179 行.
NOTIC: [8] Undefined variable: share /var/www/html/paoding_gemmap/Application/Runtime/Cache/Mobile/2e68ed16c4d3948aee73f12ea935ac3b.php 第 203 行.
NOTIC: [8] Undefined variable: share /var/www/html/paoding_gemmap/Application/Runtime/Cache/Mobile/2e68ed16c4d3948aee73f12ea935ac3b.php 第 204 行.
NOTIC: [8] Undefined variable: signPackage /var/www/html/paoding_gemmap/Application/Runtime/Cache/Mobile/2e68ed16c4d3948aee73f12ea935ac3b.php 第 205 行.
NOTIC: [8] Undefined variable: area_name /var/www/html/paoding_gemmap/Application/Runtime/Cache/Mobile/2e68ed16c4d3948aee73f12ea935ac3b.php 第 206 行.
NOTIC: [8] Undefined variable: share /var/www/html/paoding_gemmap/Application/Runtime/Cache/Mobile/2e68ed16c4d3948aee73f12ea935ac3b.php 第 206 行.
NOTIC: [8] Undefined variable: share /var/www/html/paoding_gemmap/Application/Runtime/Cache/Mobile/2e68ed16c4d3948aee73f12ea935ac3b.php 第 226 行.
NOTIC: [8] Undefined variable: share /var/www/html/paoding_gemmap/Application/Runtime/Cache/Mobile/2e68ed16c4d3948aee73f12ea935ac3b.php 第 227 行.
NOTIC: [8] Undefined variable: signPackage /var/www/html/paoding_gemmap/Application/Runtime/Cache/Mobile/2e68ed16c4d3948aee73f12ea935ac3b.php 第 228 行.
NOTIC: [8] Undefined variable: area_name /var/www/html/paoding_gemmap/Application/Runtime/Cache/Mobile/2e68ed16c4d3948aee73f12ea935ac3b.php 第 229 行.
NOTIC: [8] Undefined variable: share /var/www/html/paoding_gemmap/Application/Runtime/Cache/Mobile/2e68ed16c4d3948aee73f12ea935ac3b.php 第 229 行.
NOTIC: [8] Undefined variable: share /var/www/html/paoding_gemmap/Application/Runtime/Cache/Mobile/2e68ed16c4d3948aee73f12ea935ac3b.php 第 249 行.
NOTIC: [8] Undefined variable: share /var/www/html/paoding_gemmap/Application/Runtime/Cache/Mobile/2e68ed16c4d3948aee73f12ea935ac3b.php 第 250 行.
NOTIC: [8] Undefined variable: signPackage /var/www/html/paoding_gemmap/Application/Runtime/Cache/Mobile/2e68ed16c4d3948aee73f12ea935ac3b.php 第 251 行.
NOTIC: [8] Undefined variable: area_name /var/www/html/paoding_gemmap/Application/Runtime/Cache/Mobile/2e68ed16c4d3948aee73f12ea935ac3b.php 第 252 行.
NOTIC: [8] Undefined variable: share /var/www/html/paoding_gemmap/Application/Runtime/Cache/Mobile/2e68ed16c4d3948aee73f12ea935ac3b.php 第 252 行.
NOTIC: [8] Undefined variable: share /var/www/html/paoding_gemmap/Application/Runtime/Cache/Mobile/2e68ed16c4d3948aee73f12ea935ac3b.php 第 272 行.
NOTIC: [8] Undefined variable: share /var/www/html/paoding_gemmap/Application/Runtime/Cache/Mobile/2e68ed16c4d3948aee73f12ea935ac3b.php 第 273 行.
NOTIC: [8] Undefined variable: signPackage /var/www/html/paoding_gemmap/Application/Runtime/Cache/Mobile/2e68ed16c4d3948aee73f12ea935ac3b.php 第 274 行.
NOTIC: [8] Undefined variable: area_name /var/www/html/paoding_gemmap/Application/Runtime/Cache/Mobile/2e68ed16c4d3948aee73f12ea935ac3b.php 第 275 行.
NOTIC: [8] Undefined variable: share /var/www/html/paoding_gemmap/Application/Runtime/Cache/Mobile/2e68ed16c4d3948aee73f12ea935ac3b.php 第 275 行.
NOTIC: [8] Undefined variable: share /var/www/html/paoding_gemmap/Application/Runtime/Cache/Mobile/2e68ed16c4d3948aee73f12ea935ac3b.php 第 295 行.
NOTIC: [8] Undefined variable: share /var/www/html/paoding_gemmap/Application/Runtime/Cache/Mobile/2e68ed16c4d3948aee73f12ea935ac3b.php 第 296 行.
NOTIC: [8] Undefined variable: signPackage /var/www/html/paoding_gemmap/Application/Runtime/Cache/Mobile/2e68ed16c4d3948aee73f12ea935ac3b.php 第 297 行.
NOTIC: [8] Undefined variable: area_name /var/www/html/paoding_gemmap/Application/Runtime/Cache/Mobile/2e68ed16c4d3948aee73f12ea935ac3b.php 第 298 行.
NOTIC: [8] Undefined variable: share /var/www/html/paoding_gemmap/Application/Runtime/Cache/Mobile/2e68ed16c4d3948aee73f12ea935ac3b.php 第 298 行.
INFO: Run Behavior\ParseTemplateBehavior [ RunTime:0.007641s ]
INFO: [ view_parse ] --END-- [ RunTime:0.007676s ]
INFO: [ view_filter ] --START--
INFO: Run Behavior\WriteHtmlCacheBehavior [ RunTime:0.000149s ]
INFO: Run Behavior\TokenBuildBehavior [ RunTime:0.000235s ]
INFO: [ view_filter ] --END-- [ RunTime:0.000445s ]
INFO: [ app_end ] --START--
INFO: Run Behavior\ShowPageTraceBehavior [ RunTime:0.000370s ]
INFO: [ app_end ] --END-- [ RunTime:0.000411s ]

[ 2017-08-10T13:46:50+08:00 ] 101.226.33.224 /index.php/Mobile/Article/detail/channel/xq/type/1/data_id/45
INFO: [ app_init ] --START--
INFO: Run Behavior\BuildLiteBehavior [ RunTime:0.000013s ]
INFO: [ app_init ] --END-- [ RunTime:0.000246s ]
INFO: [ app_begin ] --START--
INFO: Run Behavior\ReadHtmlCacheBehavior [ RunTime:0.000325s ]
INFO: [ app_begin ] --END-- [ RunTime:0.000369s ]
INFO: [ action_begin ] --START--
INFO: Run Home\Behaviors\siteBehavior [ RunTime:0.008819s ]
INFO: [ action_begin ] --END-- [ RunTime:0.008884s ]

[ 2017-08-10T13:47:46+08:00 ] 112.17.235.144 /index.php/Mobile/Article/detail/channel/xq/type/1/data_id/3102
INFO: [ app_init ] --START--
INFO: Run Behavior\BuildLiteBehavior [ RunTime:0.000013s ]
INFO: [ app_init ] --END-- [ RunTime:0.000250s ]
INFO: [ app_begin ] --START--
INFO: Run Behavior\ReadHtmlCacheBehavior [ RunTime:0.000323s ]
INFO: [ app_begin ] --END-- [ RunTime:0.000366s ]
INFO: [ action_begin ] --START--
INFO: Run Home\Behaviors\siteBehavior [ RunTime:0.000165s ]
INFO: [ action_begin ] --END-- [ RunTime:0.000210s ]
INFO: [ view_begin ] --START--
INFO: Run Home\Behaviors\testBehavior [ RunTime:0.000094s ]
INFO: [ view_begin ] --END-- [ RunTime:0.000138s ]
INFO: [ view_parse ] --START--
INFO: [ template_filter ] --START--
INFO: Run Behavior\ContentReplaceBehavior [ RunTime:0.000076s ]
INFO: [ template_filter ] --END-- [ RunTime:0.000117s ]
NOTIC: [8] Undefined variable: seoTitle /var/www/html/paoding_gemmap/Application/Runtime/Cache/Mobile/2e68ed16c4d3948aee73f12ea935ac3b.php 第 6 行.
NOTIC: [8] Undefined variable: seoKeywords /var/www/html/paoding_gemmap/Application/Runtime/Cache/Mobile/2e68ed16c4d3948aee73f12ea935ac3b.php 第 7 行.
NOTIC: [8] Undefined variable: seoDescription /var/www/html/paoding_gemmap/Application/Runtime/Cache/Mobile/2e68ed16c4d3948aee73f12ea935ac3b.php 第 9 行.
NOTIC: [8] Undefined variable: info /var/www/html/paoding_gemmap/Application/Runtime/Cache/Mobile/2e68ed16c4d3948aee73f12ea935ac3b.php 第 79 行.
NOTIC: [8] Undefined variable: signPackage /var/www/html/paoding_gemmap/Application/Runtime/Cache/Mobile/2e68ed16c4d3948aee73f12ea935ac3b.php 第 176 行.
NOTIC: [8] Undefined variable: signPackage /var/www/html/paoding_gemmap/Application/Runtime/Cache/Mobile/2e68ed16c4d3948aee73f12ea935ac3b.php 第 177 行.
NOTIC: [8] Undefined variable: signPackage /var/www/html/paoding_gemmap/Application/Runtime/Cache/Mobile/2e68ed16c4d3948aee73f12ea935ac3b.php 第 178 行.
NOTIC: [8] Undefined variable: signPackage /var/www/html/paoding_gemmap/Application/Runtime/Cache/Mobile/2e68ed16c4d3948aee73f12ea935ac3b.php 第 179 行.
NOTIC: [8] Undefined variable: share /var/www/html/paoding_gemmap/Application/Runtime/Cache/Mobile/2e68ed16c4d3948aee73f12ea935ac3b.php 第 203 行.
NOTIC: [8] Undefined variable: share /var/www/html/paoding_gemmap/Application/Runtime/Cache/Mobile/2e68ed16c4d3948aee73f12ea935ac3b.php 第 204 行.
NOTIC: [8] Undefined variable: signPackage /var/www/html/paoding_gemmap/Application/Runtime/Cache/Mobile/2e68ed16c4d3948aee73f12ea935ac3b.php 第 205 行.
NOTIC: [8] Undefined variable: area_name /var/www/html/paoding_gemmap/Application/Runtime/Cache/Mobile/2e68ed16c4d3948aee73f12ea935ac3b.php 第 206 行.
NOTIC: [8] Undefined variable: share /var/www/html/paoding_gemmap/Application/Runtime/Cache/Mobile/2e68ed16c4d3948aee73f12ea935ac3b.php 第 206 行.
NOTIC: [8] Undefined variable: share /var/www/html/paoding_gemmap/Application/Runtime/Cache/Mobile/2e68ed16c4d3948aee73f12ea935ac3b.php 第 226 行.
NOTIC: [8] Undefined variable: share /var/www/html/paoding_gemmap/Application/Runtime/Cache/Mobile/2e68ed16c4d3948aee73f12ea935ac3b.php 第 227 行.
NOTIC: [8] Undefined variable: signPackage /var/www/html/paoding_gemmap/Application/Runtime/Cache/Mobile/2e68ed16c4d3948aee73f12ea935ac3b.php 第 228 行.
NOTIC: [8] Undefined variable: area_name /var/www/html/paoding_gemmap/Application/Runtime/Cache/Mobile/2e68ed16c4d3948aee73f12ea935ac3b.php 第 229 行.
NOTIC: [8] Undefined variable: share /var/www/html/paoding_gemmap/Application/Runtime/Cache/Mobile/2e68ed16c4d3948aee73f12ea935ac3b.php 第 229 行.
NOTIC: [8] Undefined variable: share /var/www/html/paoding_gemmap/Application/Runtime/Cache/Mobile/2e68ed16c4d3948aee73f12ea935ac3b.php 第 249 行.
NOTIC: [8] Undefined variable: share /var/www/html/paoding_gemmap/Application/Runtime/Cache/Mobile/2e68ed16c4d3948aee73f12ea935ac3b.php 第 250 行.
NOTIC: [8] Undefined variable: signPackage /var/www/html/paoding_gemmap/Application/Runtime/Cache/Mobile/2e68ed16c4d3948aee73f12ea935ac3b.php 第 251 行.
NOTIC: [8] Undefined variable: area_name /var/www/html/paoding_gemmap/Application/Runtime/Cache/Mobile/2e68ed16c4d3948aee73f12ea935ac3b.php 第 252 行.
NOTIC: [8] Undefined variable: share /var/www/html/paoding_gemmap/Application/Runtime/Cache/Mobile/2e68ed16c4d3948aee73f12ea935ac3b.php 第 252 行.
NOTIC: [8] Undefined variable: share /var/www/html/paoding_gemmap/Application/Runtime/Cache/Mobile/2e68ed16c4d3948aee73f12ea935ac3b.php 第 272 行.
NOTIC: [8] Undefined variable: share /var/www/html/paoding_gemmap/Application/Runtime/Cache/Mobile/2e68ed16c4d3948aee73f12ea935ac3b.php 第 273 行.
NOTIC: [8] Undefined variable: signPackage /var/www/html/paoding_gemmap/Application/Runtime/Cache/Mobile/2e68ed16c4d3948aee73f12ea935ac3b.php 第 274 行.
NOTIC: [8] Undefined variable: area_name /var/www/html/paoding_gemmap/Application/Runtime/Cache/Mobile/2e68ed16c4d3948aee73f12ea935ac3b.php 第 275 行.
NOTIC: [8] Undefined variable: share /var/www/html/paoding_gemmap/Application/Runtime/Cache/Mobile/2e68ed16c4d3948aee73f12ea935ac3b.php 第 275 行.
NOTIC: [8] Undefined variable: share /var/www/html/paoding_gemmap/Application/Runtime/Cache/Mobile/2e68ed16c4d3948aee73f12ea935ac3b.php 第 295 行.
NOTIC: [8] Undefined variable: share /var/www/html/paoding_gemmap/Application/Runtime/Cache/Mobile/2e68ed16c4d3948aee73f12ea935ac3b.php 第 296 行.
NOTIC: [8] Undefined variable: signPackage /var/www/html/paoding_gemmap/Application/Runtime/Cache/Mobile/2e68ed16c4d3948aee73f12ea935ac3b.php 第 297 行.
NOTIC: [8] Undefined variable: area_name /var/www/html/paoding_gemmap/Application/Runtime/Cache/Mobile/2e68ed16c4d3948aee73f12ea935ac3b.php 第 298 行.
NOTIC: [8] Undefined variable: share /var/www/html/paoding_gemmap/Application/Runtime/Cache/Mobile/2e68ed16c4d3948aee73f12ea935ac3b.php 第 298 行.
INFO: Run Behavior\ParseTemplateBehavior [ RunTime:0.007557s ]
INFO: [ view_parse ] --END-- [ RunTime:0.007594s ]
INFO: [ view_filter ] --START--
INFO: Run Behavior\WriteHtmlCacheBehavior [ RunTime:0.000112s ]
INFO: Run Behavior\TokenBuildBehavior [ RunTime:0.000277s ]
INFO: [ view_filter ] --END-- [ RunTime:0.000493s ]
INFO: [ app_end ] --START--
INFO: Run Behavior\ShowPageTraceBehavior [ RunTime:0.000334s ]
INFO: [ app_end ] --END-- [ RunTime:0.000393s ]

[ 2017-08-10T13:47:56+08:00 ] 101.226.85.67 /index.php/Mobile/Article/detail/channel/xq/type/1/data_id/3102
INFO: [ app_init ] --START--
INFO: Run Behavior\BuildLiteBehavior [ RunTime:0.000012s ]
INFO: [ app_init ] --END-- [ RunTime:0.000324s ]
INFO: [ app_begin ] --START--
INFO: Run Behavior\ReadHtmlCacheBehavior [ RunTime:0.000320s ]
INFO: [ app_begin ] --END-- [ RunTime:0.000406s ]
INFO: [ action_begin ] --START--
INFO: Run Home\Behaviors\siteBehavior [ RunTime:0.008863s ]
INFO: [ action_begin ] --END-- [ RunTime:0.008929s ]

[ 2017-08-10T13:48:20+08:00 ] 112.17.235.144 /index.php/Mobile/Article/detail/channel/xq/type/1/data_id/3084
INFO: [ app_init ] --START--
INFO: Run Behavior\BuildLiteBehavior [ RunTime:0.000013s ]
INFO: [ app_init ] --END-- [ RunTime:0.000248s ]
INFO: [ app_begin ] --START--
INFO: Run Behavior\ReadHtmlCacheBehavior [ RunTime:0.000325s ]
INFO: [ app_begin ] --END-- [ RunTime:0.000368s ]
INFO: [ action_begin ] --START--
INFO: Run Home\Behaviors\siteBehavior [ RunTime:0.000216s ]
INFO: [ action_begin ] --END-- [ RunTime:0.000260s ]
INFO: [ view_begin ] --START--
INFO: Run Home\Behaviors\testBehavior [ RunTime:0.000183s ]
INFO: [ view_begin ] --END-- [ RunTime:0.000278s ]
INFO: [ view_parse ] --START--
INFO: [ template_filter ] --START--
INFO: Run Behavior\ContentReplaceBehavior [ RunTime:0.000089s ]
INFO: [ template_filter ] --END-- [ RunTime:0.000147s ]
NOTIC: [8] Undefined variable: seoTitle /var/www/html/paoding_gemmap/Application/Runtime/Cache/Mobile/2e68ed16c4d3948aee73f12ea935ac3b.php 第 6 行.
NOTIC: [8] Undefined variable: seoKeywords /var/www/html/paoding_gemmap/Application/Runtime/Cache/Mobile/2e68ed16c4d3948aee73f12ea935ac3b.php 第 7 行.
NOTIC: [8] Undefined variable: seoDescription /var/www/html/paoding_gemmap/Application/Runtime/Cache/Mobile/2e68ed16c4d3948aee73f12ea935ac3b.php 第 9 行.
NOTIC: [8] Undefined variable: info /var/www/html/paoding_gemmap/Application/Runtime/Cache/Mobile/2e68ed16c4d3948aee73f12ea935ac3b.php 第 79 行.
NOTIC: [8] Undefined variable: signPackage /var/www/html/paoding_gemmap/Application/Runtime/Cache/Mobile/2e68ed16c4d3948aee73f12ea935ac3b.php 第 176 行.
NOTIC: [8] Undefined variable: signPackage /var/www/html/paoding_gemmap/Application/Runtime/Cache/Mobile/2e68ed16c4d3948aee73f12ea935ac3b.php 第 177 行.
NOTIC: [8] Undefined variable: signPackage /var/www/html/paoding_gemmap/Application/Runtime/Cache/Mobile/2e68ed16c4d3948aee73f12ea935ac3b.php 第 178 行.
NOTIC: [8] Undefined variable: signPackage /var/www/html/paoding_gemmap/Application/Runtime/Cache/Mobile/2e68ed16c4d3948aee73f12ea935ac3b.php 第 179 行.
NOTIC: [8] Undefined variable: share /var/www/html/paoding_gemmap/Application/Runtime/Cache/Mobile/2e68ed16c4d3948aee73f12ea935ac3b.php 第 203 行.
NOTIC: [8] Undefined variable: share /var/www/html/paoding_gemmap/Application/Runtime/Cache/Mobile/2e68ed16c4d3948aee73f12ea935ac3b.php 第 204 行.
NOTIC: [8] Undefined variable: signPackage /var/www/html/paoding_gemmap/Application/Runtime/Cache/Mobile/2e68ed16c4d3948aee73f12ea935ac3b.php 第 205 行.
NOTIC: [8] Undefined variable: area_name /var/www/html/paoding_gemmap/Application/Runtime/Cache/Mobile/2e68ed16c4d3948aee73f12ea935ac3b.php 第 206 行.
NOTIC: [8] Undefined variable: share /var/www/html/paoding_gemmap/Application/Runtime/Cache/Mobile/2e68ed16c4d3948aee73f12ea935ac3b.php 第 206 行.
NOTIC: [8] Undefined variable: share /var/www/html/paoding_gemmap/Application/Runtime/Cache/Mobile/2e68ed16c4d3948aee73f12ea935ac3b.php 第 226 行.
NOTIC: [8] Undefined variable: share /var/www/html/paoding_gemmap/Application/Runtime/Cache/Mobile/2e68ed16c4d3948aee73f12ea935ac3b.php 第 227 行.
NOTIC: [8] Undefined variable: signPackage /var/www/html/paoding_gemmap/Application/Runtime/Cache/Mobile/2e68ed16c4d3948aee73f12ea935ac3b.php 第 228 行.
NOTIC: [8] Undefined variable: area_name /var/www/html/paoding_gemmap/Application/Runtime/Cache/Mobile/2e68ed16c4d3948aee73f12ea935ac3b.php 第 229 行.
NOTIC: [8] Undefined variable: share /var/www/html/paoding_gemmap/Application/Runtime/Cache/Mobile/2e68ed16c4d3948aee73f12ea935ac3b.php 第 229 行.
NOTIC: [8] Undefined variable: share /var/www/html/paoding_gemmap/Application/Runtime/Cache/Mobile/2e68ed16c4d3948aee73f12ea935ac3b.php 第 249 行.
NOTIC: [8] Undefined variable: share /var/www/html/paoding_gemmap/Application/Runtime/Cache/Mobile/2e68ed16c4d3948aee73f12ea935ac3b.php 第 250 行.
NOTIC: [8] Undefined variable: signPackage /var/www/html/paoding_gemmap/Application/Runtime/Cache/Mobile/2e68ed16c4d3948aee73f12ea935ac3b.php 第 251 行.
NOTIC: [8] Undefined variable: area_name /var/www/html/paoding_gemmap/Application/Runtime/Cache/Mobile/2e68ed16c4d3948aee73f12ea935ac3b.php 第 252 行.
NOTIC: [8] Undefined variable: share /var/www/html/paoding_gemmap/Application/Runtime/Cache/Mobile/2e68ed16c4d3948aee73f12ea935ac3b.php 第 252 行.
NOTIC: [8] Undefined variable: share /var/www/html/paoding_gemmap/Application/Runtime/Cache/Mobile/2e68ed16c4d3948aee73f12ea935ac3b.php 第 272 行.
NOTIC: [8] Undefined variable: share /var/www/html/paoding_gemmap/Application/Runtime/Cache/Mobile/2e68ed16c4d3948aee73f12ea935ac3b.php 第 273 行.
NOTIC: [8] Undefined variable: signPackage /var/www/html/paoding_gemmap/Application/Runtime/Cache/Mobile/2e68ed16c4d3948aee73f12ea935ac3b.php 第 274 行.
NOTIC: [8] Undefined variable: area_name /var/www/html/paoding_gemmap/Application/Runtime/Cache/Mobile/2e68ed16c4d3948aee73f12ea935ac3b.php 第 275 行.
NOTIC: [8] Undefined variable: share /var/www/html/paoding_gemmap/Application/Runtime/Cache/Mobile/2e68ed16c4d3948aee73f12ea935ac3b.php 第 275 行.
NOTIC: [8] Undefined variable: share /var/www/html/paoding_gemmap/Application/Runtime/Cache/Mobile/2e68ed16c4d3948aee73f12ea935ac3b.php 第 295 行.
NOTIC: [8] Undefined variable: share /var/www/html/paoding_gemmap/Application/Runtime/Cache/Mobile/2e68ed16c4d3948aee73f12ea935ac3b.php 第 296 行.
NOTIC: [8] Undefined variable: signPackage /var/www/html/paoding_gemmap/Application/Runtime/Cache/Mobile/2e68ed16c4d3948aee73f12ea935ac3b.php 第 297 行.
NOTIC: [8] Undefined variable: area_name /var/www/html/paoding_gemmap/Application/Runtime/Cache/Mobile/2e68ed16c4d3948aee73f12ea935ac3b.php 第 298 行.
NOTIC: [8] Undefined variable: share /var/www/html/paoding_gemmap/Application/Runtime/Cache/Mobile/2e68ed16c4d3948aee73f12ea935ac3b.php 第 298 行.
INFO: Run Behavior\ParseTemplateBehavior [ RunTime:0.008450s ]
INFO: [ view_parse ] --END-- [ RunTime:0.008498s ]
INFO: [ view_filter ] --START--
INFO: Run Behavior\WriteHtmlCacheBehavior [ RunTime:0.000179s ]
INFO: Run Behavior\TokenBuildBehavior [ RunTime:0.000256s ]
INFO: [ view_filter ] --END-- [ RunTime:0.000495s ]
INFO: [ app_end ] --START--
INFO: Run Behavior\ShowPageTraceBehavior [ RunTime:0.000492s ]
INFO: [ app_end ] --END-- [ RunTime:0.000535s ]

[ 2017-08-10T13:48:34+08:00 ] 112.17.235.144 /index.php/Mobile/Article/detail/channel/xq/type/1/data_id/3084
INFO: [ app_init ] --START--
INFO: Run Behavior\BuildLiteBehavior [ RunTime:0.000013s ]
INFO: [ app_init ] --END-- [ RunTime:0.000254s ]
INFO: [ app_begin ] --START--
INFO: Run Behavior\ReadHtmlCacheBehavior [ RunTime:0.000482s ]
INFO: [ app_begin ] --END-- [ RunTime:0.000543s ]
INFO: [ action_begin ] --START--
INFO: Run Home\Behaviors\siteBehavior [ RunTime:0.000227s ]
INFO: [ action_begin ] --END-- [ RunTime:0.000274s ]
INFO: [ view_begin ] --START--
INFO: Run Home\Behaviors\testBehavior [ RunTime:0.000175s ]
INFO: [ view_begin ] --END-- [ RunTime:0.000225s ]
INFO: [ view_parse ] --START--
INFO: [ template_filter ] --START--
INFO: Run Behavior\ContentReplaceBehavior [ RunTime:0.000081s ]
INFO: [ template_filter ] --END-- [ RunTime:0.000123s ]
NOTIC: [8] Undefined variable: seoTitle /var/www/html/paoding_gemmap/Application/Runtime/Cache/Mobile/2e68ed16c4d3948aee73f12ea935ac3b.php 第 6 行.
NOTIC: [8] Undefined variable: seoKeywords /var/www/html/paoding_gemmap/Application/Runtime/Cache/Mobile/2e68ed16c4d3948aee73f12ea935ac3b.php 第 7 行.
NOTIC: [8] Undefined variable: seoDescription /var/www/html/paoding_gemmap/Application/Runtime/Cache/Mobile/2e68ed16c4d3948aee73f12ea935ac3b.php 第 9 行.
NOTIC: [8] Undefined variable: info /var/www/html/paoding_gemmap/Application/Runtime/Cache/Mobile/2e68ed16c4d3948aee73f12ea935ac3b.php 第 79 行.
NOTIC: [8] Undefined variable: signPackage /var/www/html/paoding_gemmap/Application/Runtime/Cache/Mobile/2e68ed16c4d3948aee73f12ea935ac3b.php 第 176 行.
NOTIC: [8] Undefined variable: signPackage /var/www/html/paoding_gemmap/Application/Runtime/Cache/Mobile/2e68ed16c4d3948aee73f12ea935ac3b.php 第 177 行.
NOTIC: [8] Undefined variable: signPackage /var/www/html/paoding_gemmap/Application/Runtime/Cache/Mobile/2e68ed16c4d3948aee73f12ea935ac3b.php 第 178 行.
NOTIC: [8] Undefined variable: signPackage /var/www/html/paoding_gemmap/Application/Runtime/Cache/Mobile/2e68ed16c4d3948aee73f12ea935ac3b.php 第 179 行.
NOTIC: [8] Undefined variable: share /var/www/html/paoding_gemmap/Application/Runtime/Cache/Mobile/2e68ed16c4d3948aee73f12ea935ac3b.php 第 203 行.
NOTIC: [8] Undefined variable: share /var/www/html/paoding_gemmap/Application/Runtime/Cache/Mobile/2e68ed16c4d3948aee73f12ea935ac3b.php 第 204 行.
NOTIC: [8] Undefined variable: signPackage /var/www/html/paoding_gemmap/Application/Runtime/Cache/Mobile/2e68ed16c4d3948aee73f12ea935ac3b.php 第 205 行.
NOTIC: [8] Undefined variable: area_name /var/www/html/paoding_gemmap/Application/Runtime/Cache/Mobile/2e68ed16c4d3948aee73f12ea935ac3b.php 第 206 行.
NOTIC: [8] Undefined variable: share /var/www/html/paoding_gemmap/Application/Runtime/Cache/Mobile/2e68ed16c4d3948aee73f12ea935ac3b.php 第 206 行.
NOTIC: [8] Undefined variable: share /var/www/html/paoding_gemmap/Application/Runtime/Cache/Mobile/2e68ed16c4d3948aee73f12ea935ac3b.php 第 226 行.
NOTIC: [8] Undefined variable: share /var/www/html/paoding_gemmap/Application/Runtime/Cache/Mobile/2e68ed16c4d3948aee73f12ea935ac3b.php 第 227 行.
NOTIC: [8] Undefined variable: signPackage /var/www/html/paoding_gemmap/Application/Runtime/Cache/Mobile/2e68ed16c4d3948aee73f12ea935ac3b.php 第 228 行.
NOTIC: [8] Undefined variable: area_name /var/www/html/paoding_gemmap/Application/Runtime/Cache/Mobile/2e68ed16c4d3948aee73f12ea935ac3b.php 第 229 行.
NOTIC: [8] Undefined variable: share /var/www/html/paoding_gemmap/Application/Runtime/Cache/Mobile/2e68ed16c4d3948aee73f12ea935ac3b.php 第 229 行.
NOTIC: [8] Undefined variable: share /var/www/html/paoding_gemmap/Application/Runtime/Cache/Mobile/2e68ed16c4d3948aee73f12ea935ac3b.php 第 249 行.
NOTIC: [8] Undefined variable: share /var/www/html/paoding_gemmap/Application/Runtime/Cache/Mobile/2e68ed16c4d3948aee73f12ea935ac3b.php 第 250 行.
NOTIC: [8] Undefined variable: signPackage /var/www/html/paoding_gemmap/Application/Runtime/Cache/Mobile/2e68ed16c4d3948aee73f12ea935ac3b.php 第 251 行.
NOTIC: [8] Undefined variable: area_name /var/www/html/paoding_gemmap/Application/Runtime/Cache/Mobile/2e68ed16c4d3948aee73f12ea935ac3b.php 第 252 行.
NOTIC: [8] Undefined variable: share /var/www/html/paoding_gemmap/Application/Runtime/Cache/Mobile/2e68ed16c4d3948aee73f12ea935ac3b.php 第 252 行.
NOTIC: [8] Undefined variable: share /var/www/html/paoding_gemmap/Application/Runtime/Cache/Mobile/2e68ed16c4d3948aee73f12ea935ac3b.php 第 272 行.
NOTIC: [8] Undefined variable: share /var/www/html/paoding_gemmap/Application/Runtime/Cache/Mobile/2e68ed16c4d3948aee73f12ea935ac3b.php 第 273 行.
NOTIC: [8] Undefined variable: signPackage /var/www/html/paoding_gemmap/Application/Runtime/Cache/Mobile/2e68ed16c4d3948aee73f12ea935ac3b.php 第 274 行.
NOTIC: [8] Undefined variable: area_name /var/www/html/paoding_gemmap/Application/Runtime/Cache/Mobile/2e68ed16c4d3948aee73f12ea935ac3b.php 第 275 行.
NOTIC: [8] Undefined variable: share /var/www/html/paoding_gemmap/Application/Runtime/Cache/Mobile/2e68ed16c4d3948aee73f12ea935ac3b.php 第 275 行.
NOTIC: [8] Undefined variable: share /var/www/html/paoding_gemmap/Application/Runtime/Cache/Mobile/2e68ed16c4d3948aee73f12ea935ac3b.php 第 295 行.
NOTIC: [8] Undefined variable: share /var/www/html/paoding_gemmap/Application/Runtime/Cache/Mobile/2e68ed16c4d3948aee73f12ea935ac3b.php 第 296 行.
NOTIC: [8] Undefined variable: signPackage /var/www/html/paoding_gemmap/Application/Runtime/Cache/Mobile/2e68ed16c4d3948aee73f12ea935ac3b.php 第 297 行.
NOTIC: [8] Undefined variable: area_name /var/www/html/paoding_gemmap/Application/Runtime/Cache/Mobile/2e68ed16c4d3948aee73f12ea935ac3b.php 第 298 行.
NOTIC: [8] Undefined variable: share /var/www/html/paoding_gemmap/Application/Runtime/Cache/Mobile/2e68ed16c4d3948aee73f12ea935ac3b.php 第 298 行.
INFO: Run Behavior\ParseTemplateBehavior [ RunTime:0.007896s ]
INFO: [ view_parse ] --END-- [ RunTime:0.007932s ]
INFO: [ view_filter ] --START--
INFO: Run Behavior\WriteHtmlCacheBehavior [ RunTime:0.000112s ]
INFO: Run Behavior\TokenBuildBehavior [ RunTime:0.000272s ]
INFO: [ view_filter ] --END-- [ RunTime:0.000442s ]
INFO: [ app_end ] --START--
INFO: Run Behavior\ShowPageTraceBehavior [ RunTime:0.000394s ]
INFO: [ app_end ] --END-- [ RunTime:0.000462s ]

[ 2017-08-10T13:49:07+08:00 ] 112.17.235.144 /index.php/Mobile/Article/search/channel/xq?keyword=%E9%A3%9F%E5%93%81%E6%9C%BA%E6%A2%B0&__hash__=4c986c167f2fa12b222a422e0e409e0b_1821c7a5d904283b2fe28acbeebf04d5
INFO: [ app_init ] --START--
INFO: Run Behavior\BuildLiteBehavior [ RunTime:0.000013s ]
INFO: [ app_init ] --END-- [ RunTime:0.000247s ]
INFO: [ app_begin ] --START--
INFO: Run Behavior\ReadHtmlCacheBehavior [ RunTime:0.000471s ]
INFO: [ app_begin ] --END-- [ RunTime:0.000532s ]
INFO: [ action_begin ] --START--
INFO: Run Home\Behaviors\siteBehavior [ RunTime:0.000171s ]
INFO: [ action_begin ] --END-- [ RunTime:0.000217s ]
NOTIC: [8] Undefined index: search /var/www/html/paoding_gemmap/Application/Mobile/Controller/ArticleController.class.php 第 115 行.
INFO: [ view_begin ] --START--
INFO: Run Home\Behaviors\testBehavior [ RunTime:0.000102s ]
INFO: [ view_begin ] --END-- [ RunTime:0.000143s ]
INFO: [ view_parse ] --START--
INFO: [ template_filter ] --START--
INFO: Run Behavior\ContentReplaceBehavior [ RunTime:0.000110s ]
INFO: [ template_filter ] --END-- [ RunTime:0.000173s ]
NOTIC: [8] Undefined variable: seoTitle /var/www/html/paoding_gemmap/Application/Runtime/Cache/Mobile/6483c76b96eb671f272963abaec6b60a.php 第 6 行.
NOTIC: [8] Undefined variable: seoKeywords /var/www/html/paoding_gemmap/Application/Runtime/Cache/Mobile/6483c76b96eb671f272963abaec6b60a.php 第 8 行.
NOTIC: [8] Undefined variable: seoDescription /var/www/html/paoding_gemmap/Application/Runtime/Cache/Mobile/6483c76b96eb671f272963abaec6b60a.php 第 9 行.
INFO: Run Behavior\ParseTemplateBehavior [ RunTime:0.025213s ]
INFO: [ view_parse ] --END-- [ RunTime:0.025251s ]
INFO: [ view_filter ] --START--
INFO: Run Behavior\WriteHtmlCacheBehavior [ RunTime:0.000110s ]
INFO: Run Behavior\TokenBuildBehavior [ RunTime:0.000278s ]
INFO: [ view_filter ] --END-- [ RunTime:0.000446s ]
INFO: [ app_end ] --START--
INFO: Run Behavior\ShowPageTraceBehavior [ RunTime:0.000420s ]
INFO: [ app_end ] --END-- [ RunTime:0.000484s ]

[ 2017-08-10T13:49:19+08:00 ] 112.17.235.144 /index.php/Mobile/Article/search/channel/xq?keyword=%E9%A3%9F%E5%93%81&__hash__=4c986c167f2fa12b222a422e0e409e0b_1821c7a5d904283b2fe28acbeebf04d5
INFO: [ app_init ] --START--
INFO: Run Behavior\BuildLiteBehavior [ RunTime:0.000013s ]
INFO: [ app_init ] --END-- [ RunTime:0.000249s ]
INFO: [ app_begin ] --START--
INFO: Run Behavior\ReadHtmlCacheBehavior [ RunTime:0.000326s ]
INFO: [ app_begin ] --END-- [ RunTime:0.000368s ]
INFO: [ action_begin ] --START--
INFO: Run Home\Behaviors\siteBehavior [ RunTime:0.000161s ]
INFO: [ action_begin ] --END-- [ RunTime:0.000248s ]
NOTIC: [8] Undefined index: search /var/www/html/paoding_gemmap/Application/Mobile/Controller/ArticleController.class.php 第 115 行.
INFO: [ view_begin ] --START--
INFO: Run Home\Behaviors\testBehavior [ RunTime:0.000115s ]
INFO: [ view_begin ] --END-- [ RunTime:0.000162s ]
INFO: [ view_parse ] --START--
INFO: [ template_filter ] --START--
INFO: Run Behavior\ContentReplaceBehavior [ RunTime:0.000095s ]
INFO: [ template_filter ] --END-- [ RunTime:0.000137s ]
NOTIC: [8] Undefined variable: seoTitle /var/www/html/paoding_gemmap/Application/Runtime/Cache/Mobile/6483c76b96eb671f272963abaec6b60a.php 第 6 行.
NOTIC: [8] Undefined variable: seoKeywords /var/www/html/paoding_gemmap/Application/Runtime/Cache/Mobile/6483c76b96eb671f272963abaec6b60a.php 第 8 行.
NOTIC: [8] Undefined variable: seoDescription /var/www/html/paoding_gemmap/Application/Runtime/Cache/Mobile/6483c76b96eb671f272963abaec6b60a.php 第 9 行.
INFO: Run Behavior\ParseTemplateBehavior [ RunTime:0.006584s ]
INFO: [ view_parse ] --END-- [ RunTime:0.006620s ]
INFO: [ view_filter ] --START--
INFO: Run Behavior\WriteHtmlCacheBehavior [ RunTime:0.000106s ]
INFO: Run Behavior\TokenBuildBehavior [ RunTime:0.000246s ]
INFO: [ view_filter ] --END-- [ RunTime:0.000406s ]
INFO: [ app_end ] --START--
INFO: Run Behavior\ShowPageTraceBehavior [ RunTime:0.000389s ]
INFO: [ app_end ] --END-- [ RunTime:0.000431s ]

[ 2017-08-10T13:49:28+08:00 ] 101.226.99.196 /index.php/Mobile/Article/search/channel/xq?keyword=%E9%A3%9F%E5%93%81&__hash__=4c986c167f2fa12b222a422e0e409e0b_1821c7a5d904283b2fe28acbeebf04d5
INFO: [ app_init ] --START--
INFO: Run Behavior\BuildLiteBehavior [ RunTime:0.000013s ]
INFO: [ app_init ] --END-- [ RunTime:0.000248s ]
INFO: [ app_begin ] --START--
INFO: Run Behavior\ReadHtmlCacheBehavior [ RunTime:0.000326s ]
INFO: [ app_begin ] --END-- [ RunTime:0.000369s ]
INFO: [ action_begin ] --START--
INFO: Run Home\Behaviors\siteBehavior [ RunTime:0.007712s ]
INFO: [ action_begin ] --END-- [ RunTime:0.007762s ]

[ 2017-08-10T14:00:41+08:00 ] 59.41.183.20 /index.php/mobile/Article/data_list/channel/xq
INFO: [ app_init ] --START--
INFO: Run Behavior\BuildLiteBehavior [ RunTime:0.000013s ]
INFO: [ app_init ] --END-- [ RunTime:0.000300s ]
INFO: [ app_begin ] --START--
INFO: Run Behavior\ReadHtmlCacheBehavior [ RunTime:0.000409s ]
INFO: [ app_begin ] --END-- [ RunTime:0.000454s ]
INFO: [ action_begin ] --START--
INFO: Run Home\Behaviors\siteBehavior [ RunTime:0.008304s ]
INFO: [ action_begin ] --END-- [ RunTime:0.008360s ]

[ 2017-08-10T14:00:44+08:00 ] 59.41.183.20 /index.php/mobile/Article/data_list/channel/xq
INFO: [ app_init ] --START--
INFO: Run Behavior\BuildLiteBehavior [ RunTime:0.000014s ]
INFO: [ app_init ] --END-- [ RunTime:0.000251s ]
INFO: [ app_begin ] --START--
INFO: Run Behavior\ReadHtmlCacheBehavior [ RunTime:0.000395s ]
INFO: [ app_begin ] --END-- [ RunTime:0.000456s ]
INFO: [ action_begin ] --START--
INFO: Run Home\Behaviors\siteBehavior [ RunTime:0.000256s ]
INFO: [ action_begin ] --END-- [ RunTime:0.000318s ]
NOTIC: [8] Undefined index: type /var/www/html/paoding_gemmap/Application/Mobile/Controller/ArticleController.class.php 第 21 行.
NOTIC: [8] Undefined index: order_id /var/www/html/paoding_gemmap/Application/Mobile/Controller/ArticleController.class.php 第 24 行.
INFO: [ view_begin ] --START--
INFO: Run Home\Behaviors\testBehavior [ RunTime:0.000093s ]
INFO: [ view_begin ] --END-- [ RunTime:0.000132s ]
INFO: [ view_parse ] --START--
INFO: [ template_filter ] --START--
INFO: Run Behavior\ContentReplaceBehavior [ RunTime:0.000129s ]
INFO: [ template_filter ] --END-- [ RunTime:0.000188s ]
NOTIC: [8] Undefined variable: seoTitle /var/www/html/paoding_gemmap/Application/Runtime/Cache/Mobile/1724b1f1b079b2a6a957bdf2135918fc.php 第 6 行.
NOTIC: [8] Undefined variable: seoKeywords /var/www/html/paoding_gemmap/Application/Runtime/Cache/Mobile/1724b1f1b079b2a6a957bdf2135918fc.php 第 8 行.
NOTIC: [8] Undefined variable: seoDescription /var/www/html/paoding_gemmap/Application/Runtime/Cache/Mobile/1724b1f1b079b2a6a957bdf2135918fc.php 第 9 行.
NOTIC: [8] Undefined variable: v /var/www/html/paoding_gemmap/Application/Runtime/Cache/Mobile/1724b1f1b079b2a6a957bdf2135918fc.php 第 105 行.
NOTIC: [8] Undefined variable: others /var/www/html/paoding_gemmap/Application/Runtime/Cache/Mobile/1724b1f1b079b2a6a957bdf2135918fc.php 第 126 行.
INFO: Run Behavior\ParseTemplateBehavior [ RunTime:0.010393s ]
INFO: [ view_parse ] --END-- [ RunTime:0.010430s ]
INFO: [ view_filter ] --START--
INFO: Run Behavior\WriteHtmlCacheBehavior [ RunTime:0.000109s ]
INFO: Run Behavior\TokenBuildBehavior [ RunTime:0.000252s ]
INFO: [ view_filter ] --END-- [ RunTime:0.000419s ]
INFO: [ app_end ] --START--
INFO: Run Behavior\ShowPageTraceBehavior [ RunTime:0.000437s ]
INFO: [ app_end ] --END-- [ RunTime:0.000501s ]

[ 2017-08-10T14:02:17+08:00 ] 101.226.33.239 /index.php/Mobile/Article/detail/channel/xq/type/1/data_id/3084
INFO: [ app_init ] --START--
INFO: Run Behavior\BuildLiteBehavior [ RunTime:0.000013s ]
INFO: [ app_init ] --END-- [ RunTime:0.000248s ]
INFO: [ app_begin ] --START--
INFO: Run Behavior\ReadHtmlCacheBehavior [ RunTime:0.000368s ]
INFO: [ app_begin ] --END-- [ RunTime:0.000411s ]
INFO: [ action_begin ] --START--
INFO: Run Home\Behaviors\siteBehavior [ RunTime:0.008445s ]
INFO: [ action_begin ] --END-- [ RunTime:0.008509s ]

[ 2017-08-10T14:10:13+08:00 ] 180.163.2.116 /index.php/Mobile/Article/detail/channel/xq/type/1/data_id/3084
INFO: [ app_init ] --START--
INFO: Run Behavior\BuildLiteBehavior [ RunTime:0.000015s ]
INFO: [ app_init ] --END-- [ RunTime:0.000261s ]
INFO: [ app_begin ] --START--
INFO: Run Behavior\ReadHtmlCacheBehavior [ RunTime:0.000333s ]
INFO: [ app_begin ] --END-- [ RunTime:0.000384s ]
INFO: [ action_begin ] --START--
INFO: Run Home\Behaviors\siteBehavior [ RunTime:0.007958s ]
INFO: [ action_begin ] --END-- [ RunTime:0.008007s ]

[ 2017-08-10T14:32:57+08:00 ] 113.111.88.148 /index.php/mobile/Index
INFO: [ app_init ] --START--
INFO: Run Behavior\BuildLiteBehavior [ RunTime:0.000014s ]
INFO: [ app_init ] --END-- [ RunTime:0.000297s ]
INFO: [ app_begin ] --START--
INFO: Run Behavior\ReadHtmlCacheBehavior [ RunTime:0.000353s ]
INFO: [ app_begin ] --END-- [ RunTime:0.000413s ]
NOTIC: [2048] Declaration of Mobile\Controller\IndexController::error() should be compatible with Think\Controller::error($message = '', $jumpUrl = '', $ajax = false) /var/www/html/paoding_gemmap/Application/Mobile/Controller/IndexController.class.php 第 8 行.
INFO: [ action_begin ] --START--
INFO: Run Home\Behaviors\siteBehavior [ RunTime:0.008530s ]
INFO: [ action_begin ] --END-- [ RunTime:0.008581s ]
INFO: [ view_begin ] --START--
INFO: Run Home\Behaviors\testBehavior [ RunTime:0.000121s ]
INFO: [ view_begin ] --END-- [ RunTime:0.000165s ]
INFO: [ view_parse ] --START--
INFO: [ template_filter ] --START--
INFO: Run Behavior\ContentReplaceBehavior [ RunTime:0.000097s ]
INFO: [ template_filter ] --END-- [ RunTime:0.000154s ]
NOTIC: [8] Undefined variable: seoTitle /var/www/html/paoding_gemmap/Application/Runtime/Cache/Mobile/287a75ef6074c13750e3b2bdaccd2921.php 第 6 行.
NOTIC: [8] Undefined variable: seoKeywords /var/www/html/paoding_gemmap/Application/Runtime/Cache/Mobile/287a75ef6074c13750e3b2bdaccd2921.php 第 8 行.
NOTIC: [8] Undefined variable: seoDescription /var/www/html/paoding_gemmap/Application/Runtime/Cache/Mobile/287a75ef6074c13750e3b2bdaccd2921.php 第 9 行.
NOTIC: [8] Undefined variable: v /var/www/html/paoding_gemmap/Application/Runtime/Cache/Mobile/287a75ef6074c13750e3b2bdaccd2921.php 第 78 行.
INFO: Run Behavior\ParseTemplateBehavior [ RunTime:0.006568s ]
INFO: [ view_parse ] --END-- [ RunTime:0.006602s ]
INFO: [ view_filter ] --START--
INFO: Run Behavior\WriteHtmlCacheBehavior [ RunTime:0.000115s ]
INFO: Run Behavior\TokenBuildBehavior [ RunTime:0.000236s ]
INFO: [ view_filter ] --END-- [ RunTime:0.000451s ]
INFO: [ app_end ] --START--
INFO: Run Behavior\ShowPageTraceBehavior [ RunTime:0.000397s ]
INFO: [ app_end ] --END-- [ RunTime:0.000483s ]

[ 2017-08-10T14:58:46+08:00 ] 120.197.53.211 /index.php/mobile/Index
INFO: [ app_init ] --START--
INFO: Run Behavior\BuildLiteBehavior [ RunTime:0.000013s ]
INFO: [ app_init ] --END-- [ RunTime:0.000249s ]
INFO: [ app_begin ] --START--
INFO: Run Behavior\ReadHtmlCacheBehavior [ RunTime:0.000325s ]
INFO: [ app_begin ] --END-- [ RunTime:0.000368s ]
NOTIC: [2048] Declaration of Mobile\Controller\IndexController::error() should be compatible with Think\Controller::error($message = '', $jumpUrl = '', $ajax = false) /var/www/html/paoding_gemmap/Application/Mobile/Controller/IndexController.class.php 第 8 行.
INFO: [ action_begin ] --START--
INFO: Run Home\Behaviors\siteBehavior [ RunTime:0.007914s ]
INFO: [ action_begin ] --END-- [ RunTime:0.007961s ]
INFO: [ view_begin ] --START--
INFO: Run Home\Behaviors\testBehavior [ RunTime:0.000119s ]
INFO: [ view_begin ] --END-- [ RunTime:0.000163s ]
INFO: [ view_parse ] --START--
INFO: [ template_filter ] --START--
INFO: Run Behavior\ContentReplaceBehavior [ RunTime:0.000092s ]
INFO: [ template_filter ] --END-- [ RunTime:0.000144s ]
NOTIC: [8] Undefined variable: seoTitle /var/www/html/paoding_gemmap/Application/Runtime/Cache/Mobile/287a75ef6074c13750e3b2bdaccd2921.php 第 6 行.
NOTIC: [8] Undefined variable: seoKeywords /var/www/html/paoding_gemmap/Application/Runtime/Cache/Mobile/287a75ef6074c13750e3b2bdaccd2921.php 第 8 行.
NOTIC: [8] Undefined variable: seoDescription /var/www/html/paoding_gemmap/Application/Runtime/Cache/Mobile/287a75ef6074c13750e3b2bdaccd2921.php 第 9 行.
NOTIC: [8] Undefined variable: v /var/www/html/paoding_gemmap/Application/Runtime/Cache/Mobile/287a75ef6074c13750e3b2bdaccd2921.php 第 78 行.
INFO: Run Behavior\ParseTemplateBehavior [ RunTime:0.006452s ]
INFO: [ view_parse ] --END-- [ RunTime:0.006487s ]
INFO: [ view_filter ] --START--
INFO: Run Behavior\WriteHtmlCacheBehavior [ RunTime:0.000110s ]
INFO: Run Behavior\TokenBuildBehavior [ RunTime:0.000236s ]
INFO: [ view_filter ] --END-- [ RunTime:0.000407s ]
INFO: [ app_end ] --START--
INFO: Run Behavior\ShowPageTraceBehavior [ RunTime:0.000412s ]
INFO: [ app_end ] --END-- [ RunTime:0.000453s ]

