[ 2017-08-02T03:04:36+08:00 ] 101.226.102.141 /index.php/mobile/Article/data_list/channel/xq
INFO: [ app_init ] --START--
INFO: Run Behavior\BuildLiteBehavior [ RunTime:0.000011s ]
INFO: [ app_init ] --END-- [ RunTime:0.000238s ]
INFO: [ app_begin ] --START--
INFO: Run Behavior\ReadHtmlCacheBehavior [ RunTime:0.000322s ]
INFO: [ app_begin ] --END-- [ RunTime:0.000364s ]
INFO: [ action_begin ] --START--
INFO: Run Home\Behaviors\siteBehavior [ RunTime:0.007450s ]
INFO: [ action_begin ] --END-- [ RunTime:0.007497s ]

[ 2017-08-02T03:04:45+08:00 ] 101.226.68.161 /index.php/mobile/Article/data_list/channel/xq
INFO: [ app_init ] --START--
INFO: Run Behavior\BuildLiteBehavior [ RunTime:0.000013s ]
INFO: [ app_init ] --END-- [ RunTime:0.000246s ]
INFO: [ app_begin ] --START--
INFO: Run Behavior\ReadHtmlCacheBehavior [ RunTime:0.000327s ]
INFO: [ app_begin ] --END-- [ RunTime:0.000369s ]
INFO: [ action_begin ] --START--
INFO: Run Home\Behaviors\siteBehavior [ RunTime:0.007744s ]
INFO: [ action_begin ] --END-- [ RunTime:0.007790s ]

[ 2017-08-02T03:11:20+08:00 ] 101.226.33.218 /index.php/mobile/Article/data_list/channel/xq
INFO: [ app_init ] --START--
INFO: Run Behavior\BuildLiteBehavior [ RunTime:0.000013s ]
INFO: [ app_init ] --END-- [ RunTime:0.000316s ]
INFO: [ app_begin ] --START--
INFO: Run Behavior\ReadHtmlCacheBehavior [ RunTime:0.000367s ]
INFO: [ app_begin ] --END-- [ RunTime:0.000410s ]
INFO: [ action_begin ] --START--
INFO: Run Home\Behaviors\siteBehavior [ RunTime:0.007713s ]
INFO: [ action_begin ] --END-- [ RunTime:0.007760s ]

[ 2017-08-02T04:08:22+08:00 ] 101.226.233.143 /index.php/mobile/Index
INFO: [ app_init ] --START--
INFO: Run Behavior\BuildLiteBehavior [ RunTime:0.000012s ]
INFO: [ app_init ] --END-- [ RunTime:0.000247s ]
INFO: [ app_begin ] --START--
INFO: Run Behavior\ReadHtmlCacheBehavior [ RunTime:0.000322s ]
INFO: [ app_begin ] --END-- [ RunTime:0.000411s ]
NOTIC: [2048] Declaration of Mobile\Controller\IndexController::error() should be compatible with Think\Controller::error($message = '', $jumpUrl = '', $ajax = false) /var/www/html/paoding_gemmap/Application/Mobile/Controller/IndexController.class.php 第 8 行.
INFO: [ action_begin ] --START--
INFO: Run Home\Behaviors\siteBehavior [ RunTime:0.007821s ]
INFO: [ action_begin ] --END-- [ RunTime:0.007864s ]
INFO: [ view_begin ] --START--
INFO: Run Home\Behaviors\testBehavior [ RunTime:0.000091s ]
INFO: [ view_begin ] --END-- [ RunTime:0.000133s ]
INFO: [ view_parse ] --START--
INFO: [ template_filter ] --START--
INFO: Run Behavior\ContentReplaceBehavior [ RunTime:0.000088s ]
INFO: [ template_filter ] --END-- [ RunTime:0.000130s ]
NOTIC: [8] Undefined variable: seoTitle /var/www/html/paoding_gemmap/Application/Runtime/Cache/Mobile/287a75ef6074c13750e3b2bdaccd2921.php 第 6 行.
NOTIC: [8] Undefined variable: seoKeywords /var/www/html/paoding_gemmap/Application/Runtime/Cache/Mobile/287a75ef6074c13750e3b2bdaccd2921.php 第 8 行.
NOTIC: [8] Undefined variable: seoDescription /var/www/html/paoding_gemmap/Application/Runtime/Cache/Mobile/287a75ef6074c13750e3b2bdaccd2921.php 第 9 行.
NOTIC: [8] Undefined variable: v /var/www/html/paoding_gemmap/Application/Runtime/Cache/Mobile/287a75ef6074c13750e3b2bdaccd2921.php 第 78 行.
INFO: Run Behavior\ParseTemplateBehavior [ RunTime:0.006124s ]
INFO: [ view_parse ] --END-- [ RunTime:0.006160s ]
INFO: [ view_filter ] --START--
INFO: Run Behavior\WriteHtmlCacheBehavior [ RunTime:0.000123s ]
INFO: Run Behavior\TokenBuildBehavior [ RunTime:0.000230s ]
INFO: [ view_filter ] --END-- [ RunTime:0.000410s ]
INFO: [ app_end ] --START--
INFO: Run Behavior\ShowPageTraceBehavior [ RunTime:0.000334s ]
INFO: [ app_end ] --END-- [ RunTime:0.000374s ]

[ 2017-08-02T04:08:22+08:00 ] 101.226.233.153 /index.php/mobile/Article/data_list/channel/xq
INFO: [ app_init ] --START--
INFO: Run Behavior\BuildLiteBehavior [ RunTime:0.000012s ]
INFO: [ app_init ] --END-- [ RunTime:0.000246s ]
INFO: [ app_begin ] --START--
INFO: Run Behavior\ReadHtmlCacheBehavior [ RunTime:0.000327s ]
INFO: [ app_begin ] --END-- [ RunTime:0.000369s ]
INFO: [ action_begin ] --START--
INFO: Run Home\Behaviors\siteBehavior [ RunTime:0.007685s ]
INFO: [ action_begin ] --END-- [ RunTime:0.007732s ]
NOTIC: [8] Undefined index: userArr /var/www/html/paoding_gemmap/Application/Mobile/Controller/BaseController.class.php 第 68 行.
NOTIC: [8] Undefined index: type /var/www/html/paoding_gemmap/Application/Mobile/Controller/ArticleController.class.php 第 21 行.
NOTIC: [8] Undefined index: order_id /var/www/html/paoding_gemmap/Application/Mobile/Controller/ArticleController.class.php 第 24 行.
INFO: [ view_begin ] --START--
INFO: Run Home\Behaviors\testBehavior [ RunTime:0.000118s ]
INFO: [ view_begin ] --END-- [ RunTime:0.000156s ]
INFO: [ view_parse ] --START--
INFO: [ template_filter ] --START--
INFO: Run Behavior\ContentReplaceBehavior [ RunTime:0.000129s ]
INFO: [ template_filter ] --END-- [ RunTime:0.000172s ]
NOTIC: [8] Undefined variable: seoTitle /var/www/html/paoding_gemmap/Application/Runtime/Cache/Mobile/1724b1f1b079b2a6a957bdf2135918fc.php 第 6 行.
NOTIC: [8] Undefined variable: seoKeywords /var/www/html/paoding_gemmap/Application/Runtime/Cache/Mobile/1724b1f1b079b2a6a957bdf2135918fc.php 第 8 行.
NOTIC: [8] Undefined variable: seoDescription /var/www/html/paoding_gemmap/Application/Runtime/Cache/Mobile/1724b1f1b079b2a6a957bdf2135918fc.php 第 9 行.
NOTIC: [8] Undefined variable: v /var/www/html/paoding_gemmap/Application/Runtime/Cache/Mobile/1724b1f1b079b2a6a957bdf2135918fc.php 第 105 行.
NOTIC: [8] Undefined variable: others /var/www/html/paoding_gemmap/Application/Runtime/Cache/Mobile/1724b1f1b079b2a6a957bdf2135918fc.php 第 126 行.
INFO: Run Behavior\ParseTemplateBehavior [ RunTime:0.010311s ]
INFO: [ view_parse ] --END-- [ RunTime:0.010346s ]
INFO: [ view_filter ] --START--
INFO: Run Behavior\WriteHtmlCacheBehavior [ RunTime:0.000168s ]
INFO: Run Behavior\TokenBuildBehavior [ RunTime:0.000243s ]
INFO: [ view_filter ] --END-- [ RunTime:0.000469s ]
INFO: [ app_end ] --START--
INFO: Run Behavior\ShowPageTraceBehavior [ RunTime:0.000355s ]
INFO: [ app_end ] --END-- [ RunTime:0.000396s ]

[ 2017-08-02T05:43:47+08:00 ] 183.61.52.70 /index.php/mobile/Index
INFO: [ app_init ] --START--
INFO: Run Behavior\BuildLiteBehavior [ RunTime:0.000013s ]
INFO: [ app_init ] --END-- [ RunTime:0.000257s ]
INFO: [ app_begin ] --START--
INFO: Run Behavior\ReadHtmlCacheBehavior [ RunTime:0.000437s ]
INFO: [ app_begin ] --END-- [ RunTime:0.000506s ]
NOTIC: [2048] Declaration of Mobile\Controller\IndexController::error() should be compatible with Think\Controller::error($message = '', $jumpUrl = '', $ajax = false) /var/www/html/paoding_gemmap/Application/Mobile/Controller/IndexController.class.php 第 8 行.
INFO: [ action_begin ] --START--
INFO: Run Home\Behaviors\siteBehavior [ RunTime:0.008135s ]
INFO: [ action_begin ] --END-- [ RunTime:0.008185s ]
INFO: [ view_begin ] --START--
INFO: Run Home\Behaviors\testBehavior [ RunTime:0.000093s ]
INFO: [ view_begin ] --END-- [ RunTime:0.000136s ]
INFO: [ view_parse ] --START--
INFO: [ template_filter ] --START--
INFO: Run Behavior\ContentReplaceBehavior [ RunTime:0.000092s ]
INFO: [ template_filter ] --END-- [ RunTime:0.000134s ]
NOTIC: [8] Undefined variable: seoTitle /var/www/html/paoding_gemmap/Application/Runtime/Cache/Mobile/287a75ef6074c13750e3b2bdaccd2921.php 第 6 行.
NOTIC: [8] Undefined variable: seoKeywords /var/www/html/paoding_gemmap/Application/Runtime/Cache/Mobile/287a75ef6074c13750e3b2bdaccd2921.php 第 8 行.
NOTIC: [8] Undefined variable: seoDescription /var/www/html/paoding_gemmap/Application/Runtime/Cache/Mobile/287a75ef6074c13750e3b2bdaccd2921.php 第 9 行.
NOTIC: [8] Undefined variable: v /var/www/html/paoding_gemmap/Application/Runtime/Cache/Mobile/287a75ef6074c13750e3b2bdaccd2921.php 第 78 行.
INFO: Run Behavior\ParseTemplateBehavior [ RunTime:0.006339s ]
INFO: [ view_parse ] --END-- [ RunTime:0.006373s ]
INFO: [ view_filter ] --START--
INFO: Run Behavior\WriteHtmlCacheBehavior [ RunTime:0.000146s ]
INFO: Run Behavior\TokenBuildBehavior [ RunTime:0.000255s ]
INFO: [ view_filter ] --END-- [ RunTime:0.000460s ]
INFO: [ app_end ] --START--
INFO: Run Behavior\ShowPageTraceBehavior [ RunTime:0.000364s ]
INFO: [ app_end ] --END-- [ RunTime:0.000409s ]

[ 2017-08-02T05:44:13+08:00 ] 183.61.52.70 /index.php/Mobile/Article/data_list/channel/js
INFO: [ app_init ] --START--
INFO: Run Behavior\BuildLiteBehavior [ RunTime:0.000014s ]
INFO: [ app_init ] --END-- [ RunTime:0.000251s ]
INFO: [ app_begin ] --START--
INFO: Run Behavior\ReadHtmlCacheBehavior [ RunTime:0.000342s ]
INFO: [ app_begin ] --END-- [ RunTime:0.000394s ]
INFO: [ action_begin ] --START--
INFO: Run Home\Behaviors\siteBehavior [ RunTime:0.000176s ]
INFO: [ action_begin ] --END-- [ RunTime:0.000227s ]

[ 2017-08-02T05:44:14+08:00 ] 183.61.51.208 /index.php/Mobile/Article/data_list/channel/js
INFO: [ app_init ] --START--
INFO: Run Behavior\BuildLiteBehavior [ RunTime:0.000012s ]
INFO: [ app_init ] --END-- [ RunTime:0.000298s ]
INFO: [ app_begin ] --START--
INFO: Run Behavior\ReadHtmlCacheBehavior [ RunTime:0.000373s ]
INFO: [ app_begin ] --END-- [ RunTime:0.000417s ]
INFO: [ action_begin ] --START--
INFO: Run Home\Behaviors\siteBehavior [ RunTime:0.000167s ]
INFO: [ action_begin ] --END-- [ RunTime:0.000212s ]

[ 2017-08-02T05:44:23+08:00 ] 101.226.33.202 /index.php/Mobile/Article/data_list/channel/js
INFO: [ app_init ] --START--
INFO: Run Behavior\BuildLiteBehavior [ RunTime:0.000013s ]
INFO: [ app_init ] --END-- [ RunTime:0.000251s ]
INFO: [ app_begin ] --START--
INFO: Run Behavior\ReadHtmlCacheBehavior [ RunTime:0.000327s ]
INFO: [ app_begin ] --END-- [ RunTime:0.000370s ]
INFO: [ action_begin ] --START--
INFO: Run Home\Behaviors\siteBehavior [ RunTime:0.007895s ]
INFO: [ action_begin ] --END-- [ RunTime:0.007949s ]

[ 2017-08-02T05:44:34+08:00 ] 101.226.66.177 /index.php/Mobile/Article/data_list/channel/js
INFO: [ app_init ] --START--
INFO: Run Behavior\BuildLiteBehavior [ RunTime:0.000013s ]
INFO: [ app_init ] --END-- [ RunTime:0.000244s ]
INFO: [ app_begin ] --START--
INFO: Run Behavior\ReadHtmlCacheBehavior [ RunTime:0.000328s ]
INFO: [ app_begin ] --END-- [ RunTime:0.000370s ]
INFO: [ action_begin ] --START--
INFO: Run Home\Behaviors\siteBehavior [ RunTime:0.008793s ]
INFO: [ action_begin ] --END-- [ RunTime:0.008892s ]

[ 2017-08-02T09:08:25+08:00 ] 113.109.62.241 /index.php/mobile/Index
INFO: [ app_init ] --START--
INFO: Run Behavior\BuildLiteBehavior [ RunTime:0.000012s ]
INFO: [ app_init ] --END-- [ RunTime:0.000252s ]
INFO: [ app_begin ] --START--
INFO: Run Behavior\ReadHtmlCacheBehavior [ RunTime:0.000371s ]
INFO: [ app_begin ] --END-- [ RunTime:0.000415s ]
NOTIC: [2048] Declaration of Mobile\Controller\IndexController::error() should be compatible with Think\Controller::error($message = '', $jumpUrl = '', $ajax = false) /var/www/html/paoding_gemmap/Application/Mobile/Controller/IndexController.class.php 第 8 行.
INFO: [ action_begin ] --START--
INFO: Run Home\Behaviors\siteBehavior [ RunTime:0.007735s ]
INFO: [ action_begin ] --END-- [ RunTime:0.007780s ]
INFO: [ view_begin ] --START--
INFO: Run Home\Behaviors\testBehavior [ RunTime:0.000117s ]
INFO: [ view_begin ] --END-- [ RunTime:0.000162s ]
INFO: [ view_parse ] --START--
INFO: [ template_filter ] --START--
INFO: Run Behavior\ContentReplaceBehavior [ RunTime:0.000090s ]
INFO: [ template_filter ] --END-- [ RunTime:0.000131s ]
NOTIC: [8] Undefined variable: seoTitle /var/www/html/paoding_gemmap/Application/Runtime/Cache/Mobile/287a75ef6074c13750e3b2bdaccd2921.php 第 6 行.
NOTIC: [8] Undefined variable: seoKeywords /var/www/html/paoding_gemmap/Application/Runtime/Cache/Mobile/287a75ef6074c13750e3b2bdaccd2921.php 第 8 行.
NOTIC: [8] Undefined variable: seoDescription /var/www/html/paoding_gemmap/Application/Runtime/Cache/Mobile/287a75ef6074c13750e3b2bdaccd2921.php 第 9 行.
NOTIC: [8] Undefined variable: v /var/www/html/paoding_gemmap/Application/Runtime/Cache/Mobile/287a75ef6074c13750e3b2bdaccd2921.php 第 78 行.
INFO: Run Behavior\ParseTemplateBehavior [ RunTime:0.006324s ]
INFO: [ view_parse ] --END-- [ RunTime:0.006359s ]
INFO: [ view_filter ] --START--
INFO: Run Behavior\WriteHtmlCacheBehavior [ RunTime:0.000108s ]
INFO: Run Behavior\TokenBuildBehavior [ RunTime:0.000236s ]
INFO: [ view_filter ] --END-- [ RunTime:0.000399s ]
INFO: [ app_end ] --START--
INFO: Run Behavior\ShowPageTraceBehavior [ RunTime:0.000385s ]
INFO: [ app_end ] --END-- [ RunTime:0.000425s ]

[ 2017-08-02T09:08:29+08:00 ] 113.109.62.241 /index.php/Mobile/User/user_center
INFO: [ app_init ] --START--
INFO: Run Behavior\BuildLiteBehavior [ RunTime:0.000014s ]
INFO: [ app_init ] --END-- [ RunTime:0.000264s ]
INFO: [ app_begin ] --START--
INFO: Run Behavior\ReadHtmlCacheBehavior [ RunTime:0.000331s ]
INFO: [ app_begin ] --END-- [ RunTime:0.000374s ]
INFO: [ action_begin ] --START--
INFO: Run Home\Behaviors\siteBehavior [ RunTime:0.000265s ]
INFO: [ action_begin ] --END-- [ RunTime:0.000322s ]

[ 2017-08-02T09:08:33+08:00 ] 113.109.62.241 /index.php/Mobile/User/user_center
INFO: [ app_init ] --START--
INFO: Run Behavior\BuildLiteBehavior [ RunTime:0.000012s ]
INFO: [ app_init ] --END-- [ RunTime:0.000288s ]
INFO: [ app_begin ] --START--
INFO: Run Behavior\ReadHtmlCacheBehavior [ RunTime:0.000373s ]
INFO: [ app_begin ] --END-- [ RunTime:0.000416s ]
INFO: [ action_begin ] --START--
INFO: Run Home\Behaviors\siteBehavior [ RunTime:0.000165s ]
INFO: [ action_begin ] --END-- [ RunTime:0.000210s ]
INFO: [ view_begin ] --START--
INFO: Run Home\Behaviors\testBehavior [ RunTime:0.000092s ]
INFO: [ view_begin ] --END-- [ RunTime:0.000137s ]
INFO: [ view_parse ] --START--
INFO: [ template_filter ] --START--
INFO: Run Behavior\ContentReplaceBehavior [ RunTime:0.000070s ]
INFO: [ template_filter ] --END-- [ RunTime:0.000111s ]
NOTIC: [8] Undefined variable: seoTitle /var/www/html/paoding_gemmap/Application/Runtime/Cache/Mobile/f080998a8e083aa14aa33f0e3c4bb333.php 第 7 行.
NOTIC: [8] Undefined variable: seoKeywords /var/www/html/paoding_gemmap/Application/Runtime/Cache/Mobile/f080998a8e083aa14aa33f0e3c4bb333.php 第 8 行.
NOTIC: [8] Undefined variable: seoDescription /var/www/html/paoding_gemmap/Application/Runtime/Cache/Mobile/f080998a8e083aa14aa33f0e3c4bb333.php 第 10 行.
INFO: Run Behavior\ParseTemplateBehavior [ RunTime:0.005507s ]
INFO: [ view_parse ] --END-- [ RunTime:0.005543s ]
INFO: [ view_filter ] --START--
INFO: Run Behavior\WriteHtmlCacheBehavior [ RunTime:0.000106s ]
INFO: Run Behavior\TokenBuildBehavior [ RunTime:0.000219s ]
INFO: [ view_filter ] --END-- [ RunTime:0.000381s ]
INFO: [ app_end ] --START--
INFO: Run Behavior\ShowPageTraceBehavior [ RunTime:0.000383s ]
INFO: [ app_end ] --END-- [ RunTime:0.000421s ]

[ 2017-08-02T09:08:38+08:00 ] 113.109.62.241 /index.php/Mobile/User/detail
INFO: [ app_init ] --START--
INFO: Run Behavior\BuildLiteBehavior [ RunTime:0.000013s ]
INFO: [ app_init ] --END-- [ RunTime:0.000294s ]
INFO: [ app_begin ] --START--
INFO: Run Behavior\ReadHtmlCacheBehavior [ RunTime:0.000363s ]
INFO: [ app_begin ] --END-- [ RunTime:0.000406s ]
INFO: [ action_begin ] --START--
INFO: Run Home\Behaviors\siteBehavior [ RunTime:0.000166s ]
INFO: [ action_begin ] --END-- [ RunTime:0.000211s ]
INFO: [ view_begin ] --START--
INFO: Run Home\Behaviors\testBehavior [ RunTime:0.000091s ]
INFO: [ view_begin ] --END-- [ RunTime:0.000134s ]
INFO: [ view_parse ] --START--
INFO: [ template_filter ] --START--
INFO: Run Behavior\ContentReplaceBehavior [ RunTime:0.000059s ]
INFO: [ template_filter ] --END-- [ RunTime:0.000100s ]
NOTIC: [8] Undefined variable: seoTitle /var/www/html/paoding_gemmap/Application/Runtime/Cache/Mobile/964f67db5ca6b7b41914dff31e05ac5d.php 第 7 行.
NOTIC: [8] Undefined variable: seoKeywords /var/www/html/paoding_gemmap/Application/Runtime/Cache/Mobile/964f67db5ca6b7b41914dff31e05ac5d.php 第 9 行.
NOTIC: [8] Undefined variable: seoDescription /var/www/html/paoding_gemmap/Application/Runtime/Cache/Mobile/964f67db5ca6b7b41914dff31e05ac5d.php 第 10 行.
INFO: Run Behavior\ParseTemplateBehavior [ RunTime:0.005680s ]
INFO: [ view_parse ] --END-- [ RunTime:0.005714s ]
INFO: [ view_filter ] --START--
INFO: Run Behavior\WriteHtmlCacheBehavior [ RunTime:0.000107s ]
INFO: Run Behavior\TokenBuildBehavior [ RunTime:0.000223s ]
INFO: [ view_filter ] --END-- [ RunTime:0.000384s ]
INFO: [ app_end ] --START--
INFO: Run Behavior\ShowPageTraceBehavior [ RunTime:0.000370s ]
INFO: [ app_end ] --END-- [ RunTime:0.000454s ]

[ 2017-08-02T09:08:54+08:00 ] 61.151.218.119 /index.php/Mobile/User/detail
INFO: [ app_init ] --START--
INFO: Run Behavior\BuildLiteBehavior [ RunTime:0.000021s ]
INFO: [ app_init ] --END-- [ RunTime:0.000319s ]
INFO: [ app_begin ] --START--
INFO: Run Behavior\ReadHtmlCacheBehavior [ RunTime:0.000558s ]
INFO: [ app_begin ] --END-- [ RunTime:0.000643s ]
INFO: [ action_begin ] --START--
INFO: Run Home\Behaviors\siteBehavior [ RunTime:0.013114s ]
INFO: [ action_begin ] --END-- [ RunTime:0.013185s ]

[ 2017-08-02T09:10:30+08:00 ] 113.109.62.241 /index.php/mobile/Index
INFO: [ app_init ] --START--
INFO: Run Behavior\BuildLiteBehavior [ RunTime:0.000013s ]
INFO: [ app_init ] --END-- [ RunTime:0.000250s ]
INFO: [ app_begin ] --START--
INFO: Run Behavior\ReadHtmlCacheBehavior [ RunTime:0.000518s ]
INFO: [ app_begin ] --END-- [ RunTime:0.000578s ]
NOTIC: [2048] Declaration of Mobile\Controller\IndexController::error() should be compatible with Think\Controller::error($message = '', $jumpUrl = '', $ajax = false) /var/www/html/paoding_gemmap/Application/Mobile/Controller/IndexController.class.php 第 8 行.
INFO: [ action_begin ] --START--
INFO: Run Home\Behaviors\siteBehavior [ RunTime:0.000305s ]
INFO: [ action_begin ] --END-- [ RunTime:0.000353s ]
INFO: [ view_begin ] --START--
INFO: Run Home\Behaviors\testBehavior [ RunTime:0.000122s ]
INFO: [ view_begin ] --END-- [ RunTime:0.000167s ]
INFO: [ view_parse ] --START--
INFO: [ template_filter ] --START--
INFO: Run Behavior\ContentReplaceBehavior [ RunTime:0.000120s ]
INFO: [ template_filter ] --END-- [ RunTime:0.000163s ]
NOTIC: [8] Undefined variable: seoTitle /var/www/html/paoding_gemmap/Application/Runtime/Cache/Mobile/287a75ef6074c13750e3b2bdaccd2921.php 第 6 行.
NOTIC: [8] Undefined variable: seoKeywords /var/www/html/paoding_gemmap/Application/Runtime/Cache/Mobile/287a75ef6074c13750e3b2bdaccd2921.php 第 8 行.
NOTIC: [8] Undefined variable: seoDescription /var/www/html/paoding_gemmap/Application/Runtime/Cache/Mobile/287a75ef6074c13750e3b2bdaccd2921.php 第 9 行.
NOTIC: [8] Undefined variable: v /var/www/html/paoding_gemmap/Application/Runtime/Cache/Mobile/287a75ef6074c13750e3b2bdaccd2921.php 第 78 行.
INFO: Run Behavior\ParseTemplateBehavior [ RunTime:0.006739s ]
INFO: [ view_parse ] --END-- [ RunTime:0.006776s ]
INFO: [ view_filter ] --START--
INFO: Run Behavior\WriteHtmlCacheBehavior [ RunTime:0.000112s ]
INFO: Run Behavior\TokenBuildBehavior [ RunTime:0.000299s ]
INFO: [ view_filter ] --END-- [ RunTime:0.000469s ]
INFO: [ app_end ] --START--
INFO: Run Behavior\ShowPageTraceBehavior [ RunTime:0.000379s ]
INFO: [ app_end ] --END-- [ RunTime:0.000429s ]

[ 2017-08-02T09:10:32+08:00 ] 113.109.62.241 /index.php/Mobile/User/user_center
INFO: [ app_init ] --START--
INFO: Run Behavior\BuildLiteBehavior [ RunTime:0.000013s ]
INFO: [ app_init ] --END-- [ RunTime:0.000295s ]
INFO: [ app_begin ] --START--
INFO: Run Behavior\ReadHtmlCacheBehavior [ RunTime:0.000386s ]
INFO: [ app_begin ] --END-- [ RunTime:0.000469s ]
INFO: [ action_begin ] --START--
INFO: Run Home\Behaviors\siteBehavior [ RunTime:0.000161s ]
INFO: [ action_begin ] --END-- [ RunTime:0.000206s ]
INFO: [ view_begin ] --START--
INFO: Run Home\Behaviors\testBehavior [ RunTime:0.000087s ]
INFO: [ view_begin ] --END-- [ RunTime:0.000131s ]
INFO: [ view_parse ] --START--
INFO: [ template_filter ] --START--
INFO: Run Behavior\ContentReplaceBehavior [ RunTime:0.000082s ]
INFO: [ template_filter ] --END-- [ RunTime:0.000140s ]
NOTIC: [8] Undefined variable: seoTitle /var/www/html/paoding_gemmap/Application/Runtime/Cache/Mobile/f080998a8e083aa14aa33f0e3c4bb333.php 第 7 行.
NOTIC: [8] Undefined variable: seoKeywords /var/www/html/paoding_gemmap/Application/Runtime/Cache/Mobile/f080998a8e083aa14aa33f0e3c4bb333.php 第 8 行.
NOTIC: [8] Undefined variable: seoDescription /var/www/html/paoding_gemmap/Application/Runtime/Cache/Mobile/f080998a8e083aa14aa33f0e3c4bb333.php 第 10 行.
INFO: Run Behavior\ParseTemplateBehavior [ RunTime:0.006408s ]
INFO: [ view_parse ] --END-- [ RunTime:0.006443s ]
INFO: [ view_filter ] --START--
INFO: Run Behavior\WriteHtmlCacheBehavior [ RunTime:0.000110s ]
INFO: Run Behavior\TokenBuildBehavior [ RunTime:0.000222s ]
INFO: [ view_filter ] --END-- [ RunTime:0.000388s ]
INFO: [ app_end ] --START--
INFO: Run Behavior\ShowPageTraceBehavior [ RunTime:0.000393s ]
INFO: [ app_end ] --END-- [ RunTime:0.000432s ]

[ 2017-08-02T09:10:35+08:00 ] 113.109.62.241 /index.php/Mobile/User/detail
INFO: [ app_init ] --START--
INFO: Run Behavior\BuildLiteBehavior [ RunTime:0.000012s ]
INFO: [ app_init ] --END-- [ RunTime:0.000247s ]
INFO: [ app_begin ] --START--
INFO: Run Behavior\ReadHtmlCacheBehavior [ RunTime:0.000376s ]
INFO: [ app_begin ] --END-- [ RunTime:0.000419s ]
INFO: [ action_begin ] --START--
INFO: Run Home\Behaviors\siteBehavior [ RunTime:0.000163s ]
INFO: [ action_begin ] --END-- [ RunTime:0.000207s ]
INFO: [ view_begin ] --START--
INFO: Run Home\Behaviors\testBehavior [ RunTime:0.000132s ]
INFO: [ view_begin ] --END-- [ RunTime:0.000178s ]
INFO: [ view_parse ] --START--
INFO: [ template_filter ] --START--
INFO: Run Behavior\ContentReplaceBehavior [ RunTime:0.000061s ]
INFO: [ template_filter ] --END-- [ RunTime:0.000101s ]
NOTIC: [8] Undefined variable: seoTitle /var/www/html/paoding_gemmap/Application/Runtime/Cache/Mobile/964f67db5ca6b7b41914dff31e05ac5d.php 第 7 行.
NOTIC: [8] Undefined variable: seoKeywords /var/www/html/paoding_gemmap/Application/Runtime/Cache/Mobile/964f67db5ca6b7b41914dff31e05ac5d.php 第 9 行.
NOTIC: [8] Undefined variable: seoDescription /var/www/html/paoding_gemmap/Application/Runtime/Cache/Mobile/964f67db5ca6b7b41914dff31e05ac5d.php 第 10 行.
INFO: Run Behavior\ParseTemplateBehavior [ RunTime:0.005995s ]
INFO: [ view_parse ] --END-- [ RunTime:0.006031s ]
INFO: [ view_filter ] --START--
INFO: Run Behavior\WriteHtmlCacheBehavior [ RunTime:0.000107s ]
INFO: Run Behavior\TokenBuildBehavior [ RunTime:0.000215s ]
INFO: [ view_filter ] --END-- [ RunTime:0.000376s ]
INFO: [ app_end ] --START--
INFO: Run Behavior\ShowPageTraceBehavior [ RunTime:0.000324s ]
INFO: [ app_end ] --END-- [ RunTime:0.000406s ]

[ 2017-08-02T09:10:43+08:00 ] 113.109.62.241 /index.php/Mobile/Article/data_list/channel/xq
INFO: [ app_init ] --START--
INFO: Run Behavior\BuildLiteBehavior [ RunTime:0.000013s ]
INFO: [ app_init ] --END-- [ RunTime:0.000244s ]
INFO: [ app_begin ] --START--
INFO: Run Behavior\ReadHtmlCacheBehavior [ RunTime:0.000324s ]
INFO: [ app_begin ] --END-- [ RunTime:0.000367s ]
INFO: [ action_begin ] --START--
INFO: Run Home\Behaviors\siteBehavior [ RunTime:0.000204s ]
INFO: [ action_begin ] --END-- [ RunTime:0.000249s ]
NOTIC: [8] Undefined index: type /var/www/html/paoding_gemmap/Application/Mobile/Controller/ArticleController.class.php 第 21 行.
NOTIC: [8] Undefined index: order_id /var/www/html/paoding_gemmap/Application/Mobile/Controller/ArticleController.class.php 第 24 行.
INFO: [ view_begin ] --START--
INFO: Run Home\Behaviors\testBehavior [ RunTime:0.000097s ]
INFO: [ view_begin ] --END-- [ RunTime:0.000135s ]
INFO: [ view_parse ] --START--
INFO: [ template_filter ] --START--
INFO: Run Behavior\ContentReplaceBehavior [ RunTime:0.000130s ]
INFO: [ template_filter ] --END-- [ RunTime:0.000173s ]
NOTIC: [8] Undefined variable: seoTitle /var/www/html/paoding_gemmap/Application/Runtime/Cache/Mobile/1724b1f1b079b2a6a957bdf2135918fc.php 第 6 行.
NOTIC: [8] Undefined variable: seoKeywords /var/www/html/paoding_gemmap/Application/Runtime/Cache/Mobile/1724b1f1b079b2a6a957bdf2135918fc.php 第 8 行.
NOTIC: [8] Undefined variable: seoDescription /var/www/html/paoding_gemmap/Application/Runtime/Cache/Mobile/1724b1f1b079b2a6a957bdf2135918fc.php 第 9 行.
NOTIC: [8] Undefined variable: v /var/www/html/paoding_gemmap/Application/Runtime/Cache/Mobile/1724b1f1b079b2a6a957bdf2135918fc.php 第 105 行.
NOTIC: [8] Undefined variable: others /var/www/html/paoding_gemmap/Application/Runtime/Cache/Mobile/1724b1f1b079b2a6a957bdf2135918fc.php 第 126 行.
INFO: Run Behavior\ParseTemplateBehavior [ RunTime:0.010492s ]
INFO: [ view_parse ] --END-- [ RunTime:0.010528s ]
INFO: [ view_filter ] --START--
INFO: Run Behavior\WriteHtmlCacheBehavior [ RunTime:0.000148s ]
INFO: Run Behavior\TokenBuildBehavior [ RunTime:0.000255s ]
INFO: [ view_filter ] --END-- [ RunTime:0.000461s ]
INFO: [ app_end ] --START--
INFO: Run Behavior\ShowPageTraceBehavior [ RunTime:0.000354s ]
INFO: [ app_end ] --END-- [ RunTime:0.000394s ]

[ 2017-08-02T09:10:45+08:00 ] 113.109.62.241 /index.php/Mobile/Index
INFO: [ app_init ] --START--
INFO: Run Behavior\BuildLiteBehavior [ RunTime:0.000012s ]
INFO: [ app_init ] --END-- [ RunTime:0.000243s ]
INFO: [ app_begin ] --START--
INFO: Run Behavior\ReadHtmlCacheBehavior [ RunTime:0.000324s ]
INFO: [ app_begin ] --END-- [ RunTime:0.000367s ]
NOTIC: [2048] Declaration of Mobile\Controller\IndexController::error() should be compatible with Think\Controller::error($message = '', $jumpUrl = '', $ajax = false) /var/www/html/paoding_gemmap/Application/Mobile/Controller/IndexController.class.php 第 8 行.
INFO: [ action_begin ] --START--
INFO: Run Home\Behaviors\siteBehavior [ RunTime:0.000166s ]
INFO: [ action_begin ] --END-- [ RunTime:0.000208s ]
INFO: [ view_begin ] --START--
INFO: Run Home\Behaviors\testBehavior [ RunTime:0.000250s ]
INFO: [ view_begin ] --END-- [ RunTime:0.000314s ]
INFO: [ view_parse ] --START--
INFO: [ template_filter ] --START--
INFO: Run Behavior\ContentReplaceBehavior [ RunTime:0.000094s ]
INFO: [ template_filter ] --END-- [ RunTime:0.000136s ]
NOTIC: [8] Undefined variable: seoTitle /var/www/html/paoding_gemmap/Application/Runtime/Cache/Mobile/287a75ef6074c13750e3b2bdaccd2921.php 第 6 行.
NOTIC: [8] Undefined variable: seoKeywords /var/www/html/paoding_gemmap/Application/Runtime/Cache/Mobile/287a75ef6074c13750e3b2bdaccd2921.php 第 8 行.
NOTIC: [8] Undefined variable: seoDescription /var/www/html/paoding_gemmap/Application/Runtime/Cache/Mobile/287a75ef6074c13750e3b2bdaccd2921.php 第 9 行.
NOTIC: [8] Undefined variable: v /var/www/html/paoding_gemmap/Application/Runtime/Cache/Mobile/287a75ef6074c13750e3b2bdaccd2921.php 第 78 行.
INFO: Run Behavior\ParseTemplateBehavior [ RunTime:0.006424s ]
INFO: [ view_parse ] --END-- [ RunTime:0.006461s ]
INFO: [ view_filter ] --START--
INFO: Run Behavior\WriteHtmlCacheBehavior [ RunTime:0.000122s ]
INFO: Run Behavior\TokenBuildBehavior [ RunTime:0.000245s ]
INFO: [ view_filter ] --END-- [ RunTime:0.000424s ]
INFO: [ app_end ] --START--
INFO: Run Behavior\ShowPageTraceBehavior [ RunTime:0.000409s ]
INFO: [ app_end ] --END-- [ RunTime:0.000452s ]

[ 2017-08-02T09:15:28+08:00 ] 101.226.33.205 /index.php/Mobile/User/detail
INFO: [ app_init ] --START--
INFO: Run Behavior\BuildLiteBehavior [ RunTime:0.000013s ]
INFO: [ app_init ] --END-- [ RunTime:0.000293s ]
INFO: [ app_begin ] --START--
INFO: Run Behavior\ReadHtmlCacheBehavior [ RunTime:0.000377s ]
INFO: [ app_begin ] --END-- [ RunTime:0.000420s ]
INFO: [ action_begin ] --START--
INFO: Run Home\Behaviors\siteBehavior [ RunTime:0.007806s ]
INFO: [ action_begin ] --END-- [ RunTime:0.007853s ]

[ 2017-08-02T09:58:59+08:00 ] 101.226.102.140 /index.php/mobile/Index
INFO: [ app_init ] --START--
INFO: Run Behavior\BuildLiteBehavior [ RunTime:0.000013s ]
INFO: [ app_init ] --END-- [ RunTime:0.000296s ]
INFO: [ app_begin ] --START--
INFO: Run Behavior\ReadHtmlCacheBehavior [ RunTime:0.000378s ]
INFO: [ app_begin ] --END-- [ RunTime:0.000421s ]
NOTIC: [2048] Declaration of Mobile\Controller\IndexController::error() should be compatible with Think\Controller::error($message = '', $jumpUrl = '', $ajax = false) /var/www/html/paoding_gemmap/Application/Mobile/Controller/IndexController.class.php 第 8 行.
INFO: [ action_begin ] --START--
INFO: Run Home\Behaviors\siteBehavior [ RunTime:0.009045s ]
INFO: [ action_begin ] --END-- [ RunTime:0.009111s ]
INFO: [ view_begin ] --START--
INFO: Run Home\Behaviors\testBehavior [ RunTime:0.000133s ]
INFO: [ view_begin ] --END-- [ RunTime:0.000176s ]
INFO: [ view_parse ] --START--
INFO: [ template_filter ] --START--
INFO: Run Behavior\ContentReplaceBehavior [ RunTime:0.000099s ]
INFO: [ template_filter ] --END-- [ RunTime:0.000143s ]
NOTIC: [8] Undefined variable: seoTitle /var/www/html/paoding_gemmap/Application/Runtime/Cache/Mobile/287a75ef6074c13750e3b2bdaccd2921.php 第 6 行.
NOTIC: [8] Undefined variable: seoKeywords /var/www/html/paoding_gemmap/Application/Runtime/Cache/Mobile/287a75ef6074c13750e3b2bdaccd2921.php 第 8 行.
NOTIC: [8] Undefined variable: seoDescription /var/www/html/paoding_gemmap/Application/Runtime/Cache/Mobile/287a75ef6074c13750e3b2bdaccd2921.php 第 9 行.
NOTIC: [8] Undefined variable: v /var/www/html/paoding_gemmap/Application/Runtime/Cache/Mobile/287a75ef6074c13750e3b2bdaccd2921.php 第 78 行.
INFO: Run Behavior\ParseTemplateBehavior [ RunTime:0.006757s ]
INFO: [ view_parse ] --END-- [ RunTime:0.006791s ]
INFO: [ view_filter ] --START--
INFO: Run Behavior\WriteHtmlCacheBehavior [ RunTime:0.000111s ]
INFO: Run Behavior\TokenBuildBehavior [ RunTime:0.000333s ]
INFO: [ view_filter ] --END-- [ RunTime:0.000503s ]
INFO: [ app_end ] --START--
INFO: Run Behavior\ShowPageTraceBehavior [ RunTime:0.000477s ]
INFO: [ app_end ] --END-- [ RunTime:0.000524s ]

[ 2017-08-02T12:07:46+08:00 ] 36.186.7.250 /index.php/mobile/Index
INFO: [ app_init ] --START--
INFO: Run Behavior\BuildLiteBehavior [ RunTime:0.000018s ]
INFO: [ app_init ] --END-- [ RunTime:0.000349s ]
INFO: [ app_begin ] --START--
INFO: Run Behavior\ReadHtmlCacheBehavior [ RunTime:0.000327s ]
INFO: [ app_begin ] --END-- [ RunTime:0.000371s ]
NOTIC: [2048] Declaration of Mobile\Controller\IndexController::error() should be compatible with Think\Controller::error($message = '', $jumpUrl = '', $ajax = false) /var/www/html/paoding_gemmap/Application/Mobile/Controller/IndexController.class.php 第 8 行.
INFO: [ action_begin ] --START--
INFO: Run Home\Behaviors\siteBehavior [ RunTime:0.008692s ]
INFO: [ action_begin ] --END-- [ RunTime:0.008755s ]
INFO: [ view_begin ] --START--
INFO: Run Home\Behaviors\testBehavior [ RunTime:0.000124s ]
INFO: [ view_begin ] --END-- [ RunTime:0.000166s ]
INFO: [ view_parse ] --START--
INFO: [ template_filter ] --START--
INFO: Run Behavior\ContentReplaceBehavior [ RunTime:0.000111s ]
INFO: [ template_filter ] --END-- [ RunTime:0.000180s ]
NOTIC: [8] Undefined variable: seoTitle /var/www/html/paoding_gemmap/Application/Runtime/Cache/Mobile/287a75ef6074c13750e3b2bdaccd2921.php 第 6 行.
NOTIC: [8] Undefined variable: seoKeywords /var/www/html/paoding_gemmap/Application/Runtime/Cache/Mobile/287a75ef6074c13750e3b2bdaccd2921.php 第 8 行.
NOTIC: [8] Undefined variable: seoDescription /var/www/html/paoding_gemmap/Application/Runtime/Cache/Mobile/287a75ef6074c13750e3b2bdaccd2921.php 第 9 行.
NOTIC: [8] Undefined variable: v /var/www/html/paoding_gemmap/Application/Runtime/Cache/Mobile/287a75ef6074c13750e3b2bdaccd2921.php 第 78 行.
INFO: Run Behavior\ParseTemplateBehavior [ RunTime:0.006766s ]
INFO: [ view_parse ] --END-- [ RunTime:0.006802s ]
INFO: [ view_filter ] --START--
INFO: Run Behavior\WriteHtmlCacheBehavior [ RunTime:0.000178s ]
INFO: Run Behavior\TokenBuildBehavior [ RunTime:0.000322s ]
INFO: [ view_filter ] --END-- [ RunTime:0.000561s ]
INFO: [ app_end ] --START--
INFO: Run Behavior\ShowPageTraceBehavior [ RunTime:0.000363s ]
INFO: [ app_end ] --END-- [ RunTime:0.000423s ]

[ 2017-08-02T12:08:05+08:00 ] 36.186.7.250 /index.php/Mobile/Article/data_list/channel/js
INFO: [ app_init ] --START--
INFO: Run Behavior\BuildLiteBehavior [ RunTime:0.000013s ]
INFO: [ app_init ] --END-- [ RunTime:0.000304s ]
INFO: [ app_begin ] --START--
INFO: Run Behavior\ReadHtmlCacheBehavior [ RunTime:0.000364s ]
INFO: [ app_begin ] --END-- [ RunTime:0.000424s ]
INFO: [ action_begin ] --START--
INFO: Run Home\Behaviors\siteBehavior [ RunTime:0.000181s ]
INFO: [ action_begin ] --END-- [ RunTime:0.000233s ]

[ 2017-08-02T12:08:09+08:00 ] 36.186.7.250 /index.php/Mobile/Article/data_list/channel/js
INFO: [ app_init ] --START--
INFO: Run Behavior\BuildLiteBehavior [ RunTime:0.000012s ]
INFO: [ app_init ] --END-- [ RunTime:0.000291s ]
INFO: [ app_begin ] --START--
INFO: Run Behavior\ReadHtmlCacheBehavior [ RunTime:0.000372s ]
INFO: [ app_begin ] --END-- [ RunTime:0.000416s ]
INFO: [ action_begin ] --START--
INFO: Run Home\Behaviors\siteBehavior [ RunTime:0.000166s ]
INFO: [ action_begin ] --END-- [ RunTime:0.000210s ]
NOTIC: [8] Undefined index: type /var/www/html/paoding_gemmap/Application/Mobile/Controller/ArticleController.class.php 第 21 行.
NOTIC: [8] Undefined index: order_id /var/www/html/paoding_gemmap/Application/Mobile/Controller/ArticleController.class.php 第 24 行.
INFO: [ view_begin ] --START--
INFO: Run Home\Behaviors\testBehavior [ RunTime:0.000091s ]
INFO: [ view_begin ] --END-- [ RunTime:0.000130s ]
INFO: [ view_parse ] --START--
INFO: [ template_filter ] --START--
INFO: Run Behavior\ContentReplaceBehavior [ RunTime:0.000119s ]
INFO: [ template_filter ] --END-- [ RunTime:0.000162s ]
NOTIC: [8] Undefined variable: seoTitle /var/www/html/paoding_gemmap/Application/Runtime/Cache/Mobile/87fb9466112550b26094c6930b0d2671.php 第 6 行.
NOTIC: [8] Undefined variable: seoKeywords /var/www/html/paoding_gemmap/Application/Runtime/Cache/Mobile/87fb9466112550b26094c6930b0d2671.php 第 7 行.
NOTIC: [8] Undefined variable: seoDescription /var/www/html/paoding_gemmap/Application/Runtime/Cache/Mobile/87fb9466112550b26094c6930b0d2671.php 第 9 行.
NOTIC: [8] Undefined variable: v /var/www/html/paoding_gemmap/Application/Runtime/Cache/Mobile/87fb9466112550b26094c6930b0d2671.php 第 106 行.
NOTIC: [8] Undefined variable: others /var/www/html/paoding_gemmap/Application/Runtime/Cache/Mobile/87fb9466112550b26094c6930b0d2671.php 第 127 行.
INFO: Run Behavior\ParseTemplateBehavior [ RunTime:0.009570s ]
INFO: [ view_parse ] --END-- [ RunTime:0.009606s ]
INFO: [ view_filter ] --START--
INFO: Run Behavior\WriteHtmlCacheBehavior [ RunTime:0.000158s ]
INFO: Run Behavior\TokenBuildBehavior [ RunTime:0.000251s ]
INFO: [ view_filter ] --END-- [ RunTime:0.000465s ]
INFO: [ app_end ] --START--
INFO: Run Behavior\ShowPageTraceBehavior [ RunTime:0.000351s ]
INFO: [ app_end ] --END-- [ RunTime:0.000391s ]

[ 2017-08-02T12:08:15+08:00 ] 36.186.7.250 /index.php/Mobile/Article/detail/channel/js/type/1/data_id/4115
INFO: [ app_init ] --START--
INFO: Run Behavior\BuildLiteBehavior [ RunTime:0.000012s ]
INFO: [ app_init ] --END-- [ RunTime:0.000245s ]
INFO: [ app_begin ] --START--
INFO: Run Behavior\ReadHtmlCacheBehavior [ RunTime:0.000325s ]
INFO: [ app_begin ] --END-- [ RunTime:0.000367s ]
INFO: [ action_begin ] --START--
INFO: Run Home\Behaviors\siteBehavior [ RunTime:0.000211s ]
INFO: [ action_begin ] --END-- [ RunTime:0.000254s ]
INFO: [ view_begin ] --START--
INFO: Run Home\Behaviors\testBehavior [ RunTime:0.000131s ]
INFO: [ view_begin ] --END-- [ RunTime:0.000176s ]
INFO: [ view_parse ] --START--
INFO: [ template_filter ] --START--
INFO: Run Behavior\ContentReplaceBehavior [ RunTime:0.000073s ]
INFO: [ template_filter ] --END-- [ RunTime:0.000114s ]
NOTIC: [8] Undefined variable: seoTitle /var/www/html/paoding_gemmap/Application/Runtime/Cache/Mobile/ed59a97ccb50d95fe1f9914625d564c5.php 第 6 行.
NOTIC: [8] Undefined variable: seoKeywords /var/www/html/paoding_gemmap/Application/Runtime/Cache/Mobile/ed59a97ccb50d95fe1f9914625d564c5.php 第 7 行.
NOTIC: [8] Undefined variable: seoDescription /var/www/html/paoding_gemmap/Application/Runtime/Cache/Mobile/ed59a97ccb50d95fe1f9914625d564c5.php 第 9 行.
NOTIC: [8] Undefined variable: info /var/www/html/paoding_gemmap/Application/Runtime/Cache/Mobile/ed59a97ccb50d95fe1f9914625d564c5.php 第 79 行.
NOTIC: [8] Undefined variable: signPackage /var/www/html/paoding_gemmap/Application/Runtime/Cache/Mobile/ed59a97ccb50d95fe1f9914625d564c5.php 第 176 行.
NOTIC: [8] Undefined variable: signPackage /var/www/html/paoding_gemmap/Application/Runtime/Cache/Mobile/ed59a97ccb50d95fe1f9914625d564c5.php 第 177 行.
NOTIC: [8] Undefined variable: signPackage /var/www/html/paoding_gemmap/Application/Runtime/Cache/Mobile/ed59a97ccb50d95fe1f9914625d564c5.php 第 178 行.
NOTIC: [8] Undefined variable: signPackage /var/www/html/paoding_gemmap/Application/Runtime/Cache/Mobile/ed59a97ccb50d95fe1f9914625d564c5.php 第 179 行.
NOTIC: [8] Undefined variable: share /var/www/html/paoding_gemmap/Application/Runtime/Cache/Mobile/ed59a97ccb50d95fe1f9914625d564c5.php 第 203 行.
NOTIC: [8] Undefined variable: share /var/www/html/paoding_gemmap/Application/Runtime/Cache/Mobile/ed59a97ccb50d95fe1f9914625d564c5.php 第 204 行.
NOTIC: [8] Undefined variable: signPackage /var/www/html/paoding_gemmap/Application/Runtime/Cache/Mobile/ed59a97ccb50d95fe1f9914625d564c5.php 第 205 行.
NOTIC: [8] Undefined variable: area_name /var/www/html/paoding_gemmap/Application/Runtime/Cache/Mobile/ed59a97ccb50d95fe1f9914625d564c5.php 第 206 行.
NOTIC: [8] Undefined variable: share /var/www/html/paoding_gemmap/Application/Runtime/Cache/Mobile/ed59a97ccb50d95fe1f9914625d564c5.php 第 206 行.
NOTIC: [8] Undefined variable: share /var/www/html/paoding_gemmap/Application/Runtime/Cache/Mobile/ed59a97ccb50d95fe1f9914625d564c5.php 第 226 行.
NOTIC: [8] Undefined variable: share /var/www/html/paoding_gemmap/Application/Runtime/Cache/Mobile/ed59a97ccb50d95fe1f9914625d564c5.php 第 227 行.
NOTIC: [8] Undefined variable: signPackage /var/www/html/paoding_gemmap/Application/Runtime/Cache/Mobile/ed59a97ccb50d95fe1f9914625d564c5.php 第 228 行.
NOTIC: [8] Undefined variable: area_name /var/www/html/paoding_gemmap/Application/Runtime/Cache/Mobile/ed59a97ccb50d95fe1f9914625d564c5.php 第 229 行.
NOTIC: [8] Undefined variable: share /var/www/html/paoding_gemmap/Application/Runtime/Cache/Mobile/ed59a97ccb50d95fe1f9914625d564c5.php 第 229 行.
NOTIC: [8] Undefined variable: share /var/www/html/paoding_gemmap/Application/Runtime/Cache/Mobile/ed59a97ccb50d95fe1f9914625d564c5.php 第 249 行.
NOTIC: [8] Undefined variable: share /var/www/html/paoding_gemmap/Application/Runtime/Cache/Mobile/ed59a97ccb50d95fe1f9914625d564c5.php 第 250 行.
NOTIC: [8] Undefined variable: signPackage /var/www/html/paoding_gemmap/Application/Runtime/Cache/Mobile/ed59a97ccb50d95fe1f9914625d564c5.php 第 251 行.
NOTIC: [8] Undefined variable: area_name /var/www/html/paoding_gemmap/Application/Runtime/Cache/Mobile/ed59a97ccb50d95fe1f9914625d564c5.php 第 252 行.
NOTIC: [8] Undefined variable: share /var/www/html/paoding_gemmap/Application/Runtime/Cache/Mobile/ed59a97ccb50d95fe1f9914625d564c5.php 第 252 行.
NOTIC: [8] Undefined variable: share /var/www/html/paoding_gemmap/Application/Runtime/Cache/Mobile/ed59a97ccb50d95fe1f9914625d564c5.php 第 272 行.
NOTIC: [8] Undefined variable: share /var/www/html/paoding_gemmap/Application/Runtime/Cache/Mobile/ed59a97ccb50d95fe1f9914625d564c5.php 第 273 行.
NOTIC: [8] Undefined variable: signPackage /var/www/html/paoding_gemmap/Application/Runtime/Cache/Mobile/ed59a97ccb50d95fe1f9914625d564c5.php 第 274 行.
NOTIC: [8] Undefined variable: area_name /var/www/html/paoding_gemmap/Application/Runtime/Cache/Mobile/ed59a97ccb50d95fe1f9914625d564c5.php 第 275 行.
NOTIC: [8] Undefined variable: share /var/www/html/paoding_gemmap/Application/Runtime/Cache/Mobile/ed59a97ccb50d95fe1f9914625d564c5.php 第 275 行.
NOTIC: [8] Undefined variable: share /var/www/html/paoding_gemmap/Application/Runtime/Cache/Mobile/ed59a97ccb50d95fe1f9914625d564c5.php 第 295 行.
NOTIC: [8] Undefined variable: share /var/www/html/paoding_gemmap/Application/Runtime/Cache/Mobile/ed59a97ccb50d95fe1f9914625d564c5.php 第 296 行.
NOTIC: [8] Undefined variable: signPackage /var/www/html/paoding_gemmap/Application/Runtime/Cache/Mobile/ed59a97ccb50d95fe1f9914625d564c5.php 第 297 行.
NOTIC: [8] Undefined variable: area_name /var/www/html/paoding_gemmap/Application/Runtime/Cache/Mobile/ed59a97ccb50d95fe1f9914625d564c5.php 第 298 行.
NOTIC: [8] Undefined variable: share /var/www/html/paoding_gemmap/Application/Runtime/Cache/Mobile/ed59a97ccb50d95fe1f9914625d564c5.php 第 298 行.
INFO: Run Behavior\ParseTemplateBehavior [ RunTime:0.007317s ]
INFO: [ view_parse ] --END-- [ RunTime:0.007353s ]
INFO: [ view_filter ] --START--
INFO: Run Behavior\WriteHtmlCacheBehavior [ RunTime:0.000107s ]
INFO: Run Behavior\TokenBuildBehavior [ RunTime:0.000275s ]
INFO: [ view_filter ] --END-- [ RunTime:0.000516s ]
INFO: [ app_end ] --START--
INFO: Run Behavior\ShowPageTraceBehavior [ RunTime:0.000339s ]
INFO: [ app_end ] --END-- [ RunTime:0.000380s ]

[ 2017-08-02T12:09:15+08:00 ] 36.186.7.250 /index.php/Mobile/Article/data_list/channel/js
INFO: [ app_init ] --START--
INFO: Run Behavior\BuildLiteBehavior [ RunTime:0.000013s ]
INFO: [ app_init ] --END-- [ RunTime:0.000249s ]
INFO: [ app_begin ] --START--
INFO: Run Behavior\ReadHtmlCacheBehavior [ RunTime:0.000421s ]
INFO: [ app_begin ] --END-- [ RunTime:0.000465s ]
INFO: [ action_begin ] --START--
INFO: Run Home\Behaviors\siteBehavior [ RunTime:0.000166s ]
INFO: [ action_begin ] --END-- [ RunTime:0.000211s ]
NOTIC: [8] Undefined index: type /var/www/html/paoding_gemmap/Application/Mobile/Controller/ArticleController.class.php 第 21 行.
NOTIC: [8] Undefined index: order_id /var/www/html/paoding_gemmap/Application/Mobile/Controller/ArticleController.class.php 第 24 行.
INFO: [ view_begin ] --START--
INFO: Run Home\Behaviors\testBehavior [ RunTime:0.000100s ]
INFO: [ view_begin ] --END-- [ RunTime:0.000145s ]
INFO: [ view_parse ] --START--
INFO: [ template_filter ] --START--
INFO: Run Behavior\ContentReplaceBehavior [ RunTime:0.000140s ]
INFO: [ template_filter ] --END-- [ RunTime:0.000185s ]
NOTIC: [8] Undefined variable: seoTitle /var/www/html/paoding_gemmap/Application/Runtime/Cache/Mobile/87fb9466112550b26094c6930b0d2671.php 第 6 行.
NOTIC: [8] Undefined variable: seoKeywords /var/www/html/paoding_gemmap/Application/Runtime/Cache/Mobile/87fb9466112550b26094c6930b0d2671.php 第 7 行.
NOTIC: [8] Undefined variable: seoDescription /var/www/html/paoding_gemmap/Application/Runtime/Cache/Mobile/87fb9466112550b26094c6930b0d2671.php 第 9 行.
NOTIC: [8] Undefined variable: v /var/www/html/paoding_gemmap/Application/Runtime/Cache/Mobile/87fb9466112550b26094c6930b0d2671.php 第 106 行.
NOTIC: [8] Undefined variable: others /var/www/html/paoding_gemmap/Application/Runtime/Cache/Mobile/87fb9466112550b26094c6930b0d2671.php 第 127 行.
INFO: Run Behavior\ParseTemplateBehavior [ RunTime:0.009581s ]
INFO: [ view_parse ] --END-- [ RunTime:0.009617s ]
INFO: [ view_filter ] --START--
INFO: Run Behavior\WriteHtmlCacheBehavior [ RunTime:0.000115s ]
INFO: Run Behavior\TokenBuildBehavior [ RunTime:0.000243s ]
INFO: [ view_filter ] --END-- [ RunTime:0.000415s ]
INFO: [ app_end ] --START--
INFO: Run Behavior\ShowPageTraceBehavior [ RunTime:0.000388s ]
INFO: [ app_end ] --END-- [ RunTime:0.000455s ]

[ 2017-08-02T12:09:24+08:00 ] 36.186.7.250 /index.php/Mobile/Article/js_list
INFO: [ app_init ] --START--
INFO: Run Behavior\BuildLiteBehavior [ RunTime:0.000012s ]
INFO: [ app_init ] --END-- [ RunTime:0.000249s ]
INFO: [ app_begin ] --START--
INFO: Run Behavior\ReadHtmlCacheBehavior [ RunTime:0.000325s ]
INFO: [ app_begin ] --END-- [ RunTime:0.000367s ]
INFO: [ action_begin ] --START--
INFO: Run Home\Behaviors\siteBehavior [ RunTime:0.000165s ]
INFO: [ action_begin ] --END-- [ RunTime:0.000210s ]
INFO: [ view_begin ] --START--
INFO: Run Home\Behaviors\testBehavior [ RunTime:0.000093s ]
INFO: [ view_begin ] --END-- [ RunTime:0.000143s ]
INFO: [ view_parse ] --START--
INFO: [ template_filter ] --START--
INFO: Run Behavior\ContentReplaceBehavior [ RunTime:0.000127s ]
INFO: [ template_filter ] --END-- [ RunTime:0.000172s ]
NOTIC: [8] Undefined variable: seoTitle /var/www/html/paoding_gemmap/Application/Runtime/Cache/Mobile/87fb9466112550b26094c6930b0d2671.php 第 6 行.
NOTIC: [8] Undefined variable: seoKeywords /var/www/html/paoding_gemmap/Application/Runtime/Cache/Mobile/87fb9466112550b26094c6930b0d2671.php 第 7 行.
NOTIC: [8] Undefined variable: seoDescription /var/www/html/paoding_gemmap/Application/Runtime/Cache/Mobile/87fb9466112550b26094c6930b0d2671.php 第 9 行.
NOTIC: [8] Undefined variable: channel /var/www/html/paoding_gemmap/Application/Runtime/Cache/Mobile/87fb9466112550b26094c6930b0d2671.php 第 34 行.
NOTIC: [8] Undefined variable: v /var/www/html/paoding_gemmap/Application/Runtime/Cache/Mobile/87fb9466112550b26094c6930b0d2671.php 第 106 行.
NOTIC: [8] Undefined variable: others /var/www/html/paoding_gemmap/Application/Runtime/Cache/Mobile/87fb9466112550b26094c6930b0d2671.php 第 127 行.
NOTIC: [8] Undefined variable: channel /var/www/html/paoding_gemmap/Application/Runtime/Cache/Mobile/87fb9466112550b26094c6930b0d2671.php 第 286 行.
NOTIC: [8] Undefined variable: channel /var/www/html/paoding_gemmap/Application/Runtime/Cache/Mobile/87fb9466112550b26094c6930b0d2671.php 第 298 行.
INFO: Run Behavior\ParseTemplateBehavior [ RunTime:0.010880s ]
INFO: [ view_parse ] --END-- [ RunTime:0.010915s ]
INFO: [ view_filter ] --START--
INFO: Run Behavior\WriteHtmlCacheBehavior [ RunTime:0.000112s ]
INFO: Run Behavior\TokenBuildBehavior [ RunTime:0.000262s ]
INFO: [ view_filter ] --END-- [ RunTime:0.000429s ]
INFO: [ app_end ] --START--
INFO: Run Behavior\ShowPageTraceBehavior [ RunTime:0.000443s ]
INFO: [ app_end ] --END-- [ RunTime:0.000558s ]

[ 2017-08-02T12:09:33+08:00 ] 101.226.125.105 /index.php/Mobile/Article/js_list
INFO: [ app_init ] --START--
INFO: Run Behavior\BuildLiteBehavior [ RunTime:0.000012s ]
INFO: [ app_init ] --END-- [ RunTime:0.000249s ]
INFO: [ app_begin ] --START--
INFO: Run Behavior\ReadHtmlCacheBehavior [ RunTime:0.000507s ]
INFO: [ app_begin ] --END-- [ RunTime:0.000620s ]
INFO: [ action_begin ] --START--
INFO: Run Home\Behaviors\siteBehavior [ RunTime:0.007919s ]
INFO: [ action_begin ] --END-- [ RunTime:0.007968s ]

[ 2017-08-02T12:10:13+08:00 ] 223.115.37.184 /index.php/mobile/Index
INFO: [ app_init ] --START--
INFO: Run Behavior\BuildLiteBehavior [ RunTime:0.000013s ]
INFO: [ app_init ] --END-- [ RunTime:0.000254s ]
INFO: [ app_begin ] --START--
INFO: Run Behavior\ReadHtmlCacheBehavior [ RunTime:0.000326s ]
INFO: [ app_begin ] --END-- [ RunTime:0.000368s ]
NOTIC: [2048] Declaration of Mobile\Controller\IndexController::error() should be compatible with Think\Controller::error($message = '', $jumpUrl = '', $ajax = false) /var/www/html/paoding_gemmap/Application/Mobile/Controller/IndexController.class.php 第 8 行.
INFO: [ action_begin ] --START--
INFO: Run Home\Behaviors\siteBehavior [ RunTime:0.000172s ]
INFO: [ action_begin ] --END-- [ RunTime:0.000223s ]
INFO: [ view_begin ] --START--
INFO: Run Home\Behaviors\testBehavior [ RunTime:0.000118s ]
INFO: [ view_begin ] --END-- [ RunTime:0.000162s ]
INFO: [ view_parse ] --START--
INFO: [ template_filter ] --START--
INFO: Run Behavior\ContentReplaceBehavior [ RunTime:0.000087s ]
INFO: [ template_filter ] --END-- [ RunTime:0.000129s ]
NOTIC: [8] Undefined variable: seoTitle /var/www/html/paoding_gemmap/Application/Runtime/Cache/Mobile/287a75ef6074c13750e3b2bdaccd2921.php 第 6 行.
NOTIC: [8] Undefined variable: seoKeywords /var/www/html/paoding_gemmap/Application/Runtime/Cache/Mobile/287a75ef6074c13750e3b2bdaccd2921.php 第 8 行.
NOTIC: [8] Undefined variable: seoDescription /var/www/html/paoding_gemmap/Application/Runtime/Cache/Mobile/287a75ef6074c13750e3b2bdaccd2921.php 第 9 行.
NOTIC: [8] Undefined variable: v /var/www/html/paoding_gemmap/Application/Runtime/Cache/Mobile/287a75ef6074c13750e3b2bdaccd2921.php 第 78 行.
INFO: Run Behavior\ParseTemplateBehavior [ RunTime:0.006133s ]
INFO: [ view_parse ] --END-- [ RunTime:0.006167s ]
INFO: [ view_filter ] --START--
INFO: Run Behavior\WriteHtmlCacheBehavior [ RunTime:0.000107s ]
INFO: Run Behavior\TokenBuildBehavior [ RunTime:0.000226s ]
INFO: [ view_filter ] --END-- [ RunTime:0.000389s ]
INFO: [ app_end ] --START--
INFO: Run Behavior\ShowPageTraceBehavior [ RunTime:0.000331s ]
INFO: [ app_end ] --END-- [ RunTime:0.000424s ]

[ 2017-08-02T12:10:18+08:00 ] 223.115.37.184 /index.php/Mobile/Article/t_detail
INFO: [ app_init ] --START--
INFO: Run Behavior\BuildLiteBehavior [ RunTime:0.000013s ]
INFO: [ app_init ] --END-- [ RunTime:0.000245s ]
INFO: [ app_begin ] --START--
INFO: Run Behavior\ReadHtmlCacheBehavior [ RunTime:0.000326s ]
INFO: [ app_begin ] --END-- [ RunTime:0.000369s ]
INFO: [ action_begin ] --START--
INFO: Run Home\Behaviors\siteBehavior [ RunTime:0.000216s ]
INFO: [ action_begin ] --END-- [ RunTime:0.000263s ]
INFO: [ view_begin ] --START--
INFO: Run Home\Behaviors\testBehavior [ RunTime:0.000093s ]
INFO: [ view_begin ] --END-- [ RunTime:0.000136s ]
INFO: [ view_parse ] --START--
INFO: [ template_filter ] --START--
INFO: Run Behavior\ContentReplaceBehavior [ RunTime:0.000055s ]
INFO: [ template_filter ] --END-- [ RunTime:0.000100s ]
NOTIC: [8] Undefined variable: seoTitle /var/www/html/paoding_gemmap/Application/Runtime/Cache/Mobile/76795a7d50b2ff67073d5b7cf1a4f40b.php 第 6 行.
NOTIC: [8] Undefined variable: seoKeywords /var/www/html/paoding_gemmap/Application/Runtime/Cache/Mobile/76795a7d50b2ff67073d5b7cf1a4f40b.php 第 7 行.
NOTIC: [8] Undefined variable: seoDescription /var/www/html/paoding_gemmap/Application/Runtime/Cache/Mobile/76795a7d50b2ff67073d5b7cf1a4f40b.php 第 9 行.
INFO: Run Behavior\ParseTemplateBehavior [ RunTime:0.017080s ]
INFO: [ view_parse ] --END-- [ RunTime:0.017114s ]
INFO: [ view_filter ] --START--
INFO: Run Behavior\WriteHtmlCacheBehavior [ RunTime:0.000111s ]
INFO: Run Behavior\TokenBuildBehavior [ RunTime:0.000280s ]
INFO: [ view_filter ] --END-- [ RunTime:0.000451s ]
INFO: [ app_end ] --START--
INFO: Run Behavior\ShowPageTraceBehavior [ RunTime:0.000342s ]
INFO: [ app_end ] --END-- [ RunTime:0.000383s ]

[ 2017-08-02T12:10:23+08:00 ] 223.115.37.184 /index.php/Mobile/Article/tlist/channel/tlist/type/1/data_id/8
INFO: [ app_init ] --START--
INFO: Run Behavior\BuildLiteBehavior [ RunTime:0.000013s ]
INFO: [ app_init ] --END-- [ RunTime:0.000248s ]
INFO: [ app_begin ] --START--
INFO: Run Behavior\ReadHtmlCacheBehavior [ RunTime:0.000328s ]
INFO: [ app_begin ] --END-- [ RunTime:0.000383s ]
INFO: [ action_begin ] --START--
INFO: Run Home\Behaviors\siteBehavior [ RunTime:0.000249s ]
INFO: [ action_begin ] --END-- [ RunTime:0.000323s ]
INFO: [ view_begin ] --START--
INFO: Run Home\Behaviors\testBehavior [ RunTime:0.000087s ]
INFO: [ view_begin ] --END-- [ RunTime:0.000130s ]
INFO: [ view_parse ] --START--
INFO: [ template_filter ] --START--
INFO: Run Behavior\ContentReplaceBehavior [ RunTime:0.000081s ]
INFO: [ template_filter ] --END-- [ RunTime:0.000124s ]
NOTIC: [8] Undefined variable: seoTitle /var/www/html/paoding_gemmap/Application/Runtime/Cache/Mobile/0bbf2ba32a373a4b2b9c3ab826295755.php 第 6 行.
NOTIC: [8] Undefined variable: seoKeywords /var/www/html/paoding_gemmap/Application/Runtime/Cache/Mobile/0bbf2ba32a373a4b2b9c3ab826295755.php 第 8 行.
NOTIC: [8] Undefined variable: seoDescription /var/www/html/paoding_gemmap/Application/Runtime/Cache/Mobile/0bbf2ba32a373a4b2b9c3ab826295755.php 第 9 行.
INFO: Run Behavior\ParseTemplateBehavior [ RunTime:0.017189s ]
INFO: [ view_parse ] --END-- [ RunTime:0.017222s ]
INFO: [ view_filter ] --START--
INFO: Run Behavior\WriteHtmlCacheBehavior [ RunTime:0.000103s ]
INFO: Run Behavior\TokenBuildBehavior [ RunTime:0.000279s ]
INFO: [ view_filter ] --END-- [ RunTime:0.000438s ]
INFO: [ app_end ] --START--
INFO: Run Behavior\ShowPageTraceBehavior [ RunTime:0.000366s ]
INFO: [ app_end ] --END-- [ RunTime:0.000414s ]

[ 2017-08-02T12:12:19+08:00 ] 101.226.89.122 /index.php/Mobile/Article/t_detail
INFO: [ app_init ] --START--
INFO: Run Behavior\BuildLiteBehavior [ RunTime:0.000013s ]
INFO: [ app_init ] --END-- [ RunTime:0.000257s ]
INFO: [ app_begin ] --START--
INFO: Run Behavior\ReadHtmlCacheBehavior [ RunTime:0.000331s ]
INFO: [ app_begin ] --END-- [ RunTime:0.000417s ]
INFO: [ action_begin ] --START--
INFO: Run Home\Behaviors\siteBehavior [ RunTime:0.007968s ]
INFO: [ action_begin ] --END-- [ RunTime:0.008020s ]

[ 2017-08-02T12:15:28+08:00 ] 101.226.65.102 /index.php/Mobile/Article/detail/channel/js/type/1/data_id/4115
INFO: [ app_init ] --START--
INFO: Run Behavior\BuildLiteBehavior [ RunTime:0.000012s ]
INFO: [ app_init ] --END-- [ RunTime:0.000260s ]
INFO: [ app_begin ] --START--
INFO: Run Behavior\ReadHtmlCacheBehavior [ RunTime:0.000339s ]
INFO: [ app_begin ] --END-- [ RunTime:0.000438s ]
INFO: [ action_begin ] --START--
INFO: Run Home\Behaviors\siteBehavior [ RunTime:0.008399s ]
INFO: [ action_begin ] --END-- [ RunTime:0.008455s ]

[ 2017-08-02T12:17:34+08:00 ] 101.226.33.228 /index.php/Mobile/Article/tlist/channel/tlist/type/1/data_id/8
INFO: [ app_init ] --START--
INFO: Run Behavior\BuildLiteBehavior [ RunTime:0.000013s ]
INFO: [ app_init ] --END-- [ RunTime:0.000248s ]
INFO: [ app_begin ] --START--
INFO: Run Behavior\ReadHtmlCacheBehavior [ RunTime:0.000359s ]
INFO: [ app_begin ] --END-- [ RunTime:0.000402s ]
INFO: [ action_begin ] --START--
INFO: Run Home\Behaviors\siteBehavior [ RunTime:0.008280s ]
INFO: [ action_begin ] --END-- [ RunTime:0.008373s ]

[ 2017-08-02T12:25:44+08:00 ] 183.61.51.199 /index.php/mobile/Index
INFO: [ app_init ] --START--
INFO: Run Behavior\BuildLiteBehavior [ RunTime:0.000013s ]
INFO: [ app_init ] --END-- [ RunTime:0.000250s ]
INFO: [ app_begin ] --START--
INFO: Run Behavior\ReadHtmlCacheBehavior [ RunTime:0.000375s ]
INFO: [ app_begin ] --END-- [ RunTime:0.000419s ]
NOTIC: [2048] Declaration of Mobile\Controller\IndexController::error() should be compatible with Think\Controller::error($message = '', $jumpUrl = '', $ajax = false) /var/www/html/paoding_gemmap/Application/Mobile/Controller/IndexController.class.php 第 8 行.
INFO: [ action_begin ] --START--
INFO: Run Home\Behaviors\siteBehavior [ RunTime:0.007756s ]
INFO: [ action_begin ] --END-- [ RunTime:0.007828s ]
INFO: [ view_begin ] --START--
INFO: Run Home\Behaviors\testBehavior [ RunTime:0.000124s ]
INFO: [ view_begin ] --END-- [ RunTime:0.000168s ]
INFO: [ view_parse ] --START--
INFO: [ template_filter ] --START--
INFO: Run Behavior\ContentReplaceBehavior [ RunTime:0.000093s ]
INFO: [ template_filter ] --END-- [ RunTime:0.000135s ]
NOTIC: [8] Undefined variable: seoTitle /var/www/html/paoding_gemmap/Application/Runtime/Cache/Mobile/287a75ef6074c13750e3b2bdaccd2921.php 第 6 行.
NOTIC: [8] Undefined variable: seoKeywords /var/www/html/paoding_gemmap/Application/Runtime/Cache/Mobile/287a75ef6074c13750e3b2bdaccd2921.php 第 8 行.
NOTIC: [8] Undefined variable: seoDescription /var/www/html/paoding_gemmap/Application/Runtime/Cache/Mobile/287a75ef6074c13750e3b2bdaccd2921.php 第 9 行.
NOTIC: [8] Undefined variable: v /var/www/html/paoding_gemmap/Application/Runtime/Cache/Mobile/287a75ef6074c13750e3b2bdaccd2921.php 第 78 行.
INFO: Run Behavior\ParseTemplateBehavior [ RunTime:0.006539s ]
INFO: [ view_parse ] --END-- [ RunTime:0.006574s ]
INFO: [ view_filter ] --START--
INFO: Run Behavior\WriteHtmlCacheBehavior [ RunTime:0.000106s ]
INFO: Run Behavior\TokenBuildBehavior [ RunTime:0.000253s ]
INFO: [ view_filter ] --END-- [ RunTime:0.000416s ]
INFO: [ app_end ] --START--
INFO: Run Behavior\ShowPageTraceBehavior [ RunTime:0.000366s ]
INFO: [ app_end ] --END-- [ RunTime:0.000408s ]

[ 2017-08-02T12:26:22+08:00 ] 219.133.40.14 /index.php/Mobile/Article/data_list/channel/js/type/1/data_id/4109
INFO: [ app_init ] --START--
INFO: Run Behavior\BuildLiteBehavior [ RunTime:0.000013s ]
INFO: [ app_init ] --END-- [ RunTime:0.000298s ]
INFO: [ app_begin ] --START--
INFO: Run Behavior\ReadHtmlCacheBehavior [ RunTime:0.000331s ]
INFO: [ app_begin ] --END-- [ RunTime:0.000417s ]
INFO: [ action_begin ] --START--
INFO: Run Home\Behaviors\siteBehavior [ RunTime:0.000173s ]
INFO: [ action_begin ] --END-- [ RunTime:0.000219s ]

[ 2017-08-02T12:26:38+08:00 ] 183.61.51.199 /index.php/Mobile/Article/data_list/channel/xq
INFO: [ app_init ] --START--
INFO: Run Behavior\BuildLiteBehavior [ RunTime:0.000013s ]
INFO: [ app_init ] --END-- [ RunTime:0.000294s ]
INFO: [ app_begin ] --START--
INFO: Run Behavior\ReadHtmlCacheBehavior [ RunTime:0.000371s ]
INFO: [ app_begin ] --END-- [ RunTime:0.000415s ]
INFO: [ action_begin ] --START--
INFO: Run Home\Behaviors\siteBehavior [ RunTime:0.000165s ]
INFO: [ action_begin ] --END-- [ RunTime:0.000211s ]

[ 2017-08-02T12:31:05+08:00 ] 101.226.33.208 /index.php/Mobile/Article/data_list/channel/js/type/1/data_id/4109
INFO: [ app_init ] --START--
INFO: Run Behavior\BuildLiteBehavior [ RunTime:0.000012s ]
INFO: [ app_init ] --END-- [ RunTime:0.000249s ]
INFO: [ app_begin ] --START--
INFO: Run Behavior\ReadHtmlCacheBehavior [ RunTime:0.000323s ]
INFO: [ app_begin ] --END-- [ RunTime:0.000367s ]
INFO: [ action_begin ] --START--
INFO: Run Home\Behaviors\siteBehavior [ RunTime:0.008307s ]
INFO: [ action_begin ] --END-- [ RunTime:0.008357s ]

[ 2017-08-02T12:31:40+08:00 ] 101.226.64.177 /index.php/Mobile/Article/data_list/channel/xq
INFO: [ app_init ] --START--
INFO: Run Behavior\BuildLiteBehavior [ RunTime:0.000014s ]
INFO: [ app_init ] --END-- [ RunTime:0.000293s ]
INFO: [ app_begin ] --START--
INFO: Run Behavior\ReadHtmlCacheBehavior [ RunTime:0.000380s ]
INFO: [ app_begin ] --END-- [ RunTime:0.000425s ]
INFO: [ action_begin ] --START--
INFO: Run Home\Behaviors\siteBehavior [ RunTime:0.007853s ]
INFO: [ action_begin ] --END-- [ RunTime:0.007904s ]

[ 2017-08-02T12:34:53+08:00 ] 182.131.11.234 /index.php/mobile/Index
INFO: [ app_init ] --START--
INFO: Run Behavior\BuildLiteBehavior [ RunTime:0.000013s ]
INFO: [ app_init ] --END-- [ RunTime:0.000261s ]
INFO: [ app_begin ] --START--
INFO: Run Behavior\ReadHtmlCacheBehavior [ RunTime:0.000358s ]
INFO: [ app_begin ] --END-- [ RunTime:0.000402s ]
NOTIC: [2048] Declaration of Mobile\Controller\IndexController::error() should be compatible with Think\Controller::error($message = '', $jumpUrl = '', $ajax = false) /var/www/html/paoding_gemmap/Application/Mobile/Controller/IndexController.class.php 第 8 行.
INFO: [ action_begin ] --START--
INFO: Run Home\Behaviors\siteBehavior [ RunTime:0.008426s ]
INFO: [ action_begin ] --END-- [ RunTime:0.008472s ]
INFO: [ view_begin ] --START--
INFO: Run Home\Behaviors\testBehavior [ RunTime:0.000145s ]
INFO: [ view_begin ] --END-- [ RunTime:0.000190s ]
INFO: [ view_parse ] --START--
INFO: [ template_filter ] --START--
INFO: Run Behavior\ContentReplaceBehavior [ RunTime:0.000091s ]
INFO: [ template_filter ] --END-- [ RunTime:0.000133s ]
NOTIC: [8] Undefined variable: seoTitle /var/www/html/paoding_gemmap/Application/Runtime/Cache/Mobile/287a75ef6074c13750e3b2bdaccd2921.php 第 6 行.
NOTIC: [8] Undefined variable: seoKeywords /var/www/html/paoding_gemmap/Application/Runtime/Cache/Mobile/287a75ef6074c13750e3b2bdaccd2921.php 第 8 行.
NOTIC: [8] Undefined variable: seoDescription /var/www/html/paoding_gemmap/Application/Runtime/Cache/Mobile/287a75ef6074c13750e3b2bdaccd2921.php 第 9 行.
NOTIC: [8] Undefined variable: v /var/www/html/paoding_gemmap/Application/Runtime/Cache/Mobile/287a75ef6074c13750e3b2bdaccd2921.php 第 78 行.
INFO: Run Behavior\ParseTemplateBehavior [ RunTime:0.006793s ]
INFO: [ view_parse ] --END-- [ RunTime:0.006880s ]
INFO: [ view_filter ] --START--
INFO: Run Behavior\WriteHtmlCacheBehavior [ RunTime:0.000111s ]
INFO: Run Behavior\TokenBuildBehavior [ RunTime:0.000240s ]
INFO: [ view_filter ] --END-- [ RunTime:0.000408s ]
INFO: [ app_end ] --START--
INFO: Run Behavior\ShowPageTraceBehavior [ RunTime:0.000333s ]
INFO: [ app_end ] --END-- [ RunTime:0.000452s ]

[ 2017-08-02T12:40:52+08:00 ] 182.131.11.250 /index.php/mobile/Article/data_list/channel/xq
INFO: [ app_init ] --START--
INFO: Run Behavior\BuildLiteBehavior [ RunTime:0.000013s ]
INFO: [ app_init ] --END-- [ RunTime:0.000286s ]
INFO: [ app_begin ] --START--
INFO: Run Behavior\ReadHtmlCacheBehavior [ RunTime:0.000423s ]
INFO: [ app_begin ] --END-- [ RunTime:0.000475s ]
INFO: [ action_begin ] --START--
INFO: Run Home\Behaviors\siteBehavior [ RunTime:0.008418s ]
INFO: [ action_begin ] --END-- [ RunTime:0.008466s ]

[ 2017-08-02T12:41:10+08:00 ] 182.131.11.250 /index.php/mobile/Article/data_list/channel/xq
INFO: [ app_init ] --START--
INFO: Run Behavior\BuildLiteBehavior [ RunTime:0.000015s ]
INFO: [ app_init ] --END-- [ RunTime:0.000307s ]
INFO: [ app_begin ] --START--
INFO: Run Behavior\ReadHtmlCacheBehavior [ RunTime:0.000361s ]
INFO: [ app_begin ] --END-- [ RunTime:0.000448s ]
INFO: [ action_begin ] --START--
INFO: Run Home\Behaviors\siteBehavior [ RunTime:0.000175s ]
INFO: [ action_begin ] --END-- [ RunTime:0.000220s ]
NOTIC: [8] Undefined index: type /var/www/html/paoding_gemmap/Application/Mobile/Controller/ArticleController.class.php 第 21 行.
NOTIC: [8] Undefined index: order_id /var/www/html/paoding_gemmap/Application/Mobile/Controller/ArticleController.class.php 第 24 行.
INFO: [ view_begin ] --START--
INFO: Run Home\Behaviors\testBehavior [ RunTime:0.000099s ]
INFO: [ view_begin ] --END-- [ RunTime:0.000145s ]
INFO: [ view_parse ] --START--
INFO: [ template_filter ] --START--
INFO: Run Behavior\ContentReplaceBehavior [ RunTime:0.000145s ]
INFO: [ template_filter ] --END-- [ RunTime:0.000190s ]
NOTIC: [8] Undefined variable: seoTitle /var/www/html/paoding_gemmap/Application/Runtime/Cache/Mobile/1724b1f1b079b2a6a957bdf2135918fc.php 第 6 行.
NOTIC: [8] Undefined variable: seoKeywords /var/www/html/paoding_gemmap/Application/Runtime/Cache/Mobile/1724b1f1b079b2a6a957bdf2135918fc.php 第 8 行.
NOTIC: [8] Undefined variable: seoDescription /var/www/html/paoding_gemmap/Application/Runtime/Cache/Mobile/1724b1f1b079b2a6a957bdf2135918fc.php 第 9 行.
NOTIC: [8] Undefined variable: v /var/www/html/paoding_gemmap/Application/Runtime/Cache/Mobile/1724b1f1b079b2a6a957bdf2135918fc.php 第 105 行.
NOTIC: [8] Undefined variable: others /var/www/html/paoding_gemmap/Application/Runtime/Cache/Mobile/1724b1f1b079b2a6a957bdf2135918fc.php 第 126 行.
INFO: Run Behavior\ParseTemplateBehavior [ RunTime:0.010335s ]
INFO: [ view_parse ] --END-- [ RunTime:0.010371s ]
INFO: [ view_filter ] --START--
INFO: Run Behavior\WriteHtmlCacheBehavior [ RunTime:0.000116s ]
INFO: Run Behavior\TokenBuildBehavior [ RunTime:0.000250s ]
INFO: [ view_filter ] --END-- [ RunTime:0.000425s ]
INFO: [ app_end ] --START--
INFO: Run Behavior\ShowPageTraceBehavior [ RunTime:0.000407s ]
INFO: [ app_end ] --END-- [ RunTime:0.000449s ]

[ 2017-08-02T13:07:39+08:00 ] 135.0.205.44 /index.php/mobile/Index
INFO: [ app_init ] --START--
INFO: Run Behavior\BuildLiteBehavior [ RunTime:0.000012s ]
INFO: [ app_init ] --END-- [ RunTime:0.000246s ]
INFO: [ app_begin ] --START--
INFO: Run Behavior\ReadHtmlCacheBehavior [ RunTime:0.000375s ]
INFO: [ app_begin ] --END-- [ RunTime:0.000418s ]
NOTIC: [2048] Declaration of Mobile\Controller\IndexController::error() should be compatible with Think\Controller::error($message = '', $jumpUrl = '', $ajax = false) /var/www/html/paoding_gemmap/Application/Mobile/Controller/IndexController.class.php 第 8 行.
INFO: [ action_begin ] --START--
INFO: Run Home\Behaviors\siteBehavior [ RunTime:0.007722s ]
INFO: [ action_begin ] --END-- [ RunTime:0.007764s ]
INFO: [ view_begin ] --START--
INFO: Run Home\Behaviors\testBehavior [ RunTime:0.000119s ]
INFO: [ view_begin ] --END-- [ RunTime:0.000162s ]
INFO: [ view_parse ] --START--
INFO: [ template_filter ] --START--
INFO: Run Behavior\ContentReplaceBehavior [ RunTime:0.000088s ]
INFO: [ template_filter ] --END-- [ RunTime:0.000129s ]
NOTIC: [8] Undefined variable: seoTitle /var/www/html/paoding_gemmap/Application/Runtime/Cache/Mobile/287a75ef6074c13750e3b2bdaccd2921.php 第 6 行.
NOTIC: [8] Undefined variable: seoKeywords /var/www/html/paoding_gemmap/Application/Runtime/Cache/Mobile/287a75ef6074c13750e3b2bdaccd2921.php 第 8 行.
NOTIC: [8] Undefined variable: seoDescription /var/www/html/paoding_gemmap/Application/Runtime/Cache/Mobile/287a75ef6074c13750e3b2bdaccd2921.php 第 9 行.
NOTIC: [8] Undefined variable: v /var/www/html/paoding_gemmap/Application/Runtime/Cache/Mobile/287a75ef6074c13750e3b2bdaccd2921.php 第 78 行.
INFO: Run Behavior\ParseTemplateBehavior [ RunTime:0.006103s ]
INFO: [ view_parse ] --END-- [ RunTime:0.006138s ]
INFO: [ view_filter ] --START--
INFO: Run Behavior\WriteHtmlCacheBehavior [ RunTime:0.000147s ]
INFO: Run Behavior\TokenBuildBehavior [ RunTime:0.000233s ]
INFO: [ view_filter ] --END-- [ RunTime:0.000435s ]
INFO: [ app_end ] --START--
INFO: Run Behavior\ShowPageTraceBehavior [ RunTime:0.000329s ]
INFO: [ app_end ] --END-- [ RunTime:0.000385s ]

[ 2017-08-02T13:07:49+08:00 ] 123.151.64.201 /index.php/mobile/Index
INFO: [ app_init ] --START--
INFO: Run Behavior\BuildLiteBehavior [ RunTime:0.000013s ]
INFO: [ app_init ] --END-- [ RunTime:0.000306s ]
INFO: [ app_begin ] --START--
INFO: Run Behavior\ReadHtmlCacheBehavior [ RunTime:0.000392s ]
INFO: [ app_begin ] --END-- [ RunTime:0.000444s ]
NOTIC: [2048] Declaration of Mobile\Controller\IndexController::error() should be compatible with Think\Controller::error($message = '', $jumpUrl = '', $ajax = false) /var/www/html/paoding_gemmap/Application/Mobile/Controller/IndexController.class.php 第 8 行.
INFO: [ action_begin ] --START--
INFO: Run Home\Behaviors\siteBehavior [ RunTime:0.008153s ]
INFO: [ action_begin ] --END-- [ RunTime:0.008207s ]
INFO: [ view_begin ] --START--
INFO: Run Home\Behaviors\testBehavior [ RunTime:0.000096s ]
INFO: [ view_begin ] --END-- [ RunTime:0.000139s ]
INFO: [ view_parse ] --START--
INFO: [ template_filter ] --START--
INFO: Run Behavior\ContentReplaceBehavior [ RunTime:0.000094s ]
INFO: [ template_filter ] --END-- [ RunTime:0.000136s ]
NOTIC: [8] Undefined variable: seoTitle /var/www/html/paoding_gemmap/Application/Runtime/Cache/Mobile/287a75ef6074c13750e3b2bdaccd2921.php 第 6 行.
NOTIC: [8] Undefined variable: seoKeywords /var/www/html/paoding_gemmap/Application/Runtime/Cache/Mobile/287a75ef6074c13750e3b2bdaccd2921.php 第 8 行.
NOTIC: [8] Undefined variable: seoDescription /var/www/html/paoding_gemmap/Application/Runtime/Cache/Mobile/287a75ef6074c13750e3b2bdaccd2921.php 第 9 行.
NOTIC: [8] Undefined variable: v /var/www/html/paoding_gemmap/Application/Runtime/Cache/Mobile/287a75ef6074c13750e3b2bdaccd2921.php 第 78 行.
INFO: Run Behavior\ParseTemplateBehavior [ RunTime:0.006280s ]
INFO: [ view_parse ] --END-- [ RunTime:0.006314s ]
INFO: [ view_filter ] --START--
INFO: Run Behavior\WriteHtmlCacheBehavior [ RunTime:0.000146s ]
INFO: Run Behavior\TokenBuildBehavior [ RunTime:0.000259s ]
INFO: [ view_filter ] --END-- [ RunTime:0.000462s ]
INFO: [ app_end ] --START--
INFO: Run Behavior\ShowPageTraceBehavior [ RunTime:0.000368s ]
INFO: [ app_end ] --END-- [ RunTime:0.000424s ]

[ 2017-08-02T15:30:52+08:00 ] 183.61.38.55 /index.php/mobile/Index
INFO: [ app_init ] --START--
INFO: Run Behavior\BuildLiteBehavior [ RunTime:0.000054s ]
INFO: [ app_init ] --END-- [ RunTime:0.000292s ]
INFO: [ app_begin ] --START--
INFO: Run Behavior\ReadHtmlCacheBehavior [ RunTime:0.000484s ]
INFO: [ app_begin ] --END-- [ RunTime:0.000547s ]
NOTIC: [2048] Declaration of Mobile\Controller\IndexController::error() should be compatible with Think\Controller::error($message = '', $jumpUrl = '', $ajax = false) /var/www/html/paoding_gemmap/Application/Mobile/Controller/IndexController.class.php 第 8 行.
INFO: [ action_begin ] --START--
INFO: Run Home\Behaviors\siteBehavior [ RunTime:0.008240s ]
INFO: [ action_begin ] --END-- [ RunTime:0.008288s ]
INFO: [ view_begin ] --START--
INFO: Run Home\Behaviors\testBehavior [ RunTime:0.000094s ]
INFO: [ view_begin ] --END-- [ RunTime:0.000138s ]
INFO: [ view_parse ] --START--
INFO: [ template_filter ] --START--
INFO: Run Behavior\ContentReplaceBehavior [ RunTime:0.000094s ]
INFO: [ template_filter ] --END-- [ RunTime:0.000139s ]
NOTIC: [8] Undefined variable: seoTitle /var/www/html/paoding_gemmap/Application/Runtime/Cache/Mobile/287a75ef6074c13750e3b2bdaccd2921.php 第 6 行.
NOTIC: [8] Undefined variable: seoKeywords /var/www/html/paoding_gemmap/Application/Runtime/Cache/Mobile/287a75ef6074c13750e3b2bdaccd2921.php 第 8 行.
NOTIC: [8] Undefined variable: seoDescription /var/www/html/paoding_gemmap/Application/Runtime/Cache/Mobile/287a75ef6074c13750e3b2bdaccd2921.php 第 9 行.
NOTIC: [8] Undefined variable: v /var/www/html/paoding_gemmap/Application/Runtime/Cache/Mobile/287a75ef6074c13750e3b2bdaccd2921.php 第 78 行.
INFO: Run Behavior\ParseTemplateBehavior [ RunTime:0.007610s ]
INFO: [ view_parse ] --END-- [ RunTime:0.007644s ]
INFO: [ view_filter ] --START--
INFO: Run Behavior\WriteHtmlCacheBehavior [ RunTime:0.000106s ]
INFO: Run Behavior\TokenBuildBehavior [ RunTime:0.000239s ]
INFO: [ view_filter ] --END-- [ RunTime:0.000401s ]
INFO: [ app_end ] --START--
INFO: Run Behavior\ShowPageTraceBehavior [ RunTime:0.000403s ]
INFO: [ app_end ] --END-- [ RunTime:0.000458s ]

[ 2017-08-02T15:30:58+08:00 ] 183.61.38.55 /index.php/Mobile/Article/tlist/channel/tlist/type/1/data_id/2
INFO: [ app_init ] --START--
INFO: Run Behavior\BuildLiteBehavior [ RunTime:0.000013s ]
INFO: [ app_init ] --END-- [ RunTime:0.000248s ]
INFO: [ app_begin ] --START--
INFO: Run Behavior\ReadHtmlCacheBehavior [ RunTime:0.000366s ]
INFO: [ app_begin ] --END-- [ RunTime:0.000410s ]
INFO: [ action_begin ] --START--
INFO: Run Home\Behaviors\siteBehavior [ RunTime:0.000166s ]
INFO: [ action_begin ] --END-- [ RunTime:0.000211s ]

[ 2017-08-02T15:31:01+08:00 ] 183.61.38.55 /index.php/Mobile/Article/tlist/channel/tlist/type/1/data_id/2
INFO: [ app_init ] --START--
INFO: Run Behavior\BuildLiteBehavior [ RunTime:0.000013s ]
INFO: [ app_init ] --END-- [ RunTime:0.000249s ]
INFO: [ app_begin ] --START--
INFO: Run Behavior\ReadHtmlCacheBehavior [ RunTime:0.000336s ]
INFO: [ app_begin ] --END-- [ RunTime:0.000380s ]
INFO: [ action_begin ] --START--
INFO: Run Home\Behaviors\siteBehavior [ RunTime:0.000167s ]
INFO: [ action_begin ] --END-- [ RunTime:0.000211s ]
INFO: [ view_begin ] --START--
INFO: Run Home\Behaviors\testBehavior [ RunTime:0.000089s ]
INFO: [ view_begin ] --END-- [ RunTime:0.000132s ]
INFO: [ view_parse ] --START--
INFO: [ template_filter ] --START--
INFO: Run Behavior\ContentReplaceBehavior [ RunTime:0.000082s ]
INFO: [ template_filter ] --END-- [ RunTime:0.000124s ]
NOTIC: [8] Undefined variable: seoTitle /var/www/html/paoding_gemmap/Application/Runtime/Cache/Mobile/0bbf2ba32a373a4b2b9c3ab826295755.php 第 6 行.
NOTIC: [8] Undefined variable: seoKeywords /var/www/html/paoding_gemmap/Application/Runtime/Cache/Mobile/0bbf2ba32a373a4b2b9c3ab826295755.php 第 8 行.
NOTIC: [8] Undefined variable: seoDescription /var/www/html/paoding_gemmap/Application/Runtime/Cache/Mobile/0bbf2ba32a373a4b2b9c3ab826295755.php 第 9 行.
INFO: Run Behavior\ParseTemplateBehavior [ RunTime:0.005893s ]
INFO: [ view_parse ] --END-- [ RunTime:0.005926s ]
INFO: [ view_filter ] --START--
INFO: Run Behavior\WriteHtmlCacheBehavior [ RunTime:0.000105s ]
INFO: Run Behavior\TokenBuildBehavior [ RunTime:0.000279s ]
INFO: [ view_filter ] --END-- [ RunTime:0.000439s ]
INFO: [ app_end ] --START--
INFO: Run Behavior\ShowPageTraceBehavior [ RunTime:0.000381s ]
INFO: [ app_end ] --END-- [ RunTime:0.000423s ]

[ 2017-08-02T15:33:19+08:00 ] 61.151.226.16 /index.php/Mobile/Article/tlist/channel/tlist/type/1/data_id/2
INFO: [ app_init ] --START--
INFO: Run Behavior\BuildLiteBehavior [ RunTime:0.000013s ]
INFO: [ app_init ] --END-- [ RunTime:0.000300s ]
INFO: [ app_begin ] --START--
INFO: Run Behavior\ReadHtmlCacheBehavior [ RunTime:0.000382s ]
INFO: [ app_begin ] --END-- [ RunTime:0.000426s ]
INFO: [ action_begin ] --START--
INFO: Run Home\Behaviors\siteBehavior [ RunTime:0.008014s ]
INFO: [ action_begin ] --END-- [ RunTime:0.008062s ]

[ 2017-08-02T16:19:16+08:00 ] 61.158.147.26 /index.php/mobile/Article/data_list/channel/xq
INFO: [ app_init ] --START--
INFO: Run Behavior\BuildLiteBehavior [ RunTime:0.000012s ]
INFO: [ app_init ] --END-- [ RunTime:0.000248s ]
INFO: [ app_begin ] --START--
INFO: Run Behavior\ReadHtmlCacheBehavior [ RunTime:0.000329s ]
INFO: [ app_begin ] --END-- [ RunTime:0.000371s ]
INFO: [ action_begin ] --START--
INFO: Run Home\Behaviors\siteBehavior [ RunTime:0.007855s ]
INFO: [ action_begin ] --END-- [ RunTime:0.007902s ]

[ 2017-08-02T16:19:22+08:00 ] 61.158.147.26 /index.php/mobile/Article/data_list/channel/xq
INFO: [ app_init ] --START--
INFO: Run Behavior\BuildLiteBehavior [ RunTime:0.000015s ]
INFO: [ app_init ] --END-- [ RunTime:0.000261s ]
INFO: [ app_begin ] --START--
INFO: Run Behavior\ReadHtmlCacheBehavior [ RunTime:0.000332s ]
INFO: [ app_begin ] --END-- [ RunTime:0.000376s ]
INFO: [ action_begin ] --START--
INFO: Run Home\Behaviors\siteBehavior [ RunTime:0.000215s ]
INFO: [ action_begin ] --END-- [ RunTime:0.000259s ]
NOTIC: [8] Undefined index: type /var/www/html/paoding_gemmap/Application/Mobile/Controller/ArticleController.class.php 第 21 行.
NOTIC: [8] Undefined index: order_id /var/www/html/paoding_gemmap/Application/Mobile/Controller/ArticleController.class.php 第 24 行.
INFO: [ view_begin ] --START--
INFO: Run Home\Behaviors\testBehavior [ RunTime:0.000185s ]
INFO: [ view_begin ] --END-- [ RunTime:0.000232s ]
INFO: [ view_parse ] --START--
INFO: [ template_filter ] --START--
INFO: Run Behavior\ContentReplaceBehavior [ RunTime:0.000133s ]
INFO: [ template_filter ] --END-- [ RunTime:0.000182s ]
NOTIC: [8] Undefined variable: seoTitle /var/www/html/paoding_gemmap/Application/Runtime/Cache/Mobile/1724b1f1b079b2a6a957bdf2135918fc.php 第 6 行.
NOTIC: [8] Undefined variable: seoKeywords /var/www/html/paoding_gemmap/Application/Runtime/Cache/Mobile/1724b1f1b079b2a6a957bdf2135918fc.php 第 8 行.
NOTIC: [8] Undefined variable: seoDescription /var/www/html/paoding_gemmap/Application/Runtime/Cache/Mobile/1724b1f1b079b2a6a957bdf2135918fc.php 第 9 行.
NOTIC: [8] Undefined variable: v /var/www/html/paoding_gemmap/Application/Runtime/Cache/Mobile/1724b1f1b079b2a6a957bdf2135918fc.php 第 105 行.
NOTIC: [8] Undefined variable: others /var/www/html/paoding_gemmap/Application/Runtime/Cache/Mobile/1724b1f1b079b2a6a957bdf2135918fc.php 第 126 行.
INFO: Run Behavior\ParseTemplateBehavior [ RunTime:0.010410s ]
INFO: [ view_parse ] --END-- [ RunTime:0.010446s ]
INFO: [ view_filter ] --START--
INFO: Run Behavior\WriteHtmlCacheBehavior [ RunTime:0.000111s ]
INFO: Run Behavior\TokenBuildBehavior [ RunTime:0.000296s ]
INFO: [ view_filter ] --END-- [ RunTime:0.000467s ]
INFO: [ app_end ] --START--
INFO: Run Behavior\ShowPageTraceBehavior [ RunTime:0.000364s ]
INFO: [ app_end ] --END-- [ RunTime:0.000406s ]

[ 2017-08-02T17:09:10+08:00 ] 14.17.3.122 /index.php/mobile/Article/data_list/channel/xq
INFO: [ app_init ] --START--
INFO: Run Behavior\BuildLiteBehavior [ RunTime:0.000013s ]
INFO: [ app_init ] --END-- [ RunTime:0.000288s ]
INFO: [ app_begin ] --START--
INFO: Run Behavior\ReadHtmlCacheBehavior [ RunTime:0.000353s ]
INFO: [ app_begin ] --END-- [ RunTime:0.000411s ]
INFO: [ action_begin ] --START--
INFO: Run Home\Behaviors\siteBehavior [ RunTime:0.017217s ]
INFO: [ action_begin ] --END-- [ RunTime:0.017286s ]

[ 2017-08-02T17:23:18+08:00 ] 101.226.33.218 /index.php/mobile/Index
INFO: [ app_init ] --START--
INFO: Run Behavior\BuildLiteBehavior [ RunTime:0.000012s ]
INFO: [ app_init ] --END-- [ RunTime:0.000259s ]
INFO: [ app_begin ] --START--
INFO: Run Behavior\ReadHtmlCacheBehavior [ RunTime:0.000518s ]
INFO: [ app_begin ] --END-- [ RunTime:0.000648s ]
NOTIC: [2048] Declaration of Mobile\Controller\IndexController::error() should be compatible with Think\Controller::error($message = '', $jumpUrl = '', $ajax = false) /var/www/html/paoding_gemmap/Application/Mobile/Controller/IndexController.class.php 第 8 行.
INFO: [ action_begin ] --START--
INFO: Run Home\Behaviors\siteBehavior [ RunTime:0.010876s ]
INFO: [ action_begin ] --END-- [ RunTime:0.010936s ]
INFO: [ view_begin ] --START--
INFO: Run Home\Behaviors\testBehavior [ RunTime:0.000136s ]
INFO: [ view_begin ] --END-- [ RunTime:0.000181s ]
INFO: [ view_parse ] --START--
INFO: [ template_filter ] --START--
INFO: Run Behavior\ContentReplaceBehavior [ RunTime:0.000107s ]
INFO: [ template_filter ] --END-- [ RunTime:0.000164s ]
NOTIC: [8] Undefined variable: seoTitle /var/www/html/paoding_gemmap/Application/Runtime/Cache/Mobile/287a75ef6074c13750e3b2bdaccd2921.php 第 6 行.
NOTIC: [8] Undefined variable: seoKeywords /var/www/html/paoding_gemmap/Application/Runtime/Cache/Mobile/287a75ef6074c13750e3b2bdaccd2921.php 第 8 行.
NOTIC: [8] Undefined variable: seoDescription /var/www/html/paoding_gemmap/Application/Runtime/Cache/Mobile/287a75ef6074c13750e3b2bdaccd2921.php 第 9 行.
NOTIC: [8] Undefined variable: v /var/www/html/paoding_gemmap/Application/Runtime/Cache/Mobile/287a75ef6074c13750e3b2bdaccd2921.php 第 78 行.
INFO: Run Behavior\ParseTemplateBehavior [ RunTime:0.007643s ]
INFO: [ view_parse ] --END-- [ RunTime:0.007679s ]
INFO: [ view_filter ] --START--
INFO: Run Behavior\WriteHtmlCacheBehavior [ RunTime:0.000111s ]
INFO: Run Behavior\TokenBuildBehavior [ RunTime:0.000277s ]
INFO: [ view_filter ] --END-- [ RunTime:0.000490s ]
INFO: [ app_end ] --START--
INFO: Run Behavior\ShowPageTraceBehavior [ RunTime:0.000402s ]
INFO: [ app_end ] --END-- [ RunTime:0.000449s ]

[ 2017-08-02T17:24:08+08:00 ] 115.135.131.247 /index.php/mobile/Article/data_list/channel/xq
INFO: [ app_init ] --START--
INFO: Run Behavior\BuildLiteBehavior [ RunTime:0.000023s ]
INFO: [ app_init ] --END-- [ RunTime:0.000522s ]
INFO: [ app_begin ] --START--
INFO: Run Behavior\ReadHtmlCacheBehavior [ RunTime:0.000373s ]
INFO: [ app_begin ] --END-- [ RunTime:0.000445s ]
INFO: [ action_begin ] --START--
INFO: Run Home\Behaviors\siteBehavior [ RunTime:0.008982s ]
INFO: [ action_begin ] --END-- [ RunTime:0.009040s ]

[ 2017-08-02T17:28:54+08:00 ] 115.135.131.247 /index.php/mobile/Article/data_list/channel/xq
INFO: [ app_init ] --START--
INFO: Run Behavior\BuildLiteBehavior [ RunTime:0.000015s ]
INFO: [ app_init ] --END-- [ RunTime:0.007313s ]
INFO: [ app_begin ] --START--
INFO: Run Behavior\ReadHtmlCacheBehavior [ RunTime:0.001075s ]
INFO: [ app_begin ] --END-- [ RunTime:0.001125s ]
INFO: [ action_begin ] --START--
INFO: Run Home\Behaviors\siteBehavior [ RunTime:0.027953s ]
INFO: [ action_begin ] --END-- [ RunTime:0.028025s ]

[ 2017-08-02T19:24:02+08:00 ] 221.1.170.74 /index.php/mobile/Index
INFO: [ app_init ] --START--
INFO: Run Behavior\BuildLiteBehavior [ RunTime:0.000013s ]
INFO: [ app_init ] --END-- [ RunTime:0.000249s ]
INFO: [ app_begin ] --START--
INFO: Run Behavior\ReadHtmlCacheBehavior [ RunTime:0.000324s ]
INFO: [ app_begin ] --END-- [ RunTime:0.000367s ]
NOTIC: [2048] Declaration of Mobile\Controller\IndexController::error() should be compatible with Think\Controller::error($message = '', $jumpUrl = '', $ajax = false) /var/www/html/paoding_gemmap/Application/Mobile/Controller/IndexController.class.php 第 8 行.
INFO: [ action_begin ] --START--
INFO: Run Home\Behaviors\siteBehavior [ RunTime:0.007802s ]
INFO: [ action_begin ] --END-- [ RunTime:0.007847s ]
INFO: [ view_begin ] --START--
INFO: Run Home\Behaviors\testBehavior [ RunTime:0.000101s ]
INFO: [ view_begin ] --END-- [ RunTime:0.000142s ]
INFO: [ view_parse ] --START--
INFO: [ template_filter ] --START--
INFO: Run Behavior\ContentReplaceBehavior [ RunTime:0.000103s ]
INFO: [ template_filter ] --END-- [ RunTime:0.000162s ]
NOTIC: [8] Undefined variable: seoTitle /var/www/html/paoding_gemmap/Application/Runtime/Cache/Mobile/287a75ef6074c13750e3b2bdaccd2921.php 第 6 行.
NOTIC: [8] Undefined variable: seoKeywords /var/www/html/paoding_gemmap/Application/Runtime/Cache/Mobile/287a75ef6074c13750e3b2bdaccd2921.php 第 8 行.
NOTIC: [8] Undefined variable: seoDescription /var/www/html/paoding_gemmap/Application/Runtime/Cache/Mobile/287a75ef6074c13750e3b2bdaccd2921.php 第 9 行.
NOTIC: [8] Undefined variable: v /var/www/html/paoding_gemmap/Application/Runtime/Cache/Mobile/287a75ef6074c13750e3b2bdaccd2921.php 第 78 行.
INFO: Run Behavior\ParseTemplateBehavior [ RunTime:0.006677s ]
INFO: [ view_parse ] --END-- [ RunTime:0.006712s ]
INFO: [ view_filter ] --START--
INFO: Run Behavior\WriteHtmlCacheBehavior [ RunTime:0.000116s ]
INFO: Run Behavior\TokenBuildBehavior [ RunTime:0.000253s ]
INFO: [ view_filter ] --END-- [ RunTime:0.000425s ]
INFO: [ app_end ] --START--
INFO: Run Behavior\ShowPageTraceBehavior [ RunTime:0.000474s ]
INFO: [ app_end ] --END-- [ RunTime:0.000540s ]

[ 2017-08-02T19:24:22+08:00 ] 221.1.170.74 /index.php/Mobile/Article/data_list/channel/xq
INFO: [ app_init ] --START--
INFO: Run Behavior\BuildLiteBehavior [ RunTime:0.000013s ]
INFO: [ app_init ] --END-- [ RunTime:0.000252s ]
INFO: [ app_begin ] --START--
INFO: Run Behavior\ReadHtmlCacheBehavior [ RunTime:0.000326s ]
INFO: [ app_begin ] --END-- [ RunTime:0.000369s ]
INFO: [ action_begin ] --START--
INFO: Run Home\Behaviors\siteBehavior [ RunTime:0.000166s ]
INFO: [ action_begin ] --END-- [ RunTime:0.000211s ]

[ 2017-08-02T19:24:26+08:00 ] 221.1.170.74 /index.php/Mobile/Article/data_list/channel/xq
INFO: [ app_init ] --START--
INFO: Run Behavior\BuildLiteBehavior [ RunTime:0.000013s ]
INFO: [ app_init ] --END-- [ RunTime:0.000248s ]
INFO: [ app_begin ] --START--
INFO: Run Behavior\ReadHtmlCacheBehavior [ RunTime:0.000388s ]
INFO: [ app_begin ] --END-- [ RunTime:0.000435s ]
INFO: [ action_begin ] --START--
INFO: Run Home\Behaviors\siteBehavior [ RunTime:0.000168s ]
INFO: [ action_begin ] --END-- [ RunTime:0.000213s ]
NOTIC: [8] Undefined index: type /var/www/html/paoding_gemmap/Application/Mobile/Controller/ArticleController.class.php 第 21 行.
NOTIC: [8] Undefined index: order_id /var/www/html/paoding_gemmap/Application/Mobile/Controller/ArticleController.class.php 第 24 行.
INFO: [ view_begin ] --START--
INFO: Run Home\Behaviors\testBehavior [ RunTime:0.000092s ]
INFO: [ view_begin ] --END-- [ RunTime:0.000130s ]
INFO: [ view_parse ] --START--
INFO: [ template_filter ] --START--
INFO: Run Behavior\ContentReplaceBehavior [ RunTime:0.000127s ]
INFO: [ template_filter ] --END-- [ RunTime:0.000170s ]
NOTIC: [8] Undefined variable: seoTitle /var/www/html/paoding_gemmap/Application/Runtime/Cache/Mobile/1724b1f1b079b2a6a957bdf2135918fc.php 第 6 行.
NOTIC: [8] Undefined variable: seoKeywords /var/www/html/paoding_gemmap/Application/Runtime/Cache/Mobile/1724b1f1b079b2a6a957bdf2135918fc.php 第 8 行.
NOTIC: [8] Undefined variable: seoDescription /var/www/html/paoding_gemmap/Application/Runtime/Cache/Mobile/1724b1f1b079b2a6a957bdf2135918fc.php 第 9 行.
NOTIC: [8] Undefined variable: v /var/www/html/paoding_gemmap/Application/Runtime/Cache/Mobile/1724b1f1b079b2a6a957bdf2135918fc.php 第 105 行.
NOTIC: [8] Undefined variable: others /var/www/html/paoding_gemmap/Application/Runtime/Cache/Mobile/1724b1f1b079b2a6a957bdf2135918fc.php 第 126 行.
INFO: Run Behavior\ParseTemplateBehavior [ RunTime:0.010323s ]
INFO: [ view_parse ] --END-- [ RunTime:0.010360s ]
INFO: [ view_filter ] --START--
INFO: Run Behavior\WriteHtmlCacheBehavior [ RunTime:0.000108s ]
INFO: Run Behavior\TokenBuildBehavior [ RunTime:0.000245s ]
INFO: [ view_filter ] --END-- [ RunTime:0.000410s ]
INFO: [ app_end ] --START--
INFO: Run Behavior\ShowPageTraceBehavior [ RunTime:0.000450s ]
INFO: [ app_end ] --END-- [ RunTime:0.000504s ]

[ 2017-08-02T19:24:41+08:00 ] 221.1.170.74 /index.php/Mobile/User/user_center
INFO: [ app_init ] --START--
INFO: Run Behavior\BuildLiteBehavior [ RunTime:0.000013s ]
INFO: [ app_init ] --END-- [ RunTime:0.000296s ]
INFO: [ app_begin ] --START--
INFO: Run Behavior\ReadHtmlCacheBehavior [ RunTime:0.000328s ]
INFO: [ app_begin ] --END-- [ RunTime:0.000410s ]
INFO: [ action_begin ] --START--
INFO: Run Home\Behaviors\siteBehavior [ RunTime:0.000166s ]
INFO: [ action_begin ] --END-- [ RunTime:0.000210s ]
INFO: [ view_begin ] --START--
INFO: Run Home\Behaviors\testBehavior [ RunTime:0.000098s ]
INFO: [ view_begin ] --END-- [ RunTime:0.000148s ]
INFO: [ view_parse ] --START--
INFO: [ template_filter ] --START--
INFO: Run Behavior\ContentReplaceBehavior [ RunTime:0.000075s ]
INFO: [ template_filter ] --END-- [ RunTime:0.000116s ]
NOTIC: [8] Undefined variable: seoTitle /var/www/html/paoding_gemmap/Application/Runtime/Cache/Mobile/f080998a8e083aa14aa33f0e3c4bb333.php 第 7 行.
NOTIC: [8] Undefined variable: seoKeywords /var/www/html/paoding_gemmap/Application/Runtime/Cache/Mobile/f080998a8e083aa14aa33f0e3c4bb333.php 第 8 行.
NOTIC: [8] Undefined variable: seoDescription /var/www/html/paoding_gemmap/Application/Runtime/Cache/Mobile/f080998a8e083aa14aa33f0e3c4bb333.php 第 10 行.
INFO: Run Behavior\ParseTemplateBehavior [ RunTime:0.005551s ]
INFO: [ view_parse ] --END-- [ RunTime:0.005587s ]
INFO: [ view_filter ] --START--
INFO: Run Behavior\WriteHtmlCacheBehavior [ RunTime:0.000109s ]
INFO: Run Behavior\TokenBuildBehavior [ RunTime:0.000226s ]
INFO: [ view_filter ] --END-- [ RunTime:0.000391s ]
INFO: [ app_end ] --START--
INFO: Run Behavior\ShowPageTraceBehavior [ RunTime:0.000341s ]
INFO: [ app_end ] --END-- [ RunTime:0.000379s ]

[ 2017-08-02T19:24:46+08:00 ] 221.1.170.74 /index.php/Mobile/User/user_sciences
INFO: [ app_init ] --START--
INFO: Run Behavior\BuildLiteBehavior [ RunTime:0.000012s ]
INFO: [ app_init ] --END-- [ RunTime:0.000249s ]
INFO: [ app_begin ] --START--
INFO: Run Behavior\ReadHtmlCacheBehavior [ RunTime:0.000365s ]
INFO: [ app_begin ] --END-- [ RunTime:0.000407s ]
INFO: [ action_begin ] --START--
INFO: Run Home\Behaviors\siteBehavior [ RunTime:0.000164s ]
INFO: [ action_begin ] --END-- [ RunTime:0.000208s ]
INFO: [ view_begin ] --START--
INFO: Run Home\Behaviors\testBehavior [ RunTime:0.000092s ]
INFO: [ view_begin ] --END-- [ RunTime:0.000135s ]
INFO: [ view_parse ] --START--
INFO: [ template_filter ] --START--
INFO: Run Behavior\ContentReplaceBehavior [ RunTime:0.000089s ]
INFO: [ template_filter ] --END-- [ RunTime:0.000132s ]
NOTIC: [8] Undefined variable: seoTitle /var/www/html/paoding_gemmap/Application/Runtime/Cache/Mobile/905c95736f6782752fcf020b459fac59.php 第 6 行.
NOTIC: [8] Undefined variable: seoKeywords /var/www/html/paoding_gemmap/Application/Runtime/Cache/Mobile/905c95736f6782752fcf020b459fac59.php 第 8 行.
NOTIC: [8] Undefined variable: seoDescription /var/www/html/paoding_gemmap/Application/Runtime/Cache/Mobile/905c95736f6782752fcf020b459fac59.php 第 9 行.
NOTIC: [8] Undefined variable: science /var/www/html/paoding_gemmap/Application/Runtime/Cache/Mobile/905c95736f6782752fcf020b459fac59.php 第 31 行.
INFO: Run Behavior\ParseTemplateBehavior [ RunTime:0.044588s ]
INFO: [ view_parse ] --END-- [ RunTime:0.044624s ]
INFO: [ view_filter ] --START--
INFO: Run Behavior\WriteHtmlCacheBehavior [ RunTime:0.000108s ]
INFO: Run Behavior\TokenBuildBehavior [ RunTime:0.000221s ]
INFO: [ view_filter ] --END-- [ RunTime:0.000384s ]
INFO: [ app_end ] --START--
INFO: Run Behavior\ShowPageTraceBehavior [ RunTime:0.000426s ]
INFO: [ app_end ] --END-- [ RunTime:0.000464s ]

[ 2017-08-02T19:24:49+08:00 ] 221.1.170.74 /index.php/Mobile/User/user_center
INFO: [ app_init ] --START--
INFO: Run Behavior\BuildLiteBehavior [ RunTime:0.000015s ]
INFO: [ app_init ] --END-- [ RunTime:0.000262s ]
INFO: [ app_begin ] --START--
INFO: Run Behavior\ReadHtmlCacheBehavior [ RunTime:0.000488s ]
INFO: [ app_begin ] --END-- [ RunTime:0.000545s ]
INFO: [ action_begin ] --START--
INFO: Run Home\Behaviors\siteBehavior [ RunTime:0.000175s ]
INFO: [ action_begin ] --END-- [ RunTime:0.000222s ]
INFO: [ view_begin ] --START--
INFO: Run Home\Behaviors\testBehavior [ RunTime:0.000099s ]
INFO: [ view_begin ] --END-- [ RunTime:0.000152s ]
INFO: [ view_parse ] --START--
INFO: [ template_filter ] --START--
INFO: Run Behavior\ContentReplaceBehavior [ RunTime:0.000078s ]
INFO: [ template_filter ] --END-- [ RunTime:0.000120s ]
NOTIC: [8] Undefined variable: seoTitle /var/www/html/paoding_gemmap/Application/Runtime/Cache/Mobile/f080998a8e083aa14aa33f0e3c4bb333.php 第 7 行.
NOTIC: [8] Undefined variable: seoKeywords /var/www/html/paoding_gemmap/Application/Runtime/Cache/Mobile/f080998a8e083aa14aa33f0e3c4bb333.php 第 8 行.
NOTIC: [8] Undefined variable: seoDescription /var/www/html/paoding_gemmap/Application/Runtime/Cache/Mobile/f080998a8e083aa14aa33f0e3c4bb333.php 第 10 行.
INFO: Run Behavior\ParseTemplateBehavior [ RunTime:0.005524s ]
INFO: [ view_parse ] --END-- [ RunTime:0.005560s ]
INFO: [ view_filter ] --START--
INFO: Run Behavior\WriteHtmlCacheBehavior [ RunTime:0.000107s ]
INFO: Run Behavior\TokenBuildBehavior [ RunTime:0.000218s ]
INFO: [ view_filter ] --END-- [ RunTime:0.000425s ]
INFO: [ app_end ] --START--
INFO: Run Behavior\ShowPageTraceBehavior [ RunTime:0.000338s ]
INFO: [ app_end ] --END-- [ RunTime:0.000375s ]

[ 2017-08-02T19:24:50+08:00 ] 221.1.170.74 /index.php/Mobile/Article/data_list/channel/xq
INFO: [ app_init ] --START--
INFO: Run Behavior\BuildLiteBehavior [ RunTime:0.000013s ]
INFO: [ app_init ] --END-- [ RunTime:0.000291s ]
INFO: [ app_begin ] --START--
INFO: Run Behavior\ReadHtmlCacheBehavior [ RunTime:0.000376s ]
INFO: [ app_begin ] --END-- [ RunTime:0.000478s ]
INFO: [ action_begin ] --START--
INFO: Run Home\Behaviors\siteBehavior [ RunTime:0.000169s ]
INFO: [ action_begin ] --END-- [ RunTime:0.000213s ]
NOTIC: [8] Undefined index: type /var/www/html/paoding_gemmap/Application/Mobile/Controller/ArticleController.class.php 第 21 行.
NOTIC: [8] Undefined index: order_id /var/www/html/paoding_gemmap/Application/Mobile/Controller/ArticleController.class.php 第 24 行.
INFO: [ view_begin ] --START--
INFO: Run Home\Behaviors\testBehavior [ RunTime:0.000098s ]
INFO: [ view_begin ] --END-- [ RunTime:0.000140s ]
INFO: [ view_parse ] --START--
INFO: [ template_filter ] --START--
INFO: Run Behavior\ContentReplaceBehavior [ RunTime:0.000147s ]
INFO: [ template_filter ] --END-- [ RunTime:0.000215s ]
NOTIC: [8] Undefined variable: seoTitle /var/www/html/paoding_gemmap/Application/Runtime/Cache/Mobile/1724b1f1b079b2a6a957bdf2135918fc.php 第 6 行.
NOTIC: [8] Undefined variable: seoKeywords /var/www/html/paoding_gemmap/Application/Runtime/Cache/Mobile/1724b1f1b079b2a6a957bdf2135918fc.php 第 8 行.
NOTIC: [8] Undefined variable: seoDescription /var/www/html/paoding_gemmap/Application/Runtime/Cache/Mobile/1724b1f1b079b2a6a957bdf2135918fc.php 第 9 行.
NOTIC: [8] Undefined variable: v /var/www/html/paoding_gemmap/Application/Runtime/Cache/Mobile/1724b1f1b079b2a6a957bdf2135918fc.php 第 105 行.
NOTIC: [8] Undefined variable: others /var/www/html/paoding_gemmap/Application/Runtime/Cache/Mobile/1724b1f1b079b2a6a957bdf2135918fc.php 第 126 行.
INFO: Run Behavior\ParseTemplateBehavior [ RunTime:0.010795s ]
INFO: [ view_parse ] --END-- [ RunTime:0.010832s ]
INFO: [ view_filter ] --START--
INFO: Run Behavior\WriteHtmlCacheBehavior [ RunTime:0.000136s ]
INFO: Run Behavior\TokenBuildBehavior [ RunTime:0.000327s ]
INFO: [ view_filter ] --END-- [ RunTime:0.000523s ]
INFO: [ app_end ] --START--
INFO: Run Behavior\ShowPageTraceBehavior [ RunTime:0.000396s ]
INFO: [ app_end ] --END-- [ RunTime:0.000438s ]

[ 2017-08-02T19:24:56+08:00 ] 101.226.66.193 /index.php/Mobile/User/user_sciences
INFO: [ app_init ] --START--
INFO: Run Behavior\BuildLiteBehavior [ RunTime:0.000012s ]
INFO: [ app_init ] --END-- [ RunTime:0.000245s ]
INFO: [ app_begin ] --START--
INFO: Run Behavior\ReadHtmlCacheBehavior [ RunTime:0.000322s ]
INFO: [ app_begin ] --END-- [ RunTime:0.000364s ]
INFO: [ action_begin ] --START--
INFO: Run Home\Behaviors\siteBehavior [ RunTime:0.007847s ]
INFO: [ action_begin ] --END-- [ RunTime:0.007894s ]

[ 2017-08-02T21:06:55+08:00 ] 123.151.153.36 /index.php/mobile/Index
INFO: [ app_init ] --START--
INFO: Run Behavior\BuildLiteBehavior [ RunTime:0.000016s ]
INFO: [ app_init ] --END-- [ RunTime:0.000264s ]
INFO: [ app_begin ] --START--
INFO: Run Behavior\ReadHtmlCacheBehavior [ RunTime:0.000332s ]
INFO: [ app_begin ] --END-- [ RunTime:0.000376s ]
NOTIC: [2048] Declaration of Mobile\Controller\IndexController::error() should be compatible with Think\Controller::error($message = '', $jumpUrl = '', $ajax = false) /var/www/html/paoding_gemmap/Application/Mobile/Controller/IndexController.class.php 第 8 行.
INFO: [ action_begin ] --START--
INFO: Run Home\Behaviors\siteBehavior [ RunTime:0.007777s ]
INFO: [ action_begin ] --END-- [ RunTime:0.007820s ]
INFO: [ view_begin ] --START--
INFO: Run Home\Behaviors\testBehavior [ RunTime:0.000093s ]
INFO: [ view_begin ] --END-- [ RunTime:0.000135s ]
INFO: [ view_parse ] --START--
INFO: [ template_filter ] --START--
INFO: Run Behavior\ContentReplaceBehavior [ RunTime:0.000111s ]
INFO: [ template_filter ] --END-- [ RunTime:0.000156s ]
NOTIC: [8] Undefined variable: seoTitle /var/www/html/paoding_gemmap/Application/Runtime/Cache/Mobile/287a75ef6074c13750e3b2bdaccd2921.php 第 6 行.
NOTIC: [8] Undefined variable: seoKeywords /var/www/html/paoding_gemmap/Application/Runtime/Cache/Mobile/287a75ef6074c13750e3b2bdaccd2921.php 第 8 行.
NOTIC: [8] Undefined variable: seoDescription /var/www/html/paoding_gemmap/Application/Runtime/Cache/Mobile/287a75ef6074c13750e3b2bdaccd2921.php 第 9 行.
NOTIC: [8] Undefined variable: v /var/www/html/paoding_gemmap/Application/Runtime/Cache/Mobile/287a75ef6074c13750e3b2bdaccd2921.php 第 78 行.
INFO: Run Behavior\ParseTemplateBehavior [ RunTime:0.006142s ]
INFO: [ view_parse ] --END-- [ RunTime:0.006176s ]
INFO: [ view_filter ] --START--
INFO: Run Behavior\WriteHtmlCacheBehavior [ RunTime:0.000105s ]
INFO: Run Behavior\TokenBuildBehavior [ RunTime:0.000278s ]
INFO: [ view_filter ] --END-- [ RunTime:0.000439s ]
INFO: [ app_end ] --START--
INFO: Run Behavior\ShowPageTraceBehavior [ RunTime:0.000347s ]
INFO: [ app_end ] --END-- [ RunTime:0.000391s ]

