[ 2017-07-12T01:19:51+08:00 ] 123.125.71.44 /index.php/Mobile/Index
INFO: [ app_init ] --START--
INFO: Run Behavior\BuildLiteBehavior [ RunTime:0.000012s ]
INFO: [ app_init ] --END-- [ RunTime:0.000250s ]
INFO: [ app_begin ] --START--
INFO: Run Behavior\ReadHtmlCacheBehavior [ RunTime:0.000331s ]
INFO: [ app_begin ] --END-- [ RunTime:0.000373s ]
NOTIC: [2048] Declaration of Mobile\Controller\IndexController::error() should be compatible with Think\Controller::error($message = '', $jumpUrl = '', $ajax = false) /var/www/html/paoding_gemmap/Application/Mobile/Controller/IndexController.class.php 第 8 行.
INFO: [ action_begin ] --START--
INFO: Run Home\Behaviors\siteBehavior [ RunTime:0.007683s ]
INFO: [ action_begin ] --END-- [ RunTime:0.007728s ]
INFO: [ view_begin ] --START--
INFO: Run Home\Behaviors\testBehavior [ RunTime:0.000118s ]
INFO: [ view_begin ] --END-- [ RunTime:0.000162s ]
INFO: [ view_parse ] --START--
INFO: [ template_filter ] --START--
INFO: Run Behavior\ContentReplaceBehavior [ RunTime:0.000091s ]
INFO: [ template_filter ] --END-- [ RunTime:0.000131s ]
NOTIC: [8] Undefined variable: seoTitle /var/www/html/paoding_gemmap/Application/Runtime/Cache/Mobile/287a75ef6074c13750e3b2bdaccd2921.php 第 6 行.
NOTIC: [8] Undefined variable: seoKeywords /var/www/html/paoding_gemmap/Application/Runtime/Cache/Mobile/287a75ef6074c13750e3b2bdaccd2921.php 第 8 行.
NOTIC: [8] Undefined variable: seoDescription /var/www/html/paoding_gemmap/Application/Runtime/Cache/Mobile/287a75ef6074c13750e3b2bdaccd2921.php 第 9 行.
NOTIC: [8] Undefined variable: v /var/www/html/paoding_gemmap/Application/Runtime/Cache/Mobile/287a75ef6074c13750e3b2bdaccd2921.php 第 78 行.
INFO: Run Behavior\ParseTemplateBehavior [ RunTime:0.006142s ]
INFO: [ view_parse ] --END-- [ RunTime:0.006176s ]
INFO: [ view_filter ] --START--
INFO: Run Behavior\WriteHtmlCacheBehavior [ RunTime:0.000133s ]
INFO: Run Behavior\TokenBuildBehavior [ RunTime:0.000244s ]
INFO: [ view_filter ] --END-- [ RunTime:0.000432s ]
INFO: [ app_end ] --START--
INFO: Run Behavior\ShowPageTraceBehavior [ RunTime:0.000351s ]
INFO: [ app_end ] --END-- [ RunTime:0.000392s ]

[ 2017-07-12T03:57:02+08:00 ] 101.226.233.158 /index.php/mobile/Index
INFO: [ app_init ] --START--
INFO: Run Behavior\BuildLiteBehavior [ RunTime:0.000014s ]
INFO: [ app_init ] --END-- [ RunTime:0.000260s ]
INFO: [ app_begin ] --START--
INFO: Run Behavior\ReadHtmlCacheBehavior [ RunTime:0.000338s ]
INFO: [ app_begin ] --END-- [ RunTime:0.000382s ]
NOTIC: [2048] Declaration of Mobile\Controller\IndexController::error() should be compatible with Think\Controller::error($message = '', $jumpUrl = '', $ajax = false) /var/www/html/paoding_gemmap/Application/Mobile/Controller/IndexController.class.php 第 8 行.
INFO: [ action_begin ] --START--
INFO: Run Home\Behaviors\siteBehavior [ RunTime:0.008078s ]
INFO: [ action_begin ] --END-- [ RunTime:0.008132s ]
INFO: [ view_begin ] --START--
INFO: Run Home\Behaviors\testBehavior [ RunTime:0.000123s ]
INFO: [ view_begin ] --END-- [ RunTime:0.000167s ]
INFO: [ view_parse ] --START--
INFO: [ template_filter ] --START--
INFO: Run Behavior\ContentReplaceBehavior [ RunTime:0.000091s ]
INFO: [ template_filter ] --END-- [ RunTime:0.000133s ]
NOTIC: [8] Undefined variable: seoTitle /var/www/html/paoding_gemmap/Application/Runtime/Cache/Mobile/287a75ef6074c13750e3b2bdaccd2921.php 第 6 行.
NOTIC: [8] Undefined variable: seoKeywords /var/www/html/paoding_gemmap/Application/Runtime/Cache/Mobile/287a75ef6074c13750e3b2bdaccd2921.php 第 8 行.
NOTIC: [8] Undefined variable: seoDescription /var/www/html/paoding_gemmap/Application/Runtime/Cache/Mobile/287a75ef6074c13750e3b2bdaccd2921.php 第 9 行.
NOTIC: [8] Undefined variable: v /var/www/html/paoding_gemmap/Application/Runtime/Cache/Mobile/287a75ef6074c13750e3b2bdaccd2921.php 第 78 行.
INFO: Run Behavior\ParseTemplateBehavior [ RunTime:0.006152s ]
INFO: [ view_parse ] --END-- [ RunTime:0.006186s ]
INFO: [ view_filter ] --START--
INFO: Run Behavior\WriteHtmlCacheBehavior [ RunTime:0.000151s ]
INFO: Run Behavior\TokenBuildBehavior [ RunTime:0.000244s ]
INFO: [ view_filter ] --END-- [ RunTime:0.000452s ]
INFO: [ app_end ] --START--
INFO: Run Behavior\ShowPageTraceBehavior [ RunTime:0.000362s ]
INFO: [ app_end ] --END-- [ RunTime:0.000404s ]

[ 2017-07-12T03:57:03+08:00 ] 101.226.233.158 /index.php/mobile/Article/data_list/channel/xq
INFO: [ app_init ] --START--
INFO: Run Behavior\BuildLiteBehavior [ RunTime:0.000013s ]
INFO: [ app_init ] --END-- [ RunTime:0.000251s ]
INFO: [ app_begin ] --START--
INFO: Run Behavior\ReadHtmlCacheBehavior [ RunTime:0.000335s ]
INFO: [ app_begin ] --END-- [ RunTime:0.000379s ]
INFO: [ action_begin ] --START--
INFO: Run Home\Behaviors\siteBehavior [ RunTime:0.009251s ]
INFO: [ action_begin ] --END-- [ RunTime:0.009309s ]
NOTIC: [8] Undefined index: userArr /var/www/html/paoding_gemmap/Application/Mobile/Controller/BaseController.class.php 第 68 行.
NOTIC: [8] Undefined index: type /var/www/html/paoding_gemmap/Application/Mobile/Controller/ArticleController.class.php 第 21 行.
NOTIC: [8] Undefined index: order_id /var/www/html/paoding_gemmap/Application/Mobile/Controller/ArticleController.class.php 第 24 行.
INFO: [ view_begin ] --START--
INFO: Run Home\Behaviors\testBehavior [ RunTime:0.000167s ]
INFO: [ view_begin ] --END-- [ RunTime:0.000210s ]
INFO: [ view_parse ] --START--
INFO: [ template_filter ] --START--
INFO: Run Behavior\ContentReplaceBehavior [ RunTime:0.000135s ]
INFO: [ template_filter ] --END-- [ RunTime:0.000184s ]
NOTIC: [8] Undefined variable: seoTitle /var/www/html/paoding_gemmap/Application/Runtime/Cache/Mobile/1724b1f1b079b2a6a957bdf2135918fc.php 第 6 行.
NOTIC: [8] Undefined variable: seoKeywords /var/www/html/paoding_gemmap/Application/Runtime/Cache/Mobile/1724b1f1b079b2a6a957bdf2135918fc.php 第 8 行.
NOTIC: [8] Undefined variable: seoDescription /var/www/html/paoding_gemmap/Application/Runtime/Cache/Mobile/1724b1f1b079b2a6a957bdf2135918fc.php 第 9 行.
NOTIC: [8] Undefined variable: v /var/www/html/paoding_gemmap/Application/Runtime/Cache/Mobile/1724b1f1b079b2a6a957bdf2135918fc.php 第 105 行.
NOTIC: [8] Undefined variable: others /var/www/html/paoding_gemmap/Application/Runtime/Cache/Mobile/1724b1f1b079b2a6a957bdf2135918fc.php 第 126 行.
INFO: Run Behavior\ParseTemplateBehavior [ RunTime:0.010258s ]
INFO: [ view_parse ] --END-- [ RunTime:0.010293s ]
INFO: [ view_filter ] --START--
INFO: Run Behavior\WriteHtmlCacheBehavior [ RunTime:0.000111s ]
INFO: Run Behavior\TokenBuildBehavior [ RunTime:0.000298s ]
INFO: [ view_filter ] --END-- [ RunTime:0.000466s ]
INFO: [ app_end ] --START--
INFO: Run Behavior\ShowPageTraceBehavior [ RunTime:0.000356s ]
INFO: [ app_end ] --END-- [ RunTime:0.000422s ]

[ 2017-07-12T11:09:00+08:00 ] 101.226.79.182 /index.php/mobile/Index
INFO: [ app_init ] --START--
INFO: Run Behavior\BuildLiteBehavior [ RunTime:0.000014s ]
INFO: [ app_init ] --END-- [ RunTime:0.000261s ]
INFO: [ app_begin ] --START--
INFO: Run Behavior\ReadHtmlCacheBehavior [ RunTime:0.000374s ]
INFO: [ app_begin ] --END-- [ RunTime:0.000418s ]
NOTIC: [2048] Declaration of Mobile\Controller\IndexController::error() should be compatible with Think\Controller::error($message = '', $jumpUrl = '', $ajax = false) /var/www/html/paoding_gemmap/Application/Mobile/Controller/IndexController.class.php 第 8 行.
INFO: [ action_begin ] --START--
INFO: Run Home\Behaviors\siteBehavior [ RunTime:0.008194s ]
INFO: [ action_begin ] --END-- [ RunTime:0.008257s ]
INFO: [ view_begin ] --START--
INFO: Run Home\Behaviors\testBehavior [ RunTime:0.000151s ]
INFO: [ view_begin ] --END-- [ RunTime:0.000197s ]
INFO: [ view_parse ] --START--
INFO: [ template_filter ] --START--
INFO: Run Behavior\ContentReplaceBehavior [ RunTime:0.000092s ]
INFO: [ template_filter ] --END-- [ RunTime:0.000137s ]
NOTIC: [8] Undefined variable: seoTitle /var/www/html/paoding_gemmap/Application/Runtime/Cache/Mobile/287a75ef6074c13750e3b2bdaccd2921.php 第 6 行.
NOTIC: [8] Undefined variable: seoKeywords /var/www/html/paoding_gemmap/Application/Runtime/Cache/Mobile/287a75ef6074c13750e3b2bdaccd2921.php 第 8 行.
NOTIC: [8] Undefined variable: seoDescription /var/www/html/paoding_gemmap/Application/Runtime/Cache/Mobile/287a75ef6074c13750e3b2bdaccd2921.php 第 9 行.
NOTIC: [8] Undefined variable: v /var/www/html/paoding_gemmap/Application/Runtime/Cache/Mobile/287a75ef6074c13750e3b2bdaccd2921.php 第 78 行.
INFO: Run Behavior\ParseTemplateBehavior [ RunTime:0.006710s ]
INFO: [ view_parse ] --END-- [ RunTime:0.006745s ]
INFO: [ view_filter ] --START--
INFO: Run Behavior\WriteHtmlCacheBehavior [ RunTime:0.000109s ]
INFO: Run Behavior\TokenBuildBehavior [ RunTime:0.000403s ]
INFO: [ view_filter ] --END-- [ RunTime:0.000572s ]
INFO: [ app_end ] --START--
INFO: Run Behavior\ShowPageTraceBehavior [ RunTime:0.000366s ]
INFO: [ app_end ] --END-- [ RunTime:0.000432s ]

[ 2017-07-12T11:19:20+08:00 ] 101.226.33.223 /index.php/mobile/Index
INFO: [ app_init ] --START--
INFO: Run Behavior\BuildLiteBehavior [ RunTime:0.000012s ]
INFO: [ app_init ] --END-- [ RunTime:0.000243s ]
INFO: [ app_begin ] --START--
INFO: Run Behavior\ReadHtmlCacheBehavior [ RunTime:0.000408s ]
INFO: [ app_begin ] --END-- [ RunTime:0.000467s ]
NOTIC: [2048] Declaration of Mobile\Controller\IndexController::error() should be compatible with Think\Controller::error($message = '', $jumpUrl = '', $ajax = false) /var/www/html/paoding_gemmap/Application/Mobile/Controller/IndexController.class.php 第 8 行.
INFO: [ action_begin ] --START--
INFO: Run Home\Behaviors\siteBehavior [ RunTime:0.007708s ]
INFO: [ action_begin ] --END-- [ RunTime:0.007752s ]
INFO: [ view_begin ] --START--
INFO: Run Home\Behaviors\testBehavior [ RunTime:0.000116s ]
INFO: [ view_begin ] --END-- [ RunTime:0.000160s ]
INFO: [ view_parse ] --START--
INFO: [ template_filter ] --START--
INFO: Run Behavior\ContentReplaceBehavior [ RunTime:0.000089s ]
INFO: [ template_filter ] --END-- [ RunTime:0.000130s ]
NOTIC: [8] Undefined variable: seoTitle /var/www/html/paoding_gemmap/Application/Runtime/Cache/Mobile/287a75ef6074c13750e3b2bdaccd2921.php 第 6 行.
NOTIC: [8] Undefined variable: seoKeywords /var/www/html/paoding_gemmap/Application/Runtime/Cache/Mobile/287a75ef6074c13750e3b2bdaccd2921.php 第 8 行.
NOTIC: [8] Undefined variable: seoDescription /var/www/html/paoding_gemmap/Application/Runtime/Cache/Mobile/287a75ef6074c13750e3b2bdaccd2921.php 第 9 行.
NOTIC: [8] Undefined variable: v /var/www/html/paoding_gemmap/Application/Runtime/Cache/Mobile/287a75ef6074c13750e3b2bdaccd2921.php 第 78 行.
INFO: Run Behavior\ParseTemplateBehavior [ RunTime:0.006121s ]
INFO: [ view_parse ] --END-- [ RunTime:0.006159s ]
INFO: [ view_filter ] --START--
INFO: Run Behavior\WriteHtmlCacheBehavior [ RunTime:0.000106s ]
INFO: Run Behavior\TokenBuildBehavior [ RunTime:0.000235s ]
INFO: [ view_filter ] --END-- [ RunTime:0.000397s ]
INFO: [ app_end ] --START--
INFO: Run Behavior\ShowPageTraceBehavior [ RunTime:0.000351s ]
INFO: [ app_end ] --END-- [ RunTime:0.000407s ]

[ 2017-07-12T11:19:38+08:00 ] 113.111.89.215 /index.php/mobile/Index
INFO: [ app_init ] --START--
INFO: Run Behavior\BuildLiteBehavior [ RunTime:0.000014s ]
INFO: [ app_init ] --END-- [ RunTime:0.000315s ]
INFO: [ app_begin ] --START--
INFO: Run Behavior\ReadHtmlCacheBehavior [ RunTime:0.000401s ]
INFO: [ app_begin ] --END-- [ RunTime:0.000444s ]
NOTIC: [2048] Declaration of Mobile\Controller\IndexController::error() should be compatible with Think\Controller::error($message = '', $jumpUrl = '', $ajax = false) /var/www/html/paoding_gemmap/Application/Mobile/Controller/IndexController.class.php 第 8 行.
INFO: [ action_begin ] --START--
INFO: Run Home\Behaviors\siteBehavior [ RunTime:0.007713s ]
INFO: [ action_begin ] --END-- [ RunTime:0.007758s ]
INFO: [ view_begin ] --START--
INFO: Run Home\Behaviors\testBehavior [ RunTime:0.000118s ]
INFO: [ view_begin ] --END-- [ RunTime:0.000162s ]
INFO: [ view_parse ] --START--
INFO: [ template_filter ] --START--
INFO: Run Behavior\ContentReplaceBehavior [ RunTime:0.000092s ]
INFO: [ template_filter ] --END-- [ RunTime:0.000137s ]
NOTIC: [8] Undefined variable: seoTitle /var/www/html/paoding_gemmap/Application/Runtime/Cache/Mobile/287a75ef6074c13750e3b2bdaccd2921.php 第 6 行.
NOTIC: [8] Undefined variable: seoKeywords /var/www/html/paoding_gemmap/Application/Runtime/Cache/Mobile/287a75ef6074c13750e3b2bdaccd2921.php 第 8 行.
NOTIC: [8] Undefined variable: seoDescription /var/www/html/paoding_gemmap/Application/Runtime/Cache/Mobile/287a75ef6074c13750e3b2bdaccd2921.php 第 9 行.
NOTIC: [8] Undefined variable: v /var/www/html/paoding_gemmap/Application/Runtime/Cache/Mobile/287a75ef6074c13750e3b2bdaccd2921.php 第 78 行.
INFO: Run Behavior\ParseTemplateBehavior [ RunTime:0.006160s ]
INFO: [ view_parse ] --END-- [ RunTime:0.006195s ]
INFO: [ view_filter ] --START--
INFO: Run Behavior\WriteHtmlCacheBehavior [ RunTime:0.000108s ]
INFO: Run Behavior\TokenBuildBehavior [ RunTime:0.000237s ]
INFO: [ view_filter ] --END-- [ RunTime:0.000400s ]
INFO: [ app_end ] --START--
INFO: Run Behavior\ShowPageTraceBehavior [ RunTime:0.000407s ]
INFO: [ app_end ] --END-- [ RunTime:0.000448s ]

[ 2017-07-12T11:19:48+08:00 ] 113.111.89.215 /index.php/mobile/Index
INFO: [ app_init ] --START--
INFO: Run Behavior\BuildLiteBehavior [ RunTime:0.000014s ]
INFO: [ app_init ] --END-- [ RunTime:0.000256s ]
INFO: [ app_begin ] --START--
INFO: Run Behavior\ReadHtmlCacheBehavior [ RunTime:0.000334s ]
INFO: [ app_begin ] --END-- [ RunTime:0.000377s ]
NOTIC: [2048] Declaration of Mobile\Controller\IndexController::error() should be compatible with Think\Controller::error($message = '', $jumpUrl = '', $ajax = false) /var/www/html/paoding_gemmap/Application/Mobile/Controller/IndexController.class.php 第 8 行.
INFO: [ action_begin ] --START--
INFO: Run Home\Behaviors\siteBehavior [ RunTime:0.000171s ]
INFO: [ action_begin ] --END-- [ RunTime:0.000215s ]
INFO: [ view_begin ] --START--
INFO: Run Home\Behaviors\testBehavior [ RunTime:0.000155s ]
INFO: [ view_begin ] --END-- [ RunTime:0.000220s ]
INFO: [ view_parse ] --START--
INFO: [ template_filter ] --START--
INFO: Run Behavior\ContentReplaceBehavior [ RunTime:0.000106s ]
INFO: [ template_filter ] --END-- [ RunTime:0.000160s ]
NOTIC: [8] Undefined variable: seoTitle /var/www/html/paoding_gemmap/Application/Runtime/Cache/Mobile/287a75ef6074c13750e3b2bdaccd2921.php 第 6 行.
NOTIC: [8] Undefined variable: seoKeywords /var/www/html/paoding_gemmap/Application/Runtime/Cache/Mobile/287a75ef6074c13750e3b2bdaccd2921.php 第 8 行.
NOTIC: [8] Undefined variable: seoDescription /var/www/html/paoding_gemmap/Application/Runtime/Cache/Mobile/287a75ef6074c13750e3b2bdaccd2921.php 第 9 行.
NOTIC: [8] Undefined variable: v /var/www/html/paoding_gemmap/Application/Runtime/Cache/Mobile/287a75ef6074c13750e3b2bdaccd2921.php 第 78 行.
INFO: Run Behavior\ParseTemplateBehavior [ RunTime:0.006381s ]
INFO: [ view_parse ] --END-- [ RunTime:0.006416s ]
INFO: [ view_filter ] --START--
INFO: Run Behavior\WriteHtmlCacheBehavior [ RunTime:0.000112s ]
INFO: Run Behavior\TokenBuildBehavior [ RunTime:0.000241s ]
INFO: [ view_filter ] --END-- [ RunTime:0.000408s ]
INFO: [ app_end ] --START--
INFO: Run Behavior\ShowPageTraceBehavior [ RunTime:0.000421s ]
INFO: [ app_end ] --END-- [ RunTime:0.000464s ]

[ 2017-07-12T11:24:23+08:00 ] 101.226.65.102 /index.php/mobile/Index
INFO: [ app_init ] --START--
INFO: Run Behavior\BuildLiteBehavior [ RunTime:0.000013s ]
INFO: [ app_init ] --END-- [ RunTime:0.000251s ]
INFO: [ app_begin ] --START--
INFO: Run Behavior\ReadHtmlCacheBehavior [ RunTime:0.000326s ]
INFO: [ app_begin ] --END-- [ RunTime:0.000369s ]
NOTIC: [2048] Declaration of Mobile\Controller\IndexController::error() should be compatible with Think\Controller::error($message = '', $jumpUrl = '', $ajax = false) /var/www/html/paoding_gemmap/Application/Mobile/Controller/IndexController.class.php 第 8 行.
INFO: [ action_begin ] --START--
INFO: Run Home\Behaviors\siteBehavior [ RunTime:0.007929s ]
INFO: [ action_begin ] --END-- [ RunTime:0.007975s ]
INFO: [ view_begin ] --START--
INFO: Run Home\Behaviors\testBehavior [ RunTime:0.000119s ]
INFO: [ view_begin ] --END-- [ RunTime:0.000164s ]
INFO: [ view_parse ] --START--
INFO: [ template_filter ] --START--
INFO: Run Behavior\ContentReplaceBehavior [ RunTime:0.000091s ]
INFO: [ template_filter ] --END-- [ RunTime:0.000134s ]
NOTIC: [8] Undefined variable: seoTitle /var/www/html/paoding_gemmap/Application/Runtime/Cache/Mobile/287a75ef6074c13750e3b2bdaccd2921.php 第 6 行.
NOTIC: [8] Undefined variable: seoKeywords /var/www/html/paoding_gemmap/Application/Runtime/Cache/Mobile/287a75ef6074c13750e3b2bdaccd2921.php 第 8 行.
NOTIC: [8] Undefined variable: seoDescription /var/www/html/paoding_gemmap/Application/Runtime/Cache/Mobile/287a75ef6074c13750e3b2bdaccd2921.php 第 9 行.
NOTIC: [8] Undefined variable: v /var/www/html/paoding_gemmap/Application/Runtime/Cache/Mobile/287a75ef6074c13750e3b2bdaccd2921.php 第 78 行.
INFO: Run Behavior\ParseTemplateBehavior [ RunTime:0.006035s ]
INFO: [ view_parse ] --END-- [ RunTime:0.006070s ]
INFO: [ view_filter ] --START--
INFO: Run Behavior\WriteHtmlCacheBehavior [ RunTime:0.000104s ]
INFO: Run Behavior\TokenBuildBehavior [ RunTime:0.000301s ]
INFO: [ view_filter ] --END-- [ RunTime:0.000559s ]
INFO: [ app_end ] --START--
INFO: Run Behavior\ShowPageTraceBehavior [ RunTime:0.000582s ]
INFO: [ app_end ] --END-- [ RunTime:0.000648s ]

[ 2017-07-12T12:03:53+08:00 ] 113.111.90.163 /index.php/mobile/Index
INFO: [ app_init ] --START--
INFO: Run Behavior\BuildLiteBehavior [ RunTime:0.000013s ]
INFO: [ app_init ] --END-- [ RunTime:0.000303s ]
INFO: [ app_begin ] --START--
INFO: Run Behavior\ReadHtmlCacheBehavior [ RunTime:0.000392s ]
INFO: [ app_begin ] --END-- [ RunTime:0.000435s ]
NOTIC: [2048] Declaration of Mobile\Controller\IndexController::error() should be compatible with Think\Controller::error($message = '', $jumpUrl = '', $ajax = false) /var/www/html/paoding_gemmap/Application/Mobile/Controller/IndexController.class.php 第 8 行.
INFO: [ action_begin ] --START--
INFO: Run Home\Behaviors\siteBehavior [ RunTime:0.009544s ]
INFO: [ action_begin ] --END-- [ RunTime:0.009590s ]
INFO: [ view_begin ] --START--
INFO: Run Home\Behaviors\testBehavior [ RunTime:0.000117s ]
INFO: [ view_begin ] --END-- [ RunTime:0.000162s ]
INFO: [ view_parse ] --START--
INFO: [ template_filter ] --START--
INFO: Run Behavior\ContentReplaceBehavior [ RunTime:0.000089s ]
INFO: [ template_filter ] --END-- [ RunTime:0.000131s ]
NOTIC: [8] Undefined variable: seoTitle /var/www/html/paoding_gemmap/Application/Runtime/Cache/Mobile/287a75ef6074c13750e3b2bdaccd2921.php 第 6 行.
NOTIC: [8] Undefined variable: seoKeywords /var/www/html/paoding_gemmap/Application/Runtime/Cache/Mobile/287a75ef6074c13750e3b2bdaccd2921.php 第 8 行.
NOTIC: [8] Undefined variable: seoDescription /var/www/html/paoding_gemmap/Application/Runtime/Cache/Mobile/287a75ef6074c13750e3b2bdaccd2921.php 第 9 行.
NOTIC: [8] Undefined variable: v /var/www/html/paoding_gemmap/Application/Runtime/Cache/Mobile/287a75ef6074c13750e3b2bdaccd2921.php 第 78 行.
INFO: Run Behavior\ParseTemplateBehavior [ RunTime:0.006071s ]
INFO: [ view_parse ] --END-- [ RunTime:0.006105s ]
INFO: [ view_filter ] --START--
INFO: Run Behavior\WriteHtmlCacheBehavior [ RunTime:0.000104s ]
INFO: Run Behavior\TokenBuildBehavior [ RunTime:0.000263s ]
INFO: [ view_filter ] --END-- [ RunTime:0.000469s ]
INFO: [ app_end ] --START--
INFO: Run Behavior\ShowPageTraceBehavior [ RunTime:0.000353s ]
INFO: [ app_end ] --END-- [ RunTime:0.000394s ]

[ 2017-07-12T12:04:02+08:00 ] 113.111.90.163 /index.php/Mobile/Article/tlist/channel/tlist/type/1/data_id/7
INFO: [ app_init ] --START--
INFO: Run Behavior\BuildLiteBehavior [ RunTime:0.000013s ]
INFO: [ app_init ] --END-- [ RunTime:0.000282s ]
INFO: [ app_begin ] --START--
INFO: Run Behavior\ReadHtmlCacheBehavior [ RunTime:0.000331s ]
INFO: [ app_begin ] --END-- [ RunTime:0.000374s ]
INFO: [ action_begin ] --START--
INFO: Run Home\Behaviors\siteBehavior [ RunTime:0.000165s ]
INFO: [ action_begin ] --END-- [ RunTime:0.000210s ]
NOTIC: [8] Undefined index: userArr /var/www/html/paoding_gemmap/Application/Mobile/Controller/BaseController.class.php 第 68 行.
INFO: [ view_begin ] --START--
INFO: Run Home\Behaviors\testBehavior [ RunTime:0.000119s ]
INFO: [ view_begin ] --END-- [ RunTime:0.000166s ]
INFO: [ view_parse ] --START--
INFO: [ template_filter ] --START--
INFO: Run Behavior\ContentReplaceBehavior [ RunTime:0.000088s ]
INFO: [ template_filter ] --END-- [ RunTime:0.000131s ]
NOTIC: [8] Undefined variable: seoTitle /var/www/html/paoding_gemmap/Application/Runtime/Cache/Mobile/0bbf2ba32a373a4b2b9c3ab826295755.php 第 6 行.
NOTIC: [8] Undefined variable: seoKeywords /var/www/html/paoding_gemmap/Application/Runtime/Cache/Mobile/0bbf2ba32a373a4b2b9c3ab826295755.php 第 8 行.
NOTIC: [8] Undefined variable: seoDescription /var/www/html/paoding_gemmap/Application/Runtime/Cache/Mobile/0bbf2ba32a373a4b2b9c3ab826295755.php 第 9 行.
INFO: Run Behavior\ParseTemplateBehavior [ RunTime:0.016882s ]
INFO: [ view_parse ] --END-- [ RunTime:0.016925s ]
INFO: [ view_filter ] --START--
INFO: Run Behavior\WriteHtmlCacheBehavior [ RunTime:0.000144s ]
INFO: Run Behavior\TokenBuildBehavior [ RunTime:0.000268s ]
INFO: [ view_filter ] --END-- [ RunTime:0.000479s ]
INFO: [ app_end ] --START--
INFO: Run Behavior\ShowPageTraceBehavior [ RunTime:0.000382s ]
INFO: [ app_end ] --END-- [ RunTime:0.000426s ]

[ 2017-07-12T12:04:35+08:00 ] 113.111.90.163 /index.php/Mobile/Article/tlist/channel/tlist/type/1/data_id/7
INFO: [ app_init ] --START--
INFO: Run Behavior\BuildLiteBehavior [ RunTime:0.000014s ]
INFO: [ app_init ] --END-- [ RunTime:0.000249s ]
INFO: [ app_begin ] --START--
INFO: Run Behavior\ReadHtmlCacheBehavior [ RunTime:0.000326s ]
INFO: [ app_begin ] --END-- [ RunTime:0.000368s ]
INFO: [ action_begin ] --START--
INFO: Run Home\Behaviors\siteBehavior [ RunTime:0.000164s ]
INFO: [ action_begin ] --END-- [ RunTime:0.000208s ]
NOTIC: [8] Undefined index: userArr /var/www/html/paoding_gemmap/Application/Mobile/Controller/BaseController.class.php 第 68 行.
INFO: [ view_begin ] --START--
INFO: Run Home\Behaviors\testBehavior [ RunTime:0.000127s ]
INFO: [ view_begin ] --END-- [ RunTime:0.000174s ]
INFO: [ view_parse ] --START--
INFO: [ template_filter ] --START--
INFO: Run Behavior\ContentReplaceBehavior [ RunTime:0.000110s ]
INFO: [ template_filter ] --END-- [ RunTime:0.000155s ]
NOTIC: [8] Undefined variable: seoTitle /var/www/html/paoding_gemmap/Application/Runtime/Cache/Mobile/0bbf2ba32a373a4b2b9c3ab826295755.php 第 6 行.
NOTIC: [8] Undefined variable: seoKeywords /var/www/html/paoding_gemmap/Application/Runtime/Cache/Mobile/0bbf2ba32a373a4b2b9c3ab826295755.php 第 8 行.
NOTIC: [8] Undefined variable: seoDescription /var/www/html/paoding_gemmap/Application/Runtime/Cache/Mobile/0bbf2ba32a373a4b2b9c3ab826295755.php 第 9 行.
INFO: Run Behavior\ParseTemplateBehavior [ RunTime:0.005891s ]
INFO: [ view_parse ] --END-- [ RunTime:0.005925s ]
INFO: [ view_filter ] --START--
INFO: Run Behavior\WriteHtmlCacheBehavior [ RunTime:0.000104s ]
INFO: Run Behavior\TokenBuildBehavior [ RunTime:0.000331s ]
INFO: [ view_filter ] --END-- [ RunTime:0.000493s ]
INFO: [ app_end ] --START--
INFO: Run Behavior\ShowPageTraceBehavior [ RunTime:0.000366s ]
INFO: [ app_end ] --END-- [ RunTime:0.000408s ]

[ 2017-07-12T12:04:39+08:00 ] 61.151.226.189 /index.php/Mobile/Article/tlist/channel/tlist/type/1/data_id/7
INFO: [ app_init ] --START--
INFO: Run Behavior\BuildLiteBehavior [ RunTime:0.000015s ]
INFO: [ app_init ] --END-- [ RunTime:0.000256s ]
INFO: [ app_begin ] --START--
INFO: Run Behavior\ReadHtmlCacheBehavior [ RunTime:0.000334s ]
INFO: [ app_begin ] --END-- [ RunTime:0.000377s ]
INFO: [ action_begin ] --START--
INFO: Run Home\Behaviors\siteBehavior [ RunTime:0.008129s ]
INFO: [ action_begin ] --END-- [ RunTime:0.008182s ]

[ 2017-07-12T12:07:08+08:00 ] 121.32.94.40 /index.php/mobile/Index
INFO: [ app_init ] --START--
INFO: Run Behavior\BuildLiteBehavior [ RunTime:0.000012s ]
INFO: [ app_init ] --END-- [ RunTime:0.000243s ]
INFO: [ app_begin ] --START--
INFO: Run Behavior\ReadHtmlCacheBehavior [ RunTime:0.000499s ]
INFO: [ app_begin ] --END-- [ RunTime:0.000546s ]
NOTIC: [2048] Declaration of Mobile\Controller\IndexController::error() should be compatible with Think\Controller::error($message = '', $jumpUrl = '', $ajax = false) /var/www/html/paoding_gemmap/Application/Mobile/Controller/IndexController.class.php 第 8 行.
INFO: [ action_begin ] --START--
INFO: Run Home\Behaviors\siteBehavior [ RunTime:0.010014s ]
INFO: [ action_begin ] --END-- [ RunTime:0.010078s ]
INFO: [ view_begin ] --START--
INFO: Run Home\Behaviors\testBehavior [ RunTime:0.000142s ]
INFO: [ view_begin ] --END-- [ RunTime:0.000186s ]
INFO: [ view_parse ] --START--
INFO: [ template_filter ] --START--
INFO: Run Behavior\ContentReplaceBehavior [ RunTime:0.000101s ]
INFO: [ template_filter ] --END-- [ RunTime:0.000144s ]
NOTIC: [8] Undefined variable: seoTitle /var/www/html/paoding_gemmap/Application/Runtime/Cache/Mobile/287a75ef6074c13750e3b2bdaccd2921.php 第 6 行.
NOTIC: [8] Undefined variable: seoKeywords /var/www/html/paoding_gemmap/Application/Runtime/Cache/Mobile/287a75ef6074c13750e3b2bdaccd2921.php 第 8 行.
NOTIC: [8] Undefined variable: seoDescription /var/www/html/paoding_gemmap/Application/Runtime/Cache/Mobile/287a75ef6074c13750e3b2bdaccd2921.php 第 9 行.
NOTIC: [8] Undefined variable: v /var/www/html/paoding_gemmap/Application/Runtime/Cache/Mobile/287a75ef6074c13750e3b2bdaccd2921.php 第 78 行.
INFO: Run Behavior\ParseTemplateBehavior [ RunTime:0.006975s ]
INFO: [ view_parse ] --END-- [ RunTime:0.007011s ]
INFO: [ view_filter ] --START--
INFO: Run Behavior\WriteHtmlCacheBehavior [ RunTime:0.000149s ]
INFO: Run Behavior\TokenBuildBehavior [ RunTime:0.000310s ]
INFO: [ view_filter ] --END-- [ RunTime:0.000522s ]
INFO: [ app_end ] --START--
INFO: Run Behavior\ShowPageTraceBehavior [ RunTime:0.000433s ]
INFO: [ app_end ] --END-- [ RunTime:0.000494s ]

[ 2017-07-12T12:16:11+08:00 ] 101.226.65.102 /index.php/Mobile/Article/tlist/channel/tlist/type/1/data_id/7
INFO: [ app_init ] --START--
INFO: Run Behavior\BuildLiteBehavior [ RunTime:0.000013s ]
INFO: [ app_init ] --END-- [ RunTime:0.000244s ]
INFO: [ app_begin ] --START--
INFO: Run Behavior\ReadHtmlCacheBehavior [ RunTime:0.000325s ]
INFO: [ app_begin ] --END-- [ RunTime:0.000367s ]
INFO: [ action_begin ] --START--
INFO: Run Home\Behaviors\siteBehavior [ RunTime:0.008250s ]
INFO: [ action_begin ] --END-- [ RunTime:0.008328s ]

[ 2017-07-12T12:31:22+08:00 ] 183.61.51.179 /index.php/mobile/Index
INFO: [ app_init ] --START--
INFO: Run Behavior\BuildLiteBehavior [ RunTime:0.000012s ]
INFO: [ app_init ] --END-- [ RunTime:0.000246s ]
INFO: [ app_begin ] --START--
INFO: Run Behavior\ReadHtmlCacheBehavior [ RunTime:0.000327s ]
INFO: [ app_begin ] --END-- [ RunTime:0.000370s ]
NOTIC: [2048] Declaration of Mobile\Controller\IndexController::error() should be compatible with Think\Controller::error($message = '', $jumpUrl = '', $ajax = false) /var/www/html/paoding_gemmap/Application/Mobile/Controller/IndexController.class.php 第 8 行.
INFO: [ action_begin ] --START--
INFO: Run Home\Behaviors\siteBehavior [ RunTime:0.007877s ]
INFO: [ action_begin ] --END-- [ RunTime:0.007921s ]
INFO: [ view_begin ] --START--
INFO: Run Home\Behaviors\testBehavior [ RunTime:0.000121s ]
INFO: [ view_begin ] --END-- [ RunTime:0.000165s ]
INFO: [ view_parse ] --START--
INFO: [ template_filter ] --START--
INFO: Run Behavior\ContentReplaceBehavior [ RunTime:0.000089s ]
INFO: [ template_filter ] --END-- [ RunTime:0.000131s ]
NOTIC: [8] Undefined variable: seoTitle /var/www/html/paoding_gemmap/Application/Runtime/Cache/Mobile/287a75ef6074c13750e3b2bdaccd2921.php 第 6 行.
NOTIC: [8] Undefined variable: seoKeywords /var/www/html/paoding_gemmap/Application/Runtime/Cache/Mobile/287a75ef6074c13750e3b2bdaccd2921.php 第 8 行.
NOTIC: [8] Undefined variable: seoDescription /var/www/html/paoding_gemmap/Application/Runtime/Cache/Mobile/287a75ef6074c13750e3b2bdaccd2921.php 第 9 行.
NOTIC: [8] Undefined variable: v /var/www/html/paoding_gemmap/Application/Runtime/Cache/Mobile/287a75ef6074c13750e3b2bdaccd2921.php 第 78 行.
INFO: Run Behavior\ParseTemplateBehavior [ RunTime:0.006371s ]
INFO: [ view_parse ] --END-- [ RunTime:0.006405s ]
INFO: [ view_filter ] --START--
INFO: Run Behavior\WriteHtmlCacheBehavior [ RunTime:0.000107s ]
INFO: Run Behavior\TokenBuildBehavior [ RunTime:0.000254s ]
INFO: [ view_filter ] --END-- [ RunTime:0.000417s ]
INFO: [ app_end ] --START--
INFO: Run Behavior\ShowPageTraceBehavior [ RunTime:0.000398s ]
INFO: [ app_end ] --END-- [ RunTime:0.000465s ]

[ 2017-07-12T12:31:27+08:00 ] 183.61.51.179 /index.php/mobile/Article/data_list/channel/xq
INFO: [ app_init ] --START--
INFO: Run Behavior\BuildLiteBehavior [ RunTime:0.000012s ]
INFO: [ app_init ] --END-- [ RunTime:0.000252s ]
INFO: [ app_begin ] --START--
INFO: Run Behavior\ReadHtmlCacheBehavior [ RunTime:0.000373s ]
INFO: [ app_begin ] --END-- [ RunTime:0.000416s ]
INFO: [ action_begin ] --START--
INFO: Run Home\Behaviors\siteBehavior [ RunTime:0.000166s ]
INFO: [ action_begin ] --END-- [ RunTime:0.000224s ]

[ 2017-07-12T12:31:37+08:00 ] 101.226.99.197 /index.php/mobile/Article/data_list/channel/xq
INFO: [ app_init ] --START--
INFO: Run Behavior\BuildLiteBehavior [ RunTime:0.000012s ]
INFO: [ app_init ] --END-- [ RunTime:0.000292s ]
INFO: [ app_begin ] --START--
INFO: Run Behavior\ReadHtmlCacheBehavior [ RunTime:0.000325s ]
INFO: [ app_begin ] --END-- [ RunTime:0.000409s ]
INFO: [ action_begin ] --START--
INFO: Run Home\Behaviors\siteBehavior [ RunTime:0.007629s ]
INFO: [ action_begin ] --END-- [ RunTime:0.007678s ]

[ 2017-07-12T12:52:13+08:00 ] 122.100.133.200 /index.php/Mobile/Article/tlist/channel/tlist/type/1/data_id/7
INFO: [ app_init ] --START--
INFO: Run Behavior\BuildLiteBehavior [ RunTime:0.000015s ]
INFO: [ app_init ] --END-- [ RunTime:0.000308s ]
INFO: [ app_begin ] --START--
INFO: Run Behavior\ReadHtmlCacheBehavior [ RunTime:0.000358s ]
INFO: [ app_begin ] --END-- [ RunTime:0.000418s ]
INFO: [ action_begin ] --START--
INFO: Run Home\Behaviors\siteBehavior [ RunTime:0.008180s ]
INFO: [ action_begin ] --END-- [ RunTime:0.008229s ]

[ 2017-07-12T13:01:08+08:00 ] 123.151.138.58 /index.php/mobile/Index
INFO: [ app_init ] --START--
INFO: Run Behavior\BuildLiteBehavior [ RunTime:0.000012s ]
INFO: [ app_init ] --END-- [ RunTime:0.000262s ]
INFO: [ app_begin ] --START--
INFO: Run Behavior\ReadHtmlCacheBehavior [ RunTime:0.000327s ]
INFO: [ app_begin ] --END-- [ RunTime:0.000370s ]
NOTIC: [2048] Declaration of Mobile\Controller\IndexController::error() should be compatible with Think\Controller::error($message = '', $jumpUrl = '', $ajax = false) /var/www/html/paoding_gemmap/Application/Mobile/Controller/IndexController.class.php 第 8 行.
INFO: [ action_begin ] --START--
INFO: Run Home\Behaviors\siteBehavior [ RunTime:0.007942s ]
INFO: [ action_begin ] --END-- [ RunTime:0.007987s ]
INFO: [ view_begin ] --START--
INFO: Run Home\Behaviors\testBehavior [ RunTime:0.000093s ]
INFO: [ view_begin ] --END-- [ RunTime:0.000137s ]
INFO: [ view_parse ] --START--
INFO: [ template_filter ] --START--
INFO: Run Behavior\ContentReplaceBehavior [ RunTime:0.000086s ]
INFO: [ template_filter ] --END-- [ RunTime:0.000127s ]
NOTIC: [8] Undefined variable: seoTitle /var/www/html/paoding_gemmap/Application/Runtime/Cache/Mobile/287a75ef6074c13750e3b2bdaccd2921.php 第 6 行.
NOTIC: [8] Undefined variable: seoKeywords /var/www/html/paoding_gemmap/Application/Runtime/Cache/Mobile/287a75ef6074c13750e3b2bdaccd2921.php 第 8 行.
NOTIC: [8] Undefined variable: seoDescription /var/www/html/paoding_gemmap/Application/Runtime/Cache/Mobile/287a75ef6074c13750e3b2bdaccd2921.php 第 9 行.
NOTIC: [8] Undefined variable: v /var/www/html/paoding_gemmap/Application/Runtime/Cache/Mobile/287a75ef6074c13750e3b2bdaccd2921.php 第 78 行.
INFO: Run Behavior\ParseTemplateBehavior [ RunTime:0.006258s ]
INFO: [ view_parse ] --END-- [ RunTime:0.006292s ]
INFO: [ view_filter ] --START--
INFO: Run Behavior\WriteHtmlCacheBehavior [ RunTime:0.000129s ]
INFO: Run Behavior\TokenBuildBehavior [ RunTime:0.000288s ]
INFO: [ view_filter ] --END-- [ RunTime:0.000484s ]
INFO: [ app_end ] --START--
INFO: Run Behavior\ShowPageTraceBehavior [ RunTime:0.000419s ]
INFO: [ app_end ] --END-- [ RunTime:0.000460s ]

[ 2017-07-12T13:01:31+08:00 ] 123.151.138.58 /index.php/Mobile/Article/data_list/channel/js
INFO: [ app_init ] --START--
INFO: Run Behavior\BuildLiteBehavior [ RunTime:0.000018s ]
INFO: [ app_init ] --END-- [ RunTime:0.000428s ]
INFO: [ app_begin ] --START--
INFO: Run Behavior\ReadHtmlCacheBehavior [ RunTime:0.000379s ]
INFO: [ app_begin ] --END-- [ RunTime:0.000442s ]
INFO: [ action_begin ] --START--
INFO: Run Home\Behaviors\siteBehavior [ RunTime:0.000170s ]
INFO: [ action_begin ] --END-- [ RunTime:0.000216s ]

[ 2017-07-12T13:01:41+08:00 ] 180.153.163.190 /index.php/Mobile/Article/data_list/channel/js
INFO: [ app_init ] --START--
INFO: Run Behavior\BuildLiteBehavior [ RunTime:0.000013s ]
INFO: [ app_init ] --END-- [ RunTime:0.000295s ]
INFO: [ app_begin ] --START--
INFO: Run Behavior\ReadHtmlCacheBehavior [ RunTime:0.000378s ]
INFO: [ app_begin ] --END-- [ RunTime:0.000421s ]
INFO: [ action_begin ] --START--
INFO: Run Home\Behaviors\siteBehavior [ RunTime:0.007760s ]
INFO: [ action_begin ] --END-- [ RunTime:0.007814s ]

[ 2017-07-12T13:12:06+08:00 ] 14.215.176.15 /index.php/Mobile/Article/data_list/channel/js/type/1/data_id/3109
INFO: [ app_init ] --START--
INFO: Run Behavior\BuildLiteBehavior [ RunTime:0.000017s ]
INFO: [ app_init ] --END-- [ RunTime:0.000289s ]
INFO: [ app_begin ] --START--
INFO: Run Behavior\ReadHtmlCacheBehavior [ RunTime:0.000380s ]
INFO: [ app_begin ] --END-- [ RunTime:0.000423s ]
INFO: [ action_begin ] --START--
INFO: Run Home\Behaviors\siteBehavior [ RunTime:0.007941s ]
INFO: [ action_begin ] --END-- [ RunTime:0.007992s ]
NOTIC: [8] Undefined index: userArr /var/www/html/paoding_gemmap/Application/Mobile/Controller/BaseController.class.php 第 68 行.
NOTIC: [8] Undefined index: order_id /var/www/html/paoding_gemmap/Application/Mobile/Controller/ArticleController.class.php 第 24 行.
INFO: [ view_begin ] --START--
INFO: Run Home\Behaviors\testBehavior [ RunTime:0.000125s ]
INFO: [ view_begin ] --END-- [ RunTime:0.000164s ]
INFO: [ view_parse ] --START--
INFO: [ template_filter ] --START--
INFO: Run Behavior\ContentReplaceBehavior [ RunTime:0.000129s ]
INFO: [ template_filter ] --END-- [ RunTime:0.000176s ]
NOTIC: [8] Undefined variable: seoTitle /var/www/html/paoding_gemmap/Application/Runtime/Cache/Mobile/87fb9466112550b26094c6930b0d2671.php 第 6 行.
NOTIC: [8] Undefined variable: seoKeywords /var/www/html/paoding_gemmap/Application/Runtime/Cache/Mobile/87fb9466112550b26094c6930b0d2671.php 第 7 行.
NOTIC: [8] Undefined variable: seoDescription /var/www/html/paoding_gemmap/Application/Runtime/Cache/Mobile/87fb9466112550b26094c6930b0d2671.php 第 9 行.
NOTIC: [8] Undefined variable: v /var/www/html/paoding_gemmap/Application/Runtime/Cache/Mobile/87fb9466112550b26094c6930b0d2671.php 第 106 行.
NOTIC: [8] Undefined variable: others /var/www/html/paoding_gemmap/Application/Runtime/Cache/Mobile/87fb9466112550b26094c6930b0d2671.php 第 127 行.
INFO: Run Behavior\ParseTemplateBehavior [ RunTime:0.009877s ]
INFO: [ view_parse ] --END-- [ RunTime:0.009914s ]
INFO: [ view_filter ] --START--
INFO: Run Behavior\WriteHtmlCacheBehavior [ RunTime:0.000116s ]
INFO: Run Behavior\TokenBuildBehavior [ RunTime:0.000253s ]
INFO: [ view_filter ] --END-- [ RunTime:0.000424s ]
INFO: [ app_end ] --START--
INFO: Run Behavior\ShowPageTraceBehavior [ RunTime:0.000351s ]
INFO: [ app_end ] --END-- [ RunTime:0.000457s ]

[ 2017-07-12T13:24:53+08:00 ] 112.97.59.119 /index.php/mobile/Article/data_list/channel/xq
INFO: [ app_init ] --START--
INFO: Run Behavior\BuildLiteBehavior [ RunTime:0.000016s ]
INFO: [ app_init ] --END-- [ RunTime:0.000266s ]
INFO: [ app_begin ] --START--
INFO: Run Behavior\ReadHtmlCacheBehavior [ RunTime:0.000330s ]
INFO: [ app_begin ] --END-- [ RunTime:0.000374s ]
INFO: [ action_begin ] --START--
INFO: Run Home\Behaviors\siteBehavior [ RunTime:0.008104s ]
INFO: [ action_begin ] --END-- [ RunTime:0.008151s ]

[ 2017-07-12T13:24:56+08:00 ] 112.97.59.119 /index.php/mobile/Article/data_list/channel/xq
INFO: [ app_init ] --START--
INFO: Run Behavior\BuildLiteBehavior [ RunTime:0.000012s ]
INFO: [ app_init ] --END-- [ RunTime:0.000242s ]
INFO: [ app_begin ] --START--
INFO: Run Behavior\ReadHtmlCacheBehavior [ RunTime:0.000322s ]
INFO: [ app_begin ] --END-- [ RunTime:0.000364s ]
INFO: [ action_begin ] --START--
INFO: Run Home\Behaviors\siteBehavior [ RunTime:0.000170s ]
INFO: [ action_begin ] --END-- [ RunTime:0.000248s ]
NOTIC: [8] Undefined index: type /var/www/html/paoding_gemmap/Application/Mobile/Controller/ArticleController.class.php 第 21 行.
NOTIC: [8] Undefined index: order_id /var/www/html/paoding_gemmap/Application/Mobile/Controller/ArticleController.class.php 第 24 行.
INFO: [ view_begin ] --START--
INFO: Run Home\Behaviors\testBehavior [ RunTime:0.000095s ]
INFO: [ view_begin ] --END-- [ RunTime:0.000135s ]
INFO: [ view_parse ] --START--
INFO: [ template_filter ] --START--
INFO: Run Behavior\ContentReplaceBehavior [ RunTime:0.000130s ]
INFO: [ template_filter ] --END-- [ RunTime:0.000174s ]
NOTIC: [8] Undefined variable: seoTitle /var/www/html/paoding_gemmap/Application/Runtime/Cache/Mobile/1724b1f1b079b2a6a957bdf2135918fc.php 第 6 行.
NOTIC: [8] Undefined variable: seoKeywords /var/www/html/paoding_gemmap/Application/Runtime/Cache/Mobile/1724b1f1b079b2a6a957bdf2135918fc.php 第 8 行.
NOTIC: [8] Undefined variable: seoDescription /var/www/html/paoding_gemmap/Application/Runtime/Cache/Mobile/1724b1f1b079b2a6a957bdf2135918fc.php 第 9 行.
NOTIC: [8] Undefined variable: v /var/www/html/paoding_gemmap/Application/Runtime/Cache/Mobile/1724b1f1b079b2a6a957bdf2135918fc.php 第 105 行.
NOTIC: [8] Undefined variable: others /var/www/html/paoding_gemmap/Application/Runtime/Cache/Mobile/1724b1f1b079b2a6a957bdf2135918fc.php 第 126 行.
INFO: Run Behavior\ParseTemplateBehavior [ RunTime:0.010128s ]
INFO: [ view_parse ] --END-- [ RunTime:0.010164s ]
INFO: [ view_filter ] --START--
INFO: Run Behavior\WriteHtmlCacheBehavior [ RunTime:0.000155s ]
INFO: Run Behavior\TokenBuildBehavior [ RunTime:0.000246s ]
INFO: [ view_filter ] --END-- [ RunTime:0.000458s ]
INFO: [ app_end ] --START--
INFO: Run Behavior\ShowPageTraceBehavior [ RunTime:0.000344s ]
INFO: [ app_end ] --END-- [ RunTime:0.000403s ]

[ 2017-07-12T13:25:02+08:00 ] 101.226.66.173 /index.php/mobile/Article/data_list/channel/xq
INFO: [ app_init ] --START--
INFO: Run Behavior\BuildLiteBehavior [ RunTime:0.000013s ]
INFO: [ app_init ] --END-- [ RunTime:0.000252s ]
INFO: [ app_begin ] --START--
INFO: Run Behavior\ReadHtmlCacheBehavior [ RunTime:0.000371s ]
INFO: [ app_begin ] --END-- [ RunTime:0.000414s ]
INFO: [ action_begin ] --START--
INFO: Run Home\Behaviors\siteBehavior [ RunTime:0.007642s ]
INFO: [ action_begin ] --END-- [ RunTime:0.007718s ]

[ 2017-07-12T13:25:29+08:00 ] 112.97.59.119 /index.php/Mobile/Article/data_list/channel/xq
INFO: [ app_init ] --START--
INFO: Run Behavior\BuildLiteBehavior [ RunTime:0.000012s ]
INFO: [ app_init ] --END-- [ RunTime:0.000244s ]
INFO: [ app_begin ] --START--
INFO: Run Behavior\ReadHtmlCacheBehavior [ RunTime:0.000334s ]
INFO: [ app_begin ] --END-- [ RunTime:0.000378s ]
INFO: [ action_begin ] --START--
INFO: Run Home\Behaviors\siteBehavior [ RunTime:0.000188s ]
INFO: [ action_begin ] --END-- [ RunTime:0.000241s ]
NOTIC: [8] Undefined index: type /var/www/html/paoding_gemmap/Application/Mobile/Controller/ArticleController.class.php 第 21 行.
NOTIC: [8] Undefined index: order_id /var/www/html/paoding_gemmap/Application/Mobile/Controller/ArticleController.class.php 第 24 行.
INFO: [ view_begin ] --START--
INFO: Run Home\Behaviors\testBehavior [ RunTime:0.000110s ]
INFO: [ view_begin ] --END-- [ RunTime:0.000154s ]
INFO: [ view_parse ] --START--
INFO: [ template_filter ] --START--
INFO: Run Behavior\ContentReplaceBehavior [ RunTime:0.000144s ]
INFO: [ template_filter ] --END-- [ RunTime:0.000252s ]
NOTIC: [8] Undefined variable: seoTitle /var/www/html/paoding_gemmap/Application/Runtime/Cache/Mobile/1724b1f1b079b2a6a957bdf2135918fc.php 第 6 行.
NOTIC: [8] Undefined variable: seoKeywords /var/www/html/paoding_gemmap/Application/Runtime/Cache/Mobile/1724b1f1b079b2a6a957bdf2135918fc.php 第 8 行.
NOTIC: [8] Undefined variable: seoDescription /var/www/html/paoding_gemmap/Application/Runtime/Cache/Mobile/1724b1f1b079b2a6a957bdf2135918fc.php 第 9 行.
NOTIC: [8] Undefined variable: v /var/www/html/paoding_gemmap/Application/Runtime/Cache/Mobile/1724b1f1b079b2a6a957bdf2135918fc.php 第 105 行.
NOTIC: [8] Undefined variable: others /var/www/html/paoding_gemmap/Application/Runtime/Cache/Mobile/1724b1f1b079b2a6a957bdf2135918fc.php 第 126 行.
INFO: Run Behavior\ParseTemplateBehavior [ RunTime:0.011197s ]
INFO: [ view_parse ] --END-- [ RunTime:0.011234s ]
INFO: [ view_filter ] --START--
INFO: Run Behavior\WriteHtmlCacheBehavior [ RunTime:0.000113s ]
INFO: Run Behavior\TokenBuildBehavior [ RunTime:0.000260s ]
INFO: [ view_filter ] --END-- [ RunTime:0.000437s ]
INFO: [ app_end ] --START--
INFO: Run Behavior\ShowPageTraceBehavior [ RunTime:0.000425s ]
INFO: [ app_end ] --END-- [ RunTime:0.000468s ]

[ 2017-07-12T13:25:33+08:00 ] 112.97.59.119 /index.php/Mobile/Index
INFO: [ app_init ] --START--
INFO: Run Behavior\BuildLiteBehavior [ RunTime:0.000013s ]
INFO: [ app_init ] --END-- [ RunTime:0.000246s ]
INFO: [ app_begin ] --START--
INFO: Run Behavior\ReadHtmlCacheBehavior [ RunTime:0.000330s ]
INFO: [ app_begin ] --END-- [ RunTime:0.000374s ]
NOTIC: [2048] Declaration of Mobile\Controller\IndexController::error() should be compatible with Think\Controller::error($message = '', $jumpUrl = '', $ajax = false) /var/www/html/paoding_gemmap/Application/Mobile/Controller/IndexController.class.php 第 8 行.
INFO: [ action_begin ] --START--
INFO: Run Home\Behaviors\siteBehavior [ RunTime:0.000158s ]
INFO: [ action_begin ] --END-- [ RunTime:0.000198s ]
INFO: [ view_begin ] --START--
INFO: Run Home\Behaviors\testBehavior [ RunTime:0.000124s ]
INFO: [ view_begin ] --END-- [ RunTime:0.000175s ]
INFO: [ view_parse ] --START--
INFO: [ template_filter ] --START--
INFO: Run Behavior\ContentReplaceBehavior [ RunTime:0.000090s ]
INFO: [ template_filter ] --END-- [ RunTime:0.000133s ]
NOTIC: [8] Undefined variable: seoTitle /var/www/html/paoding_gemmap/Application/Runtime/Cache/Mobile/287a75ef6074c13750e3b2bdaccd2921.php 第 6 行.
NOTIC: [8] Undefined variable: seoKeywords /var/www/html/paoding_gemmap/Application/Runtime/Cache/Mobile/287a75ef6074c13750e3b2bdaccd2921.php 第 8 行.
NOTIC: [8] Undefined variable: seoDescription /var/www/html/paoding_gemmap/Application/Runtime/Cache/Mobile/287a75ef6074c13750e3b2bdaccd2921.php 第 9 行.
NOTIC: [8] Undefined variable: v /var/www/html/paoding_gemmap/Application/Runtime/Cache/Mobile/287a75ef6074c13750e3b2bdaccd2921.php 第 78 行.
INFO: Run Behavior\ParseTemplateBehavior [ RunTime:0.006148s ]
INFO: [ view_parse ] --END-- [ RunTime:0.006206s ]
INFO: [ view_filter ] --START--
INFO: Run Behavior\WriteHtmlCacheBehavior [ RunTime:0.000108s ]
INFO: Run Behavior\TokenBuildBehavior [ RunTime:0.000241s ]
INFO: [ view_filter ] --END-- [ RunTime:0.000404s ]
INFO: [ app_end ] --START--
INFO: Run Behavior\ShowPageTraceBehavior [ RunTime:0.000385s ]
INFO: [ app_end ] --END-- [ RunTime:0.000424s ]

[ 2017-07-12T14:14:34+08:00 ] 14.17.37.102 /index.php/mobile/Index
INFO: [ app_init ] --START--
INFO: Run Behavior\BuildLiteBehavior [ RunTime:0.000012s ]
INFO: [ app_init ] --END-- [ RunTime:0.000242s ]
INFO: [ app_begin ] --START--
INFO: Run Behavior\ReadHtmlCacheBehavior [ RunTime:0.000321s ]
INFO: [ app_begin ] --END-- [ RunTime:0.000363s ]
NOTIC: [2048] Declaration of Mobile\Controller\IndexController::error() should be compatible with Think\Controller::error($message = '', $jumpUrl = '', $ajax = false) /var/www/html/paoding_gemmap/Application/Mobile/Controller/IndexController.class.php 第 8 行.
INFO: [ action_begin ] --START--
INFO: Run Home\Behaviors\siteBehavior [ RunTime:0.007612s ]
INFO: [ action_begin ] --END-- [ RunTime:0.007658s ]
INFO: [ view_begin ] --START--
INFO: Run Home\Behaviors\testBehavior [ RunTime:0.000090s ]
INFO: [ view_begin ] --END-- [ RunTime:0.000132s ]
INFO: [ view_parse ] --START--
INFO: [ template_filter ] --START--
INFO: Run Behavior\ContentReplaceBehavior [ RunTime:0.000112s ]
INFO: [ template_filter ] --END-- [ RunTime:0.000155s ]
NOTIC: [8] Undefined variable: seoTitle /var/www/html/paoding_gemmap/Application/Runtime/Cache/Mobile/287a75ef6074c13750e3b2bdaccd2921.php 第 6 行.
NOTIC: [8] Undefined variable: seoKeywords /var/www/html/paoding_gemmap/Application/Runtime/Cache/Mobile/287a75ef6074c13750e3b2bdaccd2921.php 第 8 行.
NOTIC: [8] Undefined variable: seoDescription /var/www/html/paoding_gemmap/Application/Runtime/Cache/Mobile/287a75ef6074c13750e3b2bdaccd2921.php 第 9 行.
NOTIC: [8] Undefined variable: v /var/www/html/paoding_gemmap/Application/Runtime/Cache/Mobile/287a75ef6074c13750e3b2bdaccd2921.php 第 78 行.
INFO: Run Behavior\ParseTemplateBehavior [ RunTime:0.006217s ]
INFO: [ view_parse ] --END-- [ RunTime:0.006251s ]
INFO: [ view_filter ] --START--
INFO: Run Behavior\WriteHtmlCacheBehavior [ RunTime:0.000102s ]
INFO: Run Behavior\TokenBuildBehavior [ RunTime:0.000276s ]
INFO: [ view_filter ] --END-- [ RunTime:0.000433s ]
INFO: [ app_end ] --START--
INFO: Run Behavior\ShowPageTraceBehavior [ RunTime:0.000329s ]
INFO: [ app_end ] --END-- [ RunTime:0.000392s ]

[ 2017-07-12T14:14:56+08:00 ] 14.17.37.102 /index.php/Mobile/Article/data_list/channel/xq
INFO: [ app_init ] --START--
INFO: Run Behavior\BuildLiteBehavior [ RunTime:0.000014s ]
INFO: [ app_init ] --END-- [ RunTime:0.000245s ]
INFO: [ app_begin ] --START--
INFO: Run Behavior\ReadHtmlCacheBehavior [ RunTime:0.000327s ]
INFO: [ app_begin ] --END-- [ RunTime:0.000369s ]
INFO: [ action_begin ] --START--
INFO: Run Home\Behaviors\siteBehavior [ RunTime:0.000159s ]
INFO: [ action_begin ] --END-- [ RunTime:0.000203s ]

[ 2017-07-12T14:15:00+08:00 ] 14.17.37.102 /index.php/Mobile/Article/data_list/channel/xq
INFO: [ app_init ] --START--
INFO: Run Behavior\BuildLiteBehavior [ RunTime:0.000012s ]
INFO: [ app_init ] --END-- [ RunTime:0.000245s ]
INFO: [ app_begin ] --START--
INFO: Run Behavior\ReadHtmlCacheBehavior [ RunTime:0.000325s ]
INFO: [ app_begin ] --END-- [ RunTime:0.000367s ]
INFO: [ action_begin ] --START--
INFO: Run Home\Behaviors\siteBehavior [ RunTime:0.000165s ]
INFO: [ action_begin ] --END-- [ RunTime:0.000209s ]
NOTIC: [8] Undefined index: type /var/www/html/paoding_gemmap/Application/Mobile/Controller/ArticleController.class.php 第 21 行.
NOTIC: [8] Undefined index: order_id /var/www/html/paoding_gemmap/Application/Mobile/Controller/ArticleController.class.php 第 24 行.
INFO: [ view_begin ] --START--
INFO: Run Home\Behaviors\testBehavior [ RunTime:0.000087s ]
INFO: [ view_begin ] --END-- [ RunTime:0.000126s ]
INFO: [ view_parse ] --START--
INFO: [ template_filter ] --START--
INFO: Run Behavior\ContentReplaceBehavior [ RunTime:0.000133s ]
INFO: [ template_filter ] --END-- [ RunTime:0.000176s ]
NOTIC: [8] Undefined variable: seoTitle /var/www/html/paoding_gemmap/Application/Runtime/Cache/Mobile/1724b1f1b079b2a6a957bdf2135918fc.php 第 6 行.
NOTIC: [8] Undefined variable: seoKeywords /var/www/html/paoding_gemmap/Application/Runtime/Cache/Mobile/1724b1f1b079b2a6a957bdf2135918fc.php 第 8 行.
NOTIC: [8] Undefined variable: seoDescription /var/www/html/paoding_gemmap/Application/Runtime/Cache/Mobile/1724b1f1b079b2a6a957bdf2135918fc.php 第 9 行.
NOTIC: [8] Undefined variable: v /var/www/html/paoding_gemmap/Application/Runtime/Cache/Mobile/1724b1f1b079b2a6a957bdf2135918fc.php 第 105 行.
NOTIC: [8] Undefined variable: others /var/www/html/paoding_gemmap/Application/Runtime/Cache/Mobile/1724b1f1b079b2a6a957bdf2135918fc.php 第 126 行.
INFO: Run Behavior\ParseTemplateBehavior [ RunTime:0.010036s ]
INFO: [ view_parse ] --END-- [ RunTime:0.010071s ]
INFO: [ view_filter ] --START--
INFO: Run Behavior\WriteHtmlCacheBehavior [ RunTime:0.000150s ]
INFO: Run Behavior\TokenBuildBehavior [ RunTime:0.000251s ]
INFO: [ view_filter ] --END-- [ RunTime:0.000458s ]
INFO: [ app_end ] --START--
INFO: Run Behavior\ShowPageTraceBehavior [ RunTime:0.000361s ]
INFO: [ app_end ] --END-- [ RunTime:0.000401s ]

[ 2017-07-12T14:15:18+08:00 ] 14.17.37.102 /index.php/Mobile/Article/data_list/channel/xq
INFO: [ app_init ] --START--
INFO: Run Behavior\BuildLiteBehavior [ RunTime:0.000012s ]
INFO: [ app_init ] --END-- [ RunTime:0.000253s ]
INFO: [ app_begin ] --START--
INFO: Run Behavior\ReadHtmlCacheBehavior [ RunTime:0.000366s ]
INFO: [ app_begin ] --END-- [ RunTime:0.000410s ]
INFO: [ action_begin ] --START--
INFO: Run Home\Behaviors\siteBehavior [ RunTime:0.000160s ]
INFO: [ action_begin ] --END-- [ RunTime:0.000204s ]
NOTIC: [8] Undefined index: type /var/www/html/paoding_gemmap/Application/Mobile/Controller/ArticleController.class.php 第 21 行.
NOTIC: [8] Undefined index: order_id /var/www/html/paoding_gemmap/Application/Mobile/Controller/ArticleController.class.php 第 24 行.
INFO: [ view_begin ] --START--
INFO: Run Home\Behaviors\testBehavior [ RunTime:0.000091s ]
INFO: [ view_begin ] --END-- [ RunTime:0.000130s ]
INFO: [ view_parse ] --START--
INFO: [ template_filter ] --START--
INFO: Run Behavior\ContentReplaceBehavior [ RunTime:0.000144s ]
INFO: [ template_filter ] --END-- [ RunTime:0.000188s ]
NOTIC: [8] Undefined variable: seoTitle /var/www/html/paoding_gemmap/Application/Runtime/Cache/Mobile/1724b1f1b079b2a6a957bdf2135918fc.php 第 6 行.
NOTIC: [8] Undefined variable: seoKeywords /var/www/html/paoding_gemmap/Application/Runtime/Cache/Mobile/1724b1f1b079b2a6a957bdf2135918fc.php 第 8 行.
NOTIC: [8] Undefined variable: seoDescription /var/www/html/paoding_gemmap/Application/Runtime/Cache/Mobile/1724b1f1b079b2a6a957bdf2135918fc.php 第 9 行.
NOTIC: [8] Undefined variable: v /var/www/html/paoding_gemmap/Application/Runtime/Cache/Mobile/1724b1f1b079b2a6a957bdf2135918fc.php 第 105 行.
NOTIC: [8] Undefined variable: others /var/www/html/paoding_gemmap/Application/Runtime/Cache/Mobile/1724b1f1b079b2a6a957bdf2135918fc.php 第 126 行.
INFO: Run Behavior\ParseTemplateBehavior [ RunTime:0.011445s ]
INFO: [ view_parse ] --END-- [ RunTime:0.011481s ]
INFO: [ view_filter ] --START--
INFO: Run Behavior\WriteHtmlCacheBehavior [ RunTime:0.000108s ]
INFO: Run Behavior\TokenBuildBehavior [ RunTime:0.000239s ]
INFO: [ view_filter ] --END-- [ RunTime:0.000406s ]
INFO: [ app_end ] --START--
INFO: Run Behavior\ShowPageTraceBehavior [ RunTime:0.000405s ]
INFO: [ app_end ] --END-- [ RunTime:0.000445s ]

[ 2017-07-12T14:31:33+08:00 ] 14.17.44.216 /index.php/mobile/Article/data_list/channel/xq
INFO: [ app_init ] --START--
INFO: Run Behavior\BuildLiteBehavior [ RunTime:0.000018s ]
INFO: [ app_init ] --END-- [ RunTime:0.000277s ]
INFO: [ app_begin ] --START--
INFO: Run Behavior\ReadHtmlCacheBehavior [ RunTime:0.001389s ]
INFO: [ app_begin ] --END-- [ RunTime:0.001433s ]
INFO: [ action_begin ] --START--
INFO: Run Home\Behaviors\siteBehavior [ RunTime:0.014835s ]
INFO: [ action_begin ] --END-- [ RunTime:0.014900s ]

[ 2017-07-12T14:31:37+08:00 ] 14.17.44.216 /index.php/mobile/Index
INFO: [ app_init ] --START--
INFO: Run Behavior\BuildLiteBehavior [ RunTime:0.000012s ]
INFO: [ app_init ] --END-- [ RunTime:0.000247s ]
INFO: [ app_begin ] --START--
INFO: Run Behavior\ReadHtmlCacheBehavior [ RunTime:0.000407s ]
INFO: [ app_begin ] --END-- [ RunTime:0.000467s ]
NOTIC: [2048] Declaration of Mobile\Controller\IndexController::error() should be compatible with Think\Controller::error($message = '', $jumpUrl = '', $ajax = false) /var/www/html/paoding_gemmap/Application/Mobile/Controller/IndexController.class.php 第 8 行.
INFO: [ action_begin ] --START--
INFO: Run Home\Behaviors\siteBehavior [ RunTime:0.000176s ]
INFO: [ action_begin ] --END-- [ RunTime:0.000216s ]
INFO: [ view_begin ] --START--
INFO: Run Home\Behaviors\testBehavior [ RunTime:0.000117s ]
INFO: [ view_begin ] --END-- [ RunTime:0.000185s ]
INFO: [ view_parse ] --START--
INFO: [ template_filter ] --START--
INFO: Run Behavior\ContentReplaceBehavior [ RunTime:0.000090s ]
INFO: [ template_filter ] --END-- [ RunTime:0.000131s ]
NOTIC: [8] Undefined variable: seoTitle /var/www/html/paoding_gemmap/Application/Runtime/Cache/Mobile/287a75ef6074c13750e3b2bdaccd2921.php 第 6 行.
NOTIC: [8] Undefined variable: seoKeywords /var/www/html/paoding_gemmap/Application/Runtime/Cache/Mobile/287a75ef6074c13750e3b2bdaccd2921.php 第 8 行.
NOTIC: [8] Undefined variable: seoDescription /var/www/html/paoding_gemmap/Application/Runtime/Cache/Mobile/287a75ef6074c13750e3b2bdaccd2921.php 第 9 行.
NOTIC: [8] Undefined variable: v /var/www/html/paoding_gemmap/Application/Runtime/Cache/Mobile/287a75ef6074c13750e3b2bdaccd2921.php 第 78 行.
INFO: Run Behavior\ParseTemplateBehavior [ RunTime:0.006160s ]
INFO: [ view_parse ] --END-- [ RunTime:0.006194s ]
INFO: [ view_filter ] --START--
INFO: Run Behavior\WriteHtmlCacheBehavior [ RunTime:0.000104s ]
INFO: Run Behavior\TokenBuildBehavior [ RunTime:0.000236s ]
INFO: [ view_filter ] --END-- [ RunTime:0.000396s ]
INFO: [ app_end ] --START--
INFO: Run Behavior\ShowPageTraceBehavior [ RunTime:0.000408s ]
INFO: [ app_end ] --END-- [ RunTime:0.000448s ]

[ 2017-07-12T14:31:54+08:00 ] 183.61.51.226 /index.php/mobile/Article/data_list/channel/xq
INFO: [ app_init ] --START--
INFO: Run Behavior\BuildLiteBehavior [ RunTime:0.000076s ]
INFO: [ app_init ] --END-- [ RunTime:0.000372s ]
INFO: [ app_begin ] --START--
INFO: Run Behavior\ReadHtmlCacheBehavior [ RunTime:0.000447s ]
INFO: [ app_begin ] --END-- [ RunTime:0.000513s ]
INFO: [ action_begin ] --START--
INFO: Run Home\Behaviors\siteBehavior [ RunTime:0.000173s ]
INFO: [ action_begin ] --END-- [ RunTime:0.000237s ]

[ 2017-07-12T14:31:57+08:00 ] 183.61.51.226 /index.php/mobile/Article/data_list/channel/xq
INFO: [ app_init ] --START--
INFO: Run Behavior\BuildLiteBehavior [ RunTime:0.000012s ]
INFO: [ app_init ] --END-- [ RunTime:0.000246s ]
INFO: [ app_begin ] --START--
INFO: Run Behavior\ReadHtmlCacheBehavior [ RunTime:0.000327s ]
INFO: [ app_begin ] --END-- [ RunTime:0.000369s ]
INFO: [ action_begin ] --START--
INFO: Run Home\Behaviors\siteBehavior [ RunTime:0.000166s ]
INFO: [ action_begin ] --END-- [ RunTime:0.000210s ]
NOTIC: [8] Undefined index: type /var/www/html/paoding_gemmap/Application/Mobile/Controller/ArticleController.class.php 第 21 行.
NOTIC: [8] Undefined index: order_id /var/www/html/paoding_gemmap/Application/Mobile/Controller/ArticleController.class.php 第 24 行.
INFO: [ view_begin ] --START--
INFO: Run Home\Behaviors\testBehavior [ RunTime:0.000098s ]
INFO: [ view_begin ] --END-- [ RunTime:0.000143s ]
INFO: [ view_parse ] --START--
INFO: [ template_filter ] --START--
INFO: Run Behavior\ContentReplaceBehavior [ RunTime:0.000134s ]
INFO: [ template_filter ] --END-- [ RunTime:0.000178s ]
NOTIC: [8] Undefined variable: seoTitle /var/www/html/paoding_gemmap/Application/Runtime/Cache/Mobile/1724b1f1b079b2a6a957bdf2135918fc.php 第 6 行.
NOTIC: [8] Undefined variable: seoKeywords /var/www/html/paoding_gemmap/Application/Runtime/Cache/Mobile/1724b1f1b079b2a6a957bdf2135918fc.php 第 8 行.
NOTIC: [8] Undefined variable: seoDescription /var/www/html/paoding_gemmap/Application/Runtime/Cache/Mobile/1724b1f1b079b2a6a957bdf2135918fc.php 第 9 行.
NOTIC: [8] Undefined variable: v /var/www/html/paoding_gemmap/Application/Runtime/Cache/Mobile/1724b1f1b079b2a6a957bdf2135918fc.php 第 105 行.
NOTIC: [8] Undefined variable: others /var/www/html/paoding_gemmap/Application/Runtime/Cache/Mobile/1724b1f1b079b2a6a957bdf2135918fc.php 第 126 行.
INFO: Run Behavior\ParseTemplateBehavior [ RunTime:0.010253s ]
INFO: [ view_parse ] --END-- [ RunTime:0.010287s ]
INFO: [ view_filter ] --START--
INFO: Run Behavior\WriteHtmlCacheBehavior [ RunTime:0.000152s ]
INFO: Run Behavior\TokenBuildBehavior [ RunTime:0.000262s ]
INFO: [ view_filter ] --END-- [ RunTime:0.000471s ]
INFO: [ app_end ] --START--
INFO: Run Behavior\ShowPageTraceBehavior [ RunTime:0.000353s ]
INFO: [ app_end ] --END-- [ RunTime:0.000418s ]

[ 2017-07-12T14:32:12+08:00 ] 14.17.44.216 /index.php/mobile/Article/data_list/channel/xq
INFO: [ app_init ] --START--
INFO: Run Behavior\BuildLiteBehavior [ RunTime:0.000013s ]
INFO: [ app_init ] --END-- [ RunTime:0.000295s ]
INFO: [ app_begin ] --START--
INFO: Run Behavior\ReadHtmlCacheBehavior [ RunTime:0.000409s ]
INFO: [ app_begin ] --END-- [ RunTime:0.000452s ]
INFO: [ action_begin ] --START--
INFO: Run Home\Behaviors\siteBehavior [ RunTime:0.000160s ]
INFO: [ action_begin ] --END-- [ RunTime:0.000204s ]
NOTIC: [8] Undefined index: type /var/www/html/paoding_gemmap/Application/Mobile/Controller/ArticleController.class.php 第 21 行.
NOTIC: [8] Undefined index: order_id /var/www/html/paoding_gemmap/Application/Mobile/Controller/ArticleController.class.php 第 24 行.
INFO: [ view_begin ] --START--
INFO: Run Home\Behaviors\testBehavior [ RunTime:0.000089s ]
INFO: [ view_begin ] --END-- [ RunTime:0.000128s ]
INFO: [ view_parse ] --START--
INFO: [ template_filter ] --START--
INFO: Run Behavior\ContentReplaceBehavior [ RunTime:0.000128s ]
INFO: [ template_filter ] --END-- [ RunTime:0.000171s ]
NOTIC: [8] Undefined variable: seoTitle /var/www/html/paoding_gemmap/Application/Runtime/Cache/Mobile/1724b1f1b079b2a6a957bdf2135918fc.php 第 6 行.
NOTIC: [8] Undefined variable: seoKeywords /var/www/html/paoding_gemmap/Application/Runtime/Cache/Mobile/1724b1f1b079b2a6a957bdf2135918fc.php 第 8 行.
NOTIC: [8] Undefined variable: seoDescription /var/www/html/paoding_gemmap/Application/Runtime/Cache/Mobile/1724b1f1b079b2a6a957bdf2135918fc.php 第 9 行.
NOTIC: [8] Undefined variable: v /var/www/html/paoding_gemmap/Application/Runtime/Cache/Mobile/1724b1f1b079b2a6a957bdf2135918fc.php 第 105 行.
NOTIC: [8] Undefined variable: others /var/www/html/paoding_gemmap/Application/Runtime/Cache/Mobile/1724b1f1b079b2a6a957bdf2135918fc.php 第 126 行.
INFO: Run Behavior\ParseTemplateBehavior [ RunTime:0.010388s ]
INFO: [ view_parse ] --END-- [ RunTime:0.010424s ]
INFO: [ view_filter ] --START--
INFO: Run Behavior\WriteHtmlCacheBehavior [ RunTime:0.000148s ]
INFO: Run Behavior\TokenBuildBehavior [ RunTime:0.000230s ]
INFO: [ view_filter ] --END-- [ RunTime:0.000437s ]
INFO: [ app_end ] --START--
INFO: Run Behavior\ShowPageTraceBehavior [ RunTime:0.000352s ]
INFO: [ app_end ] --END-- [ RunTime:0.000392s ]

[ 2017-07-12T14:39:32+08:00 ] 182.144.187.249 /index.php/mobile/Index
INFO: [ app_init ] --START--
INFO: Run Behavior\BuildLiteBehavior [ RunTime:0.000019s ]
INFO: [ app_init ] --END-- [ RunTime:0.000318s ]
INFO: [ app_begin ] --START--
INFO: Run Behavior\ReadHtmlCacheBehavior [ RunTime:0.000389s ]
INFO: [ app_begin ] --END-- [ RunTime:0.000482s ]
NOTIC: [2048] Declaration of Mobile\Controller\IndexController::error() should be compatible with Think\Controller::error($message = '', $jumpUrl = '', $ajax = false) /var/www/html/paoding_gemmap/Application/Mobile/Controller/IndexController.class.php 第 8 行.
INFO: [ action_begin ] --START--
INFO: Run Home\Behaviors\siteBehavior [ RunTime:0.010109s ]
INFO: [ action_begin ] --END-- [ RunTime:0.010170s ]
INFO: [ view_begin ] --START--
INFO: Run Home\Behaviors\testBehavior [ RunTime:0.000130s ]
INFO: [ view_begin ] --END-- [ RunTime:0.000174s ]
INFO: [ view_parse ] --START--
INFO: [ template_filter ] --START--
INFO: Run Behavior\ContentReplaceBehavior [ RunTime:0.000100s ]
INFO: [ template_filter ] --END-- [ RunTime:0.000146s ]
NOTIC: [8] Undefined variable: seoTitle /var/www/html/paoding_gemmap/Application/Runtime/Cache/Mobile/287a75ef6074c13750e3b2bdaccd2921.php 第 6 行.
NOTIC: [8] Undefined variable: seoKeywords /var/www/html/paoding_gemmap/Application/Runtime/Cache/Mobile/287a75ef6074c13750e3b2bdaccd2921.php 第 8 行.
NOTIC: [8] Undefined variable: seoDescription /var/www/html/paoding_gemmap/Application/Runtime/Cache/Mobile/287a75ef6074c13750e3b2bdaccd2921.php 第 9 行.
NOTIC: [8] Undefined variable: v /var/www/html/paoding_gemmap/Application/Runtime/Cache/Mobile/287a75ef6074c13750e3b2bdaccd2921.php 第 78 行.
INFO: Run Behavior\ParseTemplateBehavior [ RunTime:0.006644s ]
INFO: [ view_parse ] --END-- [ RunTime:0.006678s ]
INFO: [ view_filter ] --START--
INFO: Run Behavior\WriteHtmlCacheBehavior [ RunTime:0.000104s ]
INFO: Run Behavior\TokenBuildBehavior [ RunTime:0.000311s ]
INFO: [ view_filter ] --END-- [ RunTime:0.000473s ]
INFO: [ app_end ] --START--
INFO: Run Behavior\ShowPageTraceBehavior [ RunTime:0.000359s ]
INFO: [ app_end ] --END-- [ RunTime:0.000416s ]

[ 2017-07-12T14:39:38+08:00 ] 182.144.187.249 /index.php/Mobile/Article/tlist/channel/tlist/type/1/data_id/3
INFO: [ app_init ] --START--
INFO: Run Behavior\BuildLiteBehavior [ RunTime:0.000013s ]
INFO: [ app_init ] --END-- [ RunTime:0.000290s ]
INFO: [ app_begin ] --START--
INFO: Run Behavior\ReadHtmlCacheBehavior [ RunTime:0.000374s ]
INFO: [ app_begin ] --END-- [ RunTime:0.000418s ]
INFO: [ action_begin ] --START--
INFO: Run Home\Behaviors\siteBehavior [ RunTime:0.000165s ]
INFO: [ action_begin ] --END-- [ RunTime:0.000209s ]

[ 2017-07-12T14:39:42+08:00 ] 182.144.187.249 /index.php/Mobile/Article/tlist/channel/tlist/type/1/data_id/3
INFO: [ app_init ] --START--
INFO: Run Behavior\BuildLiteBehavior [ RunTime:0.000013s ]
INFO: [ app_init ] --END-- [ RunTime:0.000249s ]
INFO: [ app_begin ] --START--
INFO: Run Behavior\ReadHtmlCacheBehavior [ RunTime:0.000324s ]
INFO: [ app_begin ] --END-- [ RunTime:0.000366s ]
INFO: [ action_begin ] --START--
INFO: Run Home\Behaviors\siteBehavior [ RunTime:0.000156s ]
INFO: [ action_begin ] --END-- [ RunTime:0.000200s ]
INFO: [ view_begin ] --START--
INFO: Run Home\Behaviors\testBehavior [ RunTime:0.000109s ]
INFO: [ view_begin ] --END-- [ RunTime:0.000170s ]
INFO: [ view_parse ] --START--
INFO: [ template_filter ] --START--
INFO: Run Behavior\ContentReplaceBehavior [ RunTime:0.000086s ]
INFO: [ template_filter ] --END-- [ RunTime:0.000152s ]
NOTIC: [8] Undefined variable: seoTitle /var/www/html/paoding_gemmap/Application/Runtime/Cache/Mobile/0bbf2ba32a373a4b2b9c3ab826295755.php 第 6 行.
NOTIC: [8] Undefined variable: seoKeywords /var/www/html/paoding_gemmap/Application/Runtime/Cache/Mobile/0bbf2ba32a373a4b2b9c3ab826295755.php 第 8 行.
NOTIC: [8] Undefined variable: seoDescription /var/www/html/paoding_gemmap/Application/Runtime/Cache/Mobile/0bbf2ba32a373a4b2b9c3ab826295755.php 第 9 行.
INFO: Run Behavior\ParseTemplateBehavior [ RunTime:0.005876s ]
INFO: [ view_parse ] --END-- [ RunTime:0.005911s ]
INFO: [ view_filter ] --START--
INFO: Run Behavior\WriteHtmlCacheBehavior [ RunTime:0.000103s ]
INFO: Run Behavior\TokenBuildBehavior [ RunTime:0.000235s ]
INFO: [ view_filter ] --END-- [ RunTime:0.000393s ]
INFO: [ app_end ] --START--
INFO: Run Behavior\ShowPageTraceBehavior [ RunTime:0.000366s ]
INFO: [ app_end ] --END-- [ RunTime:0.000408s ]

[ 2017-07-12T14:39:48+08:00 ] 101.226.66.178 /index.php/Mobile/Article/tlist/channel/tlist/type/1/data_id/3
INFO: [ app_init ] --START--
INFO: Run Behavior\BuildLiteBehavior [ RunTime:0.000013s ]
INFO: [ app_init ] --END-- [ RunTime:0.000248s ]
INFO: [ app_begin ] --START--
INFO: Run Behavior\ReadHtmlCacheBehavior [ RunTime:0.000323s ]
INFO: [ app_begin ] --END-- [ RunTime:0.000365s ]
INFO: [ action_begin ] --START--
INFO: Run Home\Behaviors\siteBehavior [ RunTime:0.007811s ]
INFO: [ action_begin ] --END-- [ RunTime:0.007861s ]

[ 2017-07-12T15:49:27+08:00 ] 117.136.31.246 /index.php/mobile/Index
INFO: [ app_init ] --START--
INFO: Run Behavior\BuildLiteBehavior [ RunTime:0.000013s ]
INFO: [ app_init ] --END-- [ RunTime:0.000254s ]
INFO: [ app_begin ] --START--
INFO: Run Behavior\ReadHtmlCacheBehavior [ RunTime:0.000401s ]
INFO: [ app_begin ] --END-- [ RunTime:0.000445s ]
NOTIC: [2048] Declaration of Mobile\Controller\IndexController::error() should be compatible with Think\Controller::error($message = '', $jumpUrl = '', $ajax = false) /var/www/html/paoding_gemmap/Application/Mobile/Controller/IndexController.class.php 第 8 行.
INFO: [ action_begin ] --START--
INFO: Run Home\Behaviors\siteBehavior [ RunTime:0.007715s ]
INFO: [ action_begin ] --END-- [ RunTime:0.007761s ]
INFO: [ view_begin ] --START--
INFO: Run Home\Behaviors\testBehavior [ RunTime:0.000119s ]
INFO: [ view_begin ] --END-- [ RunTime:0.000162s ]
INFO: [ view_parse ] --START--
INFO: [ template_filter ] --START--
INFO: Run Behavior\ContentReplaceBehavior [ RunTime:0.000093s ]
INFO: [ template_filter ] --END-- [ RunTime:0.000135s ]
NOTIC: [8] Undefined variable: seoTitle /var/www/html/paoding_gemmap/Application/Runtime/Cache/Mobile/287a75ef6074c13750e3b2bdaccd2921.php 第 6 行.
NOTIC: [8] Undefined variable: seoKeywords /var/www/html/paoding_gemmap/Application/Runtime/Cache/Mobile/287a75ef6074c13750e3b2bdaccd2921.php 第 8 行.
NOTIC: [8] Undefined variable: seoDescription /var/www/html/paoding_gemmap/Application/Runtime/Cache/Mobile/287a75ef6074c13750e3b2bdaccd2921.php 第 9 行.
NOTIC: [8] Undefined variable: v /var/www/html/paoding_gemmap/Application/Runtime/Cache/Mobile/287a75ef6074c13750e3b2bdaccd2921.php 第 78 行.
INFO: Run Behavior\ParseTemplateBehavior [ RunTime:0.006479s ]
INFO: [ view_parse ] --END-- [ RunTime:0.006537s ]
INFO: [ view_filter ] --START--
INFO: Run Behavior\WriteHtmlCacheBehavior [ RunTime:0.000104s ]
INFO: Run Behavior\TokenBuildBehavior [ RunTime:0.000384s ]
INFO: [ view_filter ] --END-- [ RunTime:0.000548s ]
INFO: [ app_end ] --START--
INFO: Run Behavior\ShowPageTraceBehavior [ RunTime:0.000352s ]
INFO: [ app_end ] --END-- [ RunTime:0.000408s ]

[ 2017-07-12T16:13:38+08:00 ] 111.50.88.227 /index.php/Mobile/Article/detail/channel/js/type/1/data_id/3089
INFO: [ app_init ] --START--
INFO: Run Behavior\BuildLiteBehavior [ RunTime:0.000012s ]
INFO: [ app_init ] --END-- [ RunTime:0.000247s ]
INFO: [ app_begin ] --START--
INFO: Run Behavior\ReadHtmlCacheBehavior [ RunTime:0.000328s ]
INFO: [ app_begin ] --END-- [ RunTime:0.000371s ]
INFO: [ action_begin ] --START--
INFO: Run Home\Behaviors\siteBehavior [ RunTime:0.007678s ]
INFO: [ action_begin ] --END-- [ RunTime:0.007727s ]

[ 2017-07-12T16:13:42+08:00 ] 111.50.88.227 /index.php/Mobile/Article/detail/channel/js/type/1/data_id/3089
INFO: [ app_init ] --START--
INFO: Run Behavior\BuildLiteBehavior [ RunTime:0.000012s ]
INFO: [ app_init ] --END-- [ RunTime:0.000289s ]
INFO: [ app_begin ] --START--
INFO: Run Behavior\ReadHtmlCacheBehavior [ RunTime:0.000323s ]
INFO: [ app_begin ] --END-- [ RunTime:0.000365s ]
INFO: [ action_begin ] --START--
INFO: Run Home\Behaviors\siteBehavior [ RunTime:0.000202s ]
INFO: [ action_begin ] --END-- [ RunTime:0.000247s ]
INFO: [ view_begin ] --START--
INFO: Run Home\Behaviors\testBehavior [ RunTime:0.000138s ]
INFO: [ view_begin ] --END-- [ RunTime:0.000184s ]
INFO: [ view_parse ] --START--
INFO: [ template_filter ] --START--
INFO: Run Behavior\ContentReplaceBehavior [ RunTime:0.000110s ]
INFO: [ template_filter ] --END-- [ RunTime:0.000157s ]
NOTIC: [8] Use of undefined constant Activity - assumed 'Activity' /var/www/html/paoding_gemmap/Application/Runtime/Cache/Mobile/ed59a97ccb50d95fe1f9914625d564c5.php 第 13 行.
NOTIC: [8] Use of undefined constant Index - assumed 'Index' /var/www/html/paoding_gemmap/Application/Runtime/Cache/Mobile/ed59a97ccb50d95fe1f9914625d564c5.php 第 16 行.
NOTIC: [8] Undefined variable: fatherId /var/www/html/paoding_gemmap/Application/Runtime/Cache/Mobile/ed59a97ccb50d95fe1f9914625d564c5.php 第 227 行.
NOTIC: [8] Undefined variable: sonId /var/www/html/paoding_gemmap/Application/Runtime/Cache/Mobile/ed59a97ccb50d95fe1f9914625d564c5.php 第 228 行.
NOTIC: [8] Use of undefined constant Index - assumed 'Index' /var/www/html/paoding_gemmap/Application/Runtime/Cache/Mobile/ed59a97ccb50d95fe1f9914625d564c5.php 第 235 行.
NOTIC: [8] Use of undefined constant Science - assumed 'Science' /var/www/html/paoding_gemmap/Application/Runtime/Cache/Mobile/ed59a97ccb50d95fe1f9914625d564c5.php 第 235 行.
NOTIC: [8] Use of undefined constant Task - assumed 'Task' /var/www/html/paoding_gemmap/Application/Runtime/Cache/Mobile/ed59a97ccb50d95fe1f9914625d564c5.php 第 236 行.
NOTIC: [8] Undefined variable: ifWeChatLogin /var/www/html/paoding_gemmap/Application/Runtime/Cache/Mobile/ed59a97ccb50d95fe1f9914625d564c5.php 第 272 行.
NOTIC: [8] Undefined variable: code /var/www/html/paoding_gemmap/Application/Runtime/Cache/Mobile/ed59a97ccb50d95fe1f9914625d564c5.php 第 274 行.
NOTIC: [8] Undefined variable: mobile /var/www/html/paoding_gemmap/Application/Runtime/Cache/Mobile/ed59a97ccb50d95fe1f9914625d564c5.php 第 404 行.
INFO: Run Behavior\ParseTemplateBehavior [ RunTime:0.033460s ]
INFO: [ view_parse ] --END-- [ RunTime:0.033495s ]
INFO: [ view_filter ] --START--
INFO: Run Behavior\WriteHtmlCacheBehavior [ RunTime:0.000109s ]
INFO: Run Behavior\TokenBuildBehavior [ RunTime:0.000307s ]
INFO: [ view_filter ] --END-- [ RunTime:0.000473s ]
INFO: [ app_end ] --START--
INFO: Run Behavior\ShowPageTraceBehavior [ RunTime:0.000360s ]
INFO: [ app_end ] --END-- [ RunTime:0.000404s ]

[ 2017-07-12T16:13:48+08:00 ] 101.226.33.226 /index.php/Mobile/Article/detail/channel/js/type/1/data_id/3089
INFO: [ app_init ] --START--
INFO: Run Behavior\BuildLiteBehavior [ RunTime:0.000014s ]
INFO: [ app_init ] --END-- [ RunTime:0.000248s ]
INFO: [ app_begin ] --START--
INFO: Run Behavior\ReadHtmlCacheBehavior [ RunTime:0.000330s ]
INFO: [ app_begin ] --END-- [ RunTime:0.000374s ]
INFO: [ action_begin ] --START--
INFO: Run Home\Behaviors\siteBehavior [ RunTime:0.008039s ]
INFO: [ action_begin ] --END-- [ RunTime:0.008088s ]

[ 2017-07-12T17:35:57+08:00 ] 124.160.213.71 /index.php/mobile/Article/data_list/channel/xq
INFO: [ app_init ] --START--
INFO: Run Behavior\BuildLiteBehavior [ RunTime:0.000013s ]
INFO: [ app_init ] --END-- [ RunTime:0.000292s ]
INFO: [ app_begin ] --START--
INFO: Run Behavior\ReadHtmlCacheBehavior [ RunTime:0.000379s ]
INFO: [ app_begin ] --END-- [ RunTime:0.000422s ]
INFO: [ action_begin ] --START--
INFO: Run Home\Behaviors\siteBehavior [ RunTime:0.007995s ]
INFO: [ action_begin ] --END-- [ RunTime:0.008057s ]

[ 2017-07-12T17:36:01+08:00 ] 124.160.213.71 /index.php/mobile/Article/data_list/channel/xq
INFO: [ app_init ] --START--
INFO: Run Behavior\BuildLiteBehavior [ RunTime:0.000014s ]
INFO: [ app_init ] --END-- [ RunTime:0.000249s ]
INFO: [ app_begin ] --START--
INFO: Run Behavior\ReadHtmlCacheBehavior [ RunTime:0.000334s ]
INFO: [ app_begin ] --END-- [ RunTime:0.000381s ]
INFO: [ action_begin ] --START--
INFO: Run Home\Behaviors\siteBehavior [ RunTime:0.000215s ]
INFO: [ action_begin ] --END-- [ RunTime:0.000262s ]
NOTIC: [8] Undefined index: type /var/www/html/paoding_gemmap/Application/Mobile/Controller/ArticleController.class.php 第 21 行.
NOTIC: [8] Undefined index: order_id /var/www/html/paoding_gemmap/Application/Mobile/Controller/ArticleController.class.php 第 24 行.
INFO: [ view_begin ] --START--
INFO: Run Home\Behaviors\testBehavior [ RunTime:0.000121s ]
INFO: [ view_begin ] --END-- [ RunTime:0.000171s ]
INFO: [ view_parse ] --START--
INFO: [ template_filter ] --START--
INFO: Run Behavior\ContentReplaceBehavior [ RunTime:0.000138s ]
INFO: [ template_filter ] --END-- [ RunTime:0.000197s ]
NOTIC: [8] Undefined variable: seoTitle /var/www/html/paoding_gemmap/Application/Runtime/Cache/Mobile/1724b1f1b079b2a6a957bdf2135918fc.php 第 6 行.
NOTIC: [8] Undefined variable: seoKeywords /var/www/html/paoding_gemmap/Application/Runtime/Cache/Mobile/1724b1f1b079b2a6a957bdf2135918fc.php 第 8 行.
NOTIC: [8] Undefined variable: seoDescription /var/www/html/paoding_gemmap/Application/Runtime/Cache/Mobile/1724b1f1b079b2a6a957bdf2135918fc.php 第 9 行.
NOTIC: [8] Undefined variable: v /var/www/html/paoding_gemmap/Application/Runtime/Cache/Mobile/1724b1f1b079b2a6a957bdf2135918fc.php 第 105 行.
NOTIC: [8] Undefined variable: others /var/www/html/paoding_gemmap/Application/Runtime/Cache/Mobile/1724b1f1b079b2a6a957bdf2135918fc.php 第 126 行.
INFO: Run Behavior\ParseTemplateBehavior [ RunTime:0.011109s ]
INFO: [ view_parse ] --END-- [ RunTime:0.011159s ]
INFO: [ view_filter ] --START--
INFO: Run Behavior\WriteHtmlCacheBehavior [ RunTime:0.000143s ]
INFO: Run Behavior\TokenBuildBehavior [ RunTime:0.000307s ]
INFO: [ view_filter ] --END-- [ RunTime:0.000511s ]
INFO: [ app_end ] --START--
INFO: Run Behavior\ShowPageTraceBehavior [ RunTime:0.000448s ]
INFO: [ app_end ] --END-- [ RunTime:0.000491s ]

[ 2017-07-12T17:36:10+08:00 ] 124.160.213.71 /index.php/Mobile/Article/detail/channel/xq/type/1/data_id/4105
INFO: [ app_init ] --START--
INFO: Run Behavior\BuildLiteBehavior [ RunTime:0.000018s ]
INFO: [ app_init ] --END-- [ RunTime:0.000281s ]
INFO: [ app_begin ] --START--
INFO: Run Behavior\ReadHtmlCacheBehavior [ RunTime:0.000345s ]
INFO: [ app_begin ] --END-- [ RunTime:0.000389s ]
INFO: [ action_begin ] --START--
INFO: Run Home\Behaviors\siteBehavior [ RunTime:0.000172s ]
INFO: [ action_begin ] --END-- [ RunTime:0.000217s ]
INFO: [ view_begin ] --START--
INFO: Run Home\Behaviors\testBehavior [ RunTime:0.000107s ]
INFO: [ view_begin ] --END-- [ RunTime:0.000165s ]
INFO: [ view_parse ] --START--
INFO: [ template_filter ] --START--
INFO: Run Behavior\ContentReplaceBehavior [ RunTime:0.000116s ]
INFO: [ template_filter ] --END-- [ RunTime:0.000189s ]
NOTIC: [8] Use of undefined constant Activity - assumed 'Activity' /var/www/html/paoding_gemmap/Application/Runtime/Cache/Mobile/2e68ed16c4d3948aee73f12ea935ac3b.php 第 13 行.
NOTIC: [8] Use of undefined constant Index - assumed 'Index' /var/www/html/paoding_gemmap/Application/Runtime/Cache/Mobile/2e68ed16c4d3948aee73f12ea935ac3b.php 第 16 行.
NOTIC: [8] Use of undefined constant Index - assumed 'Index' /var/www/html/paoding_gemmap/Application/Runtime/Cache/Mobile/2e68ed16c4d3948aee73f12ea935ac3b.php 第 24 行.
NOTIC: [8] Undefined variable: fatherId /var/www/html/paoding_gemmap/Application/Runtime/Cache/Mobile/2e68ed16c4d3948aee73f12ea935ac3b.php 第 227 行.
NOTIC: [8] Undefined variable: sonId /var/www/html/paoding_gemmap/Application/Runtime/Cache/Mobile/2e68ed16c4d3948aee73f12ea935ac3b.php 第 228 行.
NOTIC: [8] Use of undefined constant Index - assumed 'Index' /var/www/html/paoding_gemmap/Application/Runtime/Cache/Mobile/2e68ed16c4d3948aee73f12ea935ac3b.php 第 235 行.
NOTIC: [8] Use of undefined constant Science - assumed 'Science' /var/www/html/paoding_gemmap/Application/Runtime/Cache/Mobile/2e68ed16c4d3948aee73f12ea935ac3b.php 第 235 行.
NOTIC: [8] Use of undefined constant Task - assumed 'Task' /var/www/html/paoding_gemmap/Application/Runtime/Cache/Mobile/2e68ed16c4d3948aee73f12ea935ac3b.php 第 236 行.
NOTIC: [8] Undefined variable: ifWeChatLogin /var/www/html/paoding_gemmap/Application/Runtime/Cache/Mobile/2e68ed16c4d3948aee73f12ea935ac3b.php 第 271 行.
NOTIC: [8] Undefined variable: code /var/www/html/paoding_gemmap/Application/Runtime/Cache/Mobile/2e68ed16c4d3948aee73f12ea935ac3b.php 第 273 行.
NOTIC: [8] Undefined variable: mobile /var/www/html/paoding_gemmap/Application/Runtime/Cache/Mobile/2e68ed16c4d3948aee73f12ea935ac3b.php 第 393 行.
INFO: Run Behavior\ParseTemplateBehavior [ RunTime:0.042139s ]
INFO: [ view_parse ] --END-- [ RunTime:0.042175s ]
INFO: [ view_filter ] --START--
INFO: Run Behavior\WriteHtmlCacheBehavior [ RunTime:0.000155s ]
INFO: Run Behavior\TokenBuildBehavior [ RunTime:0.000287s ]
INFO: [ view_filter ] --END-- [ RunTime:0.000513s ]
INFO: [ app_end ] --START--
INFO: Run Behavior\ShowPageTraceBehavior [ RunTime:0.000368s ]
INFO: [ app_end ] --END-- [ RunTime:0.000429s ]

[ 2017-07-12T17:36:31+08:00 ] 124.160.213.71 /index.php/Mobile/Article/detail/channel/xq/type/1/data_id/3107
INFO: [ app_init ] --START--
INFO: Run Behavior\BuildLiteBehavior [ RunTime:0.000014s ]
INFO: [ app_init ] --END-- [ RunTime:0.000248s ]
INFO: [ app_begin ] --START--
INFO: Run Behavior\ReadHtmlCacheBehavior [ RunTime:0.000452s ]
INFO: [ app_begin ] --END-- [ RunTime:0.000497s ]
INFO: [ action_begin ] --START--
INFO: Run Home\Behaviors\siteBehavior [ RunTime:0.000206s ]
INFO: [ action_begin ] --END-- [ RunTime:0.000252s ]
INFO: [ view_begin ] --START--
INFO: Run Home\Behaviors\testBehavior [ RunTime:0.000119s ]
INFO: [ view_begin ] --END-- [ RunTime:0.000182s ]
INFO: [ view_parse ] --START--
INFO: [ template_filter ] --START--
INFO: Run Behavior\ContentReplaceBehavior [ RunTime:0.000151s ]
INFO: [ template_filter ] --END-- [ RunTime:0.000203s ]
NOTIC: [8] Use of undefined constant Activity - assumed 'Activity' /var/www/html/paoding_gemmap/Application/Runtime/Cache/Mobile/2e68ed16c4d3948aee73f12ea935ac3b.php 第 13 行.
NOTIC: [8] Use of undefined constant Index - assumed 'Index' /var/www/html/paoding_gemmap/Application/Runtime/Cache/Mobile/2e68ed16c4d3948aee73f12ea935ac3b.php 第 16 行.
NOTIC: [8] Use of undefined constant Index - assumed 'Index' /var/www/html/paoding_gemmap/Application/Runtime/Cache/Mobile/2e68ed16c4d3948aee73f12ea935ac3b.php 第 24 行.
NOTIC: [8] Undefined variable: fatherId /var/www/html/paoding_gemmap/Application/Runtime/Cache/Mobile/2e68ed16c4d3948aee73f12ea935ac3b.php 第 227 行.
NOTIC: [8] Undefined variable: sonId /var/www/html/paoding_gemmap/Application/Runtime/Cache/Mobile/2e68ed16c4d3948aee73f12ea935ac3b.php 第 228 行.
NOTIC: [8] Use of undefined constant Index - assumed 'Index' /var/www/html/paoding_gemmap/Application/Runtime/Cache/Mobile/2e68ed16c4d3948aee73f12ea935ac3b.php 第 235 行.
NOTIC: [8] Use of undefined constant Science - assumed 'Science' /var/www/html/paoding_gemmap/Application/Runtime/Cache/Mobile/2e68ed16c4d3948aee73f12ea935ac3b.php 第 235 行.
NOTIC: [8] Use of undefined constant Task - assumed 'Task' /var/www/html/paoding_gemmap/Application/Runtime/Cache/Mobile/2e68ed16c4d3948aee73f12ea935ac3b.php 第 236 行.
NOTIC: [8] Undefined variable: ifWeChatLogin /var/www/html/paoding_gemmap/Application/Runtime/Cache/Mobile/2e68ed16c4d3948aee73f12ea935ac3b.php 第 271 行.
NOTIC: [8] Undefined variable: code /var/www/html/paoding_gemmap/Application/Runtime/Cache/Mobile/2e68ed16c4d3948aee73f12ea935ac3b.php 第 273 行.
NOTIC: [8] Undefined variable: mobile /var/www/html/paoding_gemmap/Application/Runtime/Cache/Mobile/2e68ed16c4d3948aee73f12ea935ac3b.php 第 393 行.
INFO: Run Behavior\ParseTemplateBehavior [ RunTime:0.009093s ]
INFO: [ view_parse ] --END-- [ RunTime:0.009141s ]
INFO: [ view_filter ] --START--
INFO: Run Behavior\WriteHtmlCacheBehavior [ RunTime:0.000112s ]
INFO: Run Behavior\TokenBuildBehavior [ RunTime:0.000331s ]
INFO: [ view_filter ] --END-- [ RunTime:0.000503s ]
INFO: [ app_end ] --START--
INFO: Run Behavior\ShowPageTraceBehavior [ RunTime:0.000371s ]
INFO: [ app_end ] --END-- [ RunTime:0.000413s ]

[ 2017-07-12T17:36:41+08:00 ] 101.226.65.105 /index.php/Mobile/Article/detail/channel/xq/type/1/data_id/3107
INFO: [ app_init ] --START--
INFO: Run Behavior\BuildLiteBehavior [ RunTime:0.000013s ]
INFO: [ app_init ] --END-- [ RunTime:0.000292s ]
INFO: [ app_begin ] --START--
INFO: Run Behavior\ReadHtmlCacheBehavior [ RunTime:0.000375s ]
INFO: [ app_begin ] --END-- [ RunTime:0.000417s ]
INFO: [ action_begin ] --START--
INFO: Run Home\Behaviors\siteBehavior [ RunTime:0.007846s ]
INFO: [ action_begin ] --END-- [ RunTime:0.007902s ]

[ 2017-07-12T19:21:31+08:00 ] 182.131.12.36 /index.php/mobile/Index
INFO: [ app_init ] --START--
INFO: Run Behavior\BuildLiteBehavior [ RunTime:0.000013s ]
INFO: [ app_init ] --END-- [ RunTime:0.000395s ]
INFO: [ app_begin ] --START--
INFO: Run Behavior\ReadHtmlCacheBehavior [ RunTime:0.000332s ]
INFO: [ app_begin ] --END-- [ RunTime:0.000375s ]
NOTIC: [2048] Declaration of Mobile\Controller\IndexController::error() should be compatible with Think\Controller::error($message = '', $jumpUrl = '', $ajax = false) /var/www/html/paoding_gemmap/Application/Mobile/Controller/IndexController.class.php 第 8 行.
INFO: [ action_begin ] --START--
INFO: Run Home\Behaviors\siteBehavior [ RunTime:0.009123s ]
INFO: [ action_begin ] --END-- [ RunTime:0.009175s ]
INFO: [ view_begin ] --START--
INFO: Run Home\Behaviors\testBehavior [ RunTime:0.000122s ]
INFO: [ view_begin ] --END-- [ RunTime:0.000190s ]
INFO: [ view_parse ] --START--
INFO: [ template_filter ] --START--
INFO: Run Behavior\ContentReplaceBehavior [ RunTime:0.000093s ]
INFO: [ template_filter ] --END-- [ RunTime:0.000134s ]
NOTIC: [8] Undefined variable: seoTitle /var/www/html/paoding_gemmap/Application/Runtime/Cache/Mobile/287a75ef6074c13750e3b2bdaccd2921.php 第 6 行.
NOTIC: [8] Undefined variable: seoKeywords /var/www/html/paoding_gemmap/Application/Runtime/Cache/Mobile/287a75ef6074c13750e3b2bdaccd2921.php 第 8 行.
NOTIC: [8] Undefined variable: seoDescription /var/www/html/paoding_gemmap/Application/Runtime/Cache/Mobile/287a75ef6074c13750e3b2bdaccd2921.php 第 9 行.
NOTIC: [8] Undefined variable: v /var/www/html/paoding_gemmap/Application/Runtime/Cache/Mobile/287a75ef6074c13750e3b2bdaccd2921.php 第 78 行.
INFO: Run Behavior\ParseTemplateBehavior [ RunTime:0.006161s ]
INFO: [ view_parse ] --END-- [ RunTime:0.006195s ]
INFO: [ view_filter ] --START--
INFO: Run Behavior\WriteHtmlCacheBehavior [ RunTime:0.000112s ]
INFO: Run Behavior\TokenBuildBehavior [ RunTime:0.000253s ]
INFO: [ view_filter ] --END-- [ RunTime:0.000420s ]
INFO: [ app_end ] --START--
INFO: Run Behavior\ShowPageTraceBehavior [ RunTime:0.000406s ]
INFO: [ app_end ] --END-- [ RunTime:0.000448s ]

[ 2017-07-12T19:21:44+08:00 ] 182.131.12.36 /index.php/Mobile/Article/tlist/channel/tlist/type/1/data_id/4
INFO: [ app_init ] --START--
INFO: Run Behavior\BuildLiteBehavior [ RunTime:0.000012s ]
INFO: [ app_init ] --END-- [ RunTime:0.000244s ]
INFO: [ app_begin ] --START--
INFO: Run Behavior\ReadHtmlCacheBehavior [ RunTime:0.000327s ]
INFO: [ app_begin ] --END-- [ RunTime:0.000369s ]
INFO: [ action_begin ] --START--
INFO: Run Home\Behaviors\siteBehavior [ RunTime:0.000160s ]
INFO: [ action_begin ] --END-- [ RunTime:0.000207s ]

[ 2017-07-12T19:21:48+08:00 ] 182.131.12.36 /index.php/Mobile/Article/tlist/channel/tlist/type/1/data_id/4
INFO: [ app_init ] --START--
INFO: Run Behavior\BuildLiteBehavior [ RunTime:0.000015s ]
INFO: [ app_init ] --END-- [ RunTime:0.000308s ]
INFO: [ app_begin ] --START--
INFO: Run Behavior\ReadHtmlCacheBehavior [ RunTime:0.000375s ]
INFO: [ app_begin ] --END-- [ RunTime:0.000419s ]
INFO: [ action_begin ] --START--
INFO: Run Home\Behaviors\siteBehavior [ RunTime:0.000182s ]
INFO: [ action_begin ] --END-- [ RunTime:0.000252s ]
INFO: [ view_begin ] --START--
INFO: Run Home\Behaviors\testBehavior [ RunTime:0.000125s ]
INFO: [ view_begin ] --END-- [ RunTime:0.000184s ]
INFO: [ view_parse ] --START--
INFO: [ template_filter ] --START--
INFO: Run Behavior\ContentReplaceBehavior [ RunTime:0.000098s ]
INFO: [ template_filter ] --END-- [ RunTime:0.000157s ]
NOTIC: [8] Undefined variable: seoTitle /var/www/html/paoding_gemmap/Application/Runtime/Cache/Mobile/0bbf2ba32a373a4b2b9c3ab826295755.php 第 6 行.
NOTIC: [8] Undefined variable: seoKeywords /var/www/html/paoding_gemmap/Application/Runtime/Cache/Mobile/0bbf2ba32a373a4b2b9c3ab826295755.php 第 8 行.
NOTIC: [8] Undefined variable: seoDescription /var/www/html/paoding_gemmap/Application/Runtime/Cache/Mobile/0bbf2ba32a373a4b2b9c3ab826295755.php 第 9 行.
INFO: Run Behavior\ParseTemplateBehavior [ RunTime:0.012766s ]
INFO: [ view_parse ] --END-- [ RunTime:0.012803s ]
INFO: [ view_filter ] --START--
INFO: Run Behavior\WriteHtmlCacheBehavior [ RunTime:0.000107s ]
INFO: Run Behavior\TokenBuildBehavior [ RunTime:0.001289s ]
INFO: [ view_filter ] --END-- [ RunTime:0.001457s ]
INFO: [ app_end ] --START--
INFO: Run Behavior\ShowPageTraceBehavior [ RunTime:0.000353s ]
INFO: [ app_end ] --END-- [ RunTime:0.000397s ]

[ 2017-07-12T19:21:54+08:00 ] 140.207.185.112 /index.php/Mobile/Article/tlist/channel/tlist/type/1/data_id/4
INFO: [ app_init ] --START--
INFO: Run Behavior\BuildLiteBehavior [ RunTime:0.000015s ]
INFO: [ app_init ] --END-- [ RunTime:0.000260s ]
INFO: [ app_begin ] --START--
INFO: Run Behavior\ReadHtmlCacheBehavior [ RunTime:0.000377s ]
INFO: [ app_begin ] --END-- [ RunTime:0.000423s ]
INFO: [ action_begin ] --START--
INFO: Run Home\Behaviors\siteBehavior [ RunTime:0.008487s ]
INFO: [ action_begin ] --END-- [ RunTime:0.008553s ]

[ 2017-07-12T21:52:21+08:00 ] 116.243.105.162 /index.php/mobile/Index
INFO: [ app_init ] --START--
INFO: Run Behavior\BuildLiteBehavior [ RunTime:0.000012s ]
INFO: [ app_init ] --END-- [ RunTime:0.000248s ]
INFO: [ app_begin ] --START--
INFO: Run Behavior\ReadHtmlCacheBehavior [ RunTime:0.000322s ]
INFO: [ app_begin ] --END-- [ RunTime:0.000366s ]
NOTIC: [2048] Declaration of Mobile\Controller\IndexController::error() should be compatible with Think\Controller::error($message = '', $jumpUrl = '', $ajax = false) /var/www/html/paoding_gemmap/Application/Mobile/Controller/IndexController.class.php 第 8 行.
INFO: [ action_begin ] --START--
INFO: Run Home\Behaviors\siteBehavior [ RunTime:0.008643s ]
INFO: [ action_begin ] --END-- [ RunTime:0.008709s ]
INFO: [ view_begin ] --START--
INFO: Run Home\Behaviors\testBehavior [ RunTime:0.000128s ]
INFO: [ view_begin ] --END-- [ RunTime:0.000174s ]
INFO: [ view_parse ] --START--
INFO: [ template_filter ] --START--
INFO: Run Behavior\ContentReplaceBehavior [ RunTime:0.000096s ]
INFO: [ template_filter ] --END-- [ RunTime:0.000145s ]
NOTIC: [8] Undefined variable: seoTitle /var/www/html/paoding_gemmap/Application/Runtime/Cache/Mobile/287a75ef6074c13750e3b2bdaccd2921.php 第 6 行.
NOTIC: [8] Undefined variable: seoKeywords /var/www/html/paoding_gemmap/Application/Runtime/Cache/Mobile/287a75ef6074c13750e3b2bdaccd2921.php 第 8 行.
NOTIC: [8] Undefined variable: seoDescription /var/www/html/paoding_gemmap/Application/Runtime/Cache/Mobile/287a75ef6074c13750e3b2bdaccd2921.php 第 9 行.
NOTIC: [8] Undefined variable: v /var/www/html/paoding_gemmap/Application/Runtime/Cache/Mobile/287a75ef6074c13750e3b2bdaccd2921.php 第 78 行.
INFO: Run Behavior\ParseTemplateBehavior [ RunTime:0.007067s ]
INFO: [ view_parse ] --END-- [ RunTime:0.007102s ]
INFO: [ view_filter ] --START--
INFO: Run Behavior\WriteHtmlCacheBehavior [ RunTime:0.000109s ]
INFO: Run Behavior\TokenBuildBehavior [ RunTime:0.000293s ]
INFO: [ view_filter ] --END-- [ RunTime:0.000460s ]
INFO: [ app_end ] --START--
INFO: Run Behavior\ShowPageTraceBehavior [ RunTime:0.000446s ]
INFO: [ app_end ] --END-- [ RunTime:0.000488s ]

