[ 2017-07-24T03:15:20+08:00 ] 123.125.67.165 /index.php/mobile/Index
INFO: [ app_init ] --START--
INFO: Run Behavior\BuildLiteBehavior [ RunTime:0.000012s ]
INFO: [ app_init ] --END-- [ RunTime:0.000249s ]
INFO: [ app_begin ] --START--
INFO: Run Behavior\ReadHtmlCacheBehavior [ RunTime:0.000330s ]
INFO: [ app_begin ] --END-- [ RunTime:0.000373s ]
NOTIC: [2048] Declaration of Mobile\Controller\IndexController::error() should be compatible with Think\Controller::error($message = '', $jumpUrl = '', $ajax = false) /var/www/html/paoding_gemmap/Application/Mobile/Controller/IndexController.class.php 第 8 行.
INFO: [ action_begin ] --START--
INFO: Run Home\Behaviors\siteBehavior [ RunTime:0.007976s ]
INFO: [ action_begin ] --END-- [ RunTime:0.008023s ]
INFO: [ view_begin ] --START--
INFO: Run Home\Behaviors\testBehavior [ RunTime:0.000125s ]
INFO: [ view_begin ] --END-- [ RunTime:0.000169s ]
INFO: [ view_parse ] --START--
INFO: [ template_filter ] --START--
INFO: Run Behavior\ContentReplaceBehavior [ RunTime:0.000093s ]
INFO: [ template_filter ] --END-- [ RunTime:0.000135s ]
NOTIC: [8] Undefined variable: seoTitle /var/www/html/paoding_gemmap/Application/Runtime/Cache/Mobile/287a75ef6074c13750e3b2bdaccd2921.php 第 6 行.
NOTIC: [8] Undefined variable: seoKeywords /var/www/html/paoding_gemmap/Application/Runtime/Cache/Mobile/287a75ef6074c13750e3b2bdaccd2921.php 第 8 行.
NOTIC: [8] Undefined variable: seoDescription /var/www/html/paoding_gemmap/Application/Runtime/Cache/Mobile/287a75ef6074c13750e3b2bdaccd2921.php 第 9 行.
NOTIC: [8] Undefined variable: v /var/www/html/paoding_gemmap/Application/Runtime/Cache/Mobile/287a75ef6074c13750e3b2bdaccd2921.php 第 78 行.
INFO: Run Behavior\ParseTemplateBehavior [ RunTime:0.006359s ]
INFO: [ view_parse ] --END-- [ RunTime:0.006394s ]
INFO: [ view_filter ] --START--
INFO: Run Behavior\WriteHtmlCacheBehavior [ RunTime:0.000111s ]
INFO: Run Behavior\TokenBuildBehavior [ RunTime:0.000240s ]
INFO: [ view_filter ] --END-- [ RunTime:0.000406s ]
INFO: [ app_end ] --START--
INFO: Run Behavior\ShowPageTraceBehavior [ RunTime:0.000436s ]
INFO: [ app_end ] --END-- [ RunTime:0.000480s ]

[ 2017-07-24T04:39:51+08:00 ] 101.226.233.153 /index.php/mobile/Index
INFO: [ app_init ] --START--
INFO: Run Behavior\BuildLiteBehavior [ RunTime:0.000013s ]
INFO: [ app_init ] --END-- [ RunTime:0.000252s ]
INFO: [ app_begin ] --START--
INFO: Run Behavior\ReadHtmlCacheBehavior [ RunTime:0.000368s ]
INFO: [ app_begin ] --END-- [ RunTime:0.000411s ]
NOTIC: [2048] Declaration of Mobile\Controller\IndexController::error() should be compatible with Think\Controller::error($message = '', $jumpUrl = '', $ajax = false) /var/www/html/paoding_gemmap/Application/Mobile/Controller/IndexController.class.php 第 8 行.
INFO: [ action_begin ] --START--
INFO: Run Home\Behaviors\siteBehavior [ RunTime:0.007703s ]
INFO: [ action_begin ] --END-- [ RunTime:0.007746s ]
INFO: [ view_begin ] --START--
INFO: Run Home\Behaviors\testBehavior [ RunTime:0.000117s ]
INFO: [ view_begin ] --END-- [ RunTime:0.000161s ]
INFO: [ view_parse ] --START--
INFO: [ template_filter ] --START--
INFO: Run Behavior\ContentReplaceBehavior [ RunTime:0.000089s ]
INFO: [ template_filter ] --END-- [ RunTime:0.000130s ]
NOTIC: [8] Undefined variable: seoTitle /var/www/html/paoding_gemmap/Application/Runtime/Cache/Mobile/287a75ef6074c13750e3b2bdaccd2921.php 第 6 行.
NOTIC: [8] Undefined variable: seoKeywords /var/www/html/paoding_gemmap/Application/Runtime/Cache/Mobile/287a75ef6074c13750e3b2bdaccd2921.php 第 8 行.
NOTIC: [8] Undefined variable: seoDescription /var/www/html/paoding_gemmap/Application/Runtime/Cache/Mobile/287a75ef6074c13750e3b2bdaccd2921.php 第 9 行.
NOTIC: [8] Undefined variable: v /var/www/html/paoding_gemmap/Application/Runtime/Cache/Mobile/287a75ef6074c13750e3b2bdaccd2921.php 第 78 行.
INFO: Run Behavior\ParseTemplateBehavior [ RunTime:0.005995s ]
INFO: [ view_parse ] --END-- [ RunTime:0.006030s ]
INFO: [ view_filter ] --START--
INFO: Run Behavior\WriteHtmlCacheBehavior [ RunTime:0.000108s ]
INFO: Run Behavior\TokenBuildBehavior [ RunTime:0.000235s ]
INFO: [ view_filter ] --END-- [ RunTime:0.000400s ]
INFO: [ app_end ] --START--
INFO: Run Behavior\ShowPageTraceBehavior [ RunTime:0.000348s ]
INFO: [ app_end ] --END-- [ RunTime:0.000388s ]

[ 2017-07-24T04:39:52+08:00 ] 101.226.233.158 /index.php/mobile/Article/data_list/channel/xq
INFO: [ app_init ] --START--
INFO: Run Behavior\BuildLiteBehavior [ RunTime:0.000012s ]
INFO: [ app_init ] --END-- [ RunTime:0.000243s ]
INFO: [ app_begin ] --START--
INFO: Run Behavior\ReadHtmlCacheBehavior [ RunTime:0.000326s ]
INFO: [ app_begin ] --END-- [ RunTime:0.000368s ]
INFO: [ action_begin ] --START--
INFO: Run Home\Behaviors\siteBehavior [ RunTime:0.007669s ]
INFO: [ action_begin ] --END-- [ RunTime:0.007717s ]
NOTIC: [8] Undefined index: userArr /var/www/html/paoding_gemmap/Application/Mobile/Controller/BaseController.class.php 第 68 行.
NOTIC: [8] Undefined index: type /var/www/html/paoding_gemmap/Application/Mobile/Controller/ArticleController.class.php 第 21 行.
NOTIC: [8] Undefined index: order_id /var/www/html/paoding_gemmap/Application/Mobile/Controller/ArticleController.class.php 第 24 行.
INFO: [ view_begin ] --START--
INFO: Run Home\Behaviors\testBehavior [ RunTime:0.000120s ]
INFO: [ view_begin ] --END-- [ RunTime:0.000159s ]
INFO: [ view_parse ] --START--
INFO: [ template_filter ] --START--
INFO: Run Behavior\ContentReplaceBehavior [ RunTime:0.000175s ]
INFO: [ template_filter ] --END-- [ RunTime:0.000237s ]
NOTIC: [8] Undefined variable: seoTitle /var/www/html/paoding_gemmap/Application/Runtime/Cache/Mobile/1724b1f1b079b2a6a957bdf2135918fc.php 第 6 行.
NOTIC: [8] Undefined variable: seoKeywords /var/www/html/paoding_gemmap/Application/Runtime/Cache/Mobile/1724b1f1b079b2a6a957bdf2135918fc.php 第 8 行.
NOTIC: [8] Undefined variable: seoDescription /var/www/html/paoding_gemmap/Application/Runtime/Cache/Mobile/1724b1f1b079b2a6a957bdf2135918fc.php 第 9 行.
NOTIC: [8] Undefined variable: v /var/www/html/paoding_gemmap/Application/Runtime/Cache/Mobile/1724b1f1b079b2a6a957bdf2135918fc.php 第 105 行.
NOTIC: [8] Undefined variable: others /var/www/html/paoding_gemmap/Application/Runtime/Cache/Mobile/1724b1f1b079b2a6a957bdf2135918fc.php 第 126 行.
INFO: Run Behavior\ParseTemplateBehavior [ RunTime:0.010944s ]
INFO: [ view_parse ] --END-- [ RunTime:0.010992s ]
INFO: [ view_filter ] --START--
INFO: Run Behavior\WriteHtmlCacheBehavior [ RunTime:0.000129s ]
INFO: Run Behavior\TokenBuildBehavior [ RunTime:0.000305s ]
INFO: [ view_filter ] --END-- [ RunTime:0.000504s ]
INFO: [ app_end ] --START--
INFO: Run Behavior\ShowPageTraceBehavior [ RunTime:0.000396s ]
INFO: [ app_end ] --END-- [ RunTime:0.000466s ]

[ 2017-07-24T10:46:49+08:00 ] 14.17.37.43 /index.php/mobile/Index
INFO: [ app_init ] --START--
INFO: Run Behavior\BuildLiteBehavior [ RunTime:0.000014s ]
INFO: [ app_init ] --END-- [ RunTime:0.000259s ]
INFO: [ app_begin ] --START--
INFO: Run Behavior\ReadHtmlCacheBehavior [ RunTime:0.000345s ]
INFO: [ app_begin ] --END-- [ RunTime:0.000391s ]
NOTIC: [2048] Declaration of Mobile\Controller\IndexController::error() should be compatible with Think\Controller::error($message = '', $jumpUrl = '', $ajax = false) /var/www/html/paoding_gemmap/Application/Mobile/Controller/IndexController.class.php 第 8 行.
INFO: [ action_begin ] --START--
INFO: Run Home\Behaviors\siteBehavior [ RunTime:0.009075s ]
INFO: [ action_begin ] --END-- [ RunTime:0.009144s ]
INFO: [ view_begin ] --START--
INFO: Run Home\Behaviors\testBehavior [ RunTime:0.000178s ]
INFO: [ view_begin ] --END-- [ RunTime:0.000222s ]
INFO: [ view_parse ] --START--
INFO: [ template_filter ] --START--
INFO: Run Behavior\ContentReplaceBehavior [ RunTime:0.000095s ]
INFO: [ template_filter ] --END-- [ RunTime:0.000137s ]
NOTIC: [8] Undefined variable: seoTitle /var/www/html/paoding_gemmap/Application/Runtime/Cache/Mobile/287a75ef6074c13750e3b2bdaccd2921.php 第 6 行.
NOTIC: [8] Undefined variable: seoKeywords /var/www/html/paoding_gemmap/Application/Runtime/Cache/Mobile/287a75ef6074c13750e3b2bdaccd2921.php 第 8 行.
NOTIC: [8] Undefined variable: seoDescription /var/www/html/paoding_gemmap/Application/Runtime/Cache/Mobile/287a75ef6074c13750e3b2bdaccd2921.php 第 9 行.
NOTIC: [8] Undefined variable: v /var/www/html/paoding_gemmap/Application/Runtime/Cache/Mobile/287a75ef6074c13750e3b2bdaccd2921.php 第 78 行.
INFO: Run Behavior\ParseTemplateBehavior [ RunTime:0.006306s ]
INFO: [ view_parse ] --END-- [ RunTime:0.006341s ]
INFO: [ view_filter ] --START--
INFO: Run Behavior\WriteHtmlCacheBehavior [ RunTime:0.000111s ]
INFO: Run Behavior\TokenBuildBehavior [ RunTime:0.000245s ]
INFO: [ view_filter ] --END-- [ RunTime:0.000411s ]
INFO: [ app_end ] --START--
INFO: Run Behavior\ShowPageTraceBehavior [ RunTime:0.000417s ]
INFO: [ app_end ] --END-- [ RunTime:0.000458s ]

[ 2017-07-24T10:47:04+08:00 ] 14.17.37.43 /index.php/mobile/Article/data_list/channel/xq
INFO: [ app_init ] --START--
INFO: Run Behavior\BuildLiteBehavior [ RunTime:0.000024s ]
INFO: [ app_init ] --END-- [ RunTime:0.000329s ]
INFO: [ app_begin ] --START--
INFO: Run Behavior\ReadHtmlCacheBehavior [ RunTime:0.000410s ]
INFO: [ app_begin ] --END-- [ RunTime:0.000460s ]
INFO: [ action_begin ] --START--
INFO: Run Home\Behaviors\siteBehavior [ RunTime:0.000185s ]
INFO: [ action_begin ] --END-- [ RunTime:0.000242s ]

[ 2017-07-24T10:47:09+08:00 ] 14.17.37.43 /index.php/mobile/Article/data_list/channel/xq
INFO: [ app_init ] --START--
INFO: Run Behavior\BuildLiteBehavior [ RunTime:0.000019s ]
INFO: [ app_init ] --END-- [ RunTime:0.000299s ]
INFO: [ app_begin ] --START--
INFO: Run Behavior\ReadHtmlCacheBehavior [ RunTime:0.000346s ]
INFO: [ app_begin ] --END-- [ RunTime:0.000395s ]
INFO: [ action_begin ] --START--
INFO: Run Home\Behaviors\siteBehavior [ RunTime:0.000181s ]
INFO: [ action_begin ] --END-- [ RunTime:0.000232s ]
NOTIC: [8] Undefined index: type /var/www/html/paoding_gemmap/Application/Mobile/Controller/ArticleController.class.php 第 21 行.
NOTIC: [8] Undefined index: order_id /var/www/html/paoding_gemmap/Application/Mobile/Controller/ArticleController.class.php 第 24 行.
INFO: [ view_begin ] --START--
INFO: Run Home\Behaviors\testBehavior [ RunTime:0.000095s ]
INFO: [ view_begin ] --END-- [ RunTime:0.000136s ]
INFO: [ view_parse ] --START--
INFO: [ template_filter ] --START--
INFO: Run Behavior\ContentReplaceBehavior [ RunTime:0.000142s ]
INFO: [ template_filter ] --END-- [ RunTime:0.000186s ]
NOTIC: [8] Undefined variable: seoTitle /var/www/html/paoding_gemmap/Application/Runtime/Cache/Mobile/1724b1f1b079b2a6a957bdf2135918fc.php 第 6 行.
NOTIC: [8] Undefined variable: seoKeywords /var/www/html/paoding_gemmap/Application/Runtime/Cache/Mobile/1724b1f1b079b2a6a957bdf2135918fc.php 第 8 行.
NOTIC: [8] Undefined variable: seoDescription /var/www/html/paoding_gemmap/Application/Runtime/Cache/Mobile/1724b1f1b079b2a6a957bdf2135918fc.php 第 9 行.
NOTIC: [8] Undefined variable: v /var/www/html/paoding_gemmap/Application/Runtime/Cache/Mobile/1724b1f1b079b2a6a957bdf2135918fc.php 第 105 行.
NOTIC: [8] Undefined variable: others /var/www/html/paoding_gemmap/Application/Runtime/Cache/Mobile/1724b1f1b079b2a6a957bdf2135918fc.php 第 126 行.
INFO: Run Behavior\ParseTemplateBehavior [ RunTime:0.010801s ]
INFO: [ view_parse ] --END-- [ RunTime:0.010838s ]
INFO: [ view_filter ] --START--
INFO: Run Behavior\WriteHtmlCacheBehavior [ RunTime:0.000108s ]
INFO: Run Behavior\TokenBuildBehavior [ RunTime:0.000260s ]
INFO: [ view_filter ] --END-- [ RunTime:0.000466s ]
INFO: [ app_end ] --START--
INFO: Run Behavior\ShowPageTraceBehavior [ RunTime:0.000380s ]
INFO: [ app_end ] --END-- [ RunTime:0.000422s ]

[ 2017-07-24T10:56:42+08:00 ] 101.226.65.105 /index.php/mobile/Article/data_list/channel/xq
INFO: [ app_init ] --START--
INFO: Run Behavior\BuildLiteBehavior [ RunTime:0.000012s ]
INFO: [ app_init ] --END-- [ RunTime:0.000251s ]
INFO: [ app_begin ] --START--
INFO: Run Behavior\ReadHtmlCacheBehavior [ RunTime:0.000369s ]
INFO: [ app_begin ] --END-- [ RunTime:0.000412s ]
INFO: [ action_begin ] --START--
INFO: Run Home\Behaviors\siteBehavior [ RunTime:0.007708s ]
INFO: [ action_begin ] --END-- [ RunTime:0.007756s ]

[ 2017-07-24T11:04:24+08:00 ] 101.226.33.225 /index.php/mobile/Article/data_list/channel/xq
INFO: [ app_init ] --START--
INFO: Run Behavior\BuildLiteBehavior [ RunTime:0.000015s ]
INFO: [ app_init ] --END-- [ RunTime:0.000265s ]
INFO: [ app_begin ] --START--
INFO: Run Behavior\ReadHtmlCacheBehavior [ RunTime:0.000338s ]
INFO: [ app_begin ] --END-- [ RunTime:0.000381s ]
INFO: [ action_begin ] --START--
INFO: Run Home\Behaviors\siteBehavior [ RunTime:0.008598s ]
INFO: [ action_begin ] --END-- [ RunTime:0.008655s ]

[ 2017-07-24T12:42:17+08:00 ] 113.103.20.72 /index.php/mobile/Index
INFO: [ app_init ] --START--
INFO: Run Behavior\BuildLiteBehavior [ RunTime:0.000018s ]
INFO: [ app_init ] --END-- [ RunTime:0.000297s ]
INFO: [ app_begin ] --START--
INFO: Run Behavior\ReadHtmlCacheBehavior [ RunTime:0.000350s ]
INFO: [ app_begin ] --END-- [ RunTime:0.000405s ]
NOTIC: [2048] Declaration of Mobile\Controller\IndexController::error() should be compatible with Think\Controller::error($message = '', $jumpUrl = '', $ajax = false) /var/www/html/paoding_gemmap/Application/Mobile/Controller/IndexController.class.php 第 8 行.
INFO: [ action_begin ] --START--
INFO: Run Home\Behaviors\siteBehavior [ RunTime:0.009607s ]
INFO: [ action_begin ] --END-- [ RunTime:0.009660s ]
INFO: [ view_begin ] --START--
INFO: Run Home\Behaviors\testBehavior [ RunTime:0.000117s ]
INFO: [ view_begin ] --END-- [ RunTime:0.000161s ]
INFO: [ view_parse ] --START--
INFO: [ template_filter ] --START--
INFO: Run Behavior\ContentReplaceBehavior [ RunTime:0.000108s ]
INFO: [ template_filter ] --END-- [ RunTime:0.000167s ]
NOTIC: [8] Undefined variable: seoTitle /var/www/html/paoding_gemmap/Application/Runtime/Cache/Mobile/287a75ef6074c13750e3b2bdaccd2921.php 第 6 行.
NOTIC: [8] Undefined variable: seoKeywords /var/www/html/paoding_gemmap/Application/Runtime/Cache/Mobile/287a75ef6074c13750e3b2bdaccd2921.php 第 8 行.
NOTIC: [8] Undefined variable: seoDescription /var/www/html/paoding_gemmap/Application/Runtime/Cache/Mobile/287a75ef6074c13750e3b2bdaccd2921.php 第 9 行.
NOTIC: [8] Undefined variable: v /var/www/html/paoding_gemmap/Application/Runtime/Cache/Mobile/287a75ef6074c13750e3b2bdaccd2921.php 第 78 行.
INFO: Run Behavior\ParseTemplateBehavior [ RunTime:0.007680s ]
INFO: [ view_parse ] --END-- [ RunTime:0.007715s ]
INFO: [ view_filter ] --START--
INFO: Run Behavior\WriteHtmlCacheBehavior [ RunTime:0.000111s ]
INFO: Run Behavior\TokenBuildBehavior [ RunTime:0.000285s ]
INFO: [ view_filter ] --END-- [ RunTime:0.000452s ]
INFO: [ app_end ] --START--
INFO: Run Behavior\ShowPageTraceBehavior [ RunTime:0.000443s ]
INFO: [ app_end ] --END-- [ RunTime:0.000490s ]

[ 2017-07-24T12:43:33+08:00 ] 101.226.66.181 /index.php/mobile/Index
INFO: [ app_init ] --START--
INFO: Run Behavior\BuildLiteBehavior [ RunTime:0.000013s ]
INFO: [ app_init ] --END-- [ RunTime:0.000248s ]
INFO: [ app_begin ] --START--
INFO: Run Behavior\ReadHtmlCacheBehavior [ RunTime:0.000330s ]
INFO: [ app_begin ] --END-- [ RunTime:0.000374s ]
NOTIC: [2048] Declaration of Mobile\Controller\IndexController::error() should be compatible with Think\Controller::error($message = '', $jumpUrl = '', $ajax = false) /var/www/html/paoding_gemmap/Application/Mobile/Controller/IndexController.class.php 第 8 行.
INFO: [ action_begin ] --START--
INFO: Run Home\Behaviors\siteBehavior [ RunTime:0.008802s ]
INFO: [ action_begin ] --END-- [ RunTime:0.008879s ]
INFO: [ view_begin ] --START--
INFO: Run Home\Behaviors\testBehavior [ RunTime:0.000172s ]
INFO: [ view_begin ] --END-- [ RunTime:0.000217s ]
INFO: [ view_parse ] --START--
INFO: [ template_filter ] --START--
INFO: Run Behavior\ContentReplaceBehavior [ RunTime:0.000093s ]
INFO: [ template_filter ] --END-- [ RunTime:0.000144s ]
NOTIC: [8] Undefined variable: seoTitle /var/www/html/paoding_gemmap/Application/Runtime/Cache/Mobile/287a75ef6074c13750e3b2bdaccd2921.php 第 6 行.
NOTIC: [8] Undefined variable: seoKeywords /var/www/html/paoding_gemmap/Application/Runtime/Cache/Mobile/287a75ef6074c13750e3b2bdaccd2921.php 第 8 行.
NOTIC: [8] Undefined variable: seoDescription /var/www/html/paoding_gemmap/Application/Runtime/Cache/Mobile/287a75ef6074c13750e3b2bdaccd2921.php 第 9 行.
NOTIC: [8] Undefined variable: v /var/www/html/paoding_gemmap/Application/Runtime/Cache/Mobile/287a75ef6074c13750e3b2bdaccd2921.php 第 78 行.
INFO: Run Behavior\ParseTemplateBehavior [ RunTime:0.007023s ]
INFO: [ view_parse ] --END-- [ RunTime:0.007071s ]
INFO: [ view_filter ] --START--
INFO: Run Behavior\WriteHtmlCacheBehavior [ RunTime:0.000110s ]
INFO: Run Behavior\TokenBuildBehavior [ RunTime:0.000245s ]
INFO: [ view_filter ] --END-- [ RunTime:0.000409s ]
INFO: [ app_end ] --START--
INFO: Run Behavior\ShowPageTraceBehavior [ RunTime:0.000361s ]
INFO: [ app_end ] --END-- [ RunTime:0.000408s ]

[ 2017-07-24T12:53:17+08:00 ] 113.103.20.72 /index.php/mobile/Index
INFO: [ app_init ] --START--
INFO: Run Behavior\BuildLiteBehavior [ RunTime:0.000013s ]
INFO: [ app_init ] --END-- [ RunTime:0.000332s ]
INFO: [ app_begin ] --START--
INFO: Run Behavior\ReadHtmlCacheBehavior [ RunTime:0.000336s ]
INFO: [ app_begin ] --END-- [ RunTime:0.000378s ]
NOTIC: [2048] Declaration of Mobile\Controller\IndexController::error() should be compatible with Think\Controller::error($message = '', $jumpUrl = '', $ajax = false) /var/www/html/paoding_gemmap/Application/Mobile/Controller/IndexController.class.php 第 8 行.
INFO: [ action_begin ] --START--
INFO: Run Home\Behaviors\siteBehavior [ RunTime:0.009296s ]
INFO: [ action_begin ] --END-- [ RunTime:0.009347s ]
INFO: [ view_begin ] --START--
INFO: Run Home\Behaviors\testBehavior [ RunTime:0.000127s ]
INFO: [ view_begin ] --END-- [ RunTime:0.000172s ]
INFO: [ view_parse ] --START--
INFO: [ template_filter ] --START--
INFO: Run Behavior\ContentReplaceBehavior [ RunTime:0.000091s ]
INFO: [ template_filter ] --END-- [ RunTime:0.000134s ]
NOTIC: [8] Undefined variable: seoTitle /var/www/html/paoding_gemmap/Application/Runtime/Cache/Mobile/287a75ef6074c13750e3b2bdaccd2921.php 第 6 行.
NOTIC: [8] Undefined variable: seoKeywords /var/www/html/paoding_gemmap/Application/Runtime/Cache/Mobile/287a75ef6074c13750e3b2bdaccd2921.php 第 8 行.
NOTIC: [8] Undefined variable: seoDescription /var/www/html/paoding_gemmap/Application/Runtime/Cache/Mobile/287a75ef6074c13750e3b2bdaccd2921.php 第 9 行.
NOTIC: [8] Undefined variable: v /var/www/html/paoding_gemmap/Application/Runtime/Cache/Mobile/287a75ef6074c13750e3b2bdaccd2921.php 第 78 行.
INFO: Run Behavior\ParseTemplateBehavior [ RunTime:0.006512s ]
INFO: [ view_parse ] --END-- [ RunTime:0.006547s ]
INFO: [ view_filter ] --START--
INFO: Run Behavior\WriteHtmlCacheBehavior [ RunTime:0.000117s ]
INFO: Run Behavior\TokenBuildBehavior [ RunTime:0.000248s ]
INFO: [ view_filter ] --END-- [ RunTime:0.000431s ]
INFO: [ app_end ] --START--
INFO: Run Behavior\ShowPageTraceBehavior [ RunTime:0.000424s ]
INFO: [ app_end ] --END-- [ RunTime:0.000466s ]

[ 2017-07-24T12:58:33+08:00 ] 123.151.42.57 /index.php/mobile/Index
INFO: [ app_init ] --START--
INFO: Run Behavior\BuildLiteBehavior [ RunTime:0.000012s ]
INFO: [ app_init ] --END-- [ RunTime:0.000247s ]
INFO: [ app_begin ] --START--
INFO: Run Behavior\ReadHtmlCacheBehavior [ RunTime:0.000332s ]
INFO: [ app_begin ] --END-- [ RunTime:0.000375s ]
NOTIC: [2048] Declaration of Mobile\Controller\IndexController::error() should be compatible with Think\Controller::error($message = '', $jumpUrl = '', $ajax = false) /var/www/html/paoding_gemmap/Application/Mobile/Controller/IndexController.class.php 第 8 行.
INFO: [ action_begin ] --START--
INFO: Run Home\Behaviors\siteBehavior [ RunTime:0.007874s ]
INFO: [ action_begin ] --END-- [ RunTime:0.007917s ]
INFO: [ view_begin ] --START--
INFO: Run Home\Behaviors\testBehavior [ RunTime:0.000137s ]
INFO: [ view_begin ] --END-- [ RunTime:0.000181s ]
INFO: [ view_parse ] --START--
INFO: [ template_filter ] --START--
INFO: Run Behavior\ContentReplaceBehavior [ RunTime:0.000090s ]
INFO: [ template_filter ] --END-- [ RunTime:0.000131s ]
NOTIC: [8] Undefined variable: seoTitle /var/www/html/paoding_gemmap/Application/Runtime/Cache/Mobile/287a75ef6074c13750e3b2bdaccd2921.php 第 6 行.
NOTIC: [8] Undefined variable: seoKeywords /var/www/html/paoding_gemmap/Application/Runtime/Cache/Mobile/287a75ef6074c13750e3b2bdaccd2921.php 第 8 行.
NOTIC: [8] Undefined variable: seoDescription /var/www/html/paoding_gemmap/Application/Runtime/Cache/Mobile/287a75ef6074c13750e3b2bdaccd2921.php 第 9 行.
NOTIC: [8] Undefined variable: v /var/www/html/paoding_gemmap/Application/Runtime/Cache/Mobile/287a75ef6074c13750e3b2bdaccd2921.php 第 78 行.
INFO: Run Behavior\ParseTemplateBehavior [ RunTime:0.006049s ]
INFO: [ view_parse ] --END-- [ RunTime:0.006084s ]
INFO: [ view_filter ] --START--
INFO: Run Behavior\WriteHtmlCacheBehavior [ RunTime:0.000107s ]
INFO: Run Behavior\TokenBuildBehavior [ RunTime:0.000237s ]
INFO: [ view_filter ] --END-- [ RunTime:0.000399s ]
INFO: [ app_end ] --START--
INFO: Run Behavior\ShowPageTraceBehavior [ RunTime:0.000395s ]
INFO: [ app_end ] --END-- [ RunTime:0.000438s ]

[ 2017-07-24T12:59:00+08:00 ] 123.151.42.57 /index.php/Mobile/Article/data_list/channel/js/type/1/data_id/4108
INFO: [ app_init ] --START--
INFO: Run Behavior\BuildLiteBehavior [ RunTime:0.000013s ]
INFO: [ app_init ] --END-- [ RunTime:0.000246s ]
INFO: [ app_begin ] --START--
INFO: Run Behavior\ReadHtmlCacheBehavior [ RunTime:0.000366s ]
INFO: [ app_begin ] --END-- [ RunTime:0.000410s ]
INFO: [ action_begin ] --START--
INFO: Run Home\Behaviors\siteBehavior [ RunTime:0.000163s ]
INFO: [ action_begin ] --END-- [ RunTime:0.000208s ]

[ 2017-07-24T12:59:09+08:00 ] 123.151.42.57 /index.php/Mobile/Article/data_list/channel/js/type/1/data_id/4108
INFO: [ app_init ] --START--
INFO: Run Behavior\BuildLiteBehavior [ RunTime:0.000012s ]
INFO: [ app_init ] --END-- [ RunTime:0.000254s ]
INFO: [ app_begin ] --START--
INFO: Run Behavior\ReadHtmlCacheBehavior [ RunTime:0.000378s ]
INFO: [ app_begin ] --END-- [ RunTime:0.000419s ]
INFO: [ action_begin ] --START--
INFO: Run Home\Behaviors\siteBehavior [ RunTime:0.000239s ]
INFO: [ action_begin ] --END-- [ RunTime:0.000291s ]
NOTIC: [8] Undefined index: order_id /var/www/html/paoding_gemmap/Application/Mobile/Controller/ArticleController.class.php 第 24 行.
INFO: [ view_begin ] --START--
INFO: Run Home\Behaviors\testBehavior [ RunTime:0.000089s ]
INFO: [ view_begin ] --END-- [ RunTime:0.000127s ]
INFO: [ view_parse ] --START--
INFO: [ template_filter ] --START--
INFO: Run Behavior\ContentReplaceBehavior [ RunTime:0.000139s ]
INFO: [ template_filter ] --END-- [ RunTime:0.000189s ]
NOTIC: [8] Undefined variable: seoTitle /var/www/html/paoding_gemmap/Application/Runtime/Cache/Mobile/87fb9466112550b26094c6930b0d2671.php 第 6 行.
NOTIC: [8] Undefined variable: seoKeywords /var/www/html/paoding_gemmap/Application/Runtime/Cache/Mobile/87fb9466112550b26094c6930b0d2671.php 第 7 行.
NOTIC: [8] Undefined variable: seoDescription /var/www/html/paoding_gemmap/Application/Runtime/Cache/Mobile/87fb9466112550b26094c6930b0d2671.php 第 9 行.
NOTIC: [8] Undefined variable: v /var/www/html/paoding_gemmap/Application/Runtime/Cache/Mobile/87fb9466112550b26094c6930b0d2671.php 第 106 行.
NOTIC: [8] Undefined variable: others /var/www/html/paoding_gemmap/Application/Runtime/Cache/Mobile/87fb9466112550b26094c6930b0d2671.php 第 127 行.
INFO: Run Behavior\ParseTemplateBehavior [ RunTime:0.035126s ]
INFO: [ view_parse ] --END-- [ RunTime:0.035166s ]
INFO: [ view_filter ] --START--
INFO: Run Behavior\WriteHtmlCacheBehavior [ RunTime:0.000113s ]
INFO: Run Behavior\TokenBuildBehavior [ RunTime:0.000325s ]
INFO: [ view_filter ] --END-- [ RunTime:0.000495s ]
INFO: [ app_end ] --START--
INFO: Run Behavior\ShowPageTraceBehavior [ RunTime:0.000405s ]
INFO: [ app_end ] --END-- [ RunTime:0.000447s ]

[ 2017-07-24T12:59:15+08:00 ] 123.151.42.57 /index.php/Mobile/Article/detail/channel/js/type/1/data_id/4108
INFO: [ app_init ] --START--
INFO: Run Behavior\BuildLiteBehavior [ RunTime:0.000014s ]
INFO: [ app_init ] --END-- [ RunTime:0.000274s ]
INFO: [ app_begin ] --START--
INFO: Run Behavior\ReadHtmlCacheBehavior [ RunTime:0.000335s ]
INFO: [ app_begin ] --END-- [ RunTime:0.000379s ]
INFO: [ action_begin ] --START--
INFO: Run Home\Behaviors\siteBehavior [ RunTime:0.000170s ]
INFO: [ action_begin ] --END-- [ RunTime:0.000265s ]
INFO: [ view_begin ] --START--
INFO: Run Home\Behaviors\testBehavior [ RunTime:0.000135s ]
INFO: [ view_begin ] --END-- [ RunTime:0.000196s ]
INFO: [ view_parse ] --START--
INFO: [ template_filter ] --START--
INFO: Run Behavior\ContentReplaceBehavior [ RunTime:0.000126s ]
INFO: [ template_filter ] --END-- [ RunTime:0.000206s ]
NOTIC: [8] Use of undefined constant Activity - assumed 'Activity' /var/www/html/paoding_gemmap/Application/Runtime/Cache/Mobile/ed59a97ccb50d95fe1f9914625d564c5.php 第 13 行.
NOTIC: [8] Use of undefined constant Index - assumed 'Index' /var/www/html/paoding_gemmap/Application/Runtime/Cache/Mobile/ed59a97ccb50d95fe1f9914625d564c5.php 第 16 行.
NOTIC: [8] Undefined variable: fatherId /var/www/html/paoding_gemmap/Application/Runtime/Cache/Mobile/ed59a97ccb50d95fe1f9914625d564c5.php 第 227 行.
NOTIC: [8] Undefined variable: sonId /var/www/html/paoding_gemmap/Application/Runtime/Cache/Mobile/ed59a97ccb50d95fe1f9914625d564c5.php 第 228 行.
NOTIC: [8] Use of undefined constant Index - assumed 'Index' /var/www/html/paoding_gemmap/Application/Runtime/Cache/Mobile/ed59a97ccb50d95fe1f9914625d564c5.php 第 235 行.
NOTIC: [8] Use of undefined constant Science - assumed 'Science' /var/www/html/paoding_gemmap/Application/Runtime/Cache/Mobile/ed59a97ccb50d95fe1f9914625d564c5.php 第 235 行.
NOTIC: [8] Use of undefined constant Task - assumed 'Task' /var/www/html/paoding_gemmap/Application/Runtime/Cache/Mobile/ed59a97ccb50d95fe1f9914625d564c5.php 第 236 行.
NOTIC: [8] Undefined variable: ifWeChatLogin /var/www/html/paoding_gemmap/Application/Runtime/Cache/Mobile/ed59a97ccb50d95fe1f9914625d564c5.php 第 272 行.
NOTIC: [8] Undefined variable: code /var/www/html/paoding_gemmap/Application/Runtime/Cache/Mobile/ed59a97ccb50d95fe1f9914625d564c5.php 第 274 行.
NOTIC: [8] Undefined variable: mobile /var/www/html/paoding_gemmap/Application/Runtime/Cache/Mobile/ed59a97ccb50d95fe1f9914625d564c5.php 第 404 行.
INFO: Run Behavior\ParseTemplateBehavior [ RunTime:0.045465s ]
INFO: [ view_parse ] --END-- [ RunTime:0.045514s ]
INFO: [ view_filter ] --START--
INFO: Run Behavior\WriteHtmlCacheBehavior [ RunTime:0.000116s ]
INFO: Run Behavior\TokenBuildBehavior [ RunTime:0.000323s ]
INFO: [ view_filter ] --END-- [ RunTime:0.000500s ]
INFO: [ app_end ] --START--
INFO: Run Behavior\ShowPageTraceBehavior [ RunTime:0.000353s ]
INFO: [ app_end ] --END-- [ RunTime:0.000424s ]

[ 2017-07-24T13:13:30+08:00 ] 101.226.33.200 /index.php/Mobile/Article/data_list/channel/js/type/1/data_id/4108
INFO: [ app_init ] --START--
INFO: Run Behavior\BuildLiteBehavior [ RunTime:0.000013s ]
INFO: [ app_init ] --END-- [ RunTime:0.000249s ]
INFO: [ app_begin ] --START--
INFO: Run Behavior\ReadHtmlCacheBehavior [ RunTime:0.000327s ]
INFO: [ app_begin ] --END-- [ RunTime:0.000370s ]
INFO: [ action_begin ] --START--
INFO: Run Home\Behaviors\siteBehavior [ RunTime:0.007835s ]
INFO: [ action_begin ] --END-- [ RunTime:0.007925s ]

[ 2017-07-24T13:16:28+08:00 ] 101.226.33.216 /index.php/Mobile/Article/data_list/channel/js/type/1/data_id/4108
INFO: [ app_init ] --START--
INFO: Run Behavior\BuildLiteBehavior [ RunTime:0.000014s ]
INFO: [ app_init ] --END-- [ RunTime:0.000298s ]
INFO: [ app_begin ] --START--
INFO: Run Behavior\ReadHtmlCacheBehavior [ RunTime:0.000383s ]
INFO: [ app_begin ] --END-- [ RunTime:0.000426s ]
INFO: [ action_begin ] --START--
INFO: Run Home\Behaviors\siteBehavior [ RunTime:0.007946s ]
INFO: [ action_begin ] --END-- [ RunTime:0.008003s ]

[ 2017-07-24T13:23:24+08:00 ] 113.111.96.126 /index.php/mobile/Article/data_list/channel/xq
INFO: [ app_init ] --START--
INFO: Run Behavior\BuildLiteBehavior [ RunTime:0.000014s ]
INFO: [ app_init ] --END-- [ RunTime:0.000290s ]
INFO: [ app_begin ] --START--
INFO: Run Behavior\ReadHtmlCacheBehavior [ RunTime:0.000401s ]
INFO: [ app_begin ] --END-- [ RunTime:0.000446s ]
INFO: [ action_begin ] --START--
INFO: Run Home\Behaviors\siteBehavior [ RunTime:0.008239s ]
INFO: [ action_begin ] --END-- [ RunTime:0.008307s ]

[ 2017-07-24T13:33:55+08:00 ] 182.131.11.20 /index.php/mobile/Article/data_list/channel/xq
INFO: [ app_init ] --START--
INFO: Run Behavior\BuildLiteBehavior [ RunTime:0.000013s ]
INFO: [ app_init ] --END-- [ RunTime:0.000255s ]
INFO: [ app_begin ] --START--
INFO: Run Behavior\ReadHtmlCacheBehavior [ RunTime:0.000384s ]
INFO: [ app_begin ] --END-- [ RunTime:0.000434s ]
INFO: [ action_begin ] --START--
INFO: Run Home\Behaviors\siteBehavior [ RunTime:0.007949s ]
INFO: [ action_begin ] --END-- [ RunTime:0.007996s ]

[ 2017-07-24T13:34:05+08:00 ] 182.131.11.20 /index.php/mobile/Article/data_list/channel/xq
INFO: [ app_init ] --START--
INFO: Run Behavior\BuildLiteBehavior [ RunTime:0.000013s ]
INFO: [ app_init ] --END-- [ RunTime:0.000253s ]
INFO: [ app_begin ] --START--
INFO: Run Behavior\ReadHtmlCacheBehavior [ RunTime:0.000366s ]
INFO: [ app_begin ] --END-- [ RunTime:0.000424s ]
INFO: [ action_begin ] --START--
INFO: Run Home\Behaviors\siteBehavior [ RunTime:0.000222s ]
INFO: [ action_begin ] --END-- [ RunTime:0.000267s ]

[ 2017-07-24T13:34:10+08:00 ] 182.131.11.20 /index.php/mobile/Article/data_list/channel/xq
INFO: [ app_init ] --START--
INFO: Run Behavior\BuildLiteBehavior [ RunTime:0.000013s ]
INFO: [ app_init ] --END-- [ RunTime:0.000247s ]
INFO: [ app_begin ] --START--
INFO: Run Behavior\ReadHtmlCacheBehavior [ RunTime:0.000344s ]
INFO: [ app_begin ] --END-- [ RunTime:0.000395s ]
INFO: [ action_begin ] --START--
INFO: Run Home\Behaviors\siteBehavior [ RunTime:0.000217s ]
INFO: [ action_begin ] --END-- [ RunTime:0.000269s ]
NOTIC: [8] Undefined index: type /var/www/html/paoding_gemmap/Application/Mobile/Controller/ArticleController.class.php 第 21 行.
NOTIC: [8] Undefined index: order_id /var/www/html/paoding_gemmap/Application/Mobile/Controller/ArticleController.class.php 第 24 行.
INFO: [ view_begin ] --START--
INFO: Run Home\Behaviors\testBehavior [ RunTime:0.000189s ]
INFO: [ view_begin ] --END-- [ RunTime:0.000239s ]
INFO: [ view_parse ] --START--
INFO: [ template_filter ] --START--
INFO: Run Behavior\ContentReplaceBehavior [ RunTime:0.000132s ]
INFO: [ template_filter ] --END-- [ RunTime:0.000177s ]
NOTIC: [8] Undefined variable: seoTitle /var/www/html/paoding_gemmap/Application/Runtime/Cache/Mobile/1724b1f1b079b2a6a957bdf2135918fc.php 第 6 行.
NOTIC: [8] Undefined variable: seoKeywords /var/www/html/paoding_gemmap/Application/Runtime/Cache/Mobile/1724b1f1b079b2a6a957bdf2135918fc.php 第 8 行.
NOTIC: [8] Undefined variable: seoDescription /var/www/html/paoding_gemmap/Application/Runtime/Cache/Mobile/1724b1f1b079b2a6a957bdf2135918fc.php 第 9 行.
NOTIC: [8] Undefined variable: v /var/www/html/paoding_gemmap/Application/Runtime/Cache/Mobile/1724b1f1b079b2a6a957bdf2135918fc.php 第 105 行.
NOTIC: [8] Undefined variable: others /var/www/html/paoding_gemmap/Application/Runtime/Cache/Mobile/1724b1f1b079b2a6a957bdf2135918fc.php 第 126 行.
INFO: Run Behavior\ParseTemplateBehavior [ RunTime:0.010861s ]
INFO: [ view_parse ] --END-- [ RunTime:0.010899s ]
INFO: [ view_filter ] --START--
INFO: Run Behavior\WriteHtmlCacheBehavior [ RunTime:0.000112s ]
INFO: Run Behavior\TokenBuildBehavior [ RunTime:0.000280s ]
INFO: [ view_filter ] --END-- [ RunTime:0.000449s ]
INFO: [ app_end ] --START--
INFO: Run Behavior\ShowPageTraceBehavior [ RunTime:0.000421s ]
INFO: [ app_end ] --END-- [ RunTime:0.000462s ]

[ 2017-07-24T13:34:10+08:00 ] 182.131.11.20 /index.php/mobile/Article/data_list/channel/xq
INFO: [ app_init ] --START--
INFO: Run Behavior\BuildLiteBehavior [ RunTime:0.000019s ]
INFO: [ app_init ] --END-- [ RunTime:0.000322s ]
INFO: [ app_begin ] --START--
INFO: Run Behavior\ReadHtmlCacheBehavior [ RunTime:0.000336s ]
INFO: [ app_begin ] --END-- [ RunTime:0.000379s ]
INFO: [ action_begin ] --START--
INFO: Run Home\Behaviors\siteBehavior [ RunTime:0.000171s ]
INFO: [ action_begin ] --END-- [ RunTime:0.000216s ]
NOTIC: [8] Undefined index: type /var/www/html/paoding_gemmap/Application/Mobile/Controller/ArticleController.class.php 第 21 行.
NOTIC: [8] Undefined index: order_id /var/www/html/paoding_gemmap/Application/Mobile/Controller/ArticleController.class.php 第 24 行.
INFO: [ view_begin ] --START--
INFO: Run Home\Behaviors\testBehavior [ RunTime:0.000097s ]
INFO: [ view_begin ] --END-- [ RunTime:0.000139s ]
INFO: [ view_parse ] --START--
INFO: [ template_filter ] --START--
INFO: Run Behavior\ContentReplaceBehavior [ RunTime:0.000149s ]
INFO: [ template_filter ] --END-- [ RunTime:0.000198s ]
NOTIC: [8] Undefined variable: seoTitle /var/www/html/paoding_gemmap/Application/Runtime/Cache/Mobile/1724b1f1b079b2a6a957bdf2135918fc.php 第 6 行.
NOTIC: [8] Undefined variable: seoKeywords /var/www/html/paoding_gemmap/Application/Runtime/Cache/Mobile/1724b1f1b079b2a6a957bdf2135918fc.php 第 8 行.
NOTIC: [8] Undefined variable: seoDescription /var/www/html/paoding_gemmap/Application/Runtime/Cache/Mobile/1724b1f1b079b2a6a957bdf2135918fc.php 第 9 行.
NOTIC: [8] Undefined variable: v /var/www/html/paoding_gemmap/Application/Runtime/Cache/Mobile/1724b1f1b079b2a6a957bdf2135918fc.php 第 105 行.
NOTIC: [8] Undefined variable: others /var/www/html/paoding_gemmap/Application/Runtime/Cache/Mobile/1724b1f1b079b2a6a957bdf2135918fc.php 第 126 行.
INFO: Run Behavior\ParseTemplateBehavior [ RunTime:0.010432s ]
INFO: [ view_parse ] --END-- [ RunTime:0.010468s ]
INFO: [ view_filter ] --START--
INFO: Run Behavior\WriteHtmlCacheBehavior [ RunTime:0.000112s ]
INFO: Run Behavior\TokenBuildBehavior [ RunTime:0.000247s ]
INFO: [ view_filter ] --END-- [ RunTime:0.000416s ]
INFO: [ app_end ] --START--
INFO: Run Behavior\ShowPageTraceBehavior [ RunTime:0.000400s ]
INFO: [ app_end ] --END-- [ RunTime:0.000466s ]

[ 2017-07-24T13:34:37+08:00 ] 182.131.11.20 /index.php/mobile/Index
INFO: [ app_init ] --START--
INFO: Run Behavior\BuildLiteBehavior [ RunTime:0.000012s ]
INFO: [ app_init ] --END-- [ RunTime:0.000243s ]
INFO: [ app_begin ] --START--
INFO: Run Behavior\ReadHtmlCacheBehavior [ RunTime:0.000326s ]
INFO: [ app_begin ] --END-- [ RunTime:0.000368s ]
NOTIC: [2048] Declaration of Mobile\Controller\IndexController::error() should be compatible with Think\Controller::error($message = '', $jumpUrl = '', $ajax = false) /var/www/html/paoding_gemmap/Application/Mobile/Controller/IndexController.class.php 第 8 行.
INFO: [ action_begin ] --START--
INFO: Run Home\Behaviors\siteBehavior [ RunTime:0.000162s ]
INFO: [ action_begin ] --END-- [ RunTime:0.000202s ]
INFO: [ view_begin ] --START--
INFO: Run Home\Behaviors\testBehavior [ RunTime:0.000115s ]
INFO: [ view_begin ] --END-- [ RunTime:0.000160s ]
INFO: [ view_parse ] --START--
INFO: [ template_filter ] --START--
INFO: Run Behavior\ContentReplaceBehavior [ RunTime:0.000088s ]
INFO: [ template_filter ] --END-- [ RunTime:0.000131s ]
NOTIC: [8] Undefined variable: seoTitle /var/www/html/paoding_gemmap/Application/Runtime/Cache/Mobile/287a75ef6074c13750e3b2bdaccd2921.php 第 6 行.
NOTIC: [8] Undefined variable: seoKeywords /var/www/html/paoding_gemmap/Application/Runtime/Cache/Mobile/287a75ef6074c13750e3b2bdaccd2921.php 第 8 行.
NOTIC: [8] Undefined variable: seoDescription /var/www/html/paoding_gemmap/Application/Runtime/Cache/Mobile/287a75ef6074c13750e3b2bdaccd2921.php 第 9 行.
NOTIC: [8] Undefined variable: v /var/www/html/paoding_gemmap/Application/Runtime/Cache/Mobile/287a75ef6074c13750e3b2bdaccd2921.php 第 78 行.
INFO: Run Behavior\ParseTemplateBehavior [ RunTime:0.006416s ]
INFO: [ view_parse ] --END-- [ RunTime:0.006451s ]
INFO: [ view_filter ] --START--
INFO: Run Behavior\WriteHtmlCacheBehavior [ RunTime:0.000149s ]
INFO: Run Behavior\TokenBuildBehavior [ RunTime:0.000251s ]
INFO: [ view_filter ] --END-- [ RunTime:0.000457s ]
INFO: [ app_end ] --START--
INFO: Run Behavior\ShowPageTraceBehavior [ RunTime:0.000362s ]
INFO: [ app_end ] --END-- [ RunTime:0.000403s ]

[ 2017-07-24T13:34:45+08:00 ] 182.131.11.20 /index.php/mobile/Article/data_list/channel/xq
INFO: [ app_init ] --START--
INFO: Run Behavior\BuildLiteBehavior [ RunTime:0.000017s ]
INFO: [ app_init ] --END-- [ RunTime:0.000307s ]
INFO: [ app_begin ] --START--
INFO: Run Behavior\ReadHtmlCacheBehavior [ RunTime:0.000375s ]
INFO: [ app_begin ] --END-- [ RunTime:0.000418s ]
INFO: [ action_begin ] --START--
INFO: Run Home\Behaviors\siteBehavior [ RunTime:0.000166s ]
INFO: [ action_begin ] --END-- [ RunTime:0.000210s ]
NOTIC: [8] Undefined index: type /var/www/html/paoding_gemmap/Application/Mobile/Controller/ArticleController.class.php 第 21 行.
NOTIC: [8] Undefined index: order_id /var/www/html/paoding_gemmap/Application/Mobile/Controller/ArticleController.class.php 第 24 行.
INFO: [ view_begin ] --START--
INFO: Run Home\Behaviors\testBehavior [ RunTime:0.000089s ]
INFO: [ view_begin ] --END-- [ RunTime:0.000128s ]
INFO: [ view_parse ] --START--
INFO: [ template_filter ] --START--
INFO: Run Behavior\ContentReplaceBehavior [ RunTime:0.000150s ]
INFO: [ template_filter ] --END-- [ RunTime:0.000195s ]
NOTIC: [8] Undefined variable: seoTitle /var/www/html/paoding_gemmap/Application/Runtime/Cache/Mobile/1724b1f1b079b2a6a957bdf2135918fc.php 第 6 行.
NOTIC: [8] Undefined variable: seoKeywords /var/www/html/paoding_gemmap/Application/Runtime/Cache/Mobile/1724b1f1b079b2a6a957bdf2135918fc.php 第 8 行.
NOTIC: [8] Undefined variable: seoDescription /var/www/html/paoding_gemmap/Application/Runtime/Cache/Mobile/1724b1f1b079b2a6a957bdf2135918fc.php 第 9 行.
NOTIC: [8] Undefined variable: v /var/www/html/paoding_gemmap/Application/Runtime/Cache/Mobile/1724b1f1b079b2a6a957bdf2135918fc.php 第 105 行.
NOTIC: [8] Undefined variable: others /var/www/html/paoding_gemmap/Application/Runtime/Cache/Mobile/1724b1f1b079b2a6a957bdf2135918fc.php 第 126 行.
INFO: Run Behavior\ParseTemplateBehavior [ RunTime:0.010624s ]
INFO: [ view_parse ] --END-- [ RunTime:0.010665s ]
INFO: [ view_filter ] --START--
INFO: Run Behavior\WriteHtmlCacheBehavior [ RunTime:0.000108s ]
INFO: Run Behavior\TokenBuildBehavior [ RunTime:0.000262s ]
INFO: [ view_filter ] --END-- [ RunTime:0.000427s ]
INFO: [ app_end ] --START--
INFO: Run Behavior\ShowPageTraceBehavior [ RunTime:0.000404s ]
INFO: [ app_end ] --END-- [ RunTime:0.000445s ]

[ 2017-07-24T14:15:43+08:00 ] 113.108.0.15 /index.php/mobile/Index
INFO: [ app_init ] --START--
INFO: Run Behavior\BuildLiteBehavior [ RunTime:0.000013s ]
INFO: [ app_init ] --END-- [ RunTime:0.000306s ]
INFO: [ app_begin ] --START--
INFO: Run Behavior\ReadHtmlCacheBehavior [ RunTime:0.000384s ]
INFO: [ app_begin ] --END-- [ RunTime:0.000435s ]
NOTIC: [2048] Declaration of Mobile\Controller\IndexController::error() should be compatible with Think\Controller::error($message = '', $jumpUrl = '', $ajax = false) /var/www/html/paoding_gemmap/Application/Mobile/Controller/IndexController.class.php 第 8 行.
INFO: [ action_begin ] --START--
INFO: Run Home\Behaviors\siteBehavior [ RunTime:0.008140s ]
INFO: [ action_begin ] --END-- [ RunTime:0.008192s ]
INFO: [ view_begin ] --START--
INFO: Run Home\Behaviors\testBehavior [ RunTime:0.000120s ]
INFO: [ view_begin ] --END-- [ RunTime:0.000163s ]
INFO: [ view_parse ] --START--
INFO: [ template_filter ] --START--
INFO: Run Behavior\ContentReplaceBehavior [ RunTime:0.000095s ]
INFO: [ template_filter ] --END-- [ RunTime:0.000136s ]
NOTIC: [8] Undefined variable: seoTitle /var/www/html/paoding_gemmap/Application/Runtime/Cache/Mobile/287a75ef6074c13750e3b2bdaccd2921.php 第 6 行.
NOTIC: [8] Undefined variable: seoKeywords /var/www/html/paoding_gemmap/Application/Runtime/Cache/Mobile/287a75ef6074c13750e3b2bdaccd2921.php 第 8 行.
NOTIC: [8] Undefined variable: seoDescription /var/www/html/paoding_gemmap/Application/Runtime/Cache/Mobile/287a75ef6074c13750e3b2bdaccd2921.php 第 9 行.
NOTIC: [8] Undefined variable: v /var/www/html/paoding_gemmap/Application/Runtime/Cache/Mobile/287a75ef6074c13750e3b2bdaccd2921.php 第 78 行.
INFO: Run Behavior\ParseTemplateBehavior [ RunTime:0.006231s ]
INFO: [ view_parse ] --END-- [ RunTime:0.006266s ]
INFO: [ view_filter ] --START--
INFO: Run Behavior\WriteHtmlCacheBehavior [ RunTime:0.000106s ]
INFO: Run Behavior\TokenBuildBehavior [ RunTime:0.000294s ]
INFO: [ view_filter ] --END-- [ RunTime:0.000456s ]
INFO: [ app_end ] --START--
INFO: Run Behavior\ShowPageTraceBehavior [ RunTime:0.000363s ]
INFO: [ app_end ] --END-- [ RunTime:0.000407s ]

[ 2017-07-24T16:57:35+08:00 ] 123.151.139.155 /index.php/mobile/Index
INFO: [ app_init ] --START--
INFO: Run Behavior\BuildLiteBehavior [ RunTime:0.000013s ]
INFO: [ app_init ] --END-- [ RunTime:0.000266s ]
INFO: [ app_begin ] --START--
INFO: Run Behavior\ReadHtmlCacheBehavior [ RunTime:0.000388s ]
INFO: [ app_begin ] --END-- [ RunTime:0.000458s ]
NOTIC: [2048] Declaration of Mobile\Controller\IndexController::error() should be compatible with Think\Controller::error($message = '', $jumpUrl = '', $ajax = false) /var/www/html/paoding_gemmap/Application/Mobile/Controller/IndexController.class.php 第 8 行.
INFO: [ action_begin ] --START--
INFO: Run Home\Behaviors\siteBehavior [ RunTime:0.008466s ]
INFO: [ action_begin ] --END-- [ RunTime:0.008535s ]
INFO: [ view_begin ] --START--
INFO: Run Home\Behaviors\testBehavior [ RunTime:0.000122s ]
INFO: [ view_begin ] --END-- [ RunTime:0.000167s ]
INFO: [ view_parse ] --START--
INFO: [ template_filter ] --START--
INFO: Run Behavior\ContentReplaceBehavior [ RunTime:0.000120s ]
INFO: [ template_filter ] --END-- [ RunTime:0.000166s ]
NOTIC: [8] Undefined variable: seoTitle /var/www/html/paoding_gemmap/Application/Runtime/Cache/Mobile/287a75ef6074c13750e3b2bdaccd2921.php 第 6 行.
NOTIC: [8] Undefined variable: seoKeywords /var/www/html/paoding_gemmap/Application/Runtime/Cache/Mobile/287a75ef6074c13750e3b2bdaccd2921.php 第 8 行.
NOTIC: [8] Undefined variable: seoDescription /var/www/html/paoding_gemmap/Application/Runtime/Cache/Mobile/287a75ef6074c13750e3b2bdaccd2921.php 第 9 行.
NOTIC: [8] Undefined variable: v /var/www/html/paoding_gemmap/Application/Runtime/Cache/Mobile/287a75ef6074c13750e3b2bdaccd2921.php 第 78 行.
INFO: Run Behavior\ParseTemplateBehavior [ RunTime:0.006423s ]
INFO: [ view_parse ] --END-- [ RunTime:0.006458s ]
INFO: [ view_filter ] --START--
INFO: Run Behavior\WriteHtmlCacheBehavior [ RunTime:0.000126s ]
INFO: Run Behavior\TokenBuildBehavior [ RunTime:0.000303s ]
INFO: [ view_filter ] --END-- [ RunTime:0.000489s ]
INFO: [ app_end ] --START--
INFO: Run Behavior\ShowPageTraceBehavior [ RunTime:0.000356s ]
INFO: [ app_end ] --END-- [ RunTime:0.000419s ]

[ 2017-07-24T16:57:47+08:00 ] 123.151.139.155 /index.php/Mobile/Article/data_list/channel/js/type/1/data_id/4109
INFO: [ app_init ] --START--
INFO: Run Behavior\BuildLiteBehavior [ RunTime:0.000013s ]
INFO: [ app_init ] --END-- [ RunTime:0.000290s ]
INFO: [ app_begin ] --START--
INFO: Run Behavior\ReadHtmlCacheBehavior [ RunTime:0.000367s ]
INFO: [ app_begin ] --END-- [ RunTime:0.000409s ]
INFO: [ action_begin ] --START--
INFO: Run Home\Behaviors\siteBehavior [ RunTime:0.000160s ]
INFO: [ action_begin ] --END-- [ RunTime:0.000204s ]

[ 2017-07-24T16:57:58+08:00 ] 101.226.33.201 /index.php/Mobile/Article/data_list/channel/js/type/1/data_id/4109
INFO: [ app_init ] --START--
INFO: Run Behavior\BuildLiteBehavior [ RunTime:0.000012s ]
INFO: [ app_init ] --END-- [ RunTime:0.000246s ]
INFO: [ app_begin ] --START--
INFO: Run Behavior\ReadHtmlCacheBehavior [ RunTime:0.000359s ]
INFO: [ app_begin ] --END-- [ RunTime:0.000418s ]
INFO: [ action_begin ] --START--
INFO: Run Home\Behaviors\siteBehavior [ RunTime:0.008471s ]
INFO: [ action_begin ] --END-- [ RunTime:0.008522s ]

[ 2017-07-24T17:13:46+08:00 ] 123.151.153.35 /index.php/mobile/Index
INFO: [ app_init ] --START--
INFO: Run Behavior\BuildLiteBehavior [ RunTime:0.000012s ]
INFO: [ app_init ] --END-- [ RunTime:0.000244s ]
INFO: [ app_begin ] --START--
INFO: Run Behavior\ReadHtmlCacheBehavior [ RunTime:0.000326s ]
INFO: [ app_begin ] --END-- [ RunTime:0.000371s ]
NOTIC: [2048] Declaration of Mobile\Controller\IndexController::error() should be compatible with Think\Controller::error($message = '', $jumpUrl = '', $ajax = false) /var/www/html/paoding_gemmap/Application/Mobile/Controller/IndexController.class.php 第 8 行.
INFO: [ action_begin ] --START--
INFO: Run Home\Behaviors\siteBehavior [ RunTime:0.008175s ]
INFO: [ action_begin ] --END-- [ RunTime:0.008228s ]
INFO: [ view_begin ] --START--
INFO: Run Home\Behaviors\testBehavior [ RunTime:0.000120s ]
INFO: [ view_begin ] --END-- [ RunTime:0.000163s ]
INFO: [ view_parse ] --START--
INFO: [ template_filter ] --START--
INFO: Run Behavior\ContentReplaceBehavior [ RunTime:0.000088s ]
INFO: [ template_filter ] --END-- [ RunTime:0.000132s ]
NOTIC: [8] Undefined variable: seoTitle /var/www/html/paoding_gemmap/Application/Runtime/Cache/Mobile/287a75ef6074c13750e3b2bdaccd2921.php 第 6 行.
NOTIC: [8] Undefined variable: seoKeywords /var/www/html/paoding_gemmap/Application/Runtime/Cache/Mobile/287a75ef6074c13750e3b2bdaccd2921.php 第 8 行.
NOTIC: [8] Undefined variable: seoDescription /var/www/html/paoding_gemmap/Application/Runtime/Cache/Mobile/287a75ef6074c13750e3b2bdaccd2921.php 第 9 行.
NOTIC: [8] Undefined variable: v /var/www/html/paoding_gemmap/Application/Runtime/Cache/Mobile/287a75ef6074c13750e3b2bdaccd2921.php 第 78 行.
INFO: Run Behavior\ParseTemplateBehavior [ RunTime:0.006604s ]
INFO: [ view_parse ] --END-- [ RunTime:0.006639s ]
INFO: [ view_filter ] --START--
INFO: Run Behavior\WriteHtmlCacheBehavior [ RunTime:0.000103s ]
INFO: Run Behavior\TokenBuildBehavior [ RunTime:0.000236s ]
INFO: [ view_filter ] --END-- [ RunTime:0.000437s ]
INFO: [ app_end ] --START--
INFO: Run Behavior\ShowPageTraceBehavior [ RunTime:0.000444s ]
INFO: [ app_end ] --END-- [ RunTime:0.000485s ]

[ 2017-07-24T17:13:57+08:00 ] 123.151.153.35 /index.php/Mobile/Article/data_list/channel/xq
INFO: [ app_init ] --START--
INFO: Run Behavior\BuildLiteBehavior [ RunTime:0.000013s ]
INFO: [ app_init ] --END-- [ RunTime:0.000251s ]
INFO: [ app_begin ] --START--
INFO: Run Behavior\ReadHtmlCacheBehavior [ RunTime:0.000375s ]
INFO: [ app_begin ] --END-- [ RunTime:0.000418s ]
INFO: [ action_begin ] --START--
INFO: Run Home\Behaviors\siteBehavior [ RunTime:0.000164s ]
INFO: [ action_begin ] --END-- [ RunTime:0.000209s ]

[ 2017-07-24T17:14:01+08:00 ] 123.151.153.35 /index.php/Mobile/Article/data_list/channel/xq
INFO: [ app_init ] --START--
INFO: Run Behavior\BuildLiteBehavior [ RunTime:0.000013s ]
INFO: [ app_init ] --END-- [ RunTime:0.000244s ]
INFO: [ app_begin ] --START--
INFO: Run Behavior\ReadHtmlCacheBehavior [ RunTime:0.000330s ]
INFO: [ app_begin ] --END-- [ RunTime:0.000373s ]
INFO: [ action_begin ] --START--
INFO: Run Home\Behaviors\siteBehavior [ RunTime:0.000168s ]
INFO: [ action_begin ] --END-- [ RunTime:0.000212s ]
NOTIC: [8] Undefined index: type /var/www/html/paoding_gemmap/Application/Mobile/Controller/ArticleController.class.php 第 21 行.
NOTIC: [8] Undefined index: order_id /var/www/html/paoding_gemmap/Application/Mobile/Controller/ArticleController.class.php 第 24 行.
INFO: [ view_begin ] --START--
INFO: Run Home\Behaviors\testBehavior [ RunTime:0.000088s ]
INFO: [ view_begin ] --END-- [ RunTime:0.000126s ]
INFO: [ view_parse ] --START--
INFO: [ template_filter ] --START--
INFO: Run Behavior\ContentReplaceBehavior [ RunTime:0.000134s ]
INFO: [ template_filter ] --END-- [ RunTime:0.000178s ]
NOTIC: [8] Undefined variable: seoTitle /var/www/html/paoding_gemmap/Application/Runtime/Cache/Mobile/1724b1f1b079b2a6a957bdf2135918fc.php 第 6 行.
NOTIC: [8] Undefined variable: seoKeywords /var/www/html/paoding_gemmap/Application/Runtime/Cache/Mobile/1724b1f1b079b2a6a957bdf2135918fc.php 第 8 行.
NOTIC: [8] Undefined variable: seoDescription /var/www/html/paoding_gemmap/Application/Runtime/Cache/Mobile/1724b1f1b079b2a6a957bdf2135918fc.php 第 9 行.
NOTIC: [8] Undefined variable: v /var/www/html/paoding_gemmap/Application/Runtime/Cache/Mobile/1724b1f1b079b2a6a957bdf2135918fc.php 第 105 行.
NOTIC: [8] Undefined variable: others /var/www/html/paoding_gemmap/Application/Runtime/Cache/Mobile/1724b1f1b079b2a6a957bdf2135918fc.php 第 126 行.
INFO: Run Behavior\ParseTemplateBehavior [ RunTime:0.010317s ]
INFO: [ view_parse ] --END-- [ RunTime:0.010353s ]
INFO: [ view_filter ] --START--
INFO: Run Behavior\WriteHtmlCacheBehavior [ RunTime:0.000107s ]
INFO: Run Behavior\TokenBuildBehavior [ RunTime:0.000249s ]
INFO: [ view_filter ] --END-- [ RunTime:0.000410s ]
INFO: [ app_end ] --START--
INFO: Run Behavior\ShowPageTraceBehavior [ RunTime:0.000362s ]
INFO: [ app_end ] --END-- [ RunTime:0.000460s ]

[ 2017-07-24T17:14:07+08:00 ] 123.151.153.35 /index.php/Mobile/User/user_center
INFO: [ app_init ] --START--
INFO: Run Behavior\BuildLiteBehavior [ RunTime:0.000013s ]
INFO: [ app_init ] --END-- [ RunTime:0.000289s ]
INFO: [ app_begin ] --START--
INFO: Run Behavior\ReadHtmlCacheBehavior [ RunTime:0.000367s ]
INFO: [ app_begin ] --END-- [ RunTime:0.000410s ]
INFO: [ action_begin ] --START--
INFO: Run Home\Behaviors\siteBehavior [ RunTime:0.000164s ]
INFO: [ action_begin ] --END-- [ RunTime:0.000210s ]
INFO: [ view_begin ] --START--
INFO: Run Home\Behaviors\testBehavior [ RunTime:0.000089s ]
INFO: [ view_begin ] --END-- [ RunTime:0.000135s ]
INFO: [ view_parse ] --START--
INFO: [ template_filter ] --START--
INFO: Run Behavior\ContentReplaceBehavior [ RunTime:0.000071s ]
INFO: [ template_filter ] --END-- [ RunTime:0.000114s ]
NOTIC: [8] Undefined variable: seoTitle /var/www/html/paoding_gemmap/Application/Runtime/Cache/Mobile/f080998a8e083aa14aa33f0e3c4bb333.php 第 7 行.
NOTIC: [8] Undefined variable: seoKeywords /var/www/html/paoding_gemmap/Application/Runtime/Cache/Mobile/f080998a8e083aa14aa33f0e3c4bb333.php 第 8 行.
NOTIC: [8] Undefined variable: seoDescription /var/www/html/paoding_gemmap/Application/Runtime/Cache/Mobile/f080998a8e083aa14aa33f0e3c4bb333.php 第 10 行.
INFO: Run Behavior\ParseTemplateBehavior [ RunTime:0.017272s ]
INFO: [ view_parse ] --END-- [ RunTime:0.017308s ]
INFO: [ view_filter ] --START--
INFO: Run Behavior\WriteHtmlCacheBehavior [ RunTime:0.000105s ]
INFO: Run Behavior\TokenBuildBehavior [ RunTime:0.000217s ]
INFO: [ view_filter ] --END-- [ RunTime:0.000375s ]
INFO: [ app_end ] --START--
INFO: Run Behavior\ShowPageTraceBehavior [ RunTime:0.000380s ]
INFO: [ app_end ] --END-- [ RunTime:0.000418s ]

[ 2017-07-24T21:03:42+08:00 ] 14.17.37.161 /index.php/mobile/Index
INFO: [ app_init ] --START--
INFO: Run Behavior\BuildLiteBehavior [ RunTime:0.000012s ]
INFO: [ app_init ] --END-- [ RunTime:0.000246s ]
INFO: [ app_begin ] --START--
INFO: Run Behavior\ReadHtmlCacheBehavior [ RunTime:0.000335s ]
INFO: [ app_begin ] --END-- [ RunTime:0.000378s ]
NOTIC: [2048] Declaration of Mobile\Controller\IndexController::error() should be compatible with Think\Controller::error($message = '', $jumpUrl = '', $ajax = false) /var/www/html/paoding_gemmap/Application/Mobile/Controller/IndexController.class.php 第 8 行.
INFO: [ action_begin ] --START--
INFO: Run Home\Behaviors\siteBehavior [ RunTime:0.008869s ]
INFO: [ action_begin ] --END-- [ RunTime:0.008930s ]
INFO: [ view_begin ] --START--
INFO: Run Home\Behaviors\testBehavior [ RunTime:0.000099s ]
INFO: [ view_begin ] --END-- [ RunTime:0.000142s ]
INFO: [ view_parse ] --START--
INFO: [ template_filter ] --START--
INFO: Run Behavior\ContentReplaceBehavior [ RunTime:0.000115s ]
INFO: [ template_filter ] --END-- [ RunTime:0.000171s ]
NOTIC: [8] Undefined variable: seoTitle /var/www/html/paoding_gemmap/Application/Runtime/Cache/Mobile/287a75ef6074c13750e3b2bdaccd2921.php 第 6 行.
NOTIC: [8] Undefined variable: seoKeywords /var/www/html/paoding_gemmap/Application/Runtime/Cache/Mobile/287a75ef6074c13750e3b2bdaccd2921.php 第 8 行.
NOTIC: [8] Undefined variable: seoDescription /var/www/html/paoding_gemmap/Application/Runtime/Cache/Mobile/287a75ef6074c13750e3b2bdaccd2921.php 第 9 行.
NOTIC: [8] Undefined variable: v /var/www/html/paoding_gemmap/Application/Runtime/Cache/Mobile/287a75ef6074c13750e3b2bdaccd2921.php 第 78 行.
INFO: Run Behavior\ParseTemplateBehavior [ RunTime:0.006652s ]
INFO: [ view_parse ] --END-- [ RunTime:0.006687s ]
INFO: [ view_filter ] --START--
INFO: Run Behavior\WriteHtmlCacheBehavior [ RunTime:0.000108s ]
INFO: Run Behavior\TokenBuildBehavior [ RunTime:0.000280s ]
INFO: [ view_filter ] --END-- [ RunTime:0.000502s ]
INFO: [ app_end ] --START--
INFO: Run Behavior\ShowPageTraceBehavior [ RunTime:0.000380s ]
INFO: [ app_end ] --END-- [ RunTime:0.000435s ]

[ 2017-07-24T21:03:58+08:00 ] 14.17.37.161 /index.php/Mobile/Article/data_list/channel/js
INFO: [ app_init ] --START--
INFO: Run Behavior\BuildLiteBehavior [ RunTime:0.000018s ]
INFO: [ app_init ] --END-- [ RunTime:0.000294s ]
INFO: [ app_begin ] --START--
INFO: Run Behavior\ReadHtmlCacheBehavior [ RunTime:0.000353s ]
INFO: [ app_begin ] --END-- [ RunTime:0.000403s ]
INFO: [ action_begin ] --START--
INFO: Run Home\Behaviors\siteBehavior [ RunTime:0.000231s ]
INFO: [ action_begin ] --END-- [ RunTime:0.000282s ]

[ 2017-07-24T21:04:03+08:00 ] 14.17.3.122 /index.php/Mobile/Article/data_list/channel/js
INFO: [ app_init ] --START--
INFO: Run Behavior\BuildLiteBehavior [ RunTime:0.000016s ]
INFO: [ app_init ] --END-- [ RunTime:0.000306s ]
INFO: [ app_begin ] --START--
INFO: Run Behavior\ReadHtmlCacheBehavior [ RunTime:0.000389s ]
INFO: [ app_begin ] --END-- [ RunTime:0.000433s ]
INFO: [ action_begin ] --START--
INFO: Run Home\Behaviors\siteBehavior [ RunTime:0.000167s ]
INFO: [ action_begin ] --END-- [ RunTime:0.000211s ]
NOTIC: [8] Undefined index: type /var/www/html/paoding_gemmap/Application/Mobile/Controller/ArticleController.class.php 第 21 行.
NOTIC: [8] Undefined index: order_id /var/www/html/paoding_gemmap/Application/Mobile/Controller/ArticleController.class.php 第 24 行.
INFO: [ view_begin ] --START--
INFO: Run Home\Behaviors\testBehavior [ RunTime:0.000125s ]
INFO: [ view_begin ] --END-- [ RunTime:0.000173s ]
INFO: [ view_parse ] --START--
INFO: [ template_filter ] --START--
INFO: Run Behavior\ContentReplaceBehavior [ RunTime:0.000225s ]
INFO: [ template_filter ] --END-- [ RunTime:0.000306s ]
NOTIC: [8] Undefined variable: seoTitle /var/www/html/paoding_gemmap/Application/Runtime/Cache/Mobile/87fb9466112550b26094c6930b0d2671.php 第 6 行.
NOTIC: [8] Undefined variable: seoKeywords /var/www/html/paoding_gemmap/Application/Runtime/Cache/Mobile/87fb9466112550b26094c6930b0d2671.php 第 7 行.
NOTIC: [8] Undefined variable: seoDescription /var/www/html/paoding_gemmap/Application/Runtime/Cache/Mobile/87fb9466112550b26094c6930b0d2671.php 第 9 行.
NOTIC: [8] Undefined variable: v /var/www/html/paoding_gemmap/Application/Runtime/Cache/Mobile/87fb9466112550b26094c6930b0d2671.php 第 106 行.
NOTIC: [8] Undefined variable: others /var/www/html/paoding_gemmap/Application/Runtime/Cache/Mobile/87fb9466112550b26094c6930b0d2671.php 第 127 行.
INFO: Run Behavior\ParseTemplateBehavior [ RunTime:0.010960s ]
INFO: [ view_parse ] --END-- [ RunTime:0.011009s ]
INFO: [ view_filter ] --START--
INFO: Run Behavior\WriteHtmlCacheBehavior [ RunTime:0.000192s ]
INFO: Run Behavior\TokenBuildBehavior [ RunTime:0.000339s ]
INFO: [ view_filter ] --END-- [ RunTime:0.000593s ]
INFO: [ app_end ] --START--
INFO: Run Behavior\ShowPageTraceBehavior [ RunTime:0.000490s ]
INFO: [ app_end ] --END-- [ RunTime:0.000551s ]

[ 2017-07-24T21:04:28+08:00 ] 14.17.37.161 /index.php/Mobile/Article/detail/channel/js/type/1/data_id/4109
INFO: [ app_init ] --START--
INFO: Run Behavior\BuildLiteBehavior [ RunTime:0.000013s ]
INFO: [ app_init ] --END-- [ RunTime:0.000255s ]
INFO: [ app_begin ] --START--
INFO: Run Behavior\ReadHtmlCacheBehavior [ RunTime:0.000331s ]
INFO: [ app_begin ] --END-- [ RunTime:0.000373s ]
INFO: [ action_begin ] --START--
INFO: Run Home\Behaviors\siteBehavior [ RunTime:0.000164s ]
INFO: [ action_begin ] --END-- [ RunTime:0.000208s ]
INFO: [ view_begin ] --START--
INFO: Run Home\Behaviors\testBehavior [ RunTime:0.000118s ]
INFO: [ view_begin ] --END-- [ RunTime:0.000189s ]
INFO: [ view_parse ] --START--
INFO: [ template_filter ] --START--
INFO: Run Behavior\ContentReplaceBehavior [ RunTime:0.000114s ]
INFO: [ template_filter ] --END-- [ RunTime:0.000161s ]
NOTIC: [8] Use of undefined constant Activity - assumed 'Activity' /var/www/html/paoding_gemmap/Application/Runtime/Cache/Mobile/ed59a97ccb50d95fe1f9914625d564c5.php 第 13 行.
NOTIC: [8] Use of undefined constant Index - assumed 'Index' /var/www/html/paoding_gemmap/Application/Runtime/Cache/Mobile/ed59a97ccb50d95fe1f9914625d564c5.php 第 16 行.
NOTIC: [8] Undefined variable: fatherId /var/www/html/paoding_gemmap/Application/Runtime/Cache/Mobile/ed59a97ccb50d95fe1f9914625d564c5.php 第 227 行.
NOTIC: [8] Undefined variable: sonId /var/www/html/paoding_gemmap/Application/Runtime/Cache/Mobile/ed59a97ccb50d95fe1f9914625d564c5.php 第 228 行.
NOTIC: [8] Use of undefined constant Index - assumed 'Index' /var/www/html/paoding_gemmap/Application/Runtime/Cache/Mobile/ed59a97ccb50d95fe1f9914625d564c5.php 第 235 行.
NOTIC: [8] Use of undefined constant Science - assumed 'Science' /var/www/html/paoding_gemmap/Application/Runtime/Cache/Mobile/ed59a97ccb50d95fe1f9914625d564c5.php 第 235 行.
NOTIC: [8] Use of undefined constant Task - assumed 'Task' /var/www/html/paoding_gemmap/Application/Runtime/Cache/Mobile/ed59a97ccb50d95fe1f9914625d564c5.php 第 236 行.
NOTIC: [8] Undefined variable: ifWeChatLogin /var/www/html/paoding_gemmap/Application/Runtime/Cache/Mobile/ed59a97ccb50d95fe1f9914625d564c5.php 第 272 行.
NOTIC: [8] Undefined variable: code /var/www/html/paoding_gemmap/Application/Runtime/Cache/Mobile/ed59a97ccb50d95fe1f9914625d564c5.php 第 274 行.
NOTIC: [8] Undefined variable: mobile /var/www/html/paoding_gemmap/Application/Runtime/Cache/Mobile/ed59a97ccb50d95fe1f9914625d564c5.php 第 404 行.
INFO: Run Behavior\ParseTemplateBehavior [ RunTime:0.008889s ]
INFO: [ view_parse ] --END-- [ RunTime:0.008926s ]
INFO: [ view_filter ] --START--
INFO: Run Behavior\WriteHtmlCacheBehavior [ RunTime:0.000114s ]
INFO: Run Behavior\TokenBuildBehavior [ RunTime:0.000315s ]
INFO: [ view_filter ] --END-- [ RunTime:0.000486s ]
INFO: [ app_end ] --START--
INFO: Run Behavior\ShowPageTraceBehavior [ RunTime:0.000379s ]
INFO: [ app_end ] --END-- [ RunTime:0.000422s ]

[ 2017-07-24T21:05:02+08:00 ] 101.226.125.104 /index.php/Mobile/Article/detail/channel/js/type/1/data_id/4109
INFO: [ app_init ] --START--
INFO: Run Behavior\BuildLiteBehavior [ RunTime:0.000013s ]
INFO: [ app_init ] --END-- [ RunTime:0.000347s ]
INFO: [ app_begin ] --START--
INFO: Run Behavior\ReadHtmlCacheBehavior [ RunTime:0.000393s ]
INFO: [ app_begin ] --END-- [ RunTime:0.000445s ]
INFO: [ action_begin ] --START--
INFO: Run Home\Behaviors\siteBehavior [ RunTime:0.008020s ]
INFO: [ action_begin ] --END-- [ RunTime:0.008067s ]

[ 2017-07-24T21:05:42+08:00 ] 14.17.37.161 /index.php/Mobile/Article/data_list/channel/js/type/1/data_id/4107
INFO: [ app_init ] --START--
INFO: Run Behavior\BuildLiteBehavior [ RunTime:0.000013s ]
INFO: [ app_init ] --END-- [ RunTime:0.000301s ]
INFO: [ app_begin ] --START--
INFO: Run Behavior\ReadHtmlCacheBehavior [ RunTime:0.000377s ]
INFO: [ app_begin ] --END-- [ RunTime:0.000419s ]
INFO: [ action_begin ] --START--
INFO: Run Home\Behaviors\siteBehavior [ RunTime:0.000161s ]
INFO: [ action_begin ] --END-- [ RunTime:0.000206s ]
NOTIC: [8] Undefined index: order_id /var/www/html/paoding_gemmap/Application/Mobile/Controller/ArticleController.class.php 第 24 行.
INFO: [ view_begin ] --START--
INFO: Run Home\Behaviors\testBehavior [ RunTime:0.000097s ]
INFO: [ view_begin ] --END-- [ RunTime:0.000139s ]
INFO: [ view_parse ] --START--
INFO: [ template_filter ] --START--
INFO: Run Behavior\ContentReplaceBehavior [ RunTime:0.000131s ]
INFO: [ template_filter ] --END-- [ RunTime:0.000175s ]
NOTIC: [8] Undefined variable: seoTitle /var/www/html/paoding_gemmap/Application/Runtime/Cache/Mobile/87fb9466112550b26094c6930b0d2671.php 第 6 行.
NOTIC: [8] Undefined variable: seoKeywords /var/www/html/paoding_gemmap/Application/Runtime/Cache/Mobile/87fb9466112550b26094c6930b0d2671.php 第 7 行.
NOTIC: [8] Undefined variable: seoDescription /var/www/html/paoding_gemmap/Application/Runtime/Cache/Mobile/87fb9466112550b26094c6930b0d2671.php 第 9 行.
NOTIC: [8] Undefined variable: v /var/www/html/paoding_gemmap/Application/Runtime/Cache/Mobile/87fb9466112550b26094c6930b0d2671.php 第 106 行.
NOTIC: [8] Undefined variable: others /var/www/html/paoding_gemmap/Application/Runtime/Cache/Mobile/87fb9466112550b26094c6930b0d2671.php 第 127 行.
INFO: Run Behavior\ParseTemplateBehavior [ RunTime:0.010031s ]
INFO: [ view_parse ] --END-- [ RunTime:0.010067s ]
INFO: [ view_filter ] --START--
INFO: Run Behavior\WriteHtmlCacheBehavior [ RunTime:0.000173s ]
INFO: Run Behavior\TokenBuildBehavior [ RunTime:0.000305s ]
INFO: [ view_filter ] --END-- [ RunTime:0.000535s ]
INFO: [ app_end ] --START--
INFO: Run Behavior\ShowPageTraceBehavior [ RunTime:0.000367s ]
INFO: [ app_end ] --END-- [ RunTime:0.000408s ]

[ 2017-07-24T21:05:52+08:00 ] 180.163.1.46 /index.php/Mobile/Article/data_list/channel/js/type/1/data_id/4107
INFO: [ app_init ] --START--
INFO: Run Behavior\BuildLiteBehavior [ RunTime:0.000013s ]
INFO: [ app_init ] --END-- [ RunTime:0.000249s ]
INFO: [ app_begin ] --START--
INFO: Run Behavior\ReadHtmlCacheBehavior [ RunTime:0.000333s ]
INFO: [ app_begin ] --END-- [ RunTime:0.000376s ]
INFO: [ action_begin ] --START--
INFO: Run Home\Behaviors\siteBehavior [ RunTime:0.009349s ]
INFO: [ action_begin ] --END-- [ RunTime:0.009399s ]

[ 2017-07-24T21:44:07+08:00 ] 123.151.153.35 /index.php/mobile/Index
INFO: [ app_init ] --START--
INFO: Run Behavior\BuildLiteBehavior [ RunTime:0.000017s ]
INFO: [ app_init ] --END-- [ RunTime:0.000271s ]
INFO: [ app_begin ] --START--
INFO: Run Behavior\ReadHtmlCacheBehavior [ RunTime:0.000315s ]
INFO: [ app_begin ] --END-- [ RunTime:0.000356s ]
NOTIC: [2048] Declaration of Mobile\Controller\IndexController::error() should be compatible with Think\Controller::error($message = '', $jumpUrl = '', $ajax = false) /var/www/html/paoding_gemmap/Application/Mobile/Controller/IndexController.class.php 第 8 行.
INFO: [ action_begin ] --START--
INFO: Run Home\Behaviors\siteBehavior [ RunTime:0.024815s ]
INFO: [ action_begin ] --END-- [ RunTime:0.024864s ]
INFO: [ view_begin ] --START--
INFO: Run Home\Behaviors\testBehavior [ RunTime:0.000100s ]
INFO: [ view_begin ] --END-- [ RunTime:0.000154s ]
INFO: [ view_parse ] --START--
INFO: [ template_filter ] --START--
INFO: Run Behavior\ContentReplaceBehavior [ RunTime:0.000095s ]
INFO: [ template_filter ] --END-- [ RunTime:0.000145s ]
NOTIC: [8] Undefined variable: seoTitle /var/www/html/paoding_gemmap/Application/Runtime/Cache/Mobile/287a75ef6074c13750e3b2bdaccd2921.php 第 6 行.
NOTIC: [8] Undefined variable: seoKeywords /var/www/html/paoding_gemmap/Application/Runtime/Cache/Mobile/287a75ef6074c13750e3b2bdaccd2921.php 第 8 行.
NOTIC: [8] Undefined variable: seoDescription /var/www/html/paoding_gemmap/Application/Runtime/Cache/Mobile/287a75ef6074c13750e3b2bdaccd2921.php 第 9 行.
NOTIC: [8] Undefined variable: v /var/www/html/paoding_gemmap/Application/Runtime/Cache/Mobile/287a75ef6074c13750e3b2bdaccd2921.php 第 78 行.
INFO: Run Behavior\ParseTemplateBehavior [ RunTime:0.021366s ]
INFO: [ view_parse ] --END-- [ RunTime:0.021415s ]
INFO: [ view_filter ] --START--
INFO: Run Behavior\WriteHtmlCacheBehavior [ RunTime:0.000124s ]
INFO: Run Behavior\TokenBuildBehavior [ RunTime:0.006259s ]
INFO: [ view_filter ] --END-- [ RunTime:0.006459s ]
INFO: [ app_end ] --START--
INFO: Run Behavior\ShowPageTraceBehavior [ RunTime:0.000389s ]
INFO: [ app_end ] --END-- [ RunTime:0.000448s ]

