[ 2017-07-21T04:08:52+08:00 ] 101.226.233.149 /index.php/mobile/Index
INFO: [ app_init ] --START--
INFO: Run Behavior\BuildLiteBehavior [ RunTime:0.000012s ]
INFO: [ app_init ] --END-- [ RunTime:0.000255s ]
INFO: [ app_begin ] --START--
INFO: Run Behavior\ReadHtmlCacheBehavior [ RunTime:0.000333s ]
INFO: [ app_begin ] --END-- [ RunTime:0.000375s ]
NOTIC: [2048] Declaration of Mobile\Controller\IndexController::error() should be compatible with Think\Controller::error($message = '', $jumpUrl = '', $ajax = false) /var/www/html/paoding_gemmap/Application/Mobile/Controller/IndexController.class.php 第 8 行.
INFO: [ action_begin ] --START--
INFO: Run Home\Behaviors\siteBehavior [ RunTime:0.007675s ]
INFO: [ action_begin ] --END-- [ RunTime:0.007719s ]
INFO: [ view_begin ] --START--
INFO: Run Home\Behaviors\testBehavior [ RunTime:0.000135s ]
INFO: [ view_begin ] --END-- [ RunTime:0.000178s ]
INFO: [ view_parse ] --START--
INFO: [ template_filter ] --START--
INFO: Run Behavior\ContentReplaceBehavior [ RunTime:0.000090s ]
INFO: [ template_filter ] --END-- [ RunTime:0.000132s ]
NOTIC: [8] Undefined variable: seoTitle /var/www/html/paoding_gemmap/Application/Runtime/Cache/Mobile/287a75ef6074c13750e3b2bdaccd2921.php 第 6 行.
NOTIC: [8] Undefined variable: seoKeywords /var/www/html/paoding_gemmap/Application/Runtime/Cache/Mobile/287a75ef6074c13750e3b2bdaccd2921.php 第 8 行.
NOTIC: [8] Undefined variable: seoDescription /var/www/html/paoding_gemmap/Application/Runtime/Cache/Mobile/287a75ef6074c13750e3b2bdaccd2921.php 第 9 行.
NOTIC: [8] Undefined variable: v /var/www/html/paoding_gemmap/Application/Runtime/Cache/Mobile/287a75ef6074c13750e3b2bdaccd2921.php 第 78 行.
INFO: Run Behavior\ParseTemplateBehavior [ RunTime:0.006151s ]
INFO: [ view_parse ] --END-- [ RunTime:0.006186s ]
INFO: [ view_filter ] --START--
INFO: Run Behavior\WriteHtmlCacheBehavior [ RunTime:0.000107s ]
INFO: Run Behavior\TokenBuildBehavior [ RunTime:0.000237s ]
INFO: [ view_filter ] --END-- [ RunTime:0.000398s ]
INFO: [ app_end ] --START--
INFO: Run Behavior\ShowPageTraceBehavior [ RunTime:0.000402s ]
INFO: [ app_end ] --END-- [ RunTime:0.000442s ]

[ 2017-07-21T04:08:52+08:00 ] 101.226.233.153 /index.php/mobile/Article/data_list/channel/xq
INFO: [ app_init ] --START--
INFO: Run Behavior\BuildLiteBehavior [ RunTime:0.000012s ]
INFO: [ app_init ] --END-- [ RunTime:0.000250s ]
INFO: [ app_begin ] --START--
INFO: Run Behavior\ReadHtmlCacheBehavior [ RunTime:0.000328s ]
INFO: [ app_begin ] --END-- [ RunTime:0.000372s ]
INFO: [ action_begin ] --START--
INFO: Run Home\Behaviors\siteBehavior [ RunTime:0.007831s ]
INFO: [ action_begin ] --END-- [ RunTime:0.007881s ]
NOTIC: [8] Undefined index: userArr /var/www/html/paoding_gemmap/Application/Mobile/Controller/BaseController.class.php 第 68 行.
NOTIC: [8] Undefined index: type /var/www/html/paoding_gemmap/Application/Mobile/Controller/ArticleController.class.php 第 21 行.
NOTIC: [8] Undefined index: order_id /var/www/html/paoding_gemmap/Application/Mobile/Controller/ArticleController.class.php 第 24 行.
INFO: [ view_begin ] --START--
INFO: Run Home\Behaviors\testBehavior [ RunTime:0.000112s ]
INFO: [ view_begin ] --END-- [ RunTime:0.000151s ]
INFO: [ view_parse ] --START--
INFO: [ template_filter ] --START--
INFO: Run Behavior\ContentReplaceBehavior [ RunTime:0.000139s ]
INFO: [ template_filter ] --END-- [ RunTime:0.000197s ]
NOTIC: [8] Undefined variable: seoTitle /var/www/html/paoding_gemmap/Application/Runtime/Cache/Mobile/1724b1f1b079b2a6a957bdf2135918fc.php 第 6 行.
NOTIC: [8] Undefined variable: seoKeywords /var/www/html/paoding_gemmap/Application/Runtime/Cache/Mobile/1724b1f1b079b2a6a957bdf2135918fc.php 第 8 行.
NOTIC: [8] Undefined variable: seoDescription /var/www/html/paoding_gemmap/Application/Runtime/Cache/Mobile/1724b1f1b079b2a6a957bdf2135918fc.php 第 9 行.
NOTIC: [8] Undefined variable: v /var/www/html/paoding_gemmap/Application/Runtime/Cache/Mobile/1724b1f1b079b2a6a957bdf2135918fc.php 第 105 行.
NOTIC: [8] Undefined variable: others /var/www/html/paoding_gemmap/Application/Runtime/Cache/Mobile/1724b1f1b079b2a6a957bdf2135918fc.php 第 126 行.
INFO: Run Behavior\ParseTemplateBehavior [ RunTime:0.010485s ]
INFO: [ view_parse ] --END-- [ RunTime:0.010520s ]
INFO: [ view_filter ] --START--
INFO: Run Behavior\WriteHtmlCacheBehavior [ RunTime:0.000110s ]
INFO: Run Behavior\TokenBuildBehavior [ RunTime:0.000249s ]
INFO: [ view_filter ] --END-- [ RunTime:0.000416s ]
INFO: [ app_end ] --START--
INFO: Run Behavior\ShowPageTraceBehavior [ RunTime:0.000345s ]
INFO: [ app_end ] --END-- [ RunTime:0.000453s ]

[ 2017-07-21T09:17:34+08:00 ] 123.151.138.59 /index.php/mobile/Article/data_list/channel/xq
INFO: [ app_init ] --START--
INFO: Run Behavior\BuildLiteBehavior [ RunTime:0.000016s ]
INFO: [ app_init ] --END-- [ RunTime:0.000263s ]
INFO: [ app_begin ] --START--
INFO: Run Behavior\ReadHtmlCacheBehavior [ RunTime:0.000340s ]
INFO: [ app_begin ] --END-- [ RunTime:0.000384s ]
INFO: [ action_begin ] --START--
INFO: Run Home\Behaviors\siteBehavior [ RunTime:0.008543s ]
INFO: [ action_begin ] --END-- [ RunTime:0.008613s ]

[ 2017-07-21T09:17:44+08:00 ] 123.151.138.59 /index.php/mobile/Article/data_list/channel/xq
INFO: [ app_init ] --START--
INFO: Run Behavior\BuildLiteBehavior [ RunTime:0.000014s ]
INFO: [ app_init ] --END-- [ RunTime:0.000254s ]
INFO: [ app_begin ] --START--
INFO: Run Behavior\ReadHtmlCacheBehavior [ RunTime:0.000342s ]
INFO: [ app_begin ] --END-- [ RunTime:0.000386s ]
INFO: [ action_begin ] --START--
INFO: Run Home\Behaviors\siteBehavior [ RunTime:0.000162s ]
INFO: [ action_begin ] --END-- [ RunTime:0.000207s ]
NOTIC: [8] Undefined index: type /var/www/html/paoding_gemmap/Application/Mobile/Controller/ArticleController.class.php 第 21 行.
NOTIC: [8] Undefined index: order_id /var/www/html/paoding_gemmap/Application/Mobile/Controller/ArticleController.class.php 第 24 行.
INFO: [ view_begin ] --START--
INFO: Run Home\Behaviors\testBehavior [ RunTime:0.000144s ]
INFO: [ view_begin ] --END-- [ RunTime:0.000190s ]
INFO: [ view_parse ] --START--
INFO: [ template_filter ] --START--
INFO: Run Behavior\ContentReplaceBehavior [ RunTime:0.000135s ]
INFO: [ template_filter ] --END-- [ RunTime:0.000188s ]
NOTIC: [8] Undefined variable: seoTitle /var/www/html/paoding_gemmap/Application/Runtime/Cache/Mobile/1724b1f1b079b2a6a957bdf2135918fc.php 第 6 行.
NOTIC: [8] Undefined variable: seoKeywords /var/www/html/paoding_gemmap/Application/Runtime/Cache/Mobile/1724b1f1b079b2a6a957bdf2135918fc.php 第 8 行.
NOTIC: [8] Undefined variable: seoDescription /var/www/html/paoding_gemmap/Application/Runtime/Cache/Mobile/1724b1f1b079b2a6a957bdf2135918fc.php 第 9 行.
NOTIC: [8] Undefined variable: v /var/www/html/paoding_gemmap/Application/Runtime/Cache/Mobile/1724b1f1b079b2a6a957bdf2135918fc.php 第 105 行.
NOTIC: [8] Undefined variable: others /var/www/html/paoding_gemmap/Application/Runtime/Cache/Mobile/1724b1f1b079b2a6a957bdf2135918fc.php 第 126 行.
INFO: Run Behavior\ParseTemplateBehavior [ RunTime:0.010415s ]
INFO: [ view_parse ] --END-- [ RunTime:0.010452s ]
INFO: [ view_filter ] --START--
INFO: Run Behavior\WriteHtmlCacheBehavior [ RunTime:0.000113s ]
INFO: Run Behavior\TokenBuildBehavior [ RunTime:0.000327s ]
INFO: [ view_filter ] --END-- [ RunTime:0.000499s ]
INFO: [ app_end ] --START--
INFO: Run Behavior\ShowPageTraceBehavior [ RunTime:0.000355s ]
INFO: [ app_end ] --END-- [ RunTime:0.000425s ]

[ 2017-07-21T17:20:20+08:00 ] 27.159.54.206 /index.php/mobile/Index
INFO: [ app_init ] --START--
INFO: Run Behavior\BuildLiteBehavior [ RunTime:0.000013s ]
INFO: [ app_init ] --END-- [ RunTime:0.000250s ]
INFO: [ app_begin ] --START--
INFO: Run Behavior\ReadHtmlCacheBehavior [ RunTime:0.000330s ]
INFO: [ app_begin ] --END-- [ RunTime:0.000373s ]
NOTIC: [2048] Declaration of Mobile\Controller\IndexController::error() should be compatible with Think\Controller::error($message = '', $jumpUrl = '', $ajax = false) /var/www/html/paoding_gemmap/Application/Mobile/Controller/IndexController.class.php 第 8 行.
INFO: [ action_begin ] --START--
INFO: Run Home\Behaviors\siteBehavior [ RunTime:0.007841s ]
INFO: [ action_begin ] --END-- [ RunTime:0.007894s ]
INFO: [ view_begin ] --START--
INFO: Run Home\Behaviors\testBehavior [ RunTime:0.000135s ]
INFO: [ view_begin ] --END-- [ RunTime:0.000181s ]
INFO: [ view_parse ] --START--
INFO: [ template_filter ] --START--
INFO: Run Behavior\ContentReplaceBehavior [ RunTime:0.000095s ]
INFO: [ template_filter ] --END-- [ RunTime:0.000141s ]
NOTIC: [8] Undefined variable: seoTitle /var/www/html/paoding_gemmap/Application/Runtime/Cache/Mobile/287a75ef6074c13750e3b2bdaccd2921.php 第 6 行.
NOTIC: [8] Undefined variable: seoKeywords /var/www/html/paoding_gemmap/Application/Runtime/Cache/Mobile/287a75ef6074c13750e3b2bdaccd2921.php 第 8 行.
NOTIC: [8] Undefined variable: seoDescription /var/www/html/paoding_gemmap/Application/Runtime/Cache/Mobile/287a75ef6074c13750e3b2bdaccd2921.php 第 9 行.
NOTIC: [8] Undefined variable: v /var/www/html/paoding_gemmap/Application/Runtime/Cache/Mobile/287a75ef6074c13750e3b2bdaccd2921.php 第 78 行.
INFO: Run Behavior\ParseTemplateBehavior [ RunTime:0.006381s ]
INFO: [ view_parse ] --END-- [ RunTime:0.006416s ]
INFO: [ view_filter ] --START--
INFO: Run Behavior\WriteHtmlCacheBehavior [ RunTime:0.000110s ]
INFO: Run Behavior\TokenBuildBehavior [ RunTime:0.000293s ]
INFO: [ view_filter ] --END-- [ RunTime:0.000459s ]
INFO: [ app_end ] --START--
INFO: Run Behavior\ShowPageTraceBehavior [ RunTime:0.000383s ]
INFO: [ app_end ] --END-- [ RunTime:0.000426s ]

[ 2017-07-21T17:34:25+08:00 ] 101.226.65.107 /index.php/mobile/Index
INFO: [ app_init ] --START--
INFO: Run Behavior\BuildLiteBehavior [ RunTime:0.000013s ]
INFO: [ app_init ] --END-- [ RunTime:0.000313s ]
INFO: [ app_begin ] --START--
INFO: Run Behavior\ReadHtmlCacheBehavior [ RunTime:0.000363s ]
INFO: [ app_begin ] --END-- [ RunTime:0.000405s ]
NOTIC: [2048] Declaration of Mobile\Controller\IndexController::error() should be compatible with Think\Controller::error($message = '', $jumpUrl = '', $ajax = false) /var/www/html/paoding_gemmap/Application/Mobile/Controller/IndexController.class.php 第 8 行.
INFO: [ action_begin ] --START--
INFO: Run Home\Behaviors\siteBehavior [ RunTime:0.007987s ]
INFO: [ action_begin ] --END-- [ RunTime:0.008030s ]
INFO: [ view_begin ] --START--
INFO: Run Home\Behaviors\testBehavior [ RunTime:0.000117s ]
INFO: [ view_begin ] --END-- [ RunTime:0.000159s ]
INFO: [ view_parse ] --START--
INFO: [ template_filter ] --START--
INFO: Run Behavior\ContentReplaceBehavior [ RunTime:0.000087s ]
INFO: [ template_filter ] --END-- [ RunTime:0.000128s ]
NOTIC: [8] Undefined variable: seoTitle /var/www/html/paoding_gemmap/Application/Runtime/Cache/Mobile/287a75ef6074c13750e3b2bdaccd2921.php 第 6 行.
NOTIC: [8] Undefined variable: seoKeywords /var/www/html/paoding_gemmap/Application/Runtime/Cache/Mobile/287a75ef6074c13750e3b2bdaccd2921.php 第 8 行.
NOTIC: [8] Undefined variable: seoDescription /var/www/html/paoding_gemmap/Application/Runtime/Cache/Mobile/287a75ef6074c13750e3b2bdaccd2921.php 第 9 行.
NOTIC: [8] Undefined variable: v /var/www/html/paoding_gemmap/Application/Runtime/Cache/Mobile/287a75ef6074c13750e3b2bdaccd2921.php 第 78 行.
INFO: Run Behavior\ParseTemplateBehavior [ RunTime:0.006585s ]
INFO: [ view_parse ] --END-- [ RunTime:0.006629s ]
INFO: [ view_filter ] --START--
INFO: Run Behavior\WriteHtmlCacheBehavior [ RunTime:0.000141s ]
INFO: Run Behavior\TokenBuildBehavior [ RunTime:0.000271s ]
INFO: [ view_filter ] --END-- [ RunTime:0.000468s ]
INFO: [ app_end ] --START--
INFO: Run Behavior\ShowPageTraceBehavior [ RunTime:0.000376s ]
INFO: [ app_end ] --END-- [ RunTime:0.000431s ]

[ 2017-07-21T19:41:34+08:00 ] 112.65.193.15 /index.php/mobile/Index
INFO: [ app_init ] --START--
INFO: Run Behavior\BuildLiteBehavior [ RunTime:0.000012s ]
INFO: [ app_init ] --END-- [ RunTime:0.000296s ]
INFO: [ app_begin ] --START--
INFO: Run Behavior\ReadHtmlCacheBehavior [ RunTime:0.000423s ]
INFO: [ app_begin ] --END-- [ RunTime:0.000477s ]
NOTIC: [2048] Declaration of Mobile\Controller\IndexController::error() should be compatible with Think\Controller::error($message = '', $jumpUrl = '', $ajax = false) /var/www/html/paoding_gemmap/Application/Mobile/Controller/IndexController.class.php 第 8 行.
INFO: [ action_begin ] --START--
INFO: Run Home\Behaviors\siteBehavior [ RunTime:0.008691s ]
INFO: [ action_begin ] --END-- [ RunTime:0.008754s ]
INFO: [ view_begin ] --START--
INFO: Run Home\Behaviors\testBehavior [ RunTime:0.000175s ]
INFO: [ view_begin ] --END-- [ RunTime:0.000250s ]
INFO: [ view_parse ] --START--
INFO: [ template_filter ] --START--
INFO: Run Behavior\ContentReplaceBehavior [ RunTime:0.000098s ]
INFO: [ template_filter ] --END-- [ RunTime:0.000144s ]
NOTIC: [8] Undefined variable: seoTitle /var/www/html/paoding_gemmap/Application/Runtime/Cache/Mobile/287a75ef6074c13750e3b2bdaccd2921.php 第 6 行.
NOTIC: [8] Undefined variable: seoKeywords /var/www/html/paoding_gemmap/Application/Runtime/Cache/Mobile/287a75ef6074c13750e3b2bdaccd2921.php 第 8 行.
NOTIC: [8] Undefined variable: seoDescription /var/www/html/paoding_gemmap/Application/Runtime/Cache/Mobile/287a75ef6074c13750e3b2bdaccd2921.php 第 9 行.
NOTIC: [8] Undefined variable: v /var/www/html/paoding_gemmap/Application/Runtime/Cache/Mobile/287a75ef6074c13750e3b2bdaccd2921.php 第 78 行.
INFO: Run Behavior\ParseTemplateBehavior [ RunTime:0.008203s ]
INFO: [ view_parse ] --END-- [ RunTime:0.008293s ]
INFO: [ view_filter ] --START--
INFO: Run Behavior\WriteHtmlCacheBehavior [ RunTime:0.000113s ]
INFO: Run Behavior\TokenBuildBehavior [ RunTime:0.000245s ]
INFO: [ view_filter ] --END-- [ RunTime:0.000413s ]
INFO: [ app_end ] --START--
INFO: Run Behavior\ShowPageTraceBehavior [ RunTime:0.000399s ]
INFO: [ app_end ] --END-- [ RunTime:0.000467s ]

[ 2017-07-21T19:42:11+08:00 ] 219.133.40.16 /index.php/mobile/Index
INFO: [ app_init ] --START--
INFO: Run Behavior\BuildLiteBehavior [ RunTime:0.000012s ]
INFO: [ app_init ] --END-- [ RunTime:0.000247s ]
INFO: [ app_begin ] --START--
INFO: Run Behavior\ReadHtmlCacheBehavior [ RunTime:0.000353s ]
INFO: [ app_begin ] --END-- [ RunTime:0.000396s ]
NOTIC: [2048] Declaration of Mobile\Controller\IndexController::error() should be compatible with Think\Controller::error($message = '', $jumpUrl = '', $ajax = false) /var/www/html/paoding_gemmap/Application/Mobile/Controller/IndexController.class.php 第 8 行.
INFO: [ action_begin ] --START--
INFO: Run Home\Behaviors\siteBehavior [ RunTime:0.007672s ]
INFO: [ action_begin ] --END-- [ RunTime:0.007717s ]
INFO: [ view_begin ] --START--
INFO: Run Home\Behaviors\testBehavior [ RunTime:0.000122s ]
INFO: [ view_begin ] --END-- [ RunTime:0.000166s ]
INFO: [ view_parse ] --START--
INFO: [ template_filter ] --START--
INFO: Run Behavior\ContentReplaceBehavior [ RunTime:0.000089s ]
INFO: [ template_filter ] --END-- [ RunTime:0.000132s ]
NOTIC: [8] Undefined variable: seoTitle /var/www/html/paoding_gemmap/Application/Runtime/Cache/Mobile/287a75ef6074c13750e3b2bdaccd2921.php 第 6 行.
NOTIC: [8] Undefined variable: seoKeywords /var/www/html/paoding_gemmap/Application/Runtime/Cache/Mobile/287a75ef6074c13750e3b2bdaccd2921.php 第 8 行.
NOTIC: [8] Undefined variable: seoDescription /var/www/html/paoding_gemmap/Application/Runtime/Cache/Mobile/287a75ef6074c13750e3b2bdaccd2921.php 第 9 行.
NOTIC: [8] Undefined variable: v /var/www/html/paoding_gemmap/Application/Runtime/Cache/Mobile/287a75ef6074c13750e3b2bdaccd2921.php 第 78 行.
INFO: Run Behavior\ParseTemplateBehavior [ RunTime:0.006239s ]
INFO: [ view_parse ] --END-- [ RunTime:0.006273s ]
INFO: [ view_filter ] --START--
INFO: Run Behavior\WriteHtmlCacheBehavior [ RunTime:0.000107s ]
INFO: Run Behavior\TokenBuildBehavior [ RunTime:0.000281s ]
INFO: [ view_filter ] --END-- [ RunTime:0.000444s ]
INFO: [ app_end ] --START--
INFO: Run Behavior\ShowPageTraceBehavior [ RunTime:0.000358s ]
INFO: [ app_end ] --END-- [ RunTime:0.000398s ]

[ 2017-07-21T19:49:31+08:00 ] 101.226.33.216 /index.php/mobile/Index
INFO: [ app_init ] --START--
INFO: Run Behavior\BuildLiteBehavior [ RunTime:0.000012s ]
INFO: [ app_init ] --END-- [ RunTime:0.000249s ]
INFO: [ app_begin ] --START--
INFO: Run Behavior\ReadHtmlCacheBehavior [ RunTime:0.000333s ]
INFO: [ app_begin ] --END-- [ RunTime:0.000376s ]
NOTIC: [2048] Declaration of Mobile\Controller\IndexController::error() should be compatible with Think\Controller::error($message = '', $jumpUrl = '', $ajax = false) /var/www/html/paoding_gemmap/Application/Mobile/Controller/IndexController.class.php 第 8 行.
INFO: [ action_begin ] --START--
INFO: Run Home\Behaviors\siteBehavior [ RunTime:0.007654s ]
INFO: [ action_begin ] --END-- [ RunTime:0.007697s ]
INFO: [ view_begin ] --START--
INFO: Run Home\Behaviors\testBehavior [ RunTime:0.000142s ]
INFO: [ view_begin ] --END-- [ RunTime:0.000187s ]
INFO: [ view_parse ] --START--
INFO: [ template_filter ] --START--
INFO: Run Behavior\ContentReplaceBehavior [ RunTime:0.000089s ]
INFO: [ template_filter ] --END-- [ RunTime:0.000130s ]
NOTIC: [8] Undefined variable: seoTitle /var/www/html/paoding_gemmap/Application/Runtime/Cache/Mobile/287a75ef6074c13750e3b2bdaccd2921.php 第 6 行.
NOTIC: [8] Undefined variable: seoKeywords /var/www/html/paoding_gemmap/Application/Runtime/Cache/Mobile/287a75ef6074c13750e3b2bdaccd2921.php 第 8 行.
NOTIC: [8] Undefined variable: seoDescription /var/www/html/paoding_gemmap/Application/Runtime/Cache/Mobile/287a75ef6074c13750e3b2bdaccd2921.php 第 9 行.
NOTIC: [8] Undefined variable: v /var/www/html/paoding_gemmap/Application/Runtime/Cache/Mobile/287a75ef6074c13750e3b2bdaccd2921.php 第 78 行.
INFO: Run Behavior\ParseTemplateBehavior [ RunTime:0.006039s ]
INFO: [ view_parse ] --END-- [ RunTime:0.006073s ]
INFO: [ view_filter ] --START--
INFO: Run Behavior\WriteHtmlCacheBehavior [ RunTime:0.000108s ]
INFO: Run Behavior\TokenBuildBehavior [ RunTime:0.000236s ]
INFO: [ view_filter ] --END-- [ RunTime:0.000399s ]
INFO: [ app_end ] --START--
INFO: Run Behavior\ShowPageTraceBehavior [ RunTime:0.000404s ]
INFO: [ app_end ] --END-- [ RunTime:0.000443s ]

[ 2017-07-21T20:34:48+08:00 ] 101.226.102.146 /index.php/mobile/Article/data_list/channel/xq
INFO: [ app_init ] --START--
INFO: Run Behavior\BuildLiteBehavior [ RunTime:0.000012s ]
INFO: [ app_init ] --END-- [ RunTime:0.000293s ]
INFO: [ app_begin ] --START--
INFO: Run Behavior\ReadHtmlCacheBehavior [ RunTime:0.000376s ]
INFO: [ app_begin ] --END-- [ RunTime:0.000418s ]
INFO: [ action_begin ] --START--
INFO: Run Home\Behaviors\siteBehavior [ RunTime:0.007793s ]
INFO: [ action_begin ] --END-- [ RunTime:0.007840s ]

[ 2017-07-21T20:34:53+08:00 ] 101.226.102.146 /index.php/mobile/Index
INFO: [ app_init ] --START--
INFO: Run Behavior\BuildLiteBehavior [ RunTime:0.000013s ]
INFO: [ app_init ] --END-- [ RunTime:0.000273s ]
INFO: [ app_begin ] --START--
INFO: Run Behavior\ReadHtmlCacheBehavior [ RunTime:0.000336s ]
INFO: [ app_begin ] --END-- [ RunTime:0.000380s ]
NOTIC: [2048] Declaration of Mobile\Controller\IndexController::error() should be compatible with Think\Controller::error($message = '', $jumpUrl = '', $ajax = false) /var/www/html/paoding_gemmap/Application/Mobile/Controller/IndexController.class.php 第 8 行.
INFO: [ action_begin ] --START--
INFO: Run Home\Behaviors\siteBehavior [ RunTime:0.000172s ]
INFO: [ action_begin ] --END-- [ RunTime:0.000213s ]
INFO: [ view_begin ] --START--
INFO: Run Home\Behaviors\testBehavior [ RunTime:0.000120s ]
INFO: [ view_begin ] --END-- [ RunTime:0.000168s ]
INFO: [ view_parse ] --START--
INFO: [ template_filter ] --START--
INFO: Run Behavior\ContentReplaceBehavior [ RunTime:0.000088s ]
INFO: [ template_filter ] --END-- [ RunTime:0.000139s ]
NOTIC: [8] Undefined variable: seoTitle /var/www/html/paoding_gemmap/Application/Runtime/Cache/Mobile/287a75ef6074c13750e3b2bdaccd2921.php 第 6 行.
NOTIC: [8] Undefined variable: seoKeywords /var/www/html/paoding_gemmap/Application/Runtime/Cache/Mobile/287a75ef6074c13750e3b2bdaccd2921.php 第 8 行.
NOTIC: [8] Undefined variable: seoDescription /var/www/html/paoding_gemmap/Application/Runtime/Cache/Mobile/287a75ef6074c13750e3b2bdaccd2921.php 第 9 行.
NOTIC: [8] Undefined variable: v /var/www/html/paoding_gemmap/Application/Runtime/Cache/Mobile/287a75ef6074c13750e3b2bdaccd2921.php 第 78 行.
INFO: Run Behavior\ParseTemplateBehavior [ RunTime:0.006275s ]
INFO: [ view_parse ] --END-- [ RunTime:0.006310s ]
INFO: [ view_filter ] --START--
INFO: Run Behavior\WriteHtmlCacheBehavior [ RunTime:0.000107s ]
INFO: Run Behavior\TokenBuildBehavior [ RunTime:0.000234s ]
INFO: [ view_filter ] --END-- [ RunTime:0.000448s ]
INFO: [ app_end ] --START--
INFO: Run Behavior\ShowPageTraceBehavior [ RunTime:0.000370s ]
INFO: [ app_end ] --END-- [ RunTime:0.000411s ]

[ 2017-07-21T20:35:20+08:00 ] 101.226.102.146 /index.php/Mobile/Article/t_detail
INFO: [ app_init ] --START--
INFO: Run Behavior\BuildLiteBehavior [ RunTime:0.000012s ]
INFO: [ app_init ] --END-- [ RunTime:0.000245s ]
INFO: [ app_begin ] --START--
INFO: Run Behavior\ReadHtmlCacheBehavior [ RunTime:0.000332s ]
INFO: [ app_begin ] --END-- [ RunTime:0.000374s ]
INFO: [ action_begin ] --START--
INFO: Run Home\Behaviors\siteBehavior [ RunTime:0.000160s ]
INFO: [ action_begin ] --END-- [ RunTime:0.000204s ]

[ 2017-07-21T20:35:23+08:00 ] 101.226.102.146 /index.php/Mobile/Article/t_detail
INFO: [ app_init ] --START--
INFO: Run Behavior\BuildLiteBehavior [ RunTime:0.000012s ]
INFO: [ app_init ] --END-- [ RunTime:0.000247s ]
INFO: [ app_begin ] --START--
INFO: Run Behavior\ReadHtmlCacheBehavior [ RunTime:0.000330s ]
INFO: [ app_begin ] --END-- [ RunTime:0.000373s ]
INFO: [ action_begin ] --START--
INFO: Run Home\Behaviors\siteBehavior [ RunTime:0.000180s ]
INFO: [ action_begin ] --END-- [ RunTime:0.000226s ]
INFO: [ view_begin ] --START--
INFO: Run Home\Behaviors\testBehavior [ RunTime:0.000091s ]
INFO: [ view_begin ] --END-- [ RunTime:0.000136s ]
INFO: [ view_parse ] --START--
INFO: [ template_filter ] --START--
INFO: Run Behavior\ContentReplaceBehavior [ RunTime:0.000055s ]
INFO: [ template_filter ] --END-- [ RunTime:0.000099s ]
NOTIC: [8] Undefined variable: seoTitle /var/www/html/paoding_gemmap/Application/Runtime/Cache/Mobile/76795a7d50b2ff67073d5b7cf1a4f40b.php 第 6 行.
NOTIC: [8] Undefined variable: seoKeywords /var/www/html/paoding_gemmap/Application/Runtime/Cache/Mobile/76795a7d50b2ff67073d5b7cf1a4f40b.php 第 7 行.
NOTIC: [8] Undefined variable: seoDescription /var/www/html/paoding_gemmap/Application/Runtime/Cache/Mobile/76795a7d50b2ff67073d5b7cf1a4f40b.php 第 9 行.
INFO: Run Behavior\ParseTemplateBehavior [ RunTime:0.012900s ]
INFO: [ view_parse ] --END-- [ RunTime:0.012986s ]
INFO: [ view_filter ] --START--
INFO: Run Behavior\WriteHtmlCacheBehavior [ RunTime:0.000108s ]
INFO: Run Behavior\TokenBuildBehavior [ RunTime:0.000215s ]
INFO: [ view_filter ] --END-- [ RunTime:0.000376s ]
INFO: [ app_end ] --START--
INFO: Run Behavior\ShowPageTraceBehavior [ RunTime:0.000330s ]
INFO: [ app_end ] --END-- [ RunTime:0.000373s ]

[ 2017-07-21T20:35:30+08:00 ] 101.226.33.205 /index.php/Mobile/Article/t_detail
INFO: [ app_init ] --START--
INFO: Run Behavior\BuildLiteBehavior [ RunTime:0.000014s ]
INFO: [ app_init ] --END-- [ RunTime:0.000261s ]
INFO: [ app_begin ] --START--
INFO: Run Behavior\ReadHtmlCacheBehavior [ RunTime:0.001685s ]
INFO: [ app_begin ] --END-- [ RunTime:0.001729s ]
INFO: [ action_begin ] --START--
INFO: Run Home\Behaviors\siteBehavior [ RunTime:0.015535s ]
INFO: [ action_begin ] --END-- [ RunTime:0.015604s ]

[ 2017-07-21T20:35:30+08:00 ] 101.226.65.105 /index.php/Mobile/Article/t_detail
INFO: [ app_init ] --START--
INFO: Run Behavior\BuildLiteBehavior [ RunTime:0.000013s ]
INFO: [ app_init ] --END-- [ RunTime:0.001272s ]
INFO: [ app_begin ] --START--
INFO: Run Behavior\ReadHtmlCacheBehavior [ RunTime:0.000328s ]
INFO: [ app_begin ] --END-- [ RunTime:0.000371s ]
INFO: [ action_begin ] --START--
INFO: Run Home\Behaviors\siteBehavior [ RunTime:0.019760s ]
INFO: [ action_begin ] --END-- [ RunTime:0.019825s ]

[ 2017-07-21T20:35:31+08:00 ] 101.226.33.228 /index.php/Mobile/Article/t_detail
INFO: [ app_init ] --START--
INFO: Run Behavior\BuildLiteBehavior [ RunTime:0.000013s ]
INFO: [ app_init ] --END-- [ RunTime:0.000250s ]
INFO: [ app_begin ] --START--
INFO: Run Behavior\ReadHtmlCacheBehavior [ RunTime:0.000329s ]
INFO: [ app_begin ] --END-- [ RunTime:0.000371s ]
INFO: [ action_begin ] --START--
INFO: Run Home\Behaviors\siteBehavior [ RunTime:0.007705s ]
INFO: [ action_begin ] --END-- [ RunTime:0.007752s ]

[ 2017-07-21T20:46:38+08:00 ] 123.151.138.56 /index.php/mobile/Article/data_list/channel/xq
INFO: [ app_init ] --START--
INFO: Run Behavior\BuildLiteBehavior [ RunTime:0.000014s ]
INFO: [ app_init ] --END-- [ RunTime:0.000271s ]
INFO: [ app_begin ] --START--
INFO: Run Behavior\ReadHtmlCacheBehavior [ RunTime:0.000359s ]
INFO: [ app_begin ] --END-- [ RunTime:0.000401s ]
INFO: [ action_begin ] --START--
INFO: Run Home\Behaviors\siteBehavior [ RunTime:0.008146s ]
INFO: [ action_begin ] --END-- [ RunTime:0.008219s ]

[ 2017-07-21T22:16:28+08:00 ] 182.140.177.165 /index.php/mobile/Index
INFO: [ app_init ] --START--
INFO: Run Behavior\BuildLiteBehavior [ RunTime:0.000013s ]
INFO: [ app_init ] --END-- [ RunTime:0.000245s ]
INFO: [ app_begin ] --START--
INFO: Run Behavior\ReadHtmlCacheBehavior [ RunTime:0.000331s ]
INFO: [ app_begin ] --END-- [ RunTime:0.000373s ]
NOTIC: [2048] Declaration of Mobile\Controller\IndexController::error() should be compatible with Think\Controller::error($message = '', $jumpUrl = '', $ajax = false) /var/www/html/paoding_gemmap/Application/Mobile/Controller/IndexController.class.php 第 8 行.
INFO: [ action_begin ] --START--
INFO: Run Home\Behaviors\siteBehavior [ RunTime:0.007692s ]
INFO: [ action_begin ] --END-- [ RunTime:0.007737s ]
INFO: [ view_begin ] --START--
INFO: Run Home\Behaviors\testBehavior [ RunTime:0.000143s ]
INFO: [ view_begin ] --END-- [ RunTime:0.000185s ]
INFO: [ view_parse ] --START--
INFO: [ template_filter ] --START--
INFO: Run Behavior\ContentReplaceBehavior [ RunTime:0.000090s ]
INFO: [ template_filter ] --END-- [ RunTime:0.000131s ]
NOTIC: [8] Undefined variable: seoTitle /var/www/html/paoding_gemmap/Application/Runtime/Cache/Mobile/287a75ef6074c13750e3b2bdaccd2921.php 第 6 行.
NOTIC: [8] Undefined variable: seoKeywords /var/www/html/paoding_gemmap/Application/Runtime/Cache/Mobile/287a75ef6074c13750e3b2bdaccd2921.php 第 8 行.
NOTIC: [8] Undefined variable: seoDescription /var/www/html/paoding_gemmap/Application/Runtime/Cache/Mobile/287a75ef6074c13750e3b2bdaccd2921.php 第 9 行.
NOTIC: [8] Undefined variable: v /var/www/html/paoding_gemmap/Application/Runtime/Cache/Mobile/287a75ef6074c13750e3b2bdaccd2921.php 第 78 行.
INFO: Run Behavior\ParseTemplateBehavior [ RunTime:0.006093s ]
INFO: [ view_parse ] --END-- [ RunTime:0.006128s ]
INFO: [ view_filter ] --START--
INFO: Run Behavior\WriteHtmlCacheBehavior [ RunTime:0.000106s ]
INFO: Run Behavior\TokenBuildBehavior [ RunTime:0.000237s ]
INFO: [ view_filter ] --END-- [ RunTime:0.000399s ]
INFO: [ app_end ] --START--
INFO: Run Behavior\ShowPageTraceBehavior [ RunTime:0.000399s ]
INFO: [ app_end ] --END-- [ RunTime:0.000440s ]

