[ 2017-08-06T04:09:34+08:00 ] 101.226.233.148 /index.php/mobile/Index
INFO: [ app_init ] --START--
INFO: Run Behavior\BuildLiteBehavior [ RunTime:0.000014s ]
INFO: [ app_init ] --END-- [ RunTime:0.000279s ]
INFO: [ app_begin ] --START--
INFO: Run Behavior\ReadHtmlCacheBehavior [ RunTime:0.000357s ]
INFO: [ app_begin ] --END-- [ RunTime:0.000403s ]
NOTIC: [2048] Declaration of Mobile\Controller\IndexController::error() should be compatible with Think\Controller::error($message = '', $jumpUrl = '', $ajax = false) /var/www/html/paoding_gemmap/Application/Mobile/Controller/IndexController.class.php 第 8 行.
INFO: [ action_begin ] --START--
INFO: Run Home\Behaviors\siteBehavior [ RunTime:0.008235s ]
INFO: [ action_begin ] --END-- [ RunTime:0.008300s ]
INFO: [ view_begin ] --START--
INFO: Run Home\Behaviors\testBehavior [ RunTime:0.000150s ]
INFO: [ view_begin ] --END-- [ RunTime:0.000195s ]
INFO: [ view_parse ] --START--
INFO: [ template_filter ] --START--
INFO: Run Behavior\ContentReplaceBehavior [ RunTime:0.000118s ]
INFO: [ template_filter ] --END-- [ RunTime:0.000162s ]
NOTIC: [8] Undefined variable: seoTitle /var/www/html/paoding_gemmap/Application/Runtime/Cache/Mobile/287a75ef6074c13750e3b2bdaccd2921.php 第 6 行.
NOTIC: [8] Undefined variable: seoKeywords /var/www/html/paoding_gemmap/Application/Runtime/Cache/Mobile/287a75ef6074c13750e3b2bdaccd2921.php 第 8 行.
NOTIC: [8] Undefined variable: seoDescription /var/www/html/paoding_gemmap/Application/Runtime/Cache/Mobile/287a75ef6074c13750e3b2bdaccd2921.php 第 9 行.
NOTIC: [8] Undefined variable: v /var/www/html/paoding_gemmap/Application/Runtime/Cache/Mobile/287a75ef6074c13750e3b2bdaccd2921.php 第 78 行.
INFO: Run Behavior\ParseTemplateBehavior [ RunTime:0.006362s ]
INFO: [ view_parse ] --END-- [ RunTime:0.006399s ]
INFO: [ view_filter ] --START--
INFO: Run Behavior\WriteHtmlCacheBehavior [ RunTime:0.000109s ]
INFO: Run Behavior\TokenBuildBehavior [ RunTime:0.000292s ]
INFO: [ view_filter ] --END-- [ RunTime:0.000456s ]
INFO: [ app_end ] --START--
INFO: Run Behavior\ShowPageTraceBehavior [ RunTime:0.000380s ]
INFO: [ app_end ] --END-- [ RunTime:0.000425s ]

[ 2017-08-06T04:09:34+08:00 ] 101.226.233.148 /index.php/mobile/Article/data_list/channel/xq
INFO: [ app_init ] --START--
INFO: Run Behavior\BuildLiteBehavior [ RunTime:0.000014s ]
INFO: [ app_init ] --END-- [ RunTime:0.000276s ]
INFO: [ app_begin ] --START--
INFO: Run Behavior\ReadHtmlCacheBehavior [ RunTime:0.000401s ]
INFO: [ app_begin ] --END-- [ RunTime:0.000446s ]
INFO: [ action_begin ] --START--
INFO: Run Home\Behaviors\siteBehavior [ RunTime:0.008171s ]
INFO: [ action_begin ] --END-- [ RunTime:0.008238s ]
NOTIC: [8] Undefined index: userArr /var/www/html/paoding_gemmap/Application/Mobile/Controller/BaseController.class.php 第 68 行.
NOTIC: [8] Undefined index: type /var/www/html/paoding_gemmap/Application/Mobile/Controller/ArticleController.class.php 第 21 行.
NOTIC: [8] Undefined index: order_id /var/www/html/paoding_gemmap/Application/Mobile/Controller/ArticleController.class.php 第 24 行.
INFO: [ view_begin ] --START--
INFO: Run Home\Behaviors\testBehavior [ RunTime:0.000149s ]
INFO: [ view_begin ] --END-- [ RunTime:0.000232s ]
INFO: [ view_parse ] --START--
INFO: [ template_filter ] --START--
INFO: Run Behavior\ContentReplaceBehavior [ RunTime:0.000161s ]
INFO: [ template_filter ] --END-- [ RunTime:0.000225s ]
NOTIC: [8] Undefined variable: seoTitle /var/www/html/paoding_gemmap/Application/Runtime/Cache/Mobile/1724b1f1b079b2a6a957bdf2135918fc.php 第 6 行.
NOTIC: [8] Undefined variable: seoKeywords /var/www/html/paoding_gemmap/Application/Runtime/Cache/Mobile/1724b1f1b079b2a6a957bdf2135918fc.php 第 8 行.
NOTIC: [8] Undefined variable: seoDescription /var/www/html/paoding_gemmap/Application/Runtime/Cache/Mobile/1724b1f1b079b2a6a957bdf2135918fc.php 第 9 行.
NOTIC: [8] Undefined variable: v /var/www/html/paoding_gemmap/Application/Runtime/Cache/Mobile/1724b1f1b079b2a6a957bdf2135918fc.php 第 105 行.
NOTIC: [8] Undefined variable: others /var/www/html/paoding_gemmap/Application/Runtime/Cache/Mobile/1724b1f1b079b2a6a957bdf2135918fc.php 第 126 行.
INFO: Run Behavior\ParseTemplateBehavior [ RunTime:0.011015s ]
INFO: [ view_parse ] --END-- [ RunTime:0.011053s ]
INFO: [ view_filter ] --START--
INFO: Run Behavior\WriteHtmlCacheBehavior [ RunTime:0.000121s ]
INFO: Run Behavior\TokenBuildBehavior [ RunTime:0.000255s ]
INFO: [ view_filter ] --END-- [ RunTime:0.000434s ]
INFO: [ app_end ] --START--
INFO: Run Behavior\ShowPageTraceBehavior [ RunTime:0.000427s ]
INFO: [ app_end ] --END-- [ RunTime:0.000469s ]

[ 2017-08-06T16:20:06+08:00 ] 112.38.169.134 /index.php/mobile/Index
INFO: [ app_init ] --START--
INFO: Run Behavior\BuildLiteBehavior [ RunTime:0.000014s ]
INFO: [ app_init ] --END-- [ RunTime:0.000310s ]
INFO: [ app_begin ] --START--
INFO: Run Behavior\ReadHtmlCacheBehavior [ RunTime:0.000387s ]
INFO: [ app_begin ] --END-- [ RunTime:0.000447s ]
NOTIC: [2048] Declaration of Mobile\Controller\IndexController::error() should be compatible with Think\Controller::error($message = '', $jumpUrl = '', $ajax = false) /var/www/html/paoding_gemmap/Application/Mobile/Controller/IndexController.class.php 第 8 行.
INFO: [ action_begin ] --START--
INFO: Run Home\Behaviors\siteBehavior [ RunTime:0.008595s ]
INFO: [ action_begin ] --END-- [ RunTime:0.008640s ]
INFO: [ view_begin ] --START--
INFO: Run Home\Behaviors\testBehavior [ RunTime:0.000109s ]
INFO: [ view_begin ] --END-- [ RunTime:0.000165s ]
INFO: [ view_parse ] --START--
INFO: [ template_filter ] --START--
INFO: Run Behavior\ContentReplaceBehavior [ RunTime:0.000096s ]
INFO: [ template_filter ] --END-- [ RunTime:0.000142s ]
NOTIC: [8] Undefined variable: seoTitle /var/www/html/paoding_gemmap/Application/Runtime/Cache/Mobile/287a75ef6074c13750e3b2bdaccd2921.php 第 6 行.
NOTIC: [8] Undefined variable: seoKeywords /var/www/html/paoding_gemmap/Application/Runtime/Cache/Mobile/287a75ef6074c13750e3b2bdaccd2921.php 第 8 行.
NOTIC: [8] Undefined variable: seoDescription /var/www/html/paoding_gemmap/Application/Runtime/Cache/Mobile/287a75ef6074c13750e3b2bdaccd2921.php 第 9 行.
NOTIC: [8] Undefined variable: v /var/www/html/paoding_gemmap/Application/Runtime/Cache/Mobile/287a75ef6074c13750e3b2bdaccd2921.php 第 78 行.
INFO: Run Behavior\ParseTemplateBehavior [ RunTime:0.008108s ]
INFO: [ view_parse ] --END-- [ RunTime:0.008143s ]
INFO: [ view_filter ] --START--
INFO: Run Behavior\WriteHtmlCacheBehavior [ RunTime:0.000106s ]
INFO: Run Behavior\TokenBuildBehavior [ RunTime:0.000312s ]
INFO: [ view_filter ] --END-- [ RunTime:0.000476s ]
INFO: [ app_end ] --START--
INFO: Run Behavior\ShowPageTraceBehavior [ RunTime:0.000360s ]
INFO: [ app_end ] --END-- [ RunTime:0.000402s ]

[ 2017-08-06T16:20:21+08:00 ] 112.38.169.134 /index.php/mobile/Article/data_list/channel/xq
INFO: [ app_init ] --START--
INFO: Run Behavior\BuildLiteBehavior [ RunTime:0.000013s ]
INFO: [ app_init ] --END-- [ RunTime:0.000249s ]
INFO: [ app_begin ] --START--
INFO: Run Behavior\ReadHtmlCacheBehavior [ RunTime:0.000345s ]
INFO: [ app_begin ] --END-- [ RunTime:0.000396s ]
INFO: [ action_begin ] --START--
INFO: Run Home\Behaviors\siteBehavior [ RunTime:0.000170s ]
INFO: [ action_begin ] --END-- [ RunTime:0.000221s ]

[ 2017-08-06T16:20:24+08:00 ] 112.38.169.134 /index.php/mobile/Article/data_list/channel/xq
INFO: [ app_init ] --START--
INFO: Run Behavior\BuildLiteBehavior [ RunTime:0.000013s ]
INFO: [ app_init ] --END-- [ RunTime:0.000244s ]
INFO: [ app_begin ] --START--
INFO: Run Behavior\ReadHtmlCacheBehavior [ RunTime:0.000321s ]
INFO: [ app_begin ] --END-- [ RunTime:0.000365s ]
INFO: [ action_begin ] --START--
INFO: Run Home\Behaviors\siteBehavior [ RunTime:0.000168s ]
INFO: [ action_begin ] --END-- [ RunTime:0.000218s ]
NOTIC: [8] Undefined index: type /var/www/html/paoding_gemmap/Application/Mobile/Controller/ArticleController.class.php 第 21 行.
NOTIC: [8] Undefined index: order_id /var/www/html/paoding_gemmap/Application/Mobile/Controller/ArticleController.class.php 第 24 行.
INFO: [ view_begin ] --START--
INFO: Run Home\Behaviors\testBehavior [ RunTime:0.000140s ]
INFO: [ view_begin ] --END-- [ RunTime:0.000187s ]
INFO: [ view_parse ] --START--
INFO: [ template_filter ] --START--
INFO: Run Behavior\ContentReplaceBehavior [ RunTime:0.000151s ]
INFO: [ template_filter ] --END-- [ RunTime:0.000203s ]
NOTIC: [8] Undefined variable: seoTitle /var/www/html/paoding_gemmap/Application/Runtime/Cache/Mobile/1724b1f1b079b2a6a957bdf2135918fc.php 第 6 行.
NOTIC: [8] Undefined variable: seoKeywords /var/www/html/paoding_gemmap/Application/Runtime/Cache/Mobile/1724b1f1b079b2a6a957bdf2135918fc.php 第 8 行.
NOTIC: [8] Undefined variable: seoDescription /var/www/html/paoding_gemmap/Application/Runtime/Cache/Mobile/1724b1f1b079b2a6a957bdf2135918fc.php 第 9 行.
NOTIC: [8] Undefined variable: v /var/www/html/paoding_gemmap/Application/Runtime/Cache/Mobile/1724b1f1b079b2a6a957bdf2135918fc.php 第 105 行.
NOTIC: [8] Undefined variable: others /var/www/html/paoding_gemmap/Application/Runtime/Cache/Mobile/1724b1f1b079b2a6a957bdf2135918fc.php 第 126 行.
INFO: Run Behavior\ParseTemplateBehavior [ RunTime:0.011125s ]
INFO: [ view_parse ] --END-- [ RunTime:0.011164s ]
INFO: [ view_filter ] --START--
INFO: Run Behavior\WriteHtmlCacheBehavior [ RunTime:0.000113s ]
INFO: Run Behavior\TokenBuildBehavior [ RunTime:0.000262s ]
INFO: [ view_filter ] --END-- [ RunTime:0.000433s ]
INFO: [ app_end ] --START--
INFO: Run Behavior\ShowPageTraceBehavior [ RunTime:0.000392s ]
INFO: [ app_end ] --END-- [ RunTime:0.000456s ]

[ 2017-08-06T16:20:30+08:00 ] 101.226.33.225 /index.php/mobile/Article/data_list/channel/xq
INFO: [ app_init ] --START--
INFO: Run Behavior\BuildLiteBehavior [ RunTime:0.000013s ]
INFO: [ app_init ] --END-- [ RunTime:0.000250s ]
INFO: [ app_begin ] --START--
INFO: Run Behavior\ReadHtmlCacheBehavior [ RunTime:0.000341s ]
INFO: [ app_begin ] --END-- [ RunTime:0.000394s ]
INFO: [ action_begin ] --START--
INFO: Run Home\Behaviors\siteBehavior [ RunTime:0.008055s ]
INFO: [ action_begin ] --END-- [ RunTime:0.008108s ]

[ 2017-08-06T16:20:37+08:00 ] 112.38.169.134 /index.php/Mobile/Article/detail/channel/xq/type/1/data_id/57
INFO: [ app_init ] --START--
INFO: Run Behavior\BuildLiteBehavior [ RunTime:0.000012s ]
INFO: [ app_init ] --END-- [ RunTime:0.000250s ]
INFO: [ app_begin ] --START--
INFO: Run Behavior\ReadHtmlCacheBehavior [ RunTime:0.000371s ]
INFO: [ app_begin ] --END-- [ RunTime:0.000414s ]
INFO: [ action_begin ] --START--
INFO: Run Home\Behaviors\siteBehavior [ RunTime:0.000163s ]
INFO: [ action_begin ] --END-- [ RunTime:0.000207s ]
INFO: [ view_begin ] --START--
INFO: Run Home\Behaviors\testBehavior [ RunTime:0.000154s ]
INFO: [ view_begin ] --END-- [ RunTime:0.000232s ]
INFO: [ view_parse ] --START--
INFO: [ template_filter ] --START--
INFO: Run Behavior\ContentReplaceBehavior [ RunTime:0.000084s ]
INFO: [ template_filter ] --END-- [ RunTime:0.000126s ]
NOTIC: [8] Undefined variable: seoTitle /var/www/html/paoding_gemmap/Application/Runtime/Cache/Mobile/2e68ed16c4d3948aee73f12ea935ac3b.php 第 6 行.
NOTIC: [8] Undefined variable: seoKeywords /var/www/html/paoding_gemmap/Application/Runtime/Cache/Mobile/2e68ed16c4d3948aee73f12ea935ac3b.php 第 7 行.
NOTIC: [8] Undefined variable: seoDescription /var/www/html/paoding_gemmap/Application/Runtime/Cache/Mobile/2e68ed16c4d3948aee73f12ea935ac3b.php 第 9 行.
NOTIC: [8] Undefined variable: info /var/www/html/paoding_gemmap/Application/Runtime/Cache/Mobile/2e68ed16c4d3948aee73f12ea935ac3b.php 第 79 行.
NOTIC: [8] Undefined variable: signPackage /var/www/html/paoding_gemmap/Application/Runtime/Cache/Mobile/2e68ed16c4d3948aee73f12ea935ac3b.php 第 176 行.
NOTIC: [8] Undefined variable: signPackage /var/www/html/paoding_gemmap/Application/Runtime/Cache/Mobile/2e68ed16c4d3948aee73f12ea935ac3b.php 第 177 行.
NOTIC: [8] Undefined variable: signPackage /var/www/html/paoding_gemmap/Application/Runtime/Cache/Mobile/2e68ed16c4d3948aee73f12ea935ac3b.php 第 178 行.
NOTIC: [8] Undefined variable: signPackage /var/www/html/paoding_gemmap/Application/Runtime/Cache/Mobile/2e68ed16c4d3948aee73f12ea935ac3b.php 第 179 行.
NOTIC: [8] Undefined variable: share /var/www/html/paoding_gemmap/Application/Runtime/Cache/Mobile/2e68ed16c4d3948aee73f12ea935ac3b.php 第 203 行.
NOTIC: [8] Undefined variable: share /var/www/html/paoding_gemmap/Application/Runtime/Cache/Mobile/2e68ed16c4d3948aee73f12ea935ac3b.php 第 204 行.
NOTIC: [8] Undefined variable: signPackage /var/www/html/paoding_gemmap/Application/Runtime/Cache/Mobile/2e68ed16c4d3948aee73f12ea935ac3b.php 第 205 行.
NOTIC: [8] Undefined variable: area_name /var/www/html/paoding_gemmap/Application/Runtime/Cache/Mobile/2e68ed16c4d3948aee73f12ea935ac3b.php 第 206 行.
NOTIC: [8] Undefined variable: share /var/www/html/paoding_gemmap/Application/Runtime/Cache/Mobile/2e68ed16c4d3948aee73f12ea935ac3b.php 第 206 行.
NOTIC: [8] Undefined variable: share /var/www/html/paoding_gemmap/Application/Runtime/Cache/Mobile/2e68ed16c4d3948aee73f12ea935ac3b.php 第 226 行.
NOTIC: [8] Undefined variable: share /var/www/html/paoding_gemmap/Application/Runtime/Cache/Mobile/2e68ed16c4d3948aee73f12ea935ac3b.php 第 227 行.
NOTIC: [8] Undefined variable: signPackage /var/www/html/paoding_gemmap/Application/Runtime/Cache/Mobile/2e68ed16c4d3948aee73f12ea935ac3b.php 第 228 行.
NOTIC: [8] Undefined variable: area_name /var/www/html/paoding_gemmap/Application/Runtime/Cache/Mobile/2e68ed16c4d3948aee73f12ea935ac3b.php 第 229 行.
NOTIC: [8] Undefined variable: share /var/www/html/paoding_gemmap/Application/Runtime/Cache/Mobile/2e68ed16c4d3948aee73f12ea935ac3b.php 第 229 行.
NOTIC: [8] Undefined variable: share /var/www/html/paoding_gemmap/Application/Runtime/Cache/Mobile/2e68ed16c4d3948aee73f12ea935ac3b.php 第 249 行.
NOTIC: [8] Undefined variable: share /var/www/html/paoding_gemmap/Application/Runtime/Cache/Mobile/2e68ed16c4d3948aee73f12ea935ac3b.php 第 250 行.
NOTIC: [8] Undefined variable: signPackage /var/www/html/paoding_gemmap/Application/Runtime/Cache/Mobile/2e68ed16c4d3948aee73f12ea935ac3b.php 第 251 行.
NOTIC: [8] Undefined variable: area_name /var/www/html/paoding_gemmap/Application/Runtime/Cache/Mobile/2e68ed16c4d3948aee73f12ea935ac3b.php 第 252 行.
NOTIC: [8] Undefined variable: share /var/www/html/paoding_gemmap/Application/Runtime/Cache/Mobile/2e68ed16c4d3948aee73f12ea935ac3b.php 第 252 行.
NOTIC: [8] Undefined variable: share /var/www/html/paoding_gemmap/Application/Runtime/Cache/Mobile/2e68ed16c4d3948aee73f12ea935ac3b.php 第 272 行.
NOTIC: [8] Undefined variable: share /var/www/html/paoding_gemmap/Application/Runtime/Cache/Mobile/2e68ed16c4d3948aee73f12ea935ac3b.php 第 273 行.
NOTIC: [8] Undefined variable: signPackage /var/www/html/paoding_gemmap/Application/Runtime/Cache/Mobile/2e68ed16c4d3948aee73f12ea935ac3b.php 第 274 行.
NOTIC: [8] Undefined variable: area_name /var/www/html/paoding_gemmap/Application/Runtime/Cache/Mobile/2e68ed16c4d3948aee73f12ea935ac3b.php 第 275 行.
NOTIC: [8] Undefined variable: share /var/www/html/paoding_gemmap/Application/Runtime/Cache/Mobile/2e68ed16c4d3948aee73f12ea935ac3b.php 第 275 行.
NOTIC: [8] Undefined variable: share /var/www/html/paoding_gemmap/Application/Runtime/Cache/Mobile/2e68ed16c4d3948aee73f12ea935ac3b.php 第 295 行.
NOTIC: [8] Undefined variable: share /var/www/html/paoding_gemmap/Application/Runtime/Cache/Mobile/2e68ed16c4d3948aee73f12ea935ac3b.php 第 296 行.
NOTIC: [8] Undefined variable: signPackage /var/www/html/paoding_gemmap/Application/Runtime/Cache/Mobile/2e68ed16c4d3948aee73f12ea935ac3b.php 第 297 行.
NOTIC: [8] Undefined variable: area_name /var/www/html/paoding_gemmap/Application/Runtime/Cache/Mobile/2e68ed16c4d3948aee73f12ea935ac3b.php 第 298 行.
NOTIC: [8] Undefined variable: share /var/www/html/paoding_gemmap/Application/Runtime/Cache/Mobile/2e68ed16c4d3948aee73f12ea935ac3b.php 第 298 行.
INFO: Run Behavior\ParseTemplateBehavior [ RunTime:0.007437s ]
INFO: [ view_parse ] --END-- [ RunTime:0.007482s ]
INFO: [ view_filter ] --START--
INFO: Run Behavior\WriteHtmlCacheBehavior [ RunTime:0.000148s ]
INFO: Run Behavior\TokenBuildBehavior [ RunTime:0.000240s ]
INFO: [ view_filter ] --END-- [ RunTime:0.000445s ]
INFO: [ app_end ] --START--
INFO: Run Behavior\ShowPageTraceBehavior [ RunTime:0.000369s ]
INFO: [ app_end ] --END-- [ RunTime:0.000410s ]

[ 2017-08-06T16:20:44+08:00 ] 112.38.169.134 /index.php/Mobile/Article/data_list/channel/xq
INFO: [ app_init ] --START--
INFO: Run Behavior\BuildLiteBehavior [ RunTime:0.000013s ]
INFO: [ app_init ] --END-- [ RunTime:0.000246s ]
INFO: [ app_begin ] --START--
INFO: Run Behavior\ReadHtmlCacheBehavior [ RunTime:0.000339s ]
INFO: [ app_begin ] --END-- [ RunTime:0.000424s ]
INFO: [ action_begin ] --START--
INFO: Run Home\Behaviors\siteBehavior [ RunTime:0.000163s ]
INFO: [ action_begin ] --END-- [ RunTime:0.000208s ]
NOTIC: [8] Undefined index: type /var/www/html/paoding_gemmap/Application/Mobile/Controller/ArticleController.class.php 第 21 行.
NOTIC: [8] Undefined index: order_id /var/www/html/paoding_gemmap/Application/Mobile/Controller/ArticleController.class.php 第 24 行.
INFO: [ view_begin ] --START--
INFO: Run Home\Behaviors\testBehavior [ RunTime:0.000100s ]
INFO: [ view_begin ] --END-- [ RunTime:0.000141s ]
INFO: [ view_parse ] --START--
INFO: [ template_filter ] --START--
INFO: Run Behavior\ContentReplaceBehavior [ RunTime:0.000154s ]
INFO: [ template_filter ] --END-- [ RunTime:0.000202s ]
NOTIC: [8] Undefined variable: seoTitle /var/www/html/paoding_gemmap/Application/Runtime/Cache/Mobile/1724b1f1b079b2a6a957bdf2135918fc.php 第 6 行.
NOTIC: [8] Undefined variable: seoKeywords /var/www/html/paoding_gemmap/Application/Runtime/Cache/Mobile/1724b1f1b079b2a6a957bdf2135918fc.php 第 8 行.
NOTIC: [8] Undefined variable: seoDescription /var/www/html/paoding_gemmap/Application/Runtime/Cache/Mobile/1724b1f1b079b2a6a957bdf2135918fc.php 第 9 行.
NOTIC: [8] Undefined variable: v /var/www/html/paoding_gemmap/Application/Runtime/Cache/Mobile/1724b1f1b079b2a6a957bdf2135918fc.php 第 105 行.
NOTIC: [8] Undefined variable: others /var/www/html/paoding_gemmap/Application/Runtime/Cache/Mobile/1724b1f1b079b2a6a957bdf2135918fc.php 第 126 行.
INFO: Run Behavior\ParseTemplateBehavior [ RunTime:0.010795s ]
INFO: [ view_parse ] --END-- [ RunTime:0.010883s ]
INFO: [ view_filter ] --START--
INFO: Run Behavior\WriteHtmlCacheBehavior [ RunTime:0.000146s ]
INFO: Run Behavior\TokenBuildBehavior [ RunTime:0.000278s ]
INFO: [ view_filter ] --END-- [ RunTime:0.000483s ]
INFO: [ app_end ] --START--
INFO: Run Behavior\ShowPageTraceBehavior [ RunTime:0.000381s ]
INFO: [ app_end ] --END-- [ RunTime:0.000425s ]

[ 2017-08-06T16:20:54+08:00 ] 112.38.169.134 /index.php/Mobile/Article/data_list/channel/xq
INFO: [ app_init ] --START--
INFO: Run Behavior\BuildLiteBehavior [ RunTime:0.000012s ]
INFO: [ app_init ] --END-- [ RunTime:0.000289s ]
INFO: [ app_begin ] --START--
INFO: Run Behavior\ReadHtmlCacheBehavior [ RunTime:0.000324s ]
INFO: [ app_begin ] --END-- [ RunTime:0.000409s ]
INFO: [ action_begin ] --START--
INFO: Run Home\Behaviors\siteBehavior [ RunTime:0.000170s ]
INFO: [ action_begin ] --END-- [ RunTime:0.000223s ]
NOTIC: [8] Undefined index: type /var/www/html/paoding_gemmap/Application/Mobile/Controller/ArticleController.class.php 第 21 行.
NOTIC: [8] Undefined index: order_id /var/www/html/paoding_gemmap/Application/Mobile/Controller/ArticleController.class.php 第 24 行.
INFO: [ view_begin ] --START--
INFO: Run Home\Behaviors\testBehavior [ RunTime:0.000093s ]
INFO: [ view_begin ] --END-- [ RunTime:0.000130s ]
INFO: [ view_parse ] --START--
INFO: [ template_filter ] --START--
INFO: Run Behavior\ContentReplaceBehavior [ RunTime:0.000161s ]
INFO: [ template_filter ] --END-- [ RunTime:0.000206s ]
NOTIC: [8] Undefined variable: seoTitle /var/www/html/paoding_gemmap/Application/Runtime/Cache/Mobile/1724b1f1b079b2a6a957bdf2135918fc.php 第 6 行.
NOTIC: [8] Undefined variable: seoKeywords /var/www/html/paoding_gemmap/Application/Runtime/Cache/Mobile/1724b1f1b079b2a6a957bdf2135918fc.php 第 8 行.
NOTIC: [8] Undefined variable: seoDescription /var/www/html/paoding_gemmap/Application/Runtime/Cache/Mobile/1724b1f1b079b2a6a957bdf2135918fc.php 第 9 行.
NOTIC: [8] Undefined variable: v /var/www/html/paoding_gemmap/Application/Runtime/Cache/Mobile/1724b1f1b079b2a6a957bdf2135918fc.php 第 105 行.
NOTIC: [8] Undefined variable: others /var/www/html/paoding_gemmap/Application/Runtime/Cache/Mobile/1724b1f1b079b2a6a957bdf2135918fc.php 第 126 行.
INFO: Run Behavior\ParseTemplateBehavior [ RunTime:0.010295s ]
INFO: [ view_parse ] --END-- [ RunTime:0.010331s ]
INFO: [ view_filter ] --START--
INFO: Run Behavior\WriteHtmlCacheBehavior [ RunTime:0.000274s ]
INFO: Run Behavior\TokenBuildBehavior [ RunTime:0.000355s ]
INFO: [ view_filter ] --END-- [ RunTime:0.000720s ]
INFO: [ app_end ] --START--
INFO: Run Behavior\ShowPageTraceBehavior [ RunTime:0.000436s ]
INFO: [ app_end ] --END-- [ RunTime:0.000504s ]

[ 2017-08-06T16:21:18+08:00 ] 112.38.169.134 /index.php/Mobile/Index
INFO: [ app_init ] --START--
INFO: Run Behavior\BuildLiteBehavior [ RunTime:0.000014s ]
INFO: [ app_init ] --END-- [ RunTime:0.000256s ]
INFO: [ app_begin ] --START--
INFO: Run Behavior\ReadHtmlCacheBehavior [ RunTime:0.000418s ]
INFO: [ app_begin ] --END-- [ RunTime:0.000479s ]
NOTIC: [2048] Declaration of Mobile\Controller\IndexController::error() should be compatible with Think\Controller::error($message = '', $jumpUrl = '', $ajax = false) /var/www/html/paoding_gemmap/Application/Mobile/Controller/IndexController.class.php 第 8 行.
INFO: [ action_begin ] --START--
INFO: Run Home\Behaviors\siteBehavior [ RunTime:0.000216s ]
INFO: [ action_begin ] --END-- [ RunTime:0.000258s ]
INFO: [ view_begin ] --START--
INFO: Run Home\Behaviors\testBehavior [ RunTime:0.000117s ]
INFO: [ view_begin ] --END-- [ RunTime:0.000162s ]
INFO: [ view_parse ] --START--
INFO: [ template_filter ] --START--
INFO: Run Behavior\ContentReplaceBehavior [ RunTime:0.000096s ]
INFO: [ template_filter ] --END-- [ RunTime:0.000138s ]
NOTIC: [8] Undefined variable: seoTitle /var/www/html/paoding_gemmap/Application/Runtime/Cache/Mobile/287a75ef6074c13750e3b2bdaccd2921.php 第 6 行.
NOTIC: [8] Undefined variable: seoKeywords /var/www/html/paoding_gemmap/Application/Runtime/Cache/Mobile/287a75ef6074c13750e3b2bdaccd2921.php 第 8 行.
NOTIC: [8] Undefined variable: seoDescription /var/www/html/paoding_gemmap/Application/Runtime/Cache/Mobile/287a75ef6074c13750e3b2bdaccd2921.php 第 9 行.
NOTIC: [8] Undefined variable: v /var/www/html/paoding_gemmap/Application/Runtime/Cache/Mobile/287a75ef6074c13750e3b2bdaccd2921.php 第 78 行.
INFO: Run Behavior\ParseTemplateBehavior [ RunTime:0.006391s ]
INFO: [ view_parse ] --END-- [ RunTime:0.006424s ]
INFO: [ view_filter ] --START--
INFO: Run Behavior\WriteHtmlCacheBehavior [ RunTime:0.000106s ]
INFO: Run Behavior\TokenBuildBehavior [ RunTime:0.000244s ]
INFO: [ view_filter ] --END-- [ RunTime:0.000406s ]
INFO: [ app_end ] --START--
INFO: Run Behavior\ShowPageTraceBehavior [ RunTime:0.000413s ]
INFO: [ app_end ] --END-- [ RunTime:0.000461s ]

[ 2017-08-06T16:25:50+08:00 ] 112.38.169.134 /index.php/mobile/Index
INFO: [ app_init ] --START--
INFO: Run Behavior\BuildLiteBehavior [ RunTime:0.000013s ]
INFO: [ app_init ] --END-- [ RunTime:0.000253s ]
INFO: [ app_begin ] --START--
INFO: Run Behavior\ReadHtmlCacheBehavior [ RunTime:0.000368s ]
INFO: [ app_begin ] --END-- [ RunTime:0.000410s ]
NOTIC: [2048] Declaration of Mobile\Controller\IndexController::error() should be compatible with Think\Controller::error($message = '', $jumpUrl = '', $ajax = false) /var/www/html/paoding_gemmap/Application/Mobile/Controller/IndexController.class.php 第 8 行.
INFO: [ action_begin ] --START--
INFO: Run Home\Behaviors\siteBehavior [ RunTime:0.000168s ]
INFO: [ action_begin ] --END-- [ RunTime:0.000208s ]
INFO: [ view_begin ] --START--
INFO: Run Home\Behaviors\testBehavior [ RunTime:0.000117s ]
INFO: [ view_begin ] --END-- [ RunTime:0.000161s ]
INFO: [ view_parse ] --START--
INFO: [ template_filter ] --START--
INFO: Run Behavior\ContentReplaceBehavior [ RunTime:0.000104s ]
INFO: [ template_filter ] --END-- [ RunTime:0.000166s ]
NOTIC: [8] Undefined variable: seoTitle /var/www/html/paoding_gemmap/Application/Runtime/Cache/Mobile/287a75ef6074c13750e3b2bdaccd2921.php 第 6 行.
NOTIC: [8] Undefined variable: seoKeywords /var/www/html/paoding_gemmap/Application/Runtime/Cache/Mobile/287a75ef6074c13750e3b2bdaccd2921.php 第 8 行.
NOTIC: [8] Undefined variable: seoDescription /var/www/html/paoding_gemmap/Application/Runtime/Cache/Mobile/287a75ef6074c13750e3b2bdaccd2921.php 第 9 行.
NOTIC: [8] Undefined variable: v /var/www/html/paoding_gemmap/Application/Runtime/Cache/Mobile/287a75ef6074c13750e3b2bdaccd2921.php 第 78 行.
INFO: Run Behavior\ParseTemplateBehavior [ RunTime:0.006607s ]
INFO: [ view_parse ] --END-- [ RunTime:0.006648s ]
INFO: [ view_filter ] --START--
INFO: Run Behavior\WriteHtmlCacheBehavior [ RunTime:0.000120s ]
INFO: Run Behavior\TokenBuildBehavior [ RunTime:0.000283s ]
INFO: [ view_filter ] --END-- [ RunTime:0.000473s ]
INFO: [ app_end ] --START--
INFO: Run Behavior\ShowPageTraceBehavior [ RunTime:0.000431s ]
INFO: [ app_end ] --END-- [ RunTime:0.000476s ]

[ 2017-08-06T16:26:02+08:00 ] 112.38.169.134 /index.php/Mobile/Article/data_list/channel/js/type/1/data_id/4115
INFO: [ app_init ] --START--
INFO: Run Behavior\BuildLiteBehavior [ RunTime:0.000013s ]
INFO: [ app_init ] --END-- [ RunTime:0.000304s ]
INFO: [ app_begin ] --START--
INFO: Run Behavior\ReadHtmlCacheBehavior [ RunTime:0.000338s ]
INFO: [ app_begin ] --END-- [ RunTime:0.000383s ]
INFO: [ action_begin ] --START--
INFO: Run Home\Behaviors\siteBehavior [ RunTime:0.000166s ]
INFO: [ action_begin ] --END-- [ RunTime:0.000212s ]
NOTIC: [8] Undefined index: order_id /var/www/html/paoding_gemmap/Application/Mobile/Controller/ArticleController.class.php 第 24 行.
INFO: [ view_begin ] --START--
INFO: Run Home\Behaviors\testBehavior [ RunTime:0.000115s ]
INFO: [ view_begin ] --END-- [ RunTime:0.000163s ]
INFO: [ view_parse ] --START--
INFO: [ template_filter ] --START--
INFO: Run Behavior\ContentReplaceBehavior [ RunTime:0.000131s ]
INFO: [ template_filter ] --END-- [ RunTime:0.000178s ]
NOTIC: [8] Undefined variable: seoTitle /var/www/html/paoding_gemmap/Application/Runtime/Cache/Mobile/87fb9466112550b26094c6930b0d2671.php 第 6 行.
NOTIC: [8] Undefined variable: seoKeywords /var/www/html/paoding_gemmap/Application/Runtime/Cache/Mobile/87fb9466112550b26094c6930b0d2671.php 第 7 行.
NOTIC: [8] Undefined variable: seoDescription /var/www/html/paoding_gemmap/Application/Runtime/Cache/Mobile/87fb9466112550b26094c6930b0d2671.php 第 9 行.
NOTIC: [8] Undefined variable: v /var/www/html/paoding_gemmap/Application/Runtime/Cache/Mobile/87fb9466112550b26094c6930b0d2671.php 第 106 行.
NOTIC: [8] Undefined variable: others /var/www/html/paoding_gemmap/Application/Runtime/Cache/Mobile/87fb9466112550b26094c6930b0d2671.php 第 127 行.
INFO: Run Behavior\ParseTemplateBehavior [ RunTime:0.010149s ]
INFO: [ view_parse ] --END-- [ RunTime:0.010186s ]
INFO: [ view_filter ] --START--
INFO: Run Behavior\WriteHtmlCacheBehavior [ RunTime:0.000112s ]
INFO: Run Behavior\TokenBuildBehavior [ RunTime:0.000301s ]
INFO: [ view_filter ] --END-- [ RunTime:0.000471s ]
INFO: [ app_end ] --START--
INFO: Run Behavior\ShowPageTraceBehavior [ RunTime:0.000396s ]
INFO: [ app_end ] --END-- [ RunTime:0.000439s ]

[ 2017-08-06T16:26:05+08:00 ] 112.38.169.134 /index.php/Mobile/Article/detail/channel/js/type/1/data_id/4115
INFO: [ app_init ] --START--
INFO: Run Behavior\BuildLiteBehavior [ RunTime:0.000013s ]
INFO: [ app_init ] --END-- [ RunTime:0.000277s ]
INFO: [ app_begin ] --START--
INFO: Run Behavior\ReadHtmlCacheBehavior [ RunTime:0.000326s ]
INFO: [ app_begin ] --END-- [ RunTime:0.000370s ]
INFO: [ action_begin ] --START--
INFO: Run Home\Behaviors\siteBehavior [ RunTime:0.000167s ]
INFO: [ action_begin ] --END-- [ RunTime:0.000212s ]
INFO: [ view_begin ] --START--
INFO: Run Home\Behaviors\testBehavior [ RunTime:0.000100s ]
INFO: [ view_begin ] --END-- [ RunTime:0.000153s ]
INFO: [ view_parse ] --START--
INFO: [ template_filter ] --START--
INFO: Run Behavior\ContentReplaceBehavior [ RunTime:0.000082s ]
INFO: [ template_filter ] --END-- [ RunTime:0.000123s ]
NOTIC: [8] Undefined variable: seoTitle /var/www/html/paoding_gemmap/Application/Runtime/Cache/Mobile/ed59a97ccb50d95fe1f9914625d564c5.php 第 6 行.
NOTIC: [8] Undefined variable: seoKeywords /var/www/html/paoding_gemmap/Application/Runtime/Cache/Mobile/ed59a97ccb50d95fe1f9914625d564c5.php 第 7 行.
NOTIC: [8] Undefined variable: seoDescription /var/www/html/paoding_gemmap/Application/Runtime/Cache/Mobile/ed59a97ccb50d95fe1f9914625d564c5.php 第 9 行.
NOTIC: [8] Undefined variable: info /var/www/html/paoding_gemmap/Application/Runtime/Cache/Mobile/ed59a97ccb50d95fe1f9914625d564c5.php 第 79 行.
NOTIC: [8] Undefined variable: signPackage /var/www/html/paoding_gemmap/Application/Runtime/Cache/Mobile/ed59a97ccb50d95fe1f9914625d564c5.php 第 176 行.
NOTIC: [8] Undefined variable: signPackage /var/www/html/paoding_gemmap/Application/Runtime/Cache/Mobile/ed59a97ccb50d95fe1f9914625d564c5.php 第 177 行.
NOTIC: [8] Undefined variable: signPackage /var/www/html/paoding_gemmap/Application/Runtime/Cache/Mobile/ed59a97ccb50d95fe1f9914625d564c5.php 第 178 行.
NOTIC: [8] Undefined variable: signPackage /var/www/html/paoding_gemmap/Application/Runtime/Cache/Mobile/ed59a97ccb50d95fe1f9914625d564c5.php 第 179 行.
NOTIC: [8] Undefined variable: share /var/www/html/paoding_gemmap/Application/Runtime/Cache/Mobile/ed59a97ccb50d95fe1f9914625d564c5.php 第 203 行.
NOTIC: [8] Undefined variable: share /var/www/html/paoding_gemmap/Application/Runtime/Cache/Mobile/ed59a97ccb50d95fe1f9914625d564c5.php 第 204 行.
NOTIC: [8] Undefined variable: signPackage /var/www/html/paoding_gemmap/Application/Runtime/Cache/Mobile/ed59a97ccb50d95fe1f9914625d564c5.php 第 205 行.
NOTIC: [8] Undefined variable: area_name /var/www/html/paoding_gemmap/Application/Runtime/Cache/Mobile/ed59a97ccb50d95fe1f9914625d564c5.php 第 206 行.
NOTIC: [8] Undefined variable: share /var/www/html/paoding_gemmap/Application/Runtime/Cache/Mobile/ed59a97ccb50d95fe1f9914625d564c5.php 第 206 行.
NOTIC: [8] Undefined variable: share /var/www/html/paoding_gemmap/Application/Runtime/Cache/Mobile/ed59a97ccb50d95fe1f9914625d564c5.php 第 226 行.
NOTIC: [8] Undefined variable: share /var/www/html/paoding_gemmap/Application/Runtime/Cache/Mobile/ed59a97ccb50d95fe1f9914625d564c5.php 第 227 行.
NOTIC: [8] Undefined variable: signPackage /var/www/html/paoding_gemmap/Application/Runtime/Cache/Mobile/ed59a97ccb50d95fe1f9914625d564c5.php 第 228 行.
NOTIC: [8] Undefined variable: area_name /var/www/html/paoding_gemmap/Application/Runtime/Cache/Mobile/ed59a97ccb50d95fe1f9914625d564c5.php 第 229 行.
NOTIC: [8] Undefined variable: share /var/www/html/paoding_gemmap/Application/Runtime/Cache/Mobile/ed59a97ccb50d95fe1f9914625d564c5.php 第 229 行.
NOTIC: [8] Undefined variable: share /var/www/html/paoding_gemmap/Application/Runtime/Cache/Mobile/ed59a97ccb50d95fe1f9914625d564c5.php 第 249 行.
NOTIC: [8] Undefined variable: share /var/www/html/paoding_gemmap/Application/Runtime/Cache/Mobile/ed59a97ccb50d95fe1f9914625d564c5.php 第 250 行.
NOTIC: [8] Undefined variable: signPackage /var/www/html/paoding_gemmap/Application/Runtime/Cache/Mobile/ed59a97ccb50d95fe1f9914625d564c5.php 第 251 行.
NOTIC: [8] Undefined variable: area_name /var/www/html/paoding_gemmap/Application/Runtime/Cache/Mobile/ed59a97ccb50d95fe1f9914625d564c5.php 第 252 行.
NOTIC: [8] Undefined variable: share /var/www/html/paoding_gemmap/Application/Runtime/Cache/Mobile/ed59a97ccb50d95fe1f9914625d564c5.php 第 252 行.
NOTIC: [8] Undefined variable: share /var/www/html/paoding_gemmap/Application/Runtime/Cache/Mobile/ed59a97ccb50d95fe1f9914625d564c5.php 第 272 行.
NOTIC: [8] Undefined variable: share /var/www/html/paoding_gemmap/Application/Runtime/Cache/Mobile/ed59a97ccb50d95fe1f9914625d564c5.php 第 273 行.
NOTIC: [8] Undefined variable: signPackage /var/www/html/paoding_gemmap/Application/Runtime/Cache/Mobile/ed59a97ccb50d95fe1f9914625d564c5.php 第 274 行.
NOTIC: [8] Undefined variable: area_name /var/www/html/paoding_gemmap/Application/Runtime/Cache/Mobile/ed59a97ccb50d95fe1f9914625d564c5.php 第 275 行.
NOTIC: [8] Undefined variable: share /var/www/html/paoding_gemmap/Application/Runtime/Cache/Mobile/ed59a97ccb50d95fe1f9914625d564c5.php 第 275 行.
NOTIC: [8] Undefined variable: share /var/www/html/paoding_gemmap/Application/Runtime/Cache/Mobile/ed59a97ccb50d95fe1f9914625d564c5.php 第 295 行.
NOTIC: [8] Undefined variable: share /var/www/html/paoding_gemmap/Application/Runtime/Cache/Mobile/ed59a97ccb50d95fe1f9914625d564c5.php 第 296 行.
NOTIC: [8] Undefined variable: signPackage /var/www/html/paoding_gemmap/Application/Runtime/Cache/Mobile/ed59a97ccb50d95fe1f9914625d564c5.php 第 297 行.
NOTIC: [8] Undefined variable: area_name /var/www/html/paoding_gemmap/Application/Runtime/Cache/Mobile/ed59a97ccb50d95fe1f9914625d564c5.php 第 298 行.
NOTIC: [8] Undefined variable: share /var/www/html/paoding_gemmap/Application/Runtime/Cache/Mobile/ed59a97ccb50d95fe1f9914625d564c5.php 第 298 行.
INFO: Run Behavior\ParseTemplateBehavior [ RunTime:0.007756s ]
INFO: [ view_parse ] --END-- [ RunTime:0.007792s ]
INFO: [ view_filter ] --START--
INFO: Run Behavior\WriteHtmlCacheBehavior [ RunTime:0.000109s ]
INFO: Run Behavior\TokenBuildBehavior [ RunTime:0.000369s ]
INFO: [ view_filter ] --END-- [ RunTime:0.000546s ]
INFO: [ app_end ] --START--
INFO: Run Behavior\ShowPageTraceBehavior [ RunTime:0.000508s ]
INFO: [ app_end ] --END-- [ RunTime:0.000570s ]

[ 2017-08-06T16:26:12+08:00 ] 101.226.66.180 /index.php/Mobile/Article/data_list/channel/js/type/1/data_id/4115
INFO: [ app_init ] --START--
INFO: Run Behavior\BuildLiteBehavior [ RunTime:0.000013s ]
INFO: [ app_init ] --END-- [ RunTime:0.000293s ]
INFO: [ app_begin ] --START--
INFO: Run Behavior\ReadHtmlCacheBehavior [ RunTime:0.000373s ]
INFO: [ app_begin ] --END-- [ RunTime:0.000416s ]
INFO: [ action_begin ] --START--
INFO: Run Home\Behaviors\siteBehavior [ RunTime:0.007650s ]
INFO: [ action_begin ] --END-- [ RunTime:0.007696s ]

[ 2017-08-06T16:26:15+08:00 ] 101.226.89.119 /index.php/Mobile/Article/detail/channel/js/type/1/data_id/4115
INFO: [ app_init ] --START--
INFO: Run Behavior\BuildLiteBehavior [ RunTime:0.000013s ]
INFO: [ app_init ] --END-- [ RunTime:0.000244s ]
INFO: [ app_begin ] --START--
INFO: Run Behavior\ReadHtmlCacheBehavior [ RunTime:0.000320s ]
INFO: [ app_begin ] --END-- [ RunTime:0.000363s ]
INFO: [ action_begin ] --START--
INFO: Run Home\Behaviors\siteBehavior [ RunTime:0.007668s ]
INFO: [ action_begin ] --END-- [ RunTime:0.007715s ]

[ 2017-08-06T16:29:18+08:00 ] 101.226.33.204 /index.php/mobile/Article/data_list/channel/xq
INFO: [ app_init ] --START--
INFO: Run Behavior\BuildLiteBehavior [ RunTime:0.000013s ]
INFO: [ app_init ] --END-- [ RunTime:0.000252s ]
INFO: [ app_begin ] --START--
INFO: Run Behavior\ReadHtmlCacheBehavior [ RunTime:0.000326s ]
INFO: [ app_begin ] --END-- [ RunTime:0.000370s ]
INFO: [ action_begin ] --START--
INFO: Run Home\Behaviors\siteBehavior [ RunTime:0.010611s ]
INFO: [ action_begin ] --END-- [ RunTime:0.010681s ]

[ 2017-08-06T16:30:35+08:00 ] 112.38.169.134 /index.php/Mobile/Article/detail/channel/js/type/1/data_id/4114
INFO: [ app_init ] --START--
INFO: Run Behavior\BuildLiteBehavior [ RunTime:0.000013s ]
INFO: [ app_init ] --END-- [ RunTime:0.000265s ]
INFO: [ app_begin ] --START--
INFO: Run Behavior\ReadHtmlCacheBehavior [ RunTime:0.000497s ]
INFO: [ app_begin ] --END-- [ RunTime:0.000548s ]
INFO: [ action_begin ] --START--
INFO: Run Home\Behaviors\siteBehavior [ RunTime:0.000171s ]
INFO: [ action_begin ] --END-- [ RunTime:0.000222s ]
INFO: [ view_begin ] --START--
INFO: Run Home\Behaviors\testBehavior [ RunTime:0.000091s ]
INFO: [ view_begin ] --END-- [ RunTime:0.000139s ]
INFO: [ view_parse ] --START--
INFO: [ template_filter ] --START--
INFO: Run Behavior\ContentReplaceBehavior [ RunTime:0.000085s ]
INFO: [ template_filter ] --END-- [ RunTime:0.000132s ]
NOTIC: [8] Undefined variable: seoTitle /var/www/html/paoding_gemmap/Application/Runtime/Cache/Mobile/ed59a97ccb50d95fe1f9914625d564c5.php 第 6 行.
NOTIC: [8] Undefined variable: seoKeywords /var/www/html/paoding_gemmap/Application/Runtime/Cache/Mobile/ed59a97ccb50d95fe1f9914625d564c5.php 第 7 行.
NOTIC: [8] Undefined variable: seoDescription /var/www/html/paoding_gemmap/Application/Runtime/Cache/Mobile/ed59a97ccb50d95fe1f9914625d564c5.php 第 9 行.
NOTIC: [8] Undefined variable: info /var/www/html/paoding_gemmap/Application/Runtime/Cache/Mobile/ed59a97ccb50d95fe1f9914625d564c5.php 第 79 行.
NOTIC: [8] Undefined variable: signPackage /var/www/html/paoding_gemmap/Application/Runtime/Cache/Mobile/ed59a97ccb50d95fe1f9914625d564c5.php 第 176 行.
NOTIC: [8] Undefined variable: signPackage /var/www/html/paoding_gemmap/Application/Runtime/Cache/Mobile/ed59a97ccb50d95fe1f9914625d564c5.php 第 177 行.
NOTIC: [8] Undefined variable: signPackage /var/www/html/paoding_gemmap/Application/Runtime/Cache/Mobile/ed59a97ccb50d95fe1f9914625d564c5.php 第 178 行.
NOTIC: [8] Undefined variable: signPackage /var/www/html/paoding_gemmap/Application/Runtime/Cache/Mobile/ed59a97ccb50d95fe1f9914625d564c5.php 第 179 行.
NOTIC: [8] Undefined variable: share /var/www/html/paoding_gemmap/Application/Runtime/Cache/Mobile/ed59a97ccb50d95fe1f9914625d564c5.php 第 203 行.
NOTIC: [8] Undefined variable: share /var/www/html/paoding_gemmap/Application/Runtime/Cache/Mobile/ed59a97ccb50d95fe1f9914625d564c5.php 第 204 行.
NOTIC: [8] Undefined variable: signPackage /var/www/html/paoding_gemmap/Application/Runtime/Cache/Mobile/ed59a97ccb50d95fe1f9914625d564c5.php 第 205 行.
NOTIC: [8] Undefined variable: area_name /var/www/html/paoding_gemmap/Application/Runtime/Cache/Mobile/ed59a97ccb50d95fe1f9914625d564c5.php 第 206 行.
NOTIC: [8] Undefined variable: share /var/www/html/paoding_gemmap/Application/Runtime/Cache/Mobile/ed59a97ccb50d95fe1f9914625d564c5.php 第 206 行.
NOTIC: [8] Undefined variable: share /var/www/html/paoding_gemmap/Application/Runtime/Cache/Mobile/ed59a97ccb50d95fe1f9914625d564c5.php 第 226 行.
NOTIC: [8] Undefined variable: share /var/www/html/paoding_gemmap/Application/Runtime/Cache/Mobile/ed59a97ccb50d95fe1f9914625d564c5.php 第 227 行.
NOTIC: [8] Undefined variable: signPackage /var/www/html/paoding_gemmap/Application/Runtime/Cache/Mobile/ed59a97ccb50d95fe1f9914625d564c5.php 第 228 行.
NOTIC: [8] Undefined variable: area_name /var/www/html/paoding_gemmap/Application/Runtime/Cache/Mobile/ed59a97ccb50d95fe1f9914625d564c5.php 第 229 行.
NOTIC: [8] Undefined variable: share /var/www/html/paoding_gemmap/Application/Runtime/Cache/Mobile/ed59a97ccb50d95fe1f9914625d564c5.php 第 229 行.
NOTIC: [8] Undefined variable: share /var/www/html/paoding_gemmap/Application/Runtime/Cache/Mobile/ed59a97ccb50d95fe1f9914625d564c5.php 第 249 行.
NOTIC: [8] Undefined variable: share /var/www/html/paoding_gemmap/Application/Runtime/Cache/Mobile/ed59a97ccb50d95fe1f9914625d564c5.php 第 250 行.
NOTIC: [8] Undefined variable: signPackage /var/www/html/paoding_gemmap/Application/Runtime/Cache/Mobile/ed59a97ccb50d95fe1f9914625d564c5.php 第 251 行.
NOTIC: [8] Undefined variable: area_name /var/www/html/paoding_gemmap/Application/Runtime/Cache/Mobile/ed59a97ccb50d95fe1f9914625d564c5.php 第 252 行.
NOTIC: [8] Undefined variable: share /var/www/html/paoding_gemmap/Application/Runtime/Cache/Mobile/ed59a97ccb50d95fe1f9914625d564c5.php 第 252 行.
NOTIC: [8] Undefined variable: share /var/www/html/paoding_gemmap/Application/Runtime/Cache/Mobile/ed59a97ccb50d95fe1f9914625d564c5.php 第 272 行.
NOTIC: [8] Undefined variable: share /var/www/html/paoding_gemmap/Application/Runtime/Cache/Mobile/ed59a97ccb50d95fe1f9914625d564c5.php 第 273 行.
NOTIC: [8] Undefined variable: signPackage /var/www/html/paoding_gemmap/Application/Runtime/Cache/Mobile/ed59a97ccb50d95fe1f9914625d564c5.php 第 274 行.
NOTIC: [8] Undefined variable: area_name /var/www/html/paoding_gemmap/Application/Runtime/Cache/Mobile/ed59a97ccb50d95fe1f9914625d564c5.php 第 275 行.
NOTIC: [8] Undefined variable: share /var/www/html/paoding_gemmap/Application/Runtime/Cache/Mobile/ed59a97ccb50d95fe1f9914625d564c5.php 第 275 行.
NOTIC: [8] Undefined variable: share /var/www/html/paoding_gemmap/Application/Runtime/Cache/Mobile/ed59a97ccb50d95fe1f9914625d564c5.php 第 295 行.
NOTIC: [8] Undefined variable: share /var/www/html/paoding_gemmap/Application/Runtime/Cache/Mobile/ed59a97ccb50d95fe1f9914625d564c5.php 第 296 行.
NOTIC: [8] Undefined variable: signPackage /var/www/html/paoding_gemmap/Application/Runtime/Cache/Mobile/ed59a97ccb50d95fe1f9914625d564c5.php 第 297 行.
NOTIC: [8] Undefined variable: area_name /var/www/html/paoding_gemmap/Application/Runtime/Cache/Mobile/ed59a97ccb50d95fe1f9914625d564c5.php 第 298 行.
NOTIC: [8] Undefined variable: share /var/www/html/paoding_gemmap/Application/Runtime/Cache/Mobile/ed59a97ccb50d95fe1f9914625d564c5.php 第 298 行.
INFO: Run Behavior\ParseTemplateBehavior [ RunTime:0.008014s ]
INFO: [ view_parse ] --END-- [ RunTime:0.008050s ]
INFO: [ view_filter ] --START--
INFO: Run Behavior\WriteHtmlCacheBehavior [ RunTime:0.000112s ]
INFO: Run Behavior\TokenBuildBehavior [ RunTime:0.000240s ]
INFO: [ view_filter ] --END-- [ RunTime:0.000407s ]
INFO: [ app_end ] --START--
INFO: Run Behavior\ShowPageTraceBehavior [ RunTime:0.000408s ]
INFO: [ app_end ] --END-- [ RunTime:0.000499s ]

