[ 2017-08-22T11:16:00+08:00 ] 127.0.0.1 /Uploads/task/1489027434_360%E6%88%AA%E5%9B%BE20170309104145117.png
INFO: [ app_init ] --START--
INFO: Run Behavior\BuildLiteBehavior [ RunTime:0.000000s ]
INFO: [ app_init ] --END-- [ RunTime:0.000000s ]
ERR: 无法加载模块:Uploads

[ 2017-08-22T11:16:00+08:00 ] 127.0.0.1 /Uploads/Admin/sciences/2017-01-18/1484731381_HIC%E7%A1%AC%E4%BB%B6%E4%BA%A7%E4%B8%9A%E4%BA%A4%E6%B5%814.jpg
INFO: [ app_init ] --START--
INFO: Run Behavior\BuildLiteBehavior [ RunTime:0.000000s ]
INFO: [ app_init ] --END-- [ RunTime:0.000000s ]
ERR: 无法加载模块:Uploads

[ 2017-08-22T11:16:00+08:00 ] 127.0.0.1 /Uploads/Admin/sciences/2017-01-23/1485135805_%E6%B4%BB%E5%8A%A8%E5%B0%81%E9%9D%A2.png
INFO: [ app_init ] --START--
INFO: Run Behavior\BuildLiteBehavior [ RunTime:0.000000s ]
INFO: [ app_init ] --END-- [ RunTime:0.001000s ]
ERR: 无法加载模块:Uploads

[ 2017-08-22T11:16:06+08:00 ] 127.0.0.1 /Uploads/task/1489027434_360%E6%88%AA%E5%9B%BE20170309104145117.png
INFO: [ app_init ] --START--
INFO: Run Behavior\BuildLiteBehavior [ RunTime:0.000000s ]
INFO: [ app_init ] --END-- [ RunTime:0.001000s ]
ERR: 无法加载模块:Uploads

[ 2017-08-22T11:16:06+08:00 ] 127.0.0.1 /Uploads/Admin/sciences/2017-01-18/1484731381_HIC%E7%A1%AC%E4%BB%B6%E4%BA%A7%E4%B8%9A%E4%BA%A4%E6%B5%814.jpg
INFO: [ app_init ] --START--
INFO: Run Behavior\BuildLiteBehavior [ RunTime:0.000000s ]
INFO: [ app_init ] --END-- [ RunTime:0.001000s ]
ERR: 无法加载模块:Uploads

[ 2017-08-22T11:16:06+08:00 ] 127.0.0.1 /Uploads/Admin/sciences/2017-01-23/1485135805_%E6%B4%BB%E5%8A%A8%E5%B0%81%E9%9D%A2.png
INFO: [ app_init ] --START--
INFO: Run Behavior\BuildLiteBehavior [ RunTime:0.000000s ]
INFO: [ app_init ] --END-- [ RunTime:0.000000s ]
ERR: 无法加载模块:Uploads

[ 2017-08-22T11:16:17+08:00 ] 127.0.0.1 /Uploads/Admin/sciences/2017-01-18/1484731381_HIC%E7%A1%AC%E4%BB%B6%E4%BA%A7%E4%B8%9A%E4%BA%A4%E6%B5%814.jpg
INFO: [ app_init ] --START--
INFO: Run Behavior\BuildLiteBehavior [ RunTime:0.000000s ]
INFO: [ app_init ] --END-- [ RunTime:0.001000s ]
ERR: 无法加载模块:Uploads

[ 2017-08-22T11:16:17+08:00 ] 127.0.0.1 /Uploads/Admin/sciences/2017-01-23/1485135805_%E6%B4%BB%E5%8A%A8%E5%B0%81%E9%9D%A2.png
INFO: [ app_init ] --START--
INFO: Run Behavior\BuildLiteBehavior [ RunTime:0.000000s ]
INFO: [ app_init ] --END-- [ RunTime:0.000000s ]
ERR: 无法加载模块:Uploads

[ 2017-08-22T11:16:17+08:00 ] 127.0.0.1 /Uploads/task/1489027434_360%E6%88%AA%E5%9B%BE20170309104145117.png
INFO: [ app_init ] --START--
INFO: Run Behavior\BuildLiteBehavior [ RunTime:0.000000s ]
INFO: [ app_init ] --END-- [ RunTime:0.001001s ]
ERR: 无法加载模块:Uploads

[ 2017-08-22T11:34:26+08:00 ] 127.0.0.1 /Uploads/task/1489027434_360%E6%88%AA%E5%9B%BE20170309104145117.png
INFO: [ app_init ] --START--
INFO: Run Behavior\BuildLiteBehavior [ RunTime:0.000000s ]
INFO: [ app_init ] --END-- [ RunTime:0.001000s ]
ERR: 无法加载模块:Uploads

[ 2017-08-22T11:34:26+08:00 ] 127.0.0.1 /Uploads/Admin/sciences/2017-01-18/1484731381_HIC%E7%A1%AC%E4%BB%B6%E4%BA%A7%E4%B8%9A%E4%BA%A4%E6%B5%814.jpg
INFO: [ app_init ] --START--
INFO: Run Behavior\BuildLiteBehavior [ RunTime:0.000000s ]
INFO: [ app_init ] --END-- [ RunTime:0.001000s ]
ERR: 无法加载模块:Uploads

[ 2017-08-22T11:34:26+08:00 ] 127.0.0.1 /Uploads/Admin/sciences/2017-01-23/1485135805_%E6%B4%BB%E5%8A%A8%E5%B0%81%E9%9D%A2.png
INFO: [ app_init ] --START--
INFO: Run Behavior\BuildLiteBehavior [ RunTime:0.000000s ]
INFO: [ app_init ] --END-- [ RunTime:0.001000s ]
ERR: 无法加载模块:Uploads

[ 2017-08-22T11:34:29+08:00 ] 127.0.0.1 /Uploads/task/1489027434_360%E6%88%AA%E5%9B%BE20170309104145117.png
INFO: [ app_init ] --START--
INFO: Run Behavior\BuildLiteBehavior [ RunTime:0.000000s ]
INFO: [ app_init ] --END-- [ RunTime:0.000000s ]
ERR: 无法加载模块:Uploads

[ 2017-08-22T11:34:29+08:00 ] 127.0.0.1 /Uploads/Admin/sciences/2017-01-18/1484731381_HIC%E7%A1%AC%E4%BB%B6%E4%BA%A7%E4%B8%9A%E4%BA%A4%E6%B5%814.jpg
INFO: [ app_init ] --START--
INFO: Run Behavior\BuildLiteBehavior [ RunTime:0.000000s ]
INFO: [ app_init ] --END-- [ RunTime:0.001000s ]
ERR: 无法加载模块:Uploads

[ 2017-08-22T11:34:29+08:00 ] 127.0.0.1 /Uploads/Admin/sciences/2017-01-23/1485135805_%E6%B4%BB%E5%8A%A8%E5%B0%81%E9%9D%A2.png
INFO: [ app_init ] --START--
INFO: Run Behavior\BuildLiteBehavior [ RunTime:0.000000s ]
INFO: [ app_init ] --END-- [ RunTime:0.000000s ]
ERR: 无法加载模块:Uploads

[ 2017-08-22T11:34:32+08:00 ] 127.0.0.1 /Uploads/task/1489027434_360%E6%88%AA%E5%9B%BE20170309104145117.png
INFO: [ app_init ] --START--
INFO: Run Behavior\BuildLiteBehavior [ RunTime:0.000000s ]
INFO: [ app_init ] --END-- [ RunTime:0.001000s ]
ERR: 无法加载模块:Uploads

[ 2017-08-22T11:34:32+08:00 ] 127.0.0.1 /Uploads/Admin/sciences/2017-01-18/1484731381_HIC%E7%A1%AC%E4%BB%B6%E4%BA%A7%E4%B8%9A%E4%BA%A4%E6%B5%814.jpg
INFO: [ app_init ] --START--
INFO: Run Behavior\BuildLiteBehavior [ RunTime:0.000000s ]
INFO: [ app_init ] --END-- [ RunTime:0.001000s ]
ERR: 无法加载模块:Uploads

[ 2017-08-22T11:34:32+08:00 ] 127.0.0.1 /Uploads/Admin/sciences/2017-01-23/1485135805_%E6%B4%BB%E5%8A%A8%E5%B0%81%E9%9D%A2.png
INFO: [ app_init ] --START--
INFO: Run Behavior\BuildLiteBehavior [ RunTime:0.001001s ]
INFO: [ app_init ] --END-- [ RunTime:0.001001s ]
ERR: 无法加载模块:Uploads

[ 2017-08-22T11:35:49+08:00 ] 127.0.0.1 /Uploads/Admin/sciences/2017-01-18/1484731381_HIC%E7%A1%AC%E4%BB%B6%E4%BA%A7%E4%B8%9A%E4%BA%A4%E6%B5%814.jpg
INFO: [ app_init ] --START--
INFO: Run Behavior\BuildLiteBehavior [ RunTime:0.000000s ]
INFO: [ app_init ] --END-- [ RunTime:0.000000s ]
ERR: 无法加载模块:Uploads

[ 2017-08-22T11:35:49+08:00 ] 127.0.0.1 /Uploads/Admin/sciences/2017-01-23/1485135805_%E6%B4%BB%E5%8A%A8%E5%B0%81%E9%9D%A2.png
INFO: [ app_init ] --START--
INFO: Run Behavior\BuildLiteBehavior [ RunTime:0.000000s ]
INFO: [ app_init ] --END-- [ RunTime:0.001000s ]
ERR: 无法加载模块:Uploads

[ 2017-08-22T11:35:49+08:00 ] 127.0.0.1 /Uploads/task/1489027434_360%E6%88%AA%E5%9B%BE20170309104145117.png
INFO: [ app_init ] --START--
INFO: Run Behavior\BuildLiteBehavior [ RunTime:0.000000s ]
INFO: [ app_init ] --END-- [ RunTime:0.001001s ]
ERR: 无法加载模块:Uploads

[ 2017-08-22T11:35:51+08:00 ] 127.0.0.1 /Uploads/task/1489027434_360%E6%88%AA%E5%9B%BE20170309104145117.png
INFO: [ app_init ] --START--
INFO: Run Behavior\BuildLiteBehavior [ RunTime:0.000000s ]
INFO: [ app_init ] --END-- [ RunTime:0.000000s ]
ERR: 无法加载模块:Uploads

[ 2017-08-22T11:35:51+08:00 ] 127.0.0.1 /Uploads/Admin/sciences/2017-01-18/1484731381_HIC%E7%A1%AC%E4%BB%B6%E4%BA%A7%E4%B8%9A%E4%BA%A4%E6%B5%814.jpg
INFO: [ app_init ] --START--
INFO: Run Behavior\BuildLiteBehavior [ RunTime:0.000000s ]
INFO: [ app_init ] --END-- [ RunTime:0.000000s ]
ERR: 无法加载模块:Uploads

[ 2017-08-22T11:35:51+08:00 ] 127.0.0.1 /Uploads/Admin/sciences/2017-01-23/1485135805_%E6%B4%BB%E5%8A%A8%E5%B0%81%E9%9D%A2.png
INFO: [ app_init ] --START--
INFO: Run Behavior\BuildLiteBehavior [ RunTime:0.000000s ]
INFO: [ app_init ] --END-- [ RunTime:0.000000s ]
ERR: 无法加载模块:Uploads

[ 2017-08-22T11:35:53+08:00 ] 127.0.0.1 /Uploads/task/1489027434_360%E6%88%AA%E5%9B%BE20170309104145117.png
INFO: [ app_init ] --START--
INFO: Run Behavior\BuildLiteBehavior [ RunTime:0.000000s ]
INFO: [ app_init ] --END-- [ RunTime:0.000000s ]
ERR: 无法加载模块:Uploads

[ 2017-08-22T11:35:53+08:00 ] 127.0.0.1 /Uploads/Admin/sciences/2017-01-18/1484731381_HIC%E7%A1%AC%E4%BB%B6%E4%BA%A7%E4%B8%9A%E4%BA%A4%E6%B5%814.jpg
INFO: [ app_init ] --START--
INFO: Run Behavior\BuildLiteBehavior [ RunTime:0.000000s ]
INFO: [ app_init ] --END-- [ RunTime:0.000000s ]
ERR: 无法加载模块:Uploads

[ 2017-08-22T11:35:53+08:00 ] 127.0.0.1 /Uploads/Admin/sciences/2017-01-23/1485135805_%E6%B4%BB%E5%8A%A8%E5%B0%81%E9%9D%A2.png
INFO: [ app_init ] --START--
INFO: Run Behavior\BuildLiteBehavior [ RunTime:0.000000s ]
INFO: [ app_init ] --END-- [ RunTime:0.000000s ]
ERR: 无法加载模块:Uploads

[ 2017-08-22T11:35:56+08:00 ] 127.0.0.1 /Uploads/Admin/sciences/2017-01-18/1484731381_HIC%E7%A1%AC%E4%BB%B6%E4%BA%A7%E4%B8%9A%E4%BA%A4%E6%B5%814.jpg
INFO: [ app_init ] --START--
INFO: Run Behavior\BuildLiteBehavior [ RunTime:0.000000s ]
INFO: [ app_init ] --END-- [ RunTime:0.000000s ]
ERR: 无法加载模块:Uploads

[ 2017-08-22T11:35:56+08:00 ] 127.0.0.1 /Uploads/Admin/sciences/2017-01-23/1485135805_%E6%B4%BB%E5%8A%A8%E5%B0%81%E9%9D%A2.png
INFO: [ app_init ] --START--
INFO: Run Behavior\BuildLiteBehavior [ RunTime:0.000000s ]
INFO: [ app_init ] --END-- [ RunTime:0.001000s ]
ERR: 无法加载模块:Uploads

[ 2017-08-22T11:35:56+08:00 ] 127.0.0.1 /Uploads/task/1489027434_360%E6%88%AA%E5%9B%BE20170309104145117.png
INFO: [ app_init ] --START--
INFO: Run Behavior\BuildLiteBehavior [ RunTime:0.000000s ]
INFO: [ app_init ] --END-- [ RunTime:0.001000s ]
ERR: 无法加载模块:Uploads

[ 2017-08-22T11:35:59+08:00 ] 127.0.0.1 /Uploads/Admin/sciences/2017-01-18/1484731381_HIC%E7%A1%AC%E4%BB%B6%E4%BA%A7%E4%B8%9A%E4%BA%A4%E6%B5%814.jpg
INFO: [ app_init ] --START--
INFO: Run Behavior\BuildLiteBehavior [ RunTime:0.000000s ]
INFO: [ app_init ] --END-- [ RunTime:0.001000s ]
ERR: 无法加载模块:Uploads

[ 2017-08-22T11:35:59+08:00 ] 127.0.0.1 /Uploads/Admin/sciences/2017-01-23/1485135805_%E6%B4%BB%E5%8A%A8%E5%B0%81%E9%9D%A2.png
INFO: [ app_init ] --START--
INFO: Run Behavior\BuildLiteBehavior [ RunTime:0.000000s ]
INFO: [ app_init ] --END-- [ RunTime:0.000000s ]
ERR: 无法加载模块:Uploads

[ 2017-08-22T11:35:59+08:00 ] 127.0.0.1 /Uploads/task/1489027434_360%E6%88%AA%E5%9B%BE20170309104145117.png
INFO: [ app_init ] --START--
INFO: Run Behavior\BuildLiteBehavior [ RunTime:0.000000s ]
INFO: [ app_init ] --END-- [ RunTime:0.001000s ]
ERR: 无法加载模块:Uploads

[ 2017-08-22T11:36:04+08:00 ] 127.0.0.1 /Uploads/task/1489027434_360%E6%88%AA%E5%9B%BE20170309104145117.png
INFO: [ app_init ] --START--
INFO: Run Behavior\BuildLiteBehavior [ RunTime:0.000000s ]
INFO: [ app_init ] --END-- [ RunTime:0.000000s ]
ERR: 无法加载模块:Uploads

[ 2017-08-22T11:36:05+08:00 ] 127.0.0.1 /Uploads/Admin/sciences/2017-01-18/1484731381_HIC%E7%A1%AC%E4%BB%B6%E4%BA%A7%E4%B8%9A%E4%BA%A4%E6%B5%814.jpg
INFO: [ app_init ] --START--
INFO: Run Behavior\BuildLiteBehavior [ RunTime:0.000000s ]
INFO: [ app_init ] --END-- [ RunTime:0.001000s ]
ERR: 无法加载模块:Uploads

[ 2017-08-22T11:36:05+08:00 ] 127.0.0.1 /Uploads/Admin/sciences/2017-01-23/1485135805_%E6%B4%BB%E5%8A%A8%E5%B0%81%E9%9D%A2.png
INFO: [ app_init ] --START--
INFO: Run Behavior\BuildLiteBehavior [ RunTime:0.000000s ]
INFO: [ app_init ] --END-- [ RunTime:0.001000s ]
ERR: 无法加载模块:Uploads

[ 2017-08-22T11:36:06+08:00 ] 127.0.0.1 /Uploads/Admin/sciences/2017-01-18/1484731381_HIC%E7%A1%AC%E4%BB%B6%E4%BA%A7%E4%B8%9A%E4%BA%A4%E6%B5%814.jpg
INFO: [ app_init ] --START--
INFO: Run Behavior\BuildLiteBehavior [ RunTime:0.000000s ]
INFO: [ app_init ] --END-- [ RunTime:0.001000s ]
ERR: 无法加载模块:Uploads

[ 2017-08-22T11:36:06+08:00 ] 127.0.0.1 /Uploads/Admin/sciences/2017-01-23/1485135805_%E6%B4%BB%E5%8A%A8%E5%B0%81%E9%9D%A2.png
INFO: [ app_init ] --START--
INFO: Run Behavior\BuildLiteBehavior [ RunTime:0.000000s ]
INFO: [ app_init ] --END-- [ RunTime:0.000000s ]
ERR: 无法加载模块:Uploads

[ 2017-08-22T11:36:06+08:00 ] 127.0.0.1 /Uploads/task/1489027434_360%E6%88%AA%E5%9B%BE20170309104145117.png
INFO: [ app_init ] --START--
INFO: Run Behavior\BuildLiteBehavior [ RunTime:0.000000s ]
INFO: [ app_init ] --END-- [ RunTime:0.000000s ]
ERR: 无法加载模块:Uploads

[ 2017-08-22T11:36:07+08:00 ] 127.0.0.1 /Uploads/task/1489027434_360%E6%88%AA%E5%9B%BE20170309104145117.png
INFO: [ app_init ] --START--
INFO: Run Behavior\BuildLiteBehavior [ RunTime:0.000000s ]
INFO: [ app_init ] --END-- [ RunTime:0.001000s ]
ERR: 无法加载模块:Uploads

[ 2017-08-22T11:36:08+08:00 ] 127.0.0.1 /Uploads/Admin/sciences/2017-01-18/1484731381_HIC%E7%A1%AC%E4%BB%B6%E4%BA%A7%E4%B8%9A%E4%BA%A4%E6%B5%814.jpg
INFO: [ app_init ] --START--
INFO: Run Behavior\BuildLiteBehavior [ RunTime:0.000000s ]
INFO: [ app_init ] --END-- [ RunTime:0.000000s ]
ERR: 无法加载模块:Uploads

[ 2017-08-22T11:36:08+08:00 ] 127.0.0.1 /Uploads/Admin/sciences/2017-01-23/1485135805_%E6%B4%BB%E5%8A%A8%E5%B0%81%E9%9D%A2.png
INFO: [ app_init ] --START--
INFO: Run Behavior\BuildLiteBehavior [ RunTime:0.000000s ]
INFO: [ app_init ] --END-- [ RunTime:0.001000s ]
ERR: 无法加载模块:Uploads

[ 2017-08-22T11:36:09+08:00 ] 127.0.0.1 /Uploads/task/1489027434_360%E6%88%AA%E5%9B%BE20170309104145117.png
INFO: [ app_init ] --START--
INFO: Run Behavior\BuildLiteBehavior [ RunTime:0.000000s ]
INFO: [ app_init ] --END-- [ RunTime:0.001000s ]
ERR: 无法加载模块:Uploads

[ 2017-08-22T11:36:09+08:00 ] 127.0.0.1 /Uploads/Admin/sciences/2017-01-18/1484731381_HIC%E7%A1%AC%E4%BB%B6%E4%BA%A7%E4%B8%9A%E4%BA%A4%E6%B5%814.jpg
INFO: [ app_init ] --START--
INFO: Run Behavior\BuildLiteBehavior [ RunTime:0.000000s ]
INFO: [ app_init ] --END-- [ RunTime:0.000000s ]
ERR: 无法加载模块:Uploads

[ 2017-08-22T11:36:09+08:00 ] 127.0.0.1 /Uploads/Admin/sciences/2017-01-23/1485135805_%E6%B4%BB%E5%8A%A8%E5%B0%81%E9%9D%A2.png
INFO: [ app_init ] --START--
INFO: Run Behavior\BuildLiteBehavior [ RunTime:0.000000s ]
INFO: [ app_init ] --END-- [ RunTime:0.001000s ]
ERR: 无法加载模块:Uploads

[ 2017-08-22T11:36:10+08:00 ] 127.0.0.1 /Uploads/task/1489027434_360%E6%88%AA%E5%9B%BE20170309104145117.png
INFO: [ app_init ] --START--
INFO: Run Behavior\BuildLiteBehavior [ RunTime:0.000000s ]
INFO: [ app_init ] --END-- [ RunTime:0.001000s ]
ERR: 无法加载模块:Uploads

[ 2017-08-22T11:36:10+08:00 ] 127.0.0.1 /Uploads/Admin/sciences/2017-01-18/1484731381_HIC%E7%A1%AC%E4%BB%B6%E4%BA%A7%E4%B8%9A%E4%BA%A4%E6%B5%814.jpg
INFO: [ app_init ] --START--
INFO: Run Behavior\BuildLiteBehavior [ RunTime:0.000000s ]
INFO: [ app_init ] --END-- [ RunTime:0.000000s ]
ERR: 无法加载模块:Uploads

[ 2017-08-22T11:36:10+08:00 ] 127.0.0.1 /Uploads/Admin/sciences/2017-01-23/1485135805_%E6%B4%BB%E5%8A%A8%E5%B0%81%E9%9D%A2.png
INFO: [ app_init ] --START--
INFO: Run Behavior\BuildLiteBehavior [ RunTime:0.000000s ]
INFO: [ app_init ] --END-- [ RunTime:0.001000s ]
ERR: 无法加载模块:Uploads

[ 2017-08-22T11:36:11+08:00 ] 127.0.0.1 /Uploads/Admin/sciences/2017-01-18/1484731381_HIC%E7%A1%AC%E4%BB%B6%E4%BA%A7%E4%B8%9A%E4%BA%A4%E6%B5%814.jpg
INFO: [ app_init ] --START--
INFO: Run Behavior\BuildLiteBehavior [ RunTime:0.000000s ]
INFO: [ app_init ] --END-- [ RunTime:0.001000s ]
ERR: 无法加载模块:Uploads

[ 2017-08-22T11:36:11+08:00 ] 127.0.0.1 /Uploads/Admin/sciences/2017-01-23/1485135805_%E6%B4%BB%E5%8A%A8%E5%B0%81%E9%9D%A2.png
INFO: [ app_init ] --START--
INFO: Run Behavior\BuildLiteBehavior [ RunTime:0.000000s ]
INFO: [ app_init ] --END-- [ RunTime:0.001001s ]
ERR: 无法加载模块:Uploads

[ 2017-08-22T11:36:11+08:00 ] 127.0.0.1 /Uploads/task/1489027434_360%E6%88%AA%E5%9B%BE20170309104145117.png
INFO: [ app_init ] --START--
INFO: Run Behavior\BuildLiteBehavior [ RunTime:0.000000s ]
INFO: [ app_init ] --END-- [ RunTime:0.002000s ]
ERR: 无法加载模块:Uploads

[ 2017-08-22T11:36:18+08:00 ] 127.0.0.1 /Uploads/task/1489027434_360%E6%88%AA%E5%9B%BE20170309104145117.png
INFO: [ app_init ] --START--
INFO: Run Behavior\BuildLiteBehavior [ RunTime:0.000000s ]
INFO: [ app_init ] --END-- [ RunTime:0.001000s ]
ERR: 无法加载模块:Uploads

[ 2017-08-22T11:36:18+08:00 ] 127.0.0.1 /Uploads/Admin/sciences/2017-01-18/1484731381_HIC%E7%A1%AC%E4%BB%B6%E4%BA%A7%E4%B8%9A%E4%BA%A4%E6%B5%814.jpg
INFO: [ app_init ] --START--
INFO: Run Behavior\BuildLiteBehavior [ RunTime:0.001000s ]
INFO: [ app_init ] --END-- [ RunTime:0.001000s ]
ERR: 无法加载模块:Uploads

[ 2017-08-22T11:36:18+08:00 ] 127.0.0.1 /Uploads/Admin/sciences/2017-01-23/1485135805_%E6%B4%BB%E5%8A%A8%E5%B0%81%E9%9D%A2.png
INFO: [ app_init ] --START--
INFO: Run Behavior\BuildLiteBehavior [ RunTime:0.000000s ]
INFO: [ app_init ] --END-- [ RunTime:0.000000s ]
ERR: 无法加载模块:Uploads

[ 2017-08-22T11:36:19+08:00 ] 127.0.0.1 /Uploads/task/1489027434_360%E6%88%AA%E5%9B%BE20170309104145117.png
INFO: [ app_init ] --START--
INFO: Run Behavior\BuildLiteBehavior [ RunTime:0.000000s ]
INFO: [ app_init ] --END-- [ RunTime:0.000000s ]
ERR: 无法加载模块:Uploads

[ 2017-08-22T11:36:19+08:00 ] 127.0.0.1 /Uploads/Admin/sciences/2017-01-18/1484731381_HIC%E7%A1%AC%E4%BB%B6%E4%BA%A7%E4%B8%9A%E4%BA%A4%E6%B5%814.jpg
INFO: [ app_init ] --START--
INFO: Run Behavior\BuildLiteBehavior [ RunTime:0.000000s ]
INFO: [ app_init ] --END-- [ RunTime:0.001000s ]
ERR: 无法加载模块:Uploads

[ 2017-08-22T11:36:19+08:00 ] 127.0.0.1 /Uploads/Admin/sciences/2017-01-23/1485135805_%E6%B4%BB%E5%8A%A8%E5%B0%81%E9%9D%A2.png
INFO: [ app_init ] --START--
INFO: Run Behavior\BuildLiteBehavior [ RunTime:0.000000s ]
INFO: [ app_init ] --END-- [ RunTime:0.001000s ]
ERR: 无法加载模块:Uploads

[ 2017-08-22T11:36:21+08:00 ] 127.0.0.1 /Uploads/Admin/sciences/2017-01-18/1484731381_HIC%E7%A1%AC%E4%BB%B6%E4%BA%A7%E4%B8%9A%E4%BA%A4%E6%B5%814.jpg
INFO: [ app_init ] --START--
INFO: Run Behavior\BuildLiteBehavior [ RunTime:0.000000s ]
INFO: [ app_init ] --END-- [ RunTime:0.001000s ]
ERR: 无法加载模块:Uploads

[ 2017-08-22T11:36:21+08:00 ] 127.0.0.1 /Uploads/Admin/sciences/2017-01-23/1485135805_%E6%B4%BB%E5%8A%A8%E5%B0%81%E9%9D%A2.png
INFO: [ app_init ] --START--
INFO: Run Behavior\BuildLiteBehavior [ RunTime:0.000000s ]
INFO: [ app_init ] --END-- [ RunTime:0.000000s ]
ERR: 无法加载模块:Uploads

[ 2017-08-22T11:36:21+08:00 ] 127.0.0.1 /Uploads/task/1489027434_360%E6%88%AA%E5%9B%BE20170309104145117.png
INFO: [ app_init ] --START--
INFO: Run Behavior\BuildLiteBehavior [ RunTime:0.000000s ]
INFO: [ app_init ] --END-- [ RunTime:0.001000s ]
ERR: 无法加载模块:Uploads

[ 2017-08-22T11:36:22+08:00 ] 127.0.0.1 /Uploads/Admin/sciences/2017-01-18/1484731381_HIC%E7%A1%AC%E4%BB%B6%E4%BA%A7%E4%B8%9A%E4%BA%A4%E6%B5%814.jpg
INFO: [ app_init ] --START--
INFO: Run Behavior\BuildLiteBehavior [ RunTime:0.000000s ]
INFO: [ app_init ] --END-- [ RunTime:0.000000s ]
ERR: 无法加载模块:Uploads

[ 2017-08-22T11:36:22+08:00 ] 127.0.0.1 /Uploads/Admin/sciences/2017-01-23/1485135805_%E6%B4%BB%E5%8A%A8%E5%B0%81%E9%9D%A2.png
INFO: [ app_init ] --START--
INFO: Run Behavior\BuildLiteBehavior [ RunTime:0.000000s ]
INFO: [ app_init ] --END-- [ RunTime:0.001000s ]
ERR: 无法加载模块:Uploads

[ 2017-08-22T11:36:22+08:00 ] 127.0.0.1 /Uploads/task/1489027434_360%E6%88%AA%E5%9B%BE20170309104145117.png
INFO: [ app_init ] --START--
INFO: Run Behavior\BuildLiteBehavior [ RunTime:0.000000s ]
INFO: [ app_init ] --END-- [ RunTime:0.001000s ]
ERR: 无法加载模块:Uploads

[ 2017-08-22T11:36:24+08:00 ] 127.0.0.1 /Uploads/task/1489027434_360%E6%88%AA%E5%9B%BE20170309104145117.png
INFO: [ app_init ] --START--
INFO: Run Behavior\BuildLiteBehavior [ RunTime:0.000000s ]
INFO: [ app_init ] --END-- [ RunTime:0.001000s ]
ERR: 无法加载模块:Uploads

[ 2017-08-22T11:36:24+08:00 ] 127.0.0.1 /Uploads/Admin/sciences/2017-01-18/1484731381_HIC%E7%A1%AC%E4%BB%B6%E4%BA%A7%E4%B8%9A%E4%BA%A4%E6%B5%814.jpg
INFO: [ app_init ] --START--
INFO: Run Behavior\BuildLiteBehavior [ RunTime:0.000000s ]
INFO: [ app_init ] --END-- [ RunTime:0.002000s ]
ERR: 无法加载模块:Uploads

[ 2017-08-22T11:36:24+08:00 ] 127.0.0.1 /Uploads/Admin/sciences/2017-01-23/1485135805_%E6%B4%BB%E5%8A%A8%E5%B0%81%E9%9D%A2.png
INFO: [ app_init ] --START--
INFO: Run Behavior\BuildLiteBehavior [ RunTime:0.000000s ]
INFO: [ app_init ] --END-- [ RunTime:0.001000s ]
ERR: 无法加载模块:Uploads

[ 2017-08-22T11:36:25+08:00 ] 127.0.0.1 /Uploads/task/1489027434_360%E6%88%AA%E5%9B%BE20170309104145117.png
INFO: [ app_init ] --START--
INFO: Run Behavior\BuildLiteBehavior [ RunTime:0.000000s ]
INFO: [ app_init ] --END-- [ RunTime:0.000000s ]
ERR: 无法加载模块:Uploads

[ 2017-08-22T11:36:25+08:00 ] 127.0.0.1 /Uploads/Admin/sciences/2017-01-18/1484731381_HIC%E7%A1%AC%E4%BB%B6%E4%BA%A7%E4%B8%9A%E4%BA%A4%E6%B5%814.jpg
INFO: [ app_init ] --START--
INFO: Run Behavior\BuildLiteBehavior [ RunTime:0.000000s ]
INFO: [ app_init ] --END-- [ RunTime:0.001000s ]
ERR: 无法加载模块:Uploads

[ 2017-08-22T11:36:25+08:00 ] 127.0.0.1 /Uploads/Admin/sciences/2017-01-23/1485135805_%E6%B4%BB%E5%8A%A8%E5%B0%81%E9%9D%A2.png
INFO: [ app_init ] --START--
INFO: Run Behavior\BuildLiteBehavior [ RunTime:0.000000s ]
INFO: [ app_init ] --END-- [ RunTime:0.001000s ]
ERR: 无法加载模块:Uploads

[ 2017-08-22T11:36:26+08:00 ] 127.0.0.1 /Uploads/Admin/sciences/2017-01-18/1484731381_HIC%E7%A1%AC%E4%BB%B6%E4%BA%A7%E4%B8%9A%E4%BA%A4%E6%B5%814.jpg
INFO: [ app_init ] --START--
INFO: Run Behavior\BuildLiteBehavior [ RunTime:0.000000s ]
INFO: [ app_init ] --END-- [ RunTime:0.001001s ]
ERR: 无法加载模块:Uploads

[ 2017-08-22T11:36:26+08:00 ] 127.0.0.1 /Uploads/Admin/sciences/2017-01-23/1485135805_%E6%B4%BB%E5%8A%A8%E5%B0%81%E9%9D%A2.png
INFO: [ app_init ] --START--
INFO: Run Behavior\BuildLiteBehavior [ RunTime:0.000000s ]
INFO: [ app_init ] --END-- [ RunTime:0.001000s ]
ERR: 无法加载模块:Uploads

[ 2017-08-22T11:36:26+08:00 ] 127.0.0.1 /Uploads/task/1489027434_360%E6%88%AA%E5%9B%BE20170309104145117.png
INFO: [ app_init ] --START--
INFO: Run Behavior\BuildLiteBehavior [ RunTime:0.000000s ]
INFO: [ app_init ] --END-- [ RunTime:0.001000s ]
ERR: 无法加载模块:Uploads

[ 2017-08-22T11:36:27+08:00 ] 127.0.0.1 /Uploads/Admin/sciences/2017-01-18/1484731381_HIC%E7%A1%AC%E4%BB%B6%E4%BA%A7%E4%B8%9A%E4%BA%A4%E6%B5%814.jpg
INFO: [ app_init ] --START--
INFO: Run Behavior\BuildLiteBehavior [ RunTime:0.000000s ]
INFO: [ app_init ] --END-- [ RunTime:0.001000s ]
ERR: 无法加载模块:Uploads

[ 2017-08-22T11:36:27+08:00 ] 127.0.0.1 /Uploads/Admin/sciences/2017-01-23/1485135805_%E6%B4%BB%E5%8A%A8%E5%B0%81%E9%9D%A2.png
INFO: [ app_init ] --START--
INFO: Run Behavior\BuildLiteBehavior [ RunTime:0.000000s ]
INFO: [ app_init ] --END-- [ RunTime:0.001000s ]
ERR: 无法加载模块:Uploads

[ 2017-08-22T11:36:27+08:00 ] 127.0.0.1 /Uploads/task/1489027434_360%E6%88%AA%E5%9B%BE20170309104145117.png
INFO: [ app_init ] --START--
INFO: Run Behavior\BuildLiteBehavior [ RunTime:0.000000s ]
INFO: [ app_init ] --END-- [ RunTime:0.001001s ]
ERR: 无法加载模块:Uploads

[ 2017-08-22T11:36:38+08:00 ] 127.0.0.1 /Uploads/task/1489027434_360%E6%88%AA%E5%9B%BE20170309104145117.png
INFO: [ app_init ] --START--
INFO: Run Behavior\BuildLiteBehavior [ RunTime:0.000000s ]
INFO: [ app_init ] --END-- [ RunTime:0.000000s ]
ERR: 无法加载模块:Uploads

[ 2017-08-22T11:36:38+08:00 ] 127.0.0.1 /Uploads/Admin/sciences/2017-01-18/1484731381_HIC%E7%A1%AC%E4%BB%B6%E4%BA%A7%E4%B8%9A%E4%BA%A4%E6%B5%814.jpg
INFO: [ app_init ] --START--
INFO: Run Behavior\BuildLiteBehavior [ RunTime:0.000000s ]
INFO: [ app_init ] --END-- [ RunTime:0.001000s ]
ERR: 无法加载模块:Uploads

[ 2017-08-22T11:36:38+08:00 ] 127.0.0.1 /Uploads/Admin/sciences/2017-01-23/1485135805_%E6%B4%BB%E5%8A%A8%E5%B0%81%E9%9D%A2.png
INFO: [ app_init ] --START--
INFO: Run Behavior\BuildLiteBehavior [ RunTime:0.000000s ]
INFO: [ app_init ] --END-- [ RunTime:0.001000s ]
ERR: 无法加载模块:Uploads

[ 2017-08-22T11:36:39+08:00 ] 127.0.0.1 /Uploads/Admin/sciences/2017-01-18/1484731381_HIC%E7%A1%AC%E4%BB%B6%E4%BA%A7%E4%B8%9A%E4%BA%A4%E6%B5%814.jpg
INFO: [ app_init ] --START--
INFO: Run Behavior\BuildLiteBehavior [ RunTime:0.000000s ]
INFO: [ app_init ] --END-- [ RunTime:0.000000s ]
ERR: 无法加载模块:Uploads

[ 2017-08-22T11:36:39+08:00 ] 127.0.0.1 /Uploads/Admin/sciences/2017-01-23/1485135805_%E6%B4%BB%E5%8A%A8%E5%B0%81%E9%9D%A2.png
INFO: [ app_init ] --START--
INFO: Run Behavior\BuildLiteBehavior [ RunTime:0.000000s ]
INFO: [ app_init ] --END-- [ RunTime:0.001000s ]
ERR: 无法加载模块:Uploads

[ 2017-08-22T11:36:39+08:00 ] 127.0.0.1 /Uploads/task/1489027434_360%E6%88%AA%E5%9B%BE20170309104145117.png
INFO: [ app_init ] --START--
INFO: Run Behavior\BuildLiteBehavior [ RunTime:0.000000s ]
INFO: [ app_init ] --END-- [ RunTime:0.001001s ]
ERR: 无法加载模块:Uploads

[ 2017-08-22T11:37:00+08:00 ] 127.0.0.1 /Uploads/task/1489027434_360%E6%88%AA%E5%9B%BE20170309104145117.png
INFO: [ app_init ] --START--
INFO: Run Behavior\BuildLiteBehavior [ RunTime:0.000000s ]
INFO: [ app_init ] --END-- [ RunTime:0.000000s ]
ERR: 无法加载模块:Uploads

[ 2017-08-22T11:37:01+08:00 ] 127.0.0.1 /Uploads/Admin/sciences/2017-01-18/1484731381_HIC%E7%A1%AC%E4%BB%B6%E4%BA%A7%E4%B8%9A%E4%BA%A4%E6%B5%814.jpg
INFO: [ app_init ] --START--
INFO: Run Behavior\BuildLiteBehavior [ RunTime:0.000000s ]
INFO: [ app_init ] --END-- [ RunTime:0.000000s ]
ERR: 无法加载模块:Uploads

[ 2017-08-22T11:37:01+08:00 ] 127.0.0.1 /Uploads/Admin/sciences/2017-01-23/1485135805_%E6%B4%BB%E5%8A%A8%E5%B0%81%E9%9D%A2.png
INFO: [ app_init ] --START--
INFO: Run Behavior\BuildLiteBehavior [ RunTime:0.000000s ]
INFO: [ app_init ] --END-- [ RunTime:0.001000s ]
ERR: 无法加载模块:Uploads

[ 2017-08-22T11:37:02+08:00 ] 127.0.0.1 /Uploads/Admin/sciences/2017-01-18/1484731381_HIC%E7%A1%AC%E4%BB%B6%E4%BA%A7%E4%B8%9A%E4%BA%A4%E6%B5%814.jpg
INFO: [ app_init ] --START--
INFO: Run Behavior\BuildLiteBehavior [ RunTime:0.000000s ]
INFO: [ app_init ] --END-- [ RunTime:0.001000s ]
ERR: 无法加载模块:Uploads

[ 2017-08-22T11:37:02+08:00 ] 127.0.0.1 /Uploads/Admin/sciences/2017-01-23/1485135805_%E6%B4%BB%E5%8A%A8%E5%B0%81%E9%9D%A2.png
INFO: [ app_init ] --START--
INFO: Run Behavior\BuildLiteBehavior [ RunTime:0.000000s ]
INFO: [ app_init ] --END-- [ RunTime:0.001000s ]
ERR: 无法加载模块:Uploads

[ 2017-08-22T11:38:34+08:00 ] 127.0.0.1 /Uploads/task/1489027434_360%E6%88%AA%E5%9B%BE20170309104145117.png
INFO: [ app_init ] --START--
INFO: Run Behavior\BuildLiteBehavior [ RunTime:0.000000s ]
INFO: [ app_init ] --END-- [ RunTime:0.000000s ]
ERR: 无法加载模块:Uploads

[ 2017-08-22T11:38:34+08:00 ] 127.0.0.1 /Uploads/Admin/sciences/2017-01-18/1484731381_HIC%E7%A1%AC%E4%BB%B6%E4%BA%A7%E4%B8%9A%E4%BA%A4%E6%B5%814.jpg
INFO: [ app_init ] --START--
INFO: Run Behavior\BuildLiteBehavior [ RunTime:0.000000s ]
INFO: [ app_init ] --END-- [ RunTime:0.001000s ]
ERR: 无法加载模块:Uploads

[ 2017-08-22T11:38:34+08:00 ] 127.0.0.1 /Uploads/Admin/sciences/2017-01-23/1485135805_%E6%B4%BB%E5%8A%A8%E5%B0%81%E9%9D%A2.png
INFO: [ app_init ] --START--
INFO: Run Behavior\BuildLiteBehavior [ RunTime:0.000000s ]
INFO: [ app_init ] --END-- [ RunTime:0.000000s ]
ERR: 无法加载模块:Uploads

[ 2017-08-22T11:39:02+08:00 ] 127.0.0.1 /Uploads/task/1489027434_360%E6%88%AA%E5%9B%BE20170309104145117.png
INFO: [ app_init ] --START--
INFO: Run Behavior\BuildLiteBehavior [ RunTime:0.000000s ]
INFO: [ app_init ] --END-- [ RunTime:0.000000s ]
ERR: 无法加载模块:Uploads

[ 2017-08-22T11:39:02+08:00 ] 127.0.0.1 /Uploads/Admin/sciences/2017-01-18/1484731381_HIC%E7%A1%AC%E4%BB%B6%E4%BA%A7%E4%B8%9A%E4%BA%A4%E6%B5%814.jpg
INFO: [ app_init ] --START--
INFO: Run Behavior\BuildLiteBehavior [ RunTime:0.000000s ]
INFO: [ app_init ] --END-- [ RunTime:0.000000s ]
ERR: 无法加载模块:Uploads

[ 2017-08-22T11:39:02+08:00 ] 127.0.0.1 /Uploads/Admin/sciences/2017-01-23/1485135805_%E6%B4%BB%E5%8A%A8%E5%B0%81%E9%9D%A2.png
INFO: [ app_init ] --START--
INFO: Run Behavior\BuildLiteBehavior [ RunTime:0.000000s ]
INFO: [ app_init ] --END-- [ RunTime:0.000000s ]
ERR: 无法加载模块:Uploads

[ 2017-08-22T11:45:00+08:00 ] 127.0.0.1 /Template/5u/pc/Static/js/maps/swiper.min.js.map
INFO: [ app_init ] --START--
INFO: Run Behavior\BuildLiteBehavior [ RunTime:0.000000s ]
INFO: [ app_init ] --END-- [ RunTime:0.001000s ]
ERR: 无法加载模块:Template

[ 2017-08-22T11:48:14+08:00 ] 127.0.0.1 /Template/5u/pc/Static/js/maps/swiper.min.js.map
INFO: [ app_init ] --START--
INFO: Run Behavior\BuildLiteBehavior [ RunTime:0.000000s ]
INFO: [ app_init ] --END-- [ RunTime:0.001000s ]
ERR: 无法加载模块:Template

