[ 2017-09-11T11:08:26+08:00 ] 127.0.0.1 /Public/images/cancel_s.png
INFO: [ app_init ] --START--
INFO: Run Behavior\BuildLiteBehavior [ RunTime:0.000000s ]
INFO: [ app_init ] --END-- [ RunTime:0.001000s ]
ERR: 无法加载模块:Public

[ 2017-09-11T11:08:40+08:00 ] 127.0.0.1 /Public/images/plus-white.png
INFO: [ app_init ] --START--
INFO: Run Behavior\BuildLiteBehavior [ RunTime:0.000000s ]
INFO: [ app_init ] --END-- [ RunTime:0.000000s ]
ERR: 无法加载模块:Public

[ 2017-09-11T11:08:49+08:00 ] 127.0.0.1 /Public/images/plus.png
INFO: [ app_init ] --START--
INFO: Run Behavior\BuildLiteBehavior [ RunTime:0.000000s ]
INFO: [ app_init ] --END-- [ RunTime:0.000000s ]
ERR: 无法加载模块:Public

[ 2017-09-11T11:08:49+08:00 ] 127.0.0.1 /Public/images/minus.png
INFO: [ app_init ] --START--
INFO: Run Behavior\BuildLiteBehavior [ RunTime:0.000000s ]
INFO: [ app_init ] --END-- [ RunTime:0.000000s ]
ERR: 无法加载模块:Public

[ 2017-09-11T11:08:52+08:00 ] 127.0.0.1 /Public/images/minus.png
INFO: [ app_init ] --START--
INFO: Run Behavior\BuildLiteBehavior [ RunTime:0.000000s ]
INFO: [ app_init ] --END-- [ RunTime:0.001000s ]
ERR: 无法加载模块:Public

[ 2017-09-11T11:09:00+08:00 ] 127.0.0.1 /Uploads/Admin/topic/2017-02-08/1486524240_%E7%BD%91%E7%AB%99%E4%B8%93%E9%A2%98%E5%B0%81%E9%9D%A2.png
INFO: [ app_init ] --START--
INFO: Run Behavior\BuildLiteBehavior [ RunTime:0.000000s ]
INFO: [ app_init ] --END-- [ RunTime:0.002000s ]
ERR: 无法加载模块:Uploads

[ 2017-09-11T11:09:05+08:00 ] 127.0.0.1 /Uploads/Admin/sciences/2017-01-23/1485135805_%E6%B4%BB%E5%8A%A8%E5%B0%81%E9%9D%A2.png
INFO: [ app_init ] --START--
INFO: Run Behavior\BuildLiteBehavior [ RunTime:0.000000s ]
INFO: [ app_init ] --END-- [ RunTime:0.001000s ]
ERR: 无法加载模块:Uploads

[ 2017-09-11T11:09:05+08:00 ] 127.0.0.1 /Uploads/Admin/sciences/2017-01-18/1484731381_HIC%E7%A1%AC%E4%BB%B6%E4%BA%A7%E4%B8%9A%E4%BA%A4%E6%B5%814.jpg
INFO: [ app_init ] --START--
INFO: Run Behavior\BuildLiteBehavior [ RunTime:0.000000s ]
INFO: [ app_init ] --END-- [ RunTime:0.001001s ]
ERR: 无法加载模块:Uploads

[ 2017-09-11T11:09:49+08:00 ] 127.0.0.1 /Public/images/plus-white.png
INFO: [ app_init ] --START--
INFO: Run Behavior\BuildLiteBehavior [ RunTime:0.000000s ]
INFO: [ app_init ] --END-- [ RunTime:0.001000s ]
ERR: 无法加载模块:Public

[ 2017-09-11T11:09:49+08:00 ] 127.0.0.1 /Public/images/plus.png
INFO: [ app_init ] --START--
INFO: Run Behavior\BuildLiteBehavior [ RunTime:0.000000s ]
INFO: [ app_init ] --END-- [ RunTime:0.000000s ]
ERR: 无法加载模块:Public

[ 2017-09-11T11:14:23+08:00 ] 127.0.0.1 /Public/images/minus.png
INFO: [ app_init ] --START--
INFO: Run Behavior\BuildLiteBehavior [ RunTime:0.000000s ]
INFO: [ app_init ] --END-- [ RunTime:0.001000s ]
ERR: 无法加载模块:Public

[ 2017-09-11T11:14:24+08:00 ] 127.0.0.1 /Public/images/minus.png
INFO: [ app_init ] --START--
INFO: Run Behavior\BuildLiteBehavior [ RunTime:0.000000s ]
INFO: [ app_init ] --END-- [ RunTime:0.000000s ]
ERR: 无法加载模块:Public

[ 2017-09-11T11:14:39+08:00 ] 127.0.0.1 /Public/images/plus-white.png
INFO: [ app_init ] --START--
INFO: Run Behavior\BuildLiteBehavior [ RunTime:0.000000s ]
INFO: [ app_init ] --END-- [ RunTime:0.001000s ]
ERR: 无法加载模块:Public

[ 2017-09-11T11:14:48+08:00 ] 127.0.0.1 /Public/images/plus-white.png
INFO: [ app_init ] --START--
INFO: Run Behavior\BuildLiteBehavior [ RunTime:0.000000s ]
INFO: [ app_init ] --END-- [ RunTime:0.001000s ]
ERR: 无法加载模块:Public

[ 2017-09-11T11:14:56+08:00 ] 127.0.0.1 /Public/images/plus-white.png
INFO: [ app_init ] --START--
INFO: Run Behavior\BuildLiteBehavior [ RunTime:0.000000s ]
INFO: [ app_init ] --END-- [ RunTime:0.001000s ]
ERR: 无法加载模块:Public

[ 2017-09-11T11:15:06+08:00 ] 127.0.0.1 /Public/images/plus-white.png
INFO: [ app_init ] --START--
INFO: Run Behavior\BuildLiteBehavior [ RunTime:0.000000s ]
INFO: [ app_init ] --END-- [ RunTime:0.001000s ]
ERR: 无法加载模块:Public

[ 2017-09-11T11:15:16+08:00 ] 127.0.0.1 /Public/images/plus-white.png
INFO: [ app_init ] --START--
INFO: Run Behavior\BuildLiteBehavior [ RunTime:0.000000s ]
INFO: [ app_init ] --END-- [ RunTime:0.000000s ]
ERR: 无法加载模块:Public

[ 2017-09-11T11:15:56+08:00 ] 127.0.0.1 /Public/images/plus.png
INFO: [ app_init ] --START--
INFO: Run Behavior\BuildLiteBehavior [ RunTime:0.000000s ]
INFO: [ app_init ] --END-- [ RunTime:0.000000s ]
ERR: 无法加载模块:Public

[ 2017-09-11T11:15:56+08:00 ] 127.0.0.1 /Public/images/minus.png
INFO: [ app_init ] --START--
INFO: Run Behavior\BuildLiteBehavior [ RunTime:0.000000s ]
INFO: [ app_init ] --END-- [ RunTime:0.001000s ]
ERR: 无法加载模块:Public

[ 2017-09-11T11:15:56+08:00 ] 127.0.0.1 /Public/images/minus.png
INFO: [ app_init ] --START--
INFO: Run Behavior\BuildLiteBehavior [ RunTime:0.000000s ]
INFO: [ app_init ] --END-- [ RunTime:0.000000s ]
ERR: 无法加载模块:Public

[ 2017-09-11T11:15:59+08:00 ] 127.0.0.1 /Public/images/login-bg.jpg
INFO: [ app_init ] --START--
INFO: Run Behavior\BuildLiteBehavior [ RunTime:0.000000s ]
INFO: [ app_init ] --END-- [ RunTime:0.000000s ]
ERR: 无法加载模块:Public

[ 2017-09-11T14:10:59+08:00 ] 127.0.0.1 /Public/images/cancel_s.png
INFO: [ app_init ] --START--
INFO: Run Behavior\BuildLiteBehavior [ RunTime:0.000000s ]
INFO: [ app_init ] --END-- [ RunTime:0.001000s ]
ERR: 无法加载模块:Public

[ 2017-09-11T14:11:02+08:00 ] 127.0.0.1 /Public/images/cancel_s.png
INFO: [ app_init ] --START--
INFO: Run Behavior\BuildLiteBehavior [ RunTime:0.000000s ]
INFO: [ app_init ] --END-- [ RunTime:0.001000s ]
ERR: 无法加载模块:Public

[ 2017-09-11T14:11:16+08:00 ] 127.0.0.1 /Public/images/plus-white.png
INFO: [ app_init ] --START--
INFO: Run Behavior\BuildLiteBehavior [ RunTime:0.000000s ]
INFO: [ app_init ] --END-- [ RunTime:0.001000s ]
ERR: 无法加载模块:Public

[ 2017-09-11T14:11:18+08:00 ] 127.0.0.1 /Public/images/plus.png
INFO: [ app_init ] --START--
INFO: Run Behavior\BuildLiteBehavior [ RunTime:0.000000s ]
INFO: [ app_init ] --END-- [ RunTime:0.001000s ]
ERR: 无法加载模块:Public

[ 2017-09-11T14:11:19+08:00 ] 127.0.0.1 /Public/images/minus.png
INFO: [ app_init ] --START--
INFO: Run Behavior\BuildLiteBehavior [ RunTime:0.000000s ]
INFO: [ app_init ] --END-- [ RunTime:0.000000s ]
ERR: 无法加载模块:Public

[ 2017-09-11T14:11:19+08:00 ] 127.0.0.1 /Public/images/minus.png
INFO: [ app_init ] --START--
INFO: Run Behavior\BuildLiteBehavior [ RunTime:0.000000s ]
INFO: [ app_init ] --END-- [ RunTime:0.000000s ]
ERR: 无法加载模块:Public

[ 2017-09-11T14:11:32+08:00 ] 127.0.0.1 /Public/js/form/images/table_guide.png
INFO: [ app_init ] --START--
INFO: Run Behavior\BuildLiteBehavior [ RunTime:0.000000s ]
INFO: [ app_init ] --END-- [ RunTime:0.000000s ]
ERR: 无法加载模块:Public

[ 2017-09-11T14:11:43+08:00 ] 127.0.0.1 /Public/js/form/images/table_guide.png
INFO: [ app_init ] --START--
INFO: Run Behavior\BuildLiteBehavior [ RunTime:0.000000s ]
INFO: [ app_init ] --END-- [ RunTime:0.000000s ]
ERR: 无法加载模块:Public

[ 2017-09-11T14:11:48+08:00 ] 127.0.0.1 /Public/images/login-bg.jpg
INFO: [ app_init ] --START--
INFO: Run Behavior\BuildLiteBehavior [ RunTime:0.000000s ]
INFO: [ app_init ] --END-- [ RunTime:0.001000s ]
ERR: 无法加载模块:Public

[ 2017-09-11T14:41:33+08:00 ] 127.0.0.1 /Public/images/login-bg.jpg
INFO: [ app_init ] --START--
INFO: Run Behavior\BuildLiteBehavior [ RunTime:0.000000s ]
INFO: [ app_init ] --END-- [ RunTime:0.001000s ]
ERR: 无法加载模块:Public

[ 2017-09-11T14:42:24+08:00 ] 127.0.0.1 /Public/images/login-bg.jpg
INFO: [ app_init ] --START--
INFO: Run Behavior\BuildLiteBehavior [ RunTime:0.001000s ]
INFO: [ app_init ] --END-- [ RunTime:0.001000s ]
ERR: 无法加载模块:Public

[ 2017-09-11T14:42:24+08:00 ] 127.0.0.1 /favicon.ico
INFO: [ app_init ] --START--
INFO: Run Behavior\BuildLiteBehavior [ RunTime:0.000000s ]
INFO: [ app_init ] --END-- [ RunTime:0.001000s ]
ERR: 无法加载模块:Favicon

[ 2017-09-11T14:42:26+08:00 ] 127.0.0.1 /Public/images/cancel_s.png
INFO: [ app_init ] --START--
INFO: Run Behavior\BuildLiteBehavior [ RunTime:0.000000s ]
INFO: [ app_init ] --END-- [ RunTime:0.000000s ]
ERR: 无法加载模块:Public

[ 2017-09-11T14:42:37+08:00 ] 127.0.0.1 /Public/login/js/jquery.min.map
INFO: [ app_init ] --START--
INFO: Run Behavior\BuildLiteBehavior [ RunTime:0.000000s ]
INFO: [ app_init ] --END-- [ RunTime:0.001000s ]
ERR: 无法加载模块:Public

[ 2017-09-11T14:42:46+08:00 ] 127.0.0.1 /Public/images/plus-white.png
INFO: [ app_init ] --START--
INFO: Run Behavior\BuildLiteBehavior [ RunTime:0.000000s ]
INFO: [ app_init ] --END-- [ RunTime:0.000000s ]
ERR: 无法加载模块:Public

[ 2017-09-11T14:48:15+08:00 ] 127.0.0.1 /Public/images/login-bg.jpg
INFO: [ app_init ] --START--
INFO: Run Behavior\BuildLiteBehavior [ RunTime:0.000000s ]
INFO: [ app_init ] --END-- [ RunTime:0.000000s ]
ERR: 无法加载模块:Public

[ 2017-09-11T14:48:16+08:00 ] 127.0.0.1 /Public/images/cancel_s.png
INFO: [ app_init ] --START--
INFO: Run Behavior\BuildLiteBehavior [ RunTime:0.000000s ]
INFO: [ app_init ] --END-- [ RunTime:0.001000s ]
ERR: 无法加载模块:Public

[ 2017-09-11T14:48:16+08:00 ] 127.0.0.1 /Public/login/js/jquery.min.map
INFO: [ app_init ] --START--
INFO: Run Behavior\BuildLiteBehavior [ RunTime:0.000000s ]
INFO: [ app_init ] --END-- [ RunTime:0.001000s ]
ERR: 无法加载模块:Public

[ 2017-09-11T14:49:18+08:00 ] 127.0.0.1 /Public/login/js/jquery.min.map
INFO: [ app_init ] --START--
INFO: Run Behavior\BuildLiteBehavior [ RunTime:0.000000s ]
INFO: [ app_init ] --END-- [ RunTime:0.001000s ]
ERR: 无法加载模块:Public

[ 2017-09-11T14:49:18+08:00 ] 127.0.0.1 /Public/images/cancel_s.png
INFO: [ app_init ] --START--
INFO: Run Behavior\BuildLiteBehavior [ RunTime:0.000000s ]
INFO: [ app_init ] --END-- [ RunTime:0.000000s ]
ERR: 无法加载模块:Public

[ 2017-09-11T14:50:23+08:00 ] 127.0.0.1 /Public/login/js/jquery.min.map
INFO: [ app_init ] --START--
INFO: Run Behavior\BuildLiteBehavior [ RunTime:0.000000s ]
INFO: [ app_init ] --END-- [ RunTime:0.004001s ]
ERR: 无法加载模块:Public

[ 2017-09-11T14:50:23+08:00 ] 127.0.0.1 /Public/images/cancel_s.png
INFO: [ app_init ] --START--
INFO: Run Behavior\BuildLiteBehavior [ RunTime:0.000000s ]
INFO: [ app_init ] --END-- [ RunTime:0.001000s ]
ERR: 无法加载模块:Public

[ 2017-09-11T14:50:43+08:00 ] 127.0.0.1 /Public/login/js/jquery.min.map
INFO: [ app_init ] --START--
INFO: Run Behavior\BuildLiteBehavior [ RunTime:0.000000s ]
INFO: [ app_init ] --END-- [ RunTime:0.000000s ]
ERR: 无法加载模块:Public

[ 2017-09-11T14:50:43+08:00 ] 127.0.0.1 /Public/images/cancel_s.png
INFO: [ app_init ] --START--
INFO: Run Behavior\BuildLiteBehavior [ RunTime:0.000000s ]
INFO: [ app_init ] --END-- [ RunTime:0.001000s ]
ERR: 无法加载模块:Public

[ 2017-09-11T14:50:50+08:00 ] 127.0.0.1 /Public/images/plus-white.png
INFO: [ app_init ] --START--
INFO: Run Behavior\BuildLiteBehavior [ RunTime:0.000000s ]
INFO: [ app_init ] --END-- [ RunTime:0.001000s ]
ERR: 无法加载模块:Public

[ 2017-09-11T14:50:53+08:00 ] 127.0.0.1 /Public/images/plus.png
INFO: [ app_init ] --START--
INFO: Run Behavior\BuildLiteBehavior [ RunTime:0.000000s ]
INFO: [ app_init ] --END-- [ RunTime:0.000000s ]
ERR: 无法加载模块:Public

[ 2017-09-11T14:50:53+08:00 ] 127.0.0.1 /Public/images/minus.png
INFO: [ app_init ] --START--
INFO: Run Behavior\BuildLiteBehavior [ RunTime:0.000000s ]
INFO: [ app_init ] --END-- [ RunTime:0.001000s ]
ERR: 无法加载模块:Public

[ 2017-09-11T14:50:54+08:00 ] 127.0.0.1 /Public/images/minus.png
INFO: [ app_init ] --START--
INFO: Run Behavior\BuildLiteBehavior [ RunTime:0.000000s ]
INFO: [ app_init ] --END-- [ RunTime:0.000000s ]
ERR: 无法加载模块:Public

[ 2017-09-11T14:51:31+08:00 ] 127.0.0.1 /Public/images/yes_s.png
INFO: [ app_init ] --START--
INFO: Run Behavior\BuildLiteBehavior [ RunTime:0.000000s ]
INFO: [ app_init ] --END-- [ RunTime:0.000000s ]
ERR: 无法加载模块:Public

[ 2017-09-11T14:51:38+08:00 ] 127.0.0.1 /Public/images/plus-white.png
INFO: [ app_init ] --START--
INFO: Run Behavior\BuildLiteBehavior [ RunTime:0.000000s ]
INFO: [ app_init ] --END-- [ RunTime:0.001000s ]
ERR: 无法加载模块:Public

[ 2017-09-11T14:51:39+08:00 ] 127.0.0.1 /Public/images/plus.png
INFO: [ app_init ] --START--
INFO: Run Behavior\BuildLiteBehavior [ RunTime:0.000000s ]
INFO: [ app_init ] --END-- [ RunTime:0.000000s ]
ERR: 无法加载模块:Public

[ 2017-09-11T14:51:39+08:00 ] 127.0.0.1 /Public/images/minus.png
INFO: [ app_init ] --START--
INFO: Run Behavior\BuildLiteBehavior [ RunTime:0.000000s ]
INFO: [ app_init ] --END-- [ RunTime:0.001000s ]
ERR: 无法加载模块:Public

[ 2017-09-11T14:51:40+08:00 ] 127.0.0.1 /Public/images/minus.png
INFO: [ app_init ] --START--
INFO: Run Behavior\BuildLiteBehavior [ RunTime:0.000000s ]
INFO: [ app_init ] --END-- [ RunTime:0.000000s ]
ERR: 无法加载模块:Public

[ 2017-09-11T14:52:00+08:00 ] 127.0.0.1 /Public/images/process.gif
INFO: [ app_init ] --START--
INFO: Run Behavior\BuildLiteBehavior [ RunTime:0.000000s ]
INFO: [ app_init ] --END-- [ RunTime:0.001000s ]
ERR: 无法加载模块:Public

[ 2017-09-11T14:52:55+08:00 ] 127.0.0.1 /Uploads/Admin/sciences/2017-01-18/1484731381_HIC%E7%A1%AC%E4%BB%B6%E4%BA%A7%E4%B8%9A%E4%BA%A4%E6%B5%814.jpg
INFO: [ app_init ] --START--
INFO: Run Behavior\BuildLiteBehavior [ RunTime:0.000000s ]
INFO: [ app_init ] --END-- [ RunTime:0.000000s ]
ERR: 无法加载模块:Uploads

[ 2017-09-11T14:52:55+08:00 ] 127.0.0.1 /Uploads/Admin/sciences/2017-01-23/1485135805_%E6%B4%BB%E5%8A%A8%E5%B0%81%E9%9D%A2.png
INFO: [ app_init ] --START--
INFO: Run Behavior\BuildLiteBehavior [ RunTime:0.000000s ]
INFO: [ app_init ] --END-- [ RunTime:0.001000s ]
ERR: 无法加载模块:Uploads

[ 2017-09-11T14:52:56+08:00 ] 127.0.0.1 /Uploads/task/1489027434_360%E6%88%AA%E5%9B%BE20170309104145117.png
INFO: [ app_init ] --START--
INFO: Run Behavior\BuildLiteBehavior [ RunTime:0.000000s ]
INFO: [ app_init ] --END-- [ RunTime:0.001000s ]
ERR: 无法加载模块:Uploads

[ 2017-09-11T14:55:02+08:00 ] 127.0.0.1 /Public/images/login-bg.jpg
INFO: [ app_init ] --START--
INFO: Run Behavior\BuildLiteBehavior [ RunTime:0.000000s ]
INFO: [ app_init ] --END-- [ RunTime:0.001000s ]
ERR: 无法加载模块:Public

[ 2017-09-11T14:55:12+08:00 ] 127.0.0.1 /Public/images/login-bg.jpg
INFO: [ app_init ] --START--
INFO: Run Behavior\BuildLiteBehavior [ RunTime:0.000000s ]
INFO: [ app_init ] --END-- [ RunTime:0.000000s ]
ERR: 无法加载模块:Public

[ 2017-09-11T14:57:56+08:00 ] 127.0.0.1 /Public/images/process.gif
INFO: [ app_init ] --START--
INFO: Run Behavior\BuildLiteBehavior [ RunTime:0.000000s ]
INFO: [ app_init ] --END-- [ RunTime:0.001000s ]
ERR: 无法加载模块:Public

[ 2017-09-11T14:59:46+08:00 ] 127.0.0.1 /Uploads/task/1489027434_360%E6%88%AA%E5%9B%BE20170309104145117.png
INFO: [ app_init ] --START--
INFO: Run Behavior\BuildLiteBehavior [ RunTime:0.000000s ]
INFO: [ app_init ] --END-- [ RunTime:0.000000s ]
ERR: 无法加载模块:Uploads

[ 2017-09-11T15:00:09+08:00 ] 127.0.0.1 /Public/js/form/images/table_guide.png
INFO: [ app_init ] --START--
INFO: Run Behavior\BuildLiteBehavior [ RunTime:0.000000s ]
INFO: [ app_init ] --END-- [ RunTime:0.000000s ]
ERR: 无法加载模块:Public

[ 2017-09-11T15:00:50+08:00 ] 127.0.0.1 /Uploads/Admin/sciences/2017-01-18/1484731381_HIC%E7%A1%AC%E4%BB%B6%E4%BA%A7%E4%B8%9A%E4%BA%A4%E6%B5%814.jpg
INFO: [ app_init ] --START--
INFO: Run Behavior\BuildLiteBehavior [ RunTime:0.000000s ]
INFO: [ app_init ] --END-- [ RunTime:0.001000s ]
ERR: 无法加载模块:Uploads

[ 2017-09-11T15:00:50+08:00 ] 127.0.0.1 /Uploads/Admin/sciences/2017-01-23/1485135805_%E6%B4%BB%E5%8A%A8%E5%B0%81%E9%9D%A2.png
INFO: [ app_init ] --START--
INFO: Run Behavior\BuildLiteBehavior [ RunTime:0.000000s ]
INFO: [ app_init ] --END-- [ RunTime:0.001000s ]
ERR: 无法加载模块:Uploads

[ 2017-09-11T15:00:50+08:00 ] 127.0.0.1 /Uploads/Admin/sciences/2017-01-18/1484731381_HIC%E7%A1%AC%E4%BB%B6%E4%BA%A7%E4%B8%9A%E4%BA%A4%E6%B5%814.jpg
INFO: [ app_init ] --START--
INFO: Run Behavior\BuildLiteBehavior [ RunTime:0.000000s ]
INFO: [ app_init ] --END-- [ RunTime:0.001000s ]
ERR: 无法加载模块:Uploads

[ 2017-09-11T15:00:50+08:00 ] 127.0.0.1 /Uploads/Admin/sciences/2017-01-23/1485135805_%E6%B4%BB%E5%8A%A8%E5%B0%81%E9%9D%A2.png
INFO: [ app_init ] --START--
INFO: Run Behavior\BuildLiteBehavior [ RunTime:0.000000s ]
INFO: [ app_init ] --END-- [ RunTime:0.000000s ]
ERR: 无法加载模块:Uploads

[ 2017-09-11T15:00:52+08:00 ] 127.0.0.1 /Uploads/task/1489027434_360%E6%88%AA%E5%9B%BE20170309104145117.png
INFO: [ app_init ] --START--
INFO: Run Behavior\BuildLiteBehavior [ RunTime:0.000000s ]
INFO: [ app_init ] --END-- [ RunTime:0.000000s ]
ERR: 无法加载模块:Uploads

[ 2017-09-11T15:01:10+08:00 ] 127.0.0.1 /Public/js/form/images/table_guide.png
INFO: [ app_init ] --START--
INFO: Run Behavior\BuildLiteBehavior [ RunTime:0.000000s ]
INFO: [ app_init ] --END-- [ RunTime:0.000000s ]
ERR: 无法加载模块:Public

[ 2017-09-11T15:01:33+08:00 ] 127.0.0.1 /Uploads/Admin/sciences/2017-01-23/1485135805_%E6%B4%BB%E5%8A%A8%E5%B0%81%E9%9D%A2.png
INFO: [ app_init ] --START--
INFO: Run Behavior\BuildLiteBehavior [ RunTime:0.001000s ]
INFO: [ app_init ] --END-- [ RunTime:0.002000s ]
ERR: 无法加载模块:Uploads

[ 2017-09-11T15:01:33+08:00 ] 127.0.0.1 /Uploads/Admin/sciences/2017-01-18/1484731381_HIC%E7%A1%AC%E4%BB%B6%E4%BA%A7%E4%B8%9A%E4%BA%A4%E6%B5%814.jpg
INFO: [ app_init ] --START--
INFO: Run Behavior\BuildLiteBehavior [ RunTime:0.000000s ]
INFO: [ app_init ] --END-- [ RunTime:0.001000s ]
ERR: 无法加载模块:Uploads

[ 2017-09-11T15:01:39+08:00 ] 127.0.0.1 /Uploads/Admin/sciences/2017-01-18/1484731381_HIC%E7%A1%AC%E4%BB%B6%E4%BA%A7%E4%B8%9A%E4%BA%A4%E6%B5%814.jpg
INFO: [ app_init ] --START--
INFO: Run Behavior\BuildLiteBehavior [ RunTime:0.000000s ]
INFO: [ app_init ] --END-- [ RunTime:0.000000s ]
ERR: 无法加载模块:Uploads

[ 2017-09-11T15:01:39+08:00 ] 127.0.0.1 /Uploads/Admin/sciences/2017-01-23/1485135805_%E6%B4%BB%E5%8A%A8%E5%B0%81%E9%9D%A2.png
INFO: [ app_init ] --START--
INFO: Run Behavior\BuildLiteBehavior [ RunTime:0.000000s ]
INFO: [ app_init ] --END-- [ RunTime:0.001000s ]
ERR: 无法加载模块:Uploads

[ 2017-09-11T15:01:45+08:00 ] 127.0.0.1 /Uploads/Admin/sciences/2017-01-23/1485135805_%E6%B4%BB%E5%8A%A8%E5%B0%81%E9%9D%A2.png
INFO: [ app_init ] --START--
INFO: Run Behavior\BuildLiteBehavior [ RunTime:0.000000s ]
INFO: [ app_init ] --END-- [ RunTime:0.001000s ]
ERR: 无法加载模块:Uploads

[ 2017-09-11T15:01:45+08:00 ] 127.0.0.1 /Uploads/Admin/sciences/2017-01-18/1484731381_HIC%E7%A1%AC%E4%BB%B6%E4%BA%A7%E4%B8%9A%E4%BA%A4%E6%B5%814.jpg
INFO: [ app_init ] --START--
INFO: Run Behavior\BuildLiteBehavior [ RunTime:0.000000s ]
INFO: [ app_init ] --END-- [ RunTime:0.000000s ]
ERR: 无法加载模块:Uploads

[ 2017-09-11T15:02:22+08:00 ] 127.0.0.1 /Public/js/form/images/table_guide.png
INFO: [ app_init ] --START--
INFO: Run Behavior\BuildLiteBehavior [ RunTime:0.000000s ]
INFO: [ app_init ] --END-- [ RunTime:0.001000s ]
ERR: 无法加载模块:Public

[ 2017-09-11T15:02:27+08:00 ] 127.0.0.1 /Public/js/form/images/table_guide.png
INFO: [ app_init ] --START--
INFO: Run Behavior\BuildLiteBehavior [ RunTime:0.000000s ]
INFO: [ app_init ] --END-- [ RunTime:0.000000s ]
ERR: 无法加载模块:Public

[ 2017-09-11T15:02:30+08:00 ] 127.0.0.1 /Public/js/form/images/table_guide.png
INFO: [ app_init ] --START--
INFO: Run Behavior\BuildLiteBehavior [ RunTime:0.000000s ]
INFO: [ app_init ] --END-- [ RunTime:0.001000s ]
ERR: 无法加载模块:Public

[ 2017-09-11T15:02:33+08:00 ] 127.0.0.1 /Public/js/form/images/table_guide.png
INFO: [ app_init ] --START--
INFO: Run Behavior\BuildLiteBehavior [ RunTime:0.000000s ]
INFO: [ app_init ] --END-- [ RunTime:0.000000s ]
ERR: 无法加载模块:Public

[ 2017-09-11T15:03:06+08:00 ] 127.0.0.1 /Public/js/form/images/table_guide.png
INFO: [ app_init ] --START--
INFO: Run Behavior\BuildLiteBehavior [ RunTime:0.000000s ]
INFO: [ app_init ] --END-- [ RunTime:0.000000s ]
ERR: 无法加载模块:Public

[ 2017-09-11T15:03:33+08:00 ] 127.0.0.1 /Public/images/plus-white.png
INFO: [ app_init ] --START--
INFO: Run Behavior\BuildLiteBehavior [ RunTime:0.000000s ]
INFO: [ app_init ] --END-- [ RunTime:0.000000s ]
ERR: 无法加载模块:Public

[ 2017-09-11T15:03:38+08:00 ] 127.0.0.1 /Public/images/plus.png
INFO: [ app_init ] --START--
INFO: Run Behavior\BuildLiteBehavior [ RunTime:0.000000s ]
INFO: [ app_init ] --END-- [ RunTime:0.000000s ]
ERR: 无法加载模块:Public

[ 2017-09-11T15:03:38+08:00 ] 127.0.0.1 /Public/images/minus.png
INFO: [ app_init ] --START--
INFO: Run Behavior\BuildLiteBehavior [ RunTime:0.000000s ]
INFO: [ app_init ] --END-- [ RunTime:0.001000s ]
ERR: 无法加载模块:Public

[ 2017-09-11T15:03:39+08:00 ] 127.0.0.1 /Uploads/Admin/sciences/2017-01-23/1485135805_%E6%B4%BB%E5%8A%A8%E5%B0%81%E9%9D%A2.png
INFO: [ app_init ] --START--
INFO: Run Behavior\BuildLiteBehavior [ RunTime:0.000000s ]
INFO: [ app_init ] --END-- [ RunTime:0.001000s ]
ERR: 无法加载模块:Uploads

[ 2017-09-11T15:03:39+08:00 ] 127.0.0.1 /Uploads/Admin/sciences/2017-01-18/1484731381_HIC%E7%A1%AC%E4%BB%B6%E4%BA%A7%E4%B8%9A%E4%BA%A4%E6%B5%814.jpg
INFO: [ app_init ] --START--
INFO: Run Behavior\BuildLiteBehavior [ RunTime:0.000000s ]
INFO: [ app_init ] --END-- [ RunTime:0.001000s ]
ERR: 无法加载模块:Uploads

[ 2017-09-11T15:04:32+08:00 ] 127.0.0.1 /Public/js/form/images/table_guide.png
INFO: [ app_init ] --START--
INFO: Run Behavior\BuildLiteBehavior [ RunTime:0.000000s ]
INFO: [ app_init ] --END-- [ RunTime:0.001000s ]
ERR: 无法加载模块:Public

[ 2017-09-11T15:05:18+08:00 ] 127.0.0.1 /Public/js/form/images/table_guide.png
INFO: [ app_init ] --START--
INFO: Run Behavior\BuildLiteBehavior [ RunTime:0.000000s ]
INFO: [ app_init ] --END-- [ RunTime:0.001000s ]
ERR: 无法加载模块:Public

[ 2017-09-11T15:05:40+08:00 ] 127.0.0.1 /Public/js/form/images/table_guide.png
INFO: [ app_init ] --START--
INFO: Run Behavior\BuildLiteBehavior [ RunTime:0.000000s ]
INFO: [ app_init ] --END-- [ RunTime:0.000000s ]
ERR: 无法加载模块:Public

[ 2017-09-11T15:07:29+08:00 ] 127.0.0.1 /Public/js/form/images/table_guide.png
INFO: [ app_init ] --START--
INFO: Run Behavior\BuildLiteBehavior [ RunTime:0.000000s ]
INFO: [ app_init ] --END-- [ RunTime:0.000000s ]
ERR: 无法加载模块:Public

[ 2017-09-11T15:07:57+08:00 ] 127.0.0.1 /Uploads/task/1489027434_360%E6%88%AA%E5%9B%BE20170309104145117.png
INFO: [ app_init ] --START--
INFO: Run Behavior\BuildLiteBehavior [ RunTime:0.000000s ]
INFO: [ app_init ] --END-- [ RunTime:0.001000s ]
ERR: 无法加载模块:Uploads

[ 2017-09-11T15:07:57+08:00 ] 127.0.0.1 /Uploads/Admin/sciences/2017-01-18/1484731381_HIC%E7%A1%AC%E4%BB%B6%E4%BA%A7%E4%B8%9A%E4%BA%A4%E6%B5%814.jpg
INFO: [ app_init ] --START--
INFO: Run Behavior\BuildLiteBehavior [ RunTime:0.000000s ]
INFO: [ app_init ] --END-- [ RunTime:0.001000s ]
ERR: 无法加载模块:Uploads

[ 2017-09-11T15:07:57+08:00 ] 127.0.0.1 /Uploads/Admin/sciences/2017-01-23/1485135805_%E6%B4%BB%E5%8A%A8%E5%B0%81%E9%9D%A2.png
INFO: [ app_init ] --START--
INFO: Run Behavior\BuildLiteBehavior [ RunTime:0.000000s ]
INFO: [ app_init ] --END-- [ RunTime:0.001000s ]
ERR: 无法加载模块:Uploads

[ 2017-09-11T15:07:59+08:00 ] 127.0.0.1 /Uploads/task/1489027434_360%E6%88%AA%E5%9B%BE20170309104145117.png
INFO: [ app_init ] --START--
INFO: Run Behavior\BuildLiteBehavior [ RunTime:0.000000s ]
INFO: [ app_init ] --END-- [ RunTime:0.001000s ]
ERR: 无法加载模块:Uploads

[ 2017-09-11T15:09:15+08:00 ] 127.0.0.1 /Public/js/form/images/table_guide.png
INFO: [ app_init ] --START--
INFO: Run Behavior\BuildLiteBehavior [ RunTime:0.000000s ]
INFO: [ app_init ] --END-- [ RunTime:0.001000s ]
ERR: 无法加载模块:Public

[ 2017-09-11T15:09:34+08:00 ] 127.0.0.1 /Public/js/form/images/table_guide.png
INFO: [ app_init ] --START--
INFO: Run Behavior\BuildLiteBehavior [ RunTime:0.000000s ]
INFO: [ app_init ] --END-- [ RunTime:0.000000s ]
ERR: 无法加载模块:Public

[ 2017-09-11T15:09:58+08:00 ] 127.0.0.1 /Public/js/form/images/table_guide.png
INFO: [ app_init ] --START--
INFO: Run Behavior\BuildLiteBehavior [ RunTime:0.000000s ]
INFO: [ app_init ] --END-- [ RunTime:0.000000s ]
ERR: 无法加载模块:Public

[ 2017-09-11T15:16:27+08:00 ] 127.0.0.1 /Public/images/cancel_s.png
INFO: [ app_init ] --START--
INFO: Run Behavior\BuildLiteBehavior [ RunTime:0.000000s ]
INFO: [ app_init ] --END-- [ RunTime:0.001000s ]
ERR: 无法加载模块:Public

[ 2017-09-11T15:16:29+08:00 ] 127.0.0.1 /Public/images/cancel_s.png
INFO: [ app_init ] --START--
INFO: Run Behavior\BuildLiteBehavior [ RunTime:0.000000s ]
INFO: [ app_init ] --END-- [ RunTime:0.000000s ]
ERR: 无法加载模块:Public

[ 2017-09-11T15:16:29+08:00 ] 127.0.0.1 /Public/images/cancel_s.png
INFO: [ app_init ] --START--
INFO: Run Behavior\BuildLiteBehavior [ RunTime:0.000000s ]
INFO: [ app_init ] --END-- [ RunTime:0.001000s ]
ERR: 无法加载模块:Public

[ 2017-09-11T15:17:05+08:00 ] 127.0.0.1 /Public/images/cancel_s.png
INFO: [ app_init ] --START--
INFO: Run Behavior\BuildLiteBehavior [ RunTime:0.000000s ]
INFO: [ app_init ] --END-- [ RunTime:0.000000s ]
ERR: 无法加载模块:Public

[ 2017-09-11T15:17:06+08:00 ] 127.0.0.1 /Public/images/cancel_s.png
INFO: [ app_init ] --START--
INFO: Run Behavior\BuildLiteBehavior [ RunTime:0.000000s ]
INFO: [ app_init ] --END-- [ RunTime:0.000000s ]
ERR: 无法加载模块:Public

[ 2017-09-11T15:17:07+08:00 ] 127.0.0.1 /Public/images/cancel_s.png
INFO: [ app_init ] --START--
INFO: Run Behavior\BuildLiteBehavior [ RunTime:0.000000s ]
INFO: [ app_init ] --END-- [ RunTime:0.001000s ]
ERR: 无法加载模块:Public

[ 2017-09-11T15:17:08+08:00 ] 127.0.0.1 /Public/images/cancel_s.png
INFO: [ app_init ] --START--
INFO: Run Behavior\BuildLiteBehavior [ RunTime:0.000000s ]
INFO: [ app_init ] --END-- [ RunTime:0.000000s ]
ERR: 无法加载模块:Public

[ 2017-09-11T15:17:09+08:00 ] 127.0.0.1 /Public/images/cancel_s.png
INFO: [ app_init ] --START--
INFO: Run Behavior\BuildLiteBehavior [ RunTime:0.000000s ]
INFO: [ app_init ] --END-- [ RunTime:0.001000s ]
ERR: 无法加载模块:Public

[ 2017-09-11T15:17:34+08:00 ] 127.0.0.1 /Public/images/cancel_s.png
INFO: [ app_init ] --START--
INFO: Run Behavior\BuildLiteBehavior [ RunTime:0.000000s ]
INFO: [ app_init ] --END-- [ RunTime:0.000000s ]
ERR: 无法加载模块:Public

[ 2017-09-11T15:17:35+08:00 ] 127.0.0.1 /Public/images/cancel_s.png
INFO: [ app_init ] --START--
INFO: Run Behavior\BuildLiteBehavior [ RunTime:0.000000s ]
INFO: [ app_init ] --END-- [ RunTime:0.001000s ]
ERR: 无法加载模块:Public

[ 2017-09-11T15:17:38+08:00 ] 127.0.0.1 /Public/images/cancel_s.png
INFO: [ app_init ] --START--
INFO: Run Behavior\BuildLiteBehavior [ RunTime:0.000000s ]
INFO: [ app_init ] --END-- [ RunTime:0.001000s ]
ERR: 无法加载模块:Public

[ 2017-09-11T15:17:43+08:00 ] 127.0.0.1 /Public/images/login-bg.jpg
INFO: [ app_init ] --START--
INFO: Run Behavior\BuildLiteBehavior [ RunTime:0.000000s ]
INFO: [ app_init ] --END-- [ RunTime:0.001000s ]
ERR: 无法加载模块:Public

[ 2017-09-11T15:17:44+08:00 ] 127.0.0.1 /Public/images/cancel_s.png
INFO: [ app_init ] --START--
INFO: Run Behavior\BuildLiteBehavior [ RunTime:0.000000s ]
INFO: [ app_init ] --END-- [ RunTime:0.001000s ]
ERR: 无法加载模块:Public

[ 2017-09-11T15:17:57+08:00 ] 127.0.0.1 /Public/images/plus-white.png
INFO: [ app_init ] --START--
INFO: Run Behavior\BuildLiteBehavior [ RunTime:0.000000s ]
INFO: [ app_init ] --END-- [ RunTime:0.000000s ]
ERR: 无法加载模块:Public

[ 2017-09-11T15:18:04+08:00 ] 127.0.0.1 /Public/images/plus.png
INFO: [ app_init ] --START--
INFO: Run Behavior\BuildLiteBehavior [ RunTime:0.000000s ]
INFO: [ app_init ] --END-- [ RunTime:0.000000s ]
ERR: 无法加载模块:Public

[ 2017-09-11T15:18:04+08:00 ] 127.0.0.1 /Public/images/minus.png
INFO: [ app_init ] --START--
INFO: Run Behavior\BuildLiteBehavior [ RunTime:0.000000s ]
INFO: [ app_init ] --END-- [ RunTime:0.000000s ]
ERR: 无法加载模块:Public

[ 2017-09-11T15:18:05+08:00 ] 127.0.0.1 /Public/images/minus.png
INFO: [ app_init ] --START--
INFO: Run Behavior\BuildLiteBehavior [ RunTime:0.000000s ]
INFO: [ app_init ] --END-- [ RunTime:0.000000s ]
ERR: 无法加载模块:Public

[ 2017-09-11T15:18:27+08:00 ] 127.0.0.1 /Public/js/form/images/table_guide.png
INFO: [ app_init ] --START--
INFO: Run Behavior\BuildLiteBehavior [ RunTime:0.000000s ]
INFO: [ app_init ] --END-- [ RunTime:0.000000s ]
ERR: 无法加载模块:Public

[ 2017-09-11T15:18:37+08:00 ] 127.0.0.1 /Public/js/form/images/table_guide.png
INFO: [ app_init ] --START--
INFO: Run Behavior\BuildLiteBehavior [ RunTime:0.000000s ]
INFO: [ app_init ] --END-- [ RunTime:0.000000s ]
ERR: 无法加载模块:Public

[ 2017-09-11T15:19:38+08:00 ] 127.0.0.1 /Uploads/Admin/sciences/2017-01-18/1484731381_HIC%E7%A1%AC%E4%BB%B6%E4%BA%A7%E4%B8%9A%E4%BA%A4%E6%B5%814.jpg
INFO: [ app_init ] --START--
INFO: Run Behavior\BuildLiteBehavior [ RunTime:0.000000s ]
INFO: [ app_init ] --END-- [ RunTime:0.001000s ]
ERR: 无法加载模块:Uploads

[ 2017-09-11T15:19:38+08:00 ] 127.0.0.1 /Uploads/Admin/sciences/2017-01-23/1485135805_%E6%B4%BB%E5%8A%A8%E5%B0%81%E9%9D%A2.png
INFO: [ app_init ] --START--
INFO: Run Behavior\BuildLiteBehavior [ RunTime:0.000000s ]
INFO: [ app_init ] --END-- [ RunTime:0.000000s ]
ERR: 无法加载模块:Uploads

[ 2017-09-11T15:19:38+08:00 ] 127.0.0.1 /Uploads/task/1489027434_360%E6%88%AA%E5%9B%BE20170309104145117.png
INFO: [ app_init ] --START--
INFO: Run Behavior\BuildLiteBehavior [ RunTime:0.000000s ]
INFO: [ app_init ] --END-- [ RunTime:0.001000s ]
ERR: 无法加载模块:Uploads

[ 2017-09-11T15:19:59+08:00 ] 127.0.0.1 /Public/images/plus-white.png
INFO: [ app_init ] --START--
INFO: Run Behavior\BuildLiteBehavior [ RunTime:0.000000s ]
INFO: [ app_init ] --END-- [ RunTime:0.001000s ]
ERR: 无法加载模块:Public

[ 2017-09-11T15:20:01+08:00 ] 127.0.0.1 /Public/images/plus.png
INFO: [ app_init ] --START--
INFO: Run Behavior\BuildLiteBehavior [ RunTime:0.000000s ]
INFO: [ app_init ] --END-- [ RunTime:0.000000s ]
ERR: 无法加载模块:Public

[ 2017-09-11T15:20:02+08:00 ] 127.0.0.1 /Public/images/minus.png
INFO: [ app_init ] --START--
INFO: Run Behavior\BuildLiteBehavior [ RunTime:0.000000s ]
INFO: [ app_init ] --END-- [ RunTime:0.000000s ]
ERR: 无法加载模块:Public

[ 2017-09-11T15:20:02+08:00 ] 127.0.0.1 /Public/images/minus.png
INFO: [ app_init ] --START--
INFO: Run Behavior\BuildLiteBehavior [ RunTime:0.000000s ]
INFO: [ app_init ] --END-- [ RunTime:0.000000s ]
ERR: 无法加载模块:Public

[ 2017-09-11T15:20:03+08:00 ] 127.0.0.1 /Uploads/Admin/sciences/2017-01-18/1484731381_HIC%E7%A1%AC%E4%BB%B6%E4%BA%A7%E4%B8%9A%E4%BA%A4%E6%B5%814.jpg
INFO: [ app_init ] --START--
INFO: Run Behavior\BuildLiteBehavior [ RunTime:0.000000s ]
INFO: [ app_init ] --END-- [ RunTime:0.000000s ]
ERR: 无法加载模块:Uploads

[ 2017-09-11T15:20:03+08:00 ] 127.0.0.1 /Uploads/Admin/sciences/2017-01-23/1485135805_%E6%B4%BB%E5%8A%A8%E5%B0%81%E9%9D%A2.png
INFO: [ app_init ] --START--
INFO: Run Behavior\BuildLiteBehavior [ RunTime:0.000000s ]
INFO: [ app_init ] --END-- [ RunTime:0.000000s ]
ERR: 无法加载模块:Uploads

[ 2017-09-11T15:20:42+08:00 ] 127.0.0.1 /Uploads/Admin/sciences/2017-01-23/1485135805_%E6%B4%BB%E5%8A%A8%E5%B0%81%E9%9D%A2.png
INFO: [ app_init ] --START--
INFO: Run Behavior\BuildLiteBehavior [ RunTime:0.000000s ]
INFO: [ app_init ] --END-- [ RunTime:0.001000s ]
ERR: 无法加载模块:Uploads

[ 2017-09-11T15:20:42+08:00 ] 127.0.0.1 /Uploads/Admin/sciences/2017-01-18/1484731381_HIC%E7%A1%AC%E4%BB%B6%E4%BA%A7%E4%B8%9A%E4%BA%A4%E6%B5%814.jpg
INFO: [ app_init ] --START--
INFO: Run Behavior\BuildLiteBehavior [ RunTime:0.000000s ]
INFO: [ app_init ] --END-- [ RunTime:0.000000s ]
ERR: 无法加载模块:Uploads

[ 2017-09-11T15:23:13+08:00 ] 127.0.0.1 /Uploads/task/1489027434_360%E6%88%AA%E5%9B%BE20170309104145117.png
INFO: [ app_init ] --START--
INFO: Run Behavior\BuildLiteBehavior [ RunTime:0.000000s ]
INFO: [ app_init ] --END-- [ RunTime:0.001000s ]
ERR: 无法加载模块:Uploads

[ 2017-09-11T15:23:13+08:00 ] 127.0.0.1 /Uploads/Admin/sciences/2017-01-18/1484731381_HIC%E7%A1%AC%E4%BB%B6%E4%BA%A7%E4%B8%9A%E4%BA%A4%E6%B5%814.jpg
INFO: [ app_init ] --START--
INFO: Run Behavior\BuildLiteBehavior [ RunTime:0.000000s ]
INFO: [ app_init ] --END-- [ RunTime:0.001000s ]
ERR: 无法加载模块:Uploads

[ 2017-09-11T15:23:13+08:00 ] 127.0.0.1 /Uploads/Admin/sciences/2017-01-23/1485135805_%E6%B4%BB%E5%8A%A8%E5%B0%81%E9%9D%A2.png
INFO: [ app_init ] --START--
INFO: Run Behavior\BuildLiteBehavior [ RunTime:0.000000s ]
INFO: [ app_init ] --END-- [ RunTime:0.001000s ]
ERR: 无法加载模块:Uploads

[ 2017-09-11T15:23:14+08:00 ] 127.0.0.1 /Uploads/task/1489027434_360%E6%88%AA%E5%9B%BE20170309104145117.png
INFO: [ app_init ] --START--
INFO: Run Behavior\BuildLiteBehavior [ RunTime:0.000000s ]
INFO: [ app_init ] --END-- [ RunTime:0.001000s ]
ERR: 无法加载模块:Uploads

[ 2017-09-11T15:23:14+08:00 ] 127.0.0.1 /Uploads/Admin/sciences/2017-01-18/1484731381_HIC%E7%A1%AC%E4%BB%B6%E4%BA%A7%E4%B8%9A%E4%BA%A4%E6%B5%814.jpg
INFO: [ app_init ] --START--
INFO: Run Behavior\BuildLiteBehavior [ RunTime:0.000000s ]
INFO: [ app_init ] --END-- [ RunTime:0.000000s ]
ERR: 无法加载模块:Uploads

[ 2017-09-11T15:23:14+08:00 ] 127.0.0.1 /Uploads/Admin/sciences/2017-01-23/1485135805_%E6%B4%BB%E5%8A%A8%E5%B0%81%E9%9D%A2.png
INFO: [ app_init ] --START--
INFO: Run Behavior\BuildLiteBehavior [ RunTime:0.000000s ]
INFO: [ app_init ] --END-- [ RunTime:0.001000s ]
ERR: 无法加载模块:Uploads

[ 2017-09-11T15:23:17+08:00 ] 127.0.0.1 /Uploads/task/1489027434_360%E6%88%AA%E5%9B%BE20170309104145117.png
INFO: [ app_init ] --START--
INFO: Run Behavior\BuildLiteBehavior [ RunTime:0.000000s ]
INFO: [ app_init ] --END-- [ RunTime:0.001000s ]
ERR: 无法加载模块:Uploads

[ 2017-09-11T15:23:17+08:00 ] 127.0.0.1 /Uploads/Admin/sciences/2017-01-18/1484731381_HIC%E7%A1%AC%E4%BB%B6%E4%BA%A7%E4%B8%9A%E4%BA%A4%E6%B5%814.jpg
INFO: [ app_init ] --START--
INFO: Run Behavior\BuildLiteBehavior [ RunTime:0.000000s ]
INFO: [ app_init ] --END-- [ RunTime:0.001000s ]
ERR: 无法加载模块:Uploads

[ 2017-09-11T15:23:17+08:00 ] 127.0.0.1 /Uploads/Admin/sciences/2017-01-23/1485135805_%E6%B4%BB%E5%8A%A8%E5%B0%81%E9%9D%A2.png
INFO: [ app_init ] --START--
INFO: Run Behavior\BuildLiteBehavior [ RunTime:0.000000s ]
INFO: [ app_init ] --END-- [ RunTime:0.003000s ]
ERR: 无法加载模块:Uploads

[ 2017-09-11T15:23:18+08:00 ] 127.0.0.1 /Uploads/task/1489027434_360%E6%88%AA%E5%9B%BE20170309104145117.png
INFO: [ app_init ] --START--
INFO: Run Behavior\BuildLiteBehavior [ RunTime:0.000000s ]
INFO: [ app_init ] --END-- [ RunTime:0.001000s ]
ERR: 无法加载模块:Uploads

[ 2017-09-11T15:23:18+08:00 ] 127.0.0.1 /Uploads/Admin/sciences/2017-01-18/1484731381_HIC%E7%A1%AC%E4%BB%B6%E4%BA%A7%E4%B8%9A%E4%BA%A4%E6%B5%814.jpg
INFO: [ app_init ] --START--
INFO: Run Behavior\BuildLiteBehavior [ RunTime:0.000000s ]
INFO: [ app_init ] --END-- [ RunTime:0.001000s ]
ERR: 无法加载模块:Uploads

[ 2017-09-11T15:23:18+08:00 ] 127.0.0.1 /Uploads/Admin/sciences/2017-01-23/1485135805_%E6%B4%BB%E5%8A%A8%E5%B0%81%E9%9D%A2.png
INFO: [ app_init ] --START--
INFO: Run Behavior\BuildLiteBehavior [ RunTime:0.000000s ]
INFO: [ app_init ] --END-- [ RunTime:0.002001s ]
ERR: 无法加载模块:Uploads

[ 2017-09-11T15:23:19+08:00 ] 127.0.0.1 /Uploads/Admin/sciences/2017-01-18/1484731381_HIC%E7%A1%AC%E4%BB%B6%E4%BA%A7%E4%B8%9A%E4%BA%A4%E6%B5%814.jpg
INFO: [ app_init ] --START--
INFO: Run Behavior\BuildLiteBehavior [ RunTime:0.000000s ]
INFO: [ app_init ] --END-- [ RunTime:0.001000s ]
ERR: 无法加载模块:Uploads

[ 2017-09-11T15:23:19+08:00 ] 127.0.0.1 /Uploads/Admin/sciences/2017-01-23/1485135805_%E6%B4%BB%E5%8A%A8%E5%B0%81%E9%9D%A2.png
INFO: [ app_init ] --START--
INFO: Run Behavior\BuildLiteBehavior [ RunTime:0.000000s ]
INFO: [ app_init ] --END-- [ RunTime:0.000000s ]
ERR: 无法加载模块:Uploads

[ 2017-09-11T15:23:19+08:00 ] 127.0.0.1 /Uploads/task/1489027434_360%E6%88%AA%E5%9B%BE20170309104145117.png
INFO: [ app_init ] --START--
INFO: Run Behavior\BuildLiteBehavior [ RunTime:0.000000s ]
INFO: [ app_init ] --END-- [ RunTime:0.001000s ]
ERR: 无法加载模块:Uploads

[ 2017-09-11T15:23:20+08:00 ] 127.0.0.1 /Uploads/task/1489027434_360%E6%88%AA%E5%9B%BE20170309104145117.png
INFO: [ app_init ] --START--
INFO: Run Behavior\BuildLiteBehavior [ RunTime:0.000000s ]
INFO: [ app_init ] --END-- [ RunTime:0.000000s ]
ERR: 无法加载模块:Uploads

[ 2017-09-11T15:23:20+08:00 ] 127.0.0.1 /Uploads/Admin/sciences/2017-01-18/1484731381_HIC%E7%A1%AC%E4%BB%B6%E4%BA%A7%E4%B8%9A%E4%BA%A4%E6%B5%814.jpg
INFO: [ app_init ] --START--
INFO: Run Behavior\BuildLiteBehavior [ RunTime:0.000000s ]
INFO: [ app_init ] --END-- [ RunTime:0.001000s ]
ERR: 无法加载模块:Uploads

[ 2017-09-11T15:23:20+08:00 ] 127.0.0.1 /Uploads/Admin/sciences/2017-01-23/1485135805_%E6%B4%BB%E5%8A%A8%E5%B0%81%E9%9D%A2.png
INFO: [ app_init ] --START--
INFO: Run Behavior\BuildLiteBehavior [ RunTime:0.000000s ]
INFO: [ app_init ] --END-- [ RunTime:0.001000s ]
ERR: 无法加载模块:Uploads

[ 2017-09-11T15:23:21+08:00 ] 127.0.0.1 /Uploads/task/1489027434_360%E6%88%AA%E5%9B%BE20170309104145117.png
INFO: [ app_init ] --START--
INFO: Run Behavior\BuildLiteBehavior [ RunTime:0.000000s ]
INFO: [ app_init ] --END-- [ RunTime:0.001000s ]
ERR: 无法加载模块:Uploads

[ 2017-09-11T15:23:21+08:00 ] 127.0.0.1 /Uploads/Admin/sciences/2017-01-18/1484731381_HIC%E7%A1%AC%E4%BB%B6%E4%BA%A7%E4%B8%9A%E4%BA%A4%E6%B5%814.jpg
INFO: [ app_init ] --START--
INFO: Run Behavior\BuildLiteBehavior [ RunTime:0.000000s ]
INFO: [ app_init ] --END-- [ RunTime:0.001000s ]
ERR: 无法加载模块:Uploads

[ 2017-09-11T15:23:21+08:00 ] 127.0.0.1 /Uploads/Admin/sciences/2017-01-23/1485135805_%E6%B4%BB%E5%8A%A8%E5%B0%81%E9%9D%A2.png
INFO: [ app_init ] --START--
INFO: Run Behavior\BuildLiteBehavior [ RunTime:0.000000s ]
INFO: [ app_init ] --END-- [ RunTime:0.001000s ]
ERR: 无法加载模块:Uploads

[ 2017-09-11T15:23:22+08:00 ] 127.0.0.1 /Uploads/Admin/sciences/2017-01-18/1484731381_HIC%E7%A1%AC%E4%BB%B6%E4%BA%A7%E4%B8%9A%E4%BA%A4%E6%B5%814.jpg
INFO: [ app_init ] --START--
INFO: Run Behavior\BuildLiteBehavior [ RunTime:0.000000s ]
INFO: [ app_init ] --END-- [ RunTime:0.000000s ]
ERR: 无法加载模块:Uploads

[ 2017-09-11T15:23:22+08:00 ] 127.0.0.1 /Uploads/Admin/sciences/2017-01-23/1485135805_%E6%B4%BB%E5%8A%A8%E5%B0%81%E9%9D%A2.png
INFO: [ app_init ] --START--
INFO: Run Behavior\BuildLiteBehavior [ RunTime:0.000000s ]
INFO: [ app_init ] --END-- [ RunTime:0.000000s ]
ERR: 无法加载模块:Uploads

[ 2017-09-11T15:23:22+08:00 ] 127.0.0.1 /Uploads/task/1489027434_360%E6%88%AA%E5%9B%BE20170309104145117.png
INFO: [ app_init ] --START--
INFO: Run Behavior\BuildLiteBehavior [ RunTime:0.000000s ]
INFO: [ app_init ] --END-- [ RunTime:0.000000s ]
ERR: 无法加载模块:Uploads

[ 2017-09-11T15:23:23+08:00 ] 127.0.0.1 /Uploads/task/1489027434_360%E6%88%AA%E5%9B%BE20170309104145117.png
INFO: [ app_init ] --START--
INFO: Run Behavior\BuildLiteBehavior [ RunTime:0.000000s ]
INFO: [ app_init ] --END-- [ RunTime:0.000000s ]
ERR: 无法加载模块:Uploads

[ 2017-09-11T15:23:23+08:00 ] 127.0.0.1 /Uploads/Admin/sciences/2017-01-18/1484731381_HIC%E7%A1%AC%E4%BB%B6%E4%BA%A7%E4%B8%9A%E4%BA%A4%E6%B5%814.jpg
INFO: [ app_init ] --START--
INFO: Run Behavior\BuildLiteBehavior [ RunTime:0.000000s ]
INFO: [ app_init ] --END-- [ RunTime:0.001000s ]
ERR: 无法加载模块:Uploads

[ 2017-09-11T15:23:23+08:00 ] 127.0.0.1 /Uploads/Admin/sciences/2017-01-23/1485135805_%E6%B4%BB%E5%8A%A8%E5%B0%81%E9%9D%A2.png
INFO: [ app_init ] --START--
INFO: Run Behavior\BuildLiteBehavior [ RunTime:0.000000s ]
INFO: [ app_init ] --END-- [ RunTime:0.002000s ]
ERR: 无法加载模块:Uploads

[ 2017-09-11T15:23:24+08:00 ] 127.0.0.1 /Uploads/Admin/sciences/2017-01-18/1484731381_HIC%E7%A1%AC%E4%BB%B6%E4%BA%A7%E4%B8%9A%E4%BA%A4%E6%B5%814.jpg
INFO: [ app_init ] --START--
INFO: Run Behavior\BuildLiteBehavior [ RunTime:0.000000s ]
INFO: [ app_init ] --END-- [ RunTime:0.001000s ]
ERR: 无法加载模块:Uploads

[ 2017-09-11T15:23:24+08:00 ] 127.0.0.1 /Uploads/Admin/sciences/2017-01-23/1485135805_%E6%B4%BB%E5%8A%A8%E5%B0%81%E9%9D%A2.png
INFO: [ app_init ] --START--
INFO: Run Behavior\BuildLiteBehavior [ RunTime:0.000000s ]
INFO: [ app_init ] --END-- [ RunTime:0.000000s ]
ERR: 无法加载模块:Uploads

[ 2017-09-11T15:23:24+08:00 ] 127.0.0.1 /Uploads/task/1489027434_360%E6%88%AA%E5%9B%BE20170309104145117.png
INFO: [ app_init ] --START--
INFO: Run Behavior\BuildLiteBehavior [ RunTime:0.000000s ]
INFO: [ app_init ] --END-- [ RunTime:0.001000s ]
ERR: 无法加载模块:Uploads

[ 2017-09-11T15:23:24+08:00 ] 127.0.0.1 /Uploads/Admin/sciences/2017-01-18/1484731381_HIC%E7%A1%AC%E4%BB%B6%E4%BA%A7%E4%B8%9A%E4%BA%A4%E6%B5%814.jpg
INFO: [ app_init ] --START--
INFO: Run Behavior\BuildLiteBehavior [ RunTime:0.000000s ]
INFO: [ app_init ] --END-- [ RunTime:0.001000s ]
ERR: 无法加载模块:Uploads

[ 2017-09-11T15:23:24+08:00 ] 127.0.0.1 /Uploads/Admin/sciences/2017-01-23/1485135805_%E6%B4%BB%E5%8A%A8%E5%B0%81%E9%9D%A2.png
INFO: [ app_init ] --START--
INFO: Run Behavior\BuildLiteBehavior [ RunTime:0.000000s ]
INFO: [ app_init ] --END-- [ RunTime:0.001000s ]
ERR: 无法加载模块:Uploads

[ 2017-09-11T15:23:25+08:00 ] 127.0.0.1 /Uploads/task/1489027434_360%E6%88%AA%E5%9B%BE20170309104145117.png
INFO: [ app_init ] --START--
INFO: Run Behavior\BuildLiteBehavior [ RunTime:0.000000s ]
INFO: [ app_init ] --END-- [ RunTime:0.001000s ]
ERR: 无法加载模块:Uploads

[ 2017-09-11T15:23:25+08:00 ] 127.0.0.1 /Uploads/Admin/sciences/2017-01-18/1484731381_HIC%E7%A1%AC%E4%BB%B6%E4%BA%A7%E4%B8%9A%E4%BA%A4%E6%B5%814.jpg
INFO: [ app_init ] --START--
INFO: Run Behavior\BuildLiteBehavior [ RunTime:0.000000s ]
INFO: [ app_init ] --END-- [ RunTime:0.002000s ]
ERR: 无法加载模块:Uploads

[ 2017-09-11T15:23:26+08:00 ] 127.0.0.1 /Uploads/Admin/sciences/2017-01-23/1485135805_%E6%B4%BB%E5%8A%A8%E5%B0%81%E9%9D%A2.png
INFO: [ app_init ] --START--
INFO: Run Behavior\BuildLiteBehavior [ RunTime:0.000000s ]
INFO: [ app_init ] --END-- [ RunTime:0.001000s ]
ERR: 无法加载模块:Uploads

[ 2017-09-11T15:23:26+08:00 ] 127.0.0.1 /Uploads/task/1489027434_360%E6%88%AA%E5%9B%BE20170309104145117.png
INFO: [ app_init ] --START--
INFO: Run Behavior\BuildLiteBehavior [ RunTime:0.000000s ]
INFO: [ app_init ] --END-- [ RunTime:0.005000s ]
ERR: 无法加载模块:Uploads

[ 2017-09-11T15:23:27+08:00 ] 127.0.0.1 /Uploads/Admin/sciences/2017-01-18/1484731381_HIC%E7%A1%AC%E4%BB%B6%E4%BA%A7%E4%B8%9A%E4%BA%A4%E6%B5%814.jpg
INFO: [ app_init ] --START--
INFO: Run Behavior\BuildLiteBehavior [ RunTime:0.000000s ]
INFO: [ app_init ] --END-- [ RunTime:0.001000s ]
ERR: 无法加载模块:Uploads

[ 2017-09-11T15:23:27+08:00 ] 127.0.0.1 /Uploads/Admin/sciences/2017-01-23/1485135805_%E6%B4%BB%E5%8A%A8%E5%B0%81%E9%9D%A2.png
INFO: [ app_init ] --START--
INFO: Run Behavior\BuildLiteBehavior [ RunTime:0.000000s ]
INFO: [ app_init ] --END-- [ RunTime:0.001000s ]
ERR: 无法加载模块:Uploads

[ 2017-09-11T15:23:27+08:00 ] 127.0.0.1 /Uploads/task/1489027434_360%E6%88%AA%E5%9B%BE20170309104145117.png
INFO: [ app_init ] --START--
INFO: Run Behavior\BuildLiteBehavior [ RunTime:0.000000s ]
INFO: [ app_init ] --END-- [ RunTime:0.001000s ]
ERR: 无法加载模块:Uploads

[ 2017-09-11T15:23:28+08:00 ] 127.0.0.1 /Uploads/Admin/sciences/2017-01-18/1484731381_HIC%E7%A1%AC%E4%BB%B6%E4%BA%A7%E4%B8%9A%E4%BA%A4%E6%B5%814.jpg
INFO: [ app_init ] --START--
INFO: Run Behavior\BuildLiteBehavior [ RunTime:0.000000s ]
INFO: [ app_init ] --END-- [ RunTime:0.001000s ]
ERR: 无法加载模块:Uploads

[ 2017-09-11T15:23:28+08:00 ] 127.0.0.1 /Uploads/Admin/sciences/2017-01-23/1485135805_%E6%B4%BB%E5%8A%A8%E5%B0%81%E9%9D%A2.png
INFO: [ app_init ] --START--
INFO: Run Behavior\BuildLiteBehavior [ RunTime:0.000000s ]
INFO: [ app_init ] --END-- [ RunTime:0.000000s ]
ERR: 无法加载模块:Uploads

[ 2017-09-11T15:23:28+08:00 ] 127.0.0.1 /Uploads/task/1489027434_360%E6%88%AA%E5%9B%BE20170309104145117.png
INFO: [ app_init ] --START--
INFO: Run Behavior\BuildLiteBehavior [ RunTime:0.000000s ]
INFO: [ app_init ] --END-- [ RunTime:0.001000s ]
ERR: 无法加载模块:Uploads

[ 2017-09-11T15:24:25+08:00 ] 127.0.0.1 /Uploads/Admin/sciences/2017-01-23/1485135805_%E6%B4%BB%E5%8A%A8%E5%B0%81%E9%9D%A2.png
INFO: [ app_init ] --START--
INFO: Run Behavior\BuildLiteBehavior [ RunTime:0.000000s ]
INFO: [ app_init ] --END-- [ RunTime:0.001000s ]
ERR: 无法加载模块:Uploads

[ 2017-09-11T15:24:25+08:00 ] 127.0.0.1 /Uploads/Admin/sciences/2017-01-18/1484731381_HIC%E7%A1%AC%E4%BB%B6%E4%BA%A7%E4%B8%9A%E4%BA%A4%E6%B5%814.jpg
INFO: [ app_init ] --START--
INFO: Run Behavior\BuildLiteBehavior [ RunTime:0.000000s ]
INFO: [ app_init ] --END-- [ RunTime:0.001000s ]
ERR: 无法加载模块:Uploads

[ 2017-09-11T15:24:25+08:00 ] 127.0.0.1 /Uploads/Admin/sciences/2017-01-23/1485135805_%E6%B4%BB%E5%8A%A8%E5%B0%81%E9%9D%A2.png
INFO: [ app_init ] --START--
INFO: Run Behavior\BuildLiteBehavior [ RunTime:0.000000s ]
INFO: [ app_init ] --END-- [ RunTime:0.001000s ]
ERR: 无法加载模块:Uploads

[ 2017-09-11T15:24:25+08:00 ] 127.0.0.1 /Uploads/Admin/sciences/2017-01-18/1484731381_HIC%E7%A1%AC%E4%BB%B6%E4%BA%A7%E4%B8%9A%E4%BA%A4%E6%B5%814.jpg
INFO: [ app_init ] --START--
INFO: Run Behavior\BuildLiteBehavior [ RunTime:0.000000s ]
INFO: [ app_init ] --END-- [ RunTime:0.001000s ]
ERR: 无法加载模块:Uploads

[ 2017-09-11T15:24:27+08:00 ] 127.0.0.1 /Uploads/task/1489027434_360%E6%88%AA%E5%9B%BE20170309104145117.png
INFO: [ app_init ] --START--
INFO: Run Behavior\BuildLiteBehavior [ RunTime:0.000000s ]
INFO: [ app_init ] --END-- [ RunTime:0.001000s ]
ERR: 无法加载模块:Uploads

[ 2017-09-11T15:24:31+08:00 ] 127.0.0.1 /Uploads/Admin/sciences/2017-01-18/1484731381_HIC%E7%A1%AC%E4%BB%B6%E4%BA%A7%E4%B8%9A%E4%BA%A4%E6%B5%814.jpg
INFO: [ app_init ] --START--
INFO: Run Behavior\BuildLiteBehavior [ RunTime:0.000000s ]
INFO: [ app_init ] --END-- [ RunTime:0.001000s ]
ERR: 无法加载模块:Uploads

[ 2017-09-11T15:24:32+08:00 ] 127.0.0.1 /Uploads/Admin/sciences/2017-01-23/1485135805_%E6%B4%BB%E5%8A%A8%E5%B0%81%E9%9D%A2.png
INFO: [ app_init ] --START--
INFO: Run Behavior\BuildLiteBehavior [ RunTime:0.000000s ]
INFO: [ app_init ] --END-- [ RunTime:0.001000s ]
ERR: 无法加载模块:Uploads

[ 2017-09-11T15:24:32+08:00 ] 127.0.0.1 /Uploads/Admin/sciences/2017-01-23/1485135805_%E6%B4%BB%E5%8A%A8%E5%B0%81%E9%9D%A2.png
INFO: [ app_init ] --START--
INFO: Run Behavior\BuildLiteBehavior [ RunTime:0.000000s ]
INFO: [ app_init ] --END-- [ RunTime:0.001000s ]
ERR: 无法加载模块:Uploads

[ 2017-09-11T15:24:32+08:00 ] 127.0.0.1 /Uploads/Admin/sciences/2017-01-18/1484731381_HIC%E7%A1%AC%E4%BB%B6%E4%BA%A7%E4%B8%9A%E4%BA%A4%E6%B5%814.jpg
INFO: [ app_init ] --START--
INFO: Run Behavior\BuildLiteBehavior [ RunTime:0.000000s ]
INFO: [ app_init ] --END-- [ RunTime:0.001000s ]
ERR: 无法加载模块:Uploads

[ 2017-09-11T15:24:40+08:00 ] 127.0.0.1 /Uploads/task/1489027434_360%E6%88%AA%E5%9B%BE20170309104145117.png
INFO: [ app_init ] --START--
INFO: Run Behavior\BuildLiteBehavior [ RunTime:0.000000s ]
INFO: [ app_init ] --END-- [ RunTime:0.001000s ]
ERR: 无法加载模块:Uploads

[ 2017-09-11T15:24:40+08:00 ] 127.0.0.1 /Uploads/Admin/sciences/2017-01-18/1484731381_HIC%E7%A1%AC%E4%BB%B6%E4%BA%A7%E4%B8%9A%E4%BA%A4%E6%B5%814.jpg
INFO: [ app_init ] --START--
INFO: Run Behavior\BuildLiteBehavior [ RunTime:0.000000s ]
INFO: [ app_init ] --END-- [ RunTime:0.001000s ]
ERR: 无法加载模块:Uploads

[ 2017-09-11T15:24:40+08:00 ] 127.0.0.1 /Uploads/Admin/sciences/2017-01-23/1485135805_%E6%B4%BB%E5%8A%A8%E5%B0%81%E9%9D%A2.png
INFO: [ app_init ] --START--
INFO: Run Behavior\BuildLiteBehavior [ RunTime:0.000000s ]
INFO: [ app_init ] --END-- [ RunTime:0.001000s ]
ERR: 无法加载模块:Uploads

[ 2017-09-11T15:24:43+08:00 ] 127.0.0.1 /Uploads/Admin/sciences/2017-01-23/1485135805_%E6%B4%BB%E5%8A%A8%E5%B0%81%E9%9D%A2.png
INFO: [ app_init ] --START--
INFO: Run Behavior\BuildLiteBehavior [ RunTime:0.000000s ]
INFO: [ app_init ] --END-- [ RunTime:0.001000s ]
ERR: 无法加载模块:Uploads

[ 2017-09-11T15:24:43+08:00 ] 127.0.0.1 /Uploads/Admin/sciences/2017-01-18/1484731381_HIC%E7%A1%AC%E4%BB%B6%E4%BA%A7%E4%B8%9A%E4%BA%A4%E6%B5%814.jpg
INFO: [ app_init ] --START--
INFO: Run Behavior\BuildLiteBehavior [ RunTime:0.000000s ]
INFO: [ app_init ] --END-- [ RunTime:0.002000s ]
ERR: 无法加载模块:Uploads

[ 2017-09-11T15:28:08+08:00 ] 127.0.0.1 /Uploads/task/1489027434_360%E6%88%AA%E5%9B%BE20170309104145117.png
INFO: [ app_init ] --START--
INFO: Run Behavior\BuildLiteBehavior [ RunTime:0.000000s ]
INFO: [ app_init ] --END-- [ RunTime:0.001000s ]
ERR: 无法加载模块:Uploads

[ 2017-09-11T15:28:08+08:00 ] 127.0.0.1 /Uploads/Admin/sciences/2017-01-18/1484731381_HIC%E7%A1%AC%E4%BB%B6%E4%BA%A7%E4%B8%9A%E4%BA%A4%E6%B5%814.jpg
INFO: [ app_init ] --START--
INFO: Run Behavior\BuildLiteBehavior [ RunTime:0.000000s ]
INFO: [ app_init ] --END-- [ RunTime:0.004000s ]
ERR: 无法加载模块:Uploads

[ 2017-09-11T15:28:08+08:00 ] 127.0.0.1 /Uploads/Admin/sciences/2017-01-23/1485135805_%E6%B4%BB%E5%8A%A8%E5%B0%81%E9%9D%A2.png
INFO: [ app_init ] --START--
INFO: Run Behavior\BuildLiteBehavior [ RunTime:0.000000s ]
INFO: [ app_init ] --END-- [ RunTime:0.001000s ]
ERR: 无法加载模块:Uploads

[ 2017-09-11T15:28:14+08:00 ] 127.0.0.1 /Uploads/Admin/sciences/2017-01-18/1484731381_HIC%E7%A1%AC%E4%BB%B6%E4%BA%A7%E4%B8%9A%E4%BA%A4%E6%B5%814.jpg
INFO: [ app_init ] --START--
INFO: Run Behavior\BuildLiteBehavior [ RunTime:0.000000s ]
INFO: [ app_init ] --END-- [ RunTime:0.001000s ]
ERR: 无法加载模块:Uploads

[ 2017-09-11T15:28:14+08:00 ] 127.0.0.1 /Uploads/Admin/sciences/2017-01-23/1485135805_%E6%B4%BB%E5%8A%A8%E5%B0%81%E9%9D%A2.png
INFO: [ app_init ] --START--
INFO: Run Behavior\BuildLiteBehavior [ RunTime:0.000000s ]
INFO: [ app_init ] --END-- [ RunTime:0.000000s ]
ERR: 无法加载模块:Uploads

[ 2017-09-11T15:28:14+08:00 ] 127.0.0.1 /Uploads/Admin/sciences/2017-01-18/1484731381_HIC%E7%A1%AC%E4%BB%B6%E4%BA%A7%E4%B8%9A%E4%BA%A4%E6%B5%814.jpg
INFO: [ app_init ] --START--
INFO: Run Behavior\BuildLiteBehavior [ RunTime:0.000000s ]
INFO: [ app_init ] --END-- [ RunTime:0.001000s ]
ERR: 无法加载模块:Uploads

[ 2017-09-11T15:28:14+08:00 ] 127.0.0.1 /Uploads/Admin/sciences/2017-01-23/1485135805_%E6%B4%BB%E5%8A%A8%E5%B0%81%E9%9D%A2.png
INFO: [ app_init ] --START--
INFO: Run Behavior\BuildLiteBehavior [ RunTime:0.000000s ]
INFO: [ app_init ] --END-- [ RunTime:0.001000s ]
ERR: 无法加载模块:Uploads

[ 2017-09-11T15:28:47+08:00 ] 127.0.0.1 /Public/images/cancel_s.png
INFO: [ app_init ] --START--
INFO: Run Behavior\BuildLiteBehavior [ RunTime:0.000000s ]
INFO: [ app_init ] --END-- [ RunTime:0.001000s ]
ERR: 无法加载模块:Public

[ 2017-09-11T15:28:58+08:00 ] 127.0.0.1 /Public/images/plus-white.png
INFO: [ app_init ] --START--
INFO: Run Behavior\BuildLiteBehavior [ RunTime:0.000000s ]
INFO: [ app_init ] --END-- [ RunTime:0.001000s ]
ERR: 无法加载模块:Public

[ 2017-09-11T15:28:59+08:00 ] 127.0.0.1 /Public/images/plus.png
INFO: [ app_init ] --START--
INFO: Run Behavior\BuildLiteBehavior [ RunTime:0.000000s ]
INFO: [ app_init ] --END-- [ RunTime:0.000000s ]
ERR: 无法加载模块:Public

[ 2017-09-11T15:29:02+08:00 ] 127.0.0.1 /Public/images/minus.png
INFO: [ app_init ] --START--
INFO: Run Behavior\BuildLiteBehavior [ RunTime:0.000000s ]
INFO: [ app_init ] --END-- [ RunTime:0.001000s ]
ERR: 无法加载模块:Public

[ 2017-09-11T15:29:02+08:00 ] 127.0.0.1 /Public/images/minus.png
INFO: [ app_init ] --START--
INFO: Run Behavior\BuildLiteBehavior [ RunTime:0.000000s ]
INFO: [ app_init ] --END-- [ RunTime:0.000000s ]
ERR: 无法加载模块:Public

[ 2017-09-11T15:29:04+08:00 ] 127.0.0.1 /Uploads/Admin/sciences/2017-01-23/1485135805_%E6%B4%BB%E5%8A%A8%E5%B0%81%E9%9D%A2.png
INFO: [ app_init ] --START--
INFO: Run Behavior\BuildLiteBehavior [ RunTime:0.000000s ]
INFO: [ app_init ] --END-- [ RunTime:0.001000s ]
ERR: 无法加载模块:Uploads

[ 2017-09-11T15:29:04+08:00 ] 127.0.0.1 /Uploads/Admin/sciences/2017-01-18/1484731381_HIC%E7%A1%AC%E4%BB%B6%E4%BA%A7%E4%B8%9A%E4%BA%A4%E6%B5%814.jpg
INFO: [ app_init ] --START--
INFO: Run Behavior\BuildLiteBehavior [ RunTime:0.000000s ]
INFO: [ app_init ] --END-- [ RunTime:0.001001s ]
ERR: 无法加载模块:Uploads

[ 2017-09-11T15:29:23+08:00 ] 127.0.0.1 /Uploads/Admin/sciences/2017-01-23/1485135805_%E6%B4%BB%E5%8A%A8%E5%B0%81%E9%9D%A2.png
INFO: [ app_init ] --START--
INFO: Run Behavior\BuildLiteBehavior [ RunTime:0.000000s ]
INFO: [ app_init ] --END-- [ RunTime:0.000000s ]
ERR: 无法加载模块:Uploads

[ 2017-09-11T15:29:23+08:00 ] 127.0.0.1 /Uploads/Admin/sciences/2017-01-18/1484731381_HIC%E7%A1%AC%E4%BB%B6%E4%BA%A7%E4%B8%9A%E4%BA%A4%E6%B5%814.jpg
INFO: [ app_init ] --START--
INFO: Run Behavior\BuildLiteBehavior [ RunTime:0.000000s ]
INFO: [ app_init ] --END-- [ RunTime:0.000000s ]
ERR: 无法加载模块:Uploads

[ 2017-09-11T15:29:23+08:00 ] 127.0.0.1 /Uploads/Admin/sciences/2017-01-23/1485135805_%E6%B4%BB%E5%8A%A8%E5%B0%81%E9%9D%A2.png
INFO: [ app_init ] --START--
INFO: Run Behavior\BuildLiteBehavior [ RunTime:0.000000s ]
INFO: [ app_init ] --END-- [ RunTime:0.001000s ]
ERR: 无法加载模块:Uploads

[ 2017-09-11T15:29:23+08:00 ] 127.0.0.1 /Uploads/Admin/sciences/2017-01-18/1484731381_HIC%E7%A1%AC%E4%BB%B6%E4%BA%A7%E4%B8%9A%E4%BA%A4%E6%B5%814.jpg
INFO: [ app_init ] --START--
INFO: Run Behavior\BuildLiteBehavior [ RunTime:0.000000s ]
INFO: [ app_init ] --END-- [ RunTime:0.000000s ]
ERR: 无法加载模块:Uploads

[ 2017-09-11T15:29:33+08:00 ] 127.0.0.1 /Uploads/Admin/sciences/2017-01-23/1485135805_%E6%B4%BB%E5%8A%A8%E5%B0%81%E9%9D%A2.png
INFO: [ app_init ] --START--
INFO: Run Behavior\BuildLiteBehavior [ RunTime:0.000000s ]
INFO: [ app_init ] --END-- [ RunTime:0.001000s ]
ERR: 无法加载模块:Uploads

[ 2017-09-11T15:29:33+08:00 ] 127.0.0.1 /Uploads/Admin/sciences/2017-01-18/1484731381_HIC%E7%A1%AC%E4%BB%B6%E4%BA%A7%E4%B8%9A%E4%BA%A4%E6%B5%814.jpg
INFO: [ app_init ] --START--
INFO: Run Behavior\BuildLiteBehavior [ RunTime:0.000000s ]
INFO: [ app_init ] --END-- [ RunTime:0.002001s ]
ERR: 无法加载模块:Uploads

[ 2017-09-11T15:29:44+08:00 ] 127.0.0.1 /Uploads/Admin/sciences/2017-01-18/1484731381_HIC%E7%A1%AC%E4%BB%B6%E4%BA%A7%E4%B8%9A%E4%BA%A4%E6%B5%814.jpg
INFO: [ app_init ] --START--
INFO: Run Behavior\BuildLiteBehavior [ RunTime:0.001000s ]
INFO: [ app_init ] --END-- [ RunTime:0.001000s ]
ERR: 无法加载模块:Uploads

[ 2017-09-11T15:29:44+08:00 ] 127.0.0.1 /Uploads/Admin/sciences/2017-01-23/1485135805_%E6%B4%BB%E5%8A%A8%E5%B0%81%E9%9D%A2.png
INFO: [ app_init ] --START--
INFO: Run Behavior\BuildLiteBehavior [ RunTime:0.000000s ]
INFO: [ app_init ] --END-- [ RunTime:0.000000s ]
ERR: 无法加载模块:Uploads

[ 2017-09-11T15:29:47+08:00 ] 127.0.0.1 /Uploads/Admin/sciences/2017-01-18/1484731381_HIC%E7%A1%AC%E4%BB%B6%E4%BA%A7%E4%B8%9A%E4%BA%A4%E6%B5%814.jpg
INFO: [ app_init ] --START--
INFO: Run Behavior\BuildLiteBehavior [ RunTime:0.000000s ]
INFO: [ app_init ] --END-- [ RunTime:0.000000s ]
ERR: 无法加载模块:Uploads

[ 2017-09-11T15:29:47+08:00 ] 127.0.0.1 /Uploads/Admin/sciences/2017-01-23/1485135805_%E6%B4%BB%E5%8A%A8%E5%B0%81%E9%9D%A2.png
INFO: [ app_init ] --START--
INFO: Run Behavior\BuildLiteBehavior [ RunTime:0.000000s ]
INFO: [ app_init ] --END-- [ RunTime:0.001000s ]
ERR: 无法加载模块:Uploads

[ 2017-09-11T15:29:52+08:00 ] 127.0.0.1 /Uploads/Admin/sciences/2017-01-18/1484731381_HIC%E7%A1%AC%E4%BB%B6%E4%BA%A7%E4%B8%9A%E4%BA%A4%E6%B5%814.jpg
INFO: [ app_init ] --START--
INFO: Run Behavior\BuildLiteBehavior [ RunTime:0.000000s ]
INFO: [ app_init ] --END-- [ RunTime:0.000000s ]
ERR: 无法加载模块:Uploads

[ 2017-09-11T15:29:52+08:00 ] 127.0.0.1 /Uploads/Admin/sciences/2017-01-23/1485135805_%E6%B4%BB%E5%8A%A8%E5%B0%81%E9%9D%A2.png
INFO: [ app_init ] --START--
INFO: Run Behavior\BuildLiteBehavior [ RunTime:0.000000s ]
INFO: [ app_init ] --END-- [ RunTime:0.000000s ]
ERR: 无法加载模块:Uploads

[ 2017-09-11T15:30:00+08:00 ] 127.0.0.1 /Uploads/Admin/sciences/2017-01-23/1485135805_%E6%B4%BB%E5%8A%A8%E5%B0%81%E9%9D%A2.png
INFO: [ app_init ] --START--
INFO: Run Behavior\BuildLiteBehavior [ RunTime:0.000000s ]
INFO: [ app_init ] --END-- [ RunTime:0.001001s ]
ERR: 无法加载模块:Uploads

[ 2017-09-11T15:30:00+08:00 ] 127.0.0.1 /Uploads/Admin/sciences/2017-01-18/1484731381_HIC%E7%A1%AC%E4%BB%B6%E4%BA%A7%E4%B8%9A%E4%BA%A4%E6%B5%814.jpg
INFO: [ app_init ] --START--
INFO: Run Behavior\BuildLiteBehavior [ RunTime:0.000000s ]
INFO: [ app_init ] --END-- [ RunTime:0.000000s ]
ERR: 无法加载模块:Uploads

[ 2017-09-11T15:30:05+08:00 ] 127.0.0.1 /Uploads/Admin/sciences/2017-01-23/1485135805_%E6%B4%BB%E5%8A%A8%E5%B0%81%E9%9D%A2.png
INFO: [ app_init ] --START--
INFO: Run Behavior\BuildLiteBehavior [ RunTime:0.000000s ]
INFO: [ app_init ] --END-- [ RunTime:0.001000s ]
ERR: 无法加载模块:Uploads

[ 2017-09-11T15:30:05+08:00 ] 127.0.0.1 /Uploads/Admin/sciences/2017-01-18/1484731381_HIC%E7%A1%AC%E4%BB%B6%E4%BA%A7%E4%B8%9A%E4%BA%A4%E6%B5%814.jpg
INFO: [ app_init ] --START--
INFO: Run Behavior\BuildLiteBehavior [ RunTime:0.000000s ]
INFO: [ app_init ] --END-- [ RunTime:0.001000s ]
ERR: 无法加载模块:Uploads

[ 2017-09-11T15:30:18+08:00 ] 127.0.0.1 /Public/images/plus-white.png
INFO: [ app_init ] --START--
INFO: Run Behavior\BuildLiteBehavior [ RunTime:0.000000s ]
INFO: [ app_init ] --END-- [ RunTime:0.001000s ]
ERR: 无法加载模块:Public

[ 2017-09-11T15:30:23+08:00 ] 127.0.0.1 /Public/images/plus.png
INFO: [ app_init ] --START--
INFO: Run Behavior\BuildLiteBehavior [ RunTime:0.000000s ]
INFO: [ app_init ] --END-- [ RunTime:0.000000s ]
ERR: 无法加载模块:Public

[ 2017-09-11T15:30:24+08:00 ] 127.0.0.1 /Public/images/minus.png
INFO: [ app_init ] --START--
INFO: Run Behavior\BuildLiteBehavior [ RunTime:0.000000s ]
INFO: [ app_init ] --END-- [ RunTime:0.000000s ]
ERR: 无法加载模块:Public

[ 2017-09-11T15:30:53+08:00 ] 127.0.0.1 /Uploads/Admin/sciences/2017-01-23/1485135805_%E6%B4%BB%E5%8A%A8%E5%B0%81%E9%9D%A2.png
INFO: [ app_init ] --START--
INFO: Run Behavior\BuildLiteBehavior [ RunTime:0.000000s ]
INFO: [ app_init ] --END-- [ RunTime:0.000000s ]
ERR: 无法加载模块:Uploads

[ 2017-09-11T15:30:53+08:00 ] 127.0.0.1 /Uploads/Admin/sciences/2017-01-18/1484731381_HIC%E7%A1%AC%E4%BB%B6%E4%BA%A7%E4%B8%9A%E4%BA%A4%E6%B5%814.jpg
INFO: [ app_init ] --START--
INFO: Run Behavior\BuildLiteBehavior [ RunTime:0.000000s ]
INFO: [ app_init ] --END-- [ RunTime:0.001000s ]
ERR: 无法加载模块:Uploads

[ 2017-09-11T15:31:06+08:00 ] 127.0.0.1 /Uploads/Admin/sciences/2017-01-23/1485135805_%E6%B4%BB%E5%8A%A8%E5%B0%81%E9%9D%A2.png
INFO: [ app_init ] --START--
INFO: Run Behavior\BuildLiteBehavior [ RunTime:0.000000s ]
INFO: [ app_init ] --END-- [ RunTime:0.002000s ]
ERR: 无法加载模块:Uploads

[ 2017-09-11T15:31:06+08:00 ] 127.0.0.1 /Uploads/Admin/sciences/2017-01-18/1484731381_HIC%E7%A1%AC%E4%BB%B6%E4%BA%A7%E4%B8%9A%E4%BA%A4%E6%B5%814.jpg
INFO: [ app_init ] --START--
INFO: Run Behavior\BuildLiteBehavior [ RunTime:0.000000s ]
INFO: [ app_init ] --END-- [ RunTime:0.001000s ]
ERR: 无法加载模块:Uploads

[ 2017-09-11T15:32:21+08:00 ] 127.0.0.1 /Uploads/Admin/sciences/2017-01-23/1485135805_%E6%B4%BB%E5%8A%A8%E5%B0%81%E9%9D%A2.png
INFO: [ app_init ] --START--
INFO: Run Behavior\BuildLiteBehavior [ RunTime:0.000000s ]
INFO: [ app_init ] --END-- [ RunTime:0.001000s ]
ERR: 无法加载模块:Uploads

[ 2017-09-11T15:32:21+08:00 ] 127.0.0.1 /Uploads/Admin/sciences/2017-01-18/1484731381_HIC%E7%A1%AC%E4%BB%B6%E4%BA%A7%E4%B8%9A%E4%BA%A4%E6%B5%814.jpg
INFO: [ app_init ] --START--
INFO: Run Behavior\BuildLiteBehavior [ RunTime:0.000000s ]
INFO: [ app_init ] --END-- [ RunTime:0.001000s ]
ERR: 无法加载模块:Uploads

[ 2017-09-11T15:32:46+08:00 ] 127.0.0.1 /Uploads/Admin/sciences/2017-01-23/1485135805_%E6%B4%BB%E5%8A%A8%E5%B0%81%E9%9D%A2.png
INFO: [ app_init ] --START--
INFO: Run Behavior\BuildLiteBehavior [ RunTime:0.000000s ]
INFO: [ app_init ] --END-- [ RunTime:0.001000s ]
ERR: 无法加载模块:Uploads

[ 2017-09-11T15:32:46+08:00 ] 127.0.0.1 /Uploads/Admin/sciences/2017-01-18/1484731381_HIC%E7%A1%AC%E4%BB%B6%E4%BA%A7%E4%B8%9A%E4%BA%A4%E6%B5%814.jpg
INFO: [ app_init ] --START--
INFO: Run Behavior\BuildLiteBehavior [ RunTime:0.000000s ]
INFO: [ app_init ] --END-- [ RunTime:0.001000s ]
ERR: 无法加载模块:Uploads

[ 2017-09-11T15:33:12+08:00 ] 127.0.0.1 /Uploads/Admin/sciences/2017-01-23/1485135805_%E6%B4%BB%E5%8A%A8%E5%B0%81%E9%9D%A2.png
INFO: [ app_init ] --START--
INFO: Run Behavior\BuildLiteBehavior [ RunTime:0.000000s ]
INFO: [ app_init ] --END-- [ RunTime:0.001000s ]
ERR: 无法加载模块:Uploads

[ 2017-09-11T15:33:12+08:00 ] 127.0.0.1 /Uploads/Admin/sciences/2017-01-18/1484731381_HIC%E7%A1%AC%E4%BB%B6%E4%BA%A7%E4%B8%9A%E4%BA%A4%E6%B5%814.jpg
INFO: [ app_init ] --START--
INFO: Run Behavior\BuildLiteBehavior [ RunTime:0.000000s ]
INFO: [ app_init ] --END-- [ RunTime:0.000000s ]
ERR: 无法加载模块:Uploads

[ 2017-09-11T15:33:19+08:00 ] 127.0.0.1 /Uploads/Admin/sciences/2017-01-18/1484731381_HIC%E7%A1%AC%E4%BB%B6%E4%BA%A7%E4%B8%9A%E4%BA%A4%E6%B5%814.jpg
INFO: [ app_init ] --START--
INFO: Run Behavior\BuildLiteBehavior [ RunTime:0.000000s ]
INFO: [ app_init ] --END-- [ RunTime:0.001000s ]
ERR: 无法加载模块:Uploads

[ 2017-09-11T15:33:19+08:00 ] 127.0.0.1 /Uploads/Admin/sciences/2017-01-23/1485135805_%E6%B4%BB%E5%8A%A8%E5%B0%81%E9%9D%A2.png
INFO: [ app_init ] --START--
INFO: Run Behavior\BuildLiteBehavior [ RunTime:0.000000s ]
INFO: [ app_init ] --END-- [ RunTime:0.000000s ]
ERR: 无法加载模块:Uploads

[ 2017-09-11T15:33:35+08:00 ] 127.0.0.1 /Uploads/Admin/sciences/2017-01-18/1484731381_HIC%E7%A1%AC%E4%BB%B6%E4%BA%A7%E4%B8%9A%E4%BA%A4%E6%B5%814.jpg
INFO: [ app_init ] --START--
INFO: Run Behavior\BuildLiteBehavior [ RunTime:0.000000s ]
INFO: [ app_init ] --END-- [ RunTime:0.000000s ]
ERR: 无法加载模块:Uploads

[ 2017-09-11T15:33:35+08:00 ] 127.0.0.1 /Uploads/Admin/sciences/2017-01-23/1485135805_%E6%B4%BB%E5%8A%A8%E5%B0%81%E9%9D%A2.png
INFO: [ app_init ] --START--
INFO: Run Behavior\BuildLiteBehavior [ RunTime:0.000000s ]
INFO: [ app_init ] --END-- [ RunTime:0.000000s ]
ERR: 无法加载模块:Uploads

[ 2017-09-11T15:33:46+08:00 ] 127.0.0.1 /Uploads/Admin/sciences/2017-01-23/1485135805_%E6%B4%BB%E5%8A%A8%E5%B0%81%E9%9D%A2.png
INFO: [ app_init ] --START--
INFO: Run Behavior\BuildLiteBehavior [ RunTime:0.000000s ]
INFO: [ app_init ] --END-- [ RunTime:0.000000s ]
ERR: 无法加载模块:Uploads

[ 2017-09-11T15:33:46+08:00 ] 127.0.0.1 /Uploads/Admin/sciences/2017-01-18/1484731381_HIC%E7%A1%AC%E4%BB%B6%E4%BA%A7%E4%B8%9A%E4%BA%A4%E6%B5%814.jpg
INFO: [ app_init ] --START--
INFO: Run Behavior\BuildLiteBehavior [ RunTime:0.000000s ]
INFO: [ app_init ] --END-- [ RunTime:0.001000s ]
ERR: 无法加载模块:Uploads

[ 2017-09-11T15:36:48+08:00 ] 127.0.0.1 /Public/images/plus-white.png
INFO: [ app_init ] --START--
INFO: Run Behavior\BuildLiteBehavior [ RunTime:0.000000s ]
INFO: [ app_init ] --END-- [ RunTime:0.001000s ]
ERR: 无法加载模块:Public

[ 2017-09-11T15:36:49+08:00 ] 127.0.0.1 /Public/images/plus-white.png
INFO: [ app_init ] --START--
INFO: Run Behavior\BuildLiteBehavior [ RunTime:0.000000s ]
INFO: [ app_init ] --END-- [ RunTime:0.001000s ]
ERR: 无法加载模块:Public

[ 2017-09-11T15:36:56+08:00 ] 127.0.0.1 /Public/images/plus.png
INFO: [ app_init ] --START--
INFO: Run Behavior\BuildLiteBehavior [ RunTime:0.000000s ]
INFO: [ app_init ] --END-- [ RunTime:0.001000s ]
ERR: 无法加载模块:Public

[ 2017-09-11T15:36:56+08:00 ] 127.0.0.1 /Public/images/minus.png
INFO: [ app_init ] --START--
INFO: Run Behavior\BuildLiteBehavior [ RunTime:0.000000s ]
INFO: [ app_init ] --END-- [ RunTime:0.001000s ]
ERR: 无法加载模块:Public

[ 2017-09-11T15:48:50+08:00 ] 127.0.0.1 /Public/images/plus-white.png
INFO: [ app_init ] --START--
INFO: Run Behavior\BuildLiteBehavior [ RunTime:0.000000s ]
INFO: [ app_init ] --END-- [ RunTime:0.000000s ]
ERR: 无法加载模块:Public

[ 2017-09-11T15:48:50+08:00 ] 127.0.0.1 /Public/images/plus.png
INFO: [ app_init ] --START--
INFO: Run Behavior\BuildLiteBehavior [ RunTime:0.000000s ]
INFO: [ app_init ] --END-- [ RunTime:0.000000s ]
ERR: 无法加载模块:Public

[ 2017-09-11T15:48:51+08:00 ] 127.0.0.1 /Public/images/minus.png
INFO: [ app_init ] --START--
INFO: Run Behavior\BuildLiteBehavior [ RunTime:0.000000s ]
INFO: [ app_init ] --END-- [ RunTime:0.000000s ]
ERR: 无法加载模块:Public

[ 2017-09-11T15:48:52+08:00 ] 127.0.0.1 /Public/images/minus.png
INFO: [ app_init ] --START--
INFO: Run Behavior\BuildLiteBehavior [ RunTime:0.000000s ]
INFO: [ app_init ] --END-- [ RunTime:0.000000s ]
ERR: 无法加载模块:Public

[ 2017-09-11T15:48:56+08:00 ] 127.0.0.1 /Public/images/login-bg.jpg
INFO: [ app_init ] --START--
INFO: Run Behavior\BuildLiteBehavior [ RunTime:0.000000s ]
INFO: [ app_init ] --END-- [ RunTime:0.000000s ]
ERR: 无法加载模块:Public

[ 2017-09-11T15:51:34+08:00 ] 127.0.0.1 /Public/images/login-bg.jpg
INFO: [ app_init ] --START--
INFO: Run Behavior\BuildLiteBehavior [ RunTime:0.000000s ]
INFO: [ app_init ] --END-- [ RunTime:0.001000s ]
ERR: 无法加载模块:Public

[ 2017-09-11T15:51:35+08:00 ] 127.0.0.1 /Public/images/cancel_s.png
INFO: [ app_init ] --START--
INFO: Run Behavior\BuildLiteBehavior [ RunTime:0.000000s ]
INFO: [ app_init ] --END-- [ RunTime:0.001001s ]
ERR: 无法加载模块:Public

[ 2017-09-11T15:51:35+08:00 ] 127.0.0.1 /Public/login/js/jquery.min.map
INFO: [ app_init ] --START--
INFO: Run Behavior\BuildLiteBehavior [ RunTime:0.000000s ]
INFO: [ app_init ] --END-- [ RunTime:0.013001s ]
ERR: 无法加载模块:Public

[ 2017-09-11T15:51:38+08:00 ] 127.0.0.1 /Public/images/cancel_s.png
INFO: [ app_init ] --START--
INFO: Run Behavior\BuildLiteBehavior [ RunTime:0.000000s ]
INFO: [ app_init ] --END-- [ RunTime:0.001000s ]
ERR: 无法加载模块:Public

[ 2017-09-11T15:51:38+08:00 ] 127.0.0.1 /Public/login/js/jquery.min.map
INFO: [ app_init ] --START--
INFO: Run Behavior\BuildLiteBehavior [ RunTime:0.000000s ]
INFO: [ app_init ] --END-- [ RunTime:0.001000s ]
ERR: 无法加载模块:Public

[ 2017-09-11T15:51:53+08:00 ] 127.0.0.1 /Public/login/js/jquery.min.map
INFO: [ app_init ] --START--
INFO: Run Behavior\BuildLiteBehavior [ RunTime:0.000000s ]
INFO: [ app_init ] --END-- [ RunTime:0.007001s ]
ERR: 无法加载模块:Public

[ 2017-09-11T15:52:02+08:00 ] 127.0.0.1 /Public/images/login-bg.jpg
INFO: [ app_init ] --START--
INFO: Run Behavior\BuildLiteBehavior [ RunTime:0.000000s ]
INFO: [ app_init ] --END-- [ RunTime:0.001000s ]
ERR: 无法加载模块:Public

[ 2017-09-11T15:52:43+08:00 ] 127.0.0.1 /Public/images/login-bg.jpg
INFO: [ app_init ] --START--
INFO: Run Behavior\BuildLiteBehavior [ RunTime:0.000000s ]
INFO: [ app_init ] --END-- [ RunTime:0.000000s ]
ERR: 无法加载模块:Public

[ 2017-09-11T15:52:43+08:00 ] 127.0.0.1 /Public/images/login-bg.jpg
INFO: [ app_init ] --START--
INFO: Run Behavior\BuildLiteBehavior [ RunTime:0.000000s ]
INFO: [ app_init ] --END-- [ RunTime:0.001000s ]
ERR: 无法加载模块:Public

[ 2017-09-11T15:52:52+08:00 ] 127.0.0.1 /Public/images/login-bg.jpg
INFO: [ app_init ] --START--
INFO: Run Behavior\BuildLiteBehavior [ RunTime:0.000000s ]
INFO: [ app_init ] --END-- [ RunTime:0.001000s ]
ERR: 无法加载模块:Public

[ 2017-09-11T15:52:54+08:00 ] 127.0.0.1 /Public/login/js/jquery.min.map
INFO: [ app_init ] --START--
INFO: Run Behavior\BuildLiteBehavior [ RunTime:0.000000s ]
INFO: [ app_init ] --END-- [ RunTime:0.001000s ]
ERR: 无法加载模块:Public

[ 2017-09-11T15:52:54+08:00 ] 127.0.0.1 /Public/images/cancel_s.png
INFO: [ app_init ] --START--
INFO: Run Behavior\BuildLiteBehavior [ RunTime:0.000000s ]
INFO: [ app_init ] --END-- [ RunTime:0.001000s ]
ERR: 无法加载模块:Public

[ 2017-09-11T15:53:21+08:00 ] 127.0.0.1 /Public/images/login-bg.jpg
INFO: [ app_init ] --START--
INFO: Run Behavior\BuildLiteBehavior [ RunTime:0.000000s ]
INFO: [ app_init ] --END-- [ RunTime:0.001000s ]
ERR: 无法加载模块:Public

[ 2017-09-11T15:53:48+08:00 ] 127.0.0.1 /Public/login/js/jquery.min.map
INFO: [ app_init ] --START--
INFO: Run Behavior\BuildLiteBehavior [ RunTime:0.000000s ]
INFO: [ app_init ] --END-- [ RunTime:0.001000s ]
ERR: 无法加载模块:Public

[ 2017-09-11T15:53:50+08:00 ] 127.0.0.1 /Public/images/login-bg.jpg
INFO: [ app_init ] --START--
INFO: Run Behavior\BuildLiteBehavior [ RunTime:0.001000s ]
INFO: [ app_init ] --END-- [ RunTime:0.001000s ]
ERR: 无法加载模块:Public

[ 2017-09-11T15:54:08+08:00 ] 127.0.0.1 /Public/images/login-bg.jpg
INFO: [ app_init ] --START--
INFO: Run Behavior\BuildLiteBehavior [ RunTime:0.000000s ]
INFO: [ app_init ] --END-- [ RunTime:0.001000s ]
ERR: 无法加载模块:Public

[ 2017-09-11T15:54:23+08:00 ] 127.0.0.1 /Template/5u/pc/Static/js/maps/swiper.min.js.map
INFO: [ app_init ] --START--
INFO: Run Behavior\BuildLiteBehavior [ RunTime:0.000000s ]
INFO: [ app_init ] --END-- [ RunTime:0.001000s ]
ERR: 无法加载模块:Template

[ 2017-09-11T15:54:23+08:00 ] 127.0.0.1 /Uploads/task/1489027434_360%E6%88%AA%E5%9B%BE20170309104145117.png
INFO: [ app_init ] --START--
INFO: Run Behavior\BuildLiteBehavior [ RunTime:0.000000s ]
INFO: [ app_init ] --END-- [ RunTime:0.000000s ]
ERR: 无法加载模块:Uploads

[ 2017-09-11T15:54:24+08:00 ] 127.0.0.1 /Uploads/Admin/sciences/2017-01-18/1484731381_HIC%E7%A1%AC%E4%BB%B6%E4%BA%A7%E4%B8%9A%E4%BA%A4%E6%B5%814.jpg
INFO: [ app_init ] --START--
INFO: Run Behavior\BuildLiteBehavior [ RunTime:0.000000s ]
INFO: [ app_init ] --END-- [ RunTime:0.001000s ]
ERR: 无法加载模块:Uploads

[ 2017-09-11T15:54:24+08:00 ] 127.0.0.1 /Uploads/Admin/sciences/2017-01-23/1485135805_%E6%B4%BB%E5%8A%A8%E5%B0%81%E9%9D%A2.png
INFO: [ app_init ] --START--
INFO: Run Behavior\BuildLiteBehavior [ RunTime:0.000000s ]
INFO: [ app_init ] --END-- [ RunTime:0.001000s ]
ERR: 无法加载模块:Uploads

[ 2017-09-11T15:55:03+08:00 ] 127.0.0.1 /Template/5u/pc/Static/js/maps/swiper.min.js.map
INFO: [ app_init ] --START--
INFO: Run Behavior\BuildLiteBehavior [ RunTime:0.000000s ]
INFO: [ app_init ] --END-- [ RunTime:0.000000s ]
ERR: 无法加载模块:Template

[ 2017-09-11T15:55:12+08:00 ] 127.0.0.1 /Public/login/js/jquery.min.map
INFO: [ app_init ] --START--
INFO: Run Behavior\BuildLiteBehavior [ RunTime:0.000000s ]
INFO: [ app_init ] --END-- [ RunTime:0.001000s ]
ERR: 无法加载模块:Public

[ 2017-09-11T15:55:12+08:00 ] 127.0.0.1 /Public/images/cancel_s.png
INFO: [ app_init ] --START--
INFO: Run Behavior\BuildLiteBehavior [ RunTime:0.000000s ]
INFO: [ app_init ] --END-- [ RunTime:0.000000s ]
ERR: 无法加载模块:Public

[ 2017-09-11T15:55:22+08:00 ] 127.0.0.1 /Public/images/plus-white.png
INFO: [ app_init ] --START--
INFO: Run Behavior\BuildLiteBehavior [ RunTime:0.000000s ]
INFO: [ app_init ] --END-- [ RunTime:0.001000s ]
ERR: 无法加载模块:Public

[ 2017-09-11T15:56:07+08:00 ] 127.0.0.1 /Public/images/plus.png
INFO: [ app_init ] --START--
INFO: Run Behavior\BuildLiteBehavior [ RunTime:0.000000s ]
INFO: [ app_init ] --END-- [ RunTime:0.001000s ]
ERR: 无法加载模块:Public

[ 2017-09-11T15:56:11+08:00 ] 127.0.0.1 /Public/images/minus.png
INFO: [ app_init ] --START--
INFO: Run Behavior\BuildLiteBehavior [ RunTime:0.000000s ]
INFO: [ app_init ] --END-- [ RunTime:0.001000s ]
ERR: 无法加载模块:Public

[ 2017-09-11T15:56:13+08:00 ] 127.0.0.1 /Public/images/minus.png
INFO: [ app_init ] --START--
INFO: Run Behavior\BuildLiteBehavior [ RunTime:0.000000s ]
INFO: [ app_init ] --END-- [ RunTime:0.001000s ]
ERR: 无法加载模块:Public

[ 2017-09-11T15:56:18+08:00 ] 127.0.0.1 /Public/images/login-bg.jpg
INFO: [ app_init ] --START--
INFO: Run Behavior\BuildLiteBehavior [ RunTime:0.000000s ]
INFO: [ app_init ] --END-- [ RunTime:0.000000s ]
ERR: 无法加载模块:Public

[ 2017-09-11T16:01:17+08:00 ] 127.0.0.1 /Public/images/plus-white.png
INFO: [ app_init ] --START--
INFO: Run Behavior\BuildLiteBehavior [ RunTime:0.000000s ]
INFO: [ app_init ] --END-- [ RunTime:0.000000s ]
ERR: 无法加载模块:Public

[ 2017-09-11T16:01:18+08:00 ] 127.0.0.1 /Public/images/plus.png
INFO: [ app_init ] --START--
INFO: Run Behavior\BuildLiteBehavior [ RunTime:0.000000s ]
INFO: [ app_init ] --END-- [ RunTime:0.000000s ]
ERR: 无法加载模块:Public

[ 2017-09-11T16:01:19+08:00 ] 127.0.0.1 /Public/images/minus.png
INFO: [ app_init ] --START--
INFO: Run Behavior\BuildLiteBehavior [ RunTime:0.000000s ]
INFO: [ app_init ] --END-- [ RunTime:0.000000s ]
ERR: 无法加载模块:Public

[ 2017-09-11T16:01:20+08:00 ] 127.0.0.1 /Public/images/minus.png
INFO: [ app_init ] --START--
INFO: Run Behavior\BuildLiteBehavior [ RunTime:0.000000s ]
INFO: [ app_init ] --END-- [ RunTime:0.000000s ]
ERR: 无法加载模块:Public

[ 2017-09-11T16:02:39+08:00 ] 127.0.0.1 /Public/images/login-bg.jpg
INFO: [ app_init ] --START--
INFO: Run Behavior\BuildLiteBehavior [ RunTime:0.000000s ]
INFO: [ app_init ] --END-- [ RunTime:0.001000s ]
ERR: 无法加载模块:Public

[ 2017-09-11T16:03:05+08:00 ] 127.0.0.1 /Public/images/login-bg.jpg
INFO: [ app_init ] --START--
INFO: Run Behavior\BuildLiteBehavior [ RunTime:0.000000s ]
INFO: [ app_init ] --END-- [ RunTime:0.000000s ]
ERR: 无法加载模块:Public

[ 2017-09-11T16:03:31+08:00 ] 127.0.0.1 /Public/images/login-bg.jpg
INFO: [ app_init ] --START--
INFO: Run Behavior\BuildLiteBehavior [ RunTime:0.000000s ]
INFO: [ app_init ] --END-- [ RunTime:0.001000s ]
ERR: 无法加载模块:Public

[ 2017-09-11T16:03:43+08:00 ] 127.0.0.1 /Uploads/Admin/sciences/2017-01-23/1485135805_%E6%B4%BB%E5%8A%A8%E5%B0%81%E9%9D%A2.png
INFO: [ app_init ] --START--
INFO: Run Behavior\BuildLiteBehavior [ RunTime:0.000000s ]
INFO: [ app_init ] --END-- [ RunTime:0.001000s ]
ERR: 无法加载模块:Uploads

[ 2017-09-11T16:03:43+08:00 ] 127.0.0.1 /Uploads/Admin/sciences/2017-01-18/1484731381_HIC%E7%A1%AC%E4%BB%B6%E4%BA%A7%E4%B8%9A%E4%BA%A4%E6%B5%814.jpg
INFO: [ app_init ] --START--
INFO: Run Behavior\BuildLiteBehavior [ RunTime:0.000000s ]
INFO: [ app_init ] --END-- [ RunTime:0.001000s ]
ERR: 无法加载模块:Uploads

[ 2017-09-11T16:04:03+08:00 ] 127.0.0.1 /Public/images/login-bg.jpg
INFO: [ app_init ] --START--
INFO: Run Behavior\BuildLiteBehavior [ RunTime:0.000000s ]
INFO: [ app_init ] --END-- [ RunTime:0.001000s ]
ERR: 无法加载模块:Public

[ 2017-09-11T16:04:58+08:00 ] 127.0.0.1 /Public/images/login-bg.jpg
INFO: [ app_init ] --START--
INFO: Run Behavior\BuildLiteBehavior [ RunTime:0.000000s ]
INFO: [ app_init ] --END-- [ RunTime:0.001000s ]
ERR: 无法加载模块:Public

[ 2017-09-11T16:08:26+08:00 ] 127.0.0.1 /Public/images/plus-white.png
INFO: [ app_init ] --START--
INFO: Run Behavior\BuildLiteBehavior [ RunTime:0.000000s ]
INFO: [ app_init ] --END-- [ RunTime:0.001000s ]
ERR: 无法加载模块:Public

[ 2017-09-11T16:08:26+08:00 ] 127.0.0.1 /Public/images/plus.png
INFO: [ app_init ] --START--
INFO: Run Behavior\BuildLiteBehavior [ RunTime:0.000000s ]
INFO: [ app_init ] --END-- [ RunTime:0.000000s ]
ERR: 无法加载模块:Public

[ 2017-09-11T16:08:26+08:00 ] 127.0.0.1 /Public/images/minus.png
INFO: [ app_init ] --START--
INFO: Run Behavior\BuildLiteBehavior [ RunTime:0.000000s ]
INFO: [ app_init ] --END-- [ RunTime:0.000000s ]
ERR: 无法加载模块:Public

[ 2017-09-11T16:08:27+08:00 ] 127.0.0.1 /Public/images/minus.png
INFO: [ app_init ] --START--
INFO: Run Behavior\BuildLiteBehavior [ RunTime:0.000000s ]
INFO: [ app_init ] --END-- [ RunTime:0.000000s ]
ERR: 无法加载模块:Public

[ 2017-09-11T16:09:39+08:00 ] 127.0.0.1 /Public/images/plus-white.png
INFO: [ app_init ] --START--
INFO: Run Behavior\BuildLiteBehavior [ RunTime:0.000000s ]
INFO: [ app_init ] --END-- [ RunTime:0.001000s ]
ERR: 无法加载模块:Public

[ 2017-09-11T16:09:42+08:00 ] 127.0.0.1 /Public/images/plus.png
INFO: [ app_init ] --START--
INFO: Run Behavior\BuildLiteBehavior [ RunTime:0.000000s ]
INFO: [ app_init ] --END-- [ RunTime:0.000000s ]
ERR: 无法加载模块:Public

[ 2017-09-11T16:09:43+08:00 ] 127.0.0.1 /Public/images/minus.png
INFO: [ app_init ] --START--
INFO: Run Behavior\BuildLiteBehavior [ RunTime:0.000000s ]
INFO: [ app_init ] --END-- [ RunTime:0.001000s ]
ERR: 无法加载模块:Public

[ 2017-09-11T16:09:43+08:00 ] 127.0.0.1 /Public/images/minus.png
INFO: [ app_init ] --START--
INFO: Run Behavior\BuildLiteBehavior [ RunTime:0.000000s ]
INFO: [ app_init ] --END-- [ RunTime:0.000000s ]
ERR: 无法加载模块:Public

[ 2017-09-11T16:09:49+08:00 ] 127.0.0.1 /Public/images/login-bg.jpg
INFO: [ app_init ] --START--
INFO: Run Behavior\BuildLiteBehavior [ RunTime:0.000000s ]
INFO: [ app_init ] --END-- [ RunTime:0.000000s ]
ERR: 无法加载模块:Public

[ 2017-09-11T16:10:08+08:00 ] 127.0.0.1 /Public/images/login-bg.jpg
INFO: [ app_init ] --START--
INFO: Run Behavior\BuildLiteBehavior [ RunTime:0.000000s ]
INFO: [ app_init ] --END-- [ RunTime:0.001000s ]
ERR: 无法加载模块:Public

[ 2017-09-11T16:11:35+08:00 ] 127.0.0.1 /Public/images/login-bg.jpg
INFO: [ app_init ] --START--
INFO: Run Behavior\BuildLiteBehavior [ RunTime:0.000000s ]
INFO: [ app_init ] --END-- [ RunTime:0.000000s ]
ERR: 无法加载模块:Public

[ 2017-09-11T16:11:38+08:00 ] 127.0.0.1 /Public/images/login-bg.jpg
INFO: [ app_init ] --START--
INFO: Run Behavior\BuildLiteBehavior [ RunTime:0.000000s ]
INFO: [ app_init ] --END-- [ RunTime:0.001000s ]
ERR: 无法加载模块:Public

[ 2017-09-11T16:11:40+08:00 ] 127.0.0.1 /Public/images/login-bg.jpg
INFO: [ app_init ] --START--
INFO: Run Behavior\BuildLiteBehavior [ RunTime:0.000000s ]
INFO: [ app_init ] --END-- [ RunTime:0.000000s ]
ERR: 无法加载模块:Public

[ 2017-09-11T16:11:49+08:00 ] 127.0.0.1 /Public/images/login-bg.jpg
INFO: [ app_init ] --START--
INFO: Run Behavior\BuildLiteBehavior [ RunTime:0.000000s ]
INFO: [ app_init ] --END-- [ RunTime:0.001000s ]
ERR: 无法加载模块:Public

[ 2017-09-11T16:44:53+08:00 ] 127.0.0.1 /Public/images/plus-white.png
INFO: [ app_init ] --START--
INFO: Run Behavior\BuildLiteBehavior [ RunTime:0.000000s ]
INFO: [ app_init ] --END-- [ RunTime:0.001001s ]
ERR: 无法加载模块:Public

[ 2017-09-11T17:23:50+08:00 ] 127.0.0.1 /Public/images/plus.png
INFO: [ app_init ] --START--
INFO: Run Behavior\BuildLiteBehavior [ RunTime:0.000000s ]
INFO: [ app_init ] --END-- [ RunTime:0.000000s ]
ERR: 无法加载模块:Public

[ 2017-09-11T17:23:50+08:00 ] 127.0.0.1 /Public/images/minus.png
INFO: [ app_init ] --START--
INFO: Run Behavior\BuildLiteBehavior [ RunTime:0.000000s ]
INFO: [ app_init ] --END-- [ RunTime:0.001000s ]
ERR: 无法加载模块:Public

[ 2017-09-11T17:23:51+08:00 ] 127.0.0.1 /Public/images/minus.png
INFO: [ app_init ] --START--
INFO: Run Behavior\BuildLiteBehavior [ RunTime:0.000000s ]
INFO: [ app_init ] --END-- [ RunTime:0.000000s ]
ERR: 无法加载模块:Public

[ 2017-09-11T17:24:05+08:00 ] 127.0.0.1 /Public/images/plus-white.png
INFO: [ app_init ] --START--
INFO: Run Behavior\BuildLiteBehavior [ RunTime:0.000000s ]
INFO: [ app_init ] --END-- [ RunTime:0.001000s ]
ERR: 无法加载模块:Public

[ 2017-09-11T17:24:33+08:00 ] 127.0.0.1 /Public/images/plus.png
INFO: [ app_init ] --START--
INFO: Run Behavior\BuildLiteBehavior [ RunTime:0.000000s ]
INFO: [ app_init ] --END-- [ RunTime:0.001001s ]
ERR: 无法加载模块:Public

[ 2017-09-11T17:24:33+08:00 ] 127.0.0.1 /Public/images/minus.png
INFO: [ app_init ] --START--
INFO: Run Behavior\BuildLiteBehavior [ RunTime:0.000000s ]
INFO: [ app_init ] --END-- [ RunTime:0.001000s ]
ERR: 无法加载模块:Public

[ 2017-09-11T17:24:34+08:00 ] 127.0.0.1 /Public/images/minus.png
INFO: [ app_init ] --START--
INFO: Run Behavior\BuildLiteBehavior [ RunTime:0.000000s ]
INFO: [ app_init ] --END-- [ RunTime:0.001000s ]
ERR: 无法加载模块:Public

[ 2017-09-11T17:58:00+08:00 ] 127.0.0.1 /Public/images/cancel_s.png
INFO: [ app_init ] --START--
INFO: Run Behavior\BuildLiteBehavior [ RunTime:0.000000s ]
INFO: [ app_init ] --END-- [ RunTime:0.004001s ]
ERR: 无法加载模块:Public

[ 2017-09-11T17:58:05+08:00 ] 127.0.0.1 /Public/images/cancel_s.png
INFO: [ app_init ] --START--
INFO: Run Behavior\BuildLiteBehavior [ RunTime:0.000000s ]
INFO: [ app_init ] --END-- [ RunTime:0.001000s ]
ERR: 无法加载模块:Public

[ 2017-09-11T17:58:28+08:00 ] 127.0.0.1 /Public/images/plus-white.png
INFO: [ app_init ] --START--
INFO: Run Behavior\BuildLiteBehavior [ RunTime:0.000000s ]
INFO: [ app_init ] --END-- [ RunTime:0.000000s ]
ERR: 无法加载模块:Public

[ 2017-09-11T17:58:29+08:00 ] 127.0.0.1 /Public/images/plus.png
INFO: [ app_init ] --START--
INFO: Run Behavior\BuildLiteBehavior [ RunTime:0.000000s ]
INFO: [ app_init ] --END-- [ RunTime:0.000000s ]
ERR: 无法加载模块:Public

[ 2017-09-11T17:58:30+08:00 ] 127.0.0.1 /Public/images/minus.png
INFO: [ app_init ] --START--
INFO: Run Behavior\BuildLiteBehavior [ RunTime:0.000000s ]
INFO: [ app_init ] --END-- [ RunTime:0.000000s ]
ERR: 无法加载模块:Public

[ 2017-09-11T17:58:32+08:00 ] 127.0.0.1 /Public/images/minus.png
INFO: [ app_init ] --START--
INFO: Run Behavior\BuildLiteBehavior [ RunTime:0.000000s ]
INFO: [ app_init ] --END-- [ RunTime:0.001000s ]
ERR: 无法加载模块:Public

[ 2017-09-11T17:58:34+08:00 ] 127.0.0.1 /Public/images/login-bg.jpg
INFO: [ app_init ] --START--
INFO: Run Behavior\BuildLiteBehavior [ RunTime:0.000000s ]
INFO: [ app_init ] --END-- [ RunTime:0.000000s ]
ERR: 无法加载模块:Public

[ 2017-09-11T17:58:35+08:00 ] 127.0.0.1 /Public/images/cancel_s.png
INFO: [ app_init ] --START--
INFO: Run Behavior\BuildLiteBehavior [ RunTime:0.000000s ]
INFO: [ app_init ] --END-- [ RunTime:0.001000s ]
ERR: 无法加载模块:Public

[ 2017-09-11T17:58:43+08:00 ] 127.0.0.1 /Public/images/plus-white.png
INFO: [ app_init ] --START--
INFO: Run Behavior\BuildLiteBehavior [ RunTime:0.000000s ]
INFO: [ app_init ] --END-- [ RunTime:0.001000s ]
ERR: 无法加载模块:Public

[ 2017-09-11T17:58:48+08:00 ] 127.0.0.1 /Public/images/plus.png
INFO: [ app_init ] --START--
INFO: Run Behavior\BuildLiteBehavior [ RunTime:0.000000s ]
INFO: [ app_init ] --END-- [ RunTime:0.000000s ]
ERR: 无法加载模块:Public

[ 2017-09-11T17:58:48+08:00 ] 127.0.0.1 /Public/images/minus.png
INFO: [ app_init ] --START--
INFO: Run Behavior\BuildLiteBehavior [ RunTime:0.000000s ]
INFO: [ app_init ] --END-- [ RunTime:0.001000s ]
ERR: 无法加载模块:Public

[ 2017-09-11T17:58:49+08:00 ] 127.0.0.1 /Public/images/minus.png
INFO: [ app_init ] --START--
INFO: Run Behavior\BuildLiteBehavior [ RunTime:0.000000s ]
INFO: [ app_init ] --END-- [ RunTime:0.000000s ]
ERR: 无法加载模块:Public

[ 2017-09-11T17:59:46+08:00 ] 127.0.0.1 /Public/images/plus-white.png
INFO: [ app_init ] --START--
INFO: Run Behavior\BuildLiteBehavior [ RunTime:0.000000s ]
INFO: [ app_init ] --END-- [ RunTime:0.000000s ]
ERR: 无法加载模块:Public

[ 2017-09-11T18:00:10+08:00 ] 127.0.0.1 /Public/images/plus.png
INFO: [ app_init ] --START--
INFO: Run Behavior\BuildLiteBehavior [ RunTime:0.000000s ]
INFO: [ app_init ] --END-- [ RunTime:0.000000s ]
ERR: 无法加载模块:Public

