[ 2017-07-23T00:11:56+08:00 ] 106.11.159.174 /Mob/Science/science_info/domain_id/6/science_id/1272.html
INFO: [ app_init ] --START--
INFO: Run Behavior\BuildLiteBehavior [ RunTime:0.000013s ]
INFO: [ app_init ] --END-- [ RunTime:0.000297s ]
ERR: 无法加载模块:Mob

[ 2017-07-23T00:25:28+08:00 ] 160.238.77.10 /wp-login.php
INFO: [ app_init ] --START--
INFO: Run Behavior\BuildLiteBehavior [ RunTime:0.000013s ]
INFO: [ app_init ] --END-- [ RunTime:0.000254s ]
ERR: 无法加载模块:Wp-login

[ 2017-07-23T00:43:46+08:00 ] 193.169.135.169 /vbseocp.php
INFO: [ app_init ] --START--
INFO: Run Behavior\BuildLiteBehavior [ RunTime:0.000012s ]
INFO: [ app_init ] --END-- [ RunTime:0.000249s ]
ERR: 无法加载模块:Vbseocp

[ 2017-07-23T00:54:03+08:00 ] 36.237.152.144 /favicon.ico
INFO: [ app_init ] --START--
INFO: Run Behavior\BuildLiteBehavior [ RunTime:0.000012s ]
INFO: [ app_init ] --END-- [ RunTime:0.000246s ]
ERR: 无法加载模块:Favicon

[ 2017-07-23T01:04:09+08:00 ] 72.80.124.2 /wp-login.php
INFO: [ app_init ] --START--
INFO: Run Behavior\BuildLiteBehavior [ RunTime:0.000013s ]
INFO: [ app_init ] --END-- [ RunTime:0.000251s ]
ERR: 无法加载模块:Wp-login

[ 2017-07-23T01:07:58+08:00 ] 193.169.135.169 /vbseocp.php
INFO: [ app_init ] --START--
INFO: Run Behavior\BuildLiteBehavior [ RunTime:0.000015s ]
INFO: [ app_init ] --END-- [ RunTime:0.000273s ]
ERR: 无法加载模块:Vbseocp

[ 2017-07-23T03:22:58+08:00 ] 187.104.173.215 /wp-login.php
INFO: [ app_init ] --START--
INFO: Run Behavior\BuildLiteBehavior [ RunTime:0.000013s ]
INFO: [ app_init ] --END-- [ RunTime:0.000249s ]
ERR: 无法加载模块:Wp-login

[ 2017-07-23T03:25:13+08:00 ] 203.208.60.217 /Uploads/images/20161216102401.jpg
INFO: [ app_init ] --START--
INFO: Run Behavior\BuildLiteBehavior [ RunTime:0.000025s ]
INFO: [ app_init ] --END-- [ RunTime:0.000324s ]
ERR: 无法加载模块:Uploads

[ 2017-07-23T03:49:08+08:00 ] 85.86.244.244 /wp-login.php
INFO: [ app_init ] --START--
INFO: Run Behavior\BuildLiteBehavior [ RunTime:0.000012s ]
INFO: [ app_init ] --END-- [ RunTime:0.000250s ]
ERR: 无法加载模块:Wp-login

[ 2017-07-23T04:11:22+08:00 ] 104.55.124.250 /wp-login.php
INFO: [ app_init ] --START--
INFO: Run Behavior\BuildLiteBehavior [ RunTime:0.000014s ]
INFO: [ app_init ] --END-- [ RunTime:0.000252s ]
ERR: 无法加载模块:Wp-login

[ 2017-07-23T04:12:15+08:00 ] 193.169.135.169 /vbseocp.php
INFO: [ app_init ] --START--
INFO: Run Behavior\BuildLiteBehavior [ RunTime:0.000013s ]
INFO: [ app_init ] --END-- [ RunTime:0.000353s ]
ERR: 无法加载模块:Vbseocp

[ 2017-07-23T05:14:06+08:00 ] 203.208.60.215 /Public/mob/css/index.css
INFO: [ app_init ] --START--
INFO: Run Behavior\BuildLiteBehavior [ RunTime:0.000012s ]
INFO: [ app_init ] --END-- [ RunTime:0.000249s ]
ERR: 无法加载模块:Public

[ 2017-07-23T05:14:07+08:00 ] 203.208.60.215 /Public/mob/js/jquery-2.1.0.js
INFO: [ app_init ] --START--
INFO: Run Behavior\BuildLiteBehavior [ RunTime:0.000012s ]
INFO: [ app_init ] --END-- [ RunTime:0.000300s ]
ERR: 无法加载模块:Public

[ 2017-07-23T05:14:07+08:00 ] 203.208.60.215 /Public/mob/css/weui.min.css
INFO: [ app_init ] --START--
INFO: Run Behavior\BuildLiteBehavior [ RunTime:0.000018s ]
INFO: [ app_init ] --END-- [ RunTime:0.000307s ]
ERR: 无法加载模块:Public

[ 2017-07-23T05:14:07+08:00 ] 203.208.60.215 /Public/mob/css/swiper.min.css
INFO: [ app_init ] --START--
INFO: Run Behavior\BuildLiteBehavior [ RunTime:0.000012s ]
INFO: [ app_init ] --END-- [ RunTime:0.000247s ]
ERR: 无法加载模块:Public

[ 2017-07-23T05:14:08+08:00 ] 203.208.60.215 /Public/mob/js/swiper.min.js
INFO: [ app_init ] --START--
INFO: Run Behavior\BuildLiteBehavior [ RunTime:0.000012s ]
INFO: [ app_init ] --END-- [ RunTime:0.000292s ]
ERR: 无法加载模块:Public

[ 2017-07-23T05:14:08+08:00 ] 203.208.60.215 /Public/mob/css/font-awesome.min.css
INFO: [ app_init ] --START--
INFO: Run Behavior\BuildLiteBehavior [ RunTime:0.000014s ]
INFO: [ app_init ] --END-- [ RunTime:0.000322s ]
ERR: 无法加载模块:Public

[ 2017-07-23T05:14:09+08:00 ] 203.208.60.215 /Public/mob/js/index.js
INFO: [ app_init ] --START--
INFO: Run Behavior\BuildLiteBehavior [ RunTime:0.000012s ]
INFO: [ app_init ] --END-- [ RunTime:0.000244s ]
ERR: 无法加载模块:Public

[ 2017-07-23T06:08:37+08:00 ] 196.75.96.253 /wp-login.php
INFO: [ app_init ] --START--
INFO: Run Behavior\BuildLiteBehavior [ RunTime:0.000013s ]
INFO: [ app_init ] --END-- [ RunTime:0.000250s ]
ERR: 无法加载模块:Wp-login

[ 2017-07-23T06:27:48+08:00 ] 123.125.71.77 /Mob/Science/science_apply/domain_id/4/science_id/824.html
INFO: [ app_init ] --START--
INFO: Run Behavior\BuildLiteBehavior [ RunTime:0.000015s ]
INFO: [ app_init ] --END-- [ RunTime:0.000311s ]
ERR: 无法加载模块:Mob

[ 2017-07-23T06:40:29+08:00 ] 203.208.60.208 /Mob/Science/science_info/domain_id/4/science_id/873.html
INFO: [ app_init ] --START--
INFO: Run Behavior\BuildLiteBehavior [ RunTime:0.000015s ]
INFO: [ app_init ] --END-- [ RunTime:0.000265s ]
ERR: 无法加载模块:Mob

[ 2017-07-23T07:17:11+08:00 ] 37.14.254.21 /wp-login.php
INFO: [ app_init ] --START--
INFO: Run Behavior\BuildLiteBehavior [ RunTime:0.000017s ]
INFO: [ app_init ] --END-- [ RunTime:0.000391s ]
ERR: 无法加载模块:Wp-login

[ 2017-07-23T07:21:20+08:00 ] 203.208.60.233 /Public/mob/css/swiper.min.css
INFO: [ app_init ] --START--
INFO: Run Behavior\BuildLiteBehavior [ RunTime:0.000013s ]
INFO: [ app_init ] --END-- [ RunTime:0.000258s ]
ERR: 无法加载模块:Public

[ 2017-07-23T07:21:21+08:00 ] 203.208.60.195 /Public/mob/css/index.css
INFO: [ app_init ] --START--
INFO: Run Behavior\BuildLiteBehavior [ RunTime:0.000013s ]
INFO: [ app_init ] --END-- [ RunTime:0.000245s ]
ERR: 无法加载模块:Public

[ 2017-07-23T07:21:21+08:00 ] 203.208.60.205 /Public/mob/css/weui.min.css
INFO: [ app_init ] --START--
INFO: Run Behavior\BuildLiteBehavior [ RunTime:0.000013s ]
INFO: [ app_init ] --END-- [ RunTime:0.000252s ]
ERR: 无法加载模块:Public

[ 2017-07-23T07:21:22+08:00 ] 203.208.60.233 /Public/mob/js/jquery-2.1.0.js
INFO: [ app_init ] --START--
INFO: Run Behavior\BuildLiteBehavior [ RunTime:0.000012s ]
INFO: [ app_init ] --END-- [ RunTime:0.000244s ]
ERR: 无法加载模块:Public

[ 2017-07-23T07:23:47+08:00 ] 220.181.108.151 /Uploads/task/1494210687_%E2%D2%B6%A1%BC%BC%CA%F5500%BF%BD%B1%B4.jpg
INFO: [ app_init ] --START--
INFO: Run Behavior\BuildLiteBehavior [ RunTime:0.000012s ]
INFO: [ app_init ] --END-- [ RunTime:0.000248s ]
ERR: 无法加载模块:Uploads

[ 2017-07-23T07:50:18+08:00 ] 106.11.159.174 /Mob/Task/task_info/category_id/516/task_id/3672.html
INFO: [ app_init ] --START--
INFO: Run Behavior\BuildLiteBehavior [ RunTime:0.000014s ]
INFO: [ app_init ] --END-- [ RunTime:0.000263s ]
ERR: 无法加载模块:Mob

[ 2017-07-23T07:51:52+08:00 ] 220.181.108.104 /mob/task/index.html
INFO: [ app_init ] --START--
INFO: Run Behavior\BuildLiteBehavior [ RunTime:0.000016s ]
INFO: [ app_init ] --END-- [ RunTime:0.000277s ]
ERR: 无法加载模块:Mob

[ 2017-07-23T08:01:59+08:00 ] 203.208.60.221 /Mob/Task/index.html
INFO: [ app_init ] --START--
INFO: Run Behavior\BuildLiteBehavior [ RunTime:0.000013s ]
INFO: [ app_init ] --END-- [ RunTime:0.000270s ]
ERR: 无法加载模块:Mob

[ 2017-07-23T08:32:43+08:00 ] 36.237.152.144 /favicon.ico
INFO: [ app_init ] --START--
INFO: Run Behavior\BuildLiteBehavior [ RunTime:0.000013s ]
INFO: [ app_init ] --END-- [ RunTime:0.000256s ]
ERR: 无法加载模块:Favicon

[ 2017-07-23T08:59:34+08:00 ] 49.112.107.17 /favicon.ico
INFO: [ app_init ] --START--
INFO: Run Behavior\BuildLiteBehavior [ RunTime:0.000013s ]
INFO: [ app_init ] --END-- [ RunTime:0.000300s ]
ERR: 无法加载模块:Favicon

[ 2017-07-23T09:03:08+08:00 ] 203.208.60.222 /Mob/Science/science_info/domain_id/11/science_id/565.html
INFO: [ app_init ] --START--
INFO: Run Behavior\BuildLiteBehavior [ RunTime:0.000012s ]
INFO: [ app_init ] --END-- [ RunTime:0.000292s ]
ERR: 无法加载模块:Mob

[ 2017-07-23T09:18:21+08:00 ] 123.125.71.53 /Uploads/Admin/sciences/2017-01-23/1485135805_%BB%EE%B6%AF%B7%E2%C3%E6.png
INFO: [ app_init ] --START--
INFO: Run Behavior\BuildLiteBehavior [ RunTime:0.000013s ]
INFO: [ app_init ] --END-- [ RunTime:0.000252s ]
ERR: 无法加载模块:Uploads

[ 2017-07-23T09:34:45+08:00 ] 37.14.254.21 /wp-login.php
INFO: [ app_init ] --START--
INFO: Run Behavior\BuildLiteBehavior [ RunTime:0.000013s ]
INFO: [ app_init ] --END-- [ RunTime:0.000267s ]
ERR: 无法加载模块:Wp-login

[ 2017-07-23T10:19:29+08:00 ] 123.125.71.97 /Uploads/Admin/sciences/2017-01-18/1484731381_HIC%D3%B2%BC%FE%B2%FA%D2%B5%BD%BB%C1%F74.jpg
INFO: [ app_init ] --START--
INFO: Run Behavior\BuildLiteBehavior [ RunTime:0.000014s ]
INFO: [ app_init ] --END-- [ RunTime:0.000255s ]
ERR: 无法加载模块:Uploads

[ 2017-07-23T11:23:23+08:00 ] 202.168.163.137 /Public/home/js/jquery.md5.js
INFO: [ app_init ] --START--
INFO: Run Behavior\BuildLiteBehavior [ RunTime:0.000013s ]
INFO: [ app_init ] --END-- [ RunTime:0.000245s ]
ERR: 无法加载模块:Public

[ 2017-07-23T11:23:23+08:00 ] 202.168.163.137 /Public/home/js/jquery.md5.js
INFO: [ app_init ] --START--
INFO: Run Behavior\BuildLiteBehavior [ RunTime:0.000013s ]
INFO: [ app_init ] --END-- [ RunTime:0.000296s ]
ERR: 无法加载模块:Public

[ 2017-07-23T11:23:33+08:00 ] 202.168.163.137 /Public/home/js/jquery.md5.js
INFO: [ app_init ] --START--
INFO: Run Behavior\BuildLiteBehavior [ RunTime:0.000012s ]
INFO: [ app_init ] --END-- [ RunTime:0.000244s ]
ERR: 无法加载模块:Public

[ 2017-07-23T11:23:41+08:00 ] 202.168.163.137 /Public/home/js/jquery.md5.js
INFO: [ app_init ] --START--
INFO: Run Behavior\BuildLiteBehavior [ RunTime:0.000017s ]
INFO: [ app_init ] --END-- [ RunTime:0.000310s ]
ERR: 无法加载模块:Public

[ 2017-07-23T11:23:51+08:00 ] 202.168.163.137 /Public/home/js/jquery.md5.js
INFO: [ app_init ] --START--
INFO: Run Behavior\BuildLiteBehavior [ RunTime:0.000012s ]
INFO: [ app_init ] --END-- [ RunTime:0.000247s ]
ERR: 无法加载模块:Public

[ 2017-07-23T11:23:53+08:00 ] 202.168.163.137 /Public/home/js/jquery.md5.js
INFO: [ app_init ] --START--
INFO: Run Behavior\BuildLiteBehavior [ RunTime:0.000012s ]
INFO: [ app_init ] --END-- [ RunTime:0.000249s ]
ERR: 无法加载模块:Public

[ 2017-07-23T11:23:54+08:00 ] 202.168.163.137 /Public/home/js/jquery.md5.js
INFO: [ app_init ] --START--
INFO: Run Behavior\BuildLiteBehavior [ RunTime:0.000053s ]
INFO: [ app_init ] --END-- [ RunTime:0.000281s ]
ERR: 无法加载模块:Public

[ 2017-07-23T11:24:11+08:00 ] 202.168.163.137 /Public/home/js/jquery.md5.js
INFO: [ app_init ] --START--
INFO: Run Behavior\BuildLiteBehavior [ RunTime:0.000011s ]
INFO: [ app_init ] --END-- [ RunTime:0.000247s ]
ERR: 无法加载模块:Public

[ 2017-07-23T11:24:17+08:00 ] 202.168.163.137 /Public/home/js/jquery.md5.js
INFO: [ app_init ] --START--
INFO: Run Behavior\BuildLiteBehavior [ RunTime:0.000012s ]
INFO: [ app_init ] --END-- [ RunTime:0.000246s ]
ERR: 无法加载模块:Public

[ 2017-07-23T11:24:21+08:00 ] 202.168.163.137 /Public/home/js/jquery.md5.js
INFO: [ app_init ] --START--
INFO: Run Behavior\BuildLiteBehavior [ RunTime:0.000015s ]
INFO: [ app_init ] --END-- [ RunTime:0.000259s ]
ERR: 无法加载模块:Public

[ 2017-07-23T11:30:21+08:00 ] 101.226.66.177 /Public/home/js/jquery.md5.js
INFO: [ app_init ] --START--
INFO: Run Behavior\BuildLiteBehavior [ RunTime:0.000012s ]
INFO: [ app_init ] --END-- [ RunTime:0.000251s ]
ERR: 无法加载模块:Public

[ 2017-07-23T11:32:14+08:00 ] 88.198.22.8 /Public/home/img/favicon.ico
INFO: [ app_init ] --START--
INFO: Run Behavior\BuildLiteBehavior [ RunTime:0.000018s ]
INFO: [ app_init ] --END-- [ RunTime:0.000333s ]
ERR: 无法加载模块:Public

[ 2017-07-23T11:46:07+08:00 ] 36.237.152.144 /favicon.ico
INFO: [ app_init ] --START--
INFO: Run Behavior\BuildLiteBehavior [ RunTime:0.000012s ]
INFO: [ app_init ] --END-- [ RunTime:0.000257s ]
ERR: 无法加载模块:Favicon

[ 2017-07-23T12:12:28+08:00 ] 220.181.108.99 /Mob/Science/index.html
INFO: [ app_init ] --START--
INFO: Run Behavior\BuildLiteBehavior [ RunTime:0.000012s ]
INFO: [ app_init ] --END-- [ RunTime:0.000312s ]
ERR: 无法加载模块:Mob

[ 2017-07-23T12:21:52+08:00 ] 118.101.202.98 /wp-login.php
INFO: [ app_init ] --START--
INFO: Run Behavior\BuildLiteBehavior [ RunTime:0.000014s ]
INFO: [ app_init ] --END-- [ RunTime:0.000373s ]
ERR: 无法加载模块:Wp-login

[ 2017-07-23T12:55:27+08:00 ] 14.17.11.196 /Public/home/js/jquery.md5.js
INFO: [ app_init ] --START--
INFO: Run Behavior\BuildLiteBehavior [ RunTime:0.000012s ]
INFO: [ app_init ] --END-- [ RunTime:0.000245s ]
ERR: 无法加载模块:Public

[ 2017-07-23T12:55:28+08:00 ] 14.17.11.196 /Public/home/js/jquery.md5.js
INFO: [ app_init ] --START--
INFO: Run Behavior\BuildLiteBehavior [ RunTime:0.000013s ]
INFO: [ app_init ] --END-- [ RunTime:0.000244s ]
ERR: 无法加载模块:Public

[ 2017-07-23T12:55:32+08:00 ] 123.151.42.71 /Public/home/js/jquery.md5.js
INFO: [ app_init ] --START--
INFO: Run Behavior\BuildLiteBehavior [ RunTime:0.000012s ]
INFO: [ app_init ] --END-- [ RunTime:0.000246s ]
ERR: 无法加载模块:Public

[ 2017-07-23T12:55:32+08:00 ] 123.151.42.71 /Public/home/js/jquery.md5.js
INFO: [ app_init ] --START--
INFO: Run Behavior\BuildLiteBehavior [ RunTime:0.000012s ]
INFO: [ app_init ] --END-- [ RunTime:0.000323s ]
ERR: 无法加载模块:Public

[ 2017-07-23T12:55:42+08:00 ] 14.17.11.196 /Public/home/js/jquery.md5.js
INFO: [ app_init ] --START--
INFO: Run Behavior\BuildLiteBehavior [ RunTime:0.000021s ]
INFO: [ app_init ] --END-- [ RunTime:0.000353s ]
ERR: 无法加载模块:Public

[ 2017-07-23T12:55:45+08:00 ] 113.108.0.14 /Public/home/js/jquery.md5.js
INFO: [ app_init ] --START--
INFO: Run Behavior\BuildLiteBehavior [ RunTime:0.000012s ]
INFO: [ app_init ] --END-- [ RunTime:0.000241s ]
ERR: 无法加载模块:Public

[ 2017-07-23T12:55:47+08:00 ] 14.17.11.196 /Public/home/js/jquery.md5.js
INFO: [ app_init ] --START--
INFO: Run Behavior\BuildLiteBehavior [ RunTime:0.000014s ]
INFO: [ app_init ] --END-- [ RunTime:0.000294s ]
ERR: 无法加载模块:Public

[ 2017-07-23T12:55:55+08:00 ] 121.204.34.31 /Template/5u/mobile/Static/font/iconfont.css
INFO: [ app_init ] --START--
INFO: Run Behavior\BuildLiteBehavior [ RunTime:0.000012s ]
INFO: [ app_init ] --END-- [ RunTime:0.000241s ]
ERR: 无法加载模块:Template

[ 2017-07-23T12:55:55+08:00 ] 121.204.34.31 /Template/5u/mobile/Static/img/wechatm.png
INFO: [ app_init ] --START--
INFO: Run Behavior\BuildLiteBehavior [ RunTime:0.000011s ]
INFO: [ app_init ] --END-- [ RunTime:0.000238s ]
ERR: 无法加载模块:Template

[ 2017-07-23T12:55:55+08:00 ] 121.204.34.31 /Template/5u/mobile/Static/img/erweima2.jpg
INFO: [ app_init ] --START--
INFO: Run Behavior\BuildLiteBehavior [ RunTime:0.000017s ]
INFO: [ app_init ] --END-- [ RunTime:0.000291s ]
ERR: 无法加载模块:Template

[ 2017-07-23T12:55:55+08:00 ] 14.17.11.196 /Template/5u/mobile/Static/js/jquery.md5.js
INFO: [ app_init ] --START--
INFO: Run Behavior\BuildLiteBehavior [ RunTime:0.000011s ]
INFO: [ app_init ] --END-- [ RunTime:0.000235s ]
ERR: 无法加载模块:Template

[ 2017-07-23T12:55:55+08:00 ] 121.204.34.31 /Template/5u/mobile/Static/img/wechat11.png
INFO: [ app_init ] --START--
INFO: Run Behavior\BuildLiteBehavior [ RunTime:0.000012s ]
INFO: [ app_init ] --END-- [ RunTime:0.001298s ]
ERR: 无法加载模块:Template

[ 2017-07-23T12:55:55+08:00 ] 121.204.34.31 /Template/5u/mobile/Static/img/login_close.jpg
INFO: [ app_init ] --START--
INFO: Run Behavior\BuildLiteBehavior [ RunTime:0.000011s ]
INFO: [ app_init ] --END-- [ RunTime:0.000273s ]
ERR: 无法加载模块:Template

[ 2017-07-23T12:55:55+08:00 ] 113.108.0.14 /Template/5u/mobile/Static/js/common.js
INFO: [ app_init ] --START--
INFO: Run Behavior\BuildLiteBehavior [ RunTime:0.000010s ]
INFO: [ app_init ] --END-- [ RunTime:0.000232s ]
ERR: 无法加载模块:Template

[ 2017-07-23T12:55:56+08:00 ] 14.17.11.196 /Template/5u/mobile/Static/js/jquery.md5.js
INFO: [ app_init ] --START--
INFO: Run Behavior\BuildLiteBehavior [ RunTime:0.000012s ]
INFO: [ app_init ] --END-- [ RunTime:0.000242s ]
ERR: 无法加载模块:Template

[ 2017-07-23T12:55:56+08:00 ] 14.17.11.196 /Template/5u/mobile/Static/js/common.js
INFO: [ app_init ] --START--
INFO: Run Behavior\BuildLiteBehavior [ RunTime:0.000061s ]
INFO: [ app_init ] --END-- [ RunTime:0.000346s ]
ERR: 无法加载模块:Template

[ 2017-07-23T12:55:56+08:00 ] 121.204.34.31 /Template/5u/mobile/Static/img/erweima2.jpg
INFO: [ app_init ] --START--
INFO: Run Behavior\BuildLiteBehavior [ RunTime:0.000012s ]
INFO: [ app_init ] --END-- [ RunTime:0.000245s ]
ERR: 无法加载模块:Template

[ 2017-07-23T13:00:05+08:00 ] 123.151.42.71 /Public/home/js/jquery.md5.js
INFO: [ app_init ] --START--
INFO: Run Behavior\BuildLiteBehavior [ RunTime:0.000013s ]
INFO: [ app_init ] --END-- [ RunTime:0.000276s ]
ERR: 无法加载模块:Public

[ 2017-07-23T13:20:25+08:00 ] 123.151.138.83 /Public/home/js/jquery.md5.js
INFO: [ app_init ] --START--
INFO: Run Behavior\BuildLiteBehavior [ RunTime:0.000019s ]
INFO: [ app_init ] --END-- [ RunTime:0.000363s ]
ERR: 无法加载模块:Public

[ 2017-07-23T13:20:27+08:00 ] 123.151.138.83 /Public/home/js/jquery.md5.js
INFO: [ app_init ] --START--
INFO: Run Behavior\BuildLiteBehavior [ RunTime:0.000013s ]
INFO: [ app_init ] --END-- [ RunTime:0.000250s ]
ERR: 无法加载模块:Public

[ 2017-07-23T13:20:35+08:00 ] 101.226.33.224 /Public/home/js/jquery.md5.js
INFO: [ app_init ] --START--
INFO: Run Behavior\BuildLiteBehavior [ RunTime:0.000018s ]
INFO: [ app_init ] --END-- [ RunTime:0.000296s ]
ERR: 无法加载模块:Public

[ 2017-07-23T13:21:19+08:00 ] 123.151.138.83 /Public/home/js/jquery.md5.js
INFO: [ app_init ] --START--
INFO: Run Behavior\BuildLiteBehavior [ RunTime:0.000012s ]
INFO: [ app_init ] --END-- [ RunTime:0.000242s ]
ERR: 无法加载模块:Public

[ 2017-07-23T13:22:41+08:00 ] 112.99.75.218 /Template/5u/mobile/Static/img/wechatm.png
INFO: [ app_init ] --START--
INFO: Run Behavior\BuildLiteBehavior [ RunTime:0.000014s ]
INFO: [ app_init ] --END-- [ RunTime:0.002468s ]
ERR: 无法加载模块:Template

[ 2017-07-23T13:22:41+08:00 ] 112.99.75.218 /Template/5u/mobile/Static/font/iconfont.css
INFO: [ app_init ] --START--
INFO: Run Behavior\BuildLiteBehavior [ RunTime:0.000017s ]
INFO: [ app_init ] --END-- [ RunTime:0.002304s ]
ERR: 无法加载模块:Template

[ 2017-07-23T13:22:41+08:00 ] 112.99.75.218 /Template/5u/mobile/Static/img/erweima2.jpg
INFO: [ app_init ] --START--
INFO: Run Behavior\BuildLiteBehavior [ RunTime:0.000019s ]
INFO: [ app_init ] --END-- [ RunTime:0.001492s ]
ERR: 无法加载模块:Template

[ 2017-07-23T13:22:41+08:00 ] 123.151.138.83 /Template/5u/mobile/Static/js/jquery.md5.js
INFO: [ app_init ] --START--
INFO: Run Behavior\BuildLiteBehavior [ RunTime:0.000013s ]
INFO: [ app_init ] --END-- [ RunTime:0.000249s ]
ERR: 无法加载模块:Template

[ 2017-07-23T13:22:41+08:00 ] 123.151.138.83 /Template/5u/mobile/Static/js/common.js
INFO: [ app_init ] --START--
INFO: Run Behavior\BuildLiteBehavior [ RunTime:0.000011s ]
INFO: [ app_init ] --END-- [ RunTime:0.000239s ]
ERR: 无法加载模块:Template

[ 2017-07-23T13:22:41+08:00 ] 112.99.75.218 /Template/5u/mobile/Static/img/login_close.jpg
INFO: [ app_init ] --START--
INFO: Run Behavior\BuildLiteBehavior [ RunTime:0.000011s ]
INFO: [ app_init ] --END-- [ RunTime:0.000235s ]
ERR: 无法加载模块:Template

[ 2017-07-23T13:22:41+08:00 ] 112.99.75.218 /Template/5u/mobile/Static/img/wechat11.png
INFO: [ app_init ] --START--
INFO: Run Behavior\BuildLiteBehavior [ RunTime:0.000012s ]
INFO: [ app_init ] --END-- [ RunTime:0.000278s ]
ERR: 无法加载模块:Template

[ 2017-07-23T13:22:42+08:00 ] 123.151.138.83 /Template/5u/mobile/Static/js/jquery.md5.js
INFO: [ app_init ] --START--
INFO: Run Behavior\BuildLiteBehavior [ RunTime:0.000013s ]
INFO: [ app_init ] --END-- [ RunTime:0.000250s ]
ERR: 无法加载模块:Template

[ 2017-07-23T13:22:42+08:00 ] 123.151.138.83 /Template/5u/mobile/Static/js/common.js
INFO: [ app_init ] --START--
INFO: Run Behavior\BuildLiteBehavior [ RunTime:0.000029s ]
INFO: [ app_init ] --END-- [ RunTime:0.000453s ]
ERR: 无法加载模块:Template

[ 2017-07-23T13:22:42+08:00 ] 112.99.75.218 /Template/5u/mobile/Static/img/erweima2.jpg
INFO: [ app_init ] --START--
INFO: Run Behavior\BuildLiteBehavior [ RunTime:0.000012s ]
INFO: [ app_init ] --END-- [ RunTime:0.000293s ]
ERR: 无法加载模块:Template

[ 2017-07-23T13:26:11+08:00 ] 24.5.226.21 /wp-login.php
INFO: [ app_init ] --START--
INFO: Run Behavior\BuildLiteBehavior [ RunTime:0.000013s ]
INFO: [ app_init ] --END-- [ RunTime:0.000260s ]
ERR: 无法加载模块:Wp-login

[ 2017-07-23T13:27:58+08:00 ] 112.99.75.218 /Uploads/Admin/sciences/2017-01-13/1484296234_u=1603423008,1073321818&amp;fm=58.jpg
INFO: [ app_init ] --START--
INFO: Run Behavior\BuildLiteBehavior [ RunTime:0.000018s ]
INFO: [ app_init ] --END-- [ RunTime:0.000305s ]
ERR: 无法加载模块:Uploads

[ 2017-07-23T13:29:02+08:00 ] 112.99.75.218 /Uploads/Admin/sciences/2017-01-13/1484291977_u=1029165255,64767894&amp;fm=21&amp;gp=0.jpg
INFO: [ app_init ] --START--
INFO: Run Behavior\BuildLiteBehavior [ RunTime:0.000013s ]
INFO: [ app_init ] --END-- [ RunTime:0.000286s ]
ERR: 无法加载模块:Uploads

[ 2017-07-23T13:29:15+08:00 ] 112.99.75.218 /Template/5u/mobile/Static/font/iconfont.css
INFO: [ app_init ] --START--
INFO: Run Behavior\BuildLiteBehavior [ RunTime:0.000013s ]
INFO: [ app_init ] --END-- [ RunTime:0.000249s ]
ERR: 无法加载模块:Template

[ 2017-07-23T13:29:16+08:00 ] 112.99.75.218 /Template/5u/mobile/Static/img/wechatm.png
INFO: [ app_init ] --START--
INFO: Run Behavior\BuildLiteBehavior [ RunTime:0.000018s ]
INFO: [ app_init ] --END-- [ RunTime:0.000322s ]
ERR: 无法加载模块:Template

[ 2017-07-23T13:29:16+08:00 ] 112.99.75.218 /Template/5u/mobile/Static/img/erweima2.jpg
INFO: [ app_init ] --START--
INFO: Run Behavior\BuildLiteBehavior [ RunTime:0.000013s ]
INFO: [ app_init ] --END-- [ RunTime:0.000246s ]
ERR: 无法加载模块:Template

[ 2017-07-23T13:29:16+08:00 ] 123.151.138.83 /Template/5u/mobile/Static/js/jquery.md5.js
INFO: [ app_init ] --START--
INFO: Run Behavior\BuildLiteBehavior [ RunTime:0.000020s ]
INFO: [ app_init ] --END-- [ RunTime:0.001352s ]
ERR: 无法加载模块:Template

[ 2017-07-23T13:29:16+08:00 ] 123.151.138.83 /Template/5u/mobile/Static/js/common.js
INFO: [ app_init ] --START--
INFO: Run Behavior\BuildLiteBehavior [ RunTime:0.000011s ]
INFO: [ app_init ] --END-- [ RunTime:0.000235s ]
ERR: 无法加载模块:Template

[ 2017-07-23T13:29:16+08:00 ] 112.99.75.218 /Template/5u/mobile/Static/img/wechat11.png
INFO: [ app_init ] --START--
INFO: Run Behavior\BuildLiteBehavior [ RunTime:0.000011s ]
INFO: [ app_init ] --END-- [ RunTime:0.000247s ]
ERR: 无法加载模块:Template

[ 2017-07-23T13:29:16+08:00 ] 112.99.75.218 /Template/5u/mobile/Static/img/login_close.jpg
INFO: [ app_init ] --START--
INFO: Run Behavior\BuildLiteBehavior [ RunTime:0.000013s ]
INFO: [ app_init ] --END-- [ RunTime:0.000988s ]
ERR: 无法加载模块:Template

[ 2017-07-23T13:29:16+08:00 ] 123.151.138.83 /Template/5u/mobile/Static/js/jquery.md5.js
INFO: [ app_init ] --START--
INFO: Run Behavior\BuildLiteBehavior [ RunTime:0.000013s ]
INFO: [ app_init ] --END-- [ RunTime:0.000255s ]
ERR: 无法加载模块:Template

[ 2017-07-23T13:29:16+08:00 ] 123.151.138.83 /Template/5u/mobile/Static/js/common.js
INFO: [ app_init ] --START--
INFO: Run Behavior\BuildLiteBehavior [ RunTime:0.000014s ]
INFO: [ app_init ] --END-- [ RunTime:0.000297s ]
ERR: 无法加载模块:Template

[ 2017-07-23T13:29:17+08:00 ] 112.99.75.218 /Template/5u/mobile/Static/img/erweima2.jpg
INFO: [ app_init ] --START--
INFO: Run Behavior\BuildLiteBehavior [ RunTime:0.000016s ]
INFO: [ app_init ] --END-- [ RunTime:0.000349s ]
ERR: 无法加载模块:Template

[ 2017-07-23T13:38:34+08:00 ] 112.99.75.218 /Uploads/Admin/sciences/2017-01-13/1484296234_u=1603423008,1073321818&amp;fm=58.jpg
INFO: [ app_init ] --START--
INFO: Run Behavior\BuildLiteBehavior [ RunTime:0.000013s ]
INFO: [ app_init ] --END-- [ RunTime:0.000282s ]
ERR: 无法加载模块:Uploads

[ 2017-07-23T13:38:54+08:00 ] 112.99.75.218 /Uploads/Admin/sciences/2017-01-13/1484291977_u=1029165255,64767894&amp;fm=21&amp;gp=0.jpg
INFO: [ app_init ] --START--
INFO: Run Behavior\BuildLiteBehavior [ RunTime:0.000015s ]
INFO: [ app_init ] --END-- [ RunTime:0.000253s ]
ERR: 无法加载模块:Uploads

[ 2017-07-23T13:40:20+08:00 ] 112.99.75.218 /Uploads/Admin/sciences/2017-01-13/1484278434_u=2099852426,1688081629&amp;fm=58.jpg
INFO: [ app_init ] --START--
INFO: Run Behavior\BuildLiteBehavior [ RunTime:0.000012s ]
INFO: [ app_init ] --END-- [ RunTime:0.000248s ]
ERR: 无法加载模块:Uploads

[ 2017-07-23T13:40:20+08:00 ] 112.99.75.218 /Uploads/Admin/sciences/2017-01-13/1484278222_u=2026541654,2450873243&amp;fm=21&amp;gp=0.jpg
INFO: [ app_init ] --START--
INFO: Run Behavior\BuildLiteBehavior [ RunTime:0.000012s ]
INFO: [ app_init ] --END-- [ RunTime:0.000235s ]
ERR: 无法加载模块:Uploads

[ 2017-07-23T13:42:49+08:00 ] 112.99.75.218 /Template/5u/mobile/Static/font/iconfont.css
INFO: [ app_init ] --START--
INFO: Run Behavior\BuildLiteBehavior [ RunTime:0.000014s ]
INFO: [ app_init ] --END-- [ RunTime:0.000293s ]
ERR: 无法加载模块:Template

[ 2017-07-23T13:42:49+08:00 ] 112.99.75.218 /Template/5u/mobile/Static/img/wechatm.png
INFO: [ app_init ] --START--
INFO: Run Behavior\BuildLiteBehavior [ RunTime:0.000014s ]
INFO: [ app_init ] --END-- [ RunTime:0.001346s ]
ERR: 无法加载模块:Template

[ 2017-07-23T13:42:49+08:00 ] 112.99.75.218 /Template/5u/mobile/Static/img/erweima2.jpg
INFO: [ app_init ] --START--
INFO: Run Behavior\BuildLiteBehavior [ RunTime:0.000010s ]
INFO: [ app_init ] --END-- [ RunTime:0.000281s ]
ERR: 无法加载模块:Template

[ 2017-07-23T13:42:49+08:00 ] 123.151.138.83 /Template/5u/mobile/Static/js/jquery.md5.js
INFO: [ app_init ] --START--
INFO: Run Behavior\BuildLiteBehavior [ RunTime:0.000012s ]
INFO: [ app_init ] --END-- [ RunTime:0.000245s ]
ERR: 无法加载模块:Template

[ 2017-07-23T13:42:49+08:00 ] 123.151.138.83 /Template/5u/mobile/Static/js/common.js
INFO: [ app_init ] --START--
INFO: Run Behavior\BuildLiteBehavior [ RunTime:0.000013s ]
INFO: [ app_init ] --END-- [ RunTime:0.000256s ]
ERR: 无法加载模块:Template

[ 2017-07-23T13:42:49+08:00 ] 112.99.75.218 /Template/5u/mobile/Static/img/login_close.jpg
INFO: [ app_init ] --START--
INFO: Run Behavior\BuildLiteBehavior [ RunTime:0.000015s ]
INFO: [ app_init ] --END-- [ RunTime:0.000258s ]
ERR: 无法加载模块:Template

[ 2017-07-23T13:42:49+08:00 ] 112.99.75.218 /Template/5u/mobile/Static/img/wechat11.png
INFO: [ app_init ] --START--
INFO: Run Behavior\BuildLiteBehavior [ RunTime:0.000011s ]
INFO: [ app_init ] --END-- [ RunTime:0.000229s ]
ERR: 无法加载模块:Template

[ 2017-07-23T13:42:50+08:00 ] 123.151.138.83 /Template/5u/mobile/Static/js/jquery.md5.js
INFO: [ app_init ] --START--
INFO: Run Behavior\BuildLiteBehavior [ RunTime:0.000013s ]
INFO: [ app_init ] --END-- [ RunTime:0.000250s ]
ERR: 无法加载模块:Template

[ 2017-07-23T13:42:50+08:00 ] 123.151.138.83 /Template/5u/mobile/Static/js/common.js
INFO: [ app_init ] --START--
INFO: Run Behavior\BuildLiteBehavior [ RunTime:0.000012s ]
INFO: [ app_init ] --END-- [ RunTime:0.000246s ]
ERR: 无法加载模块:Template

[ 2017-07-23T13:42:51+08:00 ] 112.99.75.218 /Template/5u/mobile/Static/img/erweima2.jpg
INFO: [ app_init ] --START--
INFO: Run Behavior\BuildLiteBehavior [ RunTime:0.000012s ]
INFO: [ app_init ] --END-- [ RunTime:0.000288s ]
ERR: 无法加载模块:Template

[ 2017-07-23T13:44:49+08:00 ] 112.99.75.218 /Uploads/Admin/sciences/2017-01-13/1484296234_u=1603423008,1073321818&amp;fm=58.jpg
INFO: [ app_init ] --START--
INFO: Run Behavior\BuildLiteBehavior [ RunTime:0.000014s ]
INFO: [ app_init ] --END-- [ RunTime:0.000257s ]
ERR: 无法加载模块:Uploads

[ 2017-07-23T13:44:57+08:00 ] 112.99.75.218 /Uploads/Admin/sciences/2017-01-13/1484291977_u=1029165255,64767894&amp;fm=21&amp;gp=0.jpg
INFO: [ app_init ] --START--
INFO: Run Behavior\BuildLiteBehavior [ RunTime:0.000013s ]
INFO: [ app_init ] --END-- [ RunTime:0.000644s ]
ERR: 无法加载模块:Uploads

[ 2017-07-23T13:45:01+08:00 ] 112.99.75.218 /Uploads/Admin/sciences/2017-01-13/1484278434_u=2099852426,1688081629&amp;fm=58.jpg
INFO: [ app_init ] --START--
INFO: Run Behavior\BuildLiteBehavior [ RunTime:0.000056s ]
INFO: [ app_init ] --END-- [ RunTime:0.000294s ]
ERR: 无法加载模块:Uploads

[ 2017-07-23T13:45:01+08:00 ] 112.99.75.218 /Uploads/Admin/sciences/2017-01-13/1484278222_u=2026541654,2450873243&amp;fm=21&amp;gp=0.jpg
INFO: [ app_init ] --START--
INFO: Run Behavior\BuildLiteBehavior [ RunTime:0.000016s ]
INFO: [ app_init ] --END-- [ RunTime:0.000277s ]
ERR: 无法加载模块:Uploads

[ 2017-07-23T13:45:32+08:00 ] 112.99.75.218 /Template/5u/mobile/Static/font/iconfont.css
INFO: [ app_init ] --START--
INFO: Run Behavior\BuildLiteBehavior [ RunTime:0.000013s ]
INFO: [ app_init ] --END-- [ RunTime:0.000243s ]
ERR: 无法加载模块:Template

[ 2017-07-23T13:45:32+08:00 ] 112.99.75.218 /Template/5u/mobile/Static/img/wechatm.png
INFO: [ app_init ] --START--
INFO: Run Behavior\BuildLiteBehavior [ RunTime:0.000012s ]
INFO: [ app_init ] --END-- [ RunTime:0.000286s ]
ERR: 无法加载模块:Template

[ 2017-07-23T13:45:32+08:00 ] 123.151.138.83 /Template/5u/mobile/Static/js/jquery.md5.js
INFO: [ app_init ] --START--
INFO: Run Behavior\BuildLiteBehavior [ RunTime:0.000011s ]
INFO: [ app_init ] --END-- [ RunTime:0.000259s ]
ERR: 无法加载模块:Template

[ 2017-07-23T13:45:32+08:00 ] 123.151.138.83 /Template/5u/mobile/Static/js/common.js
INFO: [ app_init ] --START--
INFO: Run Behavior\BuildLiteBehavior [ RunTime:0.000010s ]
INFO: [ app_init ] --END-- [ RunTime:0.000257s ]
ERR: 无法加载模块:Template

[ 2017-07-23T13:45:32+08:00 ] 112.99.75.218 /Template/5u/mobile/Static/img/erweima2.jpg
INFO: [ app_init ] --START--
INFO: Run Behavior\BuildLiteBehavior [ RunTime:0.000018s ]
INFO: [ app_init ] --END-- [ RunTime:0.000442s ]
ERR: 无法加载模块:Template

[ 2017-07-23T13:45:32+08:00 ] 112.99.75.218 /Template/5u/mobile/Static/img/login_close.jpg
INFO: [ app_init ] --START--
INFO: Run Behavior\BuildLiteBehavior [ RunTime:0.000014s ]
INFO: [ app_init ] --END-- [ RunTime:0.000287s ]
ERR: 无法加载模块:Template

[ 2017-07-23T13:45:32+08:00 ] 112.99.75.218 /Template/5u/mobile/Static/img/wechat11.png
INFO: [ app_init ] --START--
INFO: Run Behavior\BuildLiteBehavior [ RunTime:0.000011s ]
INFO: [ app_init ] --END-- [ RunTime:0.000241s ]
ERR: 无法加载模块:Template

[ 2017-07-23T13:45:33+08:00 ] 123.151.138.83 /Template/5u/mobile/Static/js/jquery.md5.js
INFO: [ app_init ] --START--
INFO: Run Behavior\BuildLiteBehavior [ RunTime:0.000012s ]
INFO: [ app_init ] --END-- [ RunTime:0.000244s ]
ERR: 无法加载模块:Template

[ 2017-07-23T13:45:33+08:00 ] 123.151.138.83 /Template/5u/mobile/Static/js/common.js
INFO: [ app_init ] --START--
INFO: Run Behavior\BuildLiteBehavior [ RunTime:0.000014s ]
INFO: [ app_init ] --END-- [ RunTime:0.000247s ]
ERR: 无法加载模块:Template

[ 2017-07-23T13:45:34+08:00 ] 112.99.75.218 /Template/5u/mobile/Static/img/erweima2.jpg
INFO: [ app_init ] --START--
INFO: Run Behavior\BuildLiteBehavior [ RunTime:0.000012s ]
INFO: [ app_init ] --END-- [ RunTime:0.000245s ]
ERR: 无法加载模块:Template

[ 2017-07-23T13:46:59+08:00 ] 112.99.75.218 /Uploads/Admin/sciences/2017-01-13/1484296234_u=1603423008,1073321818&amp;fm=58.jpg
INFO: [ app_init ] --START--
INFO: Run Behavior\BuildLiteBehavior [ RunTime:0.000020s ]
INFO: [ app_init ] --END-- [ RunTime:0.000321s ]
ERR: 无法加载模块:Uploads

[ 2017-07-23T13:47:05+08:00 ] 112.99.75.218 /Uploads/Admin/sciences/2017-01-13/1484291977_u=1029165255,64767894&amp;fm=21&amp;gp=0.jpg
INFO: [ app_init ] --START--
INFO: Run Behavior\BuildLiteBehavior [ RunTime:0.000013s ]
INFO: [ app_init ] --END-- [ RunTime:0.000241s ]
ERR: 无法加载模块:Uploads

[ 2017-07-23T13:47:15+08:00 ] 112.99.75.218 /Uploads/Admin/sciences/2017-01-13/1484278222_u=2026541654,2450873243&amp;fm=21&amp;gp=0.jpg
INFO: [ app_init ] --START--
INFO: Run Behavior\BuildLiteBehavior [ RunTime:0.000017s ]
INFO: [ app_init ] --END-- [ RunTime:0.000268s ]
ERR: 无法加载模块:Uploads

[ 2017-07-23T13:47:15+08:00 ] 112.99.75.218 /Uploads/Admin/sciences/2017-01-13/1484278434_u=2099852426,1688081629&amp;fm=58.jpg
INFO: [ app_init ] --START--
INFO: Run Behavior\BuildLiteBehavior [ RunTime:0.000013s ]
INFO: [ app_init ] --END-- [ RunTime:0.000238s ]
ERR: 无法加载模块:Uploads

[ 2017-07-23T13:49:43+08:00 ] 112.99.75.218 /Uploads/Admin/sciences/2017-01-12/1484203234_u=741984106,238833856&amp;fm=21&amp;gp=0.jpg
INFO: [ app_init ] --START--
INFO: Run Behavior\BuildLiteBehavior [ RunTime:0.000013s ]
INFO: [ app_init ] --END-- [ RunTime:0.000288s ]
ERR: 无法加载模块:Uploads

[ 2017-07-23T13:49:43+08:00 ] 112.99.75.218 /Uploads/Admin/sciences/2017-01-12/1484190699_u=1609815318,1672447828&amp;fm=21&amp;gp=0.jpg
INFO: [ app_init ] --START--
INFO: Run Behavior\BuildLiteBehavior [ RunTime:0.000011s ]
INFO: [ app_init ] --END-- [ RunTime:0.000276s ]
ERR: 无法加载模块:Uploads

[ 2017-07-23T13:49:43+08:00 ] 112.99.75.218 /Uploads/Admin/sciences/2017-01-12/1484190316_u=3847996708,1506101376&amp;fm=21&amp;gp=0.jpg
INFO: [ app_init ] --START--
INFO: Run Behavior\BuildLiteBehavior [ RunTime:0.000011s ]
INFO: [ app_init ] --END-- [ RunTime:0.000241s ]
ERR: 无法加载模块:Uploads

[ 2017-07-23T13:49:43+08:00 ] 112.99.75.218 /Uploads/Admin/sciences/2017-01-12/1484189069_u=336183558,1787887322&amp;fm=21&amp;gp=0.jpg
INFO: [ app_init ] --START--
INFO: Run Behavior\BuildLiteBehavior [ RunTime:0.000012s ]
INFO: [ app_init ] --END-- [ RunTime:0.000281s ]
ERR: 无法加载模块:Uploads

[ 2017-07-23T13:49:43+08:00 ] 112.99.75.218 /Uploads/Admin/sciences/2017-01-12/1484187600_u=3163683458,2146394113&amp;fm=21&amp;gp=0.jpg
INFO: [ app_init ] --START--
INFO: Run Behavior\BuildLiteBehavior [ RunTime:0.000011s ]
INFO: [ app_init ] --END-- [ RunTime:0.000236s ]
ERR: 无法加载模块:Uploads

[ 2017-07-23T13:50:25+08:00 ] 112.99.75.218 /Uploads/Admin/sciences/2017-01-12/1484186538_u=2333674239,1331728416&amp;fm=21&amp;gp=0.jpg
INFO: [ app_init ] --START--
INFO: Run Behavior\BuildLiteBehavior [ RunTime:0.000015s ]
INFO: [ app_init ] --END-- [ RunTime:0.000417s ]
ERR: 无法加载模块:Uploads

[ 2017-07-23T13:50:25+08:00 ] 112.99.75.218 /Uploads/Admin/sciences/2017-01-12/1484185059_u=1276824328,2369772166&amp;fm=21&amp;gp=0.jpg
INFO: [ app_init ] --START--
INFO: Run Behavior\BuildLiteBehavior [ RunTime:0.000014s ]
INFO: [ app_init ] --END-- [ RunTime:0.000290s ]
ERR: 无法加载模块:Uploads

[ 2017-07-23T13:50:26+08:00 ] 112.99.75.218 /Uploads/Admin/sciences/2017-01-11/1484100262_u=89305994,2520878181&amp;fm=21&amp;gp=0.jpg
INFO: [ app_init ] --START--
INFO: Run Behavior\BuildLiteBehavior [ RunTime:0.000012s ]
INFO: [ app_init ] --END-- [ RunTime:0.000240s ]
ERR: 无法加载模块:Uploads

[ 2017-07-23T13:50:26+08:00 ] 112.99.75.218 /Uploads/Admin/sciences/2017-01-11/1484128232_u=3219903977,3867083031&amp;fm=21&amp;gp=0.jpg
INFO: [ app_init ] --START--
INFO: Run Behavior\BuildLiteBehavior [ RunTime:0.000016s ]
INFO: [ app_init ] --END-- [ RunTime:0.000266s ]
ERR: 无法加载模块:Uploads

[ 2017-07-23T13:50:26+08:00 ] 112.99.75.218 /Uploads/Admin/sciences/2017-01-09/1483954443_u=1374140132,3679442290&amp;fm=21&amp;gp=0.jpg
INFO: [ app_init ] --START--
INFO: Run Behavior\BuildLiteBehavior [ RunTime:0.000011s ]
INFO: [ app_init ] --END-- [ RunTime:0.000271s ]
ERR: 无法加载模块:Uploads

[ 2017-07-23T13:54:51+08:00 ] 112.96.33.146 /Public/home/js/jquery.md5.js
INFO: [ app_init ] --START--
INFO: Run Behavior\BuildLiteBehavior [ RunTime:0.000012s ]
INFO: [ app_init ] --END-- [ RunTime:0.000247s ]
ERR: 无法加载模块:Public

[ 2017-07-23T13:55:24+08:00 ] 112.96.33.146 /Public/home/js/jquery.md5.js
INFO: [ app_init ] --START--
INFO: Run Behavior\BuildLiteBehavior [ RunTime:0.000021s ]
INFO: [ app_init ] --END-- [ RunTime:0.000442s ]
ERR: 无法加载模块:Public

[ 2017-07-23T13:55:35+08:00 ] 112.96.33.146 /Public/home/js/jquery.md5.js
INFO: [ app_init ] --START--
INFO: Run Behavior\BuildLiteBehavior [ RunTime:0.000011s ]
INFO: [ app_init ] --END-- [ RunTime:0.000242s ]
ERR: 无法加载模块:Public

[ 2017-07-23T13:55:42+08:00 ] 112.96.33.146 /Public/home/js/jquery.md5.js
INFO: [ app_init ] --START--
INFO: Run Behavior\BuildLiteBehavior [ RunTime:0.000013s ]
INFO: [ app_init ] --END-- [ RunTime:0.000242s ]
ERR: 无法加载模块:Public

[ 2017-07-23T13:55:44+08:00 ] 112.96.33.146 /Public/home/js/jquery.md5.js
INFO: [ app_init ] --START--
INFO: Run Behavior\BuildLiteBehavior [ RunTime:0.000012s ]
INFO: [ app_init ] --END-- [ RunTime:0.000262s ]
ERR: 无法加载模块:Public

[ 2017-07-23T13:55:46+08:00 ] 112.96.33.146 /Public/home/js/jquery.md5.js
INFO: [ app_init ] --START--
INFO: Run Behavior\BuildLiteBehavior [ RunTime:0.000014s ]
INFO: [ app_init ] --END-- [ RunTime:0.000286s ]
ERR: 无法加载模块:Public

[ 2017-07-23T13:55:48+08:00 ] 112.96.33.146 /Public/home/js/jquery.md5.js
INFO: [ app_init ] --START--
INFO: Run Behavior\BuildLiteBehavior [ RunTime:0.000012s ]
INFO: [ app_init ] --END-- [ RunTime:0.000240s ]
ERR: 无法加载模块:Public

[ 2017-07-23T13:55:51+08:00 ] 112.96.33.146 /Public/home/js/jquery.md5.js
INFO: [ app_init ] --START--
INFO: Run Behavior\BuildLiteBehavior [ RunTime:0.000013s ]
INFO: [ app_init ] --END-- [ RunTime:0.000244s ]
ERR: 无法加载模块:Public

[ 2017-07-23T13:55:55+08:00 ] 112.96.33.146 /Public/home/js/jquery.md5.js
INFO: [ app_init ] --START--
INFO: Run Behavior\BuildLiteBehavior [ RunTime:0.000012s ]
INFO: [ app_init ] --END-- [ RunTime:0.000244s ]
ERR: 无法加载模块:Public

[ 2017-07-23T13:56:16+08:00 ] 112.96.33.146 /Template/5u/mobile/Static/font/iconfont.css
INFO: [ app_init ] --START--
INFO: Run Behavior\BuildLiteBehavior [ RunTime:0.000011s ]
INFO: [ app_init ] --END-- [ RunTime:0.001291s ]
ERR: 无法加载模块:Template

[ 2017-07-23T13:56:16+08:00 ] 112.96.33.146 /Template/5u/mobile/Static/img/wechatm.png
INFO: [ app_init ] --START--
INFO: Run Behavior\BuildLiteBehavior [ RunTime:0.000012s ]
INFO: [ app_init ] --END-- [ RunTime:0.000243s ]
ERR: 无法加载模块:Template

[ 2017-07-23T13:56:16+08:00 ] 112.96.33.146 /Template/5u/mobile/Static/js/jquery.md5.js
INFO: [ app_init ] --START--
INFO: Run Behavior\BuildLiteBehavior [ RunTime:0.000012s ]
INFO: [ app_init ] --END-- [ RunTime:0.000247s ]
ERR: 无法加载模块:Template

[ 2017-07-23T13:56:16+08:00 ] 112.96.33.146 /Template/5u/mobile/Static/js/common.js
INFO: [ app_init ] --START--
INFO: Run Behavior\BuildLiteBehavior [ RunTime:0.000011s ]
INFO: [ app_init ] --END-- [ RunTime:0.000235s ]
ERR: 无法加载模块:Template

[ 2017-07-23T13:56:16+08:00 ] 112.96.33.146 /Template/5u/mobile/Static/img/erweima2.jpg
INFO: [ app_init ] --START--
INFO: Run Behavior\BuildLiteBehavior [ RunTime:0.000012s ]
INFO: [ app_init ] --END-- [ RunTime:0.000246s ]
ERR: 无法加载模块:Template

[ 2017-07-23T13:56:16+08:00 ] 112.96.33.146 /Template/5u/mobile/Static/img/wechat11.png
INFO: [ app_init ] --START--
INFO: Run Behavior\BuildLiteBehavior [ RunTime:0.000012s ]
INFO: [ app_init ] --END-- [ RunTime:0.000236s ]
ERR: 无法加载模块:Template

[ 2017-07-23T13:56:16+08:00 ] 112.96.33.146 /Template/5u/mobile/Static/img/login_close.jpg
INFO: [ app_init ] --START--
INFO: Run Behavior\BuildLiteBehavior [ RunTime:0.000011s ]
INFO: [ app_init ] --END-- [ RunTime:0.000264s ]
ERR: 无法加载模块:Template

[ 2017-07-23T13:56:16+08:00 ] 112.96.33.146 /Template/5u/mobile/Static/img/erweima2.jpg
INFO: [ app_init ] --START--
INFO: Run Behavior\BuildLiteBehavior [ RunTime:0.000012s ]
INFO: [ app_init ] --END-- [ RunTime:0.000235s ]
ERR: 无法加载模块:Template

[ 2017-07-23T13:56:57+08:00 ] 112.96.33.146 /Template/5u/mobile/Static/js/jquery.md5.js
INFO: [ app_init ] --START--
INFO: Run Behavior\BuildLiteBehavior [ RunTime:0.000012s ]
INFO: [ app_init ] --END-- [ RunTime:0.000287s ]
ERR: 无法加载模块:Template

[ 2017-07-23T13:56:58+08:00 ] 112.96.33.146 /Template/5u/mobile/Static/font/iconfont.css
INFO: [ app_init ] --START--
INFO: Run Behavior\BuildLiteBehavior [ RunTime:0.000013s ]
INFO: [ app_init ] --END-- [ RunTime:0.000251s ]
ERR: 无法加载模块:Template

[ 2017-07-23T13:56:58+08:00 ] 112.96.33.146 /Template/5u/mobile/Static/img/erweima2.jpg
INFO: [ app_init ] --START--
INFO: Run Behavior\BuildLiteBehavior [ RunTime:0.000011s ]
INFO: [ app_init ] --END-- [ RunTime:0.000235s ]
ERR: 无法加载模块:Template

[ 2017-07-23T13:56:58+08:00 ] 112.96.33.146 /Template/5u/mobile/Static/img/wechatm.png
INFO: [ app_init ] --START--
INFO: Run Behavior\BuildLiteBehavior [ RunTime:0.000011s ]
INFO: [ app_init ] --END-- [ RunTime:0.000236s ]
ERR: 无法加载模块:Template

[ 2017-07-23T13:56:58+08:00 ] 112.96.33.146 /Template/5u/mobile/Static/js/common.js
INFO: [ app_init ] --START--
INFO: Run Behavior\BuildLiteBehavior [ RunTime:0.000016s ]
INFO: [ app_init ] --END-- [ RunTime:0.000268s ]
ERR: 无法加载模块:Template

[ 2017-07-23T13:56:58+08:00 ] 112.96.33.146 /Template/5u/mobile/Static/img/login_close.jpg
INFO: [ app_init ] --START--
INFO: Run Behavior\BuildLiteBehavior [ RunTime:0.000012s ]
INFO: [ app_init ] --END-- [ RunTime:0.000237s ]
ERR: 无法加载模块:Template

[ 2017-07-23T13:56:58+08:00 ] 112.96.33.146 /Template/5u/mobile/Static/img/wechat11.png
INFO: [ app_init ] --START--
INFO: Run Behavior\BuildLiteBehavior [ RunTime:0.000012s ]
INFO: [ app_init ] --END-- [ RunTime:0.000284s ]
ERR: 无法加载模块:Template

[ 2017-07-23T13:56:58+08:00 ] 112.96.33.146 /Template/5u/mobile/Static/img/erweima2.jpg
INFO: [ app_init ] --START--
INFO: Run Behavior\BuildLiteBehavior [ RunTime:0.000013s ]
INFO: [ app_init ] --END-- [ RunTime:0.002280s ]
ERR: 无法加载模块:Template

[ 2017-07-23T14:07:15+08:00 ] 220.181.108.186 /Mob/Science/science_info/domain_id/29/science_id/1352.html
INFO: [ app_init ] --START--
INFO: Run Behavior\BuildLiteBehavior [ RunTime:0.000013s ]
INFO: [ app_init ] --END-- [ RunTime:0.000248s ]
ERR: 无法加载模块:Mob

[ 2017-07-23T14:47:53+08:00 ] 123.151.138.59 /Public/home/js/jquery.md5.js
INFO: [ app_init ] --START--
INFO: Run Behavior\BuildLiteBehavior [ RunTime:0.000015s ]
INFO: [ app_init ] --END-- [ RunTime:0.000274s ]
ERR: 无法加载模块:Public

[ 2017-07-23T14:47:53+08:00 ] 123.151.138.59 /Public/home/js/jquery.md5.js
INFO: [ app_init ] --START--
INFO: Run Behavior\BuildLiteBehavior [ RunTime:0.000013s ]
INFO: [ app_init ] --END-- [ RunTime:0.000288s ]
ERR: 无法加载模块:Public

[ 2017-07-23T14:56:24+08:00 ] 163.204.177.240 /favicon.ico
INFO: [ app_init ] --START--
INFO: Run Behavior\BuildLiteBehavior [ RunTime:0.000012s ]
INFO: [ app_init ] --END-- [ RunTime:0.000256s ]
ERR: 无法加载模块:Favicon

[ 2017-07-23T15:27:00+08:00 ] 106.11.159.174 /Mob/Science/science_info/domain_id/9/science_id/1345.html
INFO: [ app_init ] --START--
INFO: Run Behavior\BuildLiteBehavior [ RunTime:0.000012s ]
INFO: [ app_init ] --END-- [ RunTime:0.000247s ]
ERR: 无法加载模块:Mob

[ 2017-07-23T15:32:57+08:00 ] 123.125.71.76 /Uploads/task/1494210747_%E2%D2%B6%A1%BC%BC%CA%F5500%BF%BD%B1%B4.jpg
INFO: [ app_init ] --START--
INFO: Run Behavior\BuildLiteBehavior [ RunTime:0.000013s ]
INFO: [ app_init ] --END-- [ RunTime:0.000357s ]
ERR: 无法加载模块:Uploads

[ 2017-07-23T16:07:18+08:00 ] 36.237.152.144 /favicon.ico
INFO: [ app_init ] --START--
INFO: Run Behavior\BuildLiteBehavior [ RunTime:0.000013s ]
INFO: [ app_init ] --END-- [ RunTime:0.000248s ]
ERR: 无法加载模块:Favicon

[ 2017-07-23T16:21:36+08:00 ] 177.39.218.108 /wp-login.php
INFO: [ app_init ] --START--
INFO: Run Behavior\BuildLiteBehavior [ RunTime:0.000013s ]
INFO: [ app_init ] --END-- [ RunTime:0.000261s ]
ERR: 无法加载模块:Wp-login

[ 2017-07-23T16:28:51+08:00 ] 111.206.221.34 /Public/mob/img/search_no.png
INFO: [ app_init ] --START--
INFO: Run Behavior\BuildLiteBehavior [ RunTime:0.000012s ]
INFO: [ app_init ] --END-- [ RunTime:0.000289s ]
ERR: 无法加载模块:Public

[ 2017-07-23T16:48:33+08:00 ] 123.125.71.39 /Uploads/task/437813_%B2%B6%BB%F1.PNG
INFO: [ app_init ] --START--
INFO: Run Behavior\BuildLiteBehavior [ RunTime:0.000013s ]
INFO: [ app_init ] --END-- [ RunTime:0.000251s ]
ERR: 无法加载模块:Uploads

[ 2017-07-23T17:16:31+08:00 ] 40.77.167.64 /Mob/Topic/tDetail/id/11.html
INFO: [ app_init ] --START--
INFO: Run Behavior\BuildLiteBehavior [ RunTime:0.000012s ]
INFO: [ app_init ] --END-- [ RunTime:0.000247s ]
ERR: 无法加载模块:Mob

[ 2017-07-23T17:17:01+08:00 ] 123.125.71.86 /Uploads/Admin/sciences/2017-01-13/1484274548_%CF%C2%D4%D8.jpg
INFO: [ app_init ] --START--
INFO: Run Behavior\BuildLiteBehavior [ RunTime:0.000013s ]
INFO: [ app_init ] --END-- [ RunTime:0.000260s ]
ERR: 无法加载模块:Uploads

[ 2017-07-23T17:20:05+08:00 ] 14.17.11.196 /Public/home/js/jquery.md5.js
INFO: [ app_init ] --START--
INFO: Run Behavior\BuildLiteBehavior [ RunTime:0.000012s ]
INFO: [ app_init ] --END-- [ RunTime:0.000250s ]
ERR: 无法加载模块:Public

[ 2017-07-23T17:20:05+08:00 ] 14.17.11.196 /Public/home/js/jquery.md5.js
INFO: [ app_init ] --START--
INFO: Run Behavior\BuildLiteBehavior [ RunTime:0.000013s ]
INFO: [ app_init ] --END-- [ RunTime:0.000296s ]
ERR: 无法加载模块:Public

[ 2017-07-23T17:49:52+08:00 ] 82.131.111.33 /wp-login.php
INFO: [ app_init ] --START--
INFO: Run Behavior\BuildLiteBehavior [ RunTime:0.000013s ]
INFO: [ app_init ] --END-- [ RunTime:0.000298s ]
ERR: 无法加载模块:Wp-login

[ 2017-07-23T17:51:57+08:00 ] 223.73.135.56 /favicon.ico
INFO: [ app_init ] --START--
INFO: Run Behavior\BuildLiteBehavior [ RunTime:0.000013s ]
INFO: [ app_init ] --END-- [ RunTime:0.000293s ]
ERR: 无法加载模块:Favicon

[ 2017-07-23T17:52:15+08:00 ] 123.125.71.112 /Uploads/task/1487930729_timg(2).jpg
INFO: [ app_init ] --START--
INFO: Run Behavior\BuildLiteBehavior [ RunTime:0.000016s ]
INFO: [ app_init ] --END-- [ RunTime:0.000265s ]
ERR: 无法加载模块:Uploads

[ 2017-07-23T17:54:32+08:00 ] 140.205.225.206 /phpmyadmin/
INFO: [ app_init ] --START--
INFO: Run Behavior\BuildLiteBehavior [ RunTime:0.000015s ]
INFO: [ app_init ] --END-- [ RunTime:0.000272s ]
ERR: 无法加载模块:Phpmyadmin

[ 2017-07-23T17:54:32+08:00 ] 140.205.225.206 /phpmyadmin/
INFO: [ app_init ] --START--
INFO: Run Behavior\BuildLiteBehavior [ RunTime:0.000012s ]
INFO: [ app_init ] --END-- [ RunTime:0.000294s ]
ERR: 无法加载模块:Phpmyadmin

[ 2017-07-23T17:54:32+08:00 ] 140.205.225.206 /phpmyadmin/
INFO: [ app_init ] --START--
INFO: Run Behavior\BuildLiteBehavior [ RunTime:0.000015s ]
INFO: [ app_init ] --END-- [ RunTime:0.000259s ]
ERR: 无法加载模块:Phpmyadmin

[ 2017-07-23T17:54:32+08:00 ] 140.205.225.206 /phpmyadmin/
INFO: [ app_init ] --START--
INFO: Run Behavior\BuildLiteBehavior [ RunTime:0.000012s ]
INFO: [ app_init ] --END-- [ RunTime:0.000288s ]
ERR: 无法加载模块:Phpmyadmin

[ 2017-07-23T17:54:32+08:00 ] 140.205.225.206 /phpmyadmin/
INFO: [ app_init ] --START--
INFO: Run Behavior\BuildLiteBehavior [ RunTime:0.000013s ]
INFO: [ app_init ] --END-- [ RunTime:0.000300s ]
ERR: 无法加载模块:Phpmyadmin

[ 2017-07-23T17:54:33+08:00 ] 140.205.225.206 /phpmyadmin/
INFO: [ app_init ] --START--
INFO: Run Behavior\BuildLiteBehavior [ RunTime:0.000012s ]
INFO: [ app_init ] --END-- [ RunTime:0.000256s ]
ERR: 无法加载模块:Phpmyadmin

[ 2017-07-23T17:54:33+08:00 ] 140.205.225.206 /phpmyadmin/
INFO: [ app_init ] --START--
INFO: Run Behavior\BuildLiteBehavior [ RunTime:0.000018s ]
INFO: [ app_init ] --END-- [ RunTime:0.000310s ]
ERR: 无法加载模块:Phpmyadmin

[ 2017-07-23T17:54:33+08:00 ] 140.205.225.206 /phpmyadmin/
INFO: [ app_init ] --START--
INFO: Run Behavior\BuildLiteBehavior [ RunTime:0.000014s ]
INFO: [ app_init ] --END-- [ RunTime:0.000253s ]
ERR: 无法加载模块:Phpmyadmin

[ 2017-07-23T17:54:33+08:00 ] 140.205.225.206 /phpmyadmin/
INFO: [ app_init ] --START--
INFO: Run Behavior\BuildLiteBehavior [ RunTime:0.000013s ]
INFO: [ app_init ] --END-- [ RunTime:0.000250s ]
ERR: 无法加载模块:Phpmyadmin

[ 2017-07-23T17:54:33+08:00 ] 140.205.225.206 /phpmyadmin/
INFO: [ app_init ] --START--
INFO: Run Behavior\BuildLiteBehavior [ RunTime:0.000016s ]
INFO: [ app_init ] --END-- [ RunTime:0.000308s ]
ERR: 无法加载模块:Phpmyadmin

[ 2017-07-23T17:54:33+08:00 ] 140.205.225.206 /phpmyadmin/
INFO: [ app_init ] --START--
INFO: Run Behavior\BuildLiteBehavior [ RunTime:0.000012s ]
INFO: [ app_init ] --END-- [ RunTime:0.000295s ]
ERR: 无法加载模块:Phpmyadmin

[ 2017-07-23T17:54:33+08:00 ] 140.205.225.206 /phpmyadmin/
INFO: [ app_init ] --START--
INFO: Run Behavior\BuildLiteBehavior [ RunTime:0.000011s ]
INFO: [ app_init ] --END-- [ RunTime:0.000240s ]
ERR: 无法加载模块:Phpmyadmin

[ 2017-07-23T17:54:33+08:00 ] 140.205.225.206 /phpmyadmin/
INFO: [ app_init ] --START--
INFO: Run Behavior\BuildLiteBehavior [ RunTime:0.000017s ]
INFO: [ app_init ] --END-- [ RunTime:0.000266s ]
ERR: 无法加载模块:Phpmyadmin

[ 2017-07-23T17:54:33+08:00 ] 140.205.225.206 /phpmyadmin/
INFO: [ app_init ] --START--
INFO: Run Behavior\BuildLiteBehavior [ RunTime:0.000014s ]
INFO: [ app_init ] --END-- [ RunTime:0.000295s ]
ERR: 无法加载模块:Phpmyadmin

[ 2017-07-23T17:54:33+08:00 ] 140.205.225.206 /phpmyadmin/
INFO: [ app_init ] --START--
INFO: Run Behavior\BuildLiteBehavior [ RunTime:0.000012s ]
INFO: [ app_init ] --END-- [ RunTime:0.000243s ]
ERR: 无法加载模块:Phpmyadmin

[ 2017-07-23T17:54:33+08:00 ] 140.205.225.206 /phpmyadmin/
INFO: [ app_init ] --START--
INFO: Run Behavior\BuildLiteBehavior [ RunTime:0.000012s ]
INFO: [ app_init ] --END-- [ RunTime:0.000309s ]
ERR: 无法加载模块:Phpmyadmin

[ 2017-07-23T17:54:33+08:00 ] 140.205.225.206 /phpmyadmin/
INFO: [ app_init ] --START--
INFO: Run Behavior\BuildLiteBehavior [ RunTime:0.000014s ]
INFO: [ app_init ] --END-- [ RunTime:0.000310s ]
ERR: 无法加载模块:Phpmyadmin

[ 2017-07-23T17:54:33+08:00 ] 140.205.225.206 /phpmyadmin/
INFO: [ app_init ] --START--
INFO: Run Behavior\BuildLiteBehavior [ RunTime:0.000013s ]
INFO: [ app_init ] --END-- [ RunTime:0.000245s ]
ERR: 无法加载模块:Phpmyadmin

[ 2017-07-23T17:54:34+08:00 ] 140.205.225.206 /phpmyadmin/
INFO: [ app_init ] --START--
INFO: Run Behavior\BuildLiteBehavior [ RunTime:0.000012s ]
INFO: [ app_init ] --END-- [ RunTime:0.000245s ]
ERR: 无法加载模块:Phpmyadmin

[ 2017-07-23T17:54:34+08:00 ] 140.205.225.206 /phpmyadmin/
INFO: [ app_init ] --START--
INFO: Run Behavior\BuildLiteBehavior [ RunTime:0.000013s ]
INFO: [ app_init ] --END-- [ RunTime:0.000266s ]
ERR: 无法加载模块:Phpmyadmin

[ 2017-07-23T17:54:35+08:00 ] 140.205.225.206 /phpmyadmin/
INFO: [ app_init ] --START--
INFO: Run Behavior\BuildLiteBehavior [ RunTime:0.000012s ]
INFO: [ app_init ] --END-- [ RunTime:0.000251s ]
ERR: 无法加载模块:Phpmyadmin

[ 2017-07-23T17:54:35+08:00 ] 140.205.225.206 /phpmyadmin/
INFO: [ app_init ] --START--
INFO: Run Behavior\BuildLiteBehavior [ RunTime:0.000016s ]
INFO: [ app_init ] --END-- [ RunTime:0.000262s ]
ERR: 无法加载模块:Phpmyadmin

[ 2017-07-23T17:54:35+08:00 ] 140.205.225.206 /phpmyadmin/
INFO: [ app_init ] --START--
INFO: Run Behavior\BuildLiteBehavior [ RunTime:0.000015s ]
INFO: [ app_init ] --END-- [ RunTime:0.000258s ]
ERR: 无法加载模块:Phpmyadmin

[ 2017-07-23T17:54:35+08:00 ] 140.205.225.206 /phpmyadmin/
INFO: [ app_init ] --START--
INFO: Run Behavior\BuildLiteBehavior [ RunTime:0.000013s ]
INFO: [ app_init ] --END-- [ RunTime:0.000242s ]
ERR: 无法加载模块:Phpmyadmin

[ 2017-07-23T17:54:35+08:00 ] 140.205.225.206 /phpmyadmin/
INFO: [ app_init ] --START--
INFO: Run Behavior\BuildLiteBehavior [ RunTime:0.000014s ]
INFO: [ app_init ] --END-- [ RunTime:0.000256s ]
ERR: 无法加载模块:Phpmyadmin

[ 2017-07-23T17:54:36+08:00 ] 140.205.225.206 /phpmyadmin/
INFO: [ app_init ] --START--
INFO: Run Behavior\BuildLiteBehavior [ RunTime:0.000015s ]
INFO: [ app_init ] --END-- [ RunTime:0.000266s ]
ERR: 无法加载模块:Phpmyadmin

[ 2017-07-23T17:54:36+08:00 ] 140.205.225.206 /phpmyadmin/
INFO: [ app_init ] --START--
INFO: Run Behavior\BuildLiteBehavior [ RunTime:0.000012s ]
INFO: [ app_init ] --END-- [ RunTime:0.000296s ]
ERR: 无法加载模块:Phpmyadmin

[ 2017-07-23T17:54:36+08:00 ] 140.205.225.206 /phpmyadmin/
INFO: [ app_init ] --START--
INFO: Run Behavior\BuildLiteBehavior [ RunTime:0.000014s ]
INFO: [ app_init ] --END-- [ RunTime:0.000376s ]
ERR: 无法加载模块:Phpmyadmin

[ 2017-07-23T17:54:36+08:00 ] 140.205.225.206 /phpmyadmin/
INFO: [ app_init ] --START--
INFO: Run Behavior\BuildLiteBehavior [ RunTime:0.000016s ]
INFO: [ app_init ] --END-- [ RunTime:0.000274s ]
ERR: 无法加载模块:Phpmyadmin

[ 2017-07-23T17:54:36+08:00 ] 140.205.225.206 /phpmyadmin/
INFO: [ app_init ] --START--
INFO: Run Behavior\BuildLiteBehavior [ RunTime:0.000013s ]
INFO: [ app_init ] --END-- [ RunTime:0.000251s ]
ERR: 无法加载模块:Phpmyadmin

[ 2017-07-23T17:54:36+08:00 ] 140.205.225.206 /phpmyadmin/
INFO: [ app_init ] --START--
INFO: Run Behavior\BuildLiteBehavior [ RunTime:0.000013s ]
INFO: [ app_init ] --END-- [ RunTime:0.000276s ]
ERR: 无法加载模块:Phpmyadmin

[ 2017-07-23T17:54:36+08:00 ] 140.205.225.206 /phpmyadmin/
INFO: [ app_init ] --START--
INFO: Run Behavior\BuildLiteBehavior [ RunTime:0.000015s ]
INFO: [ app_init ] --END-- [ RunTime:0.000288s ]
ERR: 无法加载模块:Phpmyadmin

[ 2017-07-23T17:54:36+08:00 ] 140.205.225.206 /phpmyadmin/
INFO: [ app_init ] --START--
INFO: Run Behavior\BuildLiteBehavior [ RunTime:0.000013s ]
INFO: [ app_init ] --END-- [ RunTime:0.000247s ]
ERR: 无法加载模块:Phpmyadmin

[ 2017-07-23T17:54:36+08:00 ] 140.205.225.206 /phpmyadmin/
INFO: [ app_init ] --START--
INFO: Run Behavior\BuildLiteBehavior [ RunTime:0.000014s ]
INFO: [ app_init ] --END-- [ RunTime:0.000258s ]
ERR: 无法加载模块:Phpmyadmin

[ 2017-07-23T17:54:36+08:00 ] 140.205.225.206 /phpmyadmin/
INFO: [ app_init ] --START--
INFO: Run Behavior\BuildLiteBehavior [ RunTime:0.000014s ]
INFO: [ app_init ] --END-- [ RunTime:0.000247s ]
ERR: 无法加载模块:Phpmyadmin

[ 2017-07-23T17:54:36+08:00 ] 140.205.225.206 /phpmyadmin/
INFO: [ app_init ] --START--
INFO: Run Behavior\BuildLiteBehavior [ RunTime:0.000013s ]
INFO: [ app_init ] --END-- [ RunTime:0.000246s ]
ERR: 无法加载模块:Phpmyadmin

[ 2017-07-23T17:54:36+08:00 ] 140.205.225.206 /phpmyadmin/
INFO: [ app_init ] --START--
INFO: Run Behavior\BuildLiteBehavior [ RunTime:0.000016s ]
INFO: [ app_init ] --END-- [ RunTime:0.001313s ]
ERR: 无法加载模块:Phpmyadmin

[ 2017-07-23T17:54:36+08:00 ] 140.205.225.206 /phpmyadmin/
INFO: [ app_init ] --START--
INFO: Run Behavior\BuildLiteBehavior [ RunTime:0.000011s ]
INFO: [ app_init ] --END-- [ RunTime:0.000237s ]
ERR: 无法加载模块:Phpmyadmin

[ 2017-07-23T17:54:37+08:00 ] 140.205.225.206 /phpmyadmin/
INFO: [ app_init ] --START--
INFO: Run Behavior\BuildLiteBehavior [ RunTime:0.000011s ]
INFO: [ app_init ] --END-- [ RunTime:0.000232s ]
ERR: 无法加载模块:Phpmyadmin

[ 2017-07-23T17:54:37+08:00 ] 140.205.225.206 /phpmyadmin/
INFO: [ app_init ] --START--
INFO: Run Behavior\BuildLiteBehavior [ RunTime:0.000016s ]
INFO: [ app_init ] --END-- [ RunTime:0.000263s ]
ERR: 无法加载模块:Phpmyadmin

[ 2017-07-23T17:54:37+08:00 ] 140.205.225.206 /phpmyadmin/
INFO: [ app_init ] --START--
INFO: Run Behavior\BuildLiteBehavior [ RunTime:0.000011s ]
INFO: [ app_init ] --END-- [ RunTime:0.001344s ]
ERR: 无法加载模块:Phpmyadmin

[ 2017-07-23T17:54:37+08:00 ] 140.205.225.206 /phpmyadmin/
INFO: [ app_init ] --START--
INFO: Run Behavior\BuildLiteBehavior [ RunTime:0.000013s ]
INFO: [ app_init ] --END-- [ RunTime:0.000241s ]
ERR: 无法加载模块:Phpmyadmin

[ 2017-07-23T17:54:37+08:00 ] 140.205.225.206 /phpmyadmin/
INFO: [ app_init ] --START--
INFO: Run Behavior\BuildLiteBehavior [ RunTime:0.000014s ]
INFO: [ app_init ] --END-- [ RunTime:0.000262s ]
ERR: 无法加载模块:Phpmyadmin

[ 2017-07-23T17:54:37+08:00 ] 140.205.225.206 /phpmyadmin/
INFO: [ app_init ] --START--
INFO: Run Behavior\BuildLiteBehavior [ RunTime:0.000011s ]
INFO: [ app_init ] --END-- [ RunTime:0.000233s ]
ERR: 无法加载模块:Phpmyadmin

[ 2017-07-23T17:54:37+08:00 ] 140.205.225.206 /phpmyadmin/
INFO: [ app_init ] --START--
INFO: Run Behavior\BuildLiteBehavior [ RunTime:0.000013s ]
INFO: [ app_init ] --END-- [ RunTime:0.000288s ]
ERR: 无法加载模块:Phpmyadmin

[ 2017-07-23T17:54:37+08:00 ] 140.205.225.206 /phpmyadmin/
INFO: [ app_init ] --START--
INFO: Run Behavior\BuildLiteBehavior [ RunTime:0.000013s ]
INFO: [ app_init ] --END-- [ RunTime:0.000299s ]
ERR: 无法加载模块:Phpmyadmin

[ 2017-07-23T17:54:37+08:00 ] 140.205.225.206 /phpmyadmin/
INFO: [ app_init ] --START--
INFO: Run Behavior\BuildLiteBehavior [ RunTime:0.000013s ]
INFO: [ app_init ] --END-- [ RunTime:0.000249s ]
ERR: 无法加载模块:Phpmyadmin

[ 2017-07-23T17:54:37+08:00 ] 140.205.225.206 /phpmyadmin/
INFO: [ app_init ] --START--
INFO: Run Behavior\BuildLiteBehavior [ RunTime:0.000020s ]
INFO: [ app_init ] --END-- [ RunTime:0.000296s ]
ERR: 无法加载模块:Phpmyadmin

[ 2017-07-23T17:54:37+08:00 ] 140.205.225.206 /phpmyadmin/
INFO: [ app_init ] --START--
INFO: Run Behavior\BuildLiteBehavior [ RunTime:0.000012s ]
INFO: [ app_init ] --END-- [ RunTime:0.000241s ]
ERR: 无法加载模块:Phpmyadmin

[ 2017-07-23T17:54:37+08:00 ] 140.205.225.206 /phpmyadmin/
INFO: [ app_init ] --START--
INFO: Run Behavior\BuildLiteBehavior [ RunTime:0.000014s ]
INFO: [ app_init ] --END-- [ RunTime:0.000250s ]
ERR: 无法加载模块:Phpmyadmin

[ 2017-07-23T17:54:37+08:00 ] 140.205.225.206 /phpmyadmin/
INFO: [ app_init ] --START--
INFO: Run Behavior\BuildLiteBehavior [ RunTime:0.000014s ]
INFO: [ app_init ] --END-- [ RunTime:0.000248s ]
ERR: 无法加载模块:Phpmyadmin

[ 2017-07-23T17:54:37+08:00 ] 140.205.225.206 /phpmyadmin/
INFO: [ app_init ] --START--
INFO: Run Behavior\BuildLiteBehavior [ RunTime:0.000012s ]
INFO: [ app_init ] --END-- [ RunTime:0.000242s ]
ERR: 无法加载模块:Phpmyadmin

[ 2017-07-23T17:54:37+08:00 ] 140.205.225.206 /phpmyadmin/
INFO: [ app_init ] --START--
INFO: Run Behavior\BuildLiteBehavior [ RunTime:0.000012s ]
INFO: [ app_init ] --END-- [ RunTime:0.000235s ]
ERR: 无法加载模块:Phpmyadmin

[ 2017-07-23T17:54:37+08:00 ] 140.205.225.206 /phpmyadmin/
INFO: [ app_init ] --START--
INFO: Run Behavior\BuildLiteBehavior [ RunTime:0.000015s ]
INFO: [ app_init ] --END-- [ RunTime:0.000257s ]
ERR: 无法加载模块:Phpmyadmin

[ 2017-07-23T17:54:38+08:00 ] 140.205.225.206 /phpmyadmin/
INFO: [ app_init ] --START--
INFO: Run Behavior\BuildLiteBehavior [ RunTime:0.000013s ]
INFO: [ app_init ] --END-- [ RunTime:0.000251s ]
ERR: 无法加载模块:Phpmyadmin

[ 2017-07-23T17:54:38+08:00 ] 140.205.225.206 /phpmyadmin/
INFO: [ app_init ] --START--
INFO: Run Behavior\BuildLiteBehavior [ RunTime:0.000012s ]
INFO: [ app_init ] --END-- [ RunTime:0.000245s ]
ERR: 无法加载模块:Phpmyadmin

[ 2017-07-23T17:54:38+08:00 ] 140.205.225.206 /phpmyadmin/
INFO: [ app_init ] --START--
INFO: Run Behavior\BuildLiteBehavior [ RunTime:0.000018s ]
INFO: [ app_init ] --END-- [ RunTime:0.000319s ]
ERR: 无法加载模块:Phpmyadmin

[ 2017-07-23T17:54:38+08:00 ] 140.205.225.206 /phpmyadmin/
INFO: [ app_init ] --START--
INFO: Run Behavior\BuildLiteBehavior [ RunTime:0.000012s ]
INFO: [ app_init ] --END-- [ RunTime:0.000343s ]
ERR: 无法加载模块:Phpmyadmin

[ 2017-07-23T17:54:38+08:00 ] 140.205.225.206 /phpmyadmin/
INFO: [ app_init ] --START--
INFO: Run Behavior\BuildLiteBehavior [ RunTime:0.000013s ]
INFO: [ app_init ] --END-- [ RunTime:0.000249s ]
ERR: 无法加载模块:Phpmyadmin

[ 2017-07-23T17:54:38+08:00 ] 140.205.225.206 /phpmyadmin/
INFO: [ app_init ] --START--
INFO: Run Behavior\BuildLiteBehavior [ RunTime:0.000014s ]
INFO: [ app_init ] --END-- [ RunTime:0.000300s ]
ERR: 无法加载模块:Phpmyadmin

[ 2017-07-23T17:56:15+08:00 ] 140.205.225.206 /index.php?m=member&c=index&a=register&siteid=1
INFO: [ app_init ] --START--
INFO: Run Behavior\BuildLiteBehavior [ RunTime:0.000013s ]
INFO: [ app_init ] --END-- [ RunTime:0.000264s ]
ERR: 无法加载模块:Member

[ 2017-07-23T17:56:15+08:00 ] 140.205.225.206 /index.php?m=member&c=index&a=register&siteid=1
INFO: [ app_init ] --START--
INFO: Run Behavior\BuildLiteBehavior [ RunTime:0.000012s ]
INFO: [ app_init ] --END-- [ RunTime:0.000246s ]
ERR: 无法加载模块:Member

[ 2017-07-23T17:56:15+08:00 ] 140.205.225.206 /dfshealth.html
INFO: [ app_init ] --START--
INFO: Run Behavior\BuildLiteBehavior [ RunTime:0.000015s ]
INFO: [ app_init ] --END-- [ RunTime:0.000316s ]
ERR: 无法加载模块:Dfshealth

[ 2017-07-23T17:56:15+08:00 ] 140.205.225.206 /index.php?m=member&c=index&a=register&siteid=1
INFO: [ app_init ] --START--
INFO: Run Behavior\BuildLiteBehavior [ RunTime:0.000012s ]
INFO: [ app_init ] --END-- [ RunTime:0.000262s ]
ERR: 无法加载模块:Member

[ 2017-07-23T17:56:16+08:00 ] 140.205.225.206 /dfshealth.html
INFO: [ app_init ] --START--
INFO: Run Behavior\BuildLiteBehavior [ RunTime:0.000056s ]
INFO: [ app_init ] --END-- [ RunTime:0.000295s ]
ERR: 无法加载模块:Dfshealth

[ 2017-07-23T17:56:23+08:00 ] 140.205.225.206 /dfshealth.html
INFO: [ app_init ] --START--
INFO: Run Behavior\BuildLiteBehavior [ RunTime:0.000013s ]
INFO: [ app_init ] --END-- [ RunTime:0.000248s ]
ERR: 无法加载模块:Dfshealth

[ 2017-07-23T18:00:34+08:00 ] 140.205.225.206 /index.php?m=wap&a=index&siteid=1
INFO: [ app_init ] --START--
INFO: Run Behavior\BuildLiteBehavior [ RunTime:0.000012s ]
INFO: [ app_init ] --END-- [ RunTime:0.000248s ]
ERR: 无法加载模块:Wap

[ 2017-07-23T18:00:35+08:00 ] 140.205.225.206 /index.php?m=wap&a=index&siteid=1
INFO: [ app_init ] --START--
INFO: Run Behavior\BuildLiteBehavior [ RunTime:0.000013s ]
INFO: [ app_init ] --END-- [ RunTime:0.000248s ]
ERR: 无法加载模块:Wap

[ 2017-07-23T18:00:35+08:00 ] 140.205.225.206 /index.php?m=wap&a=index&siteid=1
INFO: [ app_init ] --START--
INFO: Run Behavior\BuildLiteBehavior [ RunTime:0.000017s ]
INFO: [ app_init ] --END-- [ RunTime:0.000307s ]
ERR: 无法加载模块:Wap

[ 2017-07-23T18:08:13+08:00 ] 140.205.225.206 /master-status
INFO: [ app_init ] --START--
INFO: Run Behavior\BuildLiteBehavior [ RunTime:0.000013s ]
INFO: [ app_init ] --END-- [ RunTime:0.000348s ]
ERR: 无法加载模块:Master-status

[ 2017-07-23T18:08:27+08:00 ] 140.205.225.206 /master-status
INFO: [ app_init ] --START--
INFO: Run Behavior\BuildLiteBehavior [ RunTime:0.000013s ]
INFO: [ app_init ] --END-- [ RunTime:0.000254s ]
ERR: 无法加载模块:Master-status

[ 2017-07-23T18:08:31+08:00 ] 140.205.225.206 /master-status
INFO: [ app_init ] --START--
INFO: Run Behavior\BuildLiteBehavior [ RunTime:0.000013s ]
INFO: [ app_init ] --END-- [ RunTime:0.000297s ]
ERR: 无法加载模块:Master-status

[ 2017-07-23T18:08:54+08:00 ] 203.208.60.214 /Public/home/js/jquery-2.1.0.js
INFO: [ app_init ] --START--
INFO: Run Behavior\BuildLiteBehavior [ RunTime:0.000013s ]
INFO: [ app_init ] --END-- [ RunTime:0.000247s ]
ERR: 无法加载模块:Public

[ 2017-07-23T18:08:55+08:00 ] 203.208.60.214 /Public/home/css/index.css
INFO: [ app_init ] --START--
INFO: Run Behavior\BuildLiteBehavior [ RunTime:0.000014s ]
INFO: [ app_init ] --END-- [ RunTime:0.000308s ]
ERR: 无法加载模块:Public

[ 2017-07-23T18:08:56+08:00 ] 203.208.60.214 /Public/home/js/index.js
INFO: [ app_init ] --START--
INFO: Run Behavior\BuildLiteBehavior [ RunTime:0.000013s ]
INFO: [ app_init ] --END-- [ RunTime:0.000291s ]
ERR: 无法加载模块:Public

[ 2017-07-23T18:08:56+08:00 ] 203.208.60.214 /Public/home/css/swiper.min.css
INFO: [ app_init ] --START--
INFO: Run Behavior\BuildLiteBehavior [ RunTime:0.000013s ]
INFO: [ app_init ] --END-- [ RunTime:0.000287s ]
ERR: 无法加载模块:Public

[ 2017-07-23T18:08:57+08:00 ] 203.208.60.214 /Public/home/font/iconfont.css
INFO: [ app_init ] --START--
INFO: Run Behavior\BuildLiteBehavior [ RunTime:0.000017s ]
INFO: [ app_init ] --END-- [ RunTime:0.000304s ]
ERR: 无法加载模块:Public

[ 2017-07-23T18:08:57+08:00 ] 203.208.60.214 /Public/home/js/swiper.min.js
INFO: [ app_init ] --START--
INFO: Run Behavior\BuildLiteBehavior [ RunTime:0.000012s ]
INFO: [ app_init ] --END-- [ RunTime:0.000244s ]
ERR: 无法加载模块:Public

[ 2017-07-23T18:10:00+08:00 ] 140.205.225.206 /rs-status
INFO: [ app_init ] --START--
INFO: Run Behavior\BuildLiteBehavior [ RunTime:0.000025s ]
INFO: [ app_init ] --END-- [ RunTime:0.000515s ]
ERR: 无法加载模块:Rs-status

[ 2017-07-23T18:10:22+08:00 ] 140.205.225.206 /rs-status
INFO: [ app_init ] --START--
INFO: Run Behavior\BuildLiteBehavior [ RunTime:0.000013s ]
INFO: [ app_init ] --END-- [ RunTime:0.000309s ]
ERR: 无法加载模块:Rs-status

[ 2017-07-23T18:10:44+08:00 ] 140.205.225.206 /rs-status
INFO: [ app_init ] --START--
INFO: Run Behavior\BuildLiteBehavior [ RunTime:0.000013s ]
INFO: [ app_init ] --END-- [ RunTime:0.000245s ]
ERR: 无法加载模块:Rs-status

[ 2017-07-23T18:11:38+08:00 ] 140.205.225.206 /grxcubwipsqz
INFO: [ app_init ] --START--
INFO: Run Behavior\BuildLiteBehavior [ RunTime:0.000016s ]
INFO: [ app_init ] --END-- [ RunTime:0.000311s ]
ERR: 无法加载模块:Grxcubwipsqz

[ 2017-07-23T18:11:38+08:00 ] 140.205.225.206 /grxcubwipsqz
INFO: [ app_init ] --START--
INFO: Run Behavior\BuildLiteBehavior [ RunTime:0.000015s ]
INFO: [ app_init ] --END-- [ RunTime:0.000305s ]
ERR: 无法加载模块:Grxcubwipsqz

[ 2017-07-23T18:11:38+08:00 ] 140.205.225.206 /grxcubwipsqz
INFO: [ app_init ] --START--
INFO: Run Behavior\BuildLiteBehavior [ RunTime:0.000013s ]
INFO: [ app_init ] --END-- [ RunTime:0.000248s ]
ERR: 无法加载模块:Grxcubwipsqz

[ 2017-07-23T18:11:44+08:00 ] 140.205.225.206 /etyxowapcnzu
INFO: [ app_init ] --START--
INFO: Run Behavior\BuildLiteBehavior [ RunTime:0.000013s ]
INFO: [ app_init ] --END-- [ RunTime:0.000251s ]
ERR: 无法加载模块:Etyxowapcnzu

[ 2017-07-23T18:11:45+08:00 ] 140.205.225.206 /etyxowapcnzu
INFO: [ app_init ] --START--
INFO: Run Behavior\BuildLiteBehavior [ RunTime:0.000011s ]
INFO: [ app_init ] --END-- [ RunTime:0.001286s ]
ERR: 无法加载模块:Etyxowapcnzu

[ 2017-07-23T18:11:45+08:00 ] 140.205.225.206 /ixmnsjwcapgr
INFO: [ app_init ] --START--
INFO: Run Behavior\BuildLiteBehavior [ RunTime:0.000014s ]
INFO: [ app_init ] --END-- [ RunTime:0.000248s ]
ERR: 无法加载模块:Ixmnsjwcapgr

[ 2017-07-23T18:11:45+08:00 ] 140.205.225.206 /ganglia/index.php
INFO: [ app_init ] --START--
INFO: Run Behavior\BuildLiteBehavior [ RunTime:0.000019s ]
INFO: [ app_init ] --END-- [ RunTime:0.002361s ]
ERR: 无法加载模块:Ganglia

[ 2017-07-23T18:11:45+08:00 ] 140.205.225.206 /etyxowapcnzu
INFO: [ app_init ] --START--
INFO: Run Behavior\BuildLiteBehavior [ RunTime:0.000017s ]
INFO: [ app_init ] --END-- [ RunTime:0.000396s ]
ERR: 无法加载模块:Etyxowapcnzu

[ 2017-07-23T18:11:45+08:00 ] 140.205.225.206 /ixmnsjwcapgr
INFO: [ app_init ] --START--
INFO: Run Behavior\BuildLiteBehavior [ RunTime:0.000016s ]
INFO: [ app_init ] --END-- [ RunTime:0.000269s ]
ERR: 无法加载模块:Ixmnsjwcapgr

[ 2017-07-23T18:11:45+08:00 ] 140.205.225.206 /ixmnsjwcapgr
INFO: [ app_init ] --START--
INFO: Run Behavior\BuildLiteBehavior [ RunTime:0.000014s ]
INFO: [ app_init ] --END-- [ RunTime:0.000248s ]
ERR: 无法加载模块:Ixmnsjwcapgr

[ 2017-07-23T18:11:52+08:00 ] 140.205.225.206 /ganglia/index.php
INFO: [ app_init ] --START--
INFO: Run Behavior\BuildLiteBehavior [ RunTime:0.000013s ]
INFO: [ app_init ] --END-- [ RunTime:0.000250s ]
ERR: 无法加载模块:Ganglia

[ 2017-07-23T18:11:54+08:00 ] 140.205.225.206 /ganglia/index.php
INFO: [ app_init ] --START--
INFO: Run Behavior\BuildLiteBehavior [ RunTime:0.000013s ]
INFO: [ app_init ] --END-- [ RunTime:0.000245s ]
ERR: 无法加载模块:Ganglia

[ 2017-07-23T18:14:04+08:00 ] 140.205.225.206 /jobs/
INFO: [ app_init ] --START--
INFO: Run Behavior\BuildLiteBehavior [ RunTime:0.000014s ]
INFO: [ app_init ] --END-- [ RunTime:0.000265s ]
ERR: 无法加载模块:Jobs

[ 2017-07-23T18:14:14+08:00 ] 140.205.225.206 /jobs/
INFO: [ app_init ] --START--
INFO: Run Behavior\BuildLiteBehavior [ RunTime:0.000013s ]
INFO: [ app_init ] --END-- [ RunTime:0.000250s ]
ERR: 无法加载模块:Jobs

[ 2017-07-23T18:14:16+08:00 ] 140.205.225.206 /jobs/
INFO: [ app_init ] --START--
INFO: Run Behavior\BuildLiteBehavior [ RunTime:0.000013s ]
INFO: [ app_init ] --END-- [ RunTime:0.000250s ]
ERR: 无法加载模块:Jobs

[ 2017-07-23T18:14:47+08:00 ] 193.227.174.162 /wp-login.php
INFO: [ app_init ] --START--
INFO: Run Behavior\BuildLiteBehavior [ RunTime:0.000014s ]
INFO: [ app_init ] --END-- [ RunTime:0.000274s ]
ERR: 无法加载模块:Wp-login

[ 2017-07-23T18:44:02+08:00 ] 140.205.225.206 /hwi/
INFO: [ app_init ] --START--
INFO: Run Behavior\BuildLiteBehavior [ RunTime:0.000013s ]
INFO: [ app_init ] --END-- [ RunTime:0.000253s ]
ERR: 无法加载模块:Hwi

[ 2017-07-23T18:45:10+08:00 ] 140.205.225.206 /hwi/
INFO: [ app_init ] --START--
INFO: Run Behavior\BuildLiteBehavior [ RunTime:0.000013s ]
INFO: [ app_init ] --END-- [ RunTime:0.000260s ]
ERR: 无法加载模块:Hwi

[ 2017-07-23T18:45:20+08:00 ] 140.205.225.206 /hwi/
INFO: [ app_init ] --START--
INFO: Run Behavior\BuildLiteBehavior [ RunTime:0.000014s ]
INFO: [ app_init ] --END-- [ RunTime:0.000255s ]
ERR: 无法加载模块:Hwi

[ 2017-07-23T18:47:44+08:00 ] 140.205.225.206 /install/index.php?step=done
INFO: [ app_init ] --START--
INFO: Run Behavior\BuildLiteBehavior [ RunTime:0.000013s ]
INFO: [ app_init ] --END-- [ RunTime:0.000296s ]
ERR: 无法加载模块:Install

[ 2017-07-23T18:48:00+08:00 ] 140.205.225.206 /install/index.php?step=done
INFO: [ app_init ] --START--
INFO: Run Behavior\BuildLiteBehavior [ RunTime:0.000013s ]
INFO: [ app_init ] --END-- [ RunTime:0.000340s ]
ERR: 无法加载模块:Install

[ 2017-07-23T18:48:06+08:00 ] 140.205.225.206 /install/index.php?step=done
INFO: [ app_init ] --START--
INFO: Run Behavior\BuildLiteBehavior [ RunTime:0.000013s ]
INFO: [ app_init ] --END-- [ RunTime:0.000294s ]
ERR: 无法加载模块:Install

[ 2017-07-23T18:50:18+08:00 ] 140.205.225.206 /uddiexplorer/SearchPublicRegistries.jsp?operator=http://www.alibaba.com/&rdoSearch=name&txtSearchname=sdf&txtSearchkey=&txtSearchfor=&selfor=Business+location&btnSubmit=Search
INFO: [ app_init ] --START--
INFO: Run Behavior\BuildLiteBehavior [ RunTime:0.000012s ]
INFO: [ app_init ] --END-- [ RunTime:0.000318s ]
ERR: 无法加载模块:Uddiexplorer

[ 2017-07-23T18:51:20+08:00 ] 140.205.225.206 /uddiexplorer/SearchPublicRegistries.jsp?operator=http://www.alibaba.com/&rdoSearch=name&txtSearchname=sdf&txtSearchkey=&txtSearchfor=&selfor=Business+location&btnSubmit=Search
INFO: [ app_init ] --START--
INFO: Run Behavior\BuildLiteBehavior [ RunTime:0.000013s ]
INFO: [ app_init ] --END-- [ RunTime:0.000249s ]
ERR: 无法加载模块:Uddiexplorer

[ 2017-07-23T18:51:27+08:00 ] 140.205.225.206 /uddiexplorer/SearchPublicRegistries.jsp?operator=http://www.alibaba.com/&rdoSearch=name&txtSearchname=sdf&txtSearchkey=&txtSearchfor=&selfor=Business+location&btnSubmit=Search
INFO: [ app_init ] --START--
INFO: Run Behavior\BuildLiteBehavior [ RunTime:0.000020s ]
INFO: [ app_init ] --END-- [ RunTime:0.000298s ]
ERR: 无法加载模块:Uddiexplorer

[ 2017-07-23T18:53:17+08:00 ] 140.205.225.206 /index.php?g=Wap&m=Dining&a=ShowDetail&id=2%20and%20updatexml(1,concat(0x7e,md5(1),0x7e),0)%23
INFO: [ app_init ] --START--
INFO: Run Behavior\BuildLiteBehavior [ RunTime:0.000014s ]
INFO: [ app_init ] --END-- [ RunTime:0.000261s ]
ERR: 无法加载模块:Dining

[ 2017-07-23T18:54:13+08:00 ] 140.205.225.206 /index.php?g=Wap&m=Dining&a=ShowDetail&id=2%20and%20updatexml(1,concat(0x7e,md5(1),0x7e),0)%23
INFO: [ app_init ] --START--
INFO: Run Behavior\BuildLiteBehavior [ RunTime:0.000013s ]
INFO: [ app_init ] --END-- [ RunTime:0.000268s ]
ERR: 无法加载模块:Dining

[ 2017-07-23T18:54:21+08:00 ] 140.205.225.206 /index.php?g=Wap&m=Dining&a=ShowDetail&id=2%20and%20updatexml(1,concat(0x7e,md5(1),0x7e),0)%23
INFO: [ app_init ] --START--
INFO: Run Behavior\BuildLiteBehavior [ RunTime:0.000014s ]
INFO: [ app_init ] --END-- [ RunTime:0.000255s ]
ERR: 无法加载模块:Dining

[ 2017-07-23T18:56:40+08:00 ] 140.205.225.206 /matrix_callback.php
INFO: [ app_init ] --START--
INFO: Run Behavior\BuildLiteBehavior [ RunTime:0.000016s ]
INFO: [ app_init ] --END-- [ RunTime:0.000410s ]
ERR: 无法加载模块:Matrix_callback

[ 2017-07-23T18:57:49+08:00 ] 140.205.225.206 /matrix_callback.php
INFO: [ app_init ] --START--
INFO: Run Behavior\BuildLiteBehavior [ RunTime:0.000017s ]
INFO: [ app_init ] --END-- [ RunTime:0.000276s ]
ERR: 无法加载模块:Matrix_callback

[ 2017-07-23T18:57:51+08:00 ] 140.205.225.206 /matrix_callback.php
INFO: [ app_init ] --START--
INFO: Run Behavior\BuildLiteBehavior [ RunTime:0.000013s ]
INFO: [ app_init ] --END-- [ RunTime:0.000240s ]
ERR: 无法加载模块:Matrix_callback

[ 2017-07-23T19:03:19+08:00 ] 140.205.225.206 /plugins/content/s5_media_player/helper.php?fileurl=Li4vLi4vLi4vY29uZmlndXJhdGlvbi5waHA=
INFO: [ app_init ] --START--
INFO: Run Behavior\BuildLiteBehavior [ RunTime:0.000013s ]
INFO: [ app_init ] --END-- [ RunTime:0.000274s ]
ERR: 无法加载模块:Plugins

[ 2017-07-23T19:06:25+08:00 ] 140.205.225.206 /plugins/content/s5_media_player/helper.php?fileurl=Li4vLi4vLi4vY29uZmlndXJhdGlvbi5waHA=
INFO: [ app_init ] --START--
INFO: Run Behavior\BuildLiteBehavior [ RunTime:0.000013s ]
INFO: [ app_init ] --END-- [ RunTime:0.000246s ]
ERR: 无法加载模块:Plugins

[ 2017-07-23T19:06:38+08:00 ] 140.205.225.206 /plugins/content/s5_media_player/helper.php?fileurl=Li4vLi4vLi4vY29uZmlndXJhdGlvbi5waHA=
INFO: [ app_init ] --START--
INFO: Run Behavior\BuildLiteBehavior [ RunTime:0.000013s ]
INFO: [ app_init ] --END-- [ RunTime:0.000265s ]
ERR: 无法加载模块:Plugins

[ 2017-07-23T19:12:45+08:00 ] 220.181.108.95 /Uploads/task/1494211200_%E2%D2%B6%A1%BC%BC%CA%F5500%BF%BD%B1%B4.jpg
INFO: [ app_init ] --START--
INFO: Run Behavior\BuildLiteBehavior [ RunTime:0.000012s ]
INFO: [ app_init ] --END-- [ RunTime:0.000309s ]
ERR: 无法加载模块:Uploads

[ 2017-07-23T19:13:31+08:00 ] 140.205.225.206 /about/
INFO: [ app_init ] --START--
INFO: Run Behavior\BuildLiteBehavior [ RunTime:0.000015s ]
INFO: [ app_init ] --END-- [ RunTime:0.000449s ]
ERR: 无法加载模块:About

[ 2017-07-23T19:13:50+08:00 ] 140.205.225.206 /about/
INFO: [ app_init ] --START--
INFO: Run Behavior\BuildLiteBehavior [ RunTime:0.000012s ]
INFO: [ app_init ] --END-- [ RunTime:0.000246s ]
ERR: 无法加载模块:About

[ 2017-07-23T19:13:54+08:00 ] 140.205.225.206 /about/
INFO: [ app_init ] --START--
INFO: Run Behavior\BuildLiteBehavior [ RunTime:0.000014s ]
INFO: [ app_init ] --END-- [ RunTime:0.000306s ]
ERR: 无法加载模块:About

[ 2017-07-23T19:15:25+08:00 ] 140.205.225.206 /clusters.jsf
INFO: [ app_init ] --START--
INFO: Run Behavior\BuildLiteBehavior [ RunTime:0.000012s ]
INFO: [ app_init ] --END-- [ RunTime:0.000245s ]
ERR: 无法加载模块:Clusters

[ 2017-07-23T19:16:00+08:00 ] 140.205.225.206 /clusters.jsf
INFO: [ app_init ] --START--
INFO: Run Behavior\BuildLiteBehavior [ RunTime:0.000012s ]
INFO: [ app_init ] --END-- [ RunTime:0.000248s ]
ERR: 无法加载模块:Clusters

[ 2017-07-23T19:16:07+08:00 ] 140.205.225.206 /dfshealth.jsp
INFO: [ app_init ] --START--
INFO: Run Behavior\BuildLiteBehavior [ RunTime:0.000012s ]
INFO: [ app_init ] --END-- [ RunTime:0.000264s ]
ERR: 无法加载模块:Dfshealth

[ 2017-07-23T19:16:21+08:00 ] 140.205.225.206 /dfshealth.jsp
INFO: [ app_init ] --START--
INFO: Run Behavior\BuildLiteBehavior [ RunTime:0.000013s ]
INFO: [ app_init ] --END-- [ RunTime:0.000263s ]
ERR: 无法加载模块:Dfshealth

[ 2017-07-23T19:16:21+08:00 ] 140.205.225.206 /dfshealth.jsp
INFO: [ app_init ] --START--
INFO: Run Behavior\BuildLiteBehavior [ RunTime:0.000013s ]
INFO: [ app_init ] --END-- [ RunTime:0.000256s ]
ERR: 无法加载模块:Dfshealth

[ 2017-07-23T19:16:29+08:00 ] 140.205.225.206 /hadoop/dfshealth.jsp
INFO: [ app_init ] --START--
INFO: Run Behavior\BuildLiteBehavior [ RunTime:0.000013s ]
INFO: [ app_init ] --END-- [ RunTime:0.000258s ]
ERR: 无法加载模块:Hadoop

[ 2017-07-23T19:16:39+08:00 ] 140.205.225.206 /hadoop/dfshealth.jsp
INFO: [ app_init ] --START--
INFO: Run Behavior\BuildLiteBehavior [ RunTime:0.000012s ]
INFO: [ app_init ] --END-- [ RunTime:0.000257s ]
ERR: 无法加载模块:Hadoop

[ 2017-07-23T19:16:39+08:00 ] 140.205.225.206 /hadoop/dfshealth.jsp
INFO: [ app_init ] --START--
INFO: Run Behavior\BuildLiteBehavior [ RunTime:0.000013s ]
INFO: [ app_init ] --END-- [ RunTime:0.000300s ]
ERR: 无法加载模块:Hadoop

[ 2017-07-23T19:16:55+08:00 ] 140.205.225.206 /'%22/%3E%3C/script%3E%3Cscript%3Ealert()%3C/script%3E
INFO: [ app_init ] --START--
INFO: Run Behavior\BuildLiteBehavior [ RunTime:0.000013s ]
INFO: [ app_init ] --END-- [ RunTime:0.000249s ]
ERR: 无法加载模块:'"

[ 2017-07-23T19:16:56+08:00 ] 140.205.225.206 /%2527%2522%252f%253E%253C%252fscript%253E%253Cscript%253Ealert%2528%2529%253C%252fscript%253E
INFO: [ app_init ] --START--
INFO: Run Behavior\BuildLiteBehavior [ RunTime:0.000013s ]
INFO: [ app_init ] --END-- [ RunTime:0.000288s ]
ERR: 无法加载模块:'"

[ 2017-07-23T19:16:57+08:00 ] 140.205.225.206 /'%22/%3E%3C/script%3E%3Cscript%3Ealert()%3C/script%3E/?.tmp=t
INFO: [ app_init ] --START--
INFO: Run Behavior\BuildLiteBehavior [ RunTime:0.000016s ]
INFO: [ app_init ] --END-- [ RunTime:0.000266s ]
ERR: 无法加载模块:'"

[ 2017-07-23T19:16:58+08:00 ] 140.205.225.206 /%2527%2522%252f%253E%253C%252fscript%253E%253Cscript%253Ealert%2528%2529%253C%252fscript%253E/?.tmp=t
INFO: [ app_init ] --START--
INFO: Run Behavior\BuildLiteBehavior [ RunTime:0.000014s ]
INFO: [ app_init ] --END-- [ RunTime:0.000308s ]
ERR: 无法加载模块:'"

[ 2017-07-23T19:16:58+08:00 ] 140.205.225.206 /'%22+onmouseover=alert()+d='%22
INFO: [ app_init ] --START--
INFO: Run Behavior\BuildLiteBehavior [ RunTime:0.000013s ]
INFO: [ app_init ] --END-- [ RunTime:0.000287s ]
ERR: 无法加载模块:'" onmouseover=alert() d='"

[ 2017-07-23T19:16:59+08:00 ] 140.205.225.206 /%27%22%20onmouseover%3Dalert%28%29%20d%3D%27%22
INFO: [ app_init ] --START--
INFO: Run Behavior\BuildLiteBehavior [ RunTime:0.000012s ]
INFO: [ app_init ] --END-- [ RunTime:0.000291s ]
ERR: 无法加载模块:'" onmouseover=alert() d='"

[ 2017-07-23T19:16:59+08:00 ] 140.205.225.206 /%2527%2522%2520onmouseover%253Dalert%2528%2529%2520d%253D%2527%2522
INFO: [ app_init ] --START--
INFO: Run Behavior\BuildLiteBehavior [ RunTime:0.000013s ]
INFO: [ app_init ] --END-- [ RunTime:0.000291s ]
ERR: 无法加载模块:'" onmouseover=alert() d='"

[ 2017-07-23T19:17:00+08:00 ] 140.205.225.206 /'%22+onmouseover=alert()+d='%22/?.tmp=t
INFO: [ app_init ] --START--
INFO: Run Behavior\BuildLiteBehavior [ RunTime:0.000015s ]
INFO: [ app_init ] --END-- [ RunTime:0.000380s ]
ERR: 无法加载模块:'" onmouseover=alert() d='"

[ 2017-07-23T19:17:00+08:00 ] 140.205.225.206 /%27%22%20onmouseover%3Dalert%28%29%20d%3D%27%22/?.tmp=t
INFO: [ app_init ] --START--
INFO: Run Behavior\BuildLiteBehavior [ RunTime:0.000012s ]
INFO: [ app_init ] --END-- [ RunTime:0.000245s ]
ERR: 无法加载模块:'" onmouseover=alert() d='"

[ 2017-07-23T19:17:03+08:00 ] 140.205.225.206 /%2527%2522%2520onmouseover%253Dalert%2528%2529%2520d%253D%2527%2522/?.tmp=t
INFO: [ app_init ] --START--
INFO: Run Behavior\BuildLiteBehavior [ RunTime:0.000014s ]
INFO: [ app_init ] --END-- [ RunTime:0.000304s ]
ERR: 无法加载模块:'" onmouseover=alert() d='"

[ 2017-07-23T19:17:05+08:00 ] 140.205.225.206 /'%22/%3E%3C/script%3E%3Cscript%3Ealert()%3C/script%3E
INFO: [ app_init ] --START--
INFO: Run Behavior\BuildLiteBehavior [ RunTime:0.000013s ]
INFO: [ app_init ] --END-- [ RunTime:0.000248s ]
ERR: 无法加载模块:'"

[ 2017-07-23T19:17:07+08:00 ] 140.205.225.206 /%2527%2522%252f%253E%253C%252fscript%253E%253Cscript%253Ealert%2528%2529%253C%252fscript%253E
INFO: [ app_init ] --START--
INFO: Run Behavior\BuildLiteBehavior [ RunTime:0.000012s ]
INFO: [ app_init ] --END-- [ RunTime:0.000238s ]
ERR: 无法加载模块:'"

[ 2017-07-23T19:17:07+08:00 ] 140.205.225.206 /'%22/%3E%3C/script%3E%3Cscript%3Ealert()%3C/script%3E/?.tmp=t
INFO: [ app_init ] --START--
INFO: Run Behavior\BuildLiteBehavior [ RunTime:0.000013s ]
INFO: [ app_init ] --END-- [ RunTime:0.000248s ]
ERR: 无法加载模块:'"

[ 2017-07-23T19:17:08+08:00 ] 140.205.225.206 /%2527%2522%252f%253E%253C%252fscript%253E%253Cscript%253Ealert%2528%2529%253C%252fscript%253E/?.tmp=t
INFO: [ app_init ] --START--
INFO: Run Behavior\BuildLiteBehavior [ RunTime:0.000014s ]
INFO: [ app_init ] --END-- [ RunTime:0.000252s ]
ERR: 无法加载模块:'"

[ 2017-07-23T19:17:08+08:00 ] 140.205.225.206 /'%22+onmouseover=alert()+d='%22
INFO: [ app_init ] --START--
INFO: Run Behavior\BuildLiteBehavior [ RunTime:0.000014s ]
INFO: [ app_init ] --END-- [ RunTime:0.000319s ]
ERR: 无法加载模块:'" onmouseover=alert() d='"

[ 2017-07-23T19:17:08+08:00 ] 140.205.225.206 /'%22/%3E%3C/script%3E%3Cscript%3Ealert()%3C/script%3E
INFO: [ app_init ] --START--
INFO: Run Behavior\BuildLiteBehavior [ RunTime:0.000014s ]
INFO: [ app_init ] --END-- [ RunTime:0.000251s ]
ERR: 无法加载模块:'"

[ 2017-07-23T19:17:09+08:00 ] 140.205.225.206 /%27%22%20onmouseover%3Dalert%28%29%20d%3D%27%22
INFO: [ app_init ] --START--
INFO: Run Behavior\BuildLiteBehavior [ RunTime:0.000014s ]
INFO: [ app_init ] --END-- [ RunTime:0.000297s ]
ERR: 无法加载模块:'" onmouseover=alert() d='"

[ 2017-07-23T19:17:11+08:00 ] 140.205.225.206 /%2527%2522%2520onmouseover%253Dalert%2528%2529%2520d%253D%2527%2522
INFO: [ app_init ] --START--
INFO: Run Behavior\BuildLiteBehavior [ RunTime:0.000012s ]
INFO: [ app_init ] --END-- [ RunTime:0.000243s ]
ERR: 无法加载模块:'" onmouseover=alert() d='"

[ 2017-07-23T19:17:11+08:00 ] 140.205.225.206 /%2527%2522%252f%253E%253C%252fscript%253E%253Cscript%253Ealert%2528%2529%253C%252fscript%253E
INFO: [ app_init ] --START--
INFO: Run Behavior\BuildLiteBehavior [ RunTime:0.000016s ]
INFO: [ app_init ] --END-- [ RunTime:0.000262s ]
ERR: 无法加载模块:'"

[ 2017-07-23T19:17:12+08:00 ] 140.205.225.206 /'%22+onmouseover=alert()+d='%22/?.tmp=t
INFO: [ app_init ] --START--
INFO: Run Behavior\BuildLiteBehavior [ RunTime:0.000012s ]
INFO: [ app_init ] --END-- [ RunTime:0.000248s ]
ERR: 无法加载模块:'" onmouseover=alert() d='"

[ 2017-07-23T19:17:14+08:00 ] 140.205.225.206 /%27%22%20onmouseover%3Dalert%28%29%20d%3D%27%22/?.tmp=t
INFO: [ app_init ] --START--
INFO: Run Behavior\BuildLiteBehavior [ RunTime:0.000016s ]
INFO: [ app_init ] --END-- [ RunTime:0.000310s ]
ERR: 无法加载模块:'" onmouseover=alert() d='"

[ 2017-07-23T19:17:14+08:00 ] 140.205.225.206 /%2527%2522%2520onmouseover%253Dalert%2528%2529%2520d%253D%2527%2522/?.tmp=t
INFO: [ app_init ] --START--
INFO: Run Behavior\BuildLiteBehavior [ RunTime:0.000013s ]
INFO: [ app_init ] --END-- [ RunTime:0.000245s ]
ERR: 无法加载模块:'" onmouseover=alert() d='"

[ 2017-07-23T19:17:17+08:00 ] 140.205.225.206 /'%22/%3E%3C/script%3E%3Cscript%3Ealert()%3C/script%3E/?.tmp=t
INFO: [ app_init ] --START--
INFO: Run Behavior\BuildLiteBehavior [ RunTime:0.000012s ]
INFO: [ app_init ] --END-- [ RunTime:0.000243s ]
ERR: 无法加载模块:'"

[ 2017-07-23T19:17:18+08:00 ] 140.205.225.206 /%2527%2522%252f%253E%253C%252fscript%253E%253Cscript%253Ealert%2528%2529%253C%252fscript%253E/?.tmp=t
INFO: [ app_init ] --START--
INFO: Run Behavior\BuildLiteBehavior [ RunTime:0.000013s ]
INFO: [ app_init ] --END-- [ RunTime:0.000246s ]
ERR: 无法加载模块:'"

[ 2017-07-23T19:17:19+08:00 ] 140.205.225.206 /'%22+onmouseover=alert()+d='%22
INFO: [ app_init ] --START--
INFO: Run Behavior\BuildLiteBehavior [ RunTime:0.000013s ]
INFO: [ app_init ] --END-- [ RunTime:0.000242s ]
ERR: 无法加载模块:'" onmouseover=alert() d='"

[ 2017-07-23T19:17:19+08:00 ] 140.205.225.206 /%27%22%20onmouseover%3Dalert%28%29%20d%3D%27%22
INFO: [ app_init ] --START--
INFO: Run Behavior\BuildLiteBehavior [ RunTime:0.000014s ]
INFO: [ app_init ] --END-- [ RunTime:0.000250s ]
ERR: 无法加载模块:'" onmouseover=alert() d='"

[ 2017-07-23T19:17:20+08:00 ] 140.205.225.206 /%2527%2522%2520onmouseover%253Dalert%2528%2529%2520d%253D%2527%2522
INFO: [ app_init ] --START--
INFO: Run Behavior\BuildLiteBehavior [ RunTime:0.000013s ]
INFO: [ app_init ] --END-- [ RunTime:0.000251s ]
ERR: 无法加载模块:'" onmouseover=alert() d='"

[ 2017-07-23T19:17:20+08:00 ] 140.205.225.206 /'%22+onmouseover=alert()+d='%22/?.tmp=t
INFO: [ app_init ] --START--
INFO: Run Behavior\BuildLiteBehavior [ RunTime:0.000014s ]
INFO: [ app_init ] --END-- [ RunTime:0.000249s ]
ERR: 无法加载模块:'" onmouseover=alert() d='"

[ 2017-07-23T19:17:21+08:00 ] 140.205.225.206 /%27%22%20onmouseover%3Dalert%28%29%20d%3D%27%22/?.tmp=t
INFO: [ app_init ] --START--
INFO: Run Behavior\BuildLiteBehavior [ RunTime:0.000044s ]
INFO: [ app_init ] --END-- [ RunTime:0.000460s ]
ERR: 无法加载模块:'" onmouseover=alert() d='"

[ 2017-07-23T19:17:21+08:00 ] 140.205.225.206 /%2527%2522%2520onmouseover%253Dalert%2528%2529%2520d%253D%2527%2522/?.tmp=t
INFO: [ app_init ] --START--
INFO: Run Behavior\BuildLiteBehavior [ RunTime:0.000014s ]
INFO: [ app_init ] --END-- [ RunTime:0.000290s ]
ERR: 无法加载模块:'" onmouseover=alert() d='"

[ 2017-07-23T19:26:03+08:00 ] 36.237.152.144 /favicon.ico
INFO: [ app_init ] --START--
INFO: Run Behavior\BuildLiteBehavior [ RunTime:0.000016s ]
INFO: [ app_init ] --END-- [ RunTime:0.000279s ]
ERR: 无法加载模块:Favicon

[ 2017-07-23T19:41:17+08:00 ] 123.125.71.56 /Uploads/task/1494212567_%E2%D2%B6%A1%BC%BC%CA%F5500%BF%BD%B1%B4.jpg
INFO: [ app_init ] --START--
INFO: Run Behavior\BuildLiteBehavior [ RunTime:0.000014s ]
INFO: [ app_init ] --END-- [ RunTime:0.000254s ]
ERR: 无法加载模块:Uploads

[ 2017-07-23T20:12:26+08:00 ] 42.236.54.42 /Mob/Science/science_apply/domain_id/19/science_id/1354.html
INFO: [ app_init ] --START--
INFO: Run Behavior\BuildLiteBehavior [ RunTime:0.000023s ]
INFO: [ app_init ] --END-- [ RunTime:0.000317s ]
ERR: 无法加载模块:Mob

[ 2017-07-23T20:12:30+08:00 ] 42.236.102.3 /Mob/Task/task_info/category_id/518/task_id/3649.html
INFO: [ app_init ] --START--
INFO: Run Behavior\BuildLiteBehavior [ RunTime:0.000019s ]
INFO: [ app_init ] --END-- [ RunTime:0.000318s ]
ERR: 无法加载模块:Mob

[ 2017-07-23T20:12:40+08:00 ] 42.236.10.79 /Mob/science/science_info/science_id/1346.html
INFO: [ app_init ] --START--
INFO: Run Behavior\BuildLiteBehavior [ RunTime:0.000013s ]
INFO: [ app_init ] --END-- [ RunTime:0.000337s ]
ERR: 无法加载模块:Mob

[ 2017-07-23T20:12:47+08:00 ] 180.153.236.101 /Mob/Science/science_info/domain_id/3/science_id/1233.html
INFO: [ app_init ] --START--
INFO: Run Behavior\BuildLiteBehavior [ RunTime:0.000016s ]
INFO: [ app_init ] --END-- [ RunTime:0.000271s ]
ERR: 无法加载模块:Mob

[ 2017-07-23T20:14:43+08:00 ] 193.169.135.169 /vbseocp.php
INFO: [ app_init ] --START--
INFO: Run Behavior\BuildLiteBehavior [ RunTime:0.000013s ]
INFO: [ app_init ] --END-- [ RunTime:0.000246s ]
ERR: 无法加载模块:Vbseocp

[ 2017-07-23T20:36:50+08:00 ] 220.181.108.122 /Mob/Task/index.html
INFO: [ app_init ] --START--
INFO: Run Behavior\BuildLiteBehavior [ RunTime:0.000016s ]
INFO: [ app_init ] --END-- [ RunTime:0.000308s ]
ERR: 无法加载模块:Mob

[ 2017-07-23T21:06:24+08:00 ] 177.39.218.108 /wp-login.php
INFO: [ app_init ] --START--
INFO: Run Behavior\BuildLiteBehavior [ RunTime:0.000014s ]
INFO: [ app_init ] --END-- [ RunTime:0.000297s ]
ERR: 无法加载模块:Wp-login

[ 2017-07-23T21:09:41+08:00 ] 101.226.125.118 /Public/home/js/jquery.md5.js
INFO: [ app_init ] --START--
INFO: Run Behavior\BuildLiteBehavior [ RunTime:0.000012s ]
INFO: [ app_init ] --END-- [ RunTime:0.000238s ]
ERR: 无法加载模块:Public

[ 2017-07-23T21:09:42+08:00 ] 101.226.125.118 /Public/home/js/jquery.md5.js
INFO: [ app_init ] --START--
INFO: Run Behavior\BuildLiteBehavior [ RunTime:0.000013s ]
INFO: [ app_init ] --END-- [ RunTime:0.000246s ]
ERR: 无法加载模块:Public

[ 2017-07-23T23:02:21+08:00 ] 220.181.108.170 /Uploads/Admin/cases/2017-01-18/1484727010_%B0%C4%D6%D0387.jpg
INFO: [ app_init ] --START--
INFO: Run Behavior\BuildLiteBehavior [ RunTime:0.000013s ]
INFO: [ app_init ] --END-- [ RunTime:0.000253s ]
ERR: 无法加载模块:Uploads

[ 2017-07-23T23:04:10+08:00 ] 193.169.135.169 /vbseocp.php
INFO: [ app_init ] --START--
INFO: Run Behavior\BuildLiteBehavior [ RunTime:0.000013s ]
INFO: [ app_init ] --END-- [ RunTime:0.000307s ]
ERR: 无法加载模块:Vbseocp

[ 2017-07-23T23:55:57+08:00 ] 193.169.135.169 /vbseocp.php
INFO: [ app_init ] --START--
INFO: Run Behavior\BuildLiteBehavior [ RunTime:0.000012s ]
INFO: [ app_init ] --END-- [ RunTime:0.000246s ]
ERR: 无法加载模块:Vbseocp

