[ 2017-11-29T11:06:14+08:00 ] 127.0.0.1 /Public/images/cancel_s.png
INFO: [ app_init ] --START--
INFO: Run Behavior\BuildLiteBehavior [ RunTime:0.000000s ]
INFO: [ app_init ] --END-- [ RunTime:0.000000s ]
ERR: 无法加载模块:Public

[ 2017-11-29T11:06:24+08:00 ] 127.0.0.1 /Public/images/plus-white.png
INFO: [ app_init ] --START--
INFO: Run Behavior\BuildLiteBehavior [ RunTime:0.000000s ]
INFO: [ app_init ] --END-- [ RunTime:0.001000s ]
ERR: 无法加载模块:Public

[ 2017-11-29T11:06:24+08:00 ] 127.0.0.1 /Public/images/plus.png
INFO: [ app_init ] --START--
INFO: Run Behavior\BuildLiteBehavior [ RunTime:0.000000s ]
INFO: [ app_init ] --END-- [ RunTime:0.001000s ]
ERR: 无法加载模块:Public

[ 2017-11-29T11:06:30+08:00 ] 127.0.0.1 /Public/images/minus.png
INFO: [ app_init ] --START--
INFO: Run Behavior\BuildLiteBehavior [ RunTime:0.000000s ]
INFO: [ app_init ] --END-- [ RunTime:0.001000s ]
ERR: 无法加载模块:Public

[ 2017-11-29T11:06:31+08:00 ] 127.0.0.1 /Public/images/minus.png
INFO: [ app_init ] --START--
INFO: Run Behavior\BuildLiteBehavior [ RunTime:0.000000s ]
INFO: [ app_init ] --END-- [ RunTime:0.000000s ]
ERR: 无法加载模块:Public

[ 2017-11-29T11:06:32+08:00 ] 127.0.0.1 /Uploads/Admin/sciences/2017-01-23/1485135805_%E6%B4%BB%E5%8A%A8%E5%B0%81%E9%9D%A2.png
INFO: [ app_init ] --START--
INFO: Run Behavior\BuildLiteBehavior [ RunTime:0.000000s ]
INFO: [ app_init ] --END-- [ RunTime:0.001000s ]
ERR: 无法加载模块:Uploads

[ 2017-11-29T11:06:32+08:00 ] 127.0.0.1 /Uploads/Admin/sciences/2017-01-18/1484731381_HIC%E7%A1%AC%E4%BB%B6%E4%BA%A7%E4%B8%9A%E4%BA%A4%E6%B5%814.jpg
INFO: [ app_init ] --START--
INFO: Run Behavior\BuildLiteBehavior [ RunTime:0.000000s ]
INFO: [ app_init ] --END-- [ RunTime:0.001000s ]
ERR: 无法加载模块:Uploads

[ 2017-11-29T11:06:36+08:00 ] 127.0.0.1 /Public/js/cityselect/T1EPyLXm0hXXXXXXXX-200-100.png
INFO: [ app_init ] --START--
INFO: Run Behavior\BuildLiteBehavior [ RunTime:0.000000s ]
INFO: [ app_init ] --END-- [ RunTime:0.001000s ]
ERR: 无法加载模块:Public

[ 2017-11-29T11:13:04+08:00 ] 127.0.0.1 /Uploads/Admin/sciences/2017-01-23/1485135805_%E6%B4%BB%E5%8A%A8%E5%B0%81%E9%9D%A2.png
INFO: [ app_init ] --START--
INFO: Run Behavior\BuildLiteBehavior [ RunTime:0.000000s ]
INFO: [ app_init ] --END-- [ RunTime:0.001000s ]
ERR: 无法加载模块:Uploads

[ 2017-11-29T11:13:04+08:00 ] 127.0.0.1 /Uploads/Admin/sciences/2017-01-18/1484731381_HIC%E7%A1%AC%E4%BB%B6%E4%BA%A7%E4%B8%9A%E4%BA%A4%E6%B5%814.jpg
INFO: [ app_init ] --START--
INFO: Run Behavior\BuildLiteBehavior [ RunTime:0.000000s ]
INFO: [ app_init ] --END-- [ RunTime:0.000000s ]
ERR: 无法加载模块:Uploads

[ 2017-11-29T11:13:07+08:00 ] 127.0.0.1 /Public/js/cityselect/T1EPyLXm0hXXXXXXXX-200-100.png
INFO: [ app_init ] --START--
INFO: Run Behavior\BuildLiteBehavior [ RunTime:0.000000s ]
INFO: [ app_init ] --END-- [ RunTime:0.000000s ]
ERR: 无法加载模块:Public

[ 2017-11-29T11:15:40+08:00 ] 127.0.0.1 /Public/js/form/images/table_guide.png
INFO: [ app_init ] --START--
INFO: Run Behavior\BuildLiteBehavior [ RunTime:0.000000s ]
INFO: [ app_init ] --END-- [ RunTime:0.000000s ]
ERR: 无法加载模块:Public

[ 2017-11-29T11:27:58+08:00 ] 127.0.0.1 /Uploads/Admin/sciences/2017-01-18/1484731381_HIC%E7%A1%AC%E4%BB%B6%E4%BA%A7%E4%B8%9A%E4%BA%A4%E6%B5%814.jpg
INFO: [ app_init ] --START--
INFO: Run Behavior\BuildLiteBehavior [ RunTime:0.000000s ]
INFO: [ app_init ] --END-- [ RunTime:0.001000s ]
ERR: 无法加载模块:Uploads

[ 2017-11-29T11:27:58+08:00 ] 127.0.0.1 /Uploads/Admin/sciences/2017-01-23/1485135805_%E6%B4%BB%E5%8A%A8%E5%B0%81%E9%9D%A2.png
INFO: [ app_init ] --START--
INFO: Run Behavior\BuildLiteBehavior [ RunTime:0.000000s ]
INFO: [ app_init ] --END-- [ RunTime:0.000000s ]
ERR: 无法加载模块:Uploads

[ 2017-11-29T11:28:00+08:00 ] 127.0.0.1 /Public/js/cityselect/T1EPyLXm0hXXXXXXXX-200-100.png
INFO: [ app_init ] --START--
INFO: Run Behavior\BuildLiteBehavior [ RunTime:0.000000s ]
INFO: [ app_init ] --END-- [ RunTime:0.000000s ]
ERR: 无法加载模块:Public

[ 2017-11-29T14:19:22+08:00 ] 127.0.0.1 /Public/images/cancel_s.png
INFO: [ app_init ] --START--
INFO: Run Behavior\BuildLiteBehavior [ RunTime:0.000000s ]
INFO: [ app_init ] --END-- [ RunTime:0.001000s ]
ERR: 无法加载模块:Public

[ 2017-11-29T14:19:34+08:00 ] 127.0.0.1 /Public/images/plus-white.png
INFO: [ app_init ] --START--
INFO: Run Behavior\BuildLiteBehavior [ RunTime:0.000000s ]
INFO: [ app_init ] --END-- [ RunTime:0.001000s ]
ERR: 无法加载模块:Public

[ 2017-11-29T14:19:36+08:00 ] 127.0.0.1 /Public/images/plus.png
INFO: [ app_init ] --START--
INFO: Run Behavior\BuildLiteBehavior [ RunTime:0.000000s ]
INFO: [ app_init ] --END-- [ RunTime:0.000000s ]
ERR: 无法加载模块:Public

[ 2017-11-29T14:19:37+08:00 ] 127.0.0.1 /Public/images/minus.png
INFO: [ app_init ] --START--
INFO: Run Behavior\BuildLiteBehavior [ RunTime:0.000000s ]
INFO: [ app_init ] --END-- [ RunTime:0.000000s ]
ERR: 无法加载模块:Public

[ 2017-11-29T14:19:37+08:00 ] 127.0.0.1 /Public/images/minus.png
INFO: [ app_init ] --START--
INFO: Run Behavior\BuildLiteBehavior [ RunTime:0.000000s ]
INFO: [ app_init ] --END-- [ RunTime:0.000000s ]
ERR: 无法加载模块:Public

[ 2017-11-29T14:19:37+08:00 ] 127.0.0.1 /Uploads/Admin/sciences/2017-01-18/1484731381_HIC%E7%A1%AC%E4%BB%B6%E4%BA%A7%E4%B8%9A%E4%BA%A4%E6%B5%814.jpg
INFO: [ app_init ] --START--
INFO: Run Behavior\BuildLiteBehavior [ RunTime:0.000000s ]
INFO: [ app_init ] --END-- [ RunTime:0.000000s ]
ERR: 无法加载模块:Uploads

[ 2017-11-29T14:19:37+08:00 ] 127.0.0.1 /Uploads/Admin/sciences/2017-01-23/1485135805_%E6%B4%BB%E5%8A%A8%E5%B0%81%E9%9D%A2.png
INFO: [ app_init ] --START--
INFO: Run Behavior\BuildLiteBehavior [ RunTime:0.000000s ]
INFO: [ app_init ] --END-- [ RunTime:0.000000s ]
ERR: 无法加载模块:Uploads

[ 2017-11-29T14:29:09+08:00 ] 127.0.0.1 /Public/css/chanel-type.css
INFO: [ app_init ] --START--
INFO: Run Behavior\BuildLiteBehavior [ RunTime:0.000000s ]
INFO: [ app_init ] --END-- [ RunTime:0.000000s ]
ERR: 无法加载模块:Public

[ 2017-11-29T14:29:11+08:00 ] 127.0.0.1 /Public/css/chanel-type.css
INFO: [ app_init ] --START--
INFO: Run Behavior\BuildLiteBehavior [ RunTime:0.000000s ]
INFO: [ app_init ] --END-- [ RunTime:0.001001s ]
ERR: 无法加载模块:Public

[ 2017-11-29T14:29:41+08:00 ] 127.0.0.1 /Public/css/chanel-type.css
INFO: [ app_init ] --START--
INFO: Run Behavior\BuildLiteBehavior [ RunTime:0.000000s ]
INFO: [ app_init ] --END-- [ RunTime:0.001000s ]
ERR: 无法加载模块:Public

[ 2017-11-29T14:29:42+08:00 ] 127.0.0.1 /Public/css/chanel-type.css
INFO: [ app_init ] --START--
INFO: Run Behavior\BuildLiteBehavior [ RunTime:0.000000s ]
INFO: [ app_init ] --END-- [ RunTime:0.001000s ]
ERR: 无法加载模块:Public

[ 2017-11-29T14:30:03+08:00 ] 127.0.0.1 /Public/css/chanel-type.css
INFO: [ app_init ] --START--
INFO: Run Behavior\BuildLiteBehavior [ RunTime:0.000000s ]
INFO: [ app_init ] --END-- [ RunTime:0.001000s ]
ERR: 无法加载模块:Public

[ 2017-11-29T14:30:03+08:00 ] 127.0.0.1 /Public/images/site_small.png
INFO: [ app_init ] --START--
INFO: Run Behavior\BuildLiteBehavior [ RunTime:0.000000s ]
INFO: [ app_init ] --END-- [ RunTime:0.001000s ]
ERR: 无法加载模块:Public

[ 2017-11-29T14:31:39+08:00 ] 127.0.0.1 /Public/images/plus-white.png
INFO: [ app_init ] --START--
INFO: Run Behavior\BuildLiteBehavior [ RunTime:0.000000s ]
INFO: [ app_init ] --END-- [ RunTime:0.000000s ]
ERR: 无法加载模块:Public

[ 2017-11-29T14:31:40+08:00 ] 127.0.0.1 /Public/images/plus.png
INFO: [ app_init ] --START--
INFO: Run Behavior\BuildLiteBehavior [ RunTime:0.000000s ]
INFO: [ app_init ] --END-- [ RunTime:0.000000s ]
ERR: 无法加载模块:Public

[ 2017-11-29T14:31:41+08:00 ] 127.0.0.1 /Public/images/minus.png
INFO: [ app_init ] --START--
INFO: Run Behavior\BuildLiteBehavior [ RunTime:0.000000s ]
INFO: [ app_init ] --END-- [ RunTime:0.001000s ]
ERR: 无法加载模块:Public

[ 2017-11-29T14:31:42+08:00 ] 127.0.0.1 /Public/images/minus.png
INFO: [ app_init ] --START--
INFO: Run Behavior\BuildLiteBehavior [ RunTime:0.000000s ]
INFO: [ app_init ] --END-- [ RunTime:0.001000s ]
ERR: 无法加载模块:Public

[ 2017-11-29T14:31:43+08:00 ] 127.0.0.1 /Public/images/plus-white.png
INFO: [ app_init ] --START--
INFO: Run Behavior\BuildLiteBehavior [ RunTime:0.000000s ]
INFO: [ app_init ] --END-- [ RunTime:0.000000s ]
ERR: 无法加载模块:Public

[ 2017-11-29T14:31:49+08:00 ] 127.0.0.1 /Public/images/plus-white.png
INFO: [ app_init ] --START--
INFO: Run Behavior\BuildLiteBehavior [ RunTime:0.000000s ]
INFO: [ app_init ] --END-- [ RunTime:0.000000s ]
ERR: 无法加载模块:Public

[ 2017-11-29T14:31:50+08:00 ] 127.0.0.1 /Public/images/plus-white.png
INFO: [ app_init ] --START--
INFO: Run Behavior\BuildLiteBehavior [ RunTime:0.000000s ]
INFO: [ app_init ] --END-- [ RunTime:0.000000s ]
ERR: 无法加载模块:Public

[ 2017-11-29T14:31:51+08:00 ] 127.0.0.1 /Public/images/plus.png
INFO: [ app_init ] --START--
INFO: Run Behavior\BuildLiteBehavior [ RunTime:0.000000s ]
INFO: [ app_init ] --END-- [ RunTime:0.000000s ]
ERR: 无法加载模块:Public

[ 2017-11-29T14:31:58+08:00 ] 127.0.0.1 /Public/css/chanel-type.css
INFO: [ app_init ] --START--
INFO: Run Behavior\BuildLiteBehavior [ RunTime:0.000000s ]
INFO: [ app_init ] --END-- [ RunTime:0.000000s ]
ERR: 无法加载模块:Public

[ 2017-11-29T14:34:11+08:00 ] 127.0.0.1 /Public/images/plus-white.png
INFO: [ app_init ] --START--
INFO: Run Behavior\BuildLiteBehavior [ RunTime:0.000000s ]
INFO: [ app_init ] --END-- [ RunTime:0.000000s ]
ERR: 无法加载模块:Public

[ 2017-11-29T14:42:08+08:00 ] 127.0.0.1 /Public/images/plus-white.png
INFO: [ app_init ] --START--
INFO: Run Behavior\BuildLiteBehavior [ RunTime:0.000000s ]
INFO: [ app_init ] --END-- [ RunTime:0.001000s ]
ERR: 无法加载模块:Public

[ 2017-11-29T14:42:09+08:00 ] 127.0.0.1 /Public/images/plus-white.png
INFO: [ app_init ] --START--
INFO: Run Behavior\BuildLiteBehavior [ RunTime:0.000000s ]
INFO: [ app_init ] --END-- [ RunTime:0.000000s ]
ERR: 无法加载模块:Public

[ 2017-11-29T14:43:04+08:00 ] 127.0.0.1 /Public/images/plus.png
INFO: [ app_init ] --START--
INFO: Run Behavior\BuildLiteBehavior [ RunTime:0.000000s ]
INFO: [ app_init ] --END-- [ RunTime:0.001000s ]
ERR: 无法加载模块:Public

[ 2017-11-29T14:45:03+08:00 ] 127.0.0.1 /Public/images/plus-white.png
INFO: [ app_init ] --START--
INFO: Run Behavior\BuildLiteBehavior [ RunTime:0.000000s ]
INFO: [ app_init ] --END-- [ RunTime:0.001000s ]
ERR: 无法加载模块:Public

[ 2017-11-29T14:45:04+08:00 ] 127.0.0.1 /Public/images/plus.png
INFO: [ app_init ] --START--
INFO: Run Behavior\BuildLiteBehavior [ RunTime:0.000000s ]
INFO: [ app_init ] --END-- [ RunTime:0.000000s ]
ERR: 无法加载模块:Public

[ 2017-11-29T14:45:04+08:00 ] 127.0.0.1 /Public/images/minus.png
INFO: [ app_init ] --START--
INFO: Run Behavior\BuildLiteBehavior [ RunTime:0.000000s ]
INFO: [ app_init ] --END-- [ RunTime:0.000000s ]
ERR: 无法加载模块:Public

[ 2017-11-29T14:45:05+08:00 ] 127.0.0.1 /Public/images/minus.png
INFO: [ app_init ] --START--
INFO: Run Behavior\BuildLiteBehavior [ RunTime:0.000000s ]
INFO: [ app_init ] --END-- [ RunTime:0.001000s ]
ERR: 无法加载模块:Public

[ 2017-11-29T14:53:50+08:00 ] 127.0.0.1 /Public/images/plus-white.png
INFO: [ app_init ] --START--
INFO: Run Behavior\BuildLiteBehavior [ RunTime:0.000000s ]
INFO: [ app_init ] --END-- [ RunTime:0.000000s ]
ERR: 无法加载模块:Public

[ 2017-11-29T14:53:51+08:00 ] 127.0.0.1 /Public/images/plus.png
INFO: [ app_init ] --START--
INFO: Run Behavior\BuildLiteBehavior [ RunTime:0.000000s ]
INFO: [ app_init ] --END-- [ RunTime:0.001000s ]
ERR: 无法加载模块:Public

[ 2017-11-29T14:53:54+08:00 ] 127.0.0.1 /Public/images/minus.png
INFO: [ app_init ] --START--
INFO: Run Behavior\BuildLiteBehavior [ RunTime:0.000000s ]
INFO: [ app_init ] --END-- [ RunTime:0.001000s ]
ERR: 无法加载模块:Public

[ 2017-11-29T14:53:54+08:00 ] 127.0.0.1 /Public/images/minus.png
INFO: [ app_init ] --START--
INFO: Run Behavior\BuildLiteBehavior [ RunTime:0.000000s ]
INFO: [ app_init ] --END-- [ RunTime:0.000000s ]
ERR: 无法加载模块:Public

[ 2017-11-29T14:55:58+08:00 ] 127.0.0.1 /Public/images/plus-white.png
INFO: [ app_init ] --START--
INFO: Run Behavior\BuildLiteBehavior [ RunTime:0.000000s ]
INFO: [ app_init ] --END-- [ RunTime:0.001000s ]
ERR: 无法加载模块:Public

[ 2017-11-29T14:56:11+08:00 ] 127.0.0.1 /Public/images/plus.png
INFO: [ app_init ] --START--
INFO: Run Behavior\BuildLiteBehavior [ RunTime:0.000000s ]
INFO: [ app_init ] --END-- [ RunTime:0.001000s ]
ERR: 无法加载模块:Public

[ 2017-11-29T14:56:12+08:00 ] 127.0.0.1 /Public/images/minus.png
INFO: [ app_init ] --START--
INFO: Run Behavior\BuildLiteBehavior [ RunTime:0.000000s ]
INFO: [ app_init ] --END-- [ RunTime:0.001000s ]
ERR: 无法加载模块:Public

[ 2017-11-29T14:56:13+08:00 ] 127.0.0.1 /Public/images/minus.png
INFO: [ app_init ] --START--
INFO: Run Behavior\BuildLiteBehavior [ RunTime:0.000000s ]
INFO: [ app_init ] --END-- [ RunTime:0.000000s ]
ERR: 无法加载模块:Public

[ 2017-11-29T14:57:57+08:00 ] 127.0.0.1 /Uploads/task/1489027434_360%E6%88%AA%E5%9B%BE20170309104145117.png
INFO: [ app_init ] --START--
INFO: Run Behavior\BuildLiteBehavior [ RunTime:0.000000s ]
INFO: [ app_init ] --END-- [ RunTime:0.001000s ]
ERR: 无法加载模块:Uploads

[ 2017-11-29T14:57:58+08:00 ] 127.0.0.1 /Uploads/Admin/sciences/2017-01-23/1485135805_%E6%B4%BB%E5%8A%A8%E5%B0%81%E9%9D%A2.png
INFO: [ app_init ] --START--
INFO: Run Behavior\BuildLiteBehavior [ RunTime:0.000000s ]
INFO: [ app_init ] --END-- [ RunTime:0.001000s ]
ERR: 无法加载模块:Uploads

[ 2017-11-29T14:57:58+08:00 ] 127.0.0.1 /Uploads/Admin/sciences/2017-01-18/1484731381_HIC%E7%A1%AC%E4%BB%B6%E4%BA%A7%E4%B8%9A%E4%BA%A4%E6%B5%814.jpg
INFO: [ app_init ] --START--
INFO: Run Behavior\BuildLiteBehavior [ RunTime:0.000000s ]
INFO: [ app_init ] --END-- [ RunTime:0.001000s ]
ERR: 无法加载模块:Uploads

[ 2017-11-29T15:22:01+08:00 ] 127.0.0.1 /Uploads/Admin/sciences/2017-01-23/1485135805_%E6%B4%BB%E5%8A%A8%E5%B0%81%E9%9D%A2.png
INFO: [ app_init ] --START--
INFO: Run Behavior\BuildLiteBehavior [ RunTime:0.000000s ]
INFO: [ app_init ] --END-- [ RunTime:0.001000s ]
ERR: 无法加载模块:Uploads

[ 2017-11-29T15:22:01+08:00 ] 127.0.0.1 /Uploads/Admin/sciences/2017-01-18/1484731381_HIC%E7%A1%AC%E4%BB%B6%E4%BA%A7%E4%B8%9A%E4%BA%A4%E6%B5%814.jpg
INFO: [ app_init ] --START--
INFO: Run Behavior\BuildLiteBehavior [ RunTime:0.000000s ]
INFO: [ app_init ] --END-- [ RunTime:0.001000s ]
ERR: 无法加载模块:Uploads

[ 2017-11-29T15:22:05+08:00 ] 127.0.0.1 /Public/js/cityselect/T1EPyLXm0hXXXXXXXX-200-100.png
INFO: [ app_init ] --START--
INFO: Run Behavior\BuildLiteBehavior [ RunTime:0.000000s ]
INFO: [ app_init ] --END-- [ RunTime:0.001000s ]
ERR: 无法加载模块:Public

[ 2017-11-29T15:22:42+08:00 ] 127.0.0.1 /Uploads/Admin/sciences/2017-01-18/1484731381_HIC%E7%A1%AC%E4%BB%B6%E4%BA%A7%E4%B8%9A%E4%BA%A4%E6%B5%814.jpg
INFO: [ app_init ] --START--
INFO: Run Behavior\BuildLiteBehavior [ RunTime:0.000000s ]
INFO: [ app_init ] --END-- [ RunTime:0.001000s ]
ERR: 无法加载模块:Uploads

[ 2017-11-29T15:22:43+08:00 ] 127.0.0.1 /Uploads/Admin/sciences/2017-01-23/1485135805_%E6%B4%BB%E5%8A%A8%E5%B0%81%E9%9D%A2.png
INFO: [ app_init ] --START--
INFO: Run Behavior\BuildLiteBehavior [ RunTime:0.000000s ]
INFO: [ app_init ] --END-- [ RunTime:0.001000s ]
ERR: 无法加载模块:Uploads

[ 2017-11-29T15:22:43+08:00 ] 127.0.0.1 /Uploads/task/1489027434_360%E6%88%AA%E5%9B%BE20170309104145117.png
INFO: [ app_init ] --START--
INFO: Run Behavior\BuildLiteBehavior [ RunTime:0.000000s ]
INFO: [ app_init ] --END-- [ RunTime:0.001000s ]
ERR: 无法加载模块:Uploads

[ 2017-11-29T15:22:56+08:00 ] 127.0.0.1 /Uploads/task/1489027434_360%E6%88%AA%E5%9B%BE20170309104145117.png
INFO: [ app_init ] --START--
INFO: Run Behavior\BuildLiteBehavior [ RunTime:0.000000s ]
INFO: [ app_init ] --END-- [ RunTime:0.000000s ]
ERR: 无法加载模块:Uploads

[ 2017-11-29T15:22:56+08:00 ] 127.0.0.1 /Uploads/Admin/sciences/2017-01-18/1484731381_HIC%E7%A1%AC%E4%BB%B6%E4%BA%A7%E4%B8%9A%E4%BA%A4%E6%B5%814.jpg
INFO: [ app_init ] --START--
INFO: Run Behavior\BuildLiteBehavior [ RunTime:0.000000s ]
INFO: [ app_init ] --END-- [ RunTime:0.000000s ]
ERR: 无法加载模块:Uploads

[ 2017-11-29T15:22:56+08:00 ] 127.0.0.1 /Uploads/Admin/sciences/2017-01-23/1485135805_%E6%B4%BB%E5%8A%A8%E5%B0%81%E9%9D%A2.png
INFO: [ app_init ] --START--
INFO: Run Behavior\BuildLiteBehavior [ RunTime:0.000000s ]
INFO: [ app_init ] --END-- [ RunTime:0.001000s ]
ERR: 无法加载模块:Uploads

[ 2017-11-29T15:22:59+08:00 ] 127.0.0.1 /Uploads/Admin/topic/2017-02-08/1486524240_%E7%BD%91%E7%AB%99%E4%B8%93%E9%A2%98%E5%B0%81%E9%9D%A2.png
INFO: [ app_init ] --START--
INFO: Run Behavior\BuildLiteBehavior [ RunTime:0.000000s ]
INFO: [ app_init ] --END-- [ RunTime:0.001000s ]
ERR: 无法加载模块:Uploads

[ 2017-11-29T15:23:43+08:00 ] 127.0.0.1 /Uploads/task/1489027434_360%E6%88%AA%E5%9B%BE20170309104145117.png
INFO: [ app_init ] --START--
INFO: Run Behavior\BuildLiteBehavior [ RunTime:0.000000s ]
INFO: [ app_init ] --END-- [ RunTime:0.000000s ]
ERR: 无法加载模块:Uploads

[ 2017-11-29T15:23:47+08:00 ] 127.0.0.1 /Uploads/task/1489027434_360%E6%88%AA%E5%9B%BE20170309104145117.png
INFO: [ app_init ] --START--
INFO: Run Behavior\BuildLiteBehavior [ RunTime:0.000000s ]
INFO: [ app_init ] --END-- [ RunTime:0.001000s ]
ERR: 无法加载模块:Uploads

[ 2017-11-29T15:23:47+08:00 ] 127.0.0.1 /Uploads/Admin/sciences/2017-01-18/1484731381_HIC%E7%A1%AC%E4%BB%B6%E4%BA%A7%E4%B8%9A%E4%BA%A4%E6%B5%814.jpg
INFO: [ app_init ] --START--
INFO: Run Behavior\BuildLiteBehavior [ RunTime:0.000000s ]
INFO: [ app_init ] --END-- [ RunTime:0.001000s ]
ERR: 无法加载模块:Uploads

[ 2017-11-29T15:23:47+08:00 ] 127.0.0.1 /Uploads/Admin/sciences/2017-01-23/1485135805_%E6%B4%BB%E5%8A%A8%E5%B0%81%E9%9D%A2.png
INFO: [ app_init ] --START--
INFO: Run Behavior\BuildLiteBehavior [ RunTime:0.000000s ]
INFO: [ app_init ] --END-- [ RunTime:0.001000s ]
ERR: 无法加载模块:Uploads

[ 2017-11-29T15:26:55+08:00 ] 127.0.0.1 /Uploads/Admin/sciences/2017-01-23/1485135805_%E6%B4%BB%E5%8A%A8%E5%B0%81%E9%9D%A2.png
INFO: [ app_init ] --START--
INFO: Run Behavior\BuildLiteBehavior [ RunTime:0.000000s ]
INFO: [ app_init ] --END-- [ RunTime:0.001000s ]
ERR: 无法加载模块:Uploads

[ 2017-11-29T15:26:55+08:00 ] 127.0.0.1 /Uploads/Admin/sciences/2017-01-18/1484731381_HIC%E7%A1%AC%E4%BB%B6%E4%BA%A7%E4%B8%9A%E4%BA%A4%E6%B5%814.jpg
INFO: [ app_init ] --START--
INFO: Run Behavior\BuildLiteBehavior [ RunTime:0.000000s ]
INFO: [ app_init ] --END-- [ RunTime:0.001000s ]
ERR: 无法加载模块:Uploads

[ 2017-11-29T15:33:55+08:00 ] 127.0.0.1 /Uploads/task/1489027434_360%E6%88%AA%E5%9B%BE20170309104145117.png
INFO: [ app_init ] --START--
INFO: Run Behavior\BuildLiteBehavior [ RunTime:0.000000s ]
INFO: [ app_init ] --END-- [ RunTime:0.000000s ]
ERR: 无法加载模块:Uploads

[ 2017-11-29T15:33:55+08:00 ] 127.0.0.1 /Uploads/Admin/sciences/2017-01-18/1484731381_HIC%E7%A1%AC%E4%BB%B6%E4%BA%A7%E4%B8%9A%E4%BA%A4%E6%B5%814.jpg
INFO: [ app_init ] --START--
INFO: Run Behavior\BuildLiteBehavior [ RunTime:0.001000s ]
INFO: [ app_init ] --END-- [ RunTime:0.001000s ]
ERR: 无法加载模块:Uploads

[ 2017-11-29T15:33:55+08:00 ] 127.0.0.1 /Uploads/Admin/sciences/2017-01-23/1485135805_%E6%B4%BB%E5%8A%A8%E5%B0%81%E9%9D%A2.png
INFO: [ app_init ] --START--
INFO: Run Behavior\BuildLiteBehavior [ RunTime:0.000000s ]
INFO: [ app_init ] --END-- [ RunTime:0.000000s ]
ERR: 无法加载模块:Uploads

[ 2017-11-29T15:33:56+08:00 ] 127.0.0.1 /Uploads/Admin/topic/2017-02-08/1486524240_%E7%BD%91%E7%AB%99%E4%B8%93%E9%A2%98%E5%B0%81%E9%9D%A2.png
INFO: [ app_init ] --START--
INFO: Run Behavior\BuildLiteBehavior [ RunTime:0.000000s ]
INFO: [ app_init ] --END-- [ RunTime:0.001000s ]
ERR: 无法加载模块:Uploads

[ 2017-11-29T15:34:03+08:00 ] 127.0.0.1 /Uploads/task/1489027434_360%E6%88%AA%E5%9B%BE20170309104145117.png
INFO: [ app_init ] --START--
INFO: Run Behavior\BuildLiteBehavior [ RunTime:0.000000s ]
INFO: [ app_init ] --END-- [ RunTime:0.000000s ]
ERR: 无法加载模块:Uploads

[ 2017-11-29T15:34:06+08:00 ] 127.0.0.1 /Uploads/Admin/topic/2017-02-08/1486524240_%E7%BD%91%E7%AB%99%E4%B8%93%E9%A2%98%E5%B0%81%E9%9D%A2.png
INFO: [ app_init ] --START--
INFO: Run Behavior\BuildLiteBehavior [ RunTime:0.000000s ]
INFO: [ app_init ] --END-- [ RunTime:0.000000s ]
ERR: 无法加载模块:Uploads

[ 2017-11-29T15:34:07+08:00 ] 127.0.0.1 /Uploads/Admin/sciences/2017-01-18/1484731381_HIC%E7%A1%AC%E4%BB%B6%E4%BA%A7%E4%B8%9A%E4%BA%A4%E6%B5%814.jpg
INFO: [ app_init ] --START--
INFO: Run Behavior\BuildLiteBehavior [ RunTime:0.000000s ]
INFO: [ app_init ] --END-- [ RunTime:0.001000s ]
ERR: 无法加载模块:Uploads

[ 2017-11-29T15:34:07+08:00 ] 127.0.0.1 /Uploads/Admin/sciences/2017-01-23/1485135805_%E6%B4%BB%E5%8A%A8%E5%B0%81%E9%9D%A2.png
INFO: [ app_init ] --START--
INFO: Run Behavior\BuildLiteBehavior [ RunTime:0.000000s ]
INFO: [ app_init ] --END-- [ RunTime:0.001000s ]
ERR: 无法加载模块:Uploads

[ 2017-11-29T15:34:07+08:00 ] 127.0.0.1 /Uploads/Admin/sciences/2017-01-18/1484731381_HIC%E7%A1%AC%E4%BB%B6%E4%BA%A7%E4%B8%9A%E4%BA%A4%E6%B5%814.jpg
INFO: [ app_init ] --START--
INFO: Run Behavior\BuildLiteBehavior [ RunTime:0.000000s ]
INFO: [ app_init ] --END-- [ RunTime:0.001000s ]
ERR: 无法加载模块:Uploads

[ 2017-11-29T15:34:07+08:00 ] 127.0.0.1 /Uploads/Admin/sciences/2017-01-23/1485135805_%E6%B4%BB%E5%8A%A8%E5%B0%81%E9%9D%A2.png
INFO: [ app_init ] --START--
INFO: Run Behavior\BuildLiteBehavior [ RunTime:0.000000s ]
INFO: [ app_init ] --END-- [ RunTime:0.001000s ]
ERR: 无法加载模块:Uploads

[ 2017-11-29T15:34:08+08:00 ] 127.0.0.1 /Uploads/task/1489027434_360%E6%88%AA%E5%9B%BE20170309104145117.png
INFO: [ app_init ] --START--
INFO: Run Behavior\BuildLiteBehavior [ RunTime:0.000000s ]
INFO: [ app_init ] --END-- [ RunTime:0.001000s ]
ERR: 无法加载模块:Uploads

[ 2017-11-29T15:34:09+08:00 ] 127.0.0.1 /Uploads/Admin/sciences/2017-01-18/1484731381_HIC%E7%A1%AC%E4%BB%B6%E4%BA%A7%E4%B8%9A%E4%BA%A4%E6%B5%814.jpg
INFO: [ app_init ] --START--
INFO: Run Behavior\BuildLiteBehavior [ RunTime:0.000000s ]
INFO: [ app_init ] --END-- [ RunTime:0.001000s ]
ERR: 无法加载模块:Uploads

[ 2017-11-29T15:34:09+08:00 ] 127.0.0.1 /Uploads/Admin/sciences/2017-01-23/1485135805_%E6%B4%BB%E5%8A%A8%E5%B0%81%E9%9D%A2.png
INFO: [ app_init ] --START--
INFO: Run Behavior\BuildLiteBehavior [ RunTime:0.000000s ]
INFO: [ app_init ] --END-- [ RunTime:0.001000s ]
ERR: 无法加载模块:Uploads

[ 2017-11-29T15:34:10+08:00 ] 127.0.0.1 /Uploads/Admin/topic/2017-02-08/1486524240_%E7%BD%91%E7%AB%99%E4%B8%93%E9%A2%98%E5%B0%81%E9%9D%A2.png
INFO: [ app_init ] --START--
INFO: Run Behavior\BuildLiteBehavior [ RunTime:0.000000s ]
INFO: [ app_init ] --END-- [ RunTime:0.000000s ]
ERR: 无法加载模块:Uploads

[ 2017-11-29T15:34:16+08:00 ] 127.0.0.1 /Uploads/Admin/sciences/2017-01-23/1485135805_%E6%B4%BB%E5%8A%A8%E5%B0%81%E9%9D%A2.png
INFO: [ app_init ] --START--
INFO: Run Behavior\BuildLiteBehavior [ RunTime:0.000000s ]
INFO: [ app_init ] --END-- [ RunTime:0.000000s ]
ERR: 无法加载模块:Uploads

[ 2017-11-29T15:34:16+08:00 ] 127.0.0.1 /Uploads/Admin/sciences/2017-01-18/1484731381_HIC%E7%A1%AC%E4%BB%B6%E4%BA%A7%E4%B8%9A%E4%BA%A4%E6%B5%814.jpg
INFO: [ app_init ] --START--
INFO: Run Behavior\BuildLiteBehavior [ RunTime:0.000000s ]
INFO: [ app_init ] --END-- [ RunTime:0.000000s ]
ERR: 无法加载模块:Uploads

[ 2017-11-29T15:34:17+08:00 ] 127.0.0.1 /Uploads/Admin/sciences/2017-01-18/1484731381_HIC%E7%A1%AC%E4%BB%B6%E4%BA%A7%E4%B8%9A%E4%BA%A4%E6%B5%814.jpg
INFO: [ app_init ] --START--
INFO: Run Behavior\BuildLiteBehavior [ RunTime:0.000000s ]
INFO: [ app_init ] --END-- [ RunTime:0.001000s ]
ERR: 无法加载模块:Uploads

[ 2017-11-29T15:34:17+08:00 ] 127.0.0.1 /Uploads/Admin/sciences/2017-01-23/1485135805_%E6%B4%BB%E5%8A%A8%E5%B0%81%E9%9D%A2.png
INFO: [ app_init ] --START--
INFO: Run Behavior\BuildLiteBehavior [ RunTime:0.000000s ]
INFO: [ app_init ] --END-- [ RunTime:0.001001s ]
ERR: 无法加载模块:Uploads

[ 2017-11-29T15:34:20+08:00 ] 127.0.0.1 /Uploads/task/1489027434_360%E6%88%AA%E5%9B%BE20170309104145117.png
INFO: [ app_init ] --START--
INFO: Run Behavior\BuildLiteBehavior [ RunTime:0.000000s ]
INFO: [ app_init ] --END-- [ RunTime:0.001000s ]
ERR: 无法加载模块:Uploads

[ 2017-11-29T15:34:24+08:00 ] 127.0.0.1 /Uploads/Admin/topic/2017-02-08/1486524240_%E7%BD%91%E7%AB%99%E4%B8%93%E9%A2%98%E5%B0%81%E9%9D%A2.png
INFO: [ app_init ] --START--
INFO: Run Behavior\BuildLiteBehavior [ RunTime:0.000000s ]
INFO: [ app_init ] --END-- [ RunTime:0.001000s ]
ERR: 无法加载模块:Uploads

[ 2017-11-29T15:48:18+08:00 ] 127.0.0.1 /Uploads/Admin/topic/2017-02-08/1486524240_%E7%BD%91%E7%AB%99%E4%B8%93%E9%A2%98%E5%B0%81%E9%9D%A2.png
INFO: [ app_init ] --START--
INFO: Run Behavior\BuildLiteBehavior [ RunTime:0.000000s ]
INFO: [ app_init ] --END-- [ RunTime:0.001000s ]
ERR: 无法加载模块:Uploads

[ 2017-11-29T15:48:34+08:00 ] 127.0.0.1 /Uploads/Admin/topic/2017-02-08/1486524240_%E7%BD%91%E7%AB%99%E4%B8%93%E9%A2%98%E5%B0%81%E9%9D%A2.png
INFO: [ app_init ] --START--
INFO: Run Behavior\BuildLiteBehavior [ RunTime:0.000000s ]
INFO: [ app_init ] --END-- [ RunTime:0.000000s ]
ERR: 无法加载模块:Uploads

[ 2017-11-29T15:48:41+08:00 ] 127.0.0.1 /Uploads/task/1489027434_360%E6%88%AA%E5%9B%BE20170309104145117.png
INFO: [ app_init ] --START--
INFO: Run Behavior\BuildLiteBehavior [ RunTime:0.000000s ]
INFO: [ app_init ] --END-- [ RunTime:0.000000s ]
ERR: 无法加载模块:Uploads

[ 2017-11-29T15:48:41+08:00 ] 127.0.0.1 /Uploads/Admin/sciences/2017-01-18/1484731381_HIC%E7%A1%AC%E4%BB%B6%E4%BA%A7%E4%B8%9A%E4%BA%A4%E6%B5%814.jpg
INFO: [ app_init ] --START--
INFO: Run Behavior\BuildLiteBehavior [ RunTime:0.000000s ]
INFO: [ app_init ] --END-- [ RunTime:0.001000s ]
ERR: 无法加载模块:Uploads

[ 2017-11-29T15:48:41+08:00 ] 127.0.0.1 /Uploads/Admin/sciences/2017-01-23/1485135805_%E6%B4%BB%E5%8A%A8%E5%B0%81%E9%9D%A2.png
INFO: [ app_init ] --START--
INFO: Run Behavior\BuildLiteBehavior [ RunTime:0.000000s ]
INFO: [ app_init ] --END-- [ RunTime:0.001001s ]
ERR: 无法加载模块:Uploads

[ 2017-11-29T15:58:06+08:00 ] 127.0.0.1 /Uploads/Admin/sciences/2017-01-18/1484731381_HIC%E7%A1%AC%E4%BB%B6%E4%BA%A7%E4%B8%9A%E4%BA%A4%E6%B5%814.jpg
INFO: [ app_init ] --START--
INFO: Run Behavior\BuildLiteBehavior [ RunTime:0.000000s ]
INFO: [ app_init ] --END-- [ RunTime:0.001000s ]
ERR: 无法加载模块:Uploads

[ 2017-11-29T15:58:06+08:00 ] 127.0.0.1 /Uploads/Admin/sciences/2017-01-23/1485135805_%E6%B4%BB%E5%8A%A8%E5%B0%81%E9%9D%A2.png
INFO: [ app_init ] --START--
INFO: Run Behavior\BuildLiteBehavior [ RunTime:0.000000s ]
INFO: [ app_init ] --END-- [ RunTime:0.000000s ]
ERR: 无法加载模块:Uploads

[ 2017-11-29T15:58:06+08:00 ] 127.0.0.1 /Uploads/task/1489027434_360%E6%88%AA%E5%9B%BE20170309104145117.png
INFO: [ app_init ] --START--
INFO: Run Behavior\BuildLiteBehavior [ RunTime:0.000000s ]
INFO: [ app_init ] --END-- [ RunTime:0.000000s ]
ERR: 无法加载模块:Uploads

[ 2017-11-29T16:00:37+08:00 ] 127.0.0.1 /Public/js/form/images/table_guide.png
INFO: [ app_init ] --START--
INFO: Run Behavior\BuildLiteBehavior [ RunTime:0.000000s ]
INFO: [ app_init ] --END-- [ RunTime:0.000000s ]
ERR: 无法加载模块:Public

[ 2017-11-29T16:27:19+08:00 ] 127.0.0.1 /favicon.ico
INFO: [ app_init ] --START--
INFO: Run Behavior\BuildLiteBehavior [ RunTime:0.000000s ]
INFO: [ app_init ] --END-- [ RunTime:0.001000s ]
ERR: 无法加载模块:Favicon

[ 2017-11-29T16:27:21+08:00 ] 127.0.0.1 /Public/mobile/js/maps/swiper.min.js.map
INFO: [ app_init ] --START--
INFO: Run Behavior\BuildLiteBehavior [ RunTime:0.000000s ]
INFO: [ app_init ] --END-- [ RunTime:0.000000s ]
ERR: 无法加载模块:Public

[ 2017-11-29T16:27:26+08:00 ] 127.0.0.1 /Public/mobile/js/maps/swiper.min.js.map
INFO: [ app_init ] --START--
INFO: Run Behavior\BuildLiteBehavior [ RunTime:0.000000s ]
INFO: [ app_init ] --END-- [ RunTime:0.001001s ]
ERR: 无法加载模块:Public

[ 2017-11-29T16:27:42+08:00 ] 127.0.0.1 /Public/mobile/js/maps/swiper.min.js.map
INFO: [ app_init ] --START--
INFO: Run Behavior\BuildLiteBehavior [ RunTime:0.000000s ]
INFO: [ app_init ] --END-- [ RunTime:0.000000s ]
ERR: 无法加载模块:Public

[ 2017-11-29T16:33:10+08:00 ] 127.0.0.1 /Public/mobile/js/maps/swiper.min.js.map
INFO: [ app_init ] --START--
INFO: Run Behavior\BuildLiteBehavior [ RunTime:0.000000s ]
INFO: [ app_init ] --END-- [ RunTime:0.001000s ]
ERR: 无法加载模块:Public

[ 2017-11-29T16:33:11+08:00 ] 127.0.0.1 /Public/mobile/js/maps/swiper.min.js.map
INFO: [ app_init ] --START--
INFO: Run Behavior\BuildLiteBehavior [ RunTime:0.000000s ]
INFO: [ app_init ] --END-- [ RunTime:0.000000s ]
ERR: 无法加载模块:Public

[ 2017-11-29T16:34:00+08:00 ] 127.0.0.1 /Public/mobile/js/maps/swiper.min.js.map
INFO: [ app_init ] --START--
INFO: Run Behavior\BuildLiteBehavior [ RunTime:0.000000s ]
INFO: [ app_init ] --END-- [ RunTime:0.000000s ]
ERR: 无法加载模块:Public

[ 2017-11-29T16:34:02+08:00 ] 127.0.0.1 /Public/mobile/js/maps/swiper.min.js.map
INFO: [ app_init ] --START--
INFO: Run Behavior\BuildLiteBehavior [ RunTime:0.000000s ]
INFO: [ app_init ] --END-- [ RunTime:0.001000s ]
ERR: 无法加载模块:Public

[ 2017-11-29T16:34:06+08:00 ] 127.0.0.1 /Public/mobile/js/maps/swiper.min.js.map
INFO: [ app_init ] --START--
INFO: Run Behavior\BuildLiteBehavior [ RunTime:0.000000s ]
INFO: [ app_init ] --END-- [ RunTime:0.000000s ]
ERR: 无法加载模块:Public

[ 2017-11-29T16:35:41+08:00 ] 127.0.0.1 /Public/mobile/js/maps/swiper.min.js.map
INFO: [ app_init ] --START--
INFO: Run Behavior\BuildLiteBehavior [ RunTime:0.000000s ]
INFO: [ app_init ] --END-- [ RunTime:0.000000s ]
ERR: 无法加载模块:Public

[ 2017-11-29T16:35:43+08:00 ] 127.0.0.1 /Public/mobile/js/maps/swiper.min.js.map
INFO: [ app_init ] --START--
INFO: Run Behavior\BuildLiteBehavior [ RunTime:0.000000s ]
INFO: [ app_init ] --END-- [ RunTime:0.001000s ]
ERR: 无法加载模块:Public

[ 2017-11-29T16:37:03+08:00 ] 127.0.0.1 /Public/mobile/images/icon-research.png
INFO: [ app_init ] --START--
INFO: Run Behavior\BuildLiteBehavior [ RunTime:0.000000s ]
INFO: [ app_init ] --END-- [ RunTime:0.001000s ]
ERR: 无法加载模块:Public

[ 2017-11-29T16:37:03+08:00 ] 127.0.0.1 /Public/mobile/js/maps/swiper.min.js.map
INFO: [ app_init ] --START--
INFO: Run Behavior\BuildLiteBehavior [ RunTime:0.000000s ]
INFO: [ app_init ] --END-- [ RunTime:0.001000s ]
ERR: 无法加载模块:Public

[ 2017-11-29T16:37:07+08:00 ] 127.0.0.1 /Public/mobile/images/icon-research.png
INFO: [ app_init ] --START--
INFO: Run Behavior\BuildLiteBehavior [ RunTime:0.000000s ]
INFO: [ app_init ] --END-- [ RunTime:0.000000s ]
ERR: 无法加载模块:Public

[ 2017-11-29T16:37:07+08:00 ] 127.0.0.1 /Public/mobile/js/maps/swiper.min.js.map
INFO: [ app_init ] --START--
INFO: Run Behavior\BuildLiteBehavior [ RunTime:0.000000s ]
INFO: [ app_init ] --END-- [ RunTime:0.000000s ]
ERR: 无法加载模块:Public

[ 2017-11-29T16:37:08+08:00 ] 127.0.0.1 /Public/mobile/images/icon-research.png
INFO: [ app_init ] --START--
INFO: Run Behavior\BuildLiteBehavior [ RunTime:0.000000s ]
INFO: [ app_init ] --END-- [ RunTime:0.000000s ]
ERR: 无法加载模块:Public

[ 2017-11-29T16:37:08+08:00 ] 127.0.0.1 /Public/mobile/js/maps/swiper.min.js.map
INFO: [ app_init ] --START--
INFO: Run Behavior\BuildLiteBehavior [ RunTime:0.000000s ]
INFO: [ app_init ] --END-- [ RunTime:0.001000s ]
ERR: 无法加载模块:Public

[ 2017-11-29T16:37:10+08:00 ] 127.0.0.1 /Public/mobile/images/icon-research.png
INFO: [ app_init ] --START--
INFO: Run Behavior\BuildLiteBehavior [ RunTime:0.000000s ]
INFO: [ app_init ] --END-- [ RunTime:0.000000s ]
ERR: 无法加载模块:Public

[ 2017-11-29T16:37:10+08:00 ] 127.0.0.1 /Public/mobile/js/maps/swiper.min.js.map
INFO: [ app_init ] --START--
INFO: Run Behavior\BuildLiteBehavior [ RunTime:0.000000s ]
INFO: [ app_init ] --END-- [ RunTime:0.000000s ]
ERR: 无法加载模块:Public

[ 2017-11-29T16:37:27+08:00 ] 127.0.0.1 /Public/mobile/js/maps/swiper.min.js.map
INFO: [ app_init ] --START--
INFO: Run Behavior\BuildLiteBehavior [ RunTime:0.000000s ]
INFO: [ app_init ] --END-- [ RunTime:0.000000s ]
ERR: 无法加载模块:Public

[ 2017-11-29T16:37:29+08:00 ] 127.0.0.1 /Public/mobile/js/maps/swiper.min.js.map
INFO: [ app_init ] --START--
INFO: Run Behavior\BuildLiteBehavior [ RunTime:0.000000s ]
INFO: [ app_init ] --END-- [ RunTime:0.000000s ]
ERR: 无法加载模块:Public

[ 2017-11-29T16:37:29+08:00 ] 127.0.0.1 /Public/mobile/js/maps/swiper.min.js.map
INFO: [ app_init ] --START--
INFO: Run Behavior\BuildLiteBehavior [ RunTime:0.000000s ]
INFO: [ app_init ] --END-- [ RunTime:0.000000s ]
ERR: 无法加载模块:Public

[ 2017-11-29T16:37:30+08:00 ] 127.0.0.1 /Public/mobile/js/maps/swiper.min.js.map
INFO: [ app_init ] --START--
INFO: Run Behavior\BuildLiteBehavior [ RunTime:0.000000s ]
INFO: [ app_init ] --END-- [ RunTime:0.001000s ]
ERR: 无法加载模块:Public

[ 2017-11-29T16:37:30+08:00 ] 127.0.0.1 /Public/mobile/js/maps/swiper.min.js.map
INFO: [ app_init ] --START--
INFO: Run Behavior\BuildLiteBehavior [ RunTime:0.000000s ]
INFO: [ app_init ] --END-- [ RunTime:0.000000s ]
ERR: 无法加载模块:Public

[ 2017-11-29T16:37:30+08:00 ] 127.0.0.1 /Public/mobile/js/maps/swiper.min.js.map
INFO: [ app_init ] --START--
INFO: Run Behavior\BuildLiteBehavior [ RunTime:0.000000s ]
INFO: [ app_init ] --END-- [ RunTime:0.001000s ]
ERR: 无法加载模块:Public

[ 2017-11-29T16:38:07+08:00 ] 127.0.0.1 /Public/mobile/js/maps/swiper.min.js.map
INFO: [ app_init ] --START--
INFO: Run Behavior\BuildLiteBehavior [ RunTime:0.000000s ]
INFO: [ app_init ] --END-- [ RunTime:0.001000s ]
ERR: 无法加载模块:Public

[ 2017-11-29T16:38:40+08:00 ] 127.0.0.1 /Public/mobile/js/maps/swiper.min.js.map
INFO: [ app_init ] --START--
INFO: Run Behavior\BuildLiteBehavior [ RunTime:0.000000s ]
INFO: [ app_init ] --END-- [ RunTime:0.000000s ]
ERR: 无法加载模块:Public

[ 2017-11-29T16:38:42+08:00 ] 127.0.0.1 /Public/mobile/js/maps/swiper.min.js.map
INFO: [ app_init ] --START--
INFO: Run Behavior\BuildLiteBehavior [ RunTime:0.000000s ]
INFO: [ app_init ] --END-- [ RunTime:0.000000s ]
ERR: 无法加载模块:Public

[ 2017-11-29T16:38:43+08:00 ] 127.0.0.1 /Public/mobile/js/maps/swiper.min.js.map
INFO: [ app_init ] --START--
INFO: Run Behavior\BuildLiteBehavior [ RunTime:0.000000s ]
INFO: [ app_init ] --END-- [ RunTime:0.001000s ]
ERR: 无法加载模块:Public

[ 2017-11-29T16:39:23+08:00 ] 127.0.0.1 /Public/mobile/js/maps/swiper.min.js.map
INFO: [ app_init ] --START--
INFO: Run Behavior\BuildLiteBehavior [ RunTime:0.000000s ]
INFO: [ app_init ] --END-- [ RunTime:0.000000s ]
ERR: 无法加载模块:Public

[ 2017-11-29T16:39:25+08:00 ] 127.0.0.1 /Public/mobile/js/maps/swiper.min.js.map
INFO: [ app_init ] --START--
INFO: Run Behavior\BuildLiteBehavior [ RunTime:0.000000s ]
INFO: [ app_init ] --END-- [ RunTime:0.001000s ]
ERR: 无法加载模块:Public

[ 2017-11-29T16:39:26+08:00 ] 127.0.0.1 /Public/mobile/js/maps/swiper.min.js.map
INFO: [ app_init ] --START--
INFO: Run Behavior\BuildLiteBehavior [ RunTime:0.000000s ]
INFO: [ app_init ] --END-- [ RunTime:0.001000s ]
ERR: 无法加载模块:Public

[ 2017-11-29T16:39:28+08:00 ] 127.0.0.1 /Public/mobile/js/maps/swiper.min.js.map
INFO: [ app_init ] --START--
INFO: Run Behavior\BuildLiteBehavior [ RunTime:0.000000s ]
INFO: [ app_init ] --END-- [ RunTime:0.001000s ]
ERR: 无法加载模块:Public

[ 2017-11-29T16:39:28+08:00 ] 127.0.0.1 /Public/mobile/js/maps/swiper.min.js.map
INFO: [ app_init ] --START--
INFO: Run Behavior\BuildLiteBehavior [ RunTime:0.000000s ]
INFO: [ app_init ] --END-- [ RunTime:0.001000s ]
ERR: 无法加载模块:Public

[ 2017-11-29T16:39:29+08:00 ] 127.0.0.1 /Public/mobile/js/angular.min.js.map
INFO: [ app_init ] --START--
INFO: Run Behavior\BuildLiteBehavior [ RunTime:0.000000s ]
INFO: [ app_init ] --END-- [ RunTime:0.001000s ]
ERR: 无法加载模块:Public

[ 2017-11-29T16:39:32+08:00 ] 127.0.0.1 /Public/mobile/js/maps/swiper.min.js.map
INFO: [ app_init ] --START--
INFO: Run Behavior\BuildLiteBehavior [ RunTime:0.000000s ]
INFO: [ app_init ] --END-- [ RunTime:0.001000s ]
ERR: 无法加载模块:Public

[ 2017-11-29T16:39:33+08:00 ] 127.0.0.1 /Public/mobile/js/maps/swiper.min.js.map
INFO: [ app_init ] --START--
INFO: Run Behavior\BuildLiteBehavior [ RunTime:0.000000s ]
INFO: [ app_init ] --END-- [ RunTime:0.000000s ]
ERR: 无法加载模块:Public

[ 2017-11-29T16:39:34+08:00 ] 127.0.0.1 /Public/mobile/js/maps/swiper.min.js.map
INFO: [ app_init ] --START--
INFO: Run Behavior\BuildLiteBehavior [ RunTime:0.000000s ]
INFO: [ app_init ] --END-- [ RunTime:0.000000s ]
ERR: 无法加载模块:Public

[ 2017-11-29T16:39:35+08:00 ] 127.0.0.1 /Public/mobile/js/maps/swiper.min.js.map
INFO: [ app_init ] --START--
INFO: Run Behavior\BuildLiteBehavior [ RunTime:0.000000s ]
INFO: [ app_init ] --END-- [ RunTime:0.001000s ]
ERR: 无法加载模块:Public

[ 2017-11-29T16:39:36+08:00 ] 127.0.0.1 /Public/mobile/js/maps/swiper.min.js.map
INFO: [ app_init ] --START--
INFO: Run Behavior\BuildLiteBehavior [ RunTime:0.000000s ]
INFO: [ app_init ] --END-- [ RunTime:0.000000s ]
ERR: 无法加载模块:Public

[ 2017-11-29T16:39:37+08:00 ] 127.0.0.1 /Public/mobile/js/maps/swiper.min.js.map
INFO: [ app_init ] --START--
INFO: Run Behavior\BuildLiteBehavior [ RunTime:0.000000s ]
INFO: [ app_init ] --END-- [ RunTime:0.000000s ]
ERR: 无法加载模块:Public

[ 2017-11-29T16:39:39+08:00 ] 127.0.0.1 /Public/mobile/js/maps/swiper.min.js.map
INFO: [ app_init ] --START--
INFO: Run Behavior\BuildLiteBehavior [ RunTime:0.000000s ]
INFO: [ app_init ] --END-- [ RunTime:0.001000s ]
ERR: 无法加载模块:Public

[ 2017-11-29T16:40:12+08:00 ] 127.0.0.1 /Public/mobile/js/maps/swiper.min.js.map
INFO: [ app_init ] --START--
INFO: Run Behavior\BuildLiteBehavior [ RunTime:0.000000s ]
INFO: [ app_init ] --END-- [ RunTime:0.000000s ]
ERR: 无法加载模块:Public

[ 2017-11-29T16:40:13+08:00 ] 127.0.0.1 /Public/mobile/js/maps/swiper.min.js.map
INFO: [ app_init ] --START--
INFO: Run Behavior\BuildLiteBehavior [ RunTime:0.000000s ]
INFO: [ app_init ] --END-- [ RunTime:0.001000s ]
ERR: 无法加载模块:Public

[ 2017-11-29T16:40:16+08:00 ] 127.0.0.1 /Public/mobile/js/maps/swiper.min.js.map
INFO: [ app_init ] --START--
INFO: Run Behavior\BuildLiteBehavior [ RunTime:0.000000s ]
INFO: [ app_init ] --END-- [ RunTime:0.000000s ]
ERR: 无法加载模块:Public

[ 2017-11-29T16:40:18+08:00 ] 127.0.0.1 /Public/mobile/js/maps/swiper.min.js.map
INFO: [ app_init ] --START--
INFO: Run Behavior\BuildLiteBehavior [ RunTime:0.000000s ]
INFO: [ app_init ] --END-- [ RunTime:0.000000s ]
ERR: 无法加载模块:Public

[ 2017-11-29T16:40:19+08:00 ] 127.0.0.1 /Public/mobile/js/maps/swiper.min.js.map
INFO: [ app_init ] --START--
INFO: Run Behavior\BuildLiteBehavior [ RunTime:0.000000s ]
INFO: [ app_init ] --END-- [ RunTime:0.001000s ]
ERR: 无法加载模块:Public

[ 2017-11-29T16:40:20+08:00 ] 127.0.0.1 /Public/mobile/js/maps/swiper.min.js.map
INFO: [ app_init ] --START--
INFO: Run Behavior\BuildLiteBehavior [ RunTime:0.000000s ]
INFO: [ app_init ] --END-- [ RunTime:0.001000s ]
ERR: 无法加载模块:Public

[ 2017-11-29T16:40:21+08:00 ] 127.0.0.1 /Public/mobile/js/maps/swiper.min.js.map
INFO: [ app_init ] --START--
INFO: Run Behavior\BuildLiteBehavior [ RunTime:0.000000s ]
INFO: [ app_init ] --END-- [ RunTime:0.000000s ]
ERR: 无法加载模块:Public

[ 2017-11-29T16:40:21+08:00 ] 127.0.0.1 /Public/mobile/js/maps/swiper.min.js.map
INFO: [ app_init ] --START--
INFO: Run Behavior\BuildLiteBehavior [ RunTime:0.000000s ]
INFO: [ app_init ] --END-- [ RunTime:0.001000s ]
ERR: 无法加载模块:Public

[ 2017-11-29T16:40:22+08:00 ] 127.0.0.1 /Public/mobile/js/maps/swiper.min.js.map
INFO: [ app_init ] --START--
INFO: Run Behavior\BuildLiteBehavior [ RunTime:0.000000s ]
INFO: [ app_init ] --END-- [ RunTime:0.000000s ]
ERR: 无法加载模块:Public

[ 2017-11-29T16:40:23+08:00 ] 127.0.0.1 /Public/mobile/js/maps/swiper.min.js.map
INFO: [ app_init ] --START--
INFO: Run Behavior\BuildLiteBehavior [ RunTime:0.000000s ]
INFO: [ app_init ] --END-- [ RunTime:0.001000s ]
ERR: 无法加载模块:Public

[ 2017-11-29T16:40:24+08:00 ] 127.0.0.1 /Public/mobile/js/maps/swiper.min.js.map
INFO: [ app_init ] --START--
INFO: Run Behavior\BuildLiteBehavior [ RunTime:0.000000s ]
INFO: [ app_init ] --END-- [ RunTime:0.001000s ]
ERR: 无法加载模块:Public

[ 2017-11-29T16:40:25+08:00 ] 127.0.0.1 /Public/mobile/js/maps/swiper.min.js.map
INFO: [ app_init ] --START--
INFO: Run Behavior\BuildLiteBehavior [ RunTime:0.000000s ]
INFO: [ app_init ] --END-- [ RunTime:0.001000s ]
ERR: 无法加载模块:Public

[ 2017-11-29T16:40:25+08:00 ] 127.0.0.1 /Public/mobile/js/maps/swiper.min.js.map
INFO: [ app_init ] --START--
INFO: Run Behavior\BuildLiteBehavior [ RunTime:0.000000s ]
INFO: [ app_init ] --END-- [ RunTime:0.000000s ]
ERR: 无法加载模块:Public

[ 2017-11-29T16:40:26+08:00 ] 127.0.0.1 /Public/mobile/js/maps/swiper.min.js.map
INFO: [ app_init ] --START--
INFO: Run Behavior\BuildLiteBehavior [ RunTime:0.000000s ]
INFO: [ app_init ] --END-- [ RunTime:0.000000s ]
ERR: 无法加载模块:Public

[ 2017-11-29T16:40:28+08:00 ] 127.0.0.1 /Public/mobile/js/angular.min.js.map
INFO: [ app_init ] --START--
INFO: Run Behavior\BuildLiteBehavior [ RunTime:0.000000s ]
INFO: [ app_init ] --END-- [ RunTime:0.001000s ]
ERR: 无法加载模块:Public

[ 2017-11-29T16:40:30+08:00 ] 127.0.0.1 /Public/mobile/js/maps/swiper.min.js.map
INFO: [ app_init ] --START--
INFO: Run Behavior\BuildLiteBehavior [ RunTime:0.000000s ]
INFO: [ app_init ] --END-- [ RunTime:0.000000s ]
ERR: 无法加载模块:Public

[ 2017-11-29T16:40:50+08:00 ] 127.0.0.1 /Public/mobile/js/angular.min.js.map
INFO: [ app_init ] --START--
INFO: Run Behavior\BuildLiteBehavior [ RunTime:0.000000s ]
INFO: [ app_init ] --END-- [ RunTime:0.001000s ]
ERR: 无法加载模块:Public

[ 2017-11-29T16:41:02+08:00 ] 127.0.0.1 /Public/mobile/js/angular.min.js.map
INFO: [ app_init ] --START--
INFO: Run Behavior\BuildLiteBehavior [ RunTime:0.000000s ]
INFO: [ app_init ] --END-- [ RunTime:0.001001s ]
ERR: 无法加载模块:Public

[ 2017-11-29T16:41:03+08:00 ] 127.0.0.1 /Public/mobile/js/maps/swiper.min.js.map
INFO: [ app_init ] --START--
INFO: Run Behavior\BuildLiteBehavior [ RunTime:0.000000s ]
INFO: [ app_init ] --END-- [ RunTime:0.001000s ]
ERR: 无法加载模块:Public

[ 2017-11-29T16:41:05+08:00 ] 127.0.0.1 /Public/mobile/js/maps/swiper.min.js.map
INFO: [ app_init ] --START--
INFO: Run Behavior\BuildLiteBehavior [ RunTime:0.000000s ]
INFO: [ app_init ] --END-- [ RunTime:0.000000s ]
ERR: 无法加载模块:Public

[ 2017-11-29T16:41:06+08:00 ] 127.0.0.1 /Public/mobile/js/maps/swiper.min.js.map
INFO: [ app_init ] --START--
INFO: Run Behavior\BuildLiteBehavior [ RunTime:0.000000s ]
INFO: [ app_init ] --END-- [ RunTime:0.001000s ]
ERR: 无法加载模块:Public

[ 2017-11-29T16:41:07+08:00 ] 127.0.0.1 /Public/mobile/js/maps/swiper.min.js.map
INFO: [ app_init ] --START--
INFO: Run Behavior\BuildLiteBehavior [ RunTime:0.000000s ]
INFO: [ app_init ] --END-- [ RunTime:0.000000s ]
ERR: 无法加载模块:Public

[ 2017-11-29T16:42:53+08:00 ] 127.0.0.1 /Public/mobile/js/maps/swiper.min.js.map
INFO: [ app_init ] --START--
INFO: Run Behavior\BuildLiteBehavior [ RunTime:0.000000s ]
INFO: [ app_init ] --END-- [ RunTime:0.001000s ]
ERR: 无法加载模块:Public

[ 2017-11-29T16:43:15+08:00 ] 127.0.0.1 /Public/mobile/js/maps/swiper.min.js.map
INFO: [ app_init ] --START--
INFO: Run Behavior\BuildLiteBehavior [ RunTime:0.000000s ]
INFO: [ app_init ] --END-- [ RunTime:0.001000s ]
ERR: 无法加载模块:Public

[ 2017-11-29T16:43:30+08:00 ] 127.0.0.1 /Public/mobile/js/maps/swiper.min.js.map
INFO: [ app_init ] --START--
INFO: Run Behavior\BuildLiteBehavior [ RunTime:0.000000s ]
INFO: [ app_init ] --END-- [ RunTime:0.001000s ]
ERR: 无法加载模块:Public

[ 2017-11-29T16:44:35+08:00 ] 127.0.0.1 /Public/images/cancel_s.png
INFO: [ app_init ] --START--
INFO: Run Behavior\BuildLiteBehavior [ RunTime:0.000000s ]
INFO: [ app_init ] --END-- [ RunTime:0.000000s ]
ERR: 无法加载模块:Public

[ 2017-11-29T16:44:37+08:00 ] 127.0.0.1 /Public/images/cancel_s.png
INFO: [ app_init ] --START--
INFO: Run Behavior\BuildLiteBehavior [ RunTime:0.000000s ]
INFO: [ app_init ] --END-- [ RunTime:0.001000s ]
ERR: 无法加载模块:Public

[ 2017-11-29T16:44:39+08:00 ] 127.0.0.1 /Public/images/cancel_s.png
INFO: [ app_init ] --START--
INFO: Run Behavior\BuildLiteBehavior [ RunTime:0.000000s ]
INFO: [ app_init ] --END-- [ RunTime:0.001000s ]
ERR: 无法加载模块:Public

[ 2017-11-29T16:44:54+08:00 ] 127.0.0.1 /Public/images/plus-white.png
INFO: [ app_init ] --START--
INFO: Run Behavior\BuildLiteBehavior [ RunTime:0.000000s ]
INFO: [ app_init ] --END-- [ RunTime:0.000000s ]
ERR: 无法加载模块:Public

[ 2017-11-29T16:44:55+08:00 ] 127.0.0.1 /Public/images/plus.png
INFO: [ app_init ] --START--
INFO: Run Behavior\BuildLiteBehavior [ RunTime:0.000000s ]
INFO: [ app_init ] --END-- [ RunTime:0.001000s ]
ERR: 无法加载模块:Public

[ 2017-11-29T16:44:55+08:00 ] 127.0.0.1 /Public/images/minus.png
INFO: [ app_init ] --START--
INFO: Run Behavior\BuildLiteBehavior [ RunTime:0.000000s ]
INFO: [ app_init ] --END-- [ RunTime:0.001000s ]
ERR: 无法加载模块:Public

[ 2017-11-29T16:44:56+08:00 ] 127.0.0.1 /Public/images/minus.png
INFO: [ app_init ] --START--
INFO: Run Behavior\BuildLiteBehavior [ RunTime:0.000000s ]
INFO: [ app_init ] --END-- [ RunTime:0.001000s ]
ERR: 无法加载模块:Public

[ 2017-11-29T16:55:24+08:00 ] 127.0.0.1 /Template/5u/pc/Static/js/maps/swiper.min.js.map
INFO: [ app_init ] --START--
INFO: Run Behavior\BuildLiteBehavior [ RunTime:0.000000s ]
INFO: [ app_init ] --END-- [ RunTime:0.000000s ]
ERR: 无法加载模块:Template

[ 2017-11-29T16:55:25+08:00 ] 127.0.0.1 /Uploads/task/1489027434_360%E6%88%AA%E5%9B%BE20170309104145117.png
INFO: [ app_init ] --START--
INFO: Run Behavior\BuildLiteBehavior [ RunTime:0.000000s ]
INFO: [ app_init ] --END-- [ RunTime:0.002000s ]
ERR: 无法加载模块:Uploads

[ 2017-11-29T16:55:30+08:00 ] 127.0.0.1 /Template/5u/pc/Static/js/maps/swiper.min.js.map
INFO: [ app_init ] --START--
INFO: Run Behavior\BuildLiteBehavior [ RunTime:0.000000s ]
INFO: [ app_init ] --END-- [ RunTime:0.001000s ]
ERR: 无法加载模块:Template

[ 2017-11-29T16:55:30+08:00 ] 127.0.0.1 /Uploads/task/1489027434_360%E6%88%AA%E5%9B%BE20170309104145117.png
INFO: [ app_init ] --START--
INFO: Run Behavior\BuildLiteBehavior [ RunTime:0.000000s ]
INFO: [ app_init ] --END-- [ RunTime:0.001000s ]
ERR: 无法加载模块:Uploads

[ 2017-11-29T16:57:35+08:00 ] 127.0.0.1 /Template/5u/pc/Static/js/maps/swiper.min.js.map
INFO: [ app_init ] --START--
INFO: Run Behavior\BuildLiteBehavior [ RunTime:0.000000s ]
INFO: [ app_init ] --END-- [ RunTime:0.000000s ]
ERR: 无法加载模块:Template

[ 2017-11-29T16:57:35+08:00 ] 127.0.0.1 /Template/5u/pc/Static/js/maps/swiper.min.js.map
INFO: [ app_init ] --START--
INFO: Run Behavior\BuildLiteBehavior [ RunTime:0.000000s ]
INFO: [ app_init ] --END-- [ RunTime:0.001000s ]
ERR: 无法加载模块:Template

[ 2017-11-29T16:57:35+08:00 ] 127.0.0.1 /Uploads/task/1489027434_360%E6%88%AA%E5%9B%BE20170309104145117.png
INFO: [ app_init ] --START--
INFO: Run Behavior\BuildLiteBehavior [ RunTime:0.000000s ]
INFO: [ app_init ] --END-- [ RunTime:0.001000s ]
ERR: 无法加载模块:Uploads

[ 2017-11-29T17:10:32+08:00 ] 127.0.0.1 /Public/mobile/js/maps/swiper.min.js.map
INFO: [ app_init ] --START--
INFO: Run Behavior\BuildLiteBehavior [ RunTime:0.000000s ]
INFO: [ app_init ] --END-- [ RunTime:0.001000s ]
ERR: 无法加载模块:Public

[ 2017-11-29T17:10:36+08:00 ] 127.0.0.1 /Public/mobile/js/maps/swiper.min.js.map
INFO: [ app_init ] --START--
INFO: Run Behavior\BuildLiteBehavior [ RunTime:0.000000s ]
INFO: [ app_init ] --END-- [ RunTime:0.000000s ]
ERR: 无法加载模块:Public

[ 2017-11-29T17:10:37+08:00 ] 127.0.0.1 /Public/mobile/js/maps/swiper.min.js.map
INFO: [ app_init ] --START--
INFO: Run Behavior\BuildLiteBehavior [ RunTime:0.000000s ]
INFO: [ app_init ] --END-- [ RunTime:0.000000s ]
ERR: 无法加载模块:Public

[ 2017-11-29T17:10:38+08:00 ] 127.0.0.1 /Public/mobile/js/maps/swiper.min.js.map
INFO: [ app_init ] --START--
INFO: Run Behavior\BuildLiteBehavior [ RunTime:0.000000s ]
INFO: [ app_init ] --END-- [ RunTime:0.001000s ]
ERR: 无法加载模块:Public

[ 2017-11-29T17:11:05+08:00 ] 127.0.0.1 /Public/mobile/js/maps/swiper.min.js.map
INFO: [ app_init ] --START--
INFO: Run Behavior\BuildLiteBehavior [ RunTime:0.000000s ]
INFO: [ app_init ] --END-- [ RunTime:0.002000s ]
ERR: 无法加载模块:Public

[ 2017-11-29T17:11:11+08:00 ] 127.0.0.1 /Public/mobile/js/maps/swiper.min.js.map
INFO: [ app_init ] --START--
INFO: Run Behavior\BuildLiteBehavior [ RunTime:0.000000s ]
INFO: [ app_init ] --END-- [ RunTime:0.000000s ]
ERR: 无法加载模块:Public

[ 2017-11-29T17:12:10+08:00 ] 127.0.0.1 /Public/mobile/js/maps/swiper.min.js.map
INFO: [ app_init ] --START--
INFO: Run Behavior\BuildLiteBehavior [ RunTime:0.000000s ]
INFO: [ app_init ] --END-- [ RunTime:0.000000s ]
ERR: 无法加载模块:Public

[ 2017-11-29T17:12:11+08:00 ] 127.0.0.1 /Public/mobile/js/maps/swiper.min.js.map
INFO: [ app_init ] --START--
INFO: Run Behavior\BuildLiteBehavior [ RunTime:0.000000s ]
INFO: [ app_init ] --END-- [ RunTime:0.000000s ]
ERR: 无法加载模块:Public

[ 2017-11-29T17:12:12+08:00 ] 127.0.0.1 /Public/mobile/js/maps/swiper.min.js.map
INFO: [ app_init ] --START--
INFO: Run Behavior\BuildLiteBehavior [ RunTime:0.000000s ]
INFO: [ app_init ] --END-- [ RunTime:0.000000s ]
ERR: 无法加载模块:Public

[ 2017-11-29T17:12:13+08:00 ] 127.0.0.1 /Public/mobile/js/maps/swiper.min.js.map
INFO: [ app_init ] --START--
INFO: Run Behavior\BuildLiteBehavior [ RunTime:0.000000s ]
INFO: [ app_init ] --END-- [ RunTime:0.001000s ]
ERR: 无法加载模块:Public

[ 2017-11-29T17:12:14+08:00 ] 127.0.0.1 /Public/mobile/js/maps/swiper.min.js.map
INFO: [ app_init ] --START--
INFO: Run Behavior\BuildLiteBehavior [ RunTime:0.000000s ]
INFO: [ app_init ] --END-- [ RunTime:0.000000s ]
ERR: 无法加载模块:Public

[ 2017-11-29T17:12:15+08:00 ] 127.0.0.1 /Public/mobile/js/maps/swiper.min.js.map
INFO: [ app_init ] --START--
INFO: Run Behavior\BuildLiteBehavior [ RunTime:0.000000s ]
INFO: [ app_init ] --END-- [ RunTime:0.001000s ]
ERR: 无法加载模块:Public

[ 2017-11-29T17:12:15+08:00 ] 127.0.0.1 /Public/mobile/js/maps/swiper.min.js.map
INFO: [ app_init ] --START--
INFO: Run Behavior\BuildLiteBehavior [ RunTime:0.000000s ]
INFO: [ app_init ] --END-- [ RunTime:0.001000s ]
ERR: 无法加载模块:Public

[ 2017-11-29T17:12:15+08:00 ] 127.0.0.1 /Public/mobile/js/maps/swiper.min.js.map
INFO: [ app_init ] --START--
INFO: Run Behavior\BuildLiteBehavior [ RunTime:0.000000s ]
INFO: [ app_init ] --END-- [ RunTime:0.001000s ]
ERR: 无法加载模块:Public

[ 2017-11-29T17:12:15+08:00 ] 127.0.0.1 /Public/mobile/js/maps/swiper.min.js.map
INFO: [ app_init ] --START--
INFO: Run Behavior\BuildLiteBehavior [ RunTime:0.000000s ]
INFO: [ app_init ] --END-- [ RunTime:0.001000s ]
ERR: 无法加载模块:Public

[ 2017-11-29T17:12:15+08:00 ] 127.0.0.1 /Public/mobile/js/maps/swiper.min.js.map
INFO: [ app_init ] --START--
INFO: Run Behavior\BuildLiteBehavior [ RunTime:0.000000s ]
INFO: [ app_init ] --END-- [ RunTime:0.000000s ]
ERR: 无法加载模块:Public

[ 2017-11-29T17:12:16+08:00 ] 127.0.0.1 /Public/mobile/js/maps/swiper.min.js.map
INFO: [ app_init ] --START--
INFO: Run Behavior\BuildLiteBehavior [ RunTime:0.000000s ]
INFO: [ app_init ] --END-- [ RunTime:0.001000s ]
ERR: 无法加载模块:Public

[ 2017-11-29T17:12:16+08:00 ] 127.0.0.1 /Public/mobile/js/maps/swiper.min.js.map
INFO: [ app_init ] --START--
INFO: Run Behavior\BuildLiteBehavior [ RunTime:0.000000s ]
INFO: [ app_init ] --END-- [ RunTime:0.001000s ]
ERR: 无法加载模块:Public

[ 2017-11-29T17:12:17+08:00 ] 127.0.0.1 /Public/mobile/js/angular.min.js.map
INFO: [ app_init ] --START--
INFO: Run Behavior\BuildLiteBehavior [ RunTime:0.000000s ]
INFO: [ app_init ] --END-- [ RunTime:0.000000s ]
ERR: 无法加载模块:Public

[ 2017-11-29T17:12:18+08:00 ] 127.0.0.1 /Public/mobile/js/maps/swiper.min.js.map
INFO: [ app_init ] --START--
INFO: Run Behavior\BuildLiteBehavior [ RunTime:0.000000s ]
INFO: [ app_init ] --END-- [ RunTime:0.000000s ]
ERR: 无法加载模块:Public

[ 2017-11-29T17:12:19+08:00 ] 127.0.0.1 /Public/mobile/js/maps/swiper.min.js.map
INFO: [ app_init ] --START--
INFO: Run Behavior\BuildLiteBehavior [ RunTime:0.000000s ]
INFO: [ app_init ] --END-- [ RunTime:0.001000s ]
ERR: 无法加载模块:Public

[ 2017-11-29T17:12:19+08:00 ] 127.0.0.1 /Public/mobile/js/maps/swiper.min.js.map
INFO: [ app_init ] --START--
INFO: Run Behavior\BuildLiteBehavior [ RunTime:0.000000s ]
INFO: [ app_init ] --END-- [ RunTime:0.001000s ]
ERR: 无法加载模块:Public

[ 2017-11-29T17:12:20+08:00 ] 127.0.0.1 /Public/mobile/js/maps/swiper.min.js.map
INFO: [ app_init ] --START--
INFO: Run Behavior\BuildLiteBehavior [ RunTime:0.000000s ]
INFO: [ app_init ] --END-- [ RunTime:0.001000s ]
ERR: 无法加载模块:Public

[ 2017-11-29T17:16:52+08:00 ] 127.0.0.1 /Public/mobile/js/maps/swiper.min.js.map
INFO: [ app_init ] --START--
INFO: Run Behavior\BuildLiteBehavior [ RunTime:0.000000s ]
INFO: [ app_init ] --END-- [ RunTime:0.001000s ]
ERR: 无法加载模块:Public

[ 2017-11-29T17:16:53+08:00 ] 127.0.0.1 /Public/mobile/js/maps/swiper.min.js.map
INFO: [ app_init ] --START--
INFO: Run Behavior\BuildLiteBehavior [ RunTime:0.001000s ]
INFO: [ app_init ] --END-- [ RunTime:0.001000s ]
ERR: 无法加载模块:Public

[ 2017-11-29T17:17:01+08:00 ] 127.0.0.1 /Public/mobile/js/maps/swiper.min.js.map
INFO: [ app_init ] --START--
INFO: Run Behavior\BuildLiteBehavior [ RunTime:0.000000s ]
INFO: [ app_init ] --END-- [ RunTime:0.000000s ]
ERR: 无法加载模块:Public

[ 2017-11-29T17:18:13+08:00 ] 127.0.0.1 /Template/5u/pc/Static/js/maps/swiper.min.js.map
INFO: [ app_init ] --START--
INFO: Run Behavior\BuildLiteBehavior [ RunTime:0.000000s ]
INFO: [ app_init ] --END-- [ RunTime:0.001000s ]
ERR: 无法加载模块:Template

[ 2017-11-29T17:22:46+08:00 ] 127.0.0.1 /Template/5u/pc/Static/js/maps/swiper.min.js.map
INFO: [ app_init ] --START--
INFO: Run Behavior\BuildLiteBehavior [ RunTime:0.000000s ]
INFO: [ app_init ] --END-- [ RunTime:0.001000s ]
ERR: 无法加载模块:Template

[ 2017-11-29T17:22:54+08:00 ] 127.0.0.1 /Template/5u/pc/Static/js/maps/swiper.min.js.map
INFO: [ app_init ] --START--
INFO: Run Behavior\BuildLiteBehavior [ RunTime:0.000000s ]
INFO: [ app_init ] --END-- [ RunTime:0.001000s ]
ERR: 无法加载模块:Template

[ 2017-11-29T17:24:13+08:00 ] 127.0.0.1 /Template/5u/pc/Static/js/maps/swiper.min.js.map
INFO: [ app_init ] --START--
INFO: Run Behavior\BuildLiteBehavior [ RunTime:0.000000s ]
INFO: [ app_init ] --END-- [ RunTime:0.000000s ]
ERR: 无法加载模块:Template

[ 2017-11-29T17:24:24+08:00 ] 127.0.0.1 /Template/5u/pc/Static/js/maps/swiper.min.js.map
INFO: [ app_init ] --START--
INFO: Run Behavior\BuildLiteBehavior [ RunTime:0.000000s ]
INFO: [ app_init ] --END-- [ RunTime:0.001000s ]
ERR: 无法加载模块:Template

[ 2017-11-29T17:24:26+08:00 ] 127.0.0.1 /Template/5u/pc/Static/js/maps/swiper.min.js.map
INFO: [ app_init ] --START--
INFO: Run Behavior\BuildLiteBehavior [ RunTime:0.000000s ]
INFO: [ app_init ] --END-- [ RunTime:0.001000s ]
ERR: 无法加载模块:Template

[ 2017-11-29T17:24:35+08:00 ] 127.0.0.1 /Template/5u/pc/Static/js/maps/swiper.min.js.map
INFO: [ app_init ] --START--
INFO: Run Behavior\BuildLiteBehavior [ RunTime:0.000000s ]
INFO: [ app_init ] --END-- [ RunTime:0.000000s ]
ERR: 无法加载模块:Template

[ 2017-11-29T17:25:22+08:00 ] 127.0.0.1 /Template/5u/pc/Static/js/maps/swiper.min.js.map
INFO: [ app_init ] --START--
INFO: Run Behavior\BuildLiteBehavior [ RunTime:0.000000s ]
INFO: [ app_init ] --END-- [ RunTime:0.000000s ]
ERR: 无法加载模块:Template

[ 2017-11-29T17:25:23+08:00 ] 127.0.0.1 /Uploads/task/1489027434_360%E6%88%AA%E5%9B%BE20170309104145117.png
INFO: [ app_init ] --START--
INFO: Run Behavior\BuildLiteBehavior [ RunTime:0.000000s ]
INFO: [ app_init ] --END-- [ RunTime:0.001000s ]
ERR: 无法加载模块:Uploads

[ 2017-11-29T17:25:23+08:00 ] 127.0.0.1 /Uploads/Admin/sciences/2017-01-18/1484731381_HIC%E7%A1%AC%E4%BB%B6%E4%BA%A7%E4%B8%9A%E4%BA%A4%E6%B5%814.jpg
INFO: [ app_init ] --START--
INFO: Run Behavior\BuildLiteBehavior [ RunTime:0.000000s ]
INFO: [ app_init ] --END-- [ RunTime:0.000000s ]
ERR: 无法加载模块:Uploads

[ 2017-11-29T17:25:23+08:00 ] 127.0.0.1 /Uploads/Admin/sciences/2017-01-23/1485135805_%E6%B4%BB%E5%8A%A8%E5%B0%81%E9%9D%A2.png
INFO: [ app_init ] --START--
INFO: Run Behavior\BuildLiteBehavior [ RunTime:0.000000s ]
INFO: [ app_init ] --END-- [ RunTime:0.001000s ]
ERR: 无法加载模块:Uploads

[ 2017-11-29T17:25:24+08:00 ] 127.0.0.1 /Template/5u/pc/Static/js/maps/swiper.min.js.map
INFO: [ app_init ] --START--
INFO: Run Behavior\BuildLiteBehavior [ RunTime:0.000000s ]
INFO: [ app_init ] --END-- [ RunTime:0.000000s ]
ERR: 无法加载模块:Template

[ 2017-11-29T17:25:25+08:00 ] 127.0.0.1 /Uploads/task/1489027434_360%E6%88%AA%E5%9B%BE20170309104145117.png
INFO: [ app_init ] --START--
INFO: Run Behavior\BuildLiteBehavior [ RunTime:0.000000s ]
INFO: [ app_init ] --END-- [ RunTime:0.001000s ]
ERR: 无法加载模块:Uploads

[ 2017-11-29T17:25:28+08:00 ] 127.0.0.1 /Template/5u/pc/Static/js/maps/swiper.min.js.map
INFO: [ app_init ] --START--
INFO: Run Behavior\BuildLiteBehavior [ RunTime:0.000000s ]
INFO: [ app_init ] --END-- [ RunTime:0.001000s ]
ERR: 无法加载模块:Template

[ 2017-11-29T17:27:03+08:00 ] 127.0.0.1 /Template/5u/pc/Static/js/maps/swiper.min.js.map
INFO: [ app_init ] --START--
INFO: Run Behavior\BuildLiteBehavior [ RunTime:0.000000s ]
INFO: [ app_init ] --END-- [ RunTime:0.001000s ]
ERR: 无法加载模块:Template

[ 2017-11-29T17:27:04+08:00 ] 127.0.0.1 /Uploads/task/1489027434_360%E6%88%AA%E5%9B%BE20170309104145117.png
INFO: [ app_init ] --START--
INFO: Run Behavior\BuildLiteBehavior [ RunTime:0.000000s ]
INFO: [ app_init ] --END-- [ RunTime:0.004000s ]
ERR: 无法加载模块:Uploads

[ 2017-11-29T17:27:06+08:00 ] 127.0.0.1 /Uploads/task/1494213489_%E5%BA%96%E4%B8%81%E6%8A%80%E6%9C%AF500%20%E6%8B%B7%E8%B4%9D.jpg
INFO: [ app_init ] --START--
INFO: Run Behavior\BuildLiteBehavior [ RunTime:0.001000s ]
INFO: [ app_init ] --END-- [ RunTime:0.001000s ]
ERR: 无法加载模块:Uploads

[ 2017-11-29T17:27:06+08:00 ] 127.0.0.1 /Uploads/task/1487316064_%E5%A4%9A%E6%95%88%E8%92%B8%E5%8F%91.jpg
INFO: [ app_init ] --START--
INFO: Run Behavior\BuildLiteBehavior [ RunTime:0.000000s ]
INFO: [ app_init ] --END-- [ RunTime:0.000000s ]
ERR: 无法加载模块:Uploads

[ 2017-11-29T17:27:09+08:00 ] 127.0.0.1 /Template/5u/pc/Static/js/maps/swiper.min.js.map
INFO: [ app_init ] --START--
INFO: Run Behavior\BuildLiteBehavior [ RunTime:0.000000s ]
INFO: [ app_init ] --END-- [ RunTime:0.001000s ]
ERR: 无法加载模块:Template

[ 2017-11-29T17:27:13+08:00 ] 127.0.0.1 /Template/5u/pc/Static/js/maps/swiper.min.js.map
INFO: [ app_init ] --START--
INFO: Run Behavior\BuildLiteBehavior [ RunTime:0.000000s ]
INFO: [ app_init ] --END-- [ RunTime:0.001000s ]
ERR: 无法加载模块:Template

[ 2017-11-29T17:27:14+08:00 ] 127.0.0.1 /Uploads/task/1489027434_360%E6%88%AA%E5%9B%BE20170309104145117.png
INFO: [ app_init ] --START--
INFO: Run Behavior\BuildLiteBehavior [ RunTime:0.000000s ]
INFO: [ app_init ] --END-- [ RunTime:0.001000s ]
ERR: 无法加载模块:Uploads

[ 2017-11-29T17:27:31+08:00 ] 127.0.0.1 /Uploads/task/1489027434_360%E6%88%AA%E5%9B%BE20170309104145117.png
INFO: [ app_init ] --START--
INFO: Run Behavior\BuildLiteBehavior [ RunTime:0.000000s ]
INFO: [ app_init ] --END-- [ RunTime:0.000000s ]
ERR: 无法加载模块:Uploads

[ 2017-11-29T17:27:54+08:00 ] 127.0.0.1 /Template/5u/pc/Static/js/maps/swiper.min.js.map
INFO: [ app_init ] --START--
INFO: Run Behavior\BuildLiteBehavior [ RunTime:0.000000s ]
INFO: [ app_init ] --END-- [ RunTime:0.001000s ]
ERR: 无法加载模块:Template

[ 2017-11-29T17:34:43+08:00 ] 127.0.0.1 /Template/5u/pc/Static/js/maps/swiper.min.js.map
INFO: [ app_init ] --START--
INFO: Run Behavior\BuildLiteBehavior [ RunTime:0.000000s ]
INFO: [ app_init ] --END-- [ RunTime:0.002000s ]
ERR: 无法加载模块:Template

[ 2017-11-29T17:35:15+08:00 ] 127.0.0.1 /Template/5u/pc/Static/js/maps/swiper.min.js.map
INFO: [ app_init ] --START--
INFO: Run Behavior\BuildLiteBehavior [ RunTime:0.000000s ]
INFO: [ app_init ] --END-- [ RunTime:0.001000s ]
ERR: 无法加载模块:Template

[ 2017-11-29T17:36:00+08:00 ] 127.0.0.1 /Public/mobile/js/maps/swiper.min.js.map
INFO: [ app_init ] --START--
INFO: Run Behavior\BuildLiteBehavior [ RunTime:0.000000s ]
INFO: [ app_init ] --END-- [ RunTime:0.002000s ]
ERR: 无法加载模块:Public

[ 2017-11-29T17:36:02+08:00 ] 127.0.0.1 /Public/mobile/js/maps/swiper.min.js.map
INFO: [ app_init ] --START--
INFO: Run Behavior\BuildLiteBehavior [ RunTime:0.000000s ]
INFO: [ app_init ] --END-- [ RunTime:0.001000s ]
ERR: 无法加载模块:Public

[ 2017-11-29T17:36:04+08:00 ] 127.0.0.1 /Public/mobile/js/maps/swiper.min.js.map
INFO: [ app_init ] --START--
INFO: Run Behavior\BuildLiteBehavior [ RunTime:0.000000s ]
INFO: [ app_init ] --END-- [ RunTime:0.001000s ]
ERR: 无法加载模块:Public

[ 2017-11-29T17:36:04+08:00 ] 127.0.0.1 /Public/mobile/js/maps/swiper.min.js.map
INFO: [ app_init ] --START--
INFO: Run Behavior\BuildLiteBehavior [ RunTime:0.000000s ]
INFO: [ app_init ] --END-- [ RunTime:0.000000s ]
ERR: 无法加载模块:Public

[ 2017-11-29T17:36:04+08:00 ] 127.0.0.1 /Public/mobile/js/maps/swiper.min.js.map
INFO: [ app_init ] --START--
INFO: Run Behavior\BuildLiteBehavior [ RunTime:0.000000s ]
INFO: [ app_init ] --END-- [ RunTime:0.000000s ]
ERR: 无法加载模块:Public

[ 2017-11-29T17:36:06+08:00 ] 127.0.0.1 /Public/mobile/js/maps/swiper.min.js.map
INFO: [ app_init ] --START--
INFO: Run Behavior\BuildLiteBehavior [ RunTime:0.000000s ]
INFO: [ app_init ] --END-- [ RunTime:0.001000s ]
ERR: 无法加载模块:Public

[ 2017-11-29T17:36:07+08:00 ] 127.0.0.1 /Public/mobile/js/angular.min.js.map
INFO: [ app_init ] --START--
INFO: Run Behavior\BuildLiteBehavior [ RunTime:0.000000s ]
INFO: [ app_init ] --END-- [ RunTime:0.001000s ]
ERR: 无法加载模块:Public

[ 2017-11-29T17:36:09+08:00 ] 127.0.0.1 /Public/mobile/js/maps/swiper.min.js.map
INFO: [ app_init ] --START--
INFO: Run Behavior\BuildLiteBehavior [ RunTime:0.000000s ]
INFO: [ app_init ] --END-- [ RunTime:0.001000s ]
ERR: 无法加载模块:Public

[ 2017-11-29T17:36:34+08:00 ] 127.0.0.1 /Public/mobile/js/maps/swiper.min.js.map
INFO: [ app_init ] --START--
INFO: Run Behavior\BuildLiteBehavior [ RunTime:0.000000s ]
INFO: [ app_init ] --END-- [ RunTime:0.015001s ]
ERR: 无法加载模块:Public

[ 2017-11-29T17:36:35+08:00 ] 127.0.0.1 /Public/mobile/js/maps/swiper.min.js.map
INFO: [ app_init ] --START--
INFO: Run Behavior\BuildLiteBehavior [ RunTime:0.000000s ]
INFO: [ app_init ] --END-- [ RunTime:0.001000s ]
ERR: 无法加载模块:Public

[ 2017-11-29T17:36:36+08:00 ] 127.0.0.1 /Public/mobile/js/angular.min.js.map
INFO: [ app_init ] --START--
INFO: Run Behavior\BuildLiteBehavior [ RunTime:0.000000s ]
INFO: [ app_init ] --END-- [ RunTime:0.000000s ]
ERR: 无法加载模块:Public

[ 2017-11-29T17:36:47+08:00 ] 127.0.0.1 /Public/mobile/js/angular.min.js.map
INFO: [ app_init ] --START--
INFO: Run Behavior\BuildLiteBehavior [ RunTime:0.000000s ]
INFO: [ app_init ] --END-- [ RunTime:0.001000s ]
ERR: 无法加载模块:Public

[ 2017-11-29T17:36:49+08:00 ] 127.0.0.1 /Public/mobile/js/maps/swiper.min.js.map
INFO: [ app_init ] --START--
INFO: Run Behavior\BuildLiteBehavior [ RunTime:0.000000s ]
INFO: [ app_init ] --END-- [ RunTime:0.000000s ]
ERR: 无法加载模块:Public

[ 2017-11-29T17:36:54+08:00 ] 127.0.0.1 /Template/5u/pc/Static/js/maps/swiper.min.js.map
INFO: [ app_init ] --START--
INFO: Run Behavior\BuildLiteBehavior [ RunTime:0.000000s ]
INFO: [ app_init ] --END-- [ RunTime:0.001000s ]
ERR: 无法加载模块:Template

[ 2017-11-29T17:37:27+08:00 ] 127.0.0.1 /Template/5u/pc/Static/js/maps/swiper.min.js.map
INFO: [ app_init ] --START--
INFO: Run Behavior\BuildLiteBehavior [ RunTime:0.000000s ]
INFO: [ app_init ] --END-- [ RunTime:0.002000s ]
ERR: 无法加载模块:Template

[ 2017-11-29T17:37:35+08:00 ] 127.0.0.1 /Template/5u/pc/Static/js/maps/swiper.min.js.map
INFO: [ app_init ] --START--
INFO: Run Behavior\BuildLiteBehavior [ RunTime:0.000000s ]
INFO: [ app_init ] --END-- [ RunTime:0.000000s ]
ERR: 无法加载模块:Template

[ 2017-11-29T17:38:03+08:00 ] 127.0.0.1 /Template/5u/pc/Static/js/maps/swiper.min.js.map
INFO: [ app_init ] --START--
INFO: Run Behavior\BuildLiteBehavior [ RunTime:0.000000s ]
INFO: [ app_init ] --END-- [ RunTime:0.001000s ]
ERR: 无法加载模块:Template

[ 2017-11-29T17:39:00+08:00 ] 127.0.0.1 /Public/mobile/js/maps/swiper.min.js.map
INFO: [ app_init ] --START--
INFO: Run Behavior\BuildLiteBehavior [ RunTime:0.000000s ]
INFO: [ app_init ] --END-- [ RunTime:0.001000s ]
ERR: 无法加载模块:Public

[ 2017-11-29T17:39:00+08:00 ] 127.0.0.1 /Public/mobile/js/angular.min.js.map
INFO: [ app_init ] --START--
INFO: Run Behavior\BuildLiteBehavior [ RunTime:0.000000s ]
INFO: [ app_init ] --END-- [ RunTime:0.001000s ]
ERR: 无法加载模块:Public

[ 2017-11-29T17:39:01+08:00 ] 127.0.0.1 /Public/mobile/js/maps/swiper.min.js.map
INFO: [ app_init ] --START--
INFO: Run Behavior\BuildLiteBehavior [ RunTime:0.000000s ]
INFO: [ app_init ] --END-- [ RunTime:0.000000s ]
ERR: 无法加载模块:Public

[ 2017-11-29T17:39:54+08:00 ] 127.0.0.1 /Public/mobile/js/maps/swiper.min.js.map
INFO: [ app_init ] --START--
INFO: Run Behavior\BuildLiteBehavior [ RunTime:0.000000s ]
INFO: [ app_init ] --END-- [ RunTime:0.001000s ]
ERR: 无法加载模块:Public

[ 2017-11-29T17:39:58+08:00 ] 127.0.0.1 /Public/mobile/js/maps/swiper.min.js.map
INFO: [ app_init ] --START--
INFO: Run Behavior\BuildLiteBehavior [ RunTime:0.000000s ]
INFO: [ app_init ] --END-- [ RunTime:0.001000s ]
ERR: 无法加载模块:Public

[ 2017-11-29T17:40:16+08:00 ] 127.0.0.1 /Public/mobile/js/maps/swiper.min.js.map
INFO: [ app_init ] --START--
INFO: Run Behavior\BuildLiteBehavior [ RunTime:0.000000s ]
INFO: [ app_init ] --END-- [ RunTime:0.000000s ]
ERR: 无法加载模块:Public

[ 2017-11-29T17:40:17+08:00 ] 127.0.0.1 /Public/mobile/js/maps/swiper.min.js.map
INFO: [ app_init ] --START--
INFO: Run Behavior\BuildLiteBehavior [ RunTime:0.000000s ]
INFO: [ app_init ] --END-- [ RunTime:0.001000s ]
ERR: 无法加载模块:Public

[ 2017-11-29T17:40:18+08:00 ] 127.0.0.1 /Public/mobile/images/demand-image.jpg
INFO: [ app_init ] --START--
INFO: Run Behavior\BuildLiteBehavior [ RunTime:0.000000s ]
INFO: [ app_init ] --END-- [ RunTime:0.000000s ]
ERR: 无法加载模块:Public

[ 2017-11-29T17:40:26+08:00 ] 127.0.0.1 /Public/mobile/images/demand-image.jpg
INFO: [ app_init ] --START--
INFO: Run Behavior\BuildLiteBehavior [ RunTime:0.000000s ]
INFO: [ app_init ] --END-- [ RunTime:0.001000s ]
ERR: 无法加载模块:Public

[ 2017-11-29T17:41:12+08:00 ] 127.0.0.1 /Public/mobile/js/maps/swiper.min.js.map
INFO: [ app_init ] --START--
INFO: Run Behavior\BuildLiteBehavior [ RunTime:0.000000s ]
INFO: [ app_init ] --END-- [ RunTime:0.001000s ]
ERR: 无法加载模块:Public

[ 2017-11-29T17:41:15+08:00 ] 127.0.0.1 /Public/mobile/js/maps/swiper.min.js.map
INFO: [ app_init ] --START--
INFO: Run Behavior\BuildLiteBehavior [ RunTime:0.000000s ]
INFO: [ app_init ] --END-- [ RunTime:0.000000s ]
ERR: 无法加载模块:Public

[ 2017-11-29T17:41:44+08:00 ] 127.0.0.1 /Public/mobile/js/maps/swiper.min.js.map
INFO: [ app_init ] --START--
INFO: Run Behavior\BuildLiteBehavior [ RunTime:0.000000s ]
INFO: [ app_init ] --END-- [ RunTime:0.001001s ]
ERR: 无法加载模块:Public

[ 2017-11-29T17:41:49+08:00 ] 127.0.0.1 /Public/mobile/js/maps/swiper.min.js.map
INFO: [ app_init ] --START--
INFO: Run Behavior\BuildLiteBehavior [ RunTime:0.000000s ]
INFO: [ app_init ] --END-- [ RunTime:0.000000s ]
ERR: 无法加载模块:Public

[ 2017-11-29T17:41:49+08:00 ] 127.0.0.1 /Public/mobile/js/angular.min.js.map
INFO: [ app_init ] --START--
INFO: Run Behavior\BuildLiteBehavior [ RunTime:0.000000s ]
INFO: [ app_init ] --END-- [ RunTime:0.001000s ]
ERR: 无法加载模块:Public

[ 2017-11-29T17:41:52+08:00 ] 127.0.0.1 /Public/mobile/js/maps/swiper.min.js.map
INFO: [ app_init ] --START--
INFO: Run Behavior\BuildLiteBehavior [ RunTime:0.000000s ]
INFO: [ app_init ] --END-- [ RunTime:0.002001s ]
ERR: 无法加载模块:Public

[ 2017-11-29T17:41:54+08:00 ] 127.0.0.1 /Public/mobile/js/maps/swiper.min.js.map
INFO: [ app_init ] --START--
INFO: Run Behavior\BuildLiteBehavior [ RunTime:0.000000s ]
INFO: [ app_init ] --END-- [ RunTime:0.000000s ]
ERR: 无法加载模块:Public

[ 2017-11-29T17:41:58+08:00 ] 127.0.0.1 /Public/mobile/js/maps/swiper.min.js.map
INFO: [ app_init ] --START--
INFO: Run Behavior\BuildLiteBehavior [ RunTime:0.000000s ]
INFO: [ app_init ] --END-- [ RunTime:0.000000s ]
ERR: 无法加载模块:Public

[ 2017-11-29T17:41:58+08:00 ] 127.0.0.1 /Public/mobile/js/angular.min.js.map
INFO: [ app_init ] --START--
INFO: Run Behavior\BuildLiteBehavior [ RunTime:0.000000s ]
INFO: [ app_init ] --END-- [ RunTime:0.001000s ]
ERR: 无法加载模块:Public

[ 2017-11-29T17:42:01+08:00 ] 127.0.0.1 /Public/mobile/js/maps/swiper.min.js.map
INFO: [ app_init ] --START--
INFO: Run Behavior\BuildLiteBehavior [ RunTime:0.000000s ]
INFO: [ app_init ] --END-- [ RunTime:0.001000s ]
ERR: 无法加载模块:Public

[ 2017-11-29T17:43:04+08:00 ] 127.0.0.1 /Public/mobile/js/maps/swiper.min.js.map
INFO: [ app_init ] --START--
INFO: Run Behavior\BuildLiteBehavior [ RunTime:0.000000s ]
INFO: [ app_init ] --END-- [ RunTime:0.001001s ]
ERR: 无法加载模块:Public

[ 2017-11-29T17:43:28+08:00 ] 127.0.0.1 /Public/mobile/js/maps/swiper.min.js.map
INFO: [ app_init ] --START--
INFO: Run Behavior\BuildLiteBehavior [ RunTime:0.000000s ]
INFO: [ app_init ] --END-- [ RunTime:0.001000s ]
ERR: 无法加载模块:Public

[ 2017-11-29T17:43:59+08:00 ] 127.0.0.1 /Public/mobile/js/maps/swiper.min.js.map
INFO: [ app_init ] --START--
INFO: Run Behavior\BuildLiteBehavior [ RunTime:0.000000s ]
INFO: [ app_init ] --END-- [ RunTime:0.001000s ]
ERR: 无法加载模块:Public

[ 2017-11-29T17:44:00+08:00 ] 127.0.0.1 /Public/mobile/js/maps/swiper.min.js.map
INFO: [ app_init ] --START--
INFO: Run Behavior\BuildLiteBehavior [ RunTime:0.000000s ]
INFO: [ app_init ] --END-- [ RunTime:0.000000s ]
ERR: 无法加载模块:Public

