[ 2017-11-03T11:43:35+08:00 ] 127.0.0.1 /Uploads/Admin/sciences/2017-01-18/1484731381_HIC%E7%A1%AC%E4%BB%B6%E4%BA%A7%E4%B8%9A%E4%BA%A4%E6%B5%814.jpg
INFO: [ app_init ] --START--
INFO: Run Behavior\BuildLiteBehavior [ RunTime:0.000000s ]
INFO: [ app_init ] --END-- [ RunTime:0.000000s ]
ERR: 无法加载模块:Uploads

[ 2017-11-03T11:43:35+08:00 ] 127.0.0.1 /Uploads/Admin/sciences/2017-01-23/1485135805_%E6%B4%BB%E5%8A%A8%E5%B0%81%E9%9D%A2.png
INFO: [ app_init ] --START--
INFO: Run Behavior\BuildLiteBehavior [ RunTime:0.000000s ]
INFO: [ app_init ] --END-- [ RunTime:0.001000s ]
ERR: 无法加载模块:Uploads

[ 2017-11-03T11:43:35+08:00 ] 127.0.0.1 /Uploads/task/1489027434_360%E6%88%AA%E5%9B%BE20170309104145117.png
INFO: [ app_init ] --START--
INFO: Run Behavior\BuildLiteBehavior [ RunTime:0.000000s ]
INFO: [ app_init ] --END-- [ RunTime:0.001000s ]
ERR: 无法加载模块:Uploads

[ 2017-11-03T11:45:32+08:00 ] 127.0.0.1 /Public/images/cancel_s.png
INFO: [ app_init ] --START--
INFO: Run Behavior\BuildLiteBehavior [ RunTime:0.000000s ]
INFO: [ app_init ] --END-- [ RunTime:0.001000s ]
ERR: 无法加载模块:Public

[ 2017-11-03T11:45:40+08:00 ] 127.0.0.1 /Public/images/plus-white.png
INFO: [ app_init ] --START--
INFO: Run Behavior\BuildLiteBehavior [ RunTime:0.000000s ]
INFO: [ app_init ] --END-- [ RunTime:0.000000s ]
ERR: 无法加载模块:Public

[ 2017-11-03T11:45:42+08:00 ] 127.0.0.1 /Public/images/plus.png
INFO: [ app_init ] --START--
INFO: Run Behavior\BuildLiteBehavior [ RunTime:0.000000s ]
INFO: [ app_init ] --END-- [ RunTime:0.001000s ]
ERR: 无法加载模块:Public

[ 2017-11-03T11:45:46+08:00 ] 127.0.0.1 /Public/images/minus.png
INFO: [ app_init ] --START--
INFO: Run Behavior\BuildLiteBehavior [ RunTime:0.000000s ]
INFO: [ app_init ] --END-- [ RunTime:0.001000s ]
ERR: 无法加载模块:Public

[ 2017-11-03T11:45:47+08:00 ] 127.0.0.1 /Public/images/minus.png
INFO: [ app_init ] --START--
INFO: Run Behavior\BuildLiteBehavior [ RunTime:0.000000s ]
INFO: [ app_init ] --END-- [ RunTime:0.000000s ]
ERR: 无法加载模块:Public

[ 2017-11-03T11:47:37+08:00 ] 127.0.0.1 /Public/plugins/channel-config-assets/js/jquery.min.map;
INFO: [ app_init ] --START--
INFO: Run Behavior\BuildLiteBehavior [ RunTime:0.000000s ]
INFO: [ app_init ] --END-- [ RunTime:0.001000s ]
ERR: 无法加载模块:Public

[ 2017-11-03T11:47:45+08:00 ] 127.0.0.1 /Public/js/form/images/table_guide.png
INFO: [ app_init ] --START--
INFO: Run Behavior\BuildLiteBehavior [ RunTime:0.000000s ]
INFO: [ app_init ] --END-- [ RunTime:0.001000s ]
ERR: 无法加载模块:Public

[ 2017-11-03T11:48:22+08:00 ] 127.0.0.1 /Public/js/form/images/table_guide.png
INFO: [ app_init ] --START--
INFO: Run Behavior\BuildLiteBehavior [ RunTime:0.000000s ]
INFO: [ app_init ] --END-- [ RunTime:0.001000s ]
ERR: 无法加载模块:Public

[ 2017-11-03T11:48:30+08:00 ] 127.0.0.1 /Public/images/plus-white.png
INFO: [ app_init ] --START--
INFO: Run Behavior\BuildLiteBehavior [ RunTime:0.000000s ]
INFO: [ app_init ] --END-- [ RunTime:0.001000s ]
ERR: 无法加载模块:Public

[ 2017-11-03T11:48:33+08:00 ] 127.0.0.1 /Public/images/plus.png
INFO: [ app_init ] --START--
INFO: Run Behavior\BuildLiteBehavior [ RunTime:0.000000s ]
INFO: [ app_init ] --END-- [ RunTime:0.001000s ]
ERR: 无法加载模块:Public

[ 2017-11-03T11:48:34+08:00 ] 127.0.0.1 /Public/images/minus.png
INFO: [ app_init ] --START--
INFO: Run Behavior\BuildLiteBehavior [ RunTime:0.000000s ]
INFO: [ app_init ] --END-- [ RunTime:0.001000s ]
ERR: 无法加载模块:Public

[ 2017-11-03T11:48:34+08:00 ] 127.0.0.1 /Public/images/minus.png
INFO: [ app_init ] --START--
INFO: Run Behavior\BuildLiteBehavior [ RunTime:0.000000s ]
INFO: [ app_init ] --END-- [ RunTime:0.000000s ]
ERR: 无法加载模块:Public

[ 2017-11-03T11:50:19+08:00 ] 127.0.0.1 /Uploads/Admin/sciences/2017-04-13/1492056777_%E5%9B%BE%E7%89%871.jpg
INFO: [ app_init ] --START--
INFO: Run Behavior\BuildLiteBehavior [ RunTime:0.000000s ]
INFO: [ app_init ] --END-- [ RunTime:0.000000s ]
ERR: 无法加载模块:Uploads

[ 2017-11-03T11:50:34+08:00 ] 127.0.0.1 /Uploads/task/1489027434_360%E6%88%AA%E5%9B%BE20170309104145117.png
INFO: [ app_init ] --START--
INFO: Run Behavior\BuildLiteBehavior [ RunTime:0.000000s ]
INFO: [ app_init ] --END-- [ RunTime:0.000000s ]
ERR: 无法加载模块:Uploads

[ 2017-11-03T11:51:01+08:00 ] 127.0.0.1 /Uploads/task/1489027434_360%E6%88%AA%E5%9B%BE20170309104145117.png
INFO: [ app_init ] --START--
INFO: Run Behavior\BuildLiteBehavior [ RunTime:0.000000s ]
INFO: [ app_init ] --END-- [ RunTime:0.001000s ]
ERR: 无法加载模块:Uploads

[ 2017-11-03T11:52:00+08:00 ] 127.0.0.1 /Uploads/Admin/sciences/2017-01-23/1485135805_%E6%B4%BB%E5%8A%A8%E5%B0%81%E9%9D%A2.png
INFO: [ app_init ] --START--
INFO: Run Behavior\BuildLiteBehavior [ RunTime:0.000000s ]
INFO: [ app_init ] --END-- [ RunTime:0.001000s ]
ERR: 无法加载模块:Uploads

[ 2017-11-03T11:52:00+08:00 ] 127.0.0.1 /Uploads/Admin/sciences/2017-01-18/1484731381_HIC%E7%A1%AC%E4%BB%B6%E4%BA%A7%E4%B8%9A%E4%BA%A4%E6%B5%814.jpg
INFO: [ app_init ] --START--
INFO: Run Behavior\BuildLiteBehavior [ RunTime:0.000000s ]
INFO: [ app_init ] --END-- [ RunTime:0.002000s ]
ERR: 无法加载模块:Uploads

[ 2017-11-03T11:52:00+08:00 ] 127.0.0.1 /Uploads/Admin/sciences/2017-01-18/1484731381_HIC%E7%A1%AC%E4%BB%B6%E4%BA%A7%E4%B8%9A%E4%BA%A4%E6%B5%814.jpg
INFO: [ app_init ] --START--
INFO: Run Behavior\BuildLiteBehavior [ RunTime:0.000000s ]
INFO: [ app_init ] --END-- [ RunTime:0.000000s ]
ERR: 无法加载模块:Uploads

[ 2017-11-03T11:52:00+08:00 ] 127.0.0.1 /Uploads/Admin/sciences/2017-01-23/1485135805_%E6%B4%BB%E5%8A%A8%E5%B0%81%E9%9D%A2.png
INFO: [ app_init ] --START--
INFO: Run Behavior\BuildLiteBehavior [ RunTime:0.000000s ]
INFO: [ app_init ] --END-- [ RunTime:0.000000s ]
ERR: 无法加载模块:Uploads

[ 2017-11-03T11:52:01+08:00 ] 127.0.0.1 /Uploads/task/1489027434_360%E6%88%AA%E5%9B%BE20170309104145117.png
INFO: [ app_init ] --START--
INFO: Run Behavior\BuildLiteBehavior [ RunTime:0.000000s ]
INFO: [ app_init ] --END-- [ RunTime:0.001000s ]
ERR: 无法加载模块:Uploads

[ 2017-11-03T14:12:59+08:00 ] 127.0.0.1 /Template/5u/pc/Static/js/maps/swiper.min.js.map
INFO: [ app_init ] --START--
INFO: Run Behavior\BuildLiteBehavior [ RunTime:0.000000s ]
INFO: [ app_init ] --END-- [ RunTime:0.000000s ]
ERR: 无法加载模块:Template

[ 2017-11-03T14:13:12+08:00 ] 127.0.0.1 /Template/5u/pc/Static/js/maps/swiper.min.js.map
INFO: [ app_init ] --START--
INFO: Run Behavior\BuildLiteBehavior [ RunTime:0.000000s ]
INFO: [ app_init ] --END-- [ RunTime:0.000000s ]
ERR: 无法加载模块:Template

[ 2017-11-03T14:15:41+08:00 ] 127.0.0.1 /Public/images/cancel_s.png
INFO: [ app_init ] --START--
INFO: Run Behavior\BuildLiteBehavior [ RunTime:0.000000s ]
INFO: [ app_init ] --END-- [ RunTime:0.001000s ]
ERR: 无法加载模块:Public

[ 2017-11-03T14:15:52+08:00 ] 127.0.0.1 /Public/images/plus-white.png
INFO: [ app_init ] --START--
INFO: Run Behavior\BuildLiteBehavior [ RunTime:0.000000s ]
INFO: [ app_init ] --END-- [ RunTime:0.001000s ]
ERR: 无法加载模块:Public

[ 2017-11-03T14:15:55+08:00 ] 127.0.0.1 /Public/images/plus.png
INFO: [ app_init ] --START--
INFO: Run Behavior\BuildLiteBehavior [ RunTime:0.000000s ]
INFO: [ app_init ] --END-- [ RunTime:0.000000s ]
ERR: 无法加载模块:Public

[ 2017-11-03T14:15:56+08:00 ] 127.0.0.1 /Public/images/minus.png
INFO: [ app_init ] --START--
INFO: Run Behavior\BuildLiteBehavior [ RunTime:0.000000s ]
INFO: [ app_init ] --END-- [ RunTime:0.001000s ]
ERR: 无法加载模块:Public

[ 2017-11-03T14:15:57+08:00 ] 127.0.0.1 /Public/images/minus.png
INFO: [ app_init ] --START--
INFO: Run Behavior\BuildLiteBehavior [ RunTime:0.000000s ]
INFO: [ app_init ] --END-- [ RunTime:0.001000s ]
ERR: 无法加载模块:Public

[ 2017-11-03T15:10:50+08:00 ] 127.0.0.1 /Uploads/Admin/topic/2017-02-08/1486524240_%E7%BD%91%E7%AB%99%E4%B8%93%E9%A2%98%E5%B0%81%E9%9D%A2.png
INFO: [ app_init ] --START--
INFO: Run Behavior\BuildLiteBehavior [ RunTime:0.000000s ]
INFO: [ app_init ] --END-- [ RunTime:0.001000s ]
ERR: 无法加载模块:Uploads

[ 2017-11-03T15:11:09+08:00 ] 127.0.0.1 /favicon.ico
INFO: [ app_init ] --START--
INFO: Run Behavior\BuildLiteBehavior [ RunTime:0.000000s ]
INFO: [ app_init ] --END-- [ RunTime:0.000000s ]
ERR: 无法加载模块:Favicon

[ 2017-11-03T15:11:13+08:00 ] 127.0.0.1 /Uploads/Admin/sciences/2017-01-18/1484731381_HIC%E7%A1%AC%E4%BB%B6%E4%BA%A7%E4%B8%9A%E4%BA%A4%E6%B5%814.jpg
INFO: [ app_init ] --START--
INFO: Run Behavior\BuildLiteBehavior [ RunTime:0.000000s ]
INFO: [ app_init ] --END-- [ RunTime:0.001000s ]
ERR: 无法加载模块:Uploads

[ 2017-11-03T15:11:13+08:00 ] 127.0.0.1 /Uploads/Admin/sciences/2017-01-23/1485135805_%E6%B4%BB%E5%8A%A8%E5%B0%81%E9%9D%A2.png
INFO: [ app_init ] --START--
INFO: Run Behavior\BuildLiteBehavior [ RunTime:0.000000s ]
INFO: [ app_init ] --END-- [ RunTime:0.001000s ]
ERR: 无法加载模块:Uploads

[ 2017-11-03T15:11:13+08:00 ] 127.0.0.1 /Uploads/task/1489027434_360%E6%88%AA%E5%9B%BE20170309104145117.png
INFO: [ app_init ] --START--
INFO: Run Behavior\BuildLiteBehavior [ RunTime:0.000000s ]
INFO: [ app_init ] --END-- [ RunTime:0.001001s ]
ERR: 无法加载模块:Uploads

[ 2017-11-03T15:11:20+08:00 ] 127.0.0.1 /Uploads/Admin/sciences/2017-01-23/1485135805_%E6%B4%BB%E5%8A%A8%E5%B0%81%E9%9D%A2.png
INFO: [ app_init ] --START--
INFO: Run Behavior\BuildLiteBehavior [ RunTime:0.000000s ]
INFO: [ app_init ] --END-- [ RunTime:0.001000s ]
ERR: 无法加载模块:Uploads

[ 2017-11-03T15:11:20+08:00 ] 127.0.0.1 /Uploads/Admin/sciences/2017-01-18/1484731381_HIC%E7%A1%AC%E4%BB%B6%E4%BA%A7%E4%B8%9A%E4%BA%A4%E6%B5%814.jpg
INFO: [ app_init ] --START--
INFO: Run Behavior\BuildLiteBehavior [ RunTime:0.000000s ]
INFO: [ app_init ] --END-- [ RunTime:0.001000s ]
ERR: 无法加载模块:Uploads

[ 2017-11-03T15:11:20+08:00 ] 127.0.0.1 /Uploads/Admin/sciences/2017-01-23/1485135805_%E6%B4%BB%E5%8A%A8%E5%B0%81%E9%9D%A2.png
INFO: [ app_init ] --START--
INFO: Run Behavior\BuildLiteBehavior [ RunTime:0.000000s ]
INFO: [ app_init ] --END-- [ RunTime:0.001000s ]
ERR: 无法加载模块:Uploads

[ 2017-11-03T15:11:20+08:00 ] 127.0.0.1 /Uploads/Admin/sciences/2017-01-18/1484731381_HIC%E7%A1%AC%E4%BB%B6%E4%BA%A7%E4%B8%9A%E4%BA%A4%E6%B5%814.jpg
INFO: [ app_init ] --START--
INFO: Run Behavior\BuildLiteBehavior [ RunTime:0.000000s ]
INFO: [ app_init ] --END-- [ RunTime:0.000000s ]
ERR: 无法加载模块:Uploads

[ 2017-11-03T15:11:21+08:00 ] 127.0.0.1 /Uploads/task/1489027434_360%E6%88%AA%E5%9B%BE20170309104145117.png
INFO: [ app_init ] --START--
INFO: Run Behavior\BuildLiteBehavior [ RunTime:0.000000s ]
INFO: [ app_init ] --END-- [ RunTime:0.000000s ]
ERR: 无法加载模块:Uploads

[ 2017-11-03T15:11:26+08:00 ] 127.0.0.1 /Uploads/Admin/topic/2017-02-08/1486524240_%E7%BD%91%E7%AB%99%E4%B8%93%E9%A2%98%E5%B0%81%E9%9D%A2.png
INFO: [ app_init ] --START--
INFO: Run Behavior\BuildLiteBehavior [ RunTime:0.000000s ]
INFO: [ app_init ] --END-- [ RunTime:0.000000s ]
ERR: 无法加载模块:Uploads

[ 2017-11-03T15:12:13+08:00 ] 127.0.0.1 /Uploads/task/1489027434_360%E6%88%AA%E5%9B%BE20170309104145117.png
INFO: [ app_init ] --START--
INFO: Run Behavior\BuildLiteBehavior [ RunTime:0.000000s ]
INFO: [ app_init ] --END-- [ RunTime:0.002000s ]
ERR: 无法加载模块:Uploads

[ 2017-11-03T15:12:14+08:00 ] 127.0.0.1 /Uploads/Admin/sciences/2017-01-18/1484731381_HIC%E7%A1%AC%E4%BB%B6%E4%BA%A7%E4%B8%9A%E4%BA%A4%E6%B5%814.jpg
INFO: [ app_init ] --START--
INFO: Run Behavior\BuildLiteBehavior [ RunTime:0.000000s ]
INFO: [ app_init ] --END-- [ RunTime:0.001000s ]
ERR: 无法加载模块:Uploads

[ 2017-11-03T15:12:14+08:00 ] 127.0.0.1 /Uploads/Admin/sciences/2017-01-23/1485135805_%E6%B4%BB%E5%8A%A8%E5%B0%81%E9%9D%A2.png
INFO: [ app_init ] --START--
INFO: Run Behavior\BuildLiteBehavior [ RunTime:0.000000s ]
INFO: [ app_init ] --END-- [ RunTime:0.000000s ]
ERR: 无法加载模块:Uploads

[ 2017-11-03T15:12:16+08:00 ] 127.0.0.1 /Uploads/Admin/sciences/2017-01-18/1484731381_HIC%E7%A1%AC%E4%BB%B6%E4%BA%A7%E4%B8%9A%E4%BA%A4%E6%B5%814.jpg
INFO: [ app_init ] --START--
INFO: Run Behavior\BuildLiteBehavior [ RunTime:0.001000s ]
INFO: [ app_init ] --END-- [ RunTime:0.001000s ]
ERR: 无法加载模块:Uploads

[ 2017-11-03T15:12:16+08:00 ] 127.0.0.1 /Uploads/Admin/sciences/2017-01-23/1485135805_%E6%B4%BB%E5%8A%A8%E5%B0%81%E9%9D%A2.png
INFO: [ app_init ] --START--
INFO: Run Behavior\BuildLiteBehavior [ RunTime:0.000000s ]
INFO: [ app_init ] --END-- [ RunTime:0.000000s ]
ERR: 无法加载模块:Uploads

[ 2017-11-03T15:12:17+08:00 ] 127.0.0.1 /Uploads/task/1489027434_360%E6%88%AA%E5%9B%BE20170309104145117.png
INFO: [ app_init ] --START--
INFO: Run Behavior\BuildLiteBehavior [ RunTime:0.000000s ]
INFO: [ app_init ] --END-- [ RunTime:0.001000s ]
ERR: 无法加载模块:Uploads

[ 2017-11-03T15:12:21+08:00 ] 127.0.0.1 /Uploads/task/1489027434_360%E6%88%AA%E5%9B%BE20170309104145117.png
INFO: [ app_init ] --START--
INFO: Run Behavior\BuildLiteBehavior [ RunTime:0.000000s ]
INFO: [ app_init ] --END-- [ RunTime:0.000000s ]
ERR: 无法加载模块:Uploads

[ 2017-11-03T15:12:23+08:00 ] 127.0.0.1 /Uploads/Admin/sciences/2017-01-23/1485135805_%E6%B4%BB%E5%8A%A8%E5%B0%81%E9%9D%A2.png
INFO: [ app_init ] --START--
INFO: Run Behavior\BuildLiteBehavior [ RunTime:0.000000s ]
INFO: [ app_init ] --END-- [ RunTime:0.000000s ]
ERR: 无法加载模块:Uploads

[ 2017-11-03T15:12:23+08:00 ] 127.0.0.1 /Uploads/Admin/sciences/2017-01-18/1484731381_HIC%E7%A1%AC%E4%BB%B6%E4%BA%A7%E4%B8%9A%E4%BA%A4%E6%B5%814.jpg
INFO: [ app_init ] --START--
INFO: Run Behavior\BuildLiteBehavior [ RunTime:0.000000s ]
INFO: [ app_init ] --END-- [ RunTime:0.000000s ]
ERR: 无法加载模块:Uploads

[ 2017-11-03T15:13:04+08:00 ] 127.0.0.1 /Uploads/Admin/sciences/2017-01-18/1484731381_HIC%E7%A1%AC%E4%BB%B6%E4%BA%A7%E4%B8%9A%E4%BA%A4%E6%B5%814.jpg
INFO: [ app_init ] --START--
INFO: Run Behavior\BuildLiteBehavior [ RunTime:0.000000s ]
INFO: [ app_init ] --END-- [ RunTime:0.001000s ]
ERR: 无法加载模块:Uploads

[ 2017-11-03T15:13:04+08:00 ] 127.0.0.1 /Uploads/Admin/sciences/2017-01-23/1485135805_%E6%B4%BB%E5%8A%A8%E5%B0%81%E9%9D%A2.png
INFO: [ app_init ] --START--
INFO: Run Behavior\BuildLiteBehavior [ RunTime:0.000000s ]
INFO: [ app_init ] --END-- [ RunTime:0.001000s ]
ERR: 无法加载模块:Uploads

[ 2017-11-03T15:13:04+08:00 ] 127.0.0.1 /Uploads/task/1489027434_360%E6%88%AA%E5%9B%BE20170309104145117.png
INFO: [ app_init ] --START--
INFO: Run Behavior\BuildLiteBehavior [ RunTime:0.000000s ]
INFO: [ app_init ] --END-- [ RunTime:0.001000s ]
ERR: 无法加载模块:Uploads

[ 2017-11-03T15:13:44+08:00 ] 127.0.0.1 /Uploads/task/1489027434_360%E6%88%AA%E5%9B%BE20170309104145117.png
INFO: [ app_init ] --START--
INFO: Run Behavior\BuildLiteBehavior [ RunTime:0.000000s ]
INFO: [ app_init ] --END-- [ RunTime:0.001000s ]
ERR: 无法加载模块:Uploads

[ 2017-11-03T15:13:44+08:00 ] 127.0.0.1 /Uploads/Admin/sciences/2017-01-23/1485135805_%E6%B4%BB%E5%8A%A8%E5%B0%81%E9%9D%A2.png
INFO: [ app_init ] --START--
INFO: Run Behavior\BuildLiteBehavior [ RunTime:0.000000s ]
INFO: [ app_init ] --END-- [ RunTime:0.001000s ]
ERR: 无法加载模块:Uploads

[ 2017-11-03T15:13:44+08:00 ] 127.0.0.1 /Uploads/Admin/sciences/2017-01-18/1484731381_HIC%E7%A1%AC%E4%BB%B6%E4%BA%A7%E4%B8%9A%E4%BA%A4%E6%B5%814.jpg
INFO: [ app_init ] --START--
INFO: Run Behavior\BuildLiteBehavior [ RunTime:0.000000s ]
INFO: [ app_init ] --END-- [ RunTime:0.001000s ]
ERR: 无法加载模块:Uploads

[ 2017-11-03T15:13:56+08:00 ] 127.0.0.1 /Uploads/Admin/sciences/2017-01-18/1484731381_HIC%E7%A1%AC%E4%BB%B6%E4%BA%A7%E4%B8%9A%E4%BA%A4%E6%B5%814.jpg
INFO: [ app_init ] --START--
INFO: Run Behavior\BuildLiteBehavior [ RunTime:0.000000s ]
INFO: [ app_init ] --END-- [ RunTime:0.000000s ]
ERR: 无法加载模块:Uploads

[ 2017-11-03T15:13:56+08:00 ] 127.0.0.1 /Uploads/Admin/sciences/2017-01-23/1485135805_%E6%B4%BB%E5%8A%A8%E5%B0%81%E9%9D%A2.png
INFO: [ app_init ] --START--
INFO: Run Behavior\BuildLiteBehavior [ RunTime:0.000000s ]
INFO: [ app_init ] --END-- [ RunTime:0.001000s ]
ERR: 无法加载模块:Uploads

[ 2017-11-03T15:13:56+08:00 ] 127.0.0.1 /Uploads/task/1489027434_360%E6%88%AA%E5%9B%BE20170309104145117.png
INFO: [ app_init ] --START--
INFO: Run Behavior\BuildLiteBehavior [ RunTime:0.000000s ]
INFO: [ app_init ] --END-- [ RunTime:0.001000s ]
ERR: 无法加载模块:Uploads

