[ 2017-12-13T11:57:58+08:00 ] 127.0.0.1 /api.php/ChannelIndex/index/action/dataList/channel/xq/type/1
INFO: [ app_init ] --START--
INFO: Run Behavior\BuildLiteBehavior [ RunTime:0.000000s ]
INFO: [ app_init ] --END-- [ RunTime:0.001000s ]
INFO: [ app_begin ] --START--
INFO: Run Behavior\ReadHtmlCacheBehavior [ RunTime:0.000000s ]
INFO: [ app_begin ] --END-- [ RunTime:0.000000s ]
INFO: [ action_begin ] --START--
INFO: Run Home\Behaviors\siteBehavior [ RunTime:0.000000s ]
INFO: [ action_begin ] --END-- [ RunTime:0.000000s ]
INFO: [ action_begin ] --START--
INFO: Run Home\Behaviors\siteBehavior [ RunTime:0.000000s ]
INFO: [ action_begin ] --END-- [ RunTime:-0.021001s ]
NOTIC: [8] Undefined index: category_id D:\xampp\htdocs\paoding_new\Application\Api\Logic\ChannelLogic.class.php 第 16 行.
NOTIC: [8] Undefined index: user_id D:\xampp\htdocs\paoding_new\Application\Api\Logic\ChannelLogic.class.php 第 19 行.
NOTIC: [8] Undefined index: city D:\xampp\htdocs\paoding_new\Application\Api\Logic\ChannelLogic.class.php 第 22 行.
NOTIC: [8] Undefined index: tag_id D:\xampp\htdocs\paoding_new\Application\Api\Logic\ChannelLogic.class.php 第 25 行.
NOTIC: [8] Undefined index: search D:\xampp\htdocs\paoding_new\Application\Api\Logic\ChannelLogic.class.php 第 39 行.
NOTIC: [8] Undefined index: page D:\xampp\htdocs\paoding_new\Application\Api\Logic\ChannelLogic.class.php 第 52 行.
NOTIC: [8] Undefined index: order_field D:\xampp\htdocs\paoding_new\Application\Api\Logic\ChannelLogic.class.php 第 56 行.
NOTIC: [8] Undefined index: data_by D:\xampp\htdocs\paoding_new\Application\Api\Logic\ChannelLogic.class.php 第 59 行.
NOTIC: [8] Undefined variable: page D:\xampp\htdocs\paoding_new\Application\Api\Logic\ChannelLogic.class.php 第 80 行.
NOTIC: [8] Undefined variable: page_num D:\xampp\htdocs\paoding_new\Application\Api\Logic\ChannelLogic.class.php 第 80 行.
NOTIC: [8] Undefined variable: orderBy D:\xampp\htdocs\paoding_new\Application\Api\Logic\ChannelLogic.class.php 第 81 行.
NOTIC: [8] Undefined index: limit D:\xampp\htdocs\paoding_new\ThinkPHP\Library\Think\Db\Driver.class.php 第 950 行.
NOTIC: [8] Undefined index: get_page D:\xampp\htdocs\paoding_new\Application\Api\Logic\ChannelLogic.class.php 第 94 行.

[ 2017-12-13T11:58:04+08:00 ] 127.0.0.1 /api.php/ChannelIndex/index/action/dataList/channel/xq/type/1
INFO: [ app_init ] --START--
INFO: Run Behavior\BuildLiteBehavior [ RunTime:0.000000s ]
INFO: [ app_init ] --END-- [ RunTime:0.001000s ]
INFO: [ app_begin ] --START--
INFO: Run Behavior\ReadHtmlCacheBehavior [ RunTime:0.000000s ]
INFO: [ app_begin ] --END-- [ RunTime:0.002000s ]
INFO: [ action_begin ] --START--
INFO: Run Home\Behaviors\siteBehavior [ RunTime:0.001000s ]
INFO: [ action_begin ] --END-- [ RunTime:0.001000s ]
INFO: [ action_begin ] --START--
INFO: Run Home\Behaviors\siteBehavior [ RunTime:0.000000s ]
INFO: [ action_begin ] --END-- [ RunTime:-0.031001s ]
NOTIC: [8] Undefined index: category_id D:\xampp\htdocs\paoding_new\Application\Api\Logic\ChannelLogic.class.php 第 16 行.
NOTIC: [8] Undefined index: user_id D:\xampp\htdocs\paoding_new\Application\Api\Logic\ChannelLogic.class.php 第 19 行.
NOTIC: [8] Undefined index: city D:\xampp\htdocs\paoding_new\Application\Api\Logic\ChannelLogic.class.php 第 22 行.
NOTIC: [8] Undefined index: tag_id D:\xampp\htdocs\paoding_new\Application\Api\Logic\ChannelLogic.class.php 第 25 行.
NOTIC: [8] Undefined index: search D:\xampp\htdocs\paoding_new\Application\Api\Logic\ChannelLogic.class.php 第 39 行.
NOTIC: [8] Undefined index: page D:\xampp\htdocs\paoding_new\Application\Api\Logic\ChannelLogic.class.php 第 52 行.
NOTIC: [8] Undefined index: order_field D:\xampp\htdocs\paoding_new\Application\Api\Logic\ChannelLogic.class.php 第 56 行.
NOTIC: [8] Undefined index: data_by D:\xampp\htdocs\paoding_new\Application\Api\Logic\ChannelLogic.class.php 第 59 行.
NOTIC: [8] Undefined variable: page D:\xampp\htdocs\paoding_new\Application\Api\Logic\ChannelLogic.class.php 第 80 行.
NOTIC: [8] Undefined variable: page_num D:\xampp\htdocs\paoding_new\Application\Api\Logic\ChannelLogic.class.php 第 80 行.
NOTIC: [8] Undefined variable: orderBy D:\xampp\htdocs\paoding_new\Application\Api\Logic\ChannelLogic.class.php 第 81 行.
NOTIC: [8] Undefined index: limit D:\xampp\htdocs\paoding_new\ThinkPHP\Library\Think\Db\Driver.class.php 第 950 行.
NOTIC: [8] Undefined index: get_page D:\xampp\htdocs\paoding_new\Application\Api\Logic\ChannelLogic.class.php 第 94 行.

[ 2017-12-13T11:58:09+08:00 ] 127.0.0.1 /api.php/ChannelIndex/index/action/dataList/channel/js/type/1
INFO: [ app_init ] --START--
INFO: Run Behavior\BuildLiteBehavior [ RunTime:0.000000s ]
INFO: [ app_init ] --END-- [ RunTime:0.000000s ]
INFO: [ app_begin ] --START--
INFO: Run Behavior\ReadHtmlCacheBehavior [ RunTime:0.001000s ]
INFO: [ app_begin ] --END-- [ RunTime:0.001000s ]
INFO: [ action_begin ] --START--
INFO: Run Home\Behaviors\siteBehavior [ RunTime:0.002000s ]
INFO: [ action_begin ] --END-- [ RunTime:0.002000s ]
INFO: [ action_begin ] --START--
INFO: Run Home\Behaviors\siteBehavior [ RunTime:0.000000s ]
INFO: [ action_begin ] --END-- [ RunTime:-0.032002s ]
NOTIC: [8] Undefined index: category_id D:\xampp\htdocs\paoding_new\Application\Api\Logic\ChannelLogic.class.php 第 16 行.
NOTIC: [8] Undefined index: user_id D:\xampp\htdocs\paoding_new\Application\Api\Logic\ChannelLogic.class.php 第 19 行.
NOTIC: [8] Undefined index: city D:\xampp\htdocs\paoding_new\Application\Api\Logic\ChannelLogic.class.php 第 22 行.
NOTIC: [8] Undefined index: tag_id D:\xampp\htdocs\paoding_new\Application\Api\Logic\ChannelLogic.class.php 第 25 行.
NOTIC: [8] Undefined index: search D:\xampp\htdocs\paoding_new\Application\Api\Logic\ChannelLogic.class.php 第 39 行.
NOTIC: [8] Undefined index: page D:\xampp\htdocs\paoding_new\Application\Api\Logic\ChannelLogic.class.php 第 52 行.
NOTIC: [8] Undefined index: order_field D:\xampp\htdocs\paoding_new\Application\Api\Logic\ChannelLogic.class.php 第 56 行.
NOTIC: [8] Undefined index: data_by D:\xampp\htdocs\paoding_new\Application\Api\Logic\ChannelLogic.class.php 第 59 行.
NOTIC: [8] Undefined variable: page D:\xampp\htdocs\paoding_new\Application\Api\Logic\ChannelLogic.class.php 第 80 行.
NOTIC: [8] Undefined variable: page_num D:\xampp\htdocs\paoding_new\Application\Api\Logic\ChannelLogic.class.php 第 80 行.
NOTIC: [8] Undefined variable: orderBy D:\xampp\htdocs\paoding_new\Application\Api\Logic\ChannelLogic.class.php 第 81 行.
NOTIC: [8] Undefined index: limit D:\xampp\htdocs\paoding_new\ThinkPHP\Library\Think\Db\Driver.class.php 第 950 行.
NOTIC: [8] Undefined index: get_page D:\xampp\htdocs\paoding_new\Application\Api\Logic\ChannelLogic.class.php 第 94 行.

[ 2017-12-13T11:58:41+08:00 ] 127.0.0.1 /api.php/ChannelIndex/index/action/dataList/channel/hd/type/4
INFO: [ app_init ] --START--
INFO: Run Behavior\BuildLiteBehavior [ RunTime:0.000000s ]
INFO: [ app_init ] --END-- [ RunTime:0.001000s ]
INFO: [ app_begin ] --START--
INFO: Run Behavior\ReadHtmlCacheBehavior [ RunTime:0.001000s ]
INFO: [ app_begin ] --END-- [ RunTime:0.002000s ]
INFO: [ action_begin ] --START--
INFO: Run Home\Behaviors\siteBehavior [ RunTime:0.002000s ]
INFO: [ action_begin ] --END-- [ RunTime:0.002000s ]
INFO: [ action_begin ] --START--
INFO: Run Home\Behaviors\siteBehavior [ RunTime:0.000000s ]
INFO: [ action_begin ] --END-- [ RunTime:-0.034002s ]
NOTIC: [8] Undefined variable: search D:\xampp\htdocs\paoding_new\Application\Api\Controller\ActivityController.class.php 第 48 行.

[ 2017-12-13T11:58:41+08:00 ] 127.0.0.1 /api.php/ChannelIndex/index/action/dataList/channel/hd/type/1
INFO: [ app_init ] --START--
INFO: Run Behavior\BuildLiteBehavior [ RunTime:0.000000s ]
INFO: [ app_init ] --END-- [ RunTime:0.000000s ]
INFO: [ app_begin ] --START--
INFO: Run Behavior\ReadHtmlCacheBehavior [ RunTime:0.001000s ]
INFO: [ app_begin ] --END-- [ RunTime:0.001000s ]
INFO: [ action_begin ] --START--
INFO: Run Home\Behaviors\siteBehavior [ RunTime:0.001000s ]
INFO: [ action_begin ] --END-- [ RunTime:0.001000s ]
INFO: [ action_begin ] --START--
INFO: Run Home\Behaviors\siteBehavior [ RunTime:0.000000s ]
INFO: [ action_begin ] --END-- [ RunTime:-0.028002s ]
NOTIC: [8] Undefined index: user_id D:\xampp\htdocs\paoding_new\Application\Api\Logic\ChannelLogic.class.php 第 19 行.
NOTIC: [8] Undefined index: city D:\xampp\htdocs\paoding_new\Application\Api\Logic\ChannelLogic.class.php 第 22 行.
NOTIC: [8] Undefined index: search D:\xampp\htdocs\paoding_new\Application\Api\Logic\ChannelLogic.class.php 第 39 行.
NOTIC: [8] Undefined index: data_by D:\xampp\htdocs\paoding_new\Application\Api\Logic\ChannelLogic.class.php 第 59 行.
NOTIC: [8] A non well formed numeric value encountered D:\xampp\htdocs\paoding_new\Application\Common\Common\function.php 第 804 行.
NOTIC: [8] Undefined index: get_page D:\xampp\htdocs\paoding_new\Application\Api\Logic\ChannelLogic.class.php 第 94 行.
NOTIC: [8] Undefined variable: search D:\xampp\htdocs\paoding_new\Application\Api\Controller\ActivityController.class.php 第 48 行.

[ 2017-12-13T11:58:42+08:00 ] 127.0.0.1 /api.php/ChannelIndex/index/action/count/channel/fwdj/type/1
search>>>>>>>>: 
[ 2017-12-13T11:58:42+08:00 ] 127.0.0.1 /api.php/ChannelIndex/index/action/count/channel/fwdj/type/1
>>>>>>>>: null
[ 2017-12-13T11:58:42+08:00 ] 127.0.0.1 /api.php/ChannelIndex/index/action/count/channel/fwdj/type/1
INFO: [ app_init ] --START--
INFO: Run Behavior\BuildLiteBehavior [ RunTime:0.000000s ]
INFO: [ app_init ] --END-- [ RunTime:0.000000s ]
INFO: [ app_begin ] --START--
INFO: Run Behavior\ReadHtmlCacheBehavior [ RunTime:0.001001s ]
INFO: [ app_begin ] --END-- [ RunTime:0.001001s ]
INFO: [ action_begin ] --START--
INFO: Run Home\Behaviors\siteBehavior [ RunTime:0.001000s ]
INFO: [ action_begin ] --END-- [ RunTime:0.001000s ]
NOTIC: [8] Undefined index: category_id D:\xampp\htdocs\paoding_new\Application\Api\Logic\ChannelLogic.class.php 第 241 行.
NOTIC: [8] Undefined index: search D:\xampp\htdocs\paoding_new\Application\Api\Logic\ChannelLogic.class.php 第 244 行.
NOTIC: [8] Undefined index: search D:\xampp\htdocs\paoding_new\Application\Api\Logic\ChannelLogic.class.php 第 247 行.
NOTIC: [8] Undefined variable: where D:\xampp\htdocs\paoding_new\Application\Api\Logic\ChannelLogic.class.php 第 248 行.

[ 2017-12-13T11:58:43+08:00 ] 127.0.0.1 /api.php/ChannelIndex/index/action/dataList/channel/js/type/1
INFO: [ app_init ] --START--
INFO: Run Behavior\BuildLiteBehavior [ RunTime:0.000000s ]
INFO: [ app_init ] --END-- [ RunTime:0.001000s ]
INFO: [ app_begin ] --START--
INFO: Run Behavior\ReadHtmlCacheBehavior [ RunTime:0.000000s ]
INFO: [ app_begin ] --END-- [ RunTime:0.000000s ]
INFO: [ action_begin ] --START--
INFO: Run Home\Behaviors\siteBehavior [ RunTime:0.001000s ]
INFO: [ action_begin ] --END-- [ RunTime:0.001000s ]
INFO: [ action_begin ] --START--
INFO: Run Home\Behaviors\siteBehavior [ RunTime:0.000000s ]
INFO: [ action_begin ] --END-- [ RunTime:-0.024002s ]
NOTIC: [8] Undefined index: user_id D:\xampp\htdocs\paoding_new\Application\Api\Logic\ChannelLogic.class.php 第 19 行.
NOTIC: [8] Undefined index: city D:\xampp\htdocs\paoding_new\Application\Api\Logic\ChannelLogic.class.php 第 22 行.
NOTIC: [8] Undefined index: search D:\xampp\htdocs\paoding_new\Application\Api\Logic\ChannelLogic.class.php 第 39 行.
NOTIC: [8] Undefined index: data_by D:\xampp\htdocs\paoding_new\Application\Api\Logic\ChannelLogic.class.php 第 59 行.
NOTIC: [8] Undefined index: get_page D:\xampp\htdocs\paoding_new\Application\Api\Logic\ChannelLogic.class.php 第 94 行.

[ 2017-12-13T11:58:43+08:00 ] 127.0.0.1 /api.php/Paoding/getIndex?page_num=9
INFO: [ app_init ] --START--
INFO: Run Behavior\BuildLiteBehavior [ RunTime:0.000000s ]
INFO: [ app_init ] --END-- [ RunTime:0.000000s ]
INFO: [ app_begin ] --START--
INFO: Run Behavior\ReadHtmlCacheBehavior [ RunTime:0.007000s ]
INFO: [ app_begin ] --END-- [ RunTime:0.007000s ]
INFO: [ action_begin ] --START--
INFO: Run Home\Behaviors\siteBehavior [ RunTime:0.001001s ]
INFO: [ action_begin ] --END-- [ RunTime:0.001001s ]

[ 2017-12-13T11:58:43+08:00 ] 127.0.0.1 /api.php/ChannelIndex/index/action/count/channel/js/type/1
search>>>>>>>>: 
[ 2017-12-13T11:58:43+08:00 ] 127.0.0.1 /api.php/ChannelIndex/index/action/count/channel/js/type/1
>>>>>>>>: null
[ 2017-12-13T11:58:43+08:00 ] 127.0.0.1 /api.php/ChannelIndex/index/action/count/channel/js/type/1
INFO: [ app_init ] --START--
INFO: Run Behavior\BuildLiteBehavior [ RunTime:0.000000s ]
INFO: [ app_init ] --END-- [ RunTime:0.002001s ]
INFO: [ app_begin ] --START--
INFO: Run Behavior\ReadHtmlCacheBehavior [ RunTime:0.007000s ]
INFO: [ app_begin ] --END-- [ RunTime:0.007000s ]
INFO: [ action_begin ] --START--
INFO: Run Home\Behaviors\siteBehavior [ RunTime:0.001000s ]
INFO: [ action_begin ] --END-- [ RunTime:0.001000s ]
NOTIC: [8] Undefined index: category_id D:\xampp\htdocs\paoding_new\Application\Api\Logic\ChannelLogic.class.php 第 241 行.
NOTIC: [8] Undefined index: search D:\xampp\htdocs\paoding_new\Application\Api\Logic\ChannelLogic.class.php 第 244 行.
NOTIC: [8] Undefined index: search D:\xampp\htdocs\paoding_new\Application\Api\Logic\ChannelLogic.class.php 第 247 行.
NOTIC: [8] Undefined variable: where D:\xampp\htdocs\paoding_new\Application\Api\Logic\ChannelLogic.class.php 第 248 行.

[ 2017-12-13T11:58:43+08:00 ] 127.0.0.1 /api.php/ChannelIndex/index/action/count/channel/xq/type/1
search>>>>>>>>: 
[ 2017-12-13T11:58:43+08:00 ] 127.0.0.1 /api.php/ChannelIndex/index/action/count/channel/xq/type/1
>>>>>>>>: null
[ 2017-12-13T11:58:43+08:00 ] 127.0.0.1 /api.php/ChannelIndex/index/action/count/channel/xq/type/1
INFO: [ app_init ] --START--
INFO: Run Behavior\BuildLiteBehavior [ RunTime:0.001000s ]
INFO: [ app_init ] --END-- [ RunTime:0.001000s ]
INFO: [ app_begin ] --START--
INFO: Run Behavior\ReadHtmlCacheBehavior [ RunTime:0.001000s ]
INFO: [ app_begin ] --END-- [ RunTime:0.002000s ]
INFO: [ action_begin ] --START--
INFO: Run Home\Behaviors\siteBehavior [ RunTime:0.001000s ]
INFO: [ action_begin ] --END-- [ RunTime:0.001000s ]
NOTIC: [8] Undefined index: category_id D:\xampp\htdocs\paoding_new\Application\Api\Logic\ChannelLogic.class.php 第 241 行.
NOTIC: [8] Undefined index: search D:\xampp\htdocs\paoding_new\Application\Api\Logic\ChannelLogic.class.php 第 244 行.
NOTIC: [8] Undefined index: search D:\xampp\htdocs\paoding_new\Application\Api\Logic\ChannelLogic.class.php 第 247 行.
NOTIC: [8] Undefined variable: where D:\xampp\htdocs\paoding_new\Application\Api\Logic\ChannelLogic.class.php 第 248 行.

[ 2017-12-13T12:00:50+08:00 ] 127.0.0.1 /api.php/ChannelIndex/index/action/dataList/channel/xq/type/1
INFO: [ app_init ] --START--
INFO: Run Behavior\BuildLiteBehavior [ RunTime:0.000000s ]
INFO: [ app_init ] --END-- [ RunTime:0.001000s ]
INFO: [ app_begin ] --START--
INFO: Run Behavior\ReadHtmlCacheBehavior [ RunTime:0.000000s ]
INFO: [ app_begin ] --END-- [ RunTime:0.001000s ]
INFO: [ action_begin ] --START--
INFO: Run Home\Behaviors\siteBehavior [ RunTime:0.001000s ]
INFO: [ action_begin ] --END-- [ RunTime:0.001000s ]
INFO: [ action_begin ] --START--
INFO: Run Home\Behaviors\siteBehavior [ RunTime:0.000000s ]
INFO: [ action_begin ] --END-- [ RunTime:-0.044003s ]
NOTIC: [8] Undefined index: category_id D:\xampp\htdocs\paoding_new\Application\Api\Logic\ChannelLogic.class.php 第 16 行.
NOTIC: [8] Undefined index: user_id D:\xampp\htdocs\paoding_new\Application\Api\Logic\ChannelLogic.class.php 第 19 行.
NOTIC: [8] Undefined index: city D:\xampp\htdocs\paoding_new\Application\Api\Logic\ChannelLogic.class.php 第 22 行.
NOTIC: [8] Undefined index: tag_id D:\xampp\htdocs\paoding_new\Application\Api\Logic\ChannelLogic.class.php 第 25 行.
NOTIC: [8] Undefined index: search D:\xampp\htdocs\paoding_new\Application\Api\Logic\ChannelLogic.class.php 第 39 行.
NOTIC: [8] Undefined index: data_by D:\xampp\htdocs\paoding_new\Application\Api\Logic\ChannelLogic.class.php 第 59 行.

[ 2017-12-13T12:00:50+08:00 ] 127.0.0.1 /api.php/ChannelIndex/index/action/dataList/channel/js/type/1
INFO: [ app_init ] --START--
INFO: Run Behavior\BuildLiteBehavior [ RunTime:0.000000s ]
INFO: [ app_init ] --END-- [ RunTime:0.000000s ]
INFO: [ app_begin ] --START--
INFO: Run Behavior\ReadHtmlCacheBehavior [ RunTime:0.002000s ]
INFO: [ app_begin ] --END-- [ RunTime:0.002000s ]
INFO: [ action_begin ] --START--
INFO: Run Home\Behaviors\siteBehavior [ RunTime:0.003001s ]
INFO: [ action_begin ] --END-- [ RunTime:0.003001s ]
INFO: [ action_begin ] --START--
INFO: Run Home\Behaviors\siteBehavior [ RunTime:0.000000s ]
INFO: [ action_begin ] --END-- [ RunTime:-0.047002s ]
NOTIC: [8] Undefined index: category_id D:\xampp\htdocs\paoding_new\Application\Api\Logic\ChannelLogic.class.php 第 16 行.
NOTIC: [8] Undefined index: user_id D:\xampp\htdocs\paoding_new\Application\Api\Logic\ChannelLogic.class.php 第 19 行.
NOTIC: [8] Undefined index: city D:\xampp\htdocs\paoding_new\Application\Api\Logic\ChannelLogic.class.php 第 22 行.
NOTIC: [8] Undefined index: tag_id D:\xampp\htdocs\paoding_new\Application\Api\Logic\ChannelLogic.class.php 第 25 行.
NOTIC: [8] Undefined index: search D:\xampp\htdocs\paoding_new\Application\Api\Logic\ChannelLogic.class.php 第 39 行.
NOTIC: [8] Undefined index: data_by D:\xampp\htdocs\paoding_new\Application\Api\Logic\ChannelLogic.class.php 第 59 行.

[ 2017-12-13T12:00:50+08:00 ] 127.0.0.1 /api.php/ChannelIndex/index/action/dataList/channel/hd/type/1
INFO: [ app_init ] --START--
INFO: Run Behavior\BuildLiteBehavior [ RunTime:0.000000s ]
INFO: [ app_init ] --END-- [ RunTime:0.001000s ]
INFO: [ app_begin ] --START--
INFO: Run Behavior\ReadHtmlCacheBehavior [ RunTime:0.001000s ]
INFO: [ app_begin ] --END-- [ RunTime:0.001000s ]
INFO: [ action_begin ] --START--
INFO: Run Home\Behaviors\siteBehavior [ RunTime:0.001000s ]
INFO: [ action_begin ] --END-- [ RunTime:0.001000s ]
INFO: [ action_begin ] --START--
INFO: Run Home\Behaviors\siteBehavior [ RunTime:0.000000s ]
INFO: [ action_begin ] --END-- [ RunTime:-0.034002s ]
NOTIC: [8] Undefined index: category_id D:\xampp\htdocs\paoding_new\Application\Api\Logic\ChannelLogic.class.php 第 16 行.
NOTIC: [8] Undefined index: user_id D:\xampp\htdocs\paoding_new\Application\Api\Logic\ChannelLogic.class.php 第 19 行.
NOTIC: [8] Undefined index: city D:\xampp\htdocs\paoding_new\Application\Api\Logic\ChannelLogic.class.php 第 22 行.
NOTIC: [8] Undefined index: tag_id D:\xampp\htdocs\paoding_new\Application\Api\Logic\ChannelLogic.class.php 第 25 行.
NOTIC: [8] Undefined index: search D:\xampp\htdocs\paoding_new\Application\Api\Logic\ChannelLogic.class.php 第 39 行.
NOTIC: [8] Undefined index: data_by D:\xampp\htdocs\paoding_new\Application\Api\Logic\ChannelLogic.class.php 第 59 行.
NOTIC: [8] A non well formed numeric value encountered D:\xampp\htdocs\paoding_new\Application\Common\Common\function.php 第 804 行.
NOTIC: [8] Undefined index: tag_id D:\xampp\htdocs\paoding_new\Application\Api\Controller\ActivityController.class.php 第 23 行.
NOTIC: [8] Undefined index: category_id D:\xampp\htdocs\paoding_new\Application\Api\Controller\ActivityController.class.php 第 25 行.
NOTIC: [8] Undefined variable: search D:\xampp\htdocs\paoding_new\Application\Api\Controller\ActivityController.class.php 第 48 行.

[ 2017-12-13T12:00:50+08:00 ] 127.0.0.1 /api.php/ChannelIndex/index/action/dataList/channel/zx/type/1
INFO: [ app_init ] --START--
INFO: Run Behavior\BuildLiteBehavior [ RunTime:0.000000s ]
INFO: [ app_init ] --END-- [ RunTime:0.001000s ]
INFO: [ app_begin ] --START--
INFO: Run Behavior\ReadHtmlCacheBehavior [ RunTime:0.001001s ]
INFO: [ app_begin ] --END-- [ RunTime:0.001001s ]
INFO: [ action_begin ] --START--
INFO: Run Home\Behaviors\siteBehavior [ RunTime:0.001001s ]
INFO: [ action_begin ] --END-- [ RunTime:0.001001s ]
INFO: [ action_begin ] --START--
INFO: Run Home\Behaviors\siteBehavior [ RunTime:0.001001s ]
INFO: [ action_begin ] --END-- [ RunTime:-0.034001s ]
NOTIC: [8] Undefined index: category_id D:\xampp\htdocs\paoding_new\Application\Api\Logic\ChannelLogic.class.php 第 16 行.
NOTIC: [8] Undefined index: user_id D:\xampp\htdocs\paoding_new\Application\Api\Logic\ChannelLogic.class.php 第 19 行.
NOTIC: [8] Undefined index: city D:\xampp\htdocs\paoding_new\Application\Api\Logic\ChannelLogic.class.php 第 22 行.
NOTIC: [8] Undefined index: tag_id D:\xampp\htdocs\paoding_new\Application\Api\Logic\ChannelLogic.class.php 第 25 行.
NOTIC: [8] Undefined index: search D:\xampp\htdocs\paoding_new\Application\Api\Logic\ChannelLogic.class.php 第 39 行.
NOTIC: [8] Undefined index: data_by D:\xampp\htdocs\paoding_new\Application\Api\Logic\ChannelLogic.class.php 第 59 行.

[ 2017-12-13T12:00:50+08:00 ] 127.0.0.1 /api.php/ChannelIndex/index/action/dataList/channel/hzjg/type/1
INFO: [ app_init ] --START--
INFO: Run Behavior\BuildLiteBehavior [ RunTime:0.000000s ]
INFO: [ app_init ] --END-- [ RunTime:0.001000s ]
INFO: [ app_begin ] --START--
INFO: Run Behavior\ReadHtmlCacheBehavior [ RunTime:0.001000s ]
INFO: [ app_begin ] --END-- [ RunTime:0.001000s ]
INFO: [ action_begin ] --START--
INFO: Run Home\Behaviors\siteBehavior [ RunTime:0.001000s ]
INFO: [ action_begin ] --END-- [ RunTime:0.001000s ]
INFO: [ action_begin ] --START--
INFO: Run Home\Behaviors\siteBehavior [ RunTime:0.000000s ]
INFO: [ action_begin ] --END-- [ RunTime:-0.024001s ]
NOTIC: [8] Undefined index: category_id D:\xampp\htdocs\paoding_new\Application\Api\Logic\ChannelLogic.class.php 第 16 行.
NOTIC: [8] Undefined index: user_id D:\xampp\htdocs\paoding_new\Application\Api\Logic\ChannelLogic.class.php 第 19 行.
NOTIC: [8] Undefined index: city D:\xampp\htdocs\paoding_new\Application\Api\Logic\ChannelLogic.class.php 第 22 行.
NOTIC: [8] Undefined index: tag_id D:\xampp\htdocs\paoding_new\Application\Api\Logic\ChannelLogic.class.php 第 25 行.
NOTIC: [8] Undefined index: search D:\xampp\htdocs\paoding_new\Application\Api\Logic\ChannelLogic.class.php 第 39 行.
NOTIC: [8] Undefined index: order_field D:\xampp\htdocs\paoding_new\Application\Api\Logic\ChannelLogic.class.php 第 56 行.

[ 2017-12-13T12:00:50+08:00 ] 127.0.0.1 /api.php/ChannelIndex/index/action/count/channel/js/type/1
search>>>>>>>>: 
[ 2017-12-13T12:00:50+08:00 ] 127.0.0.1 /api.php/ChannelIndex/index/action/count/channel/js/type/1
>>>>>>>>: null
[ 2017-12-13T12:00:50+08:00 ] 127.0.0.1 /api.php/ChannelIndex/index/action/count/channel/js/type/1
INFO: [ app_init ] --START--
INFO: Run Behavior\BuildLiteBehavior [ RunTime:0.000000s ]
INFO: [ app_init ] --END-- [ RunTime:0.000000s ]
INFO: [ app_begin ] --START--
INFO: Run Behavior\ReadHtmlCacheBehavior [ RunTime:0.001000s ]
INFO: [ app_begin ] --END-- [ RunTime:0.001000s ]
INFO: [ action_begin ] --START--
INFO: Run Home\Behaviors\siteBehavior [ RunTime:0.002000s ]
INFO: [ action_begin ] --END-- [ RunTime:0.002000s ]
NOTIC: [8] Undefined index: category_id D:\xampp\htdocs\paoding_new\Application\Api\Logic\ChannelLogic.class.php 第 241 行.
NOTIC: [8] Undefined index: search D:\xampp\htdocs\paoding_new\Application\Api\Logic\ChannelLogic.class.php 第 244 行.
NOTIC: [8] Undefined index: search D:\xampp\htdocs\paoding_new\Application\Api\Logic\ChannelLogic.class.php 第 247 行.
NOTIC: [8] Undefined variable: where D:\xampp\htdocs\paoding_new\Application\Api\Logic\ChannelLogic.class.php 第 248 行.

[ 2017-12-13T12:00:50+08:00 ] 127.0.0.1 /api.php/ChannelIndex/index/action/count/channel/xq/type/1
search>>>>>>>>: 
[ 2017-12-13T12:00:50+08:00 ] 127.0.0.1 /api.php/ChannelIndex/index/action/count/channel/xq/type/1
>>>>>>>>: null
[ 2017-12-13T12:00:50+08:00 ] 127.0.0.1 /api.php/ChannelIndex/index/action/count/channel/xq/type/1
INFO: [ app_init ] --START--
INFO: Run Behavior\BuildLiteBehavior [ RunTime:0.000000s ]
INFO: [ app_init ] --END-- [ RunTime:0.001000s ]
INFO: [ app_begin ] --START--
INFO: Run Behavior\ReadHtmlCacheBehavior [ RunTime:0.001000s ]
INFO: [ app_begin ] --END-- [ RunTime:0.001000s ]
INFO: [ action_begin ] --START--
INFO: Run Home\Behaviors\siteBehavior [ RunTime:0.001000s ]
INFO: [ action_begin ] --END-- [ RunTime:0.001000s ]
NOTIC: [8] Undefined index: category_id D:\xampp\htdocs\paoding_new\Application\Api\Logic\ChannelLogic.class.php 第 241 行.
NOTIC: [8] Undefined index: search D:\xampp\htdocs\paoding_new\Application\Api\Logic\ChannelLogic.class.php 第 244 行.
NOTIC: [8] Undefined index: search D:\xampp\htdocs\paoding_new\Application\Api\Logic\ChannelLogic.class.php 第 247 行.
NOTIC: [8] Undefined variable: where D:\xampp\htdocs\paoding_new\Application\Api\Logic\ChannelLogic.class.php 第 248 行.

[ 2017-12-13T12:00:50+08:00 ] 127.0.0.1 /api.php/ChannelIndex/index/action/count/channel/fwdj/type/1
search>>>>>>>>: 
[ 2017-12-13T12:00:50+08:00 ] 127.0.0.1 /api.php/ChannelIndex/index/action/count/channel/fwdj/type/1
>>>>>>>>: null
[ 2017-12-13T12:00:50+08:00 ] 127.0.0.1 /api.php/ChannelIndex/index/action/count/channel/fwdj/type/1
INFO: [ app_init ] --START--
INFO: Run Behavior\BuildLiteBehavior [ RunTime:0.000000s ]
INFO: [ app_init ] --END-- [ RunTime:0.001000s ]
INFO: [ app_begin ] --START--
INFO: Run Behavior\ReadHtmlCacheBehavior [ RunTime:0.002000s ]
INFO: [ app_begin ] --END-- [ RunTime:0.002000s ]
INFO: [ action_begin ] --START--
INFO: Run Home\Behaviors\siteBehavior [ RunTime:0.002000s ]
INFO: [ action_begin ] --END-- [ RunTime:0.002000s ]
NOTIC: [8] Undefined index: category_id D:\xampp\htdocs\paoding_new\Application\Api\Logic\ChannelLogic.class.php 第 241 行.
NOTIC: [8] Undefined index: search D:\xampp\htdocs\paoding_new\Application\Api\Logic\ChannelLogic.class.php 第 244 行.
NOTIC: [8] Undefined index: search D:\xampp\htdocs\paoding_new\Application\Api\Logic\ChannelLogic.class.php 第 247 行.
NOTIC: [8] Undefined variable: where D:\xampp\htdocs\paoding_new\Application\Api\Logic\ChannelLogic.class.php 第 248 行.

[ 2017-12-13T12:00:50+08:00 ] 127.0.0.1 /api.php/Setting/settingAbout
INFO: [ app_init ] --START--
INFO: Run Behavior\BuildLiteBehavior [ RunTime:0.000000s ]
INFO: [ app_init ] --END-- [ RunTime:0.000000s ]
INFO: [ app_begin ] --START--
INFO: Run Behavior\ReadHtmlCacheBehavior [ RunTime:0.001000s ]
INFO: [ app_begin ] --END-- [ RunTime:0.001000s ]
INFO: [ action_begin ] --START--
INFO: Run Home\Behaviors\siteBehavior [ RunTime:0.000000s ]
INFO: [ action_begin ] --END-- [ RunTime:0.000000s ]

[ 2017-12-13T12:00:56+08:00 ] 127.0.0.1 /api.php/ChannelIndex/index/action/dataList/channel/js/type/1/category_id/0/tag_id/0
INFO: [ app_init ] --START--
INFO: Run Behavior\BuildLiteBehavior [ RunTime:0.000000s ]
INFO: [ app_init ] --END-- [ RunTime:0.001000s ]
INFO: [ app_begin ] --START--
INFO: Run Behavior\ReadHtmlCacheBehavior [ RunTime:0.001000s ]
INFO: [ app_begin ] --END-- [ RunTime:0.001000s ]
INFO: [ action_begin ] --START--
INFO: Run Home\Behaviors\siteBehavior [ RunTime:0.001000s ]
INFO: [ action_begin ] --END-- [ RunTime:0.001000s ]
INFO: [ action_begin ] --START--
INFO: Run Home\Behaviors\siteBehavior [ RunTime:0.000000s ]
INFO: [ action_begin ] --END-- [ RunTime:-0.067003s ]
NOTIC: [8] Undefined index: user_id D:\xampp\htdocs\paoding_new\Application\Api\Logic\ChannelLogic.class.php 第 19 行.
NOTIC: [8] Undefined index: city D:\xampp\htdocs\paoding_new\Application\Api\Logic\ChannelLogic.class.php 第 22 行.
NOTIC: [8] Undefined index: search D:\xampp\htdocs\paoding_new\Application\Api\Logic\ChannelLogic.class.php 第 39 行.
NOTIC: [8] Undefined index: data_by D:\xampp\htdocs\paoding_new\Application\Api\Logic\ChannelLogic.class.php 第 59 行.

[ 2017-12-13T12:00:56+08:00 ] 127.0.0.1 /api.php/Setting/settingAbout
INFO: [ app_init ] --START--
INFO: Run Behavior\BuildLiteBehavior [ RunTime:0.000000s ]
INFO: [ app_init ] --END-- [ RunTime:0.000000s ]
INFO: [ app_begin ] --START--
INFO: Run Behavior\ReadHtmlCacheBehavior [ RunTime:0.001000s ]
INFO: [ app_begin ] --END-- [ RunTime:0.001000s ]
INFO: [ action_begin ] --START--
INFO: Run Home\Behaviors\siteBehavior [ RunTime:0.003000s ]
INFO: [ action_begin ] --END-- [ RunTime:0.003000s ]

[ 2017-12-13T12:00:56+08:00 ] 127.0.0.1 /api.php/Paoding/getIndex
INFO: [ app_init ] --START--
INFO: Run Behavior\BuildLiteBehavior [ RunTime:0.000000s ]
INFO: [ app_init ] --END-- [ RunTime:0.001000s ]
INFO: [ app_begin ] --START--
INFO: Run Behavior\ReadHtmlCacheBehavior [ RunTime:0.001000s ]
INFO: [ app_begin ] --END-- [ RunTime:0.001000s ]
INFO: [ action_begin ] --START--
INFO: Run Home\Behaviors\siteBehavior [ RunTime:0.001000s ]
INFO: [ action_begin ] --END-- [ RunTime:0.001000s ]
NOTIC: [8] Undefined index: page_num D:\xampp\htdocs\paoding_new\Application\Api\Controller\PaodingController.class.php 第 34 行.

[ 2017-12-13T12:00:56+08:00 ] 127.0.0.1 /api.php/ChannelIndex/index/action/dataList/channel/js/type/2
INFO: [ app_init ] --START--
INFO: Run Behavior\BuildLiteBehavior [ RunTime:0.000000s ]
INFO: [ app_init ] --END-- [ RunTime:0.000000s ]
INFO: [ app_begin ] --START--
INFO: Run Behavior\ReadHtmlCacheBehavior [ RunTime:0.001000s ]
INFO: [ app_begin ] --END-- [ RunTime:0.001000s ]
INFO: [ action_begin ] --START--
INFO: Run Home\Behaviors\siteBehavior [ RunTime:0.001000s ]
INFO: [ action_begin ] --END-- [ RunTime:0.001000s ]
INFO: [ action_begin ] --START--
INFO: Run Home\Behaviors\siteBehavior [ RunTime:0.000000s ]
INFO: [ action_begin ] --END-- [ RunTime:-0.021001s ]

[ 2017-12-13T12:00:56+08:00 ] 127.0.0.1 /api.php/ChannelIndex/index/action/dataList/channel/js/type/1
INFO: [ app_init ] --START--
INFO: Run Behavior\BuildLiteBehavior [ RunTime:0.000000s ]
INFO: [ app_init ] --END-- [ RunTime:0.000000s ]
INFO: [ app_begin ] --START--
INFO: Run Behavior\ReadHtmlCacheBehavior [ RunTime:0.002000s ]
INFO: [ app_begin ] --END-- [ RunTime:0.002000s ]
INFO: [ action_begin ] --START--
INFO: Run Home\Behaviors\siteBehavior [ RunTime:0.001000s ]
INFO: [ action_begin ] --END-- [ RunTime:0.001000s ]
INFO: [ action_begin ] --START--
INFO: Run Home\Behaviors\siteBehavior [ RunTime:0.000000s ]
INFO: [ action_begin ] --END-- [ RunTime:-0.048003s ]
NOTIC: [8] Undefined index: user_id D:\xampp\htdocs\paoding_new\Application\Api\Logic\ChannelLogic.class.php 第 19 行.
NOTIC: [8] Undefined index: city D:\xampp\htdocs\paoding_new\Application\Api\Logic\ChannelLogic.class.php 第 22 行.
NOTIC: [8] Undefined index: tag_id D:\xampp\htdocs\paoding_new\Application\Api\Logic\ChannelLogic.class.php 第 25 行.
NOTIC: [8] Undefined index: search D:\xampp\htdocs\paoding_new\Application\Api\Logic\ChannelLogic.class.php 第 39 行.
NOTIC: [8] Undefined index: data_by D:\xampp\htdocs\paoding_new\Application\Api\Logic\ChannelLogic.class.php 第 59 行.
NOTIC: [8] Undefined index: get_page D:\xampp\htdocs\paoding_new\Application\Api\Logic\ChannelLogic.class.php 第 94 行.

[ 2017-12-13T12:00:57+08:00 ] 127.0.0.1 /api.php/ChannelIndex/index/action/dataList/channel/js/type/4
INFO: [ app_init ] --START--
INFO: Run Behavior\BuildLiteBehavior [ RunTime:0.000000s ]
INFO: [ app_init ] --END-- [ RunTime:0.001000s ]
INFO: [ app_begin ] --START--
INFO: Run Behavior\ReadHtmlCacheBehavior [ RunTime:0.001000s ]
INFO: [ app_begin ] --END-- [ RunTime:0.001000s ]
INFO: [ action_begin ] --START--
INFO: Run Home\Behaviors\siteBehavior [ RunTime:0.001000s ]
INFO: [ action_begin ] --END-- [ RunTime:0.001000s ]
INFO: [ action_begin ] --START--
INFO: Run Home\Behaviors\siteBehavior [ RunTime:0.000000s ]
INFO: [ action_begin ] --END-- [ RunTime:-0.031002s ]

[ 2017-12-13T12:00:57+08:00 ] 127.0.0.1 /api.php/ChannelIndex/index/action/count/channel/js/type/1
search>>>>>>>>: 
[ 2017-12-13T12:00:57+08:00 ] 127.0.0.1 /api.php/ChannelIndex/index/action/count/channel/js/type/1
>>>>>>>>: null
[ 2017-12-13T12:00:57+08:00 ] 127.0.0.1 /api.php/ChannelIndex/index/action/count/channel/js/type/1
INFO: [ app_init ] --START--
INFO: Run Behavior\BuildLiteBehavior [ RunTime:0.000000s ]
INFO: [ app_init ] --END-- [ RunTime:0.002000s ]
INFO: [ app_begin ] --START--
INFO: Run Behavior\ReadHtmlCacheBehavior [ RunTime:0.000000s ]
INFO: [ app_begin ] --END-- [ RunTime:0.000000s ]
INFO: [ action_begin ] --START--
INFO: Run Home\Behaviors\siteBehavior [ RunTime:0.001000s ]
INFO: [ action_begin ] --END-- [ RunTime:0.002001s ]
NOTIC: [8] Undefined index: category_id D:\xampp\htdocs\paoding_new\Application\Api\Logic\ChannelLogic.class.php 第 241 行.
NOTIC: [8] Undefined index: search D:\xampp\htdocs\paoding_new\Application\Api\Logic\ChannelLogic.class.php 第 244 行.
NOTIC: [8] Undefined index: search D:\xampp\htdocs\paoding_new\Application\Api\Logic\ChannelLogic.class.php 第 247 行.
NOTIC: [8] Undefined variable: where D:\xampp\htdocs\paoding_new\Application\Api\Logic\ChannelLogic.class.php 第 248 行.

[ 2017-12-13T12:01:00+08:00 ] 127.0.0.1 /api.php/ChannelIndex/index/action/dataList/channel/js/type/1/category_id/3/tag_id/0
INFO: [ app_init ] --START--
INFO: Run Behavior\BuildLiteBehavior [ RunTime:0.000000s ]
INFO: [ app_init ] --END-- [ RunTime:0.001000s ]
INFO: [ app_begin ] --START--
INFO: Run Behavior\ReadHtmlCacheBehavior [ RunTime:0.000000s ]
INFO: [ app_begin ] --END-- [ RunTime:0.000000s ]
INFO: [ action_begin ] --START--
INFO: Run Home\Behaviors\siteBehavior [ RunTime:0.000000s ]
INFO: [ action_begin ] --END-- [ RunTime:0.000000s ]
INFO: [ action_begin ] --START--
INFO: Run Home\Behaviors\siteBehavior [ RunTime:0.000000s ]
INFO: [ action_begin ] --END-- [ RunTime:-0.022001s ]
NOTIC: [8] Undefined index: user_id D:\xampp\htdocs\paoding_new\Application\Api\Logic\ChannelLogic.class.php 第 19 行.
NOTIC: [8] Undefined index: city D:\xampp\htdocs\paoding_new\Application\Api\Logic\ChannelLogic.class.php 第 22 行.
NOTIC: [8] Undefined index: search D:\xampp\htdocs\paoding_new\Application\Api\Logic\ChannelLogic.class.php 第 39 行.
NOTIC: [8] Undefined index: data_by D:\xampp\htdocs\paoding_new\Application\Api\Logic\ChannelLogic.class.php 第 59 行.

[ 2017-12-13T12:01:31+08:00 ] 127.0.0.1 /api.php/ChannelIndex/index/action/dataList/channel/js/type/1/category_id/3/tag_id/3
INFO: [ app_init ] --START--
INFO: Run Behavior\BuildLiteBehavior [ RunTime:0.000000s ]
INFO: [ app_init ] --END-- [ RunTime:0.000000s ]
INFO: [ app_begin ] --START--
INFO: Run Behavior\ReadHtmlCacheBehavior [ RunTime:0.001000s ]
INFO: [ app_begin ] --END-- [ RunTime:0.001000s ]
INFO: [ action_begin ] --START--
INFO: Run Home\Behaviors\siteBehavior [ RunTime:0.001000s ]
INFO: [ action_begin ] --END-- [ RunTime:0.001000s ]
INFO: [ action_begin ] --START--
INFO: Run Home\Behaviors\siteBehavior [ RunTime:0.000000s ]
INFO: [ action_begin ] --END-- [ RunTime:-0.028002s ]
NOTIC: [8] Undefined index: user_id D:\xampp\htdocs\paoding_new\Application\Api\Logic\ChannelLogic.class.php 第 19 行.
NOTIC: [8] Undefined index: city D:\xampp\htdocs\paoding_new\Application\Api\Logic\ChannelLogic.class.php 第 22 行.
NOTIC: [8] Undefined index: search D:\xampp\htdocs\paoding_new\Application\Api\Logic\ChannelLogic.class.php 第 39 行.
NOTIC: [8] Undefined index: data_by D:\xampp\htdocs\paoding_new\Application\Api\Logic\ChannelLogic.class.php 第 59 行.

[ 2017-12-13T12:02:11+08:00 ] 127.0.0.1 /api.php/ChannelIndex/index/action/dataList/channel/js/type/1
INFO: [ app_init ] --START--
INFO: Run Behavior\BuildLiteBehavior [ RunTime:0.001000s ]
INFO: [ app_init ] --END-- [ RunTime:0.001000s ]
INFO: [ app_begin ] --START--
INFO: Run Behavior\ReadHtmlCacheBehavior [ RunTime:0.001000s ]
INFO: [ app_begin ] --END-- [ RunTime:0.001000s ]
INFO: [ action_begin ] --START--
INFO: Run Home\Behaviors\siteBehavior [ RunTime:0.001000s ]
INFO: [ action_begin ] --END-- [ RunTime:0.001000s ]
INFO: [ action_begin ] --START--
INFO: Run Home\Behaviors\siteBehavior [ RunTime:0.000000s ]
INFO: [ action_begin ] --END-- [ RunTime:-0.025001s ]
NOTIC: [8] Undefined index: user_id D:\xampp\htdocs\paoding_new\Application\Api\Logic\ChannelLogic.class.php 第 19 行.
NOTIC: [8] Undefined index: city D:\xampp\htdocs\paoding_new\Application\Api\Logic\ChannelLogic.class.php 第 22 行.
NOTIC: [8] Undefined index: search D:\xampp\htdocs\paoding_new\Application\Api\Logic\ChannelLogic.class.php 第 39 行.
NOTIC: [8] Undefined index: data_by D:\xampp\htdocs\paoding_new\Application\Api\Logic\ChannelLogic.class.php 第 59 行.
NOTIC: [8] Undefined index: get_page D:\xampp\htdocs\paoding_new\Application\Api\Logic\ChannelLogic.class.php 第 94 行.

[ 2017-12-13T12:02:11+08:00 ] 127.0.0.1 /api.php/ChannelIndex/index/action/dataList/channel/js/type/1/category_id/0/tag_id/0
INFO: [ app_init ] --START--
INFO: Run Behavior\BuildLiteBehavior [ RunTime:0.000000s ]
INFO: [ app_init ] --END-- [ RunTime:0.001000s ]
INFO: [ app_begin ] --START--
INFO: Run Behavior\ReadHtmlCacheBehavior [ RunTime:0.001000s ]
INFO: [ app_begin ] --END-- [ RunTime:0.001000s ]
INFO: [ action_begin ] --START--
INFO: Run Home\Behaviors\siteBehavior [ RunTime:0.000000s ]
INFO: [ action_begin ] --END-- [ RunTime:0.000000s ]
INFO: [ action_begin ] --START--
INFO: Run Home\Behaviors\siteBehavior [ RunTime:0.000000s ]
INFO: [ action_begin ] --END-- [ RunTime:-0.039601s ]
NOTIC: [8] Undefined index: user_id D:\xampp\htdocs\paoding_new\Application\Api\Logic\ChannelLogic.class.php 第 19 行.
NOTIC: [8] Undefined index: city D:\xampp\htdocs\paoding_new\Application\Api\Logic\ChannelLogic.class.php 第 22 行.
NOTIC: [8] Undefined index: search D:\xampp\htdocs\paoding_new\Application\Api\Logic\ChannelLogic.class.php 第 39 行.
NOTIC: [8] Undefined index: data_by D:\xampp\htdocs\paoding_new\Application\Api\Logic\ChannelLogic.class.php 第 59 行.

[ 2017-12-13T12:02:15+08:00 ] 127.0.0.1 /api.php/ChannelIndex/index/action/dataList/channel/js/type/1
INFO: [ app_init ] --START--
INFO: Run Behavior\BuildLiteBehavior [ RunTime:0.000000s ]
INFO: [ app_init ] --END-- [ RunTime:0.000000s ]
INFO: [ app_begin ] --START--
INFO: Run Behavior\ReadHtmlCacheBehavior [ RunTime:0.000000s ]
INFO: [ app_begin ] --END-- [ RunTime:0.000000s ]
INFO: [ action_begin ] --START--
INFO: Run Home\Behaviors\siteBehavior [ RunTime:0.000000s ]
INFO: [ action_begin ] --END-- [ RunTime:0.000000s ]
INFO: [ action_begin ] --START--
INFO: Run Home\Behaviors\siteBehavior [ RunTime:0.000000s ]
INFO: [ action_begin ] --END-- [ RunTime:-0.025001s ]
NOTIC: [8] Undefined index: user_id D:\xampp\htdocs\paoding_new\Application\Api\Logic\ChannelLogic.class.php 第 19 行.
NOTIC: [8] Undefined index: city D:\xampp\htdocs\paoding_new\Application\Api\Logic\ChannelLogic.class.php 第 22 行.
NOTIC: [8] Undefined index: search D:\xampp\htdocs\paoding_new\Application\Api\Logic\ChannelLogic.class.php 第 39 行.
NOTIC: [8] Undefined index: data_by D:\xampp\htdocs\paoding_new\Application\Api\Logic\ChannelLogic.class.php 第 59 行.
NOTIC: [8] Undefined index: get_page D:\xampp\htdocs\paoding_new\Application\Api\Logic\ChannelLogic.class.php 第 94 行.

[ 2017-12-13T12:02:15+08:00 ] 127.0.0.1 /api.php/ChannelIndex/index/action/dataList/channel/js/type/1/category_id/0/tag_id/3
INFO: [ app_init ] --START--
INFO: Run Behavior\BuildLiteBehavior [ RunTime:0.000000s ]
INFO: [ app_init ] --END-- [ RunTime:0.000000s ]
INFO: [ app_begin ] --START--
INFO: Run Behavior\ReadHtmlCacheBehavior [ RunTime:0.000000s ]
INFO: [ app_begin ] --END-- [ RunTime:0.000000s ]
INFO: [ action_begin ] --START--
INFO: Run Home\Behaviors\siteBehavior [ RunTime:0.002000s ]
INFO: [ action_begin ] --END-- [ RunTime:0.002000s ]
INFO: [ action_begin ] --START--
INFO: Run Home\Behaviors\siteBehavior [ RunTime:0.000000s ]
INFO: [ action_begin ] --END-- [ RunTime:-0.049003s ]
NOTIC: [8] Undefined index: user_id D:\xampp\htdocs\paoding_new\Application\Api\Logic\ChannelLogic.class.php 第 19 行.
NOTIC: [8] Undefined index: city D:\xampp\htdocs\paoding_new\Application\Api\Logic\ChannelLogic.class.php 第 22 行.
NOTIC: [8] Undefined index: search D:\xampp\htdocs\paoding_new\Application\Api\Logic\ChannelLogic.class.php 第 39 行.
NOTIC: [8] Undefined index: data_by D:\xampp\htdocs\paoding_new\Application\Api\Logic\ChannelLogic.class.php 第 59 行.

[ 2017-12-13T12:02:18+08:00 ] 127.0.0.1 /api.php/ChannelIndex/index/action/dataList/channel/js/type/1/category_id/3/tag_id/3
INFO: [ app_init ] --START--
INFO: Run Behavior\BuildLiteBehavior [ RunTime:0.000000s ]
INFO: [ app_init ] --END-- [ RunTime:0.000000s ]
INFO: [ app_begin ] --START--
INFO: Run Behavior\ReadHtmlCacheBehavior [ RunTime:0.000000s ]
INFO: [ app_begin ] --END-- [ RunTime:0.000000s ]
INFO: [ action_begin ] --START--
INFO: Run Home\Behaviors\siteBehavior [ RunTime:0.000000s ]
INFO: [ action_begin ] --END-- [ RunTime:0.000000s ]
INFO: [ action_begin ] --START--
INFO: Run Home\Behaviors\siteBehavior [ RunTime:0.000000s ]
INFO: [ action_begin ] --END-- [ RunTime:-0.048602s ]
NOTIC: [8] Undefined index: user_id D:\xampp\htdocs\paoding_new\Application\Api\Logic\ChannelLogic.class.php 第 19 行.
NOTIC: [8] Undefined index: city D:\xampp\htdocs\paoding_new\Application\Api\Logic\ChannelLogic.class.php 第 22 行.
NOTIC: [8] Undefined index: search D:\xampp\htdocs\paoding_new\Application\Api\Logic\ChannelLogic.class.php 第 39 行.
NOTIC: [8] Undefined index: data_by D:\xampp\htdocs\paoding_new\Application\Api\Logic\ChannelLogic.class.php 第 59 行.

[ 2017-12-13T12:02:25+08:00 ] 127.0.0.1 /api.php/ChannelIndex/index/action/dataList/channel/js/type/1/category_id/0/tag_id/3
INFO: [ app_init ] --START--
INFO: Run Behavior\BuildLiteBehavior [ RunTime:0.000000s ]
INFO: [ app_init ] --END-- [ RunTime:0.000000s ]
INFO: [ app_begin ] --START--
INFO: Run Behavior\ReadHtmlCacheBehavior [ RunTime:0.000000s ]
INFO: [ app_begin ] --END-- [ RunTime:0.000000s ]
INFO: [ action_begin ] --START--
INFO: Run Home\Behaviors\siteBehavior [ RunTime:0.001000s ]
INFO: [ action_begin ] --END-- [ RunTime:0.001000s ]
INFO: [ action_begin ] --START--
INFO: Run Home\Behaviors\siteBehavior [ RunTime:0.000000s ]
INFO: [ action_begin ] --END-- [ RunTime:-0.050003s ]
NOTIC: [8] Undefined index: user_id D:\xampp\htdocs\paoding_new\Application\Api\Logic\ChannelLogic.class.php 第 19 行.
NOTIC: [8] Undefined index: city D:\xampp\htdocs\paoding_new\Application\Api\Logic\ChannelLogic.class.php 第 22 行.
NOTIC: [8] Undefined index: search D:\xampp\htdocs\paoding_new\Application\Api\Logic\ChannelLogic.class.php 第 39 行.
NOTIC: [8] Undefined index: data_by D:\xampp\htdocs\paoding_new\Application\Api\Logic\ChannelLogic.class.php 第 59 行.

[ 2017-12-13T12:02:25+08:00 ] 127.0.0.1 /api.php/ChannelIndex/index/action/dataList/channel/js/type/1
INFO: [ app_init ] --START--
INFO: Run Behavior\BuildLiteBehavior [ RunTime:0.000000s ]
INFO: [ app_init ] --END-- [ RunTime:0.000000s ]
INFO: [ app_begin ] --START--
INFO: Run Behavior\ReadHtmlCacheBehavior [ RunTime:0.000000s ]
INFO: [ app_begin ] --END-- [ RunTime:0.000000s ]
INFO: [ action_begin ] --START--
INFO: Run Home\Behaviors\siteBehavior [ RunTime:0.000000s ]
INFO: [ action_begin ] --END-- [ RunTime:0.000000s ]
INFO: [ action_begin ] --START--
INFO: Run Home\Behaviors\siteBehavior [ RunTime:0.000000s ]
INFO: [ action_begin ] --END-- [ RunTime:-0.088203s ]
NOTIC: [8] Undefined index: user_id D:\xampp\htdocs\paoding_new\Application\Api\Logic\ChannelLogic.class.php 第 19 行.
NOTIC: [8] Undefined index: city D:\xampp\htdocs\paoding_new\Application\Api\Logic\ChannelLogic.class.php 第 22 行.
NOTIC: [8] Undefined index: search D:\xampp\htdocs\paoding_new\Application\Api\Logic\ChannelLogic.class.php 第 39 行.
NOTIC: [8] Undefined index: data_by D:\xampp\htdocs\paoding_new\Application\Api\Logic\ChannelLogic.class.php 第 59 行.
NOTIC: [8] Undefined index: get_page D:\xampp\htdocs\paoding_new\Application\Api\Logic\ChannelLogic.class.php 第 94 行.

[ 2017-12-13T12:02:27+08:00 ] 127.0.0.1 /api.php/ChannelIndex/index/action/dataList/channel/js/type/1/category_id/0/tag_id/0
INFO: [ app_init ] --START--
INFO: Run Behavior\BuildLiteBehavior [ RunTime:0.000000s ]
INFO: [ app_init ] --END-- [ RunTime:0.000000s ]
INFO: [ app_begin ] --START--
INFO: Run Behavior\ReadHtmlCacheBehavior [ RunTime:0.001000s ]
INFO: [ app_begin ] --END-- [ RunTime:0.001000s ]
INFO: [ action_begin ] --START--
INFO: Run Home\Behaviors\siteBehavior [ RunTime:0.000000s ]
INFO: [ action_begin ] --END-- [ RunTime:0.000000s ]
INFO: [ action_begin ] --START--
INFO: Run Home\Behaviors\siteBehavior [ RunTime:0.000000s ]
INFO: [ action_begin ] --END-- [ RunTime:-0.066004s ]
NOTIC: [8] Undefined index: user_id D:\xampp\htdocs\paoding_new\Application\Api\Logic\ChannelLogic.class.php 第 19 行.
NOTIC: [8] Undefined index: city D:\xampp\htdocs\paoding_new\Application\Api\Logic\ChannelLogic.class.php 第 22 行.
NOTIC: [8] Undefined index: search D:\xampp\htdocs\paoding_new\Application\Api\Logic\ChannelLogic.class.php 第 39 行.
NOTIC: [8] Undefined index: data_by D:\xampp\htdocs\paoding_new\Application\Api\Logic\ChannelLogic.class.php 第 59 行.

[ 2017-12-13T12:02:27+08:00 ] 127.0.0.1 /api.php/Setting/settingAbout
INFO: [ app_init ] --START--
INFO: Run Behavior\BuildLiteBehavior [ RunTime:0.000000s ]
INFO: [ app_init ] --END-- [ RunTime:0.000000s ]
INFO: [ app_begin ] --START--
INFO: Run Behavior\ReadHtmlCacheBehavior [ RunTime:0.000000s ]
INFO: [ app_begin ] --END-- [ RunTime:0.001000s ]
INFO: [ action_begin ] --START--
INFO: Run Home\Behaviors\siteBehavior [ RunTime:0.001000s ]
INFO: [ action_begin ] --END-- [ RunTime:0.001000s ]

[ 2017-12-13T12:02:27+08:00 ] 127.0.0.1 /api.php/ChannelIndex/index/action/dataList/channel/js/type/1
INFO: [ app_init ] --START--
INFO: Run Behavior\BuildLiteBehavior [ RunTime:0.000000s ]
INFO: [ app_init ] --END-- [ RunTime:0.000000s ]
INFO: [ app_begin ] --START--
INFO: Run Behavior\ReadHtmlCacheBehavior [ RunTime:0.001000s ]
INFO: [ app_begin ] --END-- [ RunTime:0.001000s ]
INFO: [ action_begin ] --START--
INFO: Run Home\Behaviors\siteBehavior [ RunTime:0.001000s ]
INFO: [ action_begin ] --END-- [ RunTime:0.001000s ]
INFO: [ action_begin ] --START--
INFO: Run Home\Behaviors\siteBehavior [ RunTime:0.000000s ]
INFO: [ action_begin ] --END-- [ RunTime:-0.039002s ]
NOTIC: [8] Undefined index: user_id D:\xampp\htdocs\paoding_new\Application\Api\Logic\ChannelLogic.class.php 第 19 行.
NOTIC: [8] Undefined index: city D:\xampp\htdocs\paoding_new\Application\Api\Logic\ChannelLogic.class.php 第 22 行.
NOTIC: [8] Undefined index: tag_id D:\xampp\htdocs\paoding_new\Application\Api\Logic\ChannelLogic.class.php 第 25 行.
NOTIC: [8] Undefined index: search D:\xampp\htdocs\paoding_new\Application\Api\Logic\ChannelLogic.class.php 第 39 行.
NOTIC: [8] Undefined index: data_by D:\xampp\htdocs\paoding_new\Application\Api\Logic\ChannelLogic.class.php 第 59 行.
NOTIC: [8] Undefined index: get_page D:\xampp\htdocs\paoding_new\Application\Api\Logic\ChannelLogic.class.php 第 94 行.

[ 2017-12-13T12:02:27+08:00 ] 127.0.0.1 /api.php/ChannelIndex/index/action/dataList/channel/js/type/4
INFO: [ app_init ] --START--
INFO: Run Behavior\BuildLiteBehavior [ RunTime:0.000000s ]
INFO: [ app_init ] --END-- [ RunTime:0.001000s ]
INFO: [ app_begin ] --START--
INFO: Run Behavior\ReadHtmlCacheBehavior [ RunTime:0.001001s ]
INFO: [ app_begin ] --END-- [ RunTime:0.001001s ]
INFO: [ action_begin ] --START--
INFO: Run Home\Behaviors\siteBehavior [ RunTime:0.002000s ]
INFO: [ action_begin ] --END-- [ RunTime:0.002000s ]
INFO: [ action_begin ] --START--
INFO: Run Home\Behaviors\siteBehavior [ RunTime:0.000000s ]
INFO: [ action_begin ] --END-- [ RunTime:-0.039002s ]

[ 2017-12-13T12:02:27+08:00 ] 127.0.0.1 /api.php/ChannelIndex/index/action/dataList/channel/js/type/2
INFO: [ app_init ] --START--
INFO: Run Behavior\BuildLiteBehavior [ RunTime:0.000000s ]
INFO: [ app_init ] --END-- [ RunTime:0.000000s ]
INFO: [ app_begin ] --START--
INFO: Run Behavior\ReadHtmlCacheBehavior [ RunTime:0.006001s ]
INFO: [ app_begin ] --END-- [ RunTime:0.006001s ]
INFO: [ action_begin ] --START--
INFO: Run Home\Behaviors\siteBehavior [ RunTime:0.001000s ]
INFO: [ action_begin ] --END-- [ RunTime:0.001000s ]
INFO: [ action_begin ] --START--
INFO: Run Home\Behaviors\siteBehavior [ RunTime:0.000000s ]
INFO: [ action_begin ] --END-- [ RunTime:-0.034002s ]

[ 2017-12-13T12:02:27+08:00 ] 127.0.0.1 /api.php/Paoding/getIndex
INFO: [ app_init ] --START--
INFO: Run Behavior\BuildLiteBehavior [ RunTime:0.000000s ]
INFO: [ app_init ] --END-- [ RunTime:0.001001s ]
INFO: [ app_begin ] --START--
INFO: Run Behavior\ReadHtmlCacheBehavior [ RunTime:0.001001s ]
INFO: [ app_begin ] --END-- [ RunTime:0.001001s ]
INFO: [ action_begin ] --START--
INFO: Run Home\Behaviors\siteBehavior [ RunTime:0.002000s ]
INFO: [ action_begin ] --END-- [ RunTime:0.002000s ]
NOTIC: [8] Undefined index: page_num D:\xampp\htdocs\paoding_new\Application\Api\Controller\PaodingController.class.php 第 34 行.

[ 2017-12-13T12:02:27+08:00 ] 127.0.0.1 /api.php/ChannelIndex/index/action/count/channel/js/type/1
search>>>>>>>>: 
[ 2017-12-13T12:02:27+08:00 ] 127.0.0.1 /api.php/ChannelIndex/index/action/count/channel/js/type/1
>>>>>>>>: null
[ 2017-12-13T12:02:28+08:00 ] 127.0.0.1 /api.php/ChannelIndex/index/action/count/channel/js/type/1
INFO: [ app_init ] --START--
INFO: Run Behavior\BuildLiteBehavior [ RunTime:0.000000s ]
INFO: [ app_init ] --END-- [ RunTime:0.000000s ]
INFO: [ app_begin ] --START--
INFO: Run Behavior\ReadHtmlCacheBehavior [ RunTime:0.000000s ]
INFO: [ app_begin ] --END-- [ RunTime:0.001000s ]
INFO: [ action_begin ] --START--
INFO: Run Home\Behaviors\siteBehavior [ RunTime:0.000000s ]
INFO: [ action_begin ] --END-- [ RunTime:0.001000s ]
NOTIC: [8] Undefined index: category_id D:\xampp\htdocs\paoding_new\Application\Api\Logic\ChannelLogic.class.php 第 241 行.
NOTIC: [8] Undefined index: search D:\xampp\htdocs\paoding_new\Application\Api\Logic\ChannelLogic.class.php 第 244 行.
NOTIC: [8] Undefined index: search D:\xampp\htdocs\paoding_new\Application\Api\Logic\ChannelLogic.class.php 第 247 行.
NOTIC: [8] Undefined variable: where D:\xampp\htdocs\paoding_new\Application\Api\Logic\ChannelLogic.class.php 第 248 行.

[ 2017-12-13T12:02:31+08:00 ] 127.0.0.1 /api.php/ChannelIndex/index/action/dataList/channel/js/type/1/category_id/3/tag_id/0
INFO: [ app_init ] --START--
INFO: Run Behavior\BuildLiteBehavior [ RunTime:0.000000s ]
INFO: [ app_init ] --END-- [ RunTime:0.000000s ]
INFO: [ app_begin ] --START--
INFO: Run Behavior\ReadHtmlCacheBehavior [ RunTime:0.001000s ]
INFO: [ app_begin ] --END-- [ RunTime:0.001000s ]
INFO: [ action_begin ] --START--
INFO: Run Home\Behaviors\siteBehavior [ RunTime:0.000000s ]
INFO: [ action_begin ] --END-- [ RunTime:0.000000s ]
INFO: [ action_begin ] --START--
INFO: Run Home\Behaviors\siteBehavior [ RunTime:0.000000s ]
INFO: [ action_begin ] --END-- [ RunTime:-0.037003s ]
NOTIC: [8] Undefined index: user_id D:\xampp\htdocs\paoding_new\Application\Api\Logic\ChannelLogic.class.php 第 19 行.
NOTIC: [8] Undefined index: city D:\xampp\htdocs\paoding_new\Application\Api\Logic\ChannelLogic.class.php 第 22 行.
NOTIC: [8] Undefined index: search D:\xampp\htdocs\paoding_new\Application\Api\Logic\ChannelLogic.class.php 第 39 行.
NOTIC: [8] Undefined index: data_by D:\xampp\htdocs\paoding_new\Application\Api\Logic\ChannelLogic.class.php 第 59 行.

