[ 2017-10-23T11:41:45+08:00 ] 127.0.0.1 /api.php/ChannelIndex/index/action/dataList/channel/hd/type/1
INFO: [ app_init ] --START--
INFO: Run Behavior\BuildLiteBehavior [ RunTime:0.000000s ]
INFO: [ app_init ] --END-- [ RunTime:0.000000s ]
INFO: [ app_begin ] --START--
INFO: Run Behavior\ReadHtmlCacheBehavior [ RunTime:0.001000s ]
INFO: [ app_begin ] --END-- [ RunTime:0.001000s ]
INFO: [ action_begin ] --START--
INFO: Run Home\Behaviors\siteBehavior [ RunTime:0.002000s ]
INFO: [ action_begin ] --END-- [ RunTime:0.002000s ]
INFO: [ action_begin ] --START--
INFO: Run Home\Behaviors\siteBehavior [ RunTime:0.000000s ]
INFO: [ action_begin ] --END-- [ RunTime:-0.050003s ]
NOTIC: [8] Undefined index: category_id D:\xampp\htdocs\paoding_gemmap\Application\Api\Logic\ChannelLogic.class.php 第 16 行.
NOTIC: [8] Undefined index: user_id D:\xampp\htdocs\paoding_gemmap\Application\Api\Logic\ChannelLogic.class.php 第 19 行.
NOTIC: [8] Undefined index: city D:\xampp\htdocs\paoding_gemmap\Application\Api\Logic\ChannelLogic.class.php 第 22 行.
NOTIC: [8] Undefined index: tag_id D:\xampp\htdocs\paoding_gemmap\Application\Api\Logic\ChannelLogic.class.php 第 25 行.
NOTIC: [8] Undefined index: search D:\xampp\htdocs\paoding_gemmap\Application\Api\Logic\ChannelLogic.class.php 第 39 行.
NOTIC: [8] Undefined index: data_by D:\xampp\htdocs\paoding_gemmap\Application\Api\Logic\ChannelLogic.class.php 第 59 行.
NOTIC: [8] A non well formed numeric value encountered D:\xampp\htdocs\paoding_gemmap\Application\Common\Common\function.php 第 804 行.
NOTIC: [8] Undefined index: tag_id D:\xampp\htdocs\paoding_gemmap\Application\Api\Controller\ActivityController.class.php 第 23 行.
NOTIC: [8] Undefined index: category_id D:\xampp\htdocs\paoding_gemmap\Application\Api\Controller\ActivityController.class.php 第 25 行.
NOTIC: [8] Undefined variable: search D:\xampp\htdocs\paoding_gemmap\Application\Api\Controller\ActivityController.class.php 第 48 行.

[ 2017-10-23T11:41:45+08:00 ] 127.0.0.1 /api.php/ChannelIndex/index/action/dataList/channel/js/type/1
INFO: [ app_init ] --START--
INFO: Run Behavior\BuildLiteBehavior [ RunTime:0.000000s ]
INFO: [ app_init ] --END-- [ RunTime:0.001000s ]
INFO: [ app_begin ] --START--
INFO: Run Behavior\ReadHtmlCacheBehavior [ RunTime:0.001000s ]
INFO: [ app_begin ] --END-- [ RunTime:0.001000s ]
INFO: [ action_begin ] --START--
INFO: Run Home\Behaviors\siteBehavior [ RunTime:0.002000s ]
INFO: [ action_begin ] --END-- [ RunTime:0.002000s ]
INFO: [ action_begin ] --START--
INFO: Run Home\Behaviors\siteBehavior [ RunTime:0.000000s ]
INFO: [ action_begin ] --END-- [ RunTime:-0.037002s ]
NOTIC: [8] Undefined index: category_id D:\xampp\htdocs\paoding_gemmap\Application\Api\Logic\ChannelLogic.class.php 第 16 行.
NOTIC: [8] Undefined index: user_id D:\xampp\htdocs\paoding_gemmap\Application\Api\Logic\ChannelLogic.class.php 第 19 行.
NOTIC: [8] Undefined index: city D:\xampp\htdocs\paoding_gemmap\Application\Api\Logic\ChannelLogic.class.php 第 22 行.
NOTIC: [8] Undefined index: tag_id D:\xampp\htdocs\paoding_gemmap\Application\Api\Logic\ChannelLogic.class.php 第 25 行.
NOTIC: [8] Undefined index: search D:\xampp\htdocs\paoding_gemmap\Application\Api\Logic\ChannelLogic.class.php 第 39 行.
NOTIC: [8] Undefined index: data_by D:\xampp\htdocs\paoding_gemmap\Application\Api\Logic\ChannelLogic.class.php 第 59 行.

[ 2017-10-23T11:41:46+08:00 ] 127.0.0.1 /api.php/ChannelIndex/index/action/dataList/channel/zx/type/1
INFO: [ app_init ] --START--
INFO: Run Behavior\BuildLiteBehavior [ RunTime:0.001000s ]
INFO: [ app_init ] --END-- [ RunTime:0.001000s ]
INFO: [ app_begin ] --START--
INFO: Run Behavior\ReadHtmlCacheBehavior [ RunTime:0.000000s ]
INFO: [ app_begin ] --END-- [ RunTime:0.000000s ]
INFO: [ action_begin ] --START--
INFO: Run Home\Behaviors\siteBehavior [ RunTime:0.002000s ]
INFO: [ action_begin ] --END-- [ RunTime:0.002000s ]
INFO: [ action_begin ] --START--
INFO: Run Home\Behaviors\siteBehavior [ RunTime:0.000000s ]
INFO: [ action_begin ] --END-- [ RunTime:-0.031002s ]
NOTIC: [8] Undefined index: category_id D:\xampp\htdocs\paoding_gemmap\Application\Api\Logic\ChannelLogic.class.php 第 16 行.
NOTIC: [8] Undefined index: user_id D:\xampp\htdocs\paoding_gemmap\Application\Api\Logic\ChannelLogic.class.php 第 19 行.
NOTIC: [8] Undefined index: city D:\xampp\htdocs\paoding_gemmap\Application\Api\Logic\ChannelLogic.class.php 第 22 行.
NOTIC: [8] Undefined index: tag_id D:\xampp\htdocs\paoding_gemmap\Application\Api\Logic\ChannelLogic.class.php 第 25 行.
NOTIC: [8] Undefined index: search D:\xampp\htdocs\paoding_gemmap\Application\Api\Logic\ChannelLogic.class.php 第 39 行.
NOTIC: [8] Undefined index: data_by D:\xampp\htdocs\paoding_gemmap\Application\Api\Logic\ChannelLogic.class.php 第 59 行.

[ 2017-10-23T11:41:46+08:00 ] 127.0.0.1 /api.php/ChannelIndex/index/action/dataList/channel/xq/type/1
INFO: [ app_init ] --START--
INFO: Run Behavior\BuildLiteBehavior [ RunTime:0.000000s ]
INFO: [ app_init ] --END-- [ RunTime:0.000000s ]
INFO: [ app_begin ] --START--
INFO: Run Behavior\ReadHtmlCacheBehavior [ RunTime:0.001000s ]
INFO: [ app_begin ] --END-- [ RunTime:0.001000s ]
INFO: [ action_begin ] --START--
INFO: Run Home\Behaviors\siteBehavior [ RunTime:0.002000s ]
INFO: [ action_begin ] --END-- [ RunTime:0.002000s ]
INFO: [ action_begin ] --START--
INFO: Run Home\Behaviors\siteBehavior [ RunTime:0.000000s ]
INFO: [ action_begin ] --END-- [ RunTime:-0.033002s ]
NOTIC: [8] Undefined index: category_id D:\xampp\htdocs\paoding_gemmap\Application\Api\Logic\ChannelLogic.class.php 第 16 行.
NOTIC: [8] Undefined index: user_id D:\xampp\htdocs\paoding_gemmap\Application\Api\Logic\ChannelLogic.class.php 第 19 行.
NOTIC: [8] Undefined index: city D:\xampp\htdocs\paoding_gemmap\Application\Api\Logic\ChannelLogic.class.php 第 22 行.
NOTIC: [8] Undefined index: tag_id D:\xampp\htdocs\paoding_gemmap\Application\Api\Logic\ChannelLogic.class.php 第 25 行.
NOTIC: [8] Undefined index: search D:\xampp\htdocs\paoding_gemmap\Application\Api\Logic\ChannelLogic.class.php 第 39 行.
NOTIC: [8] Undefined index: data_by D:\xampp\htdocs\paoding_gemmap\Application\Api\Logic\ChannelLogic.class.php 第 59 行.

[ 2017-10-23T11:41:46+08:00 ] 127.0.0.1 /api.php/ChannelIndex/index/action/dataList/channel/hzjg/type/1
INFO: [ app_init ] --START--
INFO: Run Behavior\BuildLiteBehavior [ RunTime:0.000000s ]
INFO: [ app_init ] --END-- [ RunTime:0.001000s ]
INFO: [ app_begin ] --START--
INFO: Run Behavior\ReadHtmlCacheBehavior [ RunTime:0.001000s ]
INFO: [ app_begin ] --END-- [ RunTime:0.001000s ]
INFO: [ action_begin ] --START--
INFO: Run Home\Behaviors\siteBehavior [ RunTime:0.001000s ]
INFO: [ action_begin ] --END-- [ RunTime:0.001000s ]
INFO: [ action_begin ] --START--
INFO: Run Home\Behaviors\siteBehavior [ RunTime:0.000000s ]
INFO: [ action_begin ] --END-- [ RunTime:-0.022002s ]
NOTIC: [8] Undefined index: category_id D:\xampp\htdocs\paoding_gemmap\Application\Api\Logic\ChannelLogic.class.php 第 16 行.
NOTIC: [8] Undefined index: user_id D:\xampp\htdocs\paoding_gemmap\Application\Api\Logic\ChannelLogic.class.php 第 19 行.
NOTIC: [8] Undefined index: city D:\xampp\htdocs\paoding_gemmap\Application\Api\Logic\ChannelLogic.class.php 第 22 行.
NOTIC: [8] Undefined index: tag_id D:\xampp\htdocs\paoding_gemmap\Application\Api\Logic\ChannelLogic.class.php 第 25 行.
NOTIC: [8] Undefined index: search D:\xampp\htdocs\paoding_gemmap\Application\Api\Logic\ChannelLogic.class.php 第 39 行.
NOTIC: [8] Undefined index: order_field D:\xampp\htdocs\paoding_gemmap\Application\Api\Logic\ChannelLogic.class.php 第 56 行.

[ 2017-10-23T11:41:46+08:00 ] 127.0.0.1 /api.php/ChannelIndex/index/action/count/channel/js/type/1
search>>>>>>>>: 
[ 2017-10-23T11:41:46+08:00 ] 127.0.0.1 /api.php/ChannelIndex/index/action/count/channel/js/type/1
>>>>>>>>: null
[ 2017-10-23T11:41:46+08:00 ] 127.0.0.1 /api.php/ChannelIndex/index/action/count/channel/js/type/1
INFO: [ app_init ] --START--
INFO: Run Behavior\BuildLiteBehavior [ RunTime:0.000000s ]
INFO: [ app_init ] --END-- [ RunTime:0.002000s ]
INFO: [ app_begin ] --START--
INFO: Run Behavior\ReadHtmlCacheBehavior [ RunTime:0.001000s ]
INFO: [ app_begin ] --END-- [ RunTime:0.001000s ]
INFO: [ action_begin ] --START--
INFO: Run Home\Behaviors\siteBehavior [ RunTime:0.001000s ]
INFO: [ action_begin ] --END-- [ RunTime:0.001000s ]
NOTIC: [8] Undefined index: category_id D:\xampp\htdocs\paoding_gemmap\Application\Api\Logic\ChannelLogic.class.php 第 242 行.
NOTIC: [8] Undefined index: search D:\xampp\htdocs\paoding_gemmap\Application\Api\Logic\ChannelLogic.class.php 第 245 行.
NOTIC: [8] Undefined index: search D:\xampp\htdocs\paoding_gemmap\Application\Api\Logic\ChannelLogic.class.php 第 248 行.
NOTIC: [8] Undefined variable: where D:\xampp\htdocs\paoding_gemmap\Application\Api\Logic\ChannelLogic.class.php 第 249 行.

[ 2017-10-23T11:41:46+08:00 ] 127.0.0.1 /api.php/ChannelIndex/index/action/count/channel/xq/type/1
search>>>>>>>>: 
[ 2017-10-23T11:41:46+08:00 ] 127.0.0.1 /api.php/ChannelIndex/index/action/count/channel/xq/type/1
>>>>>>>>: null
[ 2017-10-23T11:41:46+08:00 ] 127.0.0.1 /api.php/ChannelIndex/index/action/count/channel/xq/type/1
INFO: [ app_init ] --START--
INFO: Run Behavior\BuildLiteBehavior [ RunTime:0.000000s ]
INFO: [ app_init ] --END-- [ RunTime:0.000000s ]
INFO: [ app_begin ] --START--
INFO: Run Behavior\ReadHtmlCacheBehavior [ RunTime:0.000000s ]
INFO: [ app_begin ] --END-- [ RunTime:0.000000s ]
INFO: [ action_begin ] --START--
INFO: Run Home\Behaviors\siteBehavior [ RunTime:0.001000s ]
INFO: [ action_begin ] --END-- [ RunTime:0.001000s ]
NOTIC: [8] Undefined index: category_id D:\xampp\htdocs\paoding_gemmap\Application\Api\Logic\ChannelLogic.class.php 第 242 行.
NOTIC: [8] Undefined index: search D:\xampp\htdocs\paoding_gemmap\Application\Api\Logic\ChannelLogic.class.php 第 245 行.
NOTIC: [8] Undefined index: search D:\xampp\htdocs\paoding_gemmap\Application\Api\Logic\ChannelLogic.class.php 第 248 行.
NOTIC: [8] Undefined variable: where D:\xampp\htdocs\paoding_gemmap\Application\Api\Logic\ChannelLogic.class.php 第 249 行.

[ 2017-10-23T11:41:46+08:00 ] 127.0.0.1 /api.php/ChannelIndex/index/action/count/channel/fwdj/type/1
search>>>>>>>>: 
[ 2017-10-23T11:41:46+08:00 ] 127.0.0.1 /api.php/ChannelIndex/index/action/count/channel/fwdj/type/1
>>>>>>>>: null
[ 2017-10-23T11:41:46+08:00 ] 127.0.0.1 /api.php/ChannelIndex/index/action/count/channel/fwdj/type/1
INFO: [ app_init ] --START--
INFO: Run Behavior\BuildLiteBehavior [ RunTime:0.000000s ]
INFO: [ app_init ] --END-- [ RunTime:0.001000s ]
INFO: [ app_begin ] --START--
INFO: Run Behavior\ReadHtmlCacheBehavior [ RunTime:0.001000s ]
INFO: [ app_begin ] --END-- [ RunTime:0.001000s ]
INFO: [ action_begin ] --START--
INFO: Run Home\Behaviors\siteBehavior [ RunTime:0.001000s ]
INFO: [ action_begin ] --END-- [ RunTime:0.001000s ]
NOTIC: [8] Undefined index: category_id D:\xampp\htdocs\paoding_gemmap\Application\Api\Logic\ChannelLogic.class.php 第 242 行.
NOTIC: [8] Undefined index: search D:\xampp\htdocs\paoding_gemmap\Application\Api\Logic\ChannelLogic.class.php 第 245 行.
NOTIC: [8] Undefined index: search D:\xampp\htdocs\paoding_gemmap\Application\Api\Logic\ChannelLogic.class.php 第 248 行.
NOTIC: [8] Undefined variable: where D:\xampp\htdocs\paoding_gemmap\Application\Api\Logic\ChannelLogic.class.php 第 249 行.

[ 2017-10-23T11:41:46+08:00 ] 127.0.0.1 /api.php/Setting/settingAbout
INFO: [ app_init ] --START--
INFO: Run Behavior\BuildLiteBehavior [ RunTime:0.000000s ]
INFO: [ app_init ] --END-- [ RunTime:0.001000s ]
INFO: [ app_begin ] --START--
INFO: Run Behavior\ReadHtmlCacheBehavior [ RunTime:0.001000s ]
INFO: [ app_begin ] --END-- [ RunTime:0.001000s ]
INFO: [ action_begin ] --START--
INFO: Run Home\Behaviors\siteBehavior [ RunTime:0.001000s ]
INFO: [ action_begin ] --END-- [ RunTime:0.001000s ]

