[ 2017-08-14T00:30:44+08:00 ] 221.205.126.232 /index.php/Wechat/Wechat/index/action/redirect?code=071Hosyy0UEgKj1uTLwy0UBsyy0Hosy8&state=1502641841
INFO: [ app_init ] --START--
INFO: Run Behavior\BuildLiteBehavior [ RunTime:0.000013s ]
INFO: [ app_init ] --END-- [ RunTime:0.000350s ]
INFO: [ app_begin ] --START--
INFO: Run Behavior\ReadHtmlCacheBehavior [ RunTime:0.000316s ]
INFO: [ app_begin ] --END-- [ RunTime:0.000359s ]
NOTIC: [8] Undefined index: userArr /var/www/html/paoding_gemmap/Application/Wechat/Controller/WechatController.class.php 第 87 行.
NOTIC: [8] Undefined index: sex /var/www/html/paoding_gemmap/Application/Wechat/Controller/WechatController.class.php 第 97 行.
NOTIC: [8] Undefined index: nickname /var/www/html/paoding_gemmap/Application/Wechat/Controller/WechatController.class.php 第 115 行.
NOTIC: [8] Undefined index: province /var/www/html/paoding_gemmap/Application/Wechat/Controller/WechatController.class.php 第 117 行.
NOTIC: [8] Undefined index: city /var/www/html/paoding_gemmap/Application/Wechat/Controller/WechatController.class.php 第 118 行.
NOTIC: [8] Undefined index: headimgurl /var/www/html/paoding_gemmap/Application/Wechat/Controller/WechatController.class.php 第 119 行.
NOTIC: [8] Undefined index: nickname /var/www/html/paoding_gemmap/Application/Wechat/Controller/WechatController.class.php 第 122 行.

[ 2017-08-14T00:33:54+08:00 ] 221.205.126.232 /index.php/Wechat/Wechat/index/action/redirect?code=081CCBrl1vYOdj0dDLpl1w9xrl1CCBrr&state=1502641841
INFO: [ app_init ] --START--
INFO: Run Behavior\BuildLiteBehavior [ RunTime:0.000013s ]
INFO: [ app_init ] --END-- [ RunTime:0.000256s ]
INFO: [ app_begin ] --START--
INFO: Run Behavior\ReadHtmlCacheBehavior [ RunTime:0.000382s ]
INFO: [ app_begin ] --END-- [ RunTime:0.000437s ]
NOTIC: [8] Undefined index: sex /var/www/html/paoding_gemmap/Application/Wechat/Controller/WechatController.class.php 第 97 行.
NOTIC: [8] Undefined index: nickname /var/www/html/paoding_gemmap/Application/Wechat/Controller/WechatController.class.php 第 115 行.
NOTIC: [8] Undefined index: province /var/www/html/paoding_gemmap/Application/Wechat/Controller/WechatController.class.php 第 117 行.
NOTIC: [8] Undefined index: city /var/www/html/paoding_gemmap/Application/Wechat/Controller/WechatController.class.php 第 118 行.
NOTIC: [8] Undefined index: headimgurl /var/www/html/paoding_gemmap/Application/Wechat/Controller/WechatController.class.php 第 119 行.
NOTIC: [8] Undefined index: nickname /var/www/html/paoding_gemmap/Application/Wechat/Controller/WechatController.class.php 第 122 行.
NOTIC: [8] Undefined variable: unionidUserId /var/www/html/paoding_gemmap/Application/Wechat/Controller/WechatController.class.php 第 132 行.

[ 2017-08-14T07:58:41+08:00 ] 101.90.127.187 /index.php/Wechat/Wechat/index/action/redirect?code=0112lYNS0lAlaW1eH6OS0TcINS02lYNu&state=1502668719
INFO: [ app_init ] --START--
INFO: Run Behavior\BuildLiteBehavior [ RunTime:0.000013s ]
INFO: [ app_init ] --END-- [ RunTime:0.000242s ]
INFO: [ app_begin ] --START--
INFO: Run Behavior\ReadHtmlCacheBehavior [ RunTime:0.000313s ]
INFO: [ app_begin ] --END-- [ RunTime:0.000356s ]
NOTIC: [8] Undefined index: userArr /var/www/html/paoding_gemmap/Application/Wechat/Controller/WechatController.class.php 第 87 行.
NOTIC: [8] Undefined index: sex /var/www/html/paoding_gemmap/Application/Wechat/Controller/WechatController.class.php 第 97 行.
NOTIC: [8] Undefined index: nickname /var/www/html/paoding_gemmap/Application/Wechat/Controller/WechatController.class.php 第 115 行.
NOTIC: [8] Undefined index: province /var/www/html/paoding_gemmap/Application/Wechat/Controller/WechatController.class.php 第 117 行.
NOTIC: [8] Undefined index: city /var/www/html/paoding_gemmap/Application/Wechat/Controller/WechatController.class.php 第 118 行.
NOTIC: [8] Undefined index: headimgurl /var/www/html/paoding_gemmap/Application/Wechat/Controller/WechatController.class.php 第 119 行.
NOTIC: [8] Undefined index: nickname /var/www/html/paoding_gemmap/Application/Wechat/Controller/WechatController.class.php 第 122 行.

[ 2017-08-14T08:25:17+08:00 ] 168.160.97.10 /index.php/Wechat/Wechat/index/action/redirect?code=021OpiFK1LFkY60ap1GK1cayFK1OpiFN&state=1502670280
INFO: [ app_init ] --START--
INFO: Run Behavior\BuildLiteBehavior [ RunTime:0.000014s ]
INFO: [ app_init ] --END-- [ RunTime:0.000272s ]
INFO: [ app_begin ] --START--
INFO: Run Behavior\ReadHtmlCacheBehavior [ RunTime:0.000315s ]
INFO: [ app_begin ] --END-- [ RunTime:0.000359s ]
NOTIC: [8] Undefined index: userArr /var/www/html/paoding_gemmap/Application/Wechat/Controller/WechatController.class.php 第 87 行.
NOTIC: [8] Undefined index: sex /var/www/html/paoding_gemmap/Application/Wechat/Controller/WechatController.class.php 第 97 行.
NOTIC: [8] Undefined index: nickname /var/www/html/paoding_gemmap/Application/Wechat/Controller/WechatController.class.php 第 115 行.
NOTIC: [8] Undefined index: province /var/www/html/paoding_gemmap/Application/Wechat/Controller/WechatController.class.php 第 117 行.
NOTIC: [8] Undefined index: city /var/www/html/paoding_gemmap/Application/Wechat/Controller/WechatController.class.php 第 118 行.
NOTIC: [8] Undefined index: headimgurl /var/www/html/paoding_gemmap/Application/Wechat/Controller/WechatController.class.php 第 119 行.
NOTIC: [8] Undefined index: nickname /var/www/html/paoding_gemmap/Application/Wechat/Controller/WechatController.class.php 第 122 行.

[ 2017-08-14T11:58:48+08:00 ] 123.151.153.36 /index.php/Wechat/Wechat/index/action/redirect?code=061wwHIi0lzNVl1kP9Hi0sBQIi0wwHIm&state=1502683125
INFO: [ app_init ] --START--
INFO: Run Behavior\BuildLiteBehavior [ RunTime:0.000012s ]
INFO: [ app_init ] --END-- [ RunTime:0.000244s ]
INFO: [ app_begin ] --START--
INFO: Run Behavior\ReadHtmlCacheBehavior [ RunTime:0.000321s ]
INFO: [ app_begin ] --END-- [ RunTime:0.000365s ]
NOTIC: [8] Undefined index: userArr /var/www/html/paoding_gemmap/Application/Wechat/Controller/WechatController.class.php 第 87 行.
NOTIC: [8] Undefined index: sex /var/www/html/paoding_gemmap/Application/Wechat/Controller/WechatController.class.php 第 97 行.
NOTIC: [8] Undefined index: nickname /var/www/html/paoding_gemmap/Application/Wechat/Controller/WechatController.class.php 第 115 行.
NOTIC: [8] Undefined index: province /var/www/html/paoding_gemmap/Application/Wechat/Controller/WechatController.class.php 第 117 行.
NOTIC: [8] Undefined index: city /var/www/html/paoding_gemmap/Application/Wechat/Controller/WechatController.class.php 第 118 行.
NOTIC: [8] Undefined index: headimgurl /var/www/html/paoding_gemmap/Application/Wechat/Controller/WechatController.class.php 第 119 行.
NOTIC: [8] Undefined index: nickname /var/www/html/paoding_gemmap/Application/Wechat/Controller/WechatController.class.php 第 122 行.
NOTIC: [8] Undefined variable: unionidUserId /var/www/html/paoding_gemmap/Application/Wechat/Controller/WechatController.class.php 第 132 行.

[ 2017-08-14T12:28:44+08:00 ] 117.136.41.44 /index.php/Wechat/Wechat/index/action/redirect?code=021pJHJp12p4Fn0yPDIp1cL4Kp1pJHJg&state=1502684917
INFO: [ app_init ] --START--
INFO: Run Behavior\BuildLiteBehavior [ RunTime:0.000013s ]
INFO: [ app_init ] --END-- [ RunTime:0.000250s ]
INFO: [ app_begin ] --START--
INFO: Run Behavior\ReadHtmlCacheBehavior [ RunTime:0.000359s ]
INFO: [ app_begin ] --END-- [ RunTime:0.000403s ]
NOTIC: [8] Undefined index: userArr /var/www/html/paoding_gemmap/Application/Wechat/Controller/WechatController.class.php 第 87 行.
NOTIC: [8] Undefined index: sex /var/www/html/paoding_gemmap/Application/Wechat/Controller/WechatController.class.php 第 97 行.
NOTIC: [8] Undefined index: nickname /var/www/html/paoding_gemmap/Application/Wechat/Controller/WechatController.class.php 第 115 行.
NOTIC: [8] Undefined index: province /var/www/html/paoding_gemmap/Application/Wechat/Controller/WechatController.class.php 第 117 行.
NOTIC: [8] Undefined index: city /var/www/html/paoding_gemmap/Application/Wechat/Controller/WechatController.class.php 第 118 行.
NOTIC: [8] Undefined index: headimgurl /var/www/html/paoding_gemmap/Application/Wechat/Controller/WechatController.class.php 第 119 行.
NOTIC: [8] Undefined index: nickname /var/www/html/paoding_gemmap/Application/Wechat/Controller/WechatController.class.php 第 122 行.

[ 2017-08-14T12:35:36+08:00 ] 101.226.33.200 /index.php/Wechat/Wechat/index/action/redirect
INFO: [ app_init ] --START--
INFO: Run Behavior\BuildLiteBehavior [ RunTime:0.000013s ]
INFO: [ app_init ] --END-- [ RunTime:0.000246s ]
INFO: [ app_begin ] --START--
INFO: Run Behavior\ReadHtmlCacheBehavior [ RunTime:0.000315s ]
INFO: [ app_begin ] --END-- [ RunTime:0.000359s ]
INFO: [ app_end ] --START--
INFO: Run Behavior\ShowPageTraceBehavior [ RunTime:0.000568s ]
INFO: [ app_end ] --END-- [ RunTime:0.000672s ]

[ 2017-08-14T13:11:27+08:00 ] 113.200.21.82 /index.php/Wechat/Wechat/index/action/redirect?code=001MfKus0vTbhb1Y95vs09Dyus0MfKud&state=1502687484
INFO: [ app_init ] --START--
INFO: Run Behavior\BuildLiteBehavior [ RunTime:0.000012s ]
INFO: [ app_init ] --END-- [ RunTime:0.000245s ]
INFO: [ app_begin ] --START--
INFO: Run Behavior\ReadHtmlCacheBehavior [ RunTime:0.000316s ]
INFO: [ app_begin ] --END-- [ RunTime:0.000369s ]
NOTIC: [8] Undefined index: userArr /var/www/html/paoding_gemmap/Application/Wechat/Controller/WechatController.class.php 第 87 行.
NOTIC: [8] Undefined index: sex /var/www/html/paoding_gemmap/Application/Wechat/Controller/WechatController.class.php 第 97 行.
NOTIC: [8] Undefined index: nickname /var/www/html/paoding_gemmap/Application/Wechat/Controller/WechatController.class.php 第 115 行.
NOTIC: [8] Undefined index: province /var/www/html/paoding_gemmap/Application/Wechat/Controller/WechatController.class.php 第 117 行.
NOTIC: [8] Undefined index: city /var/www/html/paoding_gemmap/Application/Wechat/Controller/WechatController.class.php 第 118 行.
NOTIC: [8] Undefined index: headimgurl /var/www/html/paoding_gemmap/Application/Wechat/Controller/WechatController.class.php 第 119 行.
NOTIC: [8] Undefined index: nickname /var/www/html/paoding_gemmap/Application/Wechat/Controller/WechatController.class.php 第 122 行.

[ 2017-08-14T13:12:44+08:00 ] 123.151.42.57 /index.php/Wechat/Wechat/index/action/redirect?code=071XNjKa1vTUXs0W5wKa1GPpKa1XNjKF&state=1502687560
INFO: [ app_init ] --START--
INFO: Run Behavior\BuildLiteBehavior [ RunTime:0.000015s ]
INFO: [ app_init ] --END-- [ RunTime:0.000313s ]
INFO: [ app_begin ] --START--
INFO: Run Behavior\ReadHtmlCacheBehavior [ RunTime:0.000329s ]
INFO: [ app_begin ] --END-- [ RunTime:0.000415s ]
NOTIC: [8] Undefined index: userArr /var/www/html/paoding_gemmap/Application/Wechat/Controller/WechatController.class.php 第 87 行.
NOTIC: [8] Undefined index: sex /var/www/html/paoding_gemmap/Application/Wechat/Controller/WechatController.class.php 第 97 行.
NOTIC: [8] Undefined index: nickname /var/www/html/paoding_gemmap/Application/Wechat/Controller/WechatController.class.php 第 115 行.
NOTIC: [8] Undefined index: province /var/www/html/paoding_gemmap/Application/Wechat/Controller/WechatController.class.php 第 117 行.
NOTIC: [8] Undefined index: city /var/www/html/paoding_gemmap/Application/Wechat/Controller/WechatController.class.php 第 118 行.
NOTIC: [8] Undefined index: headimgurl /var/www/html/paoding_gemmap/Application/Wechat/Controller/WechatController.class.php 第 119 行.
NOTIC: [8] Undefined index: nickname /var/www/html/paoding_gemmap/Application/Wechat/Controller/WechatController.class.php 第 122 行.

[ 2017-08-14T13:54:18+08:00 ] 123.151.139.155 /index.php/Wechat/Wechat/index/action/redirect?code=021Fqhxe1aNUCu0eb0ve1IGkxe1FqhxJ&state=1502690053
INFO: [ app_init ] --START--
INFO: Run Behavior\BuildLiteBehavior [ RunTime:0.000013s ]
INFO: [ app_init ] --END-- [ RunTime:0.000243s ]
INFO: [ app_begin ] --START--
INFO: Run Behavior\ReadHtmlCacheBehavior [ RunTime:0.000313s ]
INFO: [ app_begin ] --END-- [ RunTime:0.000357s ]
NOTIC: [8] Undefined index: userArr /var/www/html/paoding_gemmap/Application/Wechat/Controller/WechatController.class.php 第 87 行.
NOTIC: [8] Undefined index: sex /var/www/html/paoding_gemmap/Application/Wechat/Controller/WechatController.class.php 第 97 行.
NOTIC: [8] Undefined index: nickname /var/www/html/paoding_gemmap/Application/Wechat/Controller/WechatController.class.php 第 115 行.
NOTIC: [8] Undefined index: province /var/www/html/paoding_gemmap/Application/Wechat/Controller/WechatController.class.php 第 117 行.
NOTIC: [8] Undefined index: city /var/www/html/paoding_gemmap/Application/Wechat/Controller/WechatController.class.php 第 118 行.
NOTIC: [8] Undefined index: headimgurl /var/www/html/paoding_gemmap/Application/Wechat/Controller/WechatController.class.php 第 119 行.
NOTIC: [8] Undefined index: nickname /var/www/html/paoding_gemmap/Application/Wechat/Controller/WechatController.class.php 第 122 行.

[ 2017-08-14T16:02:34+08:00 ] 14.17.11.196 /index.php/Wechat/Wechat/index/action/redirect?code=001VdHUW0yIkRW1x0wUW0HUHUW0VdHUC&state=1502697750
INFO: [ app_init ] --START--
INFO: Run Behavior\BuildLiteBehavior [ RunTime:0.000013s ]
INFO: [ app_init ] --END-- [ RunTime:0.000255s ]
INFO: [ app_begin ] --START--
INFO: Run Behavior\ReadHtmlCacheBehavior [ RunTime:0.000325s ]
INFO: [ app_begin ] --END-- [ RunTime:0.000369s ]
NOTIC: [8] Undefined index: userArr /var/www/html/paoding_gemmap/Application/Wechat/Controller/WechatController.class.php 第 87 行.
NOTIC: [8] Undefined index: sex /var/www/html/paoding_gemmap/Application/Wechat/Controller/WechatController.class.php 第 97 行.
NOTIC: [8] Undefined index: nickname /var/www/html/paoding_gemmap/Application/Wechat/Controller/WechatController.class.php 第 115 行.
NOTIC: [8] Undefined index: province /var/www/html/paoding_gemmap/Application/Wechat/Controller/WechatController.class.php 第 117 行.
NOTIC: [8] Undefined index: city /var/www/html/paoding_gemmap/Application/Wechat/Controller/WechatController.class.php 第 118 行.
NOTIC: [8] Undefined index: headimgurl /var/www/html/paoding_gemmap/Application/Wechat/Controller/WechatController.class.php 第 119 行.
NOTIC: [8] Undefined index: nickname /var/www/html/paoding_gemmap/Application/Wechat/Controller/WechatController.class.php 第 122 行.

