[ 2017-08-10T00:02:13+08:00 ] 14.17.37.69 /index.php/Wechat/Wechat/index/action/redirect?code=081am85K0A5Gq42qxr3K015r5K0am859&state=1502294531
INFO: [ app_init ] --START--
INFO: Run Behavior\BuildLiteBehavior [ RunTime:0.000013s ]
INFO: [ app_init ] --END-- [ RunTime:0.000278s ]
INFO: [ app_begin ] --START--
INFO: Run Behavior\ReadHtmlCacheBehavior [ RunTime:0.000320s ]
INFO: [ app_begin ] --END-- [ RunTime:0.000363s ]
NOTIC: [8] Undefined index: userArr /var/www/html/paoding_gemmap/Application/Wechat/Controller/WechatController.class.php 第 87 行.
NOTIC: [8] Undefined index: sex /var/www/html/paoding_gemmap/Application/Wechat/Controller/WechatController.class.php 第 97 行.
NOTIC: [8] Undefined index: nickname /var/www/html/paoding_gemmap/Application/Wechat/Controller/WechatController.class.php 第 115 行.
NOTIC: [8] Undefined index: province /var/www/html/paoding_gemmap/Application/Wechat/Controller/WechatController.class.php 第 117 行.
NOTIC: [8] Undefined index: city /var/www/html/paoding_gemmap/Application/Wechat/Controller/WechatController.class.php 第 118 行.
NOTIC: [8] Undefined index: headimgurl /var/www/html/paoding_gemmap/Application/Wechat/Controller/WechatController.class.php 第 119 行.
NOTIC: [8] Undefined index: nickname /var/www/html/paoding_gemmap/Application/Wechat/Controller/WechatController.class.php 第 122 行.

[ 2017-08-10T11:10:16+08:00 ] 183.60.52.5 /index.php/Wechat/Wechat/index/action/redirect?code=081GkFZQ1t4X171n93YQ1vnoZQ1GkFZQ&state=1502334613
INFO: [ app_init ] --START--
INFO: Run Behavior\BuildLiteBehavior [ RunTime:0.000012s ]
INFO: [ app_init ] --END-- [ RunTime:0.000241s ]
INFO: [ app_begin ] --START--
INFO: Run Behavior\ReadHtmlCacheBehavior [ RunTime:0.000374s ]
INFO: [ app_begin ] --END-- [ RunTime:0.000419s ]
NOTIC: [8] Undefined index: userArr /var/www/html/paoding_gemmap/Application/Wechat/Controller/WechatController.class.php 第 87 行.
NOTIC: [8] Undefined index: sex /var/www/html/paoding_gemmap/Application/Wechat/Controller/WechatController.class.php 第 97 行.
NOTIC: [8] Undefined index: nickname /var/www/html/paoding_gemmap/Application/Wechat/Controller/WechatController.class.php 第 115 行.
NOTIC: [8] Undefined index: province /var/www/html/paoding_gemmap/Application/Wechat/Controller/WechatController.class.php 第 117 行.
NOTIC: [8] Undefined index: city /var/www/html/paoding_gemmap/Application/Wechat/Controller/WechatController.class.php 第 118 行.
NOTIC: [8] Undefined index: headimgurl /var/www/html/paoding_gemmap/Application/Wechat/Controller/WechatController.class.php 第 119 行.
NOTIC: [8] Undefined index: nickname /var/www/html/paoding_gemmap/Application/Wechat/Controller/WechatController.class.php 第 122 行.

[ 2017-08-10T11:10:23+08:00 ] 183.60.52.5 /index.php/Wechat/Wechat/index/action/redirect?code=011UwyPk1zOMPj0gRfPk13ohPk1UwyPp&state=1502334613
INFO: [ app_init ] --START--
INFO: Run Behavior\BuildLiteBehavior [ RunTime:0.000012s ]
INFO: [ app_init ] --END-- [ RunTime:0.000244s ]
INFO: [ app_begin ] --START--
INFO: Run Behavior\ReadHtmlCacheBehavior [ RunTime:0.000317s ]
INFO: [ app_begin ] --END-- [ RunTime:0.000360s ]
NOTIC: [8] Undefined index: sex /var/www/html/paoding_gemmap/Application/Wechat/Controller/WechatController.class.php 第 97 行.
NOTIC: [8] Undefined index: nickname /var/www/html/paoding_gemmap/Application/Wechat/Controller/WechatController.class.php 第 115 行.
NOTIC: [8] Undefined index: province /var/www/html/paoding_gemmap/Application/Wechat/Controller/WechatController.class.php 第 117 行.
NOTIC: [8] Undefined index: city /var/www/html/paoding_gemmap/Application/Wechat/Controller/WechatController.class.php 第 118 行.
NOTIC: [8] Undefined index: headimgurl /var/www/html/paoding_gemmap/Application/Wechat/Controller/WechatController.class.php 第 119 行.
NOTIC: [8] Undefined index: nickname /var/www/html/paoding_gemmap/Application/Wechat/Controller/WechatController.class.php 第 122 行.
NOTIC: [8] Undefined variable: unionidUserId /var/www/html/paoding_gemmap/Application/Wechat/Controller/WechatController.class.php 第 132 行.

[ 2017-08-10T12:58:12+08:00 ] 14.17.37.68 /index.php/Wechat/Wechat/index/action/redirect?code=011BWbur0IP6Ec1lqiur0d26ur0BWbu6&state=1502341088
INFO: [ app_init ] --START--
INFO: Run Behavior\BuildLiteBehavior [ RunTime:0.000019s ]
INFO: [ app_init ] --END-- [ RunTime:0.000297s ]
INFO: [ app_begin ] --START--
INFO: Run Behavior\ReadHtmlCacheBehavior [ RunTime:0.000343s ]
INFO: [ app_begin ] --END-- [ RunTime:0.000393s ]
NOTIC: [8] Undefined index: userArr /var/www/html/paoding_gemmap/Application/Wechat/Controller/WechatController.class.php 第 87 行.
NOTIC: [8] Undefined index: sex /var/www/html/paoding_gemmap/Application/Wechat/Controller/WechatController.class.php 第 97 行.
NOTIC: [8] Undefined index: nickname /var/www/html/paoding_gemmap/Application/Wechat/Controller/WechatController.class.php 第 115 行.
NOTIC: [8] Undefined index: province /var/www/html/paoding_gemmap/Application/Wechat/Controller/WechatController.class.php 第 117 行.
NOTIC: [8] Undefined index: city /var/www/html/paoding_gemmap/Application/Wechat/Controller/WechatController.class.php 第 118 行.
NOTIC: [8] Undefined index: headimgurl /var/www/html/paoding_gemmap/Application/Wechat/Controller/WechatController.class.php 第 119 行.
NOTIC: [8] Undefined index: nickname /var/www/html/paoding_gemmap/Application/Wechat/Controller/WechatController.class.php 第 122 行.

[ 2017-08-10T12:58:19+08:00 ] 101.226.99.197 /index.php/Wechat/Wechat/index/action/redirect
INFO: [ app_init ] --START--
INFO: Run Behavior\BuildLiteBehavior [ RunTime:0.000022s ]
INFO: [ app_init ] --END-- [ RunTime:0.000270s ]
INFO: [ app_begin ] --START--
INFO: Run Behavior\ReadHtmlCacheBehavior [ RunTime:0.000414s ]
INFO: [ app_begin ] --END-- [ RunTime:0.000463s ]
INFO: [ app_end ] --START--
INFO: Run Behavior\ShowPageTraceBehavior [ RunTime:0.000586s ]
INFO: [ app_end ] --END-- [ RunTime:0.000736s ]

[ 2017-08-10T13:44:57+08:00 ] 112.17.235.144 /index.php/Wechat/Wechat/index/action/redirect?code=011amguu0oPZqe1R1fsu0LFkuu0amguM&state=1502343894
INFO: [ app_init ] --START--
INFO: Run Behavior\BuildLiteBehavior [ RunTime:0.000013s ]
INFO: [ app_init ] --END-- [ RunTime:0.000247s ]
INFO: [ app_begin ] --START--
INFO: Run Behavior\ReadHtmlCacheBehavior [ RunTime:0.000319s ]
INFO: [ app_begin ] --END-- [ RunTime:0.000362s ]
NOTIC: [8] Undefined index: userArr /var/www/html/paoding_gemmap/Application/Wechat/Controller/WechatController.class.php 第 87 行.
NOTIC: [8] Undefined index: sex /var/www/html/paoding_gemmap/Application/Wechat/Controller/WechatController.class.php 第 97 行.
NOTIC: [8] Undefined index: nickname /var/www/html/paoding_gemmap/Application/Wechat/Controller/WechatController.class.php 第 115 行.
NOTIC: [8] Undefined index: province /var/www/html/paoding_gemmap/Application/Wechat/Controller/WechatController.class.php 第 117 行.
NOTIC: [8] Undefined index: city /var/www/html/paoding_gemmap/Application/Wechat/Controller/WechatController.class.php 第 118 行.
NOTIC: [8] Undefined index: headimgurl /var/www/html/paoding_gemmap/Application/Wechat/Controller/WechatController.class.php 第 119 行.
NOTIC: [8] Undefined index: nickname /var/www/html/paoding_gemmap/Application/Wechat/Controller/WechatController.class.php 第 122 行.

[ 2017-08-10T14:00:43+08:00 ] 59.41.183.20 /index.php/Wechat/Wechat/index/action/redirect?code=021OfJSQ07APdb2WVvSQ0LkmSQ0OfJSi&state=1502344841
INFO: [ app_init ] --START--
INFO: Run Behavior\BuildLiteBehavior [ RunTime:0.000015s ]
INFO: [ app_init ] --END-- [ RunTime:0.000258s ]
INFO: [ app_begin ] --START--
INFO: Run Behavior\ReadHtmlCacheBehavior [ RunTime:0.000428s ]
INFO: [ app_begin ] --END-- [ RunTime:0.000473s ]
NOTIC: [8] Undefined index: userArr /var/www/html/paoding_gemmap/Application/Wechat/Controller/WechatController.class.php 第 87 行.
NOTIC: [8] Undefined index: sex /var/www/html/paoding_gemmap/Application/Wechat/Controller/WechatController.class.php 第 97 行.
NOTIC: [8] Undefined index: nickname /var/www/html/paoding_gemmap/Application/Wechat/Controller/WechatController.class.php 第 115 行.
NOTIC: [8] Undefined index: province /var/www/html/paoding_gemmap/Application/Wechat/Controller/WechatController.class.php 第 117 行.
NOTIC: [8] Undefined index: city /var/www/html/paoding_gemmap/Application/Wechat/Controller/WechatController.class.php 第 118 行.
NOTIC: [8] Undefined index: headimgurl /var/www/html/paoding_gemmap/Application/Wechat/Controller/WechatController.class.php 第 119 行.
NOTIC: [8] Undefined index: nickname /var/www/html/paoding_gemmap/Application/Wechat/Controller/WechatController.class.php 第 122 行.

