[ 2017-07-22T12:48:27+08:00 ] 101.226.102.140 /index.php/Wechat/Wechat/index/action/redirect?code=011n7Rvj0pR4ak1kLstj0FXUvj0n7Rv5&state=1500698902
INFO: [ app_init ] --START--
INFO: Run Behavior\BuildLiteBehavior [ RunTime:0.000013s ]
INFO: [ app_init ] --END-- [ RunTime:0.000297s ]
INFO: [ app_begin ] --START--
INFO: Run Behavior\ReadHtmlCacheBehavior [ RunTime:0.000320s ]
INFO: [ app_begin ] --END-- [ RunTime:0.000436s ]
NOTIC: [8] Undefined index: userArr /var/www/html/paoding_gemmap/Application/Wechat/Controller/WechatController.class.php 第 87 行.
NOTIC: [8] Undefined index: sex /var/www/html/paoding_gemmap/Application/Wechat/Controller/WechatController.class.php 第 97 行.
NOTIC: [8] Undefined index: nickname /var/www/html/paoding_gemmap/Application/Wechat/Controller/WechatController.class.php 第 115 行.
NOTIC: [8] Undefined index: province /var/www/html/paoding_gemmap/Application/Wechat/Controller/WechatController.class.php 第 117 行.
NOTIC: [8] Undefined index: city /var/www/html/paoding_gemmap/Application/Wechat/Controller/WechatController.class.php 第 118 行.
NOTIC: [8] Undefined index: headimgurl /var/www/html/paoding_gemmap/Application/Wechat/Controller/WechatController.class.php 第 119 行.
NOTIC: [8] Undefined index: nickname /var/www/html/paoding_gemmap/Application/Wechat/Controller/WechatController.class.php 第 122 行.

[ 2017-07-22T13:59:40+08:00 ] 116.22.54.51 /index.php/Wechat/Wechat/index/action/redirect?code=031fNjbi1spefA0gQl9i1jdmbi1fNjbA&state=1500703178
INFO: [ app_init ] --START--
INFO: Run Behavior\BuildLiteBehavior [ RunTime:0.000013s ]
INFO: [ app_init ] --END-- [ RunTime:0.000253s ]
INFO: [ app_begin ] --START--
INFO: Run Behavior\ReadHtmlCacheBehavior [ RunTime:0.000339s ]
INFO: [ app_begin ] --END-- [ RunTime:0.000388s ]
NOTIC: [8] Undefined index: userArr /var/www/html/paoding_gemmap/Application/Wechat/Controller/WechatController.class.php 第 87 行.
NOTIC: [8] Undefined index: sex /var/www/html/paoding_gemmap/Application/Wechat/Controller/WechatController.class.php 第 97 行.
NOTIC: [8] Undefined index: nickname /var/www/html/paoding_gemmap/Application/Wechat/Controller/WechatController.class.php 第 115 行.
NOTIC: [8] Undefined index: province /var/www/html/paoding_gemmap/Application/Wechat/Controller/WechatController.class.php 第 117 行.
NOTIC: [8] Undefined index: city /var/www/html/paoding_gemmap/Application/Wechat/Controller/WechatController.class.php 第 118 行.
NOTIC: [8] Undefined index: headimgurl /var/www/html/paoding_gemmap/Application/Wechat/Controller/WechatController.class.php 第 119 行.
NOTIC: [8] Undefined index: nickname /var/www/html/paoding_gemmap/Application/Wechat/Controller/WechatController.class.php 第 122 行.

[ 2017-07-22T19:25:36+08:00 ] 182.140.177.165 /index.php/Wechat/Wechat/index/action/redirect?code=0717ZTz41MzxkP15cBA419vGz417ZTz9&state=1500722726
INFO: [ app_init ] --START--
INFO: Run Behavior\BuildLiteBehavior [ RunTime:0.000013s ]
INFO: [ app_init ] --END-- [ RunTime:0.000289s ]
INFO: [ app_begin ] --START--
INFO: Run Behavior\ReadHtmlCacheBehavior [ RunTime:0.000358s ]
INFO: [ app_begin ] --END-- [ RunTime:0.000402s ]
NOTIC: [8] Undefined index: userArr /var/www/html/paoding_gemmap/Application/Wechat/Controller/WechatController.class.php 第 87 行.
NOTIC: [8] Undefined index: sex /var/www/html/paoding_gemmap/Application/Wechat/Controller/WechatController.class.php 第 97 行.
NOTIC: [8] Undefined index: nickname /var/www/html/paoding_gemmap/Application/Wechat/Controller/WechatController.class.php 第 115 行.
NOTIC: [8] Undefined index: province /var/www/html/paoding_gemmap/Application/Wechat/Controller/WechatController.class.php 第 117 行.
NOTIC: [8] Undefined index: city /var/www/html/paoding_gemmap/Application/Wechat/Controller/WechatController.class.php 第 118 行.
NOTIC: [8] Undefined index: headimgurl /var/www/html/paoding_gemmap/Application/Wechat/Controller/WechatController.class.php 第 119 行.
NOTIC: [8] Undefined index: nickname /var/www/html/paoding_gemmap/Application/Wechat/Controller/WechatController.class.php 第 122 行.

