[ 2017-08-17T03:21:56+08:00 ] 219.133.40.14 /index.php/Wechat/Wechat/index/action/redirect?code=011S64r90nVjWu1O2to90hT2r90S64rX&state=1502911312
INFO: [ app_init ] --START--
INFO: Run Behavior\BuildLiteBehavior [ RunTime:0.000012s ]
INFO: [ app_init ] --END-- [ RunTime:0.000248s ]
INFO: [ app_begin ] --START--
INFO: Run Behavior\ReadHtmlCacheBehavior [ RunTime:0.000362s ]
INFO: [ app_begin ] --END-- [ RunTime:0.000405s ]
NOTIC: [8] Undefined index: userArr /var/www/html/paoding_gemmap/Application/Wechat/Controller/WechatController.class.php 第 87 行.
NOTIC: [8] Undefined index: sex /var/www/html/paoding_gemmap/Application/Wechat/Controller/WechatController.class.php 第 97 行.
NOTIC: [8] Undefined index: nickname /var/www/html/paoding_gemmap/Application/Wechat/Controller/WechatController.class.php 第 115 行.
NOTIC: [8] Undefined index: province /var/www/html/paoding_gemmap/Application/Wechat/Controller/WechatController.class.php 第 117 行.
NOTIC: [8] Undefined index: city /var/www/html/paoding_gemmap/Application/Wechat/Controller/WechatController.class.php 第 118 行.
NOTIC: [8] Undefined index: headimgurl /var/www/html/paoding_gemmap/Application/Wechat/Controller/WechatController.class.php 第 119 行.
NOTIC: [8] Undefined index: nickname /var/www/html/paoding_gemmap/Application/Wechat/Controller/WechatController.class.php 第 122 行.
NOTIC: [8] Undefined variable: unionidUserId /var/www/html/paoding_gemmap/Application/Wechat/Controller/WechatController.class.php 第 132 行.

[ 2017-08-17T03:22:02+08:00 ] 117.185.27.114 /index.php/Wechat/Wechat/index/action/redirect
INFO: [ app_init ] --START--
INFO: Run Behavior\BuildLiteBehavior [ RunTime:0.000013s ]
INFO: [ app_init ] --END-- [ RunTime:0.000247s ]
INFO: [ app_begin ] --START--
INFO: Run Behavior\ReadHtmlCacheBehavior [ RunTime:0.000320s ]
INFO: [ app_begin ] --END-- [ RunTime:0.000365s ]
INFO: [ app_end ] --START--
INFO: Run Behavior\ShowPageTraceBehavior [ RunTime:0.000622s ]
INFO: [ app_end ] --END-- [ RunTime:0.000729s ]

[ 2017-08-17T13:27:03+08:00 ] 123.9.119.165 /index.php/Wechat/Wechat/index/action/redirect?code=0711UUs029zr5X047pp02noTs021UUsX&state=1502947618
INFO: [ app_init ] --START--
INFO: Run Behavior\BuildLiteBehavior [ RunTime:0.000015s ]
INFO: [ app_init ] --END-- [ RunTime:0.000262s ]
INFO: [ app_begin ] --START--
INFO: Run Behavior\ReadHtmlCacheBehavior [ RunTime:0.000363s ]
INFO: [ app_begin ] --END-- [ RunTime:0.000407s ]
NOTIC: [8] Undefined index: userArr /var/www/html/paoding_gemmap/Application/Wechat/Controller/WechatController.class.php 第 87 行.
NOTIC: [8] Undefined index: sex /var/www/html/paoding_gemmap/Application/Wechat/Controller/WechatController.class.php 第 97 行.
NOTIC: [8] Undefined index: nickname /var/www/html/paoding_gemmap/Application/Wechat/Controller/WechatController.class.php 第 115 行.
NOTIC: [8] Undefined index: province /var/www/html/paoding_gemmap/Application/Wechat/Controller/WechatController.class.php 第 117 行.
NOTIC: [8] Undefined index: city /var/www/html/paoding_gemmap/Application/Wechat/Controller/WechatController.class.php 第 118 行.
NOTIC: [8] Undefined index: headimgurl /var/www/html/paoding_gemmap/Application/Wechat/Controller/WechatController.class.php 第 119 行.
NOTIC: [8] Undefined index: nickname /var/www/html/paoding_gemmap/Application/Wechat/Controller/WechatController.class.php 第 122 行.

[ 2017-08-17T13:48:22+08:00 ] 183.236.19.67 /index.php/Wechat/Wechat/index/action/redirect?code=071nikqD0cHMQf2CoDoD0JgyqD0nikqx&state=1502948898
INFO: [ app_init ] --START--
INFO: Run Behavior\BuildLiteBehavior [ RunTime:0.000013s ]
INFO: [ app_init ] --END-- [ RunTime:0.000299s ]
INFO: [ app_begin ] --START--
INFO: Run Behavior\ReadHtmlCacheBehavior [ RunTime:0.000367s ]
INFO: [ app_begin ] --END-- [ RunTime:0.000411s ]
NOTIC: [8] Undefined index: userArr /var/www/html/paoding_gemmap/Application/Wechat/Controller/WechatController.class.php 第 87 行.
NOTIC: [8] Undefined index: sex /var/www/html/paoding_gemmap/Application/Wechat/Controller/WechatController.class.php 第 97 行.
NOTIC: [8] Undefined index: nickname /var/www/html/paoding_gemmap/Application/Wechat/Controller/WechatController.class.php 第 115 行.
NOTIC: [8] Undefined index: province /var/www/html/paoding_gemmap/Application/Wechat/Controller/WechatController.class.php 第 117 行.
NOTIC: [8] Undefined index: city /var/www/html/paoding_gemmap/Application/Wechat/Controller/WechatController.class.php 第 118 行.
NOTIC: [8] Undefined index: headimgurl /var/www/html/paoding_gemmap/Application/Wechat/Controller/WechatController.class.php 第 119 行.
NOTIC: [8] Undefined index: nickname /var/www/html/paoding_gemmap/Application/Wechat/Controller/WechatController.class.php 第 122 行.

[ 2017-08-17T18:25:12+08:00 ] 140.207.54.75 /index.php/Wechat/Mp/valid/id/1?signature=a413c7706fabc103ae4ec6397bec808a5147d91d&timestamp=1502965512&nonce=404551942&openid=ozmEpxAhUwxjYYHo6iKIzhe_smY4
INFO: [ app_init ] --START--
INFO: Run Behavior\BuildLiteBehavior [ RunTime:0.000013s ]
INFO: [ app_init ] --END-- [ RunTime:0.000246s ]
INFO: [ app_begin ] --START--
INFO: Run Behavior\ReadHtmlCacheBehavior [ RunTime:0.000313s ]
INFO: [ app_begin ] --END-- [ RunTime:0.000358s ]
NOTIC: [8] Use of undefined constant APP_TOKEN - assumed 'APP_TOKEN' /var/www/html/paoding_gemmap/ThinkPHP/Common/functions.php 第 681 行.
INFO: [ action_begin ] --START--
INFO: Run Home\Behaviors\siteBehavior [ RunTime:0.009012s ]
INFO: [ action_begin ] --END-- [ RunTime:0.009053s ]
NOTIC: [8] Undefined index: echostr /var/www/html/paoding_gemmap/Application/Wechat/Controller/MpController.class.php 第 60 行.

[ 2017-08-17T20:52:53+08:00 ] 223.104.6.15 /index.php/Wechat/Wechat/index/action/redirect?code=0112jvKR0ESoQa2QLAMR0c8oKR02jvKN&state=1502974370
INFO: [ app_init ] --START--
INFO: Run Behavior\BuildLiteBehavior [ RunTime:0.000012s ]
INFO: [ app_init ] --END-- [ RunTime:0.000243s ]
INFO: [ app_begin ] --START--
INFO: Run Behavior\ReadHtmlCacheBehavior [ RunTime:0.000436s ]
INFO: [ app_begin ] --END-- [ RunTime:0.000481s ]
NOTIC: [8] Undefined index: userArr /var/www/html/paoding_gemmap/Application/Wechat/Controller/WechatController.class.php 第 87 行.
NOTIC: [8] Undefined index: sex /var/www/html/paoding_gemmap/Application/Wechat/Controller/WechatController.class.php 第 97 行.
NOTIC: [8] Undefined index: nickname /var/www/html/paoding_gemmap/Application/Wechat/Controller/WechatController.class.php 第 115 行.
NOTIC: [8] Undefined index: province /var/www/html/paoding_gemmap/Application/Wechat/Controller/WechatController.class.php 第 117 行.
NOTIC: [8] Undefined index: city /var/www/html/paoding_gemmap/Application/Wechat/Controller/WechatController.class.php 第 118 行.
NOTIC: [8] Undefined index: headimgurl /var/www/html/paoding_gemmap/Application/Wechat/Controller/WechatController.class.php 第 119 行.
NOTIC: [8] Undefined index: nickname /var/www/html/paoding_gemmap/Application/Wechat/Controller/WechatController.class.php 第 122 行.

