[ 2017-08-13T23:25:10+08:00 ] 211.89.227.47 /
INFO: [ app_init ] --START--
INFO: Run Behavior\BuildLiteBehavior [ RunTime:0.000012s ]
INFO: [ app_init ] --END-- [ RunTime:0.000248s ]
INFO: [ app_begin ] --START--
INFO: Run Behavior\ReadHtmlCacheBehavior [ RunTime:0.000333s ]
INFO: [ app_begin ] --END-- [ RunTime:0.000378s ]
NOTIC: [2048] Declaration of Pc\Controller\IndexController::error() should be compatible with Think\Controller::error($message = '', $jumpUrl = '', $ajax = false) /var/www/html/paoding_gemmap/Application/Pc/Controller/IndexController.class.php 第 8 行.
INFO: [ action_begin ] --START--
INFO: Run Home\Behaviors\siteBehavior [ RunTime:0.007915s ]
INFO: [ action_begin ] --END-- [ RunTime:0.007965s ]
NOTIC: [8] Undefined index: code /var/www/html/paoding_gemmap/Application/Pc/Controller/IndexController.class.php 第 21 行.
NOTIC: [8] Undefined index: ifWeChatLogin /var/www/html/paoding_gemmap/Application/Pc/Controller/IndexController.class.php 第 23 行.
INFO: [ view_begin ] --START--
INFO: Run Home\Behaviors\testBehavior [ RunTime:0.000103s ]
INFO: [ view_begin ] --END-- [ RunTime:0.000158s ]
INFO: [ view_parse ] --START--
INFO: [ template_filter ] --START--
INFO: Run Behavior\ContentReplaceBehavior [ RunTime:0.000184s ]
INFO: [ template_filter ] --END-- [ RunTime:0.000229s ]
NOTIC: [8] Use of undefined constant Activity - assumed 'Activity' /var/www/html/paoding_gemmap/Application/Runtime/Cache/Pc/93c49ad67facdb6f997f1649493c88cf.php 第 21 行.
NOTIC: [8] Use of undefined constant Index - assumed 'Index' /var/www/html/paoding_gemmap/Application/Runtime/Cache/Pc/93c49ad67facdb6f997f1649493c88cf.php 第 24 行.
NOTIC: [8] Use of undefined constant index - assumed 'index' /var/www/html/paoding_gemmap/Application/Runtime/Cache/Pc/93c49ad67facdb6f997f1649493c88cf.php 第 24 行.
NOTIC: [8] Undefined variable: fatherId /var/www/html/paoding_gemmap/Application/Runtime/Cache/Pc/93c49ad67facdb6f997f1649493c88cf.php 第 391 行.
NOTIC: [8] Undefined variable: sonId /var/www/html/paoding_gemmap/Application/Runtime/Cache/Pc/93c49ad67facdb6f997f1649493c88cf.php 第 392 行.
NOTIC: [8] Use of undefined constant Index - assumed 'Index' /var/www/html/paoding_gemmap/Application/Runtime/Cache/Pc/93c49ad67facdb6f997f1649493c88cf.php 第 400 行.
INFO: Run Behavior\ParseTemplateBehavior [ RunTime:0.011611s ]
INFO: [ view_parse ] --END-- [ RunTime:0.011648s ]
INFO: [ view_filter ] --START--
INFO: Run Behavior\WriteHtmlCacheBehavior [ RunTime:0.000111s ]
INFO: Run Behavior\TokenBuildBehavior [ RunTime:0.000297s ]
INFO: [ view_filter ] --END-- [ RunTime:0.000466s ]
INFO: [ app_end ] --START--
INFO: Run Behavior\ShowPageTraceBehavior [ RunTime:0.000391s ]
INFO: [ app_end ] --END-- [ RunTime:0.000434s ]

[ 2017-08-13T23:26:42+08:00 ] 120.26.64.126 /
INFO: [ app_init ] --START--
INFO: Run Behavior\BuildLiteBehavior [ RunTime:0.000013s ]
INFO: [ app_init ] --END-- [ RunTime:0.000244s ]
INFO: [ app_begin ] --START--
INFO: Run Behavior\ReadHtmlCacheBehavior [ RunTime:0.000322s ]
INFO: [ app_begin ] --END-- [ RunTime:0.000373s ]
NOTIC: [2048] Declaration of Pc\Controller\IndexController::error() should be compatible with Think\Controller::error($message = '', $jumpUrl = '', $ajax = false) /var/www/html/paoding_gemmap/Application/Pc/Controller/IndexController.class.php 第 8 行.
INFO: [ action_begin ] --START--
INFO: Run Home\Behaviors\siteBehavior [ RunTime:0.008026s ]
INFO: [ action_begin ] --END-- [ RunTime:0.008071s ]
NOTIC: [8] Undefined index: code /var/www/html/paoding_gemmap/Application/Pc/Controller/IndexController.class.php 第 21 行.
NOTIC: [8] Undefined index: ifWeChatLogin /var/www/html/paoding_gemmap/Application/Pc/Controller/IndexController.class.php 第 23 行.
INFO: [ view_begin ] --START--
INFO: Run Home\Behaviors\testBehavior [ RunTime:0.000096s ]
INFO: [ view_begin ] --END-- [ RunTime:0.000135s ]
INFO: [ view_parse ] --START--
INFO: [ template_filter ] --START--
INFO: Run Behavior\ContentReplaceBehavior [ RunTime:0.000197s ]
INFO: [ template_filter ] --END-- [ RunTime:0.000242s ]
NOTIC: [8] Use of undefined constant Activity - assumed 'Activity' /var/www/html/paoding_gemmap/Application/Runtime/Cache/Pc/93c49ad67facdb6f997f1649493c88cf.php 第 21 行.
NOTIC: [8] Use of undefined constant Index - assumed 'Index' /var/www/html/paoding_gemmap/Application/Runtime/Cache/Pc/93c49ad67facdb6f997f1649493c88cf.php 第 24 行.
NOTIC: [8] Use of undefined constant index - assumed 'index' /var/www/html/paoding_gemmap/Application/Runtime/Cache/Pc/93c49ad67facdb6f997f1649493c88cf.php 第 24 行.
NOTIC: [8] Undefined variable: fatherId /var/www/html/paoding_gemmap/Application/Runtime/Cache/Pc/93c49ad67facdb6f997f1649493c88cf.php 第 391 行.
NOTIC: [8] Undefined variable: sonId /var/www/html/paoding_gemmap/Application/Runtime/Cache/Pc/93c49ad67facdb6f997f1649493c88cf.php 第 392 行.
NOTIC: [8] Use of undefined constant Index - assumed 'Index' /var/www/html/paoding_gemmap/Application/Runtime/Cache/Pc/93c49ad67facdb6f997f1649493c88cf.php 第 400 行.
INFO: Run Behavior\ParseTemplateBehavior [ RunTime:0.011777s ]
INFO: [ view_parse ] --END-- [ RunTime:0.011813s ]
INFO: [ view_filter ] --START--
INFO: Run Behavior\WriteHtmlCacheBehavior [ RunTime:0.000106s ]
INFO: Run Behavior\TokenBuildBehavior [ RunTime:0.000372s ]
INFO: [ view_filter ] --END-- [ RunTime:0.000537s ]
INFO: 
INFO: 
INFO: 

[ 2017-08-13T23:29:55+08:00 ] 112.126.73.56 /
INFO: [ app_init ] --START--
INFO: Run Behavior\BuildLiteBehavior [ RunTime:0.000012s ]
INFO: [ app_init ] --END-- [ RunTime:0.000251s ]
INFO: [ app_begin ] --START--
INFO: Run Behavior\ReadHtmlCacheBehavior [ RunTime:0.000360s ]
INFO: [ app_begin ] --END-- [ RunTime:0.000405s ]
NOTIC: [2048] Declaration of Pc\Controller\IndexController::error() should be compatible with Think\Controller::error($message = '', $jumpUrl = '', $ajax = false) /var/www/html/paoding_gemmap/Application/Pc/Controller/IndexController.class.php 第 8 行.
INFO: [ action_begin ] --START--
INFO: Run Home\Behaviors\siteBehavior [ RunTime:0.008464s ]
INFO: [ action_begin ] --END-- [ RunTime:0.008511s ]
NOTIC: [8] Undefined index: code /var/www/html/paoding_gemmap/Application/Pc/Controller/IndexController.class.php 第 21 行.
NOTIC: [8] Undefined index: ifWeChatLogin /var/www/html/paoding_gemmap/Application/Pc/Controller/IndexController.class.php 第 23 行.
INFO: [ view_begin ] --START--
INFO: Run Home\Behaviors\testBehavior [ RunTime:0.000099s ]
INFO: [ view_begin ] --END-- [ RunTime:0.000139s ]
INFO: [ view_parse ] --START--
INFO: [ template_filter ] --START--
INFO: Run Behavior\ContentReplaceBehavior [ RunTime:0.000168s ]
INFO: [ template_filter ] --END-- [ RunTime:0.000221s ]
NOTIC: [8] Use of undefined constant Activity - assumed 'Activity' /var/www/html/paoding_gemmap/Application/Runtime/Cache/Pc/93c49ad67facdb6f997f1649493c88cf.php 第 21 行.
NOTIC: [8] Use of undefined constant Index - assumed 'Index' /var/www/html/paoding_gemmap/Application/Runtime/Cache/Pc/93c49ad67facdb6f997f1649493c88cf.php 第 24 行.
NOTIC: [8] Use of undefined constant index - assumed 'index' /var/www/html/paoding_gemmap/Application/Runtime/Cache/Pc/93c49ad67facdb6f997f1649493c88cf.php 第 24 行.
NOTIC: [8] Undefined variable: fatherId /var/www/html/paoding_gemmap/Application/Runtime/Cache/Pc/93c49ad67facdb6f997f1649493c88cf.php 第 391 行.
NOTIC: [8] Undefined variable: sonId /var/www/html/paoding_gemmap/Application/Runtime/Cache/Pc/93c49ad67facdb6f997f1649493c88cf.php 第 392 行.
NOTIC: [8] Use of undefined constant Index - assumed 'Index' /var/www/html/paoding_gemmap/Application/Runtime/Cache/Pc/93c49ad67facdb6f997f1649493c88cf.php 第 400 行.
INFO: Run Behavior\ParseTemplateBehavior [ RunTime:0.011757s ]
INFO: [ view_parse ] --END-- [ RunTime:0.011805s ]
INFO: [ view_filter ] --START--
INFO: Run Behavior\WriteHtmlCacheBehavior [ RunTime:0.000114s ]
INFO: Run Behavior\TokenBuildBehavior [ RunTime:0.000311s ]
INFO: [ view_filter ] --END-- [ RunTime:0.000483s ]
INFO: 
INFO: 
INFO: 

[ 2017-08-13T23:33:40+08:00 ] 203.208.60.240 /
INFO: [ app_init ] --START--
INFO: Run Behavior\BuildLiteBehavior [ RunTime:0.000013s ]
INFO: [ app_init ] --END-- [ RunTime:0.000250s ]
INFO: [ app_begin ] --START--
INFO: Run Behavior\ReadHtmlCacheBehavior [ RunTime:0.000337s ]
INFO: [ app_begin ] --END-- [ RunTime:0.000396s ]
NOTIC: [2048] Declaration of Pc\Controller\IndexController::error() should be compatible with Think\Controller::error($message = '', $jumpUrl = '', $ajax = false) /var/www/html/paoding_gemmap/Application/Pc/Controller/IndexController.class.php 第 8 行.
INFO: [ action_begin ] --START--
INFO: Run Home\Behaviors\siteBehavior [ RunTime:0.008216s ]
INFO: [ action_begin ] --END-- [ RunTime:0.008264s ]
NOTIC: [8] Undefined index: code /var/www/html/paoding_gemmap/Application/Pc/Controller/IndexController.class.php 第 21 行.
NOTIC: [8] Undefined index: ifWeChatLogin /var/www/html/paoding_gemmap/Application/Pc/Controller/IndexController.class.php 第 23 行.
INFO: [ view_begin ] --START--
INFO: Run Home\Behaviors\testBehavior [ RunTime:0.000202s ]
INFO: [ view_begin ] --END-- [ RunTime:0.000250s ]
INFO: [ view_parse ] --START--
INFO: [ template_filter ] --START--
INFO: Run Behavior\ContentReplaceBehavior [ RunTime:0.000195s ]
INFO: [ template_filter ] --END-- [ RunTime:0.000249s ]
NOTIC: [8] Use of undefined constant Activity - assumed 'Activity' /var/www/html/paoding_gemmap/Application/Runtime/Cache/Pc/93c49ad67facdb6f997f1649493c88cf.php 第 21 行.
NOTIC: [8] Use of undefined constant Index - assumed 'Index' /var/www/html/paoding_gemmap/Application/Runtime/Cache/Pc/93c49ad67facdb6f997f1649493c88cf.php 第 24 行.
NOTIC: [8] Use of undefined constant index - assumed 'index' /var/www/html/paoding_gemmap/Application/Runtime/Cache/Pc/93c49ad67facdb6f997f1649493c88cf.php 第 24 行.
NOTIC: [8] Undefined variable: fatherId /var/www/html/paoding_gemmap/Application/Runtime/Cache/Pc/93c49ad67facdb6f997f1649493c88cf.php 第 391 行.
NOTIC: [8] Undefined variable: sonId /var/www/html/paoding_gemmap/Application/Runtime/Cache/Pc/93c49ad67facdb6f997f1649493c88cf.php 第 392 行.
NOTIC: [8] Use of undefined constant Index - assumed 'Index' /var/www/html/paoding_gemmap/Application/Runtime/Cache/Pc/93c49ad67facdb6f997f1649493c88cf.php 第 400 行.
INFO: Run Behavior\ParseTemplateBehavior [ RunTime:0.012159s ]
INFO: [ view_parse ] --END-- [ RunTime:0.012196s ]
INFO: [ view_filter ] --START--
INFO: Run Behavior\WriteHtmlCacheBehavior [ RunTime:0.000109s ]
INFO: Run Behavior\TokenBuildBehavior [ RunTime:0.000402s ]
INFO: [ view_filter ] --END-- [ RunTime:0.000571s ]
INFO: [ app_end ] --START--
INFO: Run Behavior\ShowPageTraceBehavior [ RunTime:0.000356s ]
INFO: [ app_end ] --END-- [ RunTime:0.000398s ]

[ 2017-08-13T23:38:43+08:00 ] 208.70.100.175 /
INFO: [ app_init ] --START--
INFO: Run Behavior\BuildLiteBehavior [ RunTime:0.000013s ]
INFO: [ app_init ] --END-- [ RunTime:0.000305s ]
INFO: [ app_begin ] --START--
INFO: Run Behavior\ReadHtmlCacheBehavior [ RunTime:0.000321s ]
INFO: [ app_begin ] --END-- [ RunTime:0.000366s ]
NOTIC: [2048] Declaration of Pc\Controller\IndexController::error() should be compatible with Think\Controller::error($message = '', $jumpUrl = '', $ajax = false) /var/www/html/paoding_gemmap/Application/Pc/Controller/IndexController.class.php 第 8 行.
INFO: [ action_begin ] --START--
INFO: Run Home\Behaviors\siteBehavior [ RunTime:0.008714s ]
INFO: [ action_begin ] --END-- [ RunTime:0.008776s ]
NOTIC: [8] Undefined index: code /var/www/html/paoding_gemmap/Application/Pc/Controller/IndexController.class.php 第 21 行.
NOTIC: [8] Undefined index: ifWeChatLogin /var/www/html/paoding_gemmap/Application/Pc/Controller/IndexController.class.php 第 23 行.
INFO: [ view_begin ] --START--
INFO: Run Home\Behaviors\testBehavior [ RunTime:0.000100s ]
INFO: [ view_begin ] --END-- [ RunTime:0.000141s ]
INFO: [ view_parse ] --START--
INFO: [ template_filter ] --START--
INFO: Run Behavior\ContentReplaceBehavior [ RunTime:0.000172s ]
INFO: [ template_filter ] --END-- [ RunTime:0.000228s ]
NOTIC: [8] Use of undefined constant Activity - assumed 'Activity' /var/www/html/paoding_gemmap/Application/Runtime/Cache/Pc/93c49ad67facdb6f997f1649493c88cf.php 第 21 行.
NOTIC: [8] Use of undefined constant Index - assumed 'Index' /var/www/html/paoding_gemmap/Application/Runtime/Cache/Pc/93c49ad67facdb6f997f1649493c88cf.php 第 24 行.
NOTIC: [8] Use of undefined constant index - assumed 'index' /var/www/html/paoding_gemmap/Application/Runtime/Cache/Pc/93c49ad67facdb6f997f1649493c88cf.php 第 24 行.
NOTIC: [8] Undefined variable: fatherId /var/www/html/paoding_gemmap/Application/Runtime/Cache/Pc/93c49ad67facdb6f997f1649493c88cf.php 第 391 行.
NOTIC: [8] Undefined variable: sonId /var/www/html/paoding_gemmap/Application/Runtime/Cache/Pc/93c49ad67facdb6f997f1649493c88cf.php 第 392 行.
NOTIC: [8] Use of undefined constant Index - assumed 'Index' /var/www/html/paoding_gemmap/Application/Runtime/Cache/Pc/93c49ad67facdb6f997f1649493c88cf.php 第 400 行.
INFO: Run Behavior\ParseTemplateBehavior [ RunTime:0.011834s ]
INFO: [ view_parse ] --END-- [ RunTime:0.011872s ]
INFO: [ view_filter ] --START--
INFO: Run Behavior\WriteHtmlCacheBehavior [ RunTime:0.000156s ]
INFO: Run Behavior\TokenBuildBehavior [ RunTime:0.000409s ]
INFO: [ view_filter ] --END-- [ RunTime:0.000625s ]
INFO: 
INFO: 
INFO: 

[ 2017-08-13T23:38:59+08:00 ] 115.29.112.222 /
INFO: [ app_init ] --START--
INFO: Run Behavior\BuildLiteBehavior [ RunTime:0.000013s ]
INFO: [ app_init ] --END-- [ RunTime:0.000257s ]
INFO: [ app_begin ] --START--
INFO: Run Behavior\ReadHtmlCacheBehavior [ RunTime:0.000317s ]
INFO: [ app_begin ] --END-- [ RunTime:0.000362s ]
NOTIC: [2048] Declaration of Pc\Controller\IndexController::error() should be compatible with Think\Controller::error($message = '', $jumpUrl = '', $ajax = false) /var/www/html/paoding_gemmap/Application/Pc/Controller/IndexController.class.php 第 8 行.
INFO: [ action_begin ] --START--
INFO: Run Home\Behaviors\siteBehavior [ RunTime:0.007877s ]
INFO: [ action_begin ] --END-- [ RunTime:0.007925s ]
NOTIC: [8] Undefined index: code /var/www/html/paoding_gemmap/Application/Pc/Controller/IndexController.class.php 第 21 行.
NOTIC: [8] Undefined index: ifWeChatLogin /var/www/html/paoding_gemmap/Application/Pc/Controller/IndexController.class.php 第 23 行.
INFO: [ view_begin ] --START--
INFO: Run Home\Behaviors\testBehavior [ RunTime:0.000107s ]
INFO: [ view_begin ] --END-- [ RunTime:0.000147s ]
INFO: [ view_parse ] --START--
INFO: [ template_filter ] --START--
INFO: Run Behavior\ContentReplaceBehavior [ RunTime:0.000206s ]
INFO: [ template_filter ] --END-- [ RunTime:0.000260s ]
NOTIC: [8] Use of undefined constant Activity - assumed 'Activity' /var/www/html/paoding_gemmap/Application/Runtime/Cache/Pc/93c49ad67facdb6f997f1649493c88cf.php 第 21 行.
NOTIC: [8] Use of undefined constant Index - assumed 'Index' /var/www/html/paoding_gemmap/Application/Runtime/Cache/Pc/93c49ad67facdb6f997f1649493c88cf.php 第 24 行.
NOTIC: [8] Use of undefined constant index - assumed 'index' /var/www/html/paoding_gemmap/Application/Runtime/Cache/Pc/93c49ad67facdb6f997f1649493c88cf.php 第 24 行.
NOTIC: [8] Undefined variable: fatherId /var/www/html/paoding_gemmap/Application/Runtime/Cache/Pc/93c49ad67facdb6f997f1649493c88cf.php 第 391 行.
NOTIC: [8] Undefined variable: sonId /var/www/html/paoding_gemmap/Application/Runtime/Cache/Pc/93c49ad67facdb6f997f1649493c88cf.php 第 392 行.
NOTIC: [8] Use of undefined constant Index - assumed 'Index' /var/www/html/paoding_gemmap/Application/Runtime/Cache/Pc/93c49ad67facdb6f997f1649493c88cf.php 第 400 行.
INFO: Run Behavior\ParseTemplateBehavior [ RunTime:0.011921s ]
INFO: [ view_parse ] --END-- [ RunTime:0.011959s ]
INFO: [ view_filter ] --START--
INFO: Run Behavior\WriteHtmlCacheBehavior [ RunTime:0.000117s ]
INFO: Run Behavior\TokenBuildBehavior [ RunTime:0.000521s ]
INFO: [ view_filter ] --END-- [ RunTime:0.000698s ]
INFO: 
INFO: 
INFO: 

[ 2017-08-13T23:41:42+08:00 ] 120.26.64.126 /
INFO: [ app_init ] --START--
INFO: Run Behavior\BuildLiteBehavior [ RunTime:0.000013s ]
INFO: [ app_init ] --END-- [ RunTime:0.000253s ]
INFO: [ app_begin ] --START--
INFO: Run Behavior\ReadHtmlCacheBehavior [ RunTime:0.000319s ]
INFO: [ app_begin ] --END-- [ RunTime:0.000405s ]
NOTIC: [2048] Declaration of Pc\Controller\IndexController::error() should be compatible with Think\Controller::error($message = '', $jumpUrl = '', $ajax = false) /var/www/html/paoding_gemmap/Application/Pc/Controller/IndexController.class.php 第 8 行.
INFO: [ action_begin ] --START--
INFO: Run Home\Behaviors\siteBehavior [ RunTime:0.008769s ]
INFO: [ action_begin ] --END-- [ RunTime:0.008831s ]
NOTIC: [8] Undefined index: code /var/www/html/paoding_gemmap/Application/Pc/Controller/IndexController.class.php 第 21 行.
NOTIC: [8] Undefined index: ifWeChatLogin /var/www/html/paoding_gemmap/Application/Pc/Controller/IndexController.class.php 第 23 行.
INFO: [ view_begin ] --START--
INFO: Run Home\Behaviors\testBehavior [ RunTime:0.000106s ]
INFO: [ view_begin ] --END-- [ RunTime:0.000146s ]
INFO: [ view_parse ] --START--
INFO: [ template_filter ] --START--
INFO: Run Behavior\ContentReplaceBehavior [ RunTime:0.000192s ]
INFO: [ template_filter ] --END-- [ RunTime:0.000236s ]
NOTIC: [8] Use of undefined constant Activity - assumed 'Activity' /var/www/html/paoding_gemmap/Application/Runtime/Cache/Pc/93c49ad67facdb6f997f1649493c88cf.php 第 21 行.
NOTIC: [8] Use of undefined constant Index - assumed 'Index' /var/www/html/paoding_gemmap/Application/Runtime/Cache/Pc/93c49ad67facdb6f997f1649493c88cf.php 第 24 行.
NOTIC: [8] Use of undefined constant index - assumed 'index' /var/www/html/paoding_gemmap/Application/Runtime/Cache/Pc/93c49ad67facdb6f997f1649493c88cf.php 第 24 行.
NOTIC: [8] Undefined variable: fatherId /var/www/html/paoding_gemmap/Application/Runtime/Cache/Pc/93c49ad67facdb6f997f1649493c88cf.php 第 391 行.
NOTIC: [8] Undefined variable: sonId /var/www/html/paoding_gemmap/Application/Runtime/Cache/Pc/93c49ad67facdb6f997f1649493c88cf.php 第 392 行.
NOTIC: [8] Use of undefined constant Index - assumed 'Index' /var/www/html/paoding_gemmap/Application/Runtime/Cache/Pc/93c49ad67facdb6f997f1649493c88cf.php 第 400 行.
INFO: Run Behavior\ParseTemplateBehavior [ RunTime:0.012178s ]
INFO: [ view_parse ] --END-- [ RunTime:0.012215s ]
INFO: [ view_filter ] --START--
INFO: Run Behavior\WriteHtmlCacheBehavior [ RunTime:0.000111s ]
INFO: Run Behavior\TokenBuildBehavior [ RunTime:0.000335s ]
INFO: [ view_filter ] --END-- [ RunTime:0.000505s ]
INFO: 
INFO: 
INFO: 

[ 2017-08-13T23:44:55+08:00 ] 112.126.73.56 /
INFO: [ app_init ] --START--
INFO: Run Behavior\BuildLiteBehavior [ RunTime:0.000013s ]
INFO: [ app_init ] --END-- [ RunTime:0.000302s ]
INFO: [ app_begin ] --START--
INFO: Run Behavior\ReadHtmlCacheBehavior [ RunTime:0.000327s ]
INFO: [ app_begin ] --END-- [ RunTime:0.000380s ]
NOTIC: [2048] Declaration of Pc\Controller\IndexController::error() should be compatible with Think\Controller::error($message = '', $jumpUrl = '', $ajax = false) /var/www/html/paoding_gemmap/Application/Pc/Controller/IndexController.class.php 第 8 行.
INFO: [ action_begin ] --START--
INFO: Run Home\Behaviors\siteBehavior [ RunTime:0.008052s ]
INFO: [ action_begin ] --END-- [ RunTime:0.008099s ]
NOTIC: [8] Undefined index: code /var/www/html/paoding_gemmap/Application/Pc/Controller/IndexController.class.php 第 21 行.
NOTIC: [8] Undefined index: ifWeChatLogin /var/www/html/paoding_gemmap/Application/Pc/Controller/IndexController.class.php 第 23 行.
INFO: [ view_begin ] --START--
INFO: Run Home\Behaviors\testBehavior [ RunTime:0.000096s ]
INFO: [ view_begin ] --END-- [ RunTime:0.000137s ]
INFO: [ view_parse ] --START--
INFO: [ template_filter ] --START--
INFO: Run Behavior\ContentReplaceBehavior [ RunTime:0.000182s ]
INFO: [ template_filter ] --END-- [ RunTime:0.000227s ]
NOTIC: [8] Use of undefined constant Activity - assumed 'Activity' /var/www/html/paoding_gemmap/Application/Runtime/Cache/Pc/93c49ad67facdb6f997f1649493c88cf.php 第 21 行.
NOTIC: [8] Use of undefined constant Index - assumed 'Index' /var/www/html/paoding_gemmap/Application/Runtime/Cache/Pc/93c49ad67facdb6f997f1649493c88cf.php 第 24 行.
NOTIC: [8] Use of undefined constant index - assumed 'index' /var/www/html/paoding_gemmap/Application/Runtime/Cache/Pc/93c49ad67facdb6f997f1649493c88cf.php 第 24 行.
NOTIC: [8] Undefined variable: fatherId /var/www/html/paoding_gemmap/Application/Runtime/Cache/Pc/93c49ad67facdb6f997f1649493c88cf.php 第 391 行.
NOTIC: [8] Undefined variable: sonId /var/www/html/paoding_gemmap/Application/Runtime/Cache/Pc/93c49ad67facdb6f997f1649493c88cf.php 第 392 行.
NOTIC: [8] Use of undefined constant Index - assumed 'Index' /var/www/html/paoding_gemmap/Application/Runtime/Cache/Pc/93c49ad67facdb6f997f1649493c88cf.php 第 400 行.
INFO: Run Behavior\ParseTemplateBehavior [ RunTime:0.011917s ]
INFO: [ view_parse ] --END-- [ RunTime:0.011954s ]
INFO: [ view_filter ] --START--
INFO: Run Behavior\WriteHtmlCacheBehavior [ RunTime:0.000110s ]
INFO: Run Behavior\TokenBuildBehavior [ RunTime:0.000346s ]
INFO: [ view_filter ] --END-- [ RunTime:0.000513s ]
INFO: 
INFO: 
INFO: 

[ 2017-08-13T23:50:38+08:00 ] 192.157.254.197 /
INFO: [ app_init ] --START--
INFO: Run Behavior\BuildLiteBehavior [ RunTime:0.000013s ]
INFO: [ app_init ] --END-- [ RunTime:0.000251s ]
INFO: [ app_begin ] --START--
INFO: Run Behavior\ReadHtmlCacheBehavior [ RunTime:0.000319s ]
INFO: [ app_begin ] --END-- [ RunTime:0.000365s ]
NOTIC: [2048] Declaration of Pc\Controller\IndexController::error() should be compatible with Think\Controller::error($message = '', $jumpUrl = '', $ajax = false) /var/www/html/paoding_gemmap/Application/Pc/Controller/IndexController.class.php 第 8 行.
INFO: [ action_begin ] --START--
INFO: Run Home\Behaviors\siteBehavior [ RunTime:0.008130s ]
INFO: [ action_begin ] --END-- [ RunTime:0.008191s ]
NOTIC: [8] Undefined index: code /var/www/html/paoding_gemmap/Application/Pc/Controller/IndexController.class.php 第 21 行.
NOTIC: [8] Undefined index: ifWeChatLogin /var/www/html/paoding_gemmap/Application/Pc/Controller/IndexController.class.php 第 23 行.
INFO: [ view_begin ] --START--
INFO: Run Home\Behaviors\testBehavior [ RunTime:0.000121s ]
INFO: [ view_begin ] --END-- [ RunTime:0.000161s ]
INFO: [ view_parse ] --START--
INFO: [ template_filter ] --START--
INFO: Run Behavior\ContentReplaceBehavior [ RunTime:0.000166s ]
INFO: [ template_filter ] --END-- [ RunTime:0.000210s ]
NOTIC: [8] Use of undefined constant Activity - assumed 'Activity' /var/www/html/paoding_gemmap/Application/Runtime/Cache/Pc/93c49ad67facdb6f997f1649493c88cf.php 第 21 行.
NOTIC: [8] Use of undefined constant Index - assumed 'Index' /var/www/html/paoding_gemmap/Application/Runtime/Cache/Pc/93c49ad67facdb6f997f1649493c88cf.php 第 24 行.
NOTIC: [8] Use of undefined constant index - assumed 'index' /var/www/html/paoding_gemmap/Application/Runtime/Cache/Pc/93c49ad67facdb6f997f1649493c88cf.php 第 24 行.
NOTIC: [8] Undefined variable: fatherId /var/www/html/paoding_gemmap/Application/Runtime/Cache/Pc/93c49ad67facdb6f997f1649493c88cf.php 第 391 行.
NOTIC: [8] Undefined variable: sonId /var/www/html/paoding_gemmap/Application/Runtime/Cache/Pc/93c49ad67facdb6f997f1649493c88cf.php 第 392 行.
NOTIC: [8] Use of undefined constant Index - assumed 'Index' /var/www/html/paoding_gemmap/Application/Runtime/Cache/Pc/93c49ad67facdb6f997f1649493c88cf.php 第 400 行.
INFO: Run Behavior\ParseTemplateBehavior [ RunTime:0.011516s ]
INFO: [ view_parse ] --END-- [ RunTime:0.011555s ]
INFO: [ view_filter ] --START--
INFO: Run Behavior\WriteHtmlCacheBehavior [ RunTime:0.000113s ]
INFO: Run Behavior\TokenBuildBehavior [ RunTime:0.000307s ]
INFO: [ view_filter ] --END-- [ RunTime:0.000522s ]
INFO: 
INFO: 
INFO: 

[ 2017-08-13T23:50:44+08:00 ] 207.46.13.189 /
INFO: [ app_init ] --START--
INFO: Run Behavior\BuildLiteBehavior [ RunTime:0.000017s ]
INFO: [ app_init ] --END-- [ RunTime:0.000272s ]
INFO: [ app_begin ] --START--
INFO: Run Behavior\ReadHtmlCacheBehavior [ RunTime:0.000330s ]
INFO: [ app_begin ] --END-- [ RunTime:0.000385s ]
NOTIC: [2048] Declaration of Pc\Controller\IndexController::error() should be compatible with Think\Controller::error($message = '', $jumpUrl = '', $ajax = false) /var/www/html/paoding_gemmap/Application/Pc/Controller/IndexController.class.php 第 8 行.
INFO: [ action_begin ] --START--
INFO: Run Home\Behaviors\siteBehavior [ RunTime:0.008226s ]
INFO: [ action_begin ] --END-- [ RunTime:0.008276s ]
NOTIC: [8] Undefined index: code /var/www/html/paoding_gemmap/Application/Pc/Controller/IndexController.class.php 第 21 行.
NOTIC: [8] Undefined index: ifWeChatLogin /var/www/html/paoding_gemmap/Application/Pc/Controller/IndexController.class.php 第 23 行.
INFO: [ view_begin ] --START--
INFO: Run Home\Behaviors\testBehavior [ RunTime:0.000106s ]
INFO: [ view_begin ] --END-- [ RunTime:0.000146s ]
INFO: [ view_parse ] --START--
INFO: [ template_filter ] --START--
INFO: Run Behavior\ContentReplaceBehavior [ RunTime:0.000199s ]
INFO: [ template_filter ] --END-- [ RunTime:0.000254s ]
NOTIC: [8] Use of undefined constant Activity - assumed 'Activity' /var/www/html/paoding_gemmap/Application/Runtime/Cache/Pc/93c49ad67facdb6f997f1649493c88cf.php 第 21 行.
NOTIC: [8] Use of undefined constant Index - assumed 'Index' /var/www/html/paoding_gemmap/Application/Runtime/Cache/Pc/93c49ad67facdb6f997f1649493c88cf.php 第 24 行.
NOTIC: [8] Use of undefined constant index - assumed 'index' /var/www/html/paoding_gemmap/Application/Runtime/Cache/Pc/93c49ad67facdb6f997f1649493c88cf.php 第 24 行.
NOTIC: [8] Undefined variable: fatherId /var/www/html/paoding_gemmap/Application/Runtime/Cache/Pc/93c49ad67facdb6f997f1649493c88cf.php 第 391 行.
NOTIC: [8] Undefined variable: sonId /var/www/html/paoding_gemmap/Application/Runtime/Cache/Pc/93c49ad67facdb6f997f1649493c88cf.php 第 392 行.
NOTIC: [8] Use of undefined constant Index - assumed 'Index' /var/www/html/paoding_gemmap/Application/Runtime/Cache/Pc/93c49ad67facdb6f997f1649493c88cf.php 第 400 行.
INFO: Run Behavior\ParseTemplateBehavior [ RunTime:0.012290s ]
INFO: [ view_parse ] --END-- [ RunTime:0.012328s ]
INFO: [ view_filter ] --START--
INFO: Run Behavior\WriteHtmlCacheBehavior [ RunTime:0.000117s ]
INFO: Run Behavior\TokenBuildBehavior [ RunTime:0.000341s ]
INFO: [ view_filter ] --END-- [ RunTime:0.000517s ]
INFO: [ app_end ] --START--
INFO: Run Behavior\ShowPageTraceBehavior [ RunTime:0.000526s ]
INFO: [ app_end ] --END-- [ RunTime:0.000570s ]

[ 2017-08-13T23:51:46+08:00 ] 222.223.136.185 /
INFO: [ app_init ] --START--
INFO: Run Behavior\BuildLiteBehavior [ RunTime:0.000016s ]
INFO: [ app_init ] --END-- [ RunTime:0.000308s ]
INFO: [ app_begin ] --START--
INFO: Run Behavior\ReadHtmlCacheBehavior [ RunTime:0.000374s ]
INFO: [ app_begin ] --END-- [ RunTime:0.000416s ]
NOTIC: [2048] Declaration of Pc\Controller\IndexController::error() should be compatible with Think\Controller::error($message = '', $jumpUrl = '', $ajax = false) /var/www/html/paoding_gemmap/Application/Pc/Controller/IndexController.class.php 第 8 行.
INFO: [ action_begin ] --START--
INFO: Run Home\Behaviors\siteBehavior [ RunTime:0.007817s ]
INFO: [ action_begin ] --END-- [ RunTime:0.007859s ]
NOTIC: [8] Undefined index: code /var/www/html/paoding_gemmap/Application/Pc/Controller/IndexController.class.php 第 21 行.
NOTIC: [8] Undefined index: ifWeChatLogin /var/www/html/paoding_gemmap/Application/Pc/Controller/IndexController.class.php 第 23 行.
INFO: [ view_begin ] --START--
INFO: Run Home\Behaviors\testBehavior [ RunTime:0.000092s ]
INFO: [ view_begin ] --END-- [ RunTime:0.000131s ]
INFO: [ view_parse ] --START--
INFO: [ template_filter ] --START--
INFO: Run Behavior\ContentReplaceBehavior [ RunTime:0.000158s ]
INFO: [ template_filter ] --END-- [ RunTime:0.000201s ]
NOTIC: [8] Use of undefined constant Activity - assumed 'Activity' /var/www/html/paoding_gemmap/Application/Runtime/Cache/Pc/93c49ad67facdb6f997f1649493c88cf.php 第 21 行.
NOTIC: [8] Use of undefined constant Index - assumed 'Index' /var/www/html/paoding_gemmap/Application/Runtime/Cache/Pc/93c49ad67facdb6f997f1649493c88cf.php 第 24 行.
NOTIC: [8] Use of undefined constant index - assumed 'index' /var/www/html/paoding_gemmap/Application/Runtime/Cache/Pc/93c49ad67facdb6f997f1649493c88cf.php 第 24 行.
NOTIC: [8] Undefined variable: fatherId /var/www/html/paoding_gemmap/Application/Runtime/Cache/Pc/93c49ad67facdb6f997f1649493c88cf.php 第 391 行.
NOTIC: [8] Undefined variable: sonId /var/www/html/paoding_gemmap/Application/Runtime/Cache/Pc/93c49ad67facdb6f997f1649493c88cf.php 第 392 行.
NOTIC: [8] Use of undefined constant Index - assumed 'Index' /var/www/html/paoding_gemmap/Application/Runtime/Cache/Pc/93c49ad67facdb6f997f1649493c88cf.php 第 400 行.
INFO: Run Behavior\ParseTemplateBehavior [ RunTime:0.011502s ]
INFO: [ view_parse ] --END-- [ RunTime:0.011537s ]
INFO: [ view_filter ] --START--
INFO: Run Behavior\WriteHtmlCacheBehavior [ RunTime:0.000108s ]
INFO: Run Behavior\TokenBuildBehavior [ RunTime:0.000299s ]
INFO: [ view_filter ] --END-- [ RunTime:0.000465s ]
INFO: [ app_end ] --START--
INFO: Run Behavior\ShowPageTraceBehavior [ RunTime:0.000394s ]
INFO: [ app_end ] --END-- [ RunTime:0.000437s ]

[ 2017-08-13T23:51:56+08:00 ] 101.226.99.197 /
INFO: [ app_init ] --START--
INFO: Run Behavior\BuildLiteBehavior [ RunTime:0.000013s ]
INFO: [ app_init ] --END-- [ RunTime:0.000292s ]
INFO: [ app_begin ] --START--
INFO: Run Behavior\ReadHtmlCacheBehavior [ RunTime:0.000316s ]
INFO: [ app_begin ] --END-- [ RunTime:0.000372s ]
NOTIC: [2048] Declaration of Pc\Controller\IndexController::error() should be compatible with Think\Controller::error($message = '', $jumpUrl = '', $ajax = false) /var/www/html/paoding_gemmap/Application/Pc/Controller/IndexController.class.php 第 8 行.
INFO: [ action_begin ] --START--
INFO: Run Home\Behaviors\siteBehavior [ RunTime:0.007707s ]
INFO: [ action_begin ] --END-- [ RunTime:0.007749s ]
NOTIC: [8] Undefined index: code /var/www/html/paoding_gemmap/Application/Pc/Controller/IndexController.class.php 第 21 行.
NOTIC: [8] Undefined index: ifWeChatLogin /var/www/html/paoding_gemmap/Application/Pc/Controller/IndexController.class.php 第 23 行.
INFO: [ view_begin ] --START--
INFO: Run Home\Behaviors\testBehavior [ RunTime:0.000093s ]
INFO: [ view_begin ] --END-- [ RunTime:0.000136s ]
INFO: [ view_parse ] --START--
INFO: [ template_filter ] --START--
INFO: Run Behavior\ContentReplaceBehavior [ RunTime:0.000161s ]
INFO: [ template_filter ] --END-- [ RunTime:0.000203s ]
NOTIC: [8] Use of undefined constant Activity - assumed 'Activity' /var/www/html/paoding_gemmap/Application/Runtime/Cache/Pc/93c49ad67facdb6f997f1649493c88cf.php 第 21 行.
NOTIC: [8] Use of undefined constant Index - assumed 'Index' /var/www/html/paoding_gemmap/Application/Runtime/Cache/Pc/93c49ad67facdb6f997f1649493c88cf.php 第 24 行.
NOTIC: [8] Use of undefined constant index - assumed 'index' /var/www/html/paoding_gemmap/Application/Runtime/Cache/Pc/93c49ad67facdb6f997f1649493c88cf.php 第 24 行.
NOTIC: [8] Undefined variable: fatherId /var/www/html/paoding_gemmap/Application/Runtime/Cache/Pc/93c49ad67facdb6f997f1649493c88cf.php 第 391 行.
NOTIC: [8] Undefined variable: sonId /var/www/html/paoding_gemmap/Application/Runtime/Cache/Pc/93c49ad67facdb6f997f1649493c88cf.php 第 392 行.
NOTIC: [8] Use of undefined constant Index - assumed 'Index' /var/www/html/paoding_gemmap/Application/Runtime/Cache/Pc/93c49ad67facdb6f997f1649493c88cf.php 第 400 行.
INFO: Run Behavior\ParseTemplateBehavior [ RunTime:0.011341s ]
INFO: [ view_parse ] --END-- [ RunTime:0.011378s ]
INFO: [ view_filter ] --START--
INFO: Run Behavior\WriteHtmlCacheBehavior [ RunTime:0.000111s ]
INFO: Run Behavior\TokenBuildBehavior [ RunTime:0.000371s ]
INFO: [ view_filter ] --END-- [ RunTime:0.000540s ]
INFO: [ app_end ] --START--
INFO: Run Behavior\ShowPageTraceBehavior [ RunTime:0.000344s ]
INFO: [ app_end ] --END-- [ RunTime:0.000386s ]

[ 2017-08-13T23:53:59+08:00 ] 115.29.112.222 /
INFO: [ app_init ] --START--
INFO: Run Behavior\BuildLiteBehavior [ RunTime:0.000013s ]
INFO: [ app_init ] --END-- [ RunTime:0.000250s ]
INFO: [ app_begin ] --START--
INFO: Run Behavior\ReadHtmlCacheBehavior [ RunTime:0.000327s ]
INFO: [ app_begin ] --END-- [ RunTime:0.000381s ]
NOTIC: [2048] Declaration of Pc\Controller\IndexController::error() should be compatible with Think\Controller::error($message = '', $jumpUrl = '', $ajax = false) /var/www/html/paoding_gemmap/Application/Pc/Controller/IndexController.class.php 第 8 行.
INFO: [ action_begin ] --START--
INFO: Run Home\Behaviors\siteBehavior [ RunTime:0.007981s ]
INFO: [ action_begin ] --END-- [ RunTime:0.008030s ]
NOTIC: [8] Undefined index: code /var/www/html/paoding_gemmap/Application/Pc/Controller/IndexController.class.php 第 21 行.
NOTIC: [8] Undefined index: ifWeChatLogin /var/www/html/paoding_gemmap/Application/Pc/Controller/IndexController.class.php 第 23 行.
INFO: [ view_begin ] --START--
INFO: Run Home\Behaviors\testBehavior [ RunTime:0.000142s ]
INFO: [ view_begin ] --END-- [ RunTime:0.000182s ]
INFO: [ view_parse ] --START--
INFO: [ template_filter ] --START--
INFO: Run Behavior\ContentReplaceBehavior [ RunTime:0.000184s ]
INFO: [ template_filter ] --END-- [ RunTime:0.000229s ]
NOTIC: [8] Use of undefined constant Activity - assumed 'Activity' /var/www/html/paoding_gemmap/Application/Runtime/Cache/Pc/93c49ad67facdb6f997f1649493c88cf.php 第 21 行.
NOTIC: [8] Use of undefined constant Index - assumed 'Index' /var/www/html/paoding_gemmap/Application/Runtime/Cache/Pc/93c49ad67facdb6f997f1649493c88cf.php 第 24 行.
NOTIC: [8] Use of undefined constant index - assumed 'index' /var/www/html/paoding_gemmap/Application/Runtime/Cache/Pc/93c49ad67facdb6f997f1649493c88cf.php 第 24 行.
NOTIC: [8] Undefined variable: fatherId /var/www/html/paoding_gemmap/Application/Runtime/Cache/Pc/93c49ad67facdb6f997f1649493c88cf.php 第 391 行.
NOTIC: [8] Undefined variable: sonId /var/www/html/paoding_gemmap/Application/Runtime/Cache/Pc/93c49ad67facdb6f997f1649493c88cf.php 第 392 行.
NOTIC: [8] Use of undefined constant Index - assumed 'Index' /var/www/html/paoding_gemmap/Application/Runtime/Cache/Pc/93c49ad67facdb6f997f1649493c88cf.php 第 400 行.
INFO: Run Behavior\ParseTemplateBehavior [ RunTime:0.011711s ]
INFO: [ view_parse ] --END-- [ RunTime:0.011748s ]
INFO: [ view_filter ] --START--
INFO: Run Behavior\WriteHtmlCacheBehavior [ RunTime:0.000150s ]
INFO: Run Behavior\TokenBuildBehavior [ RunTime:0.000337s ]
INFO: [ view_filter ] --END-- [ RunTime:0.000546s ]
INFO: 
INFO: 
INFO: 

[ 2017-08-13T23:56:42+08:00 ] 120.26.64.126 /
INFO: [ app_init ] --START--
INFO: Run Behavior\BuildLiteBehavior [ RunTime:0.000020s ]
INFO: [ app_init ] --END-- [ RunTime:0.000423s ]
INFO: [ app_begin ] --START--
INFO: Run Behavior\ReadHtmlCacheBehavior [ RunTime:0.000332s ]
INFO: [ app_begin ] --END-- [ RunTime:0.000385s ]
NOTIC: [2048] Declaration of Pc\Controller\IndexController::error() should be compatible with Think\Controller::error($message = '', $jumpUrl = '', $ajax = false) /var/www/html/paoding_gemmap/Application/Pc/Controller/IndexController.class.php 第 8 行.
INFO: [ action_begin ] --START--
INFO: Run Home\Behaviors\siteBehavior [ RunTime:0.010047s ]
INFO: [ action_begin ] --END-- [ RunTime:0.010100s ]
NOTIC: [8] Undefined index: code /var/www/html/paoding_gemmap/Application/Pc/Controller/IndexController.class.php 第 21 行.
NOTIC: [8] Undefined index: ifWeChatLogin /var/www/html/paoding_gemmap/Application/Pc/Controller/IndexController.class.php 第 23 行.
INFO: [ view_begin ] --START--
INFO: Run Home\Behaviors\testBehavior [ RunTime:0.000136s ]
INFO: [ view_begin ] --END-- [ RunTime:0.000177s ]
INFO: [ view_parse ] --START--
INFO: [ template_filter ] --START--
INFO: Run Behavior\ContentReplaceBehavior [ RunTime:0.000196s ]
INFO: [ template_filter ] --END-- [ RunTime:0.000250s ]
NOTIC: [8] Use of undefined constant Activity - assumed 'Activity' /var/www/html/paoding_gemmap/Application/Runtime/Cache/Pc/93c49ad67facdb6f997f1649493c88cf.php 第 21 行.
NOTIC: [8] Use of undefined constant Index - assumed 'Index' /var/www/html/paoding_gemmap/Application/Runtime/Cache/Pc/93c49ad67facdb6f997f1649493c88cf.php 第 24 行.
NOTIC: [8] Use of undefined constant index - assumed 'index' /var/www/html/paoding_gemmap/Application/Runtime/Cache/Pc/93c49ad67facdb6f997f1649493c88cf.php 第 24 行.
NOTIC: [8] Undefined variable: fatherId /var/www/html/paoding_gemmap/Application/Runtime/Cache/Pc/93c49ad67facdb6f997f1649493c88cf.php 第 391 行.
NOTIC: [8] Undefined variable: sonId /var/www/html/paoding_gemmap/Application/Runtime/Cache/Pc/93c49ad67facdb6f997f1649493c88cf.php 第 392 行.
NOTIC: [8] Use of undefined constant Index - assumed 'Index' /var/www/html/paoding_gemmap/Application/Runtime/Cache/Pc/93c49ad67facdb6f997f1649493c88cf.php 第 400 行.
INFO: Run Behavior\ParseTemplateBehavior [ RunTime:0.012758s ]
INFO: [ view_parse ] --END-- [ RunTime:0.012826s ]
INFO: [ view_filter ] --START--
INFO: Run Behavior\WriteHtmlCacheBehavior [ RunTime:0.000222s ]
INFO: Run Behavior\TokenBuildBehavior [ RunTime:0.000514s ]
INFO: [ view_filter ] --END-- [ RunTime:0.000801s ]
INFO: 
INFO: 
INFO: 

[ 2017-08-13T23:59:55+08:00 ] 112.126.73.56 /
INFO: [ app_init ] --START--
INFO: Run Behavior\BuildLiteBehavior [ RunTime:0.000013s ]
INFO: [ app_init ] --END-- [ RunTime:0.000249s ]
INFO: [ app_begin ] --START--
INFO: Run Behavior\ReadHtmlCacheBehavior [ RunTime:0.000350s ]
INFO: [ app_begin ] --END-- [ RunTime:0.000394s ]
NOTIC: [2048] Declaration of Pc\Controller\IndexController::error() should be compatible with Think\Controller::error($message = '', $jumpUrl = '', $ajax = false) /var/www/html/paoding_gemmap/Application/Pc/Controller/IndexController.class.php 第 8 行.
INFO: [ action_begin ] --START--
INFO: Run Home\Behaviors\siteBehavior [ RunTime:0.007880s ]
INFO: [ action_begin ] --END-- [ RunTime:0.007922s ]
NOTIC: [8] Undefined index: code /var/www/html/paoding_gemmap/Application/Pc/Controller/IndexController.class.php 第 21 行.
NOTIC: [8] Undefined index: ifWeChatLogin /var/www/html/paoding_gemmap/Application/Pc/Controller/IndexController.class.php 第 23 行.
INFO: [ view_begin ] --START--
INFO: Run Home\Behaviors\testBehavior [ RunTime:0.000218s ]
INFO: [ view_begin ] --END-- [ RunTime:0.000342s ]
INFO: [ view_parse ] --START--
INFO: [ template_filter ] --START--
INFO: Run Behavior\ContentReplaceBehavior [ RunTime:0.000168s ]
INFO: [ template_filter ] --END-- [ RunTime:0.000220s ]
NOTIC: [8] Use of undefined constant Activity - assumed 'Activity' /var/www/html/paoding_gemmap/Application/Runtime/Cache/Pc/93c49ad67facdb6f997f1649493c88cf.php 第 21 行.
NOTIC: [8] Use of undefined constant Index - assumed 'Index' /var/www/html/paoding_gemmap/Application/Runtime/Cache/Pc/93c49ad67facdb6f997f1649493c88cf.php 第 24 行.
NOTIC: [8] Use of undefined constant index - assumed 'index' /var/www/html/paoding_gemmap/Application/Runtime/Cache/Pc/93c49ad67facdb6f997f1649493c88cf.php 第 24 行.
NOTIC: [8] Undefined variable: fatherId /var/www/html/paoding_gemmap/Application/Runtime/Cache/Pc/93c49ad67facdb6f997f1649493c88cf.php 第 391 行.
NOTIC: [8] Undefined variable: sonId /var/www/html/paoding_gemmap/Application/Runtime/Cache/Pc/93c49ad67facdb6f997f1649493c88cf.php 第 392 行.
NOTIC: [8] Use of undefined constant Index - assumed 'Index' /var/www/html/paoding_gemmap/Application/Runtime/Cache/Pc/93c49ad67facdb6f997f1649493c88cf.php 第 400 行.
INFO: Run Behavior\ParseTemplateBehavior [ RunTime:0.012252s ]
INFO: [ view_parse ] --END-- [ RunTime:0.012292s ]
INFO: [ view_filter ] --START--
INFO: Run Behavior\WriteHtmlCacheBehavior [ RunTime:0.000114s ]
INFO: Run Behavior\TokenBuildBehavior [ RunTime:0.000357s ]
INFO: [ view_filter ] --END-- [ RunTime:0.000528s ]
INFO: 
INFO: 
INFO: 

