[ 2017-08-14T23:02:50+08:00 ] 112.124.127.224 /
INFO: [ app_init ] --START--
INFO: Run Behavior\BuildLiteBehavior [ RunTime:0.000013s ]
INFO: [ app_init ] --END-- [ RunTime:0.000250s ]
INFO: [ app_begin ] --START--
INFO: Run Behavior\ReadHtmlCacheBehavior [ RunTime:0.000315s ]
INFO: [ app_begin ] --END-- [ RunTime:0.000359s ]
NOTIC: [2048] Declaration of Pc\Controller\IndexController::error() should be compatible with Think\Controller::error($message = '', $jumpUrl = '', $ajax = false) /var/www/html/paoding_gemmap/Application/Pc/Controller/IndexController.class.php 第 8 行.
INFO: [ action_begin ] --START--
INFO: Run Home\Behaviors\siteBehavior [ RunTime:0.008566s ]
INFO: [ action_begin ] --END-- [ RunTime:0.008610s ]
NOTIC: [8] Undefined index: code /var/www/html/paoding_gemmap/Application/Pc/Controller/IndexController.class.php 第 21 行.
NOTIC: [8] Undefined index: ifWeChatLogin /var/www/html/paoding_gemmap/Application/Pc/Controller/IndexController.class.php 第 23 行.
INFO: [ view_begin ] --START--
INFO: Run Home\Behaviors\testBehavior [ RunTime:0.000161s ]
INFO: [ view_begin ] --END-- [ RunTime:0.000216s ]
INFO: [ view_parse ] --START--
INFO: [ template_filter ] --START--
INFO: Run Behavior\ContentReplaceBehavior [ RunTime:0.000172s ]
INFO: [ template_filter ] --END-- [ RunTime:0.000246s ]
NOTIC: [8] Use of undefined constant Activity - assumed 'Activity' /var/www/html/paoding_gemmap/Application/Runtime/Cache/Pc/93c49ad67facdb6f997f1649493c88cf.php 第 21 行.
NOTIC: [8] Use of undefined constant Index - assumed 'Index' /var/www/html/paoding_gemmap/Application/Runtime/Cache/Pc/93c49ad67facdb6f997f1649493c88cf.php 第 24 行.
NOTIC: [8] Use of undefined constant index - assumed 'index' /var/www/html/paoding_gemmap/Application/Runtime/Cache/Pc/93c49ad67facdb6f997f1649493c88cf.php 第 24 行.
NOTIC: [8] Undefined variable: fatherId /var/www/html/paoding_gemmap/Application/Runtime/Cache/Pc/93c49ad67facdb6f997f1649493c88cf.php 第 391 行.
NOTIC: [8] Undefined variable: sonId /var/www/html/paoding_gemmap/Application/Runtime/Cache/Pc/93c49ad67facdb6f997f1649493c88cf.php 第 392 行.
NOTIC: [8] Use of undefined constant Index - assumed 'Index' /var/www/html/paoding_gemmap/Application/Runtime/Cache/Pc/93c49ad67facdb6f997f1649493c88cf.php 第 400 行.
INFO: Run Behavior\ParseTemplateBehavior [ RunTime:0.014663s ]
INFO: [ view_parse ] --END-- [ RunTime:0.014703s ]
INFO: [ view_filter ] --START--
INFO: Run Behavior\WriteHtmlCacheBehavior [ RunTime:0.000154s ]
INFO: Run Behavior\TokenBuildBehavior [ RunTime:0.000309s ]
INFO: [ view_filter ] --END-- [ RunTime:0.000521s ]
INFO: 
INFO: 
INFO: 

[ 2017-08-14T23:06:58+08:00 ] 117.34.28.13 /
INFO: [ app_init ] --START--
INFO: Run Behavior\BuildLiteBehavior [ RunTime:0.000012s ]
INFO: [ app_init ] --END-- [ RunTime:0.000260s ]
INFO: [ app_begin ] --START--
INFO: Run Behavior\ReadHtmlCacheBehavior [ RunTime:0.000325s ]
INFO: [ app_begin ] --END-- [ RunTime:0.000377s ]
NOTIC: [2048] Declaration of Pc\Controller\IndexController::error() should be compatible with Think\Controller::error($message = '', $jumpUrl = '', $ajax = false) /var/www/html/paoding_gemmap/Application/Pc/Controller/IndexController.class.php 第 8 行.
INFO: [ action_begin ] --START--
INFO: Run Home\Behaviors\siteBehavior [ RunTime:0.009876s ]
INFO: [ action_begin ] --END-- [ RunTime:0.009921s ]
NOTIC: [8] Undefined index: code /var/www/html/paoding_gemmap/Application/Pc/Controller/IndexController.class.php 第 21 行.
NOTIC: [8] Undefined index: ifWeChatLogin /var/www/html/paoding_gemmap/Application/Pc/Controller/IndexController.class.php 第 23 行.
INFO: [ view_begin ] --START--
INFO: Run Home\Behaviors\testBehavior [ RunTime:0.000098s ]
INFO: [ view_begin ] --END-- [ RunTime:0.000137s ]
INFO: [ view_parse ] --START--
INFO: [ template_filter ] --START--
INFO: Run Behavior\ContentReplaceBehavior [ RunTime:0.000185s ]
INFO: [ template_filter ] --END-- [ RunTime:0.000229s ]
NOTIC: [8] Use of undefined constant Activity - assumed 'Activity' /var/www/html/paoding_gemmap/Application/Runtime/Cache/Pc/93c49ad67facdb6f997f1649493c88cf.php 第 21 行.
NOTIC: [8] Use of undefined constant Index - assumed 'Index' /var/www/html/paoding_gemmap/Application/Runtime/Cache/Pc/93c49ad67facdb6f997f1649493c88cf.php 第 24 行.
NOTIC: [8] Use of undefined constant index - assumed 'index' /var/www/html/paoding_gemmap/Application/Runtime/Cache/Pc/93c49ad67facdb6f997f1649493c88cf.php 第 24 行.
NOTIC: [8] Undefined variable: fatherId /var/www/html/paoding_gemmap/Application/Runtime/Cache/Pc/93c49ad67facdb6f997f1649493c88cf.php 第 391 行.
NOTIC: [8] Undefined variable: sonId /var/www/html/paoding_gemmap/Application/Runtime/Cache/Pc/93c49ad67facdb6f997f1649493c88cf.php 第 392 行.
NOTIC: [8] Use of undefined constant Index - assumed 'Index' /var/www/html/paoding_gemmap/Application/Runtime/Cache/Pc/93c49ad67facdb6f997f1649493c88cf.php 第 400 行.
INFO: Run Behavior\ParseTemplateBehavior [ RunTime:0.012618s ]
INFO: [ view_parse ] --END-- [ RunTime:0.012669s ]
INFO: [ view_filter ] --START--
INFO: Run Behavior\WriteHtmlCacheBehavior [ RunTime:0.000107s ]
INFO: Run Behavior\TokenBuildBehavior [ RunTime:0.000345s ]
INFO: [ view_filter ] --END-- [ RunTime:0.000512s ]
INFO: 
INFO: 
INFO: 

[ 2017-08-14T23:06:58+08:00 ] 61.182.137.6 /
INFO: [ app_init ] --START--
INFO: Run Behavior\BuildLiteBehavior [ RunTime:0.000012s ]
INFO: [ app_init ] --END-- [ RunTime:0.000248s ]
INFO: [ app_begin ] --START--
INFO: Run Behavior\ReadHtmlCacheBehavior [ RunTime:0.000323s ]
INFO: [ app_begin ] --END-- [ RunTime:0.000376s ]
NOTIC: [2048] Declaration of Pc\Controller\IndexController::error() should be compatible with Think\Controller::error($message = '', $jumpUrl = '', $ajax = false) /var/www/html/paoding_gemmap/Application/Pc/Controller/IndexController.class.php 第 8 行.
INFO: [ action_begin ] --START--
INFO: Run Home\Behaviors\siteBehavior [ RunTime:0.008338s ]
INFO: [ action_begin ] --END-- [ RunTime:0.008394s ]
NOTIC: [8] Undefined index: code /var/www/html/paoding_gemmap/Application/Pc/Controller/IndexController.class.php 第 21 行.
NOTIC: [8] Undefined index: ifWeChatLogin /var/www/html/paoding_gemmap/Application/Pc/Controller/IndexController.class.php 第 23 行.
INFO: [ view_begin ] --START--
INFO: Run Home\Behaviors\testBehavior [ RunTime:0.000168s ]
INFO: [ view_begin ] --END-- [ RunTime:0.000209s ]
INFO: [ view_parse ] --START--
INFO: [ template_filter ] --START--
INFO: Run Behavior\ContentReplaceBehavior [ RunTime:0.000246s ]
INFO: [ template_filter ] --END-- [ RunTime:0.000327s ]
NOTIC: [8] Use of undefined constant Activity - assumed 'Activity' /var/www/html/paoding_gemmap/Application/Runtime/Cache/Pc/93c49ad67facdb6f997f1649493c88cf.php 第 21 行.
NOTIC: [8] Use of undefined constant Index - assumed 'Index' /var/www/html/paoding_gemmap/Application/Runtime/Cache/Pc/93c49ad67facdb6f997f1649493c88cf.php 第 24 行.
NOTIC: [8] Use of undefined constant index - assumed 'index' /var/www/html/paoding_gemmap/Application/Runtime/Cache/Pc/93c49ad67facdb6f997f1649493c88cf.php 第 24 行.
NOTIC: [8] Undefined variable: fatherId /var/www/html/paoding_gemmap/Application/Runtime/Cache/Pc/93c49ad67facdb6f997f1649493c88cf.php 第 391 行.
NOTIC: [8] Undefined variable: sonId /var/www/html/paoding_gemmap/Application/Runtime/Cache/Pc/93c49ad67facdb6f997f1649493c88cf.php 第 392 行.
NOTIC: [8] Use of undefined constant Index - assumed 'Index' /var/www/html/paoding_gemmap/Application/Runtime/Cache/Pc/93c49ad67facdb6f997f1649493c88cf.php 第 400 行.
INFO: Run Behavior\ParseTemplateBehavior [ RunTime:0.013398s ]
INFO: [ view_parse ] --END-- [ RunTime:0.013436s ]
INFO: [ view_filter ] --START--
INFO: Run Behavior\WriteHtmlCacheBehavior [ RunTime:0.000121s ]
INFO: Run Behavior\TokenBuildBehavior [ RunTime:0.000424s ]
INFO: [ view_filter ] --END-- [ RunTime:0.000604s ]
INFO: 
INFO: 
INFO: 

[ 2017-08-14T23:08:40+08:00 ] 121.42.196.232 /
INFO: [ app_init ] --START--
INFO: Run Behavior\BuildLiteBehavior [ RunTime:0.000013s ]
INFO: [ app_init ] --END-- [ RunTime:0.000309s ]
INFO: [ app_begin ] --START--
INFO: Run Behavior\ReadHtmlCacheBehavior [ RunTime:0.000367s ]
INFO: [ app_begin ] --END-- [ RunTime:0.000413s ]
NOTIC: [2048] Declaration of Pc\Controller\IndexController::error() should be compatible with Think\Controller::error($message = '', $jumpUrl = '', $ajax = false) /var/www/html/paoding_gemmap/Application/Pc/Controller/IndexController.class.php 第 8 行.
INFO: [ action_begin ] --START--
INFO: Run Home\Behaviors\siteBehavior [ RunTime:0.008130s ]
INFO: [ action_begin ] --END-- [ RunTime:0.008173s ]
NOTIC: [8] Undefined index: code /var/www/html/paoding_gemmap/Application/Pc/Controller/IndexController.class.php 第 21 行.
NOTIC: [8] Undefined index: ifWeChatLogin /var/www/html/paoding_gemmap/Application/Pc/Controller/IndexController.class.php 第 23 行.
INFO: [ view_begin ] --START--
INFO: Run Home\Behaviors\testBehavior [ RunTime:0.000143s ]
INFO: [ view_begin ] --END-- [ RunTime:0.000183s ]
INFO: [ view_parse ] --START--
INFO: [ template_filter ] --START--
INFO: Run Behavior\ContentReplaceBehavior [ RunTime:0.000165s ]
INFO: [ template_filter ] --END-- [ RunTime:0.000209s ]
NOTIC: [8] Use of undefined constant Activity - assumed 'Activity' /var/www/html/paoding_gemmap/Application/Runtime/Cache/Pc/93c49ad67facdb6f997f1649493c88cf.php 第 21 行.
NOTIC: [8] Use of undefined constant Index - assumed 'Index' /var/www/html/paoding_gemmap/Application/Runtime/Cache/Pc/93c49ad67facdb6f997f1649493c88cf.php 第 24 行.
NOTIC: [8] Use of undefined constant index - assumed 'index' /var/www/html/paoding_gemmap/Application/Runtime/Cache/Pc/93c49ad67facdb6f997f1649493c88cf.php 第 24 行.
NOTIC: [8] Undefined variable: fatherId /var/www/html/paoding_gemmap/Application/Runtime/Cache/Pc/93c49ad67facdb6f997f1649493c88cf.php 第 391 行.
NOTIC: [8] Undefined variable: sonId /var/www/html/paoding_gemmap/Application/Runtime/Cache/Pc/93c49ad67facdb6f997f1649493c88cf.php 第 392 行.
NOTIC: [8] Use of undefined constant Index - assumed 'Index' /var/www/html/paoding_gemmap/Application/Runtime/Cache/Pc/93c49ad67facdb6f997f1649493c88cf.php 第 400 行.
INFO: Run Behavior\ParseTemplateBehavior [ RunTime:0.012130s ]
INFO: [ view_parse ] --END-- [ RunTime:0.012220s ]
INFO: [ view_filter ] --START--
INFO: Run Behavior\WriteHtmlCacheBehavior [ RunTime:0.000228s ]
INFO: Run Behavior\TokenBuildBehavior [ RunTime:0.000426s ]
INFO: [ view_filter ] --END-- [ RunTime:0.000718s ]
INFO: 
INFO: 
INFO: 

[ 2017-08-14T23:11:01+08:00 ] 112.126.74.55 /
INFO: [ app_init ] --START--
INFO: Run Behavior\BuildLiteBehavior [ RunTime:0.000013s ]
INFO: [ app_init ] --END-- [ RunTime:0.000250s ]
INFO: [ app_begin ] --START--
INFO: Run Behavior\ReadHtmlCacheBehavior [ RunTime:0.000309s ]
INFO: [ app_begin ] --END-- [ RunTime:0.000353s ]
NOTIC: [2048] Declaration of Pc\Controller\IndexController::error() should be compatible with Think\Controller::error($message = '', $jumpUrl = '', $ajax = false) /var/www/html/paoding_gemmap/Application/Pc/Controller/IndexController.class.php 第 8 行.
INFO: [ action_begin ] --START--
INFO: Run Home\Behaviors\siteBehavior [ RunTime:0.008685s ]
INFO: [ action_begin ] --END-- [ RunTime:0.008746s ]
NOTIC: [8] Undefined index: code /var/www/html/paoding_gemmap/Application/Pc/Controller/IndexController.class.php 第 21 行.
NOTIC: [8] Undefined index: ifWeChatLogin /var/www/html/paoding_gemmap/Application/Pc/Controller/IndexController.class.php 第 23 行.
INFO: [ view_begin ] --START--
INFO: Run Home\Behaviors\testBehavior [ RunTime:0.000117s ]
INFO: [ view_begin ] --END-- [ RunTime:0.000210s ]
INFO: [ view_parse ] --START--
INFO: [ template_filter ] --START--
INFO: Run Behavior\ContentReplaceBehavior [ RunTime:0.000165s ]
INFO: [ template_filter ] --END-- [ RunTime:0.000217s ]
NOTIC: [8] Use of undefined constant Activity - assumed 'Activity' /var/www/html/paoding_gemmap/Application/Runtime/Cache/Pc/93c49ad67facdb6f997f1649493c88cf.php 第 21 行.
NOTIC: [8] Use of undefined constant Index - assumed 'Index' /var/www/html/paoding_gemmap/Application/Runtime/Cache/Pc/93c49ad67facdb6f997f1649493c88cf.php 第 24 行.
NOTIC: [8] Use of undefined constant index - assumed 'index' /var/www/html/paoding_gemmap/Application/Runtime/Cache/Pc/93c49ad67facdb6f997f1649493c88cf.php 第 24 行.
NOTIC: [8] Undefined variable: fatherId /var/www/html/paoding_gemmap/Application/Runtime/Cache/Pc/93c49ad67facdb6f997f1649493c88cf.php 第 391 行.
NOTIC: [8] Undefined variable: sonId /var/www/html/paoding_gemmap/Application/Runtime/Cache/Pc/93c49ad67facdb6f997f1649493c88cf.php 第 392 行.
NOTIC: [8] Use of undefined constant Index - assumed 'Index' /var/www/html/paoding_gemmap/Application/Runtime/Cache/Pc/93c49ad67facdb6f997f1649493c88cf.php 第 400 行.
INFO: Run Behavior\ParseTemplateBehavior [ RunTime:0.011919s ]
INFO: [ view_parse ] --END-- [ RunTime:0.011957s ]
INFO: [ view_filter ] --START--
INFO: Run Behavior\WriteHtmlCacheBehavior [ RunTime:0.000111s ]
INFO: Run Behavior\TokenBuildBehavior [ RunTime:0.000301s ]
INFO: [ view_filter ] --END-- [ RunTime:0.000478s ]
INFO: 
INFO: 
INFO: 

[ 2017-08-14T23:14:54+08:00 ] 61.135.165.8 /
INFO: [ app_init ] --START--
INFO: Run Behavior\BuildLiteBehavior [ RunTime:0.000013s ]
INFO: [ app_init ] --END-- [ RunTime:0.000252s ]
INFO: [ app_begin ] --START--
INFO: Run Behavior\ReadHtmlCacheBehavior [ RunTime:0.000328s ]
INFO: [ app_begin ] --END-- [ RunTime:0.000373s ]
NOTIC: [2048] Declaration of Pc\Controller\IndexController::error() should be compatible with Think\Controller::error($message = '', $jumpUrl = '', $ajax = false) /var/www/html/paoding_gemmap/Application/Pc/Controller/IndexController.class.php 第 8 行.
INFO: [ action_begin ] --START--
INFO: Run Home\Behaviors\siteBehavior [ RunTime:0.008287s ]
INFO: [ action_begin ] --END-- [ RunTime:0.008336s ]
NOTIC: [8] Undefined index: code /var/www/html/paoding_gemmap/Application/Pc/Controller/IndexController.class.php 第 21 行.
NOTIC: [8] Undefined index: ifWeChatLogin /var/www/html/paoding_gemmap/Application/Pc/Controller/IndexController.class.php 第 23 行.
INFO: [ view_begin ] --START--
INFO: Run Home\Behaviors\testBehavior [ RunTime:0.000105s ]
INFO: [ view_begin ] --END-- [ RunTime:0.000145s ]
INFO: [ view_parse ] --START--
INFO: [ template_filter ] --START--
INFO: Run Behavior\ContentReplaceBehavior [ RunTime:0.000213s ]
INFO: [ template_filter ] --END-- [ RunTime:0.000265s ]
NOTIC: [8] Use of undefined constant Activity - assumed 'Activity' /var/www/html/paoding_gemmap/Application/Runtime/Cache/Pc/93c49ad67facdb6f997f1649493c88cf.php 第 21 行.
NOTIC: [8] Use of undefined constant Index - assumed 'Index' /var/www/html/paoding_gemmap/Application/Runtime/Cache/Pc/93c49ad67facdb6f997f1649493c88cf.php 第 24 行.
NOTIC: [8] Use of undefined constant index - assumed 'index' /var/www/html/paoding_gemmap/Application/Runtime/Cache/Pc/93c49ad67facdb6f997f1649493c88cf.php 第 24 行.
NOTIC: [8] Undefined variable: fatherId /var/www/html/paoding_gemmap/Application/Runtime/Cache/Pc/93c49ad67facdb6f997f1649493c88cf.php 第 391 行.
NOTIC: [8] Undefined variable: sonId /var/www/html/paoding_gemmap/Application/Runtime/Cache/Pc/93c49ad67facdb6f997f1649493c88cf.php 第 392 行.
NOTIC: [8] Use of undefined constant Index - assumed 'Index' /var/www/html/paoding_gemmap/Application/Runtime/Cache/Pc/93c49ad67facdb6f997f1649493c88cf.php 第 400 行.
INFO: Run Behavior\ParseTemplateBehavior [ RunTime:0.012674s ]
INFO: [ view_parse ] --END-- [ RunTime:0.012712s ]
INFO: [ view_filter ] --START--
INFO: Run Behavior\WriteHtmlCacheBehavior [ RunTime:0.000131s ]
INFO: Run Behavior\TokenBuildBehavior [ RunTime:0.000417s ]
INFO: [ view_filter ] --END-- [ RunTime:0.000617s ]
INFO: [ app_end ] --START--
INFO: Run Behavior\ShowPageTraceBehavior [ RunTime:0.000379s ]
INFO: [ app_end ] --END-- [ RunTime:0.000424s ]

[ 2017-08-14T23:16:58+08:00 ] 61.182.137.6 /
INFO: [ app_init ] --START--
INFO: Run Behavior\BuildLiteBehavior [ RunTime:0.000013s ]
INFO: [ app_init ] --END-- [ RunTime:0.000291s ]
INFO: [ app_begin ] --START--
INFO: Run Behavior\ReadHtmlCacheBehavior [ RunTime:0.000354s ]
INFO: [ app_begin ] --END-- [ RunTime:0.000399s ]
NOTIC: [2048] Declaration of Pc\Controller\IndexController::error() should be compatible with Think\Controller::error($message = '', $jumpUrl = '', $ajax = false) /var/www/html/paoding_gemmap/Application/Pc/Controller/IndexController.class.php 第 8 行.
INFO: [ action_begin ] --START--
INFO: Run Home\Behaviors\siteBehavior [ RunTime:0.014339s ]
INFO: [ action_begin ] --END-- [ RunTime:0.014381s ]
NOTIC: [8] Undefined index: code /var/www/html/paoding_gemmap/Application/Pc/Controller/IndexController.class.php 第 21 行.
NOTIC: [8] Undefined index: ifWeChatLogin /var/www/html/paoding_gemmap/Application/Pc/Controller/IndexController.class.php 第 23 行.
INFO: [ view_begin ] --START--
INFO: Run Home\Behaviors\testBehavior [ RunTime:0.000098s ]
INFO: [ view_begin ] --END-- [ RunTime:0.000489s ]
INFO: [ view_parse ] --START--
INFO: [ template_filter ] --START--
INFO: Run Behavior\ContentReplaceBehavior [ RunTime:0.000190s ]
INFO: [ template_filter ] --END-- [ RunTime:0.000236s ]
NOTIC: [8] Use of undefined constant Activity - assumed 'Activity' /var/www/html/paoding_gemmap/Application/Runtime/Cache/Pc/93c49ad67facdb6f997f1649493c88cf.php 第 21 行.
NOTIC: [8] Use of undefined constant Index - assumed 'Index' /var/www/html/paoding_gemmap/Application/Runtime/Cache/Pc/93c49ad67facdb6f997f1649493c88cf.php 第 24 行.
NOTIC: [8] Use of undefined constant index - assumed 'index' /var/www/html/paoding_gemmap/Application/Runtime/Cache/Pc/93c49ad67facdb6f997f1649493c88cf.php 第 24 行.
NOTIC: [8] Undefined variable: fatherId /var/www/html/paoding_gemmap/Application/Runtime/Cache/Pc/93c49ad67facdb6f997f1649493c88cf.php 第 391 行.
NOTIC: [8] Undefined variable: sonId /var/www/html/paoding_gemmap/Application/Runtime/Cache/Pc/93c49ad67facdb6f997f1649493c88cf.php 第 392 行.
NOTIC: [8] Use of undefined constant Index - assumed 'Index' /var/www/html/paoding_gemmap/Application/Runtime/Cache/Pc/93c49ad67facdb6f997f1649493c88cf.php 第 400 行.
INFO: Run Behavior\ParseTemplateBehavior [ RunTime:0.024577s ]
INFO: [ view_parse ] --END-- [ RunTime:0.024614s ]
INFO: [ view_filter ] --START--
INFO: Run Behavior\WriteHtmlCacheBehavior [ RunTime:0.000106s ]
INFO: Run Behavior\TokenBuildBehavior [ RunTime:0.000344s ]
INFO: [ view_filter ] --END-- [ RunTime:0.000507s ]
INFO: 
INFO: 
INFO: 

[ 2017-08-14T23:16:58+08:00 ] 117.34.28.13 /
INFO: [ app_init ] --START--
INFO: Run Behavior\BuildLiteBehavior [ RunTime:0.000011s ]
INFO: [ app_init ] --END-- [ RunTime:0.000230s ]
INFO: [ app_begin ] --START--
INFO: Run Behavior\ReadHtmlCacheBehavior [ RunTime:0.000310s ]
INFO: [ app_begin ] --END-- [ RunTime:0.000355s ]
NOTIC: [2048] Declaration of Pc\Controller\IndexController::error() should be compatible with Think\Controller::error($message = '', $jumpUrl = '', $ajax = false) /var/www/html/paoding_gemmap/Application/Pc/Controller/IndexController.class.php 第 8 行.
INFO: [ action_begin ] --START--
INFO: Run Home\Behaviors\siteBehavior [ RunTime:0.013996s ]
INFO: [ action_begin ] --END-- [ RunTime:0.014037s ]
NOTIC: [8] Undefined index: code /var/www/html/paoding_gemmap/Application/Pc/Controller/IndexController.class.php 第 21 行.
NOTIC: [8] Undefined index: ifWeChatLogin /var/www/html/paoding_gemmap/Application/Pc/Controller/IndexController.class.php 第 23 行.
INFO: [ view_begin ] --START--
INFO: Run Home\Behaviors\testBehavior [ RunTime:0.000095s ]
INFO: [ view_begin ] --END-- [ RunTime:0.000133s ]
INFO: [ view_parse ] --START--
INFO: [ template_filter ] --START--
INFO: Run Behavior\ContentReplaceBehavior [ RunTime:0.000175s ]
INFO: [ template_filter ] --END-- [ RunTime:0.000239s ]
NOTIC: [8] Use of undefined constant Activity - assumed 'Activity' /var/www/html/paoding_gemmap/Application/Runtime/Cache/Pc/93c49ad67facdb6f997f1649493c88cf.php 第 21 行.
NOTIC: [8] Use of undefined constant Index - assumed 'Index' /var/www/html/paoding_gemmap/Application/Runtime/Cache/Pc/93c49ad67facdb6f997f1649493c88cf.php 第 24 行.
NOTIC: [8] Use of undefined constant index - assumed 'index' /var/www/html/paoding_gemmap/Application/Runtime/Cache/Pc/93c49ad67facdb6f997f1649493c88cf.php 第 24 行.
NOTIC: [8] Undefined variable: fatherId /var/www/html/paoding_gemmap/Application/Runtime/Cache/Pc/93c49ad67facdb6f997f1649493c88cf.php 第 391 行.
NOTIC: [8] Undefined variable: sonId /var/www/html/paoding_gemmap/Application/Runtime/Cache/Pc/93c49ad67facdb6f997f1649493c88cf.php 第 392 行.
NOTIC: [8] Use of undefined constant Index - assumed 'Index' /var/www/html/paoding_gemmap/Application/Runtime/Cache/Pc/93c49ad67facdb6f997f1649493c88cf.php 第 400 行.
INFO: Run Behavior\ParseTemplateBehavior [ RunTime:0.013970s ]
INFO: [ view_parse ] --END-- [ RunTime:0.014073s ]
INFO: [ view_filter ] --START--
INFO: Run Behavior\WriteHtmlCacheBehavior [ RunTime:0.000129s ]
INFO: Run Behavior\TokenBuildBehavior [ RunTime:0.000323s ]
INFO: [ view_filter ] --END-- [ RunTime:0.000558s ]
INFO: 
INFO: 
INFO: 

[ 2017-08-14T23:17:50+08:00 ] 112.124.127.224 /
INFO: [ app_init ] --START--
INFO: Run Behavior\BuildLiteBehavior [ RunTime:0.000013s ]
INFO: [ app_init ] --END-- [ RunTime:0.000252s ]
INFO: [ app_begin ] --START--
INFO: Run Behavior\ReadHtmlCacheBehavior [ RunTime:0.000354s ]
INFO: [ app_begin ] --END-- [ RunTime:0.000400s ]
NOTIC: [2048] Declaration of Pc\Controller\IndexController::error() should be compatible with Think\Controller::error($message = '', $jumpUrl = '', $ajax = false) /var/www/html/paoding_gemmap/Application/Pc/Controller/IndexController.class.php 第 8 行.
INFO: [ action_begin ] --START--
INFO: Run Home\Behaviors\siteBehavior [ RunTime:0.007912s ]
INFO: [ action_begin ] --END-- [ RunTime:0.007960s ]
NOTIC: [8] Undefined index: code /var/www/html/paoding_gemmap/Application/Pc/Controller/IndexController.class.php 第 21 行.
NOTIC: [8] Undefined index: ifWeChatLogin /var/www/html/paoding_gemmap/Application/Pc/Controller/IndexController.class.php 第 23 行.
INFO: [ view_begin ] --START--
INFO: Run Home\Behaviors\testBehavior [ RunTime:0.000109s ]
INFO: [ view_begin ] --END-- [ RunTime:0.000193s ]
INFO: [ view_parse ] --START--
INFO: [ template_filter ] --START--
INFO: Run Behavior\ContentReplaceBehavior [ RunTime:0.000165s ]
INFO: [ template_filter ] --END-- [ RunTime:0.000210s ]
NOTIC: [8] Use of undefined constant Activity - assumed 'Activity' /var/www/html/paoding_gemmap/Application/Runtime/Cache/Pc/93c49ad67facdb6f997f1649493c88cf.php 第 21 行.
NOTIC: [8] Use of undefined constant Index - assumed 'Index' /var/www/html/paoding_gemmap/Application/Runtime/Cache/Pc/93c49ad67facdb6f997f1649493c88cf.php 第 24 行.
NOTIC: [8] Use of undefined constant index - assumed 'index' /var/www/html/paoding_gemmap/Application/Runtime/Cache/Pc/93c49ad67facdb6f997f1649493c88cf.php 第 24 行.
NOTIC: [8] Undefined variable: fatherId /var/www/html/paoding_gemmap/Application/Runtime/Cache/Pc/93c49ad67facdb6f997f1649493c88cf.php 第 391 行.
NOTIC: [8] Undefined variable: sonId /var/www/html/paoding_gemmap/Application/Runtime/Cache/Pc/93c49ad67facdb6f997f1649493c88cf.php 第 392 行.
NOTIC: [8] Use of undefined constant Index - assumed 'Index' /var/www/html/paoding_gemmap/Application/Runtime/Cache/Pc/93c49ad67facdb6f997f1649493c88cf.php 第 400 行.
INFO: Run Behavior\ParseTemplateBehavior [ RunTime:0.011583s ]
INFO: [ view_parse ] --END-- [ RunTime:0.011620s ]
INFO: [ view_filter ] --START--
INFO: Run Behavior\WriteHtmlCacheBehavior [ RunTime:0.000110s ]
INFO: Run Behavior\TokenBuildBehavior [ RunTime:0.000428s ]
INFO: [ view_filter ] --END-- [ RunTime:0.000598s ]
INFO: 
INFO: 
INFO: 

[ 2017-08-14T23:23:40+08:00 ] 121.42.196.232 /
INFO: [ app_init ] --START--
INFO: Run Behavior\BuildLiteBehavior [ RunTime:0.000013s ]
INFO: [ app_init ] --END-- [ RunTime:0.000248s ]
INFO: [ app_begin ] --START--
INFO: Run Behavior\ReadHtmlCacheBehavior [ RunTime:0.000459s ]
INFO: [ app_begin ] --END-- [ RunTime:0.000529s ]
NOTIC: [2048] Declaration of Pc\Controller\IndexController::error() should be compatible with Think\Controller::error($message = '', $jumpUrl = '', $ajax = false) /var/www/html/paoding_gemmap/Application/Pc/Controller/IndexController.class.php 第 8 行.
INFO: [ action_begin ] --START--
INFO: Run Home\Behaviors\siteBehavior [ RunTime:0.008155s ]
INFO: [ action_begin ] --END-- [ RunTime:0.008200s ]
NOTIC: [8] Undefined index: code /var/www/html/paoding_gemmap/Application/Pc/Controller/IndexController.class.php 第 21 行.
NOTIC: [8] Undefined index: ifWeChatLogin /var/www/html/paoding_gemmap/Application/Pc/Controller/IndexController.class.php 第 23 行.
INFO: [ view_begin ] --START--
INFO: Run Home\Behaviors\testBehavior [ RunTime:0.000095s ]
INFO: [ view_begin ] --END-- [ RunTime:0.000135s ]
INFO: [ view_parse ] --START--
INFO: [ template_filter ] --START--
INFO: Run Behavior\ContentReplaceBehavior [ RunTime:0.000188s ]
INFO: [ template_filter ] --END-- [ RunTime:0.000233s ]
NOTIC: [8] Use of undefined constant Activity - assumed 'Activity' /var/www/html/paoding_gemmap/Application/Runtime/Cache/Pc/93c49ad67facdb6f997f1649493c88cf.php 第 21 行.
NOTIC: [8] Use of undefined constant Index - assumed 'Index' /var/www/html/paoding_gemmap/Application/Runtime/Cache/Pc/93c49ad67facdb6f997f1649493c88cf.php 第 24 行.
NOTIC: [8] Use of undefined constant index - assumed 'index' /var/www/html/paoding_gemmap/Application/Runtime/Cache/Pc/93c49ad67facdb6f997f1649493c88cf.php 第 24 行.
NOTIC: [8] Undefined variable: fatherId /var/www/html/paoding_gemmap/Application/Runtime/Cache/Pc/93c49ad67facdb6f997f1649493c88cf.php 第 391 行.
NOTIC: [8] Undefined variable: sonId /var/www/html/paoding_gemmap/Application/Runtime/Cache/Pc/93c49ad67facdb6f997f1649493c88cf.php 第 392 行.
NOTIC: [8] Use of undefined constant Index - assumed 'Index' /var/www/html/paoding_gemmap/Application/Runtime/Cache/Pc/93c49ad67facdb6f997f1649493c88cf.php 第 400 行.
INFO: Run Behavior\ParseTemplateBehavior [ RunTime:0.011934s ]
INFO: [ view_parse ] --END-- [ RunTime:0.011973s ]
INFO: [ view_filter ] --START--
INFO: Run Behavior\WriteHtmlCacheBehavior [ RunTime:0.000106s ]
INFO: Run Behavior\TokenBuildBehavior [ RunTime:0.000328s ]
INFO: [ view_filter ] --END-- [ RunTime:0.000493s ]
INFO: 
INFO: 
INFO: 

[ 2017-08-14T23:26:01+08:00 ] 112.126.74.55 /
INFO: [ app_init ] --START--
INFO: Run Behavior\BuildLiteBehavior [ RunTime:0.000012s ]
INFO: [ app_init ] --END-- [ RunTime:0.000255s ]
INFO: [ app_begin ] --START--
INFO: Run Behavior\ReadHtmlCacheBehavior [ RunTime:0.000356s ]
INFO: [ app_begin ] --END-- [ RunTime:0.000402s ]
NOTIC: [2048] Declaration of Pc\Controller\IndexController::error() should be compatible with Think\Controller::error($message = '', $jumpUrl = '', $ajax = false) /var/www/html/paoding_gemmap/Application/Pc/Controller/IndexController.class.php 第 8 行.
INFO: [ action_begin ] --START--
INFO: Run Home\Behaviors\siteBehavior [ RunTime:0.007676s ]
INFO: [ action_begin ] --END-- [ RunTime:0.007719s ]
NOTIC: [8] Undefined index: code /var/www/html/paoding_gemmap/Application/Pc/Controller/IndexController.class.php 第 21 行.
NOTIC: [8] Undefined index: ifWeChatLogin /var/www/html/paoding_gemmap/Application/Pc/Controller/IndexController.class.php 第 23 行.
INFO: [ view_begin ] --START--
INFO: Run Home\Behaviors\testBehavior [ RunTime:0.000099s ]
INFO: [ view_begin ] --END-- [ RunTime:0.000139s ]
INFO: [ view_parse ] --START--
INFO: [ template_filter ] --START--
INFO: Run Behavior\ContentReplaceBehavior [ RunTime:0.000162s ]
INFO: [ template_filter ] --END-- [ RunTime:0.000206s ]
NOTIC: [8] Use of undefined constant Activity - assumed 'Activity' /var/www/html/paoding_gemmap/Application/Runtime/Cache/Pc/93c49ad67facdb6f997f1649493c88cf.php 第 21 行.
NOTIC: [8] Use of undefined constant Index - assumed 'Index' /var/www/html/paoding_gemmap/Application/Runtime/Cache/Pc/93c49ad67facdb6f997f1649493c88cf.php 第 24 行.
NOTIC: [8] Use of undefined constant index - assumed 'index' /var/www/html/paoding_gemmap/Application/Runtime/Cache/Pc/93c49ad67facdb6f997f1649493c88cf.php 第 24 行.
NOTIC: [8] Undefined variable: fatherId /var/www/html/paoding_gemmap/Application/Runtime/Cache/Pc/93c49ad67facdb6f997f1649493c88cf.php 第 391 行.
NOTIC: [8] Undefined variable: sonId /var/www/html/paoding_gemmap/Application/Runtime/Cache/Pc/93c49ad67facdb6f997f1649493c88cf.php 第 392 行.
NOTIC: [8] Use of undefined constant Index - assumed 'Index' /var/www/html/paoding_gemmap/Application/Runtime/Cache/Pc/93c49ad67facdb6f997f1649493c88cf.php 第 400 行.
INFO: Run Behavior\ParseTemplateBehavior [ RunTime:0.011649s ]
INFO: [ view_parse ] --END-- [ RunTime:0.011686s ]
INFO: [ view_filter ] --START--
INFO: Run Behavior\WriteHtmlCacheBehavior [ RunTime:0.000110s ]
INFO: Run Behavior\TokenBuildBehavior [ RunTime:0.000303s ]
INFO: [ view_filter ] --END-- [ RunTime:0.000471s ]
INFO: 
INFO: 
INFO: 

[ 2017-08-14T23:28:40+08:00 ] 66.249.65.217 /
INFO: [ app_init ] --START--
INFO: Run Behavior\BuildLiteBehavior [ RunTime:0.000016s ]
INFO: [ app_init ] --END-- [ RunTime:0.000268s ]
INFO: [ app_begin ] --START--
INFO: Run Behavior\ReadHtmlCacheBehavior [ RunTime:0.000326s ]
INFO: [ app_begin ] --END-- [ RunTime:0.000371s ]
NOTIC: [2048] Declaration of Pc\Controller\IndexController::error() should be compatible with Think\Controller::error($message = '', $jumpUrl = '', $ajax = false) /var/www/html/paoding_gemmap/Application/Pc/Controller/IndexController.class.php 第 8 行.
INFO: [ action_begin ] --START--
INFO: Run Home\Behaviors\siteBehavior [ RunTime:0.008408s ]
INFO: [ action_begin ] --END-- [ RunTime:0.008478s ]
NOTIC: [8] Undefined index: code /var/www/html/paoding_gemmap/Application/Pc/Controller/IndexController.class.php 第 21 行.
NOTIC: [8] Undefined index: ifWeChatLogin /var/www/html/paoding_gemmap/Application/Pc/Controller/IndexController.class.php 第 23 行.
INFO: [ view_begin ] --START--
INFO: Run Home\Behaviors\testBehavior [ RunTime:0.000104s ]
INFO: [ view_begin ] --END-- [ RunTime:0.000143s ]
INFO: [ view_parse ] --START--
INFO: [ template_filter ] --START--
INFO: Run Behavior\ContentReplaceBehavior [ RunTime:0.000166s ]
INFO: [ template_filter ] --END-- [ RunTime:0.000212s ]
NOTIC: [8] Use of undefined constant Activity - assumed 'Activity' /var/www/html/paoding_gemmap/Application/Runtime/Cache/Pc/93c49ad67facdb6f997f1649493c88cf.php 第 21 行.
NOTIC: [8] Use of undefined constant Index - assumed 'Index' /var/www/html/paoding_gemmap/Application/Runtime/Cache/Pc/93c49ad67facdb6f997f1649493c88cf.php 第 24 行.
NOTIC: [8] Use of undefined constant index - assumed 'index' /var/www/html/paoding_gemmap/Application/Runtime/Cache/Pc/93c49ad67facdb6f997f1649493c88cf.php 第 24 行.
NOTIC: [8] Undefined variable: fatherId /var/www/html/paoding_gemmap/Application/Runtime/Cache/Pc/93c49ad67facdb6f997f1649493c88cf.php 第 391 行.
NOTIC: [8] Undefined variable: sonId /var/www/html/paoding_gemmap/Application/Runtime/Cache/Pc/93c49ad67facdb6f997f1649493c88cf.php 第 392 行.
NOTIC: [8] Use of undefined constant Index - assumed 'Index' /var/www/html/paoding_gemmap/Application/Runtime/Cache/Pc/93c49ad67facdb6f997f1649493c88cf.php 第 400 行.
INFO: Run Behavior\ParseTemplateBehavior [ RunTime:0.011757s ]
INFO: [ view_parse ] --END-- [ RunTime:0.011794s ]
INFO: [ view_filter ] --START--
INFO: Run Behavior\WriteHtmlCacheBehavior [ RunTime:0.000111s ]
INFO: Run Behavior\TokenBuildBehavior [ RunTime:0.000309s ]
INFO: [ view_filter ] --END-- [ RunTime:0.000479s ]
INFO: [ app_end ] --START--
INFO: Run Behavior\ShowPageTraceBehavior [ RunTime:0.000480s ]
INFO: [ app_end ] --END-- [ RunTime:0.000525s ]

[ 2017-08-14T23:32:50+08:00 ] 112.124.127.224 /
INFO: [ app_init ] --START--
INFO: Run Behavior\BuildLiteBehavior [ RunTime:0.000013s ]
INFO: [ app_init ] --END-- [ RunTime:0.000295s ]
INFO: [ app_begin ] --START--
INFO: Run Behavior\ReadHtmlCacheBehavior [ RunTime:0.000414s ]
INFO: [ app_begin ] --END-- [ RunTime:0.000458s ]
NOTIC: [2048] Declaration of Pc\Controller\IndexController::error() should be compatible with Think\Controller::error($message = '', $jumpUrl = '', $ajax = false) /var/www/html/paoding_gemmap/Application/Pc/Controller/IndexController.class.php 第 8 行.
INFO: [ action_begin ] --START--
INFO: Run Home\Behaviors\siteBehavior [ RunTime:0.008220s ]
INFO: [ action_begin ] --END-- [ RunTime:0.008281s ]
NOTIC: [8] Undefined index: code /var/www/html/paoding_gemmap/Application/Pc/Controller/IndexController.class.php 第 21 行.
NOTIC: [8] Undefined index: ifWeChatLogin /var/www/html/paoding_gemmap/Application/Pc/Controller/IndexController.class.php 第 23 行.
INFO: [ view_begin ] --START--
INFO: Run Home\Behaviors\testBehavior [ RunTime:0.000100s ]
INFO: [ view_begin ] --END-- [ RunTime:0.000139s ]
INFO: [ view_parse ] --START--
INFO: [ template_filter ] --START--
INFO: Run Behavior\ContentReplaceBehavior [ RunTime:0.000229s ]
INFO: [ template_filter ] --END-- [ RunTime:0.000278s ]
NOTIC: [8] Use of undefined constant Activity - assumed 'Activity' /var/www/html/paoding_gemmap/Application/Runtime/Cache/Pc/93c49ad67facdb6f997f1649493c88cf.php 第 21 行.
NOTIC: [8] Use of undefined constant Index - assumed 'Index' /var/www/html/paoding_gemmap/Application/Runtime/Cache/Pc/93c49ad67facdb6f997f1649493c88cf.php 第 24 行.
NOTIC: [8] Use of undefined constant index - assumed 'index' /var/www/html/paoding_gemmap/Application/Runtime/Cache/Pc/93c49ad67facdb6f997f1649493c88cf.php 第 24 行.
NOTIC: [8] Undefined variable: fatherId /var/www/html/paoding_gemmap/Application/Runtime/Cache/Pc/93c49ad67facdb6f997f1649493c88cf.php 第 391 行.
NOTIC: [8] Undefined variable: sonId /var/www/html/paoding_gemmap/Application/Runtime/Cache/Pc/93c49ad67facdb6f997f1649493c88cf.php 第 392 行.
NOTIC: [8] Use of undefined constant Index - assumed 'Index' /var/www/html/paoding_gemmap/Application/Runtime/Cache/Pc/93c49ad67facdb6f997f1649493c88cf.php 第 400 行.
INFO: Run Behavior\ParseTemplateBehavior [ RunTime:0.011893s ]
INFO: [ view_parse ] --END-- [ RunTime:0.011976s ]
INFO: [ view_filter ] --START--
INFO: Run Behavior\WriteHtmlCacheBehavior [ RunTime:0.000113s ]
INFO: Run Behavior\TokenBuildBehavior [ RunTime:0.000308s ]
INFO: [ view_filter ] --END-- [ RunTime:0.000481s ]
INFO: 
INFO: 
INFO: 

[ 2017-08-14T23:38:40+08:00 ] 121.42.196.232 /
INFO: [ app_init ] --START--
INFO: Run Behavior\BuildLiteBehavior [ RunTime:0.000012s ]
INFO: [ app_init ] --END-- [ RunTime:0.000249s ]
INFO: [ app_begin ] --START--
INFO: Run Behavior\ReadHtmlCacheBehavior [ RunTime:0.000310s ]
INFO: [ app_begin ] --END-- [ RunTime:0.000355s ]
NOTIC: [2048] Declaration of Pc\Controller\IndexController::error() should be compatible with Think\Controller::error($message = '', $jumpUrl = '', $ajax = false) /var/www/html/paoding_gemmap/Application/Pc/Controller/IndexController.class.php 第 8 行.
INFO: [ action_begin ] --START--
INFO: Run Home\Behaviors\siteBehavior [ RunTime:0.007632s ]
INFO: [ action_begin ] --END-- [ RunTime:0.007676s ]
NOTIC: [8] Undefined index: code /var/www/html/paoding_gemmap/Application/Pc/Controller/IndexController.class.php 第 21 行.
NOTIC: [8] Undefined index: ifWeChatLogin /var/www/html/paoding_gemmap/Application/Pc/Controller/IndexController.class.php 第 23 行.
INFO: [ view_begin ] --START--
INFO: Run Home\Behaviors\testBehavior [ RunTime:0.000097s ]
INFO: [ view_begin ] --END-- [ RunTime:0.000137s ]
INFO: [ view_parse ] --START--
INFO: [ template_filter ] --START--
INFO: Run Behavior\ContentReplaceBehavior [ RunTime:0.000186s ]
INFO: [ template_filter ] --END-- [ RunTime:0.000232s ]
NOTIC: [8] Use of undefined constant Activity - assumed 'Activity' /var/www/html/paoding_gemmap/Application/Runtime/Cache/Pc/93c49ad67facdb6f997f1649493c88cf.php 第 21 行.
NOTIC: [8] Use of undefined constant Index - assumed 'Index' /var/www/html/paoding_gemmap/Application/Runtime/Cache/Pc/93c49ad67facdb6f997f1649493c88cf.php 第 24 行.
NOTIC: [8] Use of undefined constant index - assumed 'index' /var/www/html/paoding_gemmap/Application/Runtime/Cache/Pc/93c49ad67facdb6f997f1649493c88cf.php 第 24 行.
NOTIC: [8] Undefined variable: fatherId /var/www/html/paoding_gemmap/Application/Runtime/Cache/Pc/93c49ad67facdb6f997f1649493c88cf.php 第 391 行.
NOTIC: [8] Undefined variable: sonId /var/www/html/paoding_gemmap/Application/Runtime/Cache/Pc/93c49ad67facdb6f997f1649493c88cf.php 第 392 行.
NOTIC: [8] Use of undefined constant Index - assumed 'Index' /var/www/html/paoding_gemmap/Application/Runtime/Cache/Pc/93c49ad67facdb6f997f1649493c88cf.php 第 400 行.
INFO: Run Behavior\ParseTemplateBehavior [ RunTime:0.011591s ]
INFO: [ view_parse ] --END-- [ RunTime:0.011628s ]
INFO: [ view_filter ] --START--
INFO: Run Behavior\WriteHtmlCacheBehavior [ RunTime:0.000107s ]
INFO: Run Behavior\TokenBuildBehavior [ RunTime:0.000374s ]
INFO: [ view_filter ] --END-- [ RunTime:0.000541s ]
INFO: 
INFO: 
INFO: 

[ 2017-08-14T23:40:22+08:00 ] 175.20.90.187 /
INFO: [ app_init ] --START--
INFO: Run Behavior\BuildLiteBehavior [ RunTime:0.000013s ]
INFO: [ app_init ] --END-- [ RunTime:0.000248s ]
INFO: [ app_begin ] --START--
INFO: Run Behavior\ReadHtmlCacheBehavior [ RunTime:0.000360s ]
INFO: [ app_begin ] --END-- [ RunTime:0.000417s ]
NOTIC: [2048] Declaration of Pc\Controller\IndexController::error() should be compatible with Think\Controller::error($message = '', $jumpUrl = '', $ajax = false) /var/www/html/paoding_gemmap/Application/Pc/Controller/IndexController.class.php 第 8 行.
INFO: [ action_begin ] --START--
INFO: Run Home\Behaviors\siteBehavior [ RunTime:0.007658s ]
INFO: [ action_begin ] --END-- [ RunTime:0.007699s ]
NOTIC: [8] Undefined index: code /var/www/html/paoding_gemmap/Application/Pc/Controller/IndexController.class.php 第 21 行.
NOTIC: [8] Undefined index: ifWeChatLogin /var/www/html/paoding_gemmap/Application/Pc/Controller/IndexController.class.php 第 23 行.
INFO: [ view_begin ] --START--
INFO: Run Home\Behaviors\testBehavior [ RunTime:0.000094s ]
INFO: [ view_begin ] --END-- [ RunTime:0.000134s ]
INFO: [ view_parse ] --START--
INFO: [ template_filter ] --START--
INFO: Run Behavior\ContentReplaceBehavior [ RunTime:0.000159s ]
INFO: [ template_filter ] --END-- [ RunTime:0.000202s ]
NOTIC: [8] Use of undefined constant Activity - assumed 'Activity' /var/www/html/paoding_gemmap/Application/Runtime/Cache/Pc/93c49ad67facdb6f997f1649493c88cf.php 第 21 行.
NOTIC: [8] Use of undefined constant Index - assumed 'Index' /var/www/html/paoding_gemmap/Application/Runtime/Cache/Pc/93c49ad67facdb6f997f1649493c88cf.php 第 24 行.
NOTIC: [8] Use of undefined constant index - assumed 'index' /var/www/html/paoding_gemmap/Application/Runtime/Cache/Pc/93c49ad67facdb6f997f1649493c88cf.php 第 24 行.
NOTIC: [8] Undefined variable: fatherId /var/www/html/paoding_gemmap/Application/Runtime/Cache/Pc/93c49ad67facdb6f997f1649493c88cf.php 第 391 行.
NOTIC: [8] Undefined variable: sonId /var/www/html/paoding_gemmap/Application/Runtime/Cache/Pc/93c49ad67facdb6f997f1649493c88cf.php 第 392 行.
NOTIC: [8] Use of undefined constant Index - assumed 'Index' /var/www/html/paoding_gemmap/Application/Runtime/Cache/Pc/93c49ad67facdb6f997f1649493c88cf.php 第 400 行.
INFO: Run Behavior\ParseTemplateBehavior [ RunTime:0.011462s ]
INFO: [ view_parse ] --END-- [ RunTime:0.011500s ]
INFO: [ view_filter ] --START--
INFO: Run Behavior\WriteHtmlCacheBehavior [ RunTime:0.000108s ]
INFO: Run Behavior\TokenBuildBehavior [ RunTime:0.000295s ]
INFO: [ view_filter ] --END-- [ RunTime:0.000460s ]
INFO: 
INFO: 
INFO: 

[ 2017-08-14T23:40:22+08:00 ] 175.20.90.187 /
INFO: [ app_init ] --START--
INFO: Run Behavior\BuildLiteBehavior [ RunTime:0.000012s ]
INFO: [ app_init ] --END-- [ RunTime:0.000294s ]
INFO: [ app_begin ] --START--
INFO: Run Behavior\ReadHtmlCacheBehavior [ RunTime:0.000359s ]
INFO: [ app_begin ] --END-- [ RunTime:0.000403s ]
NOTIC: [2048] Declaration of Pc\Controller\IndexController::error() should be compatible with Think\Controller::error($message = '', $jumpUrl = '', $ajax = false) /var/www/html/paoding_gemmap/Application/Pc/Controller/IndexController.class.php 第 8 行.
INFO: [ action_begin ] --START--
INFO: Run Home\Behaviors\siteBehavior [ RunTime:0.000164s ]
INFO: [ action_begin ] --END-- [ RunTime:0.000203s ]
NOTIC: [8] Undefined index: code /var/www/html/paoding_gemmap/Application/Pc/Controller/IndexController.class.php 第 21 行.
NOTIC: [8] Undefined index: ifWeChatLogin /var/www/html/paoding_gemmap/Application/Pc/Controller/IndexController.class.php 第 23 行.
INFO: [ view_begin ] --START--
INFO: Run Home\Behaviors\testBehavior [ RunTime:0.000118s ]
INFO: [ view_begin ] --END-- [ RunTime:0.000158s ]
INFO: [ view_parse ] --START--
INFO: [ template_filter ] --START--
INFO: Run Behavior\ContentReplaceBehavior [ RunTime:0.000156s ]
INFO: [ template_filter ] --END-- [ RunTime:0.000199s ]
NOTIC: [8] Use of undefined constant Activity - assumed 'Activity' /var/www/html/paoding_gemmap/Application/Runtime/Cache/Pc/93c49ad67facdb6f997f1649493c88cf.php 第 21 行.
NOTIC: [8] Use of undefined constant Index - assumed 'Index' /var/www/html/paoding_gemmap/Application/Runtime/Cache/Pc/93c49ad67facdb6f997f1649493c88cf.php 第 24 行.
NOTIC: [8] Use of undefined constant index - assumed 'index' /var/www/html/paoding_gemmap/Application/Runtime/Cache/Pc/93c49ad67facdb6f997f1649493c88cf.php 第 24 行.
NOTIC: [8] Undefined variable: fatherId /var/www/html/paoding_gemmap/Application/Runtime/Cache/Pc/93c49ad67facdb6f997f1649493c88cf.php 第 391 行.
NOTIC: [8] Undefined variable: sonId /var/www/html/paoding_gemmap/Application/Runtime/Cache/Pc/93c49ad67facdb6f997f1649493c88cf.php 第 392 行.
NOTIC: [8] Use of undefined constant Index - assumed 'Index' /var/www/html/paoding_gemmap/Application/Runtime/Cache/Pc/93c49ad67facdb6f997f1649493c88cf.php 第 400 行.
INFO: Run Behavior\ParseTemplateBehavior [ RunTime:0.011645s ]
INFO: [ view_parse ] --END-- [ RunTime:0.011681s ]
INFO: [ view_filter ] --START--
INFO: Run Behavior\WriteHtmlCacheBehavior [ RunTime:0.000108s ]
INFO: Run Behavior\TokenBuildBehavior [ RunTime:0.000290s ]
INFO: [ view_filter ] --END-- [ RunTime:0.000456s ]
INFO: [ app_end ] --START--
INFO: Run Behavior\ShowPageTraceBehavior [ RunTime:0.000396s ]
INFO: [ app_end ] --END-- [ RunTime:0.000439s ]

[ 2017-08-14T23:41:01+08:00 ] 112.126.74.55 /
INFO: [ app_init ] --START--
INFO: Run Behavior\BuildLiteBehavior [ RunTime:0.000013s ]
INFO: [ app_init ] --END-- [ RunTime:0.000341s ]
INFO: [ app_begin ] --START--
INFO: Run Behavior\ReadHtmlCacheBehavior [ RunTime:0.000487s ]
INFO: [ app_begin ] --END-- [ RunTime:0.000579s ]
NOTIC: [2048] Declaration of Pc\Controller\IndexController::error() should be compatible with Think\Controller::error($message = '', $jumpUrl = '', $ajax = false) /var/www/html/paoding_gemmap/Application/Pc/Controller/IndexController.class.php 第 8 行.
INFO: [ action_begin ] --START--
INFO: Run Home\Behaviors\siteBehavior [ RunTime:0.008355s ]
INFO: [ action_begin ] --END-- [ RunTime:0.008401s ]
NOTIC: [8] Undefined index: code /var/www/html/paoding_gemmap/Application/Pc/Controller/IndexController.class.php 第 21 行.
NOTIC: [8] Undefined index: ifWeChatLogin /var/www/html/paoding_gemmap/Application/Pc/Controller/IndexController.class.php 第 23 行.
INFO: [ view_begin ] --START--
INFO: Run Home\Behaviors\testBehavior [ RunTime:0.000097s ]
INFO: [ view_begin ] --END-- [ RunTime:0.000136s ]
INFO: [ view_parse ] --START--
INFO: [ template_filter ] --START--
INFO: Run Behavior\ContentReplaceBehavior [ RunTime:0.000205s ]
INFO: [ template_filter ] --END-- [ RunTime:0.000252s ]
NOTIC: [8] Use of undefined constant Activity - assumed 'Activity' /var/www/html/paoding_gemmap/Application/Runtime/Cache/Pc/93c49ad67facdb6f997f1649493c88cf.php 第 21 行.
NOTIC: [8] Use of undefined constant Index - assumed 'Index' /var/www/html/paoding_gemmap/Application/Runtime/Cache/Pc/93c49ad67facdb6f997f1649493c88cf.php 第 24 行.
NOTIC: [8] Use of undefined constant index - assumed 'index' /var/www/html/paoding_gemmap/Application/Runtime/Cache/Pc/93c49ad67facdb6f997f1649493c88cf.php 第 24 行.
NOTIC: [8] Undefined variable: fatherId /var/www/html/paoding_gemmap/Application/Runtime/Cache/Pc/93c49ad67facdb6f997f1649493c88cf.php 第 391 行.
NOTIC: [8] Undefined variable: sonId /var/www/html/paoding_gemmap/Application/Runtime/Cache/Pc/93c49ad67facdb6f997f1649493c88cf.php 第 392 行.
NOTIC: [8] Use of undefined constant Index - assumed 'Index' /var/www/html/paoding_gemmap/Application/Runtime/Cache/Pc/93c49ad67facdb6f997f1649493c88cf.php 第 400 行.
INFO: Run Behavior\ParseTemplateBehavior [ RunTime:0.012574s ]
INFO: [ view_parse ] --END-- [ RunTime:0.012612s ]
INFO: [ view_filter ] --START--
INFO: Run Behavior\WriteHtmlCacheBehavior [ RunTime:0.000107s ]
INFO: Run Behavior\TokenBuildBehavior [ RunTime:0.000400s ]
INFO: [ view_filter ] --END-- [ RunTime:0.000566s ]
INFO: 
INFO: 
INFO: 

[ 2017-08-14T23:47:50+08:00 ] 112.124.127.224 /
INFO: [ app_init ] --START--
INFO: Run Behavior\BuildLiteBehavior [ RunTime:0.000012s ]
INFO: [ app_init ] --END-- [ RunTime:0.000247s ]
INFO: [ app_begin ] --START--
INFO: Run Behavior\ReadHtmlCacheBehavior [ RunTime:0.000307s ]
INFO: [ app_begin ] --END-- [ RunTime:0.000352s ]
NOTIC: [2048] Declaration of Pc\Controller\IndexController::error() should be compatible with Think\Controller::error($message = '', $jumpUrl = '', $ajax = false) /var/www/html/paoding_gemmap/Application/Pc/Controller/IndexController.class.php 第 8 行.
INFO: [ action_begin ] --START--
INFO: Run Home\Behaviors\siteBehavior [ RunTime:0.007606s ]
INFO: [ action_begin ] --END-- [ RunTime:0.007648s ]
NOTIC: [8] Undefined index: code /var/www/html/paoding_gemmap/Application/Pc/Controller/IndexController.class.php 第 21 行.
NOTIC: [8] Undefined index: ifWeChatLogin /var/www/html/paoding_gemmap/Application/Pc/Controller/IndexController.class.php 第 23 行.
INFO: [ view_begin ] --START--
INFO: Run Home\Behaviors\testBehavior [ RunTime:0.000093s ]
INFO: [ view_begin ] --END-- [ RunTime:0.000133s ]
INFO: [ view_parse ] --START--
INFO: [ template_filter ] --START--
INFO: Run Behavior\ContentReplaceBehavior [ RunTime:0.000174s ]
INFO: [ template_filter ] --END-- [ RunTime:0.000218s ]
NOTIC: [8] Use of undefined constant Activity - assumed 'Activity' /var/www/html/paoding_gemmap/Application/Runtime/Cache/Pc/93c49ad67facdb6f997f1649493c88cf.php 第 21 行.
NOTIC: [8] Use of undefined constant Index - assumed 'Index' /var/www/html/paoding_gemmap/Application/Runtime/Cache/Pc/93c49ad67facdb6f997f1649493c88cf.php 第 24 行.
NOTIC: [8] Use of undefined constant index - assumed 'index' /var/www/html/paoding_gemmap/Application/Runtime/Cache/Pc/93c49ad67facdb6f997f1649493c88cf.php 第 24 行.
NOTIC: [8] Undefined variable: fatherId /var/www/html/paoding_gemmap/Application/Runtime/Cache/Pc/93c49ad67facdb6f997f1649493c88cf.php 第 391 行.
NOTIC: [8] Undefined variable: sonId /var/www/html/paoding_gemmap/Application/Runtime/Cache/Pc/93c49ad67facdb6f997f1649493c88cf.php 第 392 行.
NOTIC: [8] Use of undefined constant Index - assumed 'Index' /var/www/html/paoding_gemmap/Application/Runtime/Cache/Pc/93c49ad67facdb6f997f1649493c88cf.php 第 400 行.
INFO: Run Behavior\ParseTemplateBehavior [ RunTime:0.011525s ]
INFO: [ view_parse ] --END-- [ RunTime:0.011561s ]
INFO: [ view_filter ] --START--
INFO: Run Behavior\WriteHtmlCacheBehavior [ RunTime:0.000109s ]
INFO: Run Behavior\TokenBuildBehavior [ RunTime:0.000296s ]
INFO: [ view_filter ] --END-- [ RunTime:0.000467s ]
INFO: 
INFO: 
INFO: 

[ 2017-08-14T23:53:40+08:00 ] 121.42.196.232 /
INFO: [ app_init ] --START--
INFO: Run Behavior\BuildLiteBehavior [ RunTime:0.000013s ]
INFO: [ app_init ] --END-- [ RunTime:0.000312s ]
INFO: [ app_begin ] --START--
INFO: Run Behavior\ReadHtmlCacheBehavior [ RunTime:0.000308s ]
INFO: [ app_begin ] --END-- [ RunTime:0.000353s ]
NOTIC: [2048] Declaration of Pc\Controller\IndexController::error() should be compatible with Think\Controller::error($message = '', $jumpUrl = '', $ajax = false) /var/www/html/paoding_gemmap/Application/Pc/Controller/IndexController.class.php 第 8 行.
INFO: [ action_begin ] --START--
INFO: Run Home\Behaviors\siteBehavior [ RunTime:0.007686s ]
INFO: [ action_begin ] --END-- [ RunTime:0.007729s ]
NOTIC: [8] Undefined index: code /var/www/html/paoding_gemmap/Application/Pc/Controller/IndexController.class.php 第 21 行.
NOTIC: [8] Undefined index: ifWeChatLogin /var/www/html/paoding_gemmap/Application/Pc/Controller/IndexController.class.php 第 23 行.
INFO: [ view_begin ] --START--
INFO: Run Home\Behaviors\testBehavior [ RunTime:0.000094s ]
INFO: [ view_begin ] --END-- [ RunTime:0.000133s ]
INFO: [ view_parse ] --START--
INFO: [ template_filter ] --START--
INFO: Run Behavior\ContentReplaceBehavior [ RunTime:0.000159s ]
INFO: [ template_filter ] --END-- [ RunTime:0.000203s ]
NOTIC: [8] Use of undefined constant Activity - assumed 'Activity' /var/www/html/paoding_gemmap/Application/Runtime/Cache/Pc/93c49ad67facdb6f997f1649493c88cf.php 第 21 行.
NOTIC: [8] Use of undefined constant Index - assumed 'Index' /var/www/html/paoding_gemmap/Application/Runtime/Cache/Pc/93c49ad67facdb6f997f1649493c88cf.php 第 24 行.
NOTIC: [8] Use of undefined constant index - assumed 'index' /var/www/html/paoding_gemmap/Application/Runtime/Cache/Pc/93c49ad67facdb6f997f1649493c88cf.php 第 24 行.
NOTIC: [8] Undefined variable: fatherId /var/www/html/paoding_gemmap/Application/Runtime/Cache/Pc/93c49ad67facdb6f997f1649493c88cf.php 第 391 行.
NOTIC: [8] Undefined variable: sonId /var/www/html/paoding_gemmap/Application/Runtime/Cache/Pc/93c49ad67facdb6f997f1649493c88cf.php 第 392 行.
NOTIC: [8] Use of undefined constant Index - assumed 'Index' /var/www/html/paoding_gemmap/Application/Runtime/Cache/Pc/93c49ad67facdb6f997f1649493c88cf.php 第 400 行.
INFO: Run Behavior\ParseTemplateBehavior [ RunTime:0.011743s ]
INFO: [ view_parse ] --END-- [ RunTime:0.011780s ]
INFO: [ view_filter ] --START--
INFO: Run Behavior\WriteHtmlCacheBehavior [ RunTime:0.000107s ]
INFO: Run Behavior\TokenBuildBehavior [ RunTime:0.000346s ]
INFO: [ view_filter ] --END-- [ RunTime:0.000512s ]
INFO: 
INFO: 
INFO: 

[ 2017-08-14T23:56:01+08:00 ] 112.126.74.55 /
INFO: [ app_init ] --START--
INFO: Run Behavior\BuildLiteBehavior [ RunTime:0.000012s ]
INFO: [ app_init ] --END-- [ RunTime:0.000248s ]
INFO: [ app_begin ] --START--
INFO: Run Behavior\ReadHtmlCacheBehavior [ RunTime:0.000386s ]
INFO: [ app_begin ] --END-- [ RunTime:0.000439s ]
NOTIC: [2048] Declaration of Pc\Controller\IndexController::error() should be compatible with Think\Controller::error($message = '', $jumpUrl = '', $ajax = false) /var/www/html/paoding_gemmap/Application/Pc/Controller/IndexController.class.php 第 8 行.
INFO: [ action_begin ] --START--
INFO: Run Home\Behaviors\siteBehavior [ RunTime:0.008444s ]
INFO: [ action_begin ] --END-- [ RunTime:0.008572s ]
NOTIC: [8] Undefined index: code /var/www/html/paoding_gemmap/Application/Pc/Controller/IndexController.class.php 第 21 行.
NOTIC: [8] Undefined index: ifWeChatLogin /var/www/html/paoding_gemmap/Application/Pc/Controller/IndexController.class.php 第 23 行.
INFO: [ view_begin ] --START--
INFO: Run Home\Behaviors\testBehavior [ RunTime:0.000157s ]
INFO: [ view_begin ] --END-- [ RunTime:0.000198s ]
INFO: [ view_parse ] --START--
INFO: [ template_filter ] --START--
INFO: Run Behavior\ContentReplaceBehavior [ RunTime:0.000234s ]
INFO: [ template_filter ] --END-- [ RunTime:0.000296s ]
NOTIC: [8] Use of undefined constant Activity - assumed 'Activity' /var/www/html/paoding_gemmap/Application/Runtime/Cache/Pc/93c49ad67facdb6f997f1649493c88cf.php 第 21 行.
NOTIC: [8] Use of undefined constant Index - assumed 'Index' /var/www/html/paoding_gemmap/Application/Runtime/Cache/Pc/93c49ad67facdb6f997f1649493c88cf.php 第 24 行.
NOTIC: [8] Use of undefined constant index - assumed 'index' /var/www/html/paoding_gemmap/Application/Runtime/Cache/Pc/93c49ad67facdb6f997f1649493c88cf.php 第 24 行.
NOTIC: [8] Undefined variable: fatherId /var/www/html/paoding_gemmap/Application/Runtime/Cache/Pc/93c49ad67facdb6f997f1649493c88cf.php 第 391 行.
NOTIC: [8] Undefined variable: sonId /var/www/html/paoding_gemmap/Application/Runtime/Cache/Pc/93c49ad67facdb6f997f1649493c88cf.php 第 392 行.
NOTIC: [8] Use of undefined constant Index - assumed 'Index' /var/www/html/paoding_gemmap/Application/Runtime/Cache/Pc/93c49ad67facdb6f997f1649493c88cf.php 第 400 行.
INFO: Run Behavior\ParseTemplateBehavior [ RunTime:0.013384s ]
INFO: [ view_parse ] --END-- [ RunTime:0.013431s ]
INFO: [ view_filter ] --START--
INFO: Run Behavior\WriteHtmlCacheBehavior [ RunTime:0.000142s ]
INFO: Run Behavior\TokenBuildBehavior [ RunTime:0.000510s ]
INFO: [ view_filter ] --END-- [ RunTime:0.000737s ]
INFO: 
INFO: 
INFO: 

