[ 2017-08-25T15:19:10+08:00 ] 127.0.0.1 /
INFO: [ app_init ] --START--
INFO: Run Behavior\BuildLiteBehavior [ RunTime:0.000000s ]
INFO: [ app_init ] --END-- [ RunTime:0.002000s ]
INFO: [ app_begin ] --START--
INFO: Run Behavior\ReadHtmlCacheBehavior [ RunTime:0.001000s ]
INFO: [ app_begin ] --END-- [ RunTime:0.001000s ]
NOTIC: [2048] Declaration of Pc\Controller\IndexController::error() should be compatible with Think\Controller::error($message = '', $jumpUrl = '', $ajax = false) D:\xampp\htdocs\paoding_gemmap\Application\Pc\Controller\IndexController.class.php 第 8 行.
INFO: [ action_begin ] --START--
INFO: Run Home\Behaviors\siteBehavior [ RunTime:0.067003s ]
INFO: [ action_begin ] --END-- [ RunTime:0.067003s ]
NOTIC: [8] Undefined index: code D:\xampp\htdocs\paoding_gemmap\Application\Pc\Controller\IndexController.class.php 第 21 行.
NOTIC: [8] Undefined index: ifWeChatLogin D:\xampp\htdocs\paoding_gemmap\Application\Pc\Controller\IndexController.class.php 第 23 行.
INFO: [ view_begin ] --START--
INFO: Run Home\Behaviors\testBehavior [ RunTime:0.001000s ]
INFO: [ view_begin ] --END-- [ RunTime:0.001000s ]
INFO: [ view_parse ] --START--
INFO: [ template_filter ] --START--
INFO: Run Behavior\ContentReplaceBehavior [ RunTime:0.000000s ]
INFO: [ template_filter ] --END-- [ RunTime:0.000000s ]
NOTIC: [8] Use of undefined constant Activity - assumed 'Activity' D:\xampp\htdocs\paoding_gemmap\Application\Runtime\Cache\Pc\93c49ad67facdb6f997f1649493c88cf.php 第 21 行.
NOTIC: [8] Use of undefined constant Index - assumed 'Index' D:\xampp\htdocs\paoding_gemmap\Application\Runtime\Cache\Pc\93c49ad67facdb6f997f1649493c88cf.php 第 24 行.
NOTIC: [8] Use of undefined constant index - assumed 'index' D:\xampp\htdocs\paoding_gemmap\Application\Runtime\Cache\Pc\93c49ad67facdb6f997f1649493c88cf.php 第 24 行.
NOTIC: [8] Undefined variable: fatherId D:\xampp\htdocs\paoding_gemmap\Application\Runtime\Cache\Pc\93c49ad67facdb6f997f1649493c88cf.php 第 391 行.
NOTIC: [8] Undefined variable: sonId D:\xampp\htdocs\paoding_gemmap\Application\Runtime\Cache\Pc\93c49ad67facdb6f997f1649493c88cf.php 第 392 行.
NOTIC: [8] Use of undefined constant Index - assumed 'Index' D:\xampp\htdocs\paoding_gemmap\Application\Runtime\Cache\Pc\93c49ad67facdb6f997f1649493c88cf.php 第 400 行.
INFO: Run Behavior\ParseTemplateBehavior [ RunTime:0.047003s ]
INFO: [ view_parse ] --END-- [ RunTime:0.047003s ]
INFO: [ view_filter ] --START--
INFO: Run Behavior\WriteHtmlCacheBehavior [ RunTime:0.001000s ]
INFO: Run Behavior\TokenBuildBehavior [ RunTime:0.002000s ]
INFO: [ view_filter ] --END-- [ RunTime:0.003000s ]
INFO: [ app_end ] --START--
INFO: Run Behavior\ShowPageTraceBehavior [ RunTime:0.002000s ]
INFO: [ app_end ] --END-- [ RunTime:0.002000s ]

[ 2017-08-25T15:19:12+08:00 ] 127.0.0.1 /index.php/Pc/Article/data_list/channel/js
INFO: [ app_init ] --START--
INFO: Run Behavior\BuildLiteBehavior [ RunTime:0.000000s ]
INFO: [ app_init ] --END-- [ RunTime:0.001000s ]
INFO: [ app_begin ] --START--
INFO: Run Behavior\ReadHtmlCacheBehavior [ RunTime:0.001000s ]
INFO: [ app_begin ] --END-- [ RunTime:0.001000s ]
INFO: [ action_begin ] --START--
INFO: Run Home\Behaviors\siteBehavior [ RunTime:0.001000s ]
INFO: [ action_begin ] --END-- [ RunTime:0.001000s ]
NOTIC: [8] Undefined index: if_hzqy D:\xampp\htdocs\paoding_gemmap\Application\Pc\Controller\ArticleController.class.php 第 26 行.
NOTIC: [8] Undefined index: code D:\xampp\htdocs\paoding_gemmap\Application\Pc\Controller\ArticleController.class.php 第 29 行.
NOTIC: [8] Undefined index: ifWeChatLogin D:\xampp\htdocs\paoding_gemmap\Application\Pc\Controller\ArticleController.class.php 第 31 行.
INFO: [ view_begin ] --START--
INFO: Run Home\Behaviors\testBehavior [ RunTime:0.001000s ]
INFO: [ view_begin ] --END-- [ RunTime:0.001000s ]
INFO: [ view_parse ] --START--
INFO: [ template_filter ] --START--
INFO: Run Behavior\ContentReplaceBehavior [ RunTime:0.001000s ]
INFO: [ template_filter ] --END-- [ RunTime:0.001000s ]
NOTIC: [8] Use of undefined constant Activity - assumed 'Activity' D:\xampp\htdocs\paoding_gemmap\Application\Runtime\Cache\Pc\24179c5096520a826d8edd948b3faecc.php 第 17 行.
NOTIC: [8] Use of undefined constant Index - assumed 'Index' D:\xampp\htdocs\paoding_gemmap\Application\Runtime\Cache\Pc\24179c5096520a826d8edd948b3faecc.php 第 20 行.
NOTIC: [8] Undefined variable: fatherId D:\xampp\htdocs\paoding_gemmap\Application\Runtime\Cache\Pc\24179c5096520a826d8edd948b3faecc.php 第 301 行.
NOTIC: [8] Undefined variable: sonId D:\xampp\htdocs\paoding_gemmap\Application\Runtime\Cache\Pc\24179c5096520a826d8edd948b3faecc.php 第 302 行.
NOTIC: [8] Use of undefined constant Index - assumed 'Index' D:\xampp\htdocs\paoding_gemmap\Application\Runtime\Cache\Pc\24179c5096520a826d8edd948b3faecc.php 第 309 行.
NOTIC: [8] Use of undefined constant Science - assumed 'Science' D:\xampp\htdocs\paoding_gemmap\Application\Runtime\Cache\Pc\24179c5096520a826d8edd948b3faecc.php 第 309 行.
NOTIC: [8] Use of undefined constant Task - assumed 'Task' D:\xampp\htdocs\paoding_gemmap\Application\Runtime\Cache\Pc\24179c5096520a826d8edd948b3faecc.php 第 310 行.
INFO: Run Behavior\ParseTemplateBehavior [ RunTime:0.050003s ]
INFO: [ view_parse ] --END-- [ RunTime:0.050003s ]
INFO: [ view_filter ] --START--
INFO: Run Behavior\WriteHtmlCacheBehavior [ RunTime:0.001000s ]
INFO: Run Behavior\TokenBuildBehavior [ RunTime:0.001000s ]
INFO: [ view_filter ] --END-- [ RunTime:0.002000s ]
INFO: [ app_end ] --START--
INFO: Run Behavior\ShowPageTraceBehavior [ RunTime:0.000000s ]
INFO: [ app_end ] --END-- [ RunTime:0.001000s ]

[ 2017-08-25T15:19:15+08:00 ] 127.0.0.1 /index.php/Pc/Article/data_list/cha
INFO: [ app_init ] --START--
INFO: Run Behavior\BuildLiteBehavior [ RunTime:0.000000s ]
INFO: [ app_init ] --END-- [ RunTime:0.001000s ]
INFO: [ app_begin ] --START--
INFO: Run Behavior\ReadHtmlCacheBehavior [ RunTime:0.000000s ]
INFO: [ app_begin ] --END-- [ RunTime:0.001000s ]
INFO: [ action_begin ] --START--
INFO: Run Home\Behaviors\siteBehavior [ RunTime:0.001000s ]
INFO: [ action_begin ] --END-- [ RunTime:0.001000s ]
NOTIC: [8] Undefined index: channel D:\xampp\htdocs\paoding_gemmap\Application\Pc\Controller\ArticleController.class.php 第 23 行.
NOTIC: [8] Undefined index: if_hzqy D:\xampp\htdocs\paoding_gemmap\Application\Pc\Controller\ArticleController.class.php 第 26 行.
NOTIC: [8] Undefined index: code D:\xampp\htdocs\paoding_gemmap\Application\Pc\Controller\ArticleController.class.php 第 29 行.
NOTIC: [8] Undefined index: ifWeChatLogin D:\xampp\htdocs\paoding_gemmap\Application\Pc\Controller\ArticleController.class.php 第 31 行.
INFO: [ view_begin ] --START--
INFO: Run Home\Behaviors\testBehavior [ RunTime:0.000000s ]
INFO: [ view_begin ] --END-- [ RunTime:0.000000s ]
ERR: 模板不存在:./Template/5u/pc/Article/_list.html

[ 2017-08-25T15:19:23+08:00 ] 127.0.0.1 /index.php/Pc/Article/data_
INFO: [ app_init ] --START--
INFO: Run Behavior\BuildLiteBehavior [ RunTime:0.000000s ]
INFO: [ app_init ] --END-- [ RunTime:0.000000s ]
INFO: [ app_begin ] --START--
INFO: Run Behavior\ReadHtmlCacheBehavior [ RunTime:0.001000s ]
INFO: [ app_begin ] --END-- [ RunTime:0.001000s ]
INFO: [ action_begin ] --START--
INFO: Run Home\Behaviors\siteBehavior [ RunTime:0.001000s ]
INFO: [ action_begin ] --END-- [ RunTime:0.002000s ]
ERR: 非法操作:data_

[ 2017-08-25T15:19:26+08:00 ] 127.0.0.1 /index.php/Pc/Arti
INFO: [ app_init ] --START--
INFO: Run Behavior\BuildLiteBehavior [ RunTime:0.000000s ]
INFO: [ app_init ] --END-- [ RunTime:0.001000s ]
INFO: [ app_begin ] --START--
INFO: Run Behavior\ReadHtmlCacheBehavior [ RunTime:0.001000s ]
INFO: [ app_begin ] --END-- [ RunTime:0.001000s ]
ERR: 无法加载控制器:Arti

[ 2017-08-25T15:19:33+08:00 ] 127.0.0.1 /
INFO: [ app_init ] --START--
INFO: Run Behavior\BuildLiteBehavior [ RunTime:0.000000s ]
INFO: [ app_init ] --END-- [ RunTime:0.000000s ]
INFO: [ app_begin ] --START--
INFO: Run Behavior\ReadHtmlCacheBehavior [ RunTime:0.001000s ]
INFO: [ app_begin ] --END-- [ RunTime:0.001000s ]
NOTIC: [2048] Declaration of Pc\Controller\IndexController::error() should be compatible with Think\Controller::error($message = '', $jumpUrl = '', $ajax = false) D:\xampp\htdocs\paoding_gemmap\Application\Pc\Controller\IndexController.class.php 第 8 行.
INFO: [ action_begin ] --START--
INFO: Run Home\Behaviors\siteBehavior [ RunTime:0.000000s ]
INFO: [ action_begin ] --END-- [ RunTime:0.000000s ]
NOTIC: [8] Undefined index: code D:\xampp\htdocs\paoding_gemmap\Application\Pc\Controller\IndexController.class.php 第 21 行.
NOTIC: [8] Undefined index: ifWeChatLogin D:\xampp\htdocs\paoding_gemmap\Application\Pc\Controller\IndexController.class.php 第 23 行.
INFO: [ view_begin ] --START--
INFO: Run Home\Behaviors\testBehavior [ RunTime:0.001000s ]
INFO: [ view_begin ] --END-- [ RunTime:0.001000s ]
INFO: [ view_parse ] --START--
INFO: [ template_filter ] --START--
INFO: Run Behavior\ContentReplaceBehavior [ RunTime:0.000000s ]
INFO: [ template_filter ] --END-- [ RunTime:0.000000s ]
NOTIC: [8] Use of undefined constant Activity - assumed 'Activity' D:\xampp\htdocs\paoding_gemmap\Application\Runtime\Cache\Pc\93c49ad67facdb6f997f1649493c88cf.php 第 21 行.
NOTIC: [8] Use of undefined constant Index - assumed 'Index' D:\xampp\htdocs\paoding_gemmap\Application\Runtime\Cache\Pc\93c49ad67facdb6f997f1649493c88cf.php 第 24 行.
NOTIC: [8] Use of undefined constant index - assumed 'index' D:\xampp\htdocs\paoding_gemmap\Application\Runtime\Cache\Pc\93c49ad67facdb6f997f1649493c88cf.php 第 24 行.
NOTIC: [8] Undefined variable: fatherId D:\xampp\htdocs\paoding_gemmap\Application\Runtime\Cache\Pc\93c49ad67facdb6f997f1649493c88cf.php 第 391 行.
NOTIC: [8] Undefined variable: sonId D:\xampp\htdocs\paoding_gemmap\Application\Runtime\Cache\Pc\93c49ad67facdb6f997f1649493c88cf.php 第 392 行.
NOTIC: [8] Use of undefined constant Index - assumed 'Index' D:\xampp\htdocs\paoding_gemmap\Application\Runtime\Cache\Pc\93c49ad67facdb6f997f1649493c88cf.php 第 400 行.
INFO: Run Behavior\ParseTemplateBehavior [ RunTime:0.016001s ]
INFO: [ view_parse ] --END-- [ RunTime:0.016001s ]
INFO: [ view_filter ] --START--
INFO: Run Behavior\WriteHtmlCacheBehavior [ RunTime:0.000000s ]
INFO: Run Behavior\TokenBuildBehavior [ RunTime:0.002000s ]
INFO: [ view_filter ] --END-- [ RunTime:0.002000s ]
INFO: [ app_end ] --START--
INFO: Run Behavior\ShowPageTraceBehavior [ RunTime:0.001000s ]
INFO: [ app_end ] --END-- [ RunTime:0.001000s ]

[ 2017-08-25T15:21:07+08:00 ] 127.0.0.1 /index.php/Pc/Article/data_list/channel/zx
INFO: [ app_init ] --START--
INFO: Run Behavior\BuildLiteBehavior [ RunTime:0.000000s ]
INFO: [ app_init ] --END-- [ RunTime:0.001000s ]
INFO: [ app_begin ] --START--
INFO: Run Behavior\ReadHtmlCacheBehavior [ RunTime:0.001000s ]
INFO: [ app_begin ] --END-- [ RunTime:0.001000s ]
INFO: [ action_begin ] --START--
INFO: Run Home\Behaviors\siteBehavior [ RunTime:0.000000s ]
INFO: [ action_begin ] --END-- [ RunTime:0.000000s ]
NOTIC: [8] Undefined index: if_hzqy D:\xampp\htdocs\paoding_gemmap\Application\Pc\Controller\ArticleController.class.php 第 26 行.
NOTIC: [8] Undefined index: code D:\xampp\htdocs\paoding_gemmap\Application\Pc\Controller\ArticleController.class.php 第 29 行.
NOTIC: [8] Undefined index: ifWeChatLogin D:\xampp\htdocs\paoding_gemmap\Application\Pc\Controller\ArticleController.class.php 第 31 行.
INFO: [ view_begin ] --START--
INFO: Run Home\Behaviors\testBehavior [ RunTime:0.001000s ]
INFO: [ view_begin ] --END-- [ RunTime:0.001000s ]
INFO: [ view_parse ] --START--
INFO: [ template_filter ] --START--
INFO: Run Behavior\ContentReplaceBehavior [ RunTime:0.000000s ]
INFO: [ template_filter ] --END-- [ RunTime:0.000000s ]
NOTIC: [8] Use of undefined constant Activity - assumed 'Activity' D:\xampp\htdocs\paoding_gemmap\Application\Runtime\Cache\Pc\90f17c23f0869ad37095c582a0efbca1.php 第 17 行.
NOTIC: [8] Use of undefined constant Index - assumed 'Index' D:\xampp\htdocs\paoding_gemmap\Application\Runtime\Cache\Pc\90f17c23f0869ad37095c582a0efbca1.php 第 20 行.
NOTIC: [8] Undefined index: id D:\xampp\htdocs\paoding_gemmap\Application\Runtime\Cache\Pc\90f17c23f0869ad37095c582a0efbca1.php 第 96 行.
NOTIC: [8] Undefined variable: v D:\xampp\htdocs\paoding_gemmap\Application\Runtime\Cache\Pc\90f17c23f0869ad37095c582a0efbca1.php 第 96 行.
NOTIC: [8] Undefined variable: v D:\xampp\htdocs\paoding_gemmap\Application\Runtime\Cache\Pc\90f17c23f0869ad37095c582a0efbca1.php 第 96 行.
NOTIC: [8] Undefined variable: v D:\xampp\htdocs\paoding_gemmap\Application\Runtime\Cache\Pc\90f17c23f0869ad37095c582a0efbca1.php 第 96 行.
NOTIC: [8] Undefined variable: i D:\xampp\htdocs\paoding_gemmap\Application\Runtime\Cache\Pc\90f17c23f0869ad37095c582a0efbca1.php 第 103 行.
NOTIC: [8] Undefined variable: v D:\xampp\htdocs\paoding_gemmap\Application\Runtime\Cache\Pc\90f17c23f0869ad37095c582a0efbca1.php 第 107 行.
NOTIC: [8] Undefined variable: page D:\xampp\htdocs\paoding_gemmap\Application\Runtime\Cache\Pc\90f17c23f0869ad37095c582a0efbca1.php 第 115 行.
NOTIC: [8] Undefined variable: fatherId D:\xampp\htdocs\paoding_gemmap\Application\Runtime\Cache\Pc\90f17c23f0869ad37095c582a0efbca1.php 第 221 行.
NOTIC: [8] Undefined variable: sonId D:\xampp\htdocs\paoding_gemmap\Application\Runtime\Cache\Pc\90f17c23f0869ad37095c582a0efbca1.php 第 222 行.
NOTIC: [8] Use of undefined constant Index - assumed 'Index' D:\xampp\htdocs\paoding_gemmap\Application\Runtime\Cache\Pc\90f17c23f0869ad37095c582a0efbca1.php 第 229 行.
NOTIC: [8] Use of undefined constant Science - assumed 'Science' D:\xampp\htdocs\paoding_gemmap\Application\Runtime\Cache\Pc\90f17c23f0869ad37095c582a0efbca1.php 第 229 行.
NOTIC: [8] Use of undefined constant Task - assumed 'Task' D:\xampp\htdocs\paoding_gemmap\Application\Runtime\Cache\Pc\90f17c23f0869ad37095c582a0efbca1.php 第 230 行.
INFO: Run Behavior\ParseTemplateBehavior [ RunTime:0.053003s ]
INFO: [ view_parse ] --END-- [ RunTime:0.053003s ]
INFO: [ view_filter ] --START--
INFO: Run Behavior\WriteHtmlCacheBehavior [ RunTime:0.000000s ]
INFO: Run Behavior\TokenBuildBehavior [ RunTime:0.002000s ]
INFO: [ view_filter ] --END-- [ RunTime:0.002000s ]
INFO: [ app_end ] --START--
INFO: Run Behavior\ShowPageTraceBehavior [ RunTime:0.001000s ]
INFO: [ app_end ] --END-- [ RunTime:0.001000s ]

[ 2017-08-25T15:21:09+08:00 ] 127.0.0.1 /index.php/Pc/Activity/data_list/channel/hd
INFO: [ app_init ] --START--
INFO: Run Behavior\BuildLiteBehavior [ RunTime:0.000000s ]
INFO: [ app_init ] --END-- [ RunTime:0.001000s ]
INFO: [ app_begin ] --START--
INFO: Run Behavior\ReadHtmlCacheBehavior [ RunTime:0.000000s ]
INFO: [ app_begin ] --END-- [ RunTime:0.000000s ]
INFO: [ action_begin ] --START--
INFO: Run Home\Behaviors\siteBehavior [ RunTime:0.000000s ]
INFO: [ action_begin ] --END-- [ RunTime:0.000000s ]
NOTIC: [8] Undefined index: code D:\xampp\htdocs\paoding_gemmap\Application\Pc\Controller\ActivityController.class.php 第 30 行.
NOTIC: [8] Undefined index: ifWeChatLogin D:\xampp\htdocs\paoding_gemmap\Application\Pc\Controller\ActivityController.class.php 第 32 行.
INFO: [ view_begin ] --START--
INFO: Run Home\Behaviors\testBehavior [ RunTime:0.001000s ]
INFO: [ view_begin ] --END-- [ RunTime:0.001000s ]
INFO: [ view_parse ] --START--
INFO: [ template_filter ] --START--
INFO: Run Behavior\ContentReplaceBehavior [ RunTime:0.000000s ]
INFO: [ template_filter ] --END-- [ RunTime:0.000000s ]
NOTIC: [8] Use of undefined constant Index - assumed 'Index' D:\xampp\htdocs\paoding_gemmap\Application\Runtime\Cache\Pc\b6d63c3386f1568269ac827c6af2e852.php 第 20 行.
NOTIC: [8] Undefined variable: page D:\xampp\htdocs\paoding_gemmap\Application\Runtime\Cache\Pc\b6d63c3386f1568269ac827c6af2e852.php 第 143 行.
NOTIC: [8] Undefined variable: fatherId D:\xampp\htdocs\paoding_gemmap\Application\Runtime\Cache\Pc\b6d63c3386f1568269ac827c6af2e852.php 第 251 行.
NOTIC: [8] Undefined variable: sonId D:\xampp\htdocs\paoding_gemmap\Application\Runtime\Cache\Pc\b6d63c3386f1568269ac827c6af2e852.php 第 252 行.
INFO: Run Behavior\ParseTemplateBehavior [ RunTime:0.031002s ]
INFO: [ view_parse ] --END-- [ RunTime:0.031002s ]
INFO: [ view_filter ] --START--
INFO: Run Behavior\WriteHtmlCacheBehavior [ RunTime:0.000000s ]
INFO: Run Behavior\TokenBuildBehavior [ RunTime:0.002000s ]
INFO: [ view_filter ] --END-- [ RunTime:0.002000s ]
INFO: [ app_end ] --START--
INFO: Run Behavior\ShowPageTraceBehavior [ RunTime:0.001000s ]
INFO: [ app_end ] --END-- [ RunTime:0.001000s ]

[ 2017-08-25T15:21:10+08:00 ] 127.0.0.1 /index.php/Pc/Index/index
INFO: [ app_init ] --START--
INFO: Run Behavior\BuildLiteBehavior [ RunTime:0.000000s ]
INFO: [ app_init ] --END-- [ RunTime:0.000000s ]
INFO: [ app_begin ] --START--
INFO: Run Behavior\ReadHtmlCacheBehavior [ RunTime:0.000000s ]
INFO: [ app_begin ] --END-- [ RunTime:0.000000s ]
NOTIC: [2048] Declaration of Pc\Controller\IndexController::error() should be compatible with Think\Controller::error($message = '', $jumpUrl = '', $ajax = false) D:\xampp\htdocs\paoding_gemmap\Application\Pc\Controller\IndexController.class.php 第 8 行.
INFO: [ action_begin ] --START--
INFO: Run Home\Behaviors\siteBehavior [ RunTime:0.001000s ]
INFO: [ action_begin ] --END-- [ RunTime:0.001000s ]
NOTIC: [8] Undefined index: code D:\xampp\htdocs\paoding_gemmap\Application\Pc\Controller\IndexController.class.php 第 21 行.
NOTIC: [8] Undefined index: ifWeChatLogin D:\xampp\htdocs\paoding_gemmap\Application\Pc\Controller\IndexController.class.php 第 23 行.
INFO: [ view_begin ] --START--
INFO: Run Home\Behaviors\testBehavior [ RunTime:0.000000s ]
INFO: [ view_begin ] --END-- [ RunTime:0.000000s ]
INFO: [ view_parse ] --START--
INFO: [ template_filter ] --START--
INFO: Run Behavior\ContentReplaceBehavior [ RunTime:0.000000s ]
INFO: [ template_filter ] --END-- [ RunTime:0.000000s ]
NOTIC: [8] Use of undefined constant Activity - assumed 'Activity' D:\xampp\htdocs\paoding_gemmap\Application\Runtime\Cache\Pc\93c49ad67facdb6f997f1649493c88cf.php 第 21 行.
NOTIC: [8] Use of undefined constant Index - assumed 'Index' D:\xampp\htdocs\paoding_gemmap\Application\Runtime\Cache\Pc\93c49ad67facdb6f997f1649493c88cf.php 第 24 行.
NOTIC: [8] Use of undefined constant index - assumed 'index' D:\xampp\htdocs\paoding_gemmap\Application\Runtime\Cache\Pc\93c49ad67facdb6f997f1649493c88cf.php 第 24 行.
NOTIC: [8] Undefined variable: fatherId D:\xampp\htdocs\paoding_gemmap\Application\Runtime\Cache\Pc\93c49ad67facdb6f997f1649493c88cf.php 第 391 行.
NOTIC: [8] Undefined variable: sonId D:\xampp\htdocs\paoding_gemmap\Application\Runtime\Cache\Pc\93c49ad67facdb6f997f1649493c88cf.php 第 392 行.
NOTIC: [8] Use of undefined constant Index - assumed 'Index' D:\xampp\htdocs\paoding_gemmap\Application\Runtime\Cache\Pc\93c49ad67facdb6f997f1649493c88cf.php 第 400 行.
INFO: Run Behavior\ParseTemplateBehavior [ RunTime:0.017001s ]
INFO: [ view_parse ] --END-- [ RunTime:0.017001s ]
INFO: [ view_filter ] --START--
INFO: Run Behavior\WriteHtmlCacheBehavior [ RunTime:0.000000s ]
INFO: Run Behavior\TokenBuildBehavior [ RunTime:0.001000s ]
INFO: [ view_filter ] --END-- [ RunTime:0.002000s ]
INFO: [ app_end ] --START--
INFO: Run Behavior\ShowPageTraceBehavior [ RunTime:0.001000s ]
INFO: [ app_end ] --END-- [ RunTime:0.001000s ]

