[ 2017-10-24T11:08:16+08:00 ] 127.0.0.1 /
INFO: [ app_init ] --START--
INFO: Run Behavior\BuildLiteBehavior [ RunTime:0.000000s ]
INFO: [ app_init ] --END-- [ RunTime:0.001000s ]
INFO: [ app_begin ] --START--
INFO: Run Behavior\ReadHtmlCacheBehavior [ RunTime:0.001000s ]
INFO: [ app_begin ] --END-- [ RunTime:0.001000s ]
NOTIC: [2048] Declaration of Pc\Controller\IndexController::error() should be compatible with Think\Controller::error($message = '', $jumpUrl = '', $ajax = false) D:\xampp\htdocs\paoding_new\Application\Pc\Controller\IndexController.class.php 第 8 行.
INFO: [ action_begin ] --START--
INFO: Run Home\Behaviors\siteBehavior [ RunTime:0.001000s ]
INFO: [ action_begin ] --END-- [ RunTime:0.001000s ]
NOTIC: [8] Undefined index: code D:\xampp\htdocs\paoding_new\Application\Pc\Controller\IndexController.class.php 第 21 行.
NOTIC: [8] Undefined index: ifWeChatLogin D:\xampp\htdocs\paoding_new\Application\Pc\Controller\IndexController.class.php 第 23 行.
INFO: [ view_begin ] --START--
INFO: Run Home\Behaviors\testBehavior [ RunTime:0.001000s ]
INFO: [ view_begin ] --END-- [ RunTime:0.001000s ]
INFO: [ view_parse ] --START--
INFO: [ template_filter ] --START--
INFO: Run Behavior\ContentReplaceBehavior [ RunTime:0.000000s ]
INFO: [ template_filter ] --END-- [ RunTime:0.000000s ]
NOTIC: [8] Use of undefined constant Activity - assumed 'Activity' D:\xampp\htdocs\paoding_new\Application\Runtime\Cache\Pc\93c49ad67facdb6f997f1649493c88cf.php 第 22 行.
NOTIC: [8] Use of undefined constant Index - assumed 'Index' D:\xampp\htdocs\paoding_new\Application\Runtime\Cache\Pc\93c49ad67facdb6f997f1649493c88cf.php 第 25 行.
NOTIC: [8] Use of undefined constant index - assumed 'index' D:\xampp\htdocs\paoding_new\Application\Runtime\Cache\Pc\93c49ad67facdb6f997f1649493c88cf.php 第 25 行.
NOTIC: [8] Undefined variable: fatherId D:\xampp\htdocs\paoding_new\Application\Runtime\Cache\Pc\93c49ad67facdb6f997f1649493c88cf.php 第 392 行.
NOTIC: [8] Undefined variable: sonId D:\xampp\htdocs\paoding_new\Application\Runtime\Cache\Pc\93c49ad67facdb6f997f1649493c88cf.php 第 393 行.
NOTIC: [8] Use of undefined constant Index - assumed 'Index' D:\xampp\htdocs\paoding_new\Application\Runtime\Cache\Pc\93c49ad67facdb6f997f1649493c88cf.php 第 401 行.
INFO: Run Behavior\ParseTemplateBehavior [ RunTime:0.035002s ]
INFO: [ view_parse ] --END-- [ RunTime:0.035002s ]
INFO: [ view_filter ] --START--
INFO: Run Behavior\WriteHtmlCacheBehavior [ RunTime:0.001000s ]
INFO: Run Behavior\TokenBuildBehavior [ RunTime:0.001000s ]
INFO: [ view_filter ] --END-- [ RunTime:0.002000s ]
INFO: [ app_end ] --START--
INFO: Run Behavior\ShowPageTraceBehavior [ RunTime:0.001001s ]
INFO: [ app_end ] --END-- [ RunTime:0.001001s ]

[ 2017-10-24T11:08:20+08:00 ] 127.0.0.1 /index.php/Pc/Activity/data_list/channel/hd
INFO: [ app_init ] --START--
INFO: Run Behavior\BuildLiteBehavior [ RunTime:0.000000s ]
INFO: [ app_init ] --END-- [ RunTime:0.000000s ]
INFO: [ app_begin ] --START--
INFO: Run Behavior\ReadHtmlCacheBehavior [ RunTime:0.001000s ]
INFO: [ app_begin ] --END-- [ RunTime:0.001000s ]
INFO: [ action_begin ] --START--
INFO: Run Home\Behaviors\siteBehavior [ RunTime:0.000000s ]
INFO: [ action_begin ] --END-- [ RunTime:0.000000s ]
NOTIC: [8] Undefined index: code D:\xampp\htdocs\paoding_new\Application\Pc\Controller\ActivityController.class.php 第 30 行.
NOTIC: [8] Undefined index: ifWeChatLogin D:\xampp\htdocs\paoding_new\Application\Pc\Controller\ActivityController.class.php 第 32 行.
INFO: [ view_begin ] --START--
INFO: Run Home\Behaviors\testBehavior [ RunTime:0.000000s ]
INFO: [ view_begin ] --END-- [ RunTime:0.000000s ]
INFO: [ view_parse ] --START--
INFO: [ template_filter ] --START--
INFO: Run Behavior\ContentReplaceBehavior [ RunTime:0.000000s ]
INFO: [ template_filter ] --END-- [ RunTime:0.000000s ]
NOTIC: [8] Use of undefined constant Index - assumed 'Index' D:\xampp\htdocs\paoding_new\Application\Runtime\Cache\Pc\b6d63c3386f1568269ac827c6af2e852.php 第 20 行.
NOTIC: [8] Undefined variable: page D:\xampp\htdocs\paoding_new\Application\Runtime\Cache\Pc\b6d63c3386f1568269ac827c6af2e852.php 第 143 行.
NOTIC: [8] Undefined variable: fatherId D:\xampp\htdocs\paoding_new\Application\Runtime\Cache\Pc\b6d63c3386f1568269ac827c6af2e852.php 第 251 行.
NOTIC: [8] Undefined variable: sonId D:\xampp\htdocs\paoding_new\Application\Runtime\Cache\Pc\b6d63c3386f1568269ac827c6af2e852.php 第 252 行.
INFO: Run Behavior\ParseTemplateBehavior [ RunTime:0.041002s ]
INFO: [ view_parse ] --END-- [ RunTime:0.041002s ]
INFO: [ view_filter ] --START--
INFO: Run Behavior\WriteHtmlCacheBehavior [ RunTime:0.001000s ]
INFO: Run Behavior\TokenBuildBehavior [ RunTime:0.001000s ]
INFO: [ view_filter ] --END-- [ RunTime:0.002000s ]
INFO: [ app_end ] --START--
INFO: Run Behavior\ShowPageTraceBehavior [ RunTime:0.001000s ]
INFO: [ app_end ] --END-- [ RunTime:0.001000s ]

[ 2017-10-24T11:08:22+08:00 ] 127.0.0.1 /index.php/Pc/Activity/detail/channel/hd/type/1/data_id/7
INFO: [ app_init ] --START--
INFO: Run Behavior\BuildLiteBehavior [ RunTime:0.000000s ]
INFO: [ app_init ] --END-- [ RunTime:0.000000s ]
INFO: [ app_begin ] --START--
INFO: Run Behavior\ReadHtmlCacheBehavior [ RunTime:0.000000s ]
INFO: [ app_begin ] --END-- [ RunTime:0.000000s ]
INFO: [ action_begin ] --START--
INFO: Run Home\Behaviors\siteBehavior [ RunTime:0.000000s ]
INFO: [ action_begin ] --END-- [ RunTime:0.000000s ]
NOTIC: [8] Undefined index: userArr D:\xampp\htdocs\paoding_new\Application\Pc\Controller\ActivityController.class.php 第 43 行.
NOTIC: [8] Undefined index: code D:\xampp\htdocs\paoding_new\Application\Pc\Controller\ActivityController.class.php 第 47 行.
NOTIC: [8] Undefined index: ifWeChatLogin D:\xampp\htdocs\paoding_new\Application\Pc\Controller\ActivityController.class.php 第 49 行.
INFO: [ view_begin ] --START--
INFO: Run Home\Behaviors\testBehavior [ RunTime:0.000000s ]
INFO: [ view_begin ] --END-- [ RunTime:0.000000s ]
INFO: [ view_parse ] --START--
INFO: [ template_filter ] --START--
INFO: Run Behavior\ContentReplaceBehavior [ RunTime:0.000000s ]
INFO: [ template_filter ] --END-- [ RunTime:0.000000s ]
NOTIC: [8] Use of undefined constant Activity - assumed 'Activity' D:\xampp\htdocs\paoding_new\Application\Runtime\Cache\Pc\759433b7a0befa3fa6b02e4be8ca92f1.php 第 17 行.
NOTIC: [8] Use of undefined constant Index - assumed 'Index' D:\xampp\htdocs\paoding_new\Application\Runtime\Cache\Pc\759433b7a0befa3fa6b02e4be8ca92f1.php 第 20 行.
NOTIC: [8] Use of undefined constant Index - assumed 'Index' D:\xampp\htdocs\paoding_new\Application\Runtime\Cache\Pc\759433b7a0befa3fa6b02e4be8ca92f1.php 第 232 行.
NOTIC: [8] Use of undefined constant Science - assumed 'Science' D:\xampp\htdocs\paoding_new\Application\Runtime\Cache\Pc\759433b7a0befa3fa6b02e4be8ca92f1.php 第 232 行.
NOTIC: [8] Use of undefined constant Task - assumed 'Task' D:\xampp\htdocs\paoding_new\Application\Runtime\Cache\Pc\759433b7a0befa3fa6b02e4be8ca92f1.php 第 233 行.
INFO: Run Behavior\ParseTemplateBehavior [ RunTime:0.023001s ]
INFO: [ view_parse ] --END-- [ RunTime:0.023001s ]
INFO: [ view_filter ] --START--
INFO: Run Behavior\WriteHtmlCacheBehavior [ RunTime:0.000000s ]
INFO: Run Behavior\TokenBuildBehavior [ RunTime:0.002001s ]
INFO: [ view_filter ] --END-- [ RunTime:0.002001s ]
INFO: [ app_end ] --START--
INFO: Run Behavior\ShowPageTraceBehavior [ RunTime:0.001000s ]
INFO: [ app_end ] --END-- [ RunTime:0.001000s ]

[ 2017-10-24T11:09:38+08:00 ] 127.0.0.1 /index.php/Pc/Activity/detail/channel/hd/type/1/data_id/7
INFO: [ app_init ] --START--
INFO: Run Behavior\BuildLiteBehavior [ RunTime:0.000000s ]
INFO: [ app_init ] --END-- [ RunTime:0.000000s ]
INFO: [ app_begin ] --START--
INFO: Run Behavior\ReadHtmlCacheBehavior [ RunTime:0.001000s ]
INFO: [ app_begin ] --END-- [ RunTime:0.001000s ]
INFO: [ action_begin ] --START--
INFO: Run Home\Behaviors\siteBehavior [ RunTime:0.000000s ]
INFO: [ action_begin ] --END-- [ RunTime:0.000000s ]
NOTIC: [8] Undefined index: userArr D:\xampp\htdocs\paoding_new\Application\Pc\Controller\ActivityController.class.php 第 43 行.
NOTIC: [8] Undefined index: code D:\xampp\htdocs\paoding_new\Application\Pc\Controller\ActivityController.class.php 第 47 行.
NOTIC: [8] Undefined index: ifWeChatLogin D:\xampp\htdocs\paoding_new\Application\Pc\Controller\ActivityController.class.php 第 49 行.
INFO: [ view_begin ] --START--
INFO: Run Home\Behaviors\testBehavior [ RunTime:0.001000s ]
INFO: [ view_begin ] --END-- [ RunTime:0.001000s ]
INFO: [ view_parse ] --START--
INFO: [ template_filter ] --START--
INFO: Run Behavior\ContentReplaceBehavior [ RunTime:0.001000s ]
INFO: [ template_filter ] --END-- [ RunTime:0.001000s ]
NOTIC: [8] Use of undefined constant Activity - assumed 'Activity' D:\xampp\htdocs\paoding_new\Application\Runtime\Cache\Pc\759433b7a0befa3fa6b02e4be8ca92f1.php 第 17 行.
NOTIC: [8] Use of undefined constant Index - assumed 'Index' D:\xampp\htdocs\paoding_new\Application\Runtime\Cache\Pc\759433b7a0befa3fa6b02e4be8ca92f1.php 第 20 行.
NOTIC: [8] Use of undefined constant Index - assumed 'Index' D:\xampp\htdocs\paoding_new\Application\Runtime\Cache\Pc\759433b7a0befa3fa6b02e4be8ca92f1.php 第 232 行.
NOTIC: [8] Use of undefined constant Science - assumed 'Science' D:\xampp\htdocs\paoding_new\Application\Runtime\Cache\Pc\759433b7a0befa3fa6b02e4be8ca92f1.php 第 232 行.
NOTIC: [8] Use of undefined constant Task - assumed 'Task' D:\xampp\htdocs\paoding_new\Application\Runtime\Cache\Pc\759433b7a0befa3fa6b02e4be8ca92f1.php 第 233 行.
INFO: Run Behavior\ParseTemplateBehavior [ RunTime:0.016001s ]
INFO: [ view_parse ] --END-- [ RunTime:0.016001s ]
INFO: [ view_filter ] --START--
INFO: Run Behavior\WriteHtmlCacheBehavior [ RunTime:0.001000s ]
INFO: Run Behavior\TokenBuildBehavior [ RunTime:0.001000s ]
INFO: [ view_filter ] --END-- [ RunTime:0.002000s ]
INFO: [ app_end ] --START--
INFO: Run Behavior\ShowPageTraceBehavior [ RunTime:0.000000s ]
INFO: [ app_end ] --END-- [ RunTime:0.001000s ]

[ 2017-10-24T11:11:28+08:00 ] 127.0.0.1 /index.php/Pc/Index/index
INFO: [ app_init ] --START--
INFO: Run Behavior\BuildLiteBehavior [ RunTime:0.000000s ]
INFO: [ app_init ] --END-- [ RunTime:0.001000s ]
INFO: [ app_begin ] --START--
INFO: Run Behavior\ReadHtmlCacheBehavior [ RunTime:0.001000s ]
INFO: [ app_begin ] --END-- [ RunTime:0.001000s ]
NOTIC: [2048] Declaration of Pc\Controller\IndexController::error() should be compatible with Think\Controller::error($message = '', $jumpUrl = '', $ajax = false) D:\xampp\htdocs\paoding_new\Application\Pc\Controller\IndexController.class.php 第 8 行.
INFO: [ action_begin ] --START--
INFO: Run Home\Behaviors\siteBehavior [ RunTime:0.000000s ]
INFO: [ action_begin ] --END-- [ RunTime:0.000000s ]
NOTIC: [8] Undefined index: code D:\xampp\htdocs\paoding_new\Application\Pc\Controller\IndexController.class.php 第 21 行.
NOTIC: [8] Undefined index: ifWeChatLogin D:\xampp\htdocs\paoding_new\Application\Pc\Controller\IndexController.class.php 第 23 行.
INFO: [ view_begin ] --START--
INFO: Run Home\Behaviors\testBehavior [ RunTime:0.001000s ]
INFO: [ view_begin ] --END-- [ RunTime:0.001000s ]
INFO: [ view_parse ] --START--
INFO: [ template_filter ] --START--
INFO: Run Behavior\ContentReplaceBehavior [ RunTime:0.001000s ]
INFO: [ template_filter ] --END-- [ RunTime:0.001000s ]
NOTIC: [8] Use of undefined constant Activity - assumed 'Activity' D:\xampp\htdocs\paoding_new\Application\Runtime\Cache\Pc\93c49ad67facdb6f997f1649493c88cf.php 第 22 行.
NOTIC: [8] Use of undefined constant Index - assumed 'Index' D:\xampp\htdocs\paoding_new\Application\Runtime\Cache\Pc\93c49ad67facdb6f997f1649493c88cf.php 第 25 行.
NOTIC: [8] Use of undefined constant index - assumed 'index' D:\xampp\htdocs\paoding_new\Application\Runtime\Cache\Pc\93c49ad67facdb6f997f1649493c88cf.php 第 25 行.
NOTIC: [8] Undefined variable: fatherId D:\xampp\htdocs\paoding_new\Application\Runtime\Cache\Pc\93c49ad67facdb6f997f1649493c88cf.php 第 392 行.
NOTIC: [8] Undefined variable: sonId D:\xampp\htdocs\paoding_new\Application\Runtime\Cache\Pc\93c49ad67facdb6f997f1649493c88cf.php 第 393 行.
NOTIC: [8] Use of undefined constant Index - assumed 'Index' D:\xampp\htdocs\paoding_new\Application\Runtime\Cache\Pc\93c49ad67facdb6f997f1649493c88cf.php 第 401 行.
INFO: Run Behavior\ParseTemplateBehavior [ RunTime:0.018001s ]
INFO: [ view_parse ] --END-- [ RunTime:0.018001s ]
INFO: [ view_filter ] --START--
INFO: Run Behavior\WriteHtmlCacheBehavior [ RunTime:0.000000s ]
INFO: Run Behavior\TokenBuildBehavior [ RunTime:0.002000s ]
INFO: [ view_filter ] --END-- [ RunTime:0.002000s ]
INFO: [ app_end ] --START--
INFO: Run Behavior\ShowPageTraceBehavior [ RunTime:0.002001s ]
INFO: [ app_end ] --END-- [ RunTime:0.002001s ]

[ 2017-10-24T11:12:06+08:00 ] 127.0.0.1 /index.php/Pc/Index/index
INFO: [ app_init ] --START--
INFO: Run Behavior\BuildLiteBehavior [ RunTime:0.000000s ]
INFO: [ app_init ] --END-- [ RunTime:0.000000s ]
INFO: [ app_begin ] --START--
INFO: Run Behavior\ReadHtmlCacheBehavior [ RunTime:0.000000s ]
INFO: [ app_begin ] --END-- [ RunTime:0.015600s ]
NOTIC: [2048] Declaration of Pc\Controller\IndexController::error() should be compatible with Think\Controller::error($message = '', $jumpUrl = '', $ajax = false) D:\xampp\htdocs\paoding_new\Application\Pc\Controller\IndexController.class.php 第 8 行.
INFO: [ action_begin ] --START--
INFO: Run Home\Behaviors\siteBehavior [ RunTime:0.068004s ]
INFO: [ action_begin ] --END-- [ RunTime:0.068004s ]
NOTIC: [8] Undefined index: code D:\xampp\htdocs\paoding_new\Application\Pc\Controller\IndexController.class.php 第 21 行.
NOTIC: [8] Undefined index: ifWeChatLogin D:\xampp\htdocs\paoding_new\Application\Pc\Controller\IndexController.class.php 第 23 行.
INFO: [ view_begin ] --START--
INFO: Run Home\Behaviors\testBehavior [ RunTime:0.000000s ]
INFO: [ view_begin ] --END-- [ RunTime:0.000000s ]
INFO: [ view_parse ] --START--
INFO: [ template_filter ] --START--
INFO: Run Behavior\ContentReplaceBehavior [ RunTime:0.001000s ]
INFO: [ template_filter ] --END-- [ RunTime:0.001000s ]
NOTIC: [8] Use of undefined constant Activity - assumed 'Activity' D:\xampp\htdocs\paoding_new\Application\Runtime\Cache\Pc\93c49ad67facdb6f997f1649493c88cf.php 第 22 行.
NOTIC: [8] Use of undefined constant Index - assumed 'Index' D:\xampp\htdocs\paoding_new\Application\Runtime\Cache\Pc\93c49ad67facdb6f997f1649493c88cf.php 第 25 行.
NOTIC: [8] Use of undefined constant index - assumed 'index' D:\xampp\htdocs\paoding_new\Application\Runtime\Cache\Pc\93c49ad67facdb6f997f1649493c88cf.php 第 25 行.
NOTIC: [8] Undefined variable: fatherId D:\xampp\htdocs\paoding_new\Application\Runtime\Cache\Pc\93c49ad67facdb6f997f1649493c88cf.php 第 392 行.
NOTIC: [8] Undefined variable: sonId D:\xampp\htdocs\paoding_new\Application\Runtime\Cache\Pc\93c49ad67facdb6f997f1649493c88cf.php 第 393 行.
NOTIC: [8] Use of undefined constant Index - assumed 'Index' D:\xampp\htdocs\paoding_new\Application\Runtime\Cache\Pc\93c49ad67facdb6f997f1649493c88cf.php 第 401 行.
INFO: Run Behavior\ParseTemplateBehavior [ RunTime:0.018001s ]
INFO: [ view_parse ] --END-- [ RunTime:0.018001s ]
INFO: [ view_filter ] --START--
INFO: Run Behavior\WriteHtmlCacheBehavior [ RunTime:0.000000s ]
INFO: Run Behavior\TokenBuildBehavior [ RunTime:0.002000s ]
INFO: [ view_filter ] --END-- [ RunTime:0.002000s ]
INFO: [ app_end ] --START--
INFO: Run Behavior\ShowPageTraceBehavior [ RunTime:0.001000s ]
INFO: [ app_end ] --END-- [ RunTime:0.001000s ]

[ 2017-10-24T11:12:09+08:00 ] 127.0.0.1 /index.php/Pc/Activity/data_list/channel/hd
INFO: [ app_init ] --START--
INFO: Run Behavior\BuildLiteBehavior [ RunTime:0.000000s ]
INFO: [ app_init ] --END-- [ RunTime:0.001000s ]
INFO: [ app_begin ] --START--
INFO: Run Behavior\ReadHtmlCacheBehavior [ RunTime:0.001001s ]
INFO: [ app_begin ] --END-- [ RunTime:0.001001s ]
INFO: [ action_begin ] --START--
INFO: Run Home\Behaviors\siteBehavior [ RunTime:0.001000s ]
INFO: [ action_begin ] --END-- [ RunTime:0.001000s ]
NOTIC: [8] Undefined index: code D:\xampp\htdocs\paoding_new\Application\Pc\Controller\ActivityController.class.php 第 30 行.
NOTIC: [8] Undefined index: ifWeChatLogin D:\xampp\htdocs\paoding_new\Application\Pc\Controller\ActivityController.class.php 第 32 行.
INFO: [ view_begin ] --START--
INFO: Run Home\Behaviors\testBehavior [ RunTime:0.001000s ]
INFO: [ view_begin ] --END-- [ RunTime:0.001000s ]
INFO: [ view_parse ] --START--
INFO: [ template_filter ] --START--
INFO: Run Behavior\ContentReplaceBehavior [ RunTime:0.000000s ]
INFO: [ template_filter ] --END-- [ RunTime:0.000000s ]
NOTIC: [8] Use of undefined constant Index - assumed 'Index' D:\xampp\htdocs\paoding_new\Application\Runtime\Cache\Pc\b6d63c3386f1568269ac827c6af2e852.php 第 20 行.
NOTIC: [8] Undefined variable: page D:\xampp\htdocs\paoding_new\Application\Runtime\Cache\Pc\b6d63c3386f1568269ac827c6af2e852.php 第 143 行.
NOTIC: [8] Undefined variable: fatherId D:\xampp\htdocs\paoding_new\Application\Runtime\Cache\Pc\b6d63c3386f1568269ac827c6af2e852.php 第 251 行.
NOTIC: [8] Undefined variable: sonId D:\xampp\htdocs\paoding_new\Application\Runtime\Cache\Pc\b6d63c3386f1568269ac827c6af2e852.php 第 252 行.
INFO: Run Behavior\ParseTemplateBehavior [ RunTime:0.017001s ]
INFO: [ view_parse ] --END-- [ RunTime:0.017001s ]
INFO: [ view_filter ] --START--
INFO: Run Behavior\WriteHtmlCacheBehavior [ RunTime:0.000000s ]
INFO: Run Behavior\TokenBuildBehavior [ RunTime:0.001001s ]
INFO: [ view_filter ] --END-- [ RunTime:0.001001s ]
INFO: [ app_end ] --START--
INFO: Run Behavior\ShowPageTraceBehavior [ RunTime:0.001000s ]
INFO: [ app_end ] --END-- [ RunTime:0.001000s ]

[ 2017-10-24T11:12:11+08:00 ] 127.0.0.1 /index.php/Pc/Activity/detail/channel/hd/type/1/data_id/7
INFO: [ app_init ] --START--
INFO: Run Behavior\BuildLiteBehavior [ RunTime:0.000000s ]
INFO: [ app_init ] --END-- [ RunTime:0.000000s ]
INFO: [ app_begin ] --START--
INFO: Run Behavior\ReadHtmlCacheBehavior [ RunTime:0.000000s ]
INFO: [ app_begin ] --END-- [ RunTime:0.000000s ]
INFO: [ action_begin ] --START--
INFO: Run Home\Behaviors\siteBehavior [ RunTime:0.001000s ]
INFO: [ action_begin ] --END-- [ RunTime:0.001000s ]
NOTIC: [8] Undefined index: code D:\xampp\htdocs\paoding_new\Application\Pc\Controller\ActivityController.class.php 第 47 行.
NOTIC: [8] Undefined index: ifWeChatLogin D:\xampp\htdocs\paoding_new\Application\Pc\Controller\ActivityController.class.php 第 49 行.
INFO: [ view_begin ] --START--
INFO: Run Home\Behaviors\testBehavior [ RunTime:0.000000s ]
INFO: [ view_begin ] --END-- [ RunTime:0.000000s ]
INFO: [ view_parse ] --START--
INFO: [ template_filter ] --START--
INFO: Run Behavior\ContentReplaceBehavior [ RunTime:0.000000s ]
INFO: [ template_filter ] --END-- [ RunTime:0.000000s ]
NOTIC: [8] Use of undefined constant Activity - assumed 'Activity' D:\xampp\htdocs\paoding_new\Application\Runtime\Cache\Pc\759433b7a0befa3fa6b02e4be8ca92f1.php 第 17 行.
NOTIC: [8] Use of undefined constant Index - assumed 'Index' D:\xampp\htdocs\paoding_new\Application\Runtime\Cache\Pc\759433b7a0befa3fa6b02e4be8ca92f1.php 第 20 行.
NOTIC: [8] Use of undefined constant Index - assumed 'Index' D:\xampp\htdocs\paoding_new\Application\Runtime\Cache\Pc\759433b7a0befa3fa6b02e4be8ca92f1.php 第 232 行.
NOTIC: [8] Use of undefined constant Science - assumed 'Science' D:\xampp\htdocs\paoding_new\Application\Runtime\Cache\Pc\759433b7a0befa3fa6b02e4be8ca92f1.php 第 232 行.
NOTIC: [8] Use of undefined constant Task - assumed 'Task' D:\xampp\htdocs\paoding_new\Application\Runtime\Cache\Pc\759433b7a0befa3fa6b02e4be8ca92f1.php 第 233 行.
INFO: Run Behavior\ParseTemplateBehavior [ RunTime:0.015001s ]
INFO: [ view_parse ] --END-- [ RunTime:0.015001s ]
INFO: [ view_filter ] --START--
INFO: Run Behavior\WriteHtmlCacheBehavior [ RunTime:0.001000s ]
INFO: Run Behavior\TokenBuildBehavior [ RunTime:0.001000s ]
INFO: [ view_filter ] --END-- [ RunTime:0.002000s ]
INFO: [ app_end ] --START--
INFO: Run Behavior\ShowPageTraceBehavior [ RunTime:0.001000s ]
INFO: [ app_end ] --END-- [ RunTime:0.001000s ]

[ 2017-10-24T11:12:16+08:00 ] 127.0.0.1 /index.php/Pc/Activity/detail/channel/hd/type/1/data_id/5
INFO: [ app_init ] --START--
INFO: Run Behavior\BuildLiteBehavior [ RunTime:0.000000s ]
INFO: [ app_init ] --END-- [ RunTime:0.000000s ]
INFO: [ app_begin ] --START--
INFO: Run Behavior\ReadHtmlCacheBehavior [ RunTime:0.001000s ]
INFO: [ app_begin ] --END-- [ RunTime:0.001000s ]
INFO: [ action_begin ] --START--
INFO: Run Home\Behaviors\siteBehavior [ RunTime:0.000000s ]
INFO: [ action_begin ] --END-- [ RunTime:0.000000s ]
NOTIC: [8] Undefined index: code D:\xampp\htdocs\paoding_new\Application\Pc\Controller\ActivityController.class.php 第 47 行.
NOTIC: [8] Undefined index: ifWeChatLogin D:\xampp\htdocs\paoding_new\Application\Pc\Controller\ActivityController.class.php 第 49 行.
INFO: [ view_begin ] --START--
INFO: Run Home\Behaviors\testBehavior [ RunTime:0.000000s ]
INFO: [ view_begin ] --END-- [ RunTime:0.000000s ]
INFO: [ view_parse ] --START--
INFO: [ template_filter ] --START--
INFO: Run Behavior\ContentReplaceBehavior [ RunTime:0.001000s ]
INFO: [ template_filter ] --END-- [ RunTime:0.001000s ]
NOTIC: [8] Use of undefined constant Activity - assumed 'Activity' D:\xampp\htdocs\paoding_new\Application\Runtime\Cache\Pc\759433b7a0befa3fa6b02e4be8ca92f1.php 第 17 行.
NOTIC: [8] Use of undefined constant Index - assumed 'Index' D:\xampp\htdocs\paoding_new\Application\Runtime\Cache\Pc\759433b7a0befa3fa6b02e4be8ca92f1.php 第 20 行.
NOTIC: [8] Use of undefined constant Index - assumed 'Index' D:\xampp\htdocs\paoding_new\Application\Runtime\Cache\Pc\759433b7a0befa3fa6b02e4be8ca92f1.php 第 232 行.
NOTIC: [8] Use of undefined constant Science - assumed 'Science' D:\xampp\htdocs\paoding_new\Application\Runtime\Cache\Pc\759433b7a0befa3fa6b02e4be8ca92f1.php 第 232 行.
NOTIC: [8] Use of undefined constant Task - assumed 'Task' D:\xampp\htdocs\paoding_new\Application\Runtime\Cache\Pc\759433b7a0befa3fa6b02e4be8ca92f1.php 第 233 行.
INFO: Run Behavior\ParseTemplateBehavior [ RunTime:0.015000s ]
INFO: [ view_parse ] --END-- [ RunTime:0.015000s ]
INFO: [ view_filter ] --START--
INFO: Run Behavior\WriteHtmlCacheBehavior [ RunTime:0.001001s ]
INFO: Run Behavior\TokenBuildBehavior [ RunTime:0.001000s ]
INFO: [ view_filter ] --END-- [ RunTime:0.002001s ]
INFO: [ app_end ] --START--
INFO: Run Behavior\ShowPageTraceBehavior [ RunTime:0.001000s ]
INFO: [ app_end ] --END-- [ RunTime:0.001000s ]

[ 2017-10-24T11:12:28+08:00 ] 127.0.0.1 /index.php/Pc/Activity/detail/channel/hd/type/1/data_id/5
INFO: [ app_init ] --START--
INFO: Run Behavior\BuildLiteBehavior [ RunTime:0.000000s ]
INFO: [ app_init ] --END-- [ RunTime:0.000000s ]
INFO: [ app_begin ] --START--
INFO: Run Behavior\ReadHtmlCacheBehavior [ RunTime:0.001000s ]
INFO: [ app_begin ] --END-- [ RunTime:0.001000s ]
INFO: [ action_begin ] --START--
INFO: Run Home\Behaviors\siteBehavior [ RunTime:0.001000s ]
INFO: [ action_begin ] --END-- [ RunTime:0.001000s ]
NOTIC: [8] Undefined index: code D:\xampp\htdocs\paoding_new\Application\Pc\Controller\ActivityController.class.php 第 47 行.
NOTIC: [8] Undefined index: ifWeChatLogin D:\xampp\htdocs\paoding_new\Application\Pc\Controller\ActivityController.class.php 第 49 行.
INFO: [ view_begin ] --START--
INFO: Run Home\Behaviors\testBehavior [ RunTime:0.000000s ]
INFO: [ view_begin ] --END-- [ RunTime:0.000000s ]
INFO: [ view_parse ] --START--
INFO: [ template_filter ] --START--
INFO: Run Behavior\ContentReplaceBehavior [ RunTime:0.000000s ]
INFO: [ template_filter ] --END-- [ RunTime:0.000000s ]
NOTIC: [8] Use of undefined constant Activity - assumed 'Activity' D:\xampp\htdocs\paoding_new\Application\Runtime\Cache\Pc\759433b7a0befa3fa6b02e4be8ca92f1.php 第 17 行.
NOTIC: [8] Use of undefined constant Index - assumed 'Index' D:\xampp\htdocs\paoding_new\Application\Runtime\Cache\Pc\759433b7a0befa3fa6b02e4be8ca92f1.php 第 20 行.
NOTIC: [8] Use of undefined constant Index - assumed 'Index' D:\xampp\htdocs\paoding_new\Application\Runtime\Cache\Pc\759433b7a0befa3fa6b02e4be8ca92f1.php 第 232 行.
NOTIC: [8] Use of undefined constant Science - assumed 'Science' D:\xampp\htdocs\paoding_new\Application\Runtime\Cache\Pc\759433b7a0befa3fa6b02e4be8ca92f1.php 第 232 行.
NOTIC: [8] Use of undefined constant Task - assumed 'Task' D:\xampp\htdocs\paoding_new\Application\Runtime\Cache\Pc\759433b7a0befa3fa6b02e4be8ca92f1.php 第 233 行.
INFO: Run Behavior\ParseTemplateBehavior [ RunTime:0.015001s ]
INFO: [ view_parse ] --END-- [ RunTime:0.015001s ]
INFO: [ view_filter ] --START--
INFO: Run Behavior\WriteHtmlCacheBehavior [ RunTime:0.001000s ]
INFO: Run Behavior\TokenBuildBehavior [ RunTime:0.001000s ]
INFO: [ view_filter ] --END-- [ RunTime:0.002000s ]
INFO: [ app_end ] --START--
INFO: Run Behavior\ShowPageTraceBehavior [ RunTime:0.001000s ]
INFO: [ app_end ] --END-- [ RunTime:0.001000s ]

[ 2017-10-24T11:13:43+08:00 ] 127.0.0.1 /
INFO: [ app_init ] --START--
INFO: Run Behavior\BuildLiteBehavior [ RunTime:0.000000s ]
INFO: [ app_init ] --END-- [ RunTime:0.001001s ]
INFO: [ app_begin ] --START--
INFO: Run Behavior\ReadHtmlCacheBehavior [ RunTime:0.000000s ]
INFO: [ app_begin ] --END-- [ RunTime:0.001000s ]
NOTIC: [2048] Declaration of Pc\Controller\IndexController::error() should be compatible with Think\Controller::error($message = '', $jumpUrl = '', $ajax = false) D:\xampp\htdocs\paoding_new\Application\Pc\Controller\IndexController.class.php 第 8 行.
INFO: [ action_begin ] --START--
INFO: Run Home\Behaviors\siteBehavior [ RunTime:0.001000s ]
INFO: [ action_begin ] --END-- [ RunTime:0.001000s ]
NOTIC: [8] Undefined index: code D:\xampp\htdocs\paoding_new\Application\Pc\Controller\IndexController.class.php 第 21 行.
NOTIC: [8] Undefined index: ifWeChatLogin D:\xampp\htdocs\paoding_new\Application\Pc\Controller\IndexController.class.php 第 23 行.
INFO: [ view_begin ] --START--
INFO: Run Home\Behaviors\testBehavior [ RunTime:0.000000s ]
INFO: [ view_begin ] --END-- [ RunTime:0.000000s ]
INFO: [ view_parse ] --START--
INFO: [ template_filter ] --START--
INFO: Run Behavior\ContentReplaceBehavior [ RunTime:0.000000s ]
INFO: [ template_filter ] --END-- [ RunTime:0.000000s ]
NOTIC: [8] Use of undefined constant Activity - assumed 'Activity' D:\xampp\htdocs\paoding_new\Application\Runtime\Cache\Pc\93c49ad67facdb6f997f1649493c88cf.php 第 22 行.
NOTIC: [8] Use of undefined constant Index - assumed 'Index' D:\xampp\htdocs\paoding_new\Application\Runtime\Cache\Pc\93c49ad67facdb6f997f1649493c88cf.php 第 25 行.
NOTIC: [8] Use of undefined constant index - assumed 'index' D:\xampp\htdocs\paoding_new\Application\Runtime\Cache\Pc\93c49ad67facdb6f997f1649493c88cf.php 第 25 行.
NOTIC: [8] Undefined variable: fatherId D:\xampp\htdocs\paoding_new\Application\Runtime\Cache\Pc\93c49ad67facdb6f997f1649493c88cf.php 第 392 行.
NOTIC: [8] Undefined variable: sonId D:\xampp\htdocs\paoding_new\Application\Runtime\Cache\Pc\93c49ad67facdb6f997f1649493c88cf.php 第 393 行.
NOTIC: [8] Use of undefined constant Index - assumed 'Index' D:\xampp\htdocs\paoding_new\Application\Runtime\Cache\Pc\93c49ad67facdb6f997f1649493c88cf.php 第 401 行.
INFO: Run Behavior\ParseTemplateBehavior [ RunTime:0.018001s ]
INFO: [ view_parse ] --END-- [ RunTime:0.018001s ]
INFO: [ view_filter ] --START--
INFO: Run Behavior\WriteHtmlCacheBehavior [ RunTime:0.000000s ]
INFO: Run Behavior\TokenBuildBehavior [ RunTime:0.002000s ]
INFO: [ view_filter ] --END-- [ RunTime:0.002000s ]
INFO: [ app_end ] --START--
INFO: Run Behavior\ShowPageTraceBehavior [ RunTime:0.001000s ]
INFO: [ app_end ] --END-- [ RunTime:0.001000s ]

[ 2017-10-24T11:13:45+08:00 ] 127.0.0.1 /index.php/Pc/Activity/data_list/channel/hd
INFO: [ app_init ] --START--
INFO: Run Behavior\BuildLiteBehavior [ RunTime:0.000000s ]
INFO: [ app_init ] --END-- [ RunTime:0.000000s ]
INFO: [ app_begin ] --START--
INFO: Run Behavior\ReadHtmlCacheBehavior [ RunTime:0.001000s ]
INFO: [ app_begin ] --END-- [ RunTime:0.001000s ]
INFO: [ action_begin ] --START--
INFO: Run Home\Behaviors\siteBehavior [ RunTime:0.001000s ]
INFO: [ action_begin ] --END-- [ RunTime:0.001000s ]
NOTIC: [8] Undefined index: code D:\xampp\htdocs\paoding_new\Application\Pc\Controller\ActivityController.class.php 第 30 行.
NOTIC: [8] Undefined index: ifWeChatLogin D:\xampp\htdocs\paoding_new\Application\Pc\Controller\ActivityController.class.php 第 32 行.
INFO: [ view_begin ] --START--
INFO: Run Home\Behaviors\testBehavior [ RunTime:0.001000s ]
INFO: [ view_begin ] --END-- [ RunTime:0.001000s ]
INFO: [ view_parse ] --START--
INFO: [ template_filter ] --START--
INFO: Run Behavior\ContentReplaceBehavior [ RunTime:0.000000s ]
INFO: [ template_filter ] --END-- [ RunTime:0.000000s ]
NOTIC: [8] Use of undefined constant Index - assumed 'Index' D:\xampp\htdocs\paoding_new\Application\Runtime\Cache\Pc\b6d63c3386f1568269ac827c6af2e852.php 第 20 行.
NOTIC: [8] Undefined variable: page D:\xampp\htdocs\paoding_new\Application\Runtime\Cache\Pc\b6d63c3386f1568269ac827c6af2e852.php 第 143 行.
NOTIC: [8] Undefined variable: fatherId D:\xampp\htdocs\paoding_new\Application\Runtime\Cache\Pc\b6d63c3386f1568269ac827c6af2e852.php 第 251 行.
NOTIC: [8] Undefined variable: sonId D:\xampp\htdocs\paoding_new\Application\Runtime\Cache\Pc\b6d63c3386f1568269ac827c6af2e852.php 第 252 行.
INFO: Run Behavior\ParseTemplateBehavior [ RunTime:0.014001s ]
INFO: [ view_parse ] --END-- [ RunTime:0.014001s ]
INFO: [ view_filter ] --START--
INFO: Run Behavior\WriteHtmlCacheBehavior [ RunTime:0.000000s ]
INFO: Run Behavior\TokenBuildBehavior [ RunTime:0.001000s ]
INFO: [ view_filter ] --END-- [ RunTime:0.002000s ]
INFO: [ app_end ] --START--
INFO: Run Behavior\ShowPageTraceBehavior [ RunTime:0.000000s ]
INFO: [ app_end ] --END-- [ RunTime:0.000000s ]

[ 2017-10-24T14:36:44+08:00 ] 127.0.0.1 /
INFO: [ app_init ] --START--
INFO: Run Behavior\BuildLiteBehavior [ RunTime:0.000000s ]
INFO: [ app_init ] --END-- [ RunTime:0.001000s ]
INFO: [ app_begin ] --START--
INFO: Run Behavior\ReadHtmlCacheBehavior [ RunTime:0.000000s ]
INFO: [ app_begin ] --END-- [ RunTime:0.000000s ]
NOTIC: [2048] Declaration of Pc\Controller\IndexController::error() should be compatible with Think\Controller::error($message = '', $jumpUrl = '', $ajax = false) D:\xampp\htdocs\paoding_new\Application\Pc\Controller\IndexController.class.php 第 8 行.
INFO: [ action_begin ] --START--
INFO: Run Home\Behaviors\siteBehavior [ RunTime:0.000000s ]
INFO: [ action_begin ] --END-- [ RunTime:0.000000s ]
NOTIC: [8] Undefined index: code D:\xampp\htdocs\paoding_new\Application\Pc\Controller\IndexController.class.php 第 21 行.
NOTIC: [8] Undefined index: ifWeChatLogin D:\xampp\htdocs\paoding_new\Application\Pc\Controller\IndexController.class.php 第 23 行.
INFO: [ view_begin ] --START--
INFO: Run Home\Behaviors\testBehavior [ RunTime:0.000000s ]
INFO: [ view_begin ] --END-- [ RunTime:0.000000s ]
INFO: [ view_parse ] --START--
INFO: [ template_filter ] --START--
INFO: Run Behavior\ContentReplaceBehavior [ RunTime:0.000000s ]
INFO: [ template_filter ] --END-- [ RunTime:0.001000s ]
NOTIC: [8] Use of undefined constant Activity - assumed 'Activity' D:\xampp\htdocs\paoding_new\Application\Runtime\Cache\Pc\93c49ad67facdb6f997f1649493c88cf.php 第 22 行.
NOTIC: [8] Use of undefined constant Index - assumed 'Index' D:\xampp\htdocs\paoding_new\Application\Runtime\Cache\Pc\93c49ad67facdb6f997f1649493c88cf.php 第 25 行.
NOTIC: [8] Use of undefined constant index - assumed 'index' D:\xampp\htdocs\paoding_new\Application\Runtime\Cache\Pc\93c49ad67facdb6f997f1649493c88cf.php 第 25 行.
NOTIC: [8] Undefined variable: fatherId D:\xampp\htdocs\paoding_new\Application\Runtime\Cache\Pc\93c49ad67facdb6f997f1649493c88cf.php 第 392 行.
NOTIC: [8] Undefined variable: sonId D:\xampp\htdocs\paoding_new\Application\Runtime\Cache\Pc\93c49ad67facdb6f997f1649493c88cf.php 第 393 行.
NOTIC: [8] Use of undefined constant Index - assumed 'Index' D:\xampp\htdocs\paoding_new\Application\Runtime\Cache\Pc\93c49ad67facdb6f997f1649493c88cf.php 第 401 行.
INFO: Run Behavior\ParseTemplateBehavior [ RunTime:0.016001s ]
INFO: [ view_parse ] --END-- [ RunTime:0.017001s ]
INFO: [ view_filter ] --START--
INFO: Run Behavior\WriteHtmlCacheBehavior [ RunTime:0.001000s ]
INFO: Run Behavior\TokenBuildBehavior [ RunTime:0.001000s ]
INFO: [ view_filter ] --END-- [ RunTime:0.002000s ]
INFO: [ app_end ] --START--
INFO: Run Behavior\ShowPageTraceBehavior [ RunTime:0.001000s ]
INFO: [ app_end ] --END-- [ RunTime:0.001000s ]

[ 2017-10-24T14:37:55+08:00 ] 127.0.0.1 /index.php/Pc/Activity/data_list/channel/hd
INFO: [ app_init ] --START--
INFO: Run Behavior\BuildLiteBehavior [ RunTime:0.000000s ]
INFO: [ app_init ] --END-- [ RunTime:0.001000s ]
INFO: [ app_begin ] --START--
INFO: Run Behavior\ReadHtmlCacheBehavior [ RunTime:0.001001s ]
INFO: [ app_begin ] --END-- [ RunTime:0.001001s ]
INFO: [ action_begin ] --START--
INFO: Run Home\Behaviors\siteBehavior [ RunTime:0.001000s ]
INFO: [ action_begin ] --END-- [ RunTime:0.001000s ]
NOTIC: [8] Undefined index: code D:\xampp\htdocs\paoding_new\Application\Pc\Controller\ActivityController.class.php 第 30 行.
NOTIC: [8] Undefined index: ifWeChatLogin D:\xampp\htdocs\paoding_new\Application\Pc\Controller\ActivityController.class.php 第 32 行.
INFO: [ view_begin ] --START--
INFO: Run Home\Behaviors\testBehavior [ RunTime:0.000000s ]
INFO: [ view_begin ] --END-- [ RunTime:0.000000s ]
INFO: [ view_parse ] --START--
INFO: [ template_filter ] --START--
INFO: Run Behavior\ContentReplaceBehavior [ RunTime:0.000000s ]
INFO: [ template_filter ] --END-- [ RunTime:0.000000s ]
NOTIC: [8] Use of undefined constant Index - assumed 'Index' D:\xampp\htdocs\paoding_new\Application\Runtime\Cache\Pc\b6d63c3386f1568269ac827c6af2e852.php 第 20 行.
NOTIC: [8] Undefined variable: page D:\xampp\htdocs\paoding_new\Application\Runtime\Cache\Pc\b6d63c3386f1568269ac827c6af2e852.php 第 143 行.
NOTIC: [8] Undefined variable: fatherId D:\xampp\htdocs\paoding_new\Application\Runtime\Cache\Pc\b6d63c3386f1568269ac827c6af2e852.php 第 251 行.
NOTIC: [8] Undefined variable: sonId D:\xampp\htdocs\paoding_new\Application\Runtime\Cache\Pc\b6d63c3386f1568269ac827c6af2e852.php 第 252 行.
INFO: Run Behavior\ParseTemplateBehavior [ RunTime:0.013001s ]
INFO: [ view_parse ] --END-- [ RunTime:0.013001s ]
INFO: [ view_filter ] --START--
INFO: Run Behavior\WriteHtmlCacheBehavior [ RunTime:0.000000s ]
INFO: Run Behavior\TokenBuildBehavior [ RunTime:0.001000s ]
INFO: [ view_filter ] --END-- [ RunTime:0.001000s ]
INFO: [ app_end ] --START--
INFO: Run Behavior\ShowPageTraceBehavior [ RunTime:0.001000s ]
INFO: [ app_end ] --END-- [ RunTime:0.001000s ]

[ 2017-10-24T14:48:14+08:00 ] 127.0.0.1 /index.php/Pc/Activity/detail/channel/hd/type/1/data_id/5
INFO: [ app_init ] --START--
INFO: Run Behavior\BuildLiteBehavior [ RunTime:0.000000s ]
INFO: [ app_init ] --END-- [ RunTime:0.000000s ]
INFO: [ app_begin ] --START--
INFO: Run Behavior\ReadHtmlCacheBehavior [ RunTime:0.001000s ]
INFO: [ app_begin ] --END-- [ RunTime:0.001000s ]
INFO: [ action_begin ] --START--
INFO: Run Home\Behaviors\siteBehavior [ RunTime:0.001000s ]
INFO: [ action_begin ] --END-- [ RunTime:0.001000s ]
NOTIC: [8] Undefined index: userArr D:\xampp\htdocs\paoding_new\Application\Pc\Controller\ActivityController.class.php 第 43 行.
NOTIC: [8] Undefined index: code D:\xampp\htdocs\paoding_new\Application\Pc\Controller\ActivityController.class.php 第 47 行.
NOTIC: [8] Undefined index: ifWeChatLogin D:\xampp\htdocs\paoding_new\Application\Pc\Controller\ActivityController.class.php 第 49 行.
INFO: [ view_begin ] --START--
INFO: Run Home\Behaviors\testBehavior [ RunTime:0.001000s ]
INFO: [ view_begin ] --END-- [ RunTime:0.001000s ]
INFO: [ view_parse ] --START--
INFO: [ template_filter ] --START--
INFO: Run Behavior\ContentReplaceBehavior [ RunTime:0.000000s ]
INFO: [ template_filter ] --END-- [ RunTime:0.000000s ]
NOTIC: [8] Use of undefined constant Activity - assumed 'Activity' D:\xampp\htdocs\paoding_new\Application\Runtime\Cache\Pc\759433b7a0befa3fa6b02e4be8ca92f1.php 第 17 行.
NOTIC: [8] Use of undefined constant Index - assumed 'Index' D:\xampp\htdocs\paoding_new\Application\Runtime\Cache\Pc\759433b7a0befa3fa6b02e4be8ca92f1.php 第 20 行.
NOTIC: [8] Use of undefined constant Index - assumed 'Index' D:\xampp\htdocs\paoding_new\Application\Runtime\Cache\Pc\759433b7a0befa3fa6b02e4be8ca92f1.php 第 232 行.
NOTIC: [8] Use of undefined constant Science - assumed 'Science' D:\xampp\htdocs\paoding_new\Application\Runtime\Cache\Pc\759433b7a0befa3fa6b02e4be8ca92f1.php 第 232 行.
NOTIC: [8] Use of undefined constant Task - assumed 'Task' D:\xampp\htdocs\paoding_new\Application\Runtime\Cache\Pc\759433b7a0befa3fa6b02e4be8ca92f1.php 第 233 行.
INFO: Run Behavior\ParseTemplateBehavior [ RunTime:0.014001s ]
INFO: [ view_parse ] --END-- [ RunTime:0.014001s ]
INFO: [ view_filter ] --START--
INFO: Run Behavior\WriteHtmlCacheBehavior [ RunTime:0.001000s ]
INFO: Run Behavior\TokenBuildBehavior [ RunTime:0.001000s ]
INFO: [ view_filter ] --END-- [ RunTime:0.002000s ]
INFO: [ app_end ] --START--
INFO: Run Behavior\ShowPageTraceBehavior [ RunTime:0.001000s ]
INFO: [ app_end ] --END-- [ RunTime:0.001000s ]

[ 2017-10-24T15:47:11+08:00 ] 127.0.0.1 /
INFO: [ app_init ] --START--
INFO: Run Behavior\BuildLiteBehavior [ RunTime:0.000000s ]
INFO: [ app_init ] --END-- [ RunTime:0.001000s ]
INFO: [ app_begin ] --START--
INFO: Run Behavior\ReadHtmlCacheBehavior [ RunTime:0.000000s ]
INFO: [ app_begin ] --END-- [ RunTime:0.000000s ]
NOTIC: [2048] Declaration of Pc\Controller\IndexController::error() should be compatible with Think\Controller::error($message = '', $jumpUrl = '', $ajax = false) D:\xampp\htdocs\paoding_new\Application\Pc\Controller\IndexController.class.php 第 8 行.
INFO: [ action_begin ] --START--
INFO: Run Home\Behaviors\siteBehavior [ RunTime:0.001000s ]
INFO: [ action_begin ] --END-- [ RunTime:0.001000s ]
NOTIC: [8] Undefined index: code D:\xampp\htdocs\paoding_new\Application\Pc\Controller\IndexController.class.php 第 21 行.
NOTIC: [8] Undefined index: ifWeChatLogin D:\xampp\htdocs\paoding_new\Application\Pc\Controller\IndexController.class.php 第 23 行.
INFO: [ view_begin ] --START--
INFO: Run Home\Behaviors\testBehavior [ RunTime:0.001000s ]
INFO: [ view_begin ] --END-- [ RunTime:0.001000s ]
INFO: [ view_parse ] --START--
INFO: [ template_filter ] --START--
INFO: Run Behavior\ContentReplaceBehavior [ RunTime:0.001000s ]
INFO: [ template_filter ] --END-- [ RunTime:0.001000s ]
NOTIC: [8] Use of undefined constant Activity - assumed 'Activity' D:\xampp\htdocs\paoding_new\Application\Runtime\Cache\Pc\93c49ad67facdb6f997f1649493c88cf.php 第 22 行.
NOTIC: [8] Use of undefined constant Index - assumed 'Index' D:\xampp\htdocs\paoding_new\Application\Runtime\Cache\Pc\93c49ad67facdb6f997f1649493c88cf.php 第 25 行.
NOTIC: [8] Use of undefined constant index - assumed 'index' D:\xampp\htdocs\paoding_new\Application\Runtime\Cache\Pc\93c49ad67facdb6f997f1649493c88cf.php 第 25 行.
NOTIC: [8] Undefined variable: fatherId D:\xampp\htdocs\paoding_new\Application\Runtime\Cache\Pc\93c49ad67facdb6f997f1649493c88cf.php 第 392 行.
NOTIC: [8] Undefined variable: sonId D:\xampp\htdocs\paoding_new\Application\Runtime\Cache\Pc\93c49ad67facdb6f997f1649493c88cf.php 第 393 行.
NOTIC: [8] Use of undefined constant Index - assumed 'Index' D:\xampp\htdocs\paoding_new\Application\Runtime\Cache\Pc\93c49ad67facdb6f997f1649493c88cf.php 第 401 行.
INFO: Run Behavior\ParseTemplateBehavior [ RunTime:0.016001s ]
INFO: [ view_parse ] --END-- [ RunTime:0.016001s ]
INFO: [ view_filter ] --START--
INFO: Run Behavior\WriteHtmlCacheBehavior [ RunTime:0.001000s ]
INFO: Run Behavior\TokenBuildBehavior [ RunTime:0.002000s ]
INFO: [ view_filter ] --END-- [ RunTime:0.003000s ]
INFO: [ app_end ] --START--
INFO: Run Behavior\ShowPageTraceBehavior [ RunTime:0.000000s ]
INFO: [ app_end ] --END-- [ RunTime:0.000000s ]

[ 2017-10-24T15:50:53+08:00 ] 127.0.0.1 /
INFO: [ app_init ] --START--
INFO: Run Behavior\BuildLiteBehavior [ RunTime:0.000000s ]
INFO: [ app_init ] --END-- [ RunTime:0.000000s ]
INFO: [ app_begin ] --START--
INFO: Run Behavior\ReadHtmlCacheBehavior [ RunTime:0.001000s ]
INFO: [ app_begin ] --END-- [ RunTime:0.001000s ]
NOTIC: [2048] Declaration of Pc\Controller\IndexController::error() should be compatible with Think\Controller::error($message = '', $jumpUrl = '', $ajax = false) D:\xampp\htdocs\paoding_new\Application\Pc\Controller\IndexController.class.php 第 8 行.
INFO: [ action_begin ] --START--
INFO: Run Home\Behaviors\siteBehavior [ RunTime:0.000000s ]
INFO: [ action_begin ] --END-- [ RunTime:0.000000s ]
NOTIC: [8] Undefined index: code D:\xampp\htdocs\paoding_new\Application\Pc\Controller\IndexController.class.php 第 21 行.
NOTIC: [8] Undefined index: ifWeChatLogin D:\xampp\htdocs\paoding_new\Application\Pc\Controller\IndexController.class.php 第 23 行.
INFO: [ view_begin ] --START--
INFO: Run Home\Behaviors\testBehavior [ RunTime:0.000000s ]
INFO: [ view_begin ] --END-- [ RunTime:0.000000s ]
INFO: [ view_parse ] --START--
INFO: [ template_filter ] --START--
INFO: Run Behavior\ContentReplaceBehavior [ RunTime:0.000000s ]
INFO: [ template_filter ] --END-- [ RunTime:0.001000s ]
NOTIC: [8] Use of undefined constant Activity - assumed 'Activity' D:\xampp\htdocs\paoding_new\Application\Runtime\Cache\Pc\93c49ad67facdb6f997f1649493c88cf.php 第 22 行.
NOTIC: [8] Use of undefined constant Index - assumed 'Index' D:\xampp\htdocs\paoding_new\Application\Runtime\Cache\Pc\93c49ad67facdb6f997f1649493c88cf.php 第 25 行.
NOTIC: [8] Use of undefined constant index - assumed 'index' D:\xampp\htdocs\paoding_new\Application\Runtime\Cache\Pc\93c49ad67facdb6f997f1649493c88cf.php 第 25 行.
NOTIC: [8] Undefined variable: fatherId D:\xampp\htdocs\paoding_new\Application\Runtime\Cache\Pc\93c49ad67facdb6f997f1649493c88cf.php 第 392 行.
NOTIC: [8] Undefined variable: sonId D:\xampp\htdocs\paoding_new\Application\Runtime\Cache\Pc\93c49ad67facdb6f997f1649493c88cf.php 第 393 行.
NOTIC: [8] Use of undefined constant Index - assumed 'Index' D:\xampp\htdocs\paoding_new\Application\Runtime\Cache\Pc\93c49ad67facdb6f997f1649493c88cf.php 第 401 行.
INFO: Run Behavior\ParseTemplateBehavior [ RunTime:0.016001s ]
INFO: [ view_parse ] --END-- [ RunTime:0.016001s ]
INFO: [ view_filter ] --START--
INFO: Run Behavior\WriteHtmlCacheBehavior [ RunTime:0.001000s ]
INFO: Run Behavior\TokenBuildBehavior [ RunTime:0.001000s ]
INFO: [ view_filter ] --END-- [ RunTime:0.002000s ]
INFO: [ app_end ] --START--
INFO: Run Behavior\ShowPageTraceBehavior [ RunTime:0.001000s ]
INFO: [ app_end ] --END-- [ RunTime:0.001000s ]

[ 2017-10-24T16:34:40+08:00 ] 127.0.0.1 /index.php/Pc/Activity/data_list/channel/hd
INFO: [ app_init ] --START--
INFO: Run Behavior\BuildLiteBehavior [ RunTime:0.000000s ]
INFO: [ app_init ] --END-- [ RunTime:0.001000s ]
INFO: [ app_begin ] --START--
INFO: Run Behavior\ReadHtmlCacheBehavior [ RunTime:0.000000s ]
INFO: [ app_begin ] --END-- [ RunTime:0.000000s ]
INFO: [ action_begin ] --START--
INFO: Run Home\Behaviors\siteBehavior [ RunTime:0.001000s ]
INFO: [ action_begin ] --END-- [ RunTime:0.001000s ]
NOTIC: [8] Undefined index: code D:\xampp\htdocs\paoding_new\Application\Pc\Controller\ActivityController.class.php 第 30 行.
NOTIC: [8] Undefined index: ifWeChatLogin D:\xampp\htdocs\paoding_new\Application\Pc\Controller\ActivityController.class.php 第 32 行.
INFO: [ view_begin ] --START--
INFO: Run Home\Behaviors\testBehavior [ RunTime:0.001000s ]
INFO: [ view_begin ] --END-- [ RunTime:0.001000s ]
INFO: [ view_parse ] --START--
INFO: [ template_filter ] --START--
INFO: Run Behavior\ContentReplaceBehavior [ RunTime:0.000000s ]
INFO: [ template_filter ] --END-- [ RunTime:0.000000s ]
NOTIC: [8] Use of undefined constant Index - assumed 'Index' D:\xampp\htdocs\paoding_new\Application\Runtime\Cache\Pc\b6d63c3386f1568269ac827c6af2e852.php 第 20 行.
NOTIC: [8] Undefined variable: page D:\xampp\htdocs\paoding_new\Application\Runtime\Cache\Pc\b6d63c3386f1568269ac827c6af2e852.php 第 143 行.
NOTIC: [8] Undefined variable: fatherId D:\xampp\htdocs\paoding_new\Application\Runtime\Cache\Pc\b6d63c3386f1568269ac827c6af2e852.php 第 251 行.
NOTIC: [8] Undefined variable: sonId D:\xampp\htdocs\paoding_new\Application\Runtime\Cache\Pc\b6d63c3386f1568269ac827c6af2e852.php 第 252 行.
INFO: Run Behavior\ParseTemplateBehavior [ RunTime:0.013001s ]
INFO: [ view_parse ] --END-- [ RunTime:0.013001s ]
INFO: [ view_filter ] --START--
INFO: Run Behavior\WriteHtmlCacheBehavior [ RunTime:0.000000s ]
INFO: Run Behavior\TokenBuildBehavior [ RunTime:0.002000s ]
INFO: [ view_filter ] --END-- [ RunTime:0.002000s ]
INFO: [ app_end ] --START--
INFO: Run Behavior\ShowPageTraceBehavior [ RunTime:0.001000s ]
INFO: [ app_end ] --END-- [ RunTime:0.001000s ]

[ 2017-10-24T16:34:43+08:00 ] 127.0.0.1 /index.php/Pc/Activity/detail/channel/hd/type/1/data_id/5
INFO: [ app_init ] --START--
INFO: Run Behavior\BuildLiteBehavior [ RunTime:0.000000s ]
INFO: [ app_init ] --END-- [ RunTime:0.001000s ]
INFO: [ app_begin ] --START--
INFO: Run Behavior\ReadHtmlCacheBehavior [ RunTime:0.001000s ]
INFO: [ app_begin ] --END-- [ RunTime:0.001000s ]
INFO: [ action_begin ] --START--
INFO: Run Home\Behaviors\siteBehavior [ RunTime:0.001000s ]
INFO: [ action_begin ] --END-- [ RunTime:0.001000s ]
NOTIC: [8] Undefined index: userArr D:\xampp\htdocs\paoding_new\Application\Pc\Controller\ActivityController.class.php 第 43 行.
NOTIC: [8] Undefined index: code D:\xampp\htdocs\paoding_new\Application\Pc\Controller\ActivityController.class.php 第 47 行.
NOTIC: [8] Undefined index: ifWeChatLogin D:\xampp\htdocs\paoding_new\Application\Pc\Controller\ActivityController.class.php 第 49 行.
INFO: [ view_begin ] --START--
INFO: Run Home\Behaviors\testBehavior [ RunTime:0.001000s ]
INFO: [ view_begin ] --END-- [ RunTime:0.001000s ]
INFO: [ view_parse ] --START--
INFO: [ template_filter ] --START--
INFO: Run Behavior\ContentReplaceBehavior [ RunTime:0.000000s ]
INFO: [ template_filter ] --END-- [ RunTime:0.000000s ]
NOTIC: [8] Use of undefined constant Activity - assumed 'Activity' D:\xampp\htdocs\paoding_new\Application\Runtime\Cache\Pc\759433b7a0befa3fa6b02e4be8ca92f1.php 第 17 行.
NOTIC: [8] Use of undefined constant Index - assumed 'Index' D:\xampp\htdocs\paoding_new\Application\Runtime\Cache\Pc\759433b7a0befa3fa6b02e4be8ca92f1.php 第 20 行.
NOTIC: [8] Use of undefined constant Index - assumed 'Index' D:\xampp\htdocs\paoding_new\Application\Runtime\Cache\Pc\759433b7a0befa3fa6b02e4be8ca92f1.php 第 232 行.
NOTIC: [8] Use of undefined constant Science - assumed 'Science' D:\xampp\htdocs\paoding_new\Application\Runtime\Cache\Pc\759433b7a0befa3fa6b02e4be8ca92f1.php 第 232 行.
NOTIC: [8] Use of undefined constant Task - assumed 'Task' D:\xampp\htdocs\paoding_new\Application\Runtime\Cache\Pc\759433b7a0befa3fa6b02e4be8ca92f1.php 第 233 行.
INFO: Run Behavior\ParseTemplateBehavior [ RunTime:0.014000s ]
INFO: [ view_parse ] --END-- [ RunTime:0.014000s ]
INFO: [ view_filter ] --START--
INFO: Run Behavior\WriteHtmlCacheBehavior [ RunTime:0.000000s ]
INFO: Run Behavior\TokenBuildBehavior [ RunTime:0.001000s ]
INFO: [ view_filter ] --END-- [ RunTime:0.001000s ]
INFO: [ app_end ] --START--
INFO: Run Behavior\ShowPageTraceBehavior [ RunTime:0.001001s ]
INFO: [ app_end ] --END-- [ RunTime:0.001001s ]

[ 2017-10-24T16:35:11+08:00 ] 127.0.0.1 /index.php/Pc/Activity/data_list/channel/hd
INFO: [ app_init ] --START--
INFO: Run Behavior\BuildLiteBehavior [ RunTime:0.000000s ]
INFO: [ app_init ] --END-- [ RunTime:0.001000s ]
INFO: [ app_begin ] --START--
INFO: Run Behavior\ReadHtmlCacheBehavior [ RunTime:0.001001s ]
INFO: [ app_begin ] --END-- [ RunTime:0.001001s ]
INFO: [ action_begin ] --START--
INFO: Run Home\Behaviors\siteBehavior [ RunTime:0.001000s ]
INFO: [ action_begin ] --END-- [ RunTime:0.001000s ]
NOTIC: [8] Undefined index: code D:\xampp\htdocs\paoding_new\Application\Pc\Controller\ActivityController.class.php 第 30 行.
NOTIC: [8] Undefined index: ifWeChatLogin D:\xampp\htdocs\paoding_new\Application\Pc\Controller\ActivityController.class.php 第 32 行.
INFO: [ view_begin ] --START--
INFO: Run Home\Behaviors\testBehavior [ RunTime:0.001000s ]
INFO: [ view_begin ] --END-- [ RunTime:0.001000s ]
INFO: [ view_parse ] --START--
INFO: [ template_filter ] --START--
INFO: Run Behavior\ContentReplaceBehavior [ RunTime:0.000000s ]
INFO: [ template_filter ] --END-- [ RunTime:0.000000s ]
NOTIC: [8] Use of undefined constant Index - assumed 'Index' D:\xampp\htdocs\paoding_new\Application\Runtime\Cache\Pc\b6d63c3386f1568269ac827c6af2e852.php 第 20 行.
NOTIC: [8] Undefined variable: page D:\xampp\htdocs\paoding_new\Application\Runtime\Cache\Pc\b6d63c3386f1568269ac827c6af2e852.php 第 143 行.
NOTIC: [8] Undefined variable: fatherId D:\xampp\htdocs\paoding_new\Application\Runtime\Cache\Pc\b6d63c3386f1568269ac827c6af2e852.php 第 251 行.
NOTIC: [8] Undefined variable: sonId D:\xampp\htdocs\paoding_new\Application\Runtime\Cache\Pc\b6d63c3386f1568269ac827c6af2e852.php 第 252 行.
INFO: Run Behavior\ParseTemplateBehavior [ RunTime:0.015001s ]
INFO: [ view_parse ] --END-- [ RunTime:0.015001s ]
INFO: [ view_filter ] --START--
INFO: Run Behavior\WriteHtmlCacheBehavior [ RunTime:0.001000s ]
INFO: Run Behavior\TokenBuildBehavior [ RunTime:0.002000s ]
INFO: [ view_filter ] --END-- [ RunTime:0.003000s ]
INFO: [ app_end ] --START--
INFO: Run Behavior\ShowPageTraceBehavior [ RunTime:0.001000s ]
INFO: [ app_end ] --END-- [ RunTime:0.001000s ]

[ 2017-10-24T16:35:14+08:00 ] 127.0.0.1 /index.php/Pc/Activity/detail/channel/hd/type/1/data_id/7
INFO: [ app_init ] --START--
INFO: Run Behavior\BuildLiteBehavior [ RunTime:0.000000s ]
INFO: [ app_init ] --END-- [ RunTime:0.001000s ]
INFO: [ app_begin ] --START--
INFO: Run Behavior\ReadHtmlCacheBehavior [ RunTime:0.001000s ]
INFO: [ app_begin ] --END-- [ RunTime:0.001000s ]
INFO: [ action_begin ] --START--
INFO: Run Home\Behaviors\siteBehavior [ RunTime:0.001000s ]
INFO: [ action_begin ] --END-- [ RunTime:0.001000s ]
NOTIC: [8] Undefined index: userArr D:\xampp\htdocs\paoding_new\Application\Pc\Controller\ActivityController.class.php 第 43 行.
NOTIC: [8] Undefined index: code D:\xampp\htdocs\paoding_new\Application\Pc\Controller\ActivityController.class.php 第 47 行.
NOTIC: [8] Undefined index: ifWeChatLogin D:\xampp\htdocs\paoding_new\Application\Pc\Controller\ActivityController.class.php 第 49 行.
INFO: [ view_begin ] --START--
INFO: Run Home\Behaviors\testBehavior [ RunTime:0.001000s ]
INFO: [ view_begin ] --END-- [ RunTime:0.001000s ]
INFO: [ view_parse ] --START--
INFO: [ template_filter ] --START--
INFO: Run Behavior\ContentReplaceBehavior [ RunTime:0.000000s ]
INFO: [ template_filter ] --END-- [ RunTime:0.000000s ]
NOTIC: [8] Use of undefined constant Activity - assumed 'Activity' D:\xampp\htdocs\paoding_new\Application\Runtime\Cache\Pc\759433b7a0befa3fa6b02e4be8ca92f1.php 第 17 行.
NOTIC: [8] Use of undefined constant Index - assumed 'Index' D:\xampp\htdocs\paoding_new\Application\Runtime\Cache\Pc\759433b7a0befa3fa6b02e4be8ca92f1.php 第 20 行.
NOTIC: [8] Use of undefined constant Index - assumed 'Index' D:\xampp\htdocs\paoding_new\Application\Runtime\Cache\Pc\759433b7a0befa3fa6b02e4be8ca92f1.php 第 232 行.
NOTIC: [8] Use of undefined constant Science - assumed 'Science' D:\xampp\htdocs\paoding_new\Application\Runtime\Cache\Pc\759433b7a0befa3fa6b02e4be8ca92f1.php 第 232 行.
NOTIC: [8] Use of undefined constant Task - assumed 'Task' D:\xampp\htdocs\paoding_new\Application\Runtime\Cache\Pc\759433b7a0befa3fa6b02e4be8ca92f1.php 第 233 行.
INFO: Run Behavior\ParseTemplateBehavior [ RunTime:0.015001s ]
INFO: [ view_parse ] --END-- [ RunTime:0.015001s ]
INFO: [ view_filter ] --START--
INFO: Run Behavior\WriteHtmlCacheBehavior [ RunTime:0.000000s ]
INFO: Run Behavior\TokenBuildBehavior [ RunTime:0.001000s ]
INFO: [ view_filter ] --END-- [ RunTime:0.001000s ]
INFO: [ app_end ] --START--
INFO: Run Behavior\ShowPageTraceBehavior [ RunTime:0.001000s ]
INFO: [ app_end ] --END-- [ RunTime:0.001000s ]

[ 2017-10-24T17:00:03+08:00 ] 127.0.0.1 /index.php/Pc/Activity/detail/channel/hd/type/1/data_id/7
INFO: [ app_init ] --START--
INFO: Run Behavior\BuildLiteBehavior [ RunTime:0.000000s ]
INFO: [ app_init ] --END-- [ RunTime:0.000000s ]
INFO: [ app_begin ] --START--
INFO: Run Behavior\ReadHtmlCacheBehavior [ RunTime:0.001001s ]
INFO: [ app_begin ] --END-- [ RunTime:0.001001s ]
INFO: [ action_begin ] --START--
INFO: Run Home\Behaviors\siteBehavior [ RunTime:0.002000s ]
INFO: [ action_begin ] --END-- [ RunTime:0.002000s ]
NOTIC: [8] Undefined index: userArr D:\xampp\htdocs\paoding_new\Application\Pc\Controller\ActivityController.class.php 第 43 行.
NOTIC: [8] Undefined index: code D:\xampp\htdocs\paoding_new\Application\Pc\Controller\ActivityController.class.php 第 47 行.
NOTIC: [8] Undefined index: ifWeChatLogin D:\xampp\htdocs\paoding_new\Application\Pc\Controller\ActivityController.class.php 第 49 行.
INFO: [ view_begin ] --START--
INFO: Run Home\Behaviors\testBehavior [ RunTime:0.001000s ]
INFO: [ view_begin ] --END-- [ RunTime:0.001000s ]
INFO: [ view_parse ] --START--
INFO: [ template_filter ] --START--
INFO: Run Behavior\ContentReplaceBehavior [ RunTime:0.000000s ]
INFO: [ template_filter ] --END-- [ RunTime:0.000000s ]
NOTIC: [8] Use of undefined constant Activity - assumed 'Activity' D:\xampp\htdocs\paoding_new\Application\Runtime\Cache\Pc\759433b7a0befa3fa6b02e4be8ca92f1.php 第 17 行.
NOTIC: [8] Use of undefined constant Index - assumed 'Index' D:\xampp\htdocs\paoding_new\Application\Runtime\Cache\Pc\759433b7a0befa3fa6b02e4be8ca92f1.php 第 20 行.
NOTIC: [8] Use of undefined constant Index - assumed 'Index' D:\xampp\htdocs\paoding_new\Application\Runtime\Cache\Pc\759433b7a0befa3fa6b02e4be8ca92f1.php 第 232 行.
NOTIC: [8] Use of undefined constant Science - assumed 'Science' D:\xampp\htdocs\paoding_new\Application\Runtime\Cache\Pc\759433b7a0befa3fa6b02e4be8ca92f1.php 第 232 行.
NOTIC: [8] Use of undefined constant Task - assumed 'Task' D:\xampp\htdocs\paoding_new\Application\Runtime\Cache\Pc\759433b7a0befa3fa6b02e4be8ca92f1.php 第 233 行.
INFO: Run Behavior\ParseTemplateBehavior [ RunTime:0.016001s ]
INFO: [ view_parse ] --END-- [ RunTime:0.016001s ]
INFO: [ view_filter ] --START--
INFO: Run Behavior\WriteHtmlCacheBehavior [ RunTime:0.001000s ]
INFO: Run Behavior\TokenBuildBehavior [ RunTime:0.001000s ]
INFO: [ view_filter ] --END-- [ RunTime:0.002000s ]
INFO: [ app_end ] --START--
INFO: Run Behavior\ShowPageTraceBehavior [ RunTime:0.001000s ]
INFO: [ app_end ] --END-- [ RunTime:0.001000s ]

[ 2017-10-24T17:00:06+08:00 ] 127.0.0.1 /index.php/Pc/Activity/detail/channel/hd/type/1/data_id/7
INFO: [ app_init ] --START--
INFO: Run Behavior\BuildLiteBehavior [ RunTime:0.000000s ]
INFO: [ app_init ] --END-- [ RunTime:0.000000s ]
INFO: [ app_begin ] --START--
INFO: Run Behavior\ReadHtmlCacheBehavior [ RunTime:0.000000s ]
INFO: [ app_begin ] --END-- [ RunTime:0.000000s ]
INFO: [ action_begin ] --START--
INFO: Run Home\Behaviors\siteBehavior [ RunTime:0.001001s ]
INFO: [ action_begin ] --END-- [ RunTime:0.001001s ]
NOTIC: [8] Undefined index: userArr D:\xampp\htdocs\paoding_new\Application\Pc\Controller\ActivityController.class.php 第 43 行.
NOTIC: [8] Undefined index: code D:\xampp\htdocs\paoding_new\Application\Pc\Controller\ActivityController.class.php 第 47 行.
NOTIC: [8] Undefined index: ifWeChatLogin D:\xampp\htdocs\paoding_new\Application\Pc\Controller\ActivityController.class.php 第 49 行.
INFO: [ view_begin ] --START--
INFO: Run Home\Behaviors\testBehavior [ RunTime:0.001000s ]
INFO: [ view_begin ] --END-- [ RunTime:0.001000s ]
INFO: [ view_parse ] --START--
INFO: [ template_filter ] --START--
INFO: Run Behavior\ContentReplaceBehavior [ RunTime:0.001000s ]
INFO: [ template_filter ] --END-- [ RunTime:0.001000s ]
NOTIC: [8] Use of undefined constant Activity - assumed 'Activity' D:\xampp\htdocs\paoding_new\Application\Runtime\Cache\Pc\759433b7a0befa3fa6b02e4be8ca92f1.php 第 17 行.
NOTIC: [8] Use of undefined constant Index - assumed 'Index' D:\xampp\htdocs\paoding_new\Application\Runtime\Cache\Pc\759433b7a0befa3fa6b02e4be8ca92f1.php 第 20 行.
NOTIC: [8] Use of undefined constant Index - assumed 'Index' D:\xampp\htdocs\paoding_new\Application\Runtime\Cache\Pc\759433b7a0befa3fa6b02e4be8ca92f1.php 第 232 行.
NOTIC: [8] Use of undefined constant Science - assumed 'Science' D:\xampp\htdocs\paoding_new\Application\Runtime\Cache\Pc\759433b7a0befa3fa6b02e4be8ca92f1.php 第 232 行.
NOTIC: [8] Use of undefined constant Task - assumed 'Task' D:\xampp\htdocs\paoding_new\Application\Runtime\Cache\Pc\759433b7a0befa3fa6b02e4be8ca92f1.php 第 233 行.
INFO: Run Behavior\ParseTemplateBehavior [ RunTime:0.013001s ]
INFO: [ view_parse ] --END-- [ RunTime:0.014001s ]
INFO: [ view_filter ] --START--
INFO: Run Behavior\WriteHtmlCacheBehavior [ RunTime:0.000000s ]
INFO: Run Behavior\TokenBuildBehavior [ RunTime:0.001000s ]
INFO: [ view_filter ] --END-- [ RunTime:0.002000s ]
INFO: [ app_end ] --START--
INFO: Run Behavior\ShowPageTraceBehavior [ RunTime:0.001000s ]
INFO: [ app_end ] --END-- [ RunTime:0.001000s ]

[ 2017-10-24T17:00:20+08:00 ] 127.0.0.1 /index.php/Pc/Activity/detail/channel/hd/type/1/data_id/7
INFO: [ app_init ] --START--
INFO: Run Behavior\BuildLiteBehavior [ RunTime:0.000000s ]
INFO: [ app_init ] --END-- [ RunTime:0.001000s ]
INFO: [ app_begin ] --START--
INFO: Run Behavior\ReadHtmlCacheBehavior [ RunTime:0.001000s ]
INFO: [ app_begin ] --END-- [ RunTime:0.001000s ]
INFO: [ action_begin ] --START--
INFO: Run Home\Behaviors\siteBehavior [ RunTime:0.000000s ]
INFO: [ action_begin ] --END-- [ RunTime:0.001000s ]
NOTIC: [8] Undefined index: userArr D:\xampp\htdocs\paoding_new\Application\Pc\Controller\ActivityController.class.php 第 43 行.
NOTIC: [8] Undefined index: code D:\xampp\htdocs\paoding_new\Application\Pc\Controller\ActivityController.class.php 第 47 行.
NOTIC: [8] Undefined index: ifWeChatLogin D:\xampp\htdocs\paoding_new\Application\Pc\Controller\ActivityController.class.php 第 49 行.
INFO: [ view_begin ] --START--
INFO: Run Home\Behaviors\testBehavior [ RunTime:0.001000s ]
INFO: [ view_begin ] --END-- [ RunTime:0.001000s ]
INFO: [ view_parse ] --START--
INFO: [ template_filter ] --START--
INFO: Run Behavior\ContentReplaceBehavior [ RunTime:0.000000s ]
INFO: [ template_filter ] --END-- [ RunTime:0.000000s ]
NOTIC: [8] Use of undefined constant Activity - assumed 'Activity' D:\xampp\htdocs\paoding_new\Application\Runtime\Cache\Pc\759433b7a0befa3fa6b02e4be8ca92f1.php 第 17 行.
NOTIC: [8] Use of undefined constant Index - assumed 'Index' D:\xampp\htdocs\paoding_new\Application\Runtime\Cache\Pc\759433b7a0befa3fa6b02e4be8ca92f1.php 第 20 行.
NOTIC: [8] Use of undefined constant Index - assumed 'Index' D:\xampp\htdocs\paoding_new\Application\Runtime\Cache\Pc\759433b7a0befa3fa6b02e4be8ca92f1.php 第 232 行.
NOTIC: [8] Use of undefined constant Science - assumed 'Science' D:\xampp\htdocs\paoding_new\Application\Runtime\Cache\Pc\759433b7a0befa3fa6b02e4be8ca92f1.php 第 232 行.
NOTIC: [8] Use of undefined constant Task - assumed 'Task' D:\xampp\htdocs\paoding_new\Application\Runtime\Cache\Pc\759433b7a0befa3fa6b02e4be8ca92f1.php 第 233 行.
INFO: Run Behavior\ParseTemplateBehavior [ RunTime:0.013000s ]
INFO: [ view_parse ] --END-- [ RunTime:0.013000s ]
INFO: [ view_filter ] --START--
INFO: Run Behavior\WriteHtmlCacheBehavior [ RunTime:0.001001s ]
INFO: Run Behavior\TokenBuildBehavior [ RunTime:0.001000s ]
INFO: [ view_filter ] --END-- [ RunTime:0.002001s ]
INFO: [ app_end ] --START--
INFO: Run Behavior\ShowPageTraceBehavior [ RunTime:0.001000s ]
INFO: [ app_end ] --END-- [ RunTime:0.001000s ]

[ 2017-10-24T17:00:21+08:00 ] 127.0.0.1 /index.php/Pc/Activity/detail/channel/hd/type/1/data_id/7
INFO: [ app_init ] --START--
INFO: Run Behavior\BuildLiteBehavior [ RunTime:0.000000s ]
INFO: [ app_init ] --END-- [ RunTime:0.001000s ]
INFO: [ app_begin ] --START--
INFO: Run Behavior\ReadHtmlCacheBehavior [ RunTime:0.001000s ]
INFO: [ app_begin ] --END-- [ RunTime:0.001000s ]
INFO: [ action_begin ] --START--
INFO: Run Home\Behaviors\siteBehavior [ RunTime:0.002000s ]
INFO: [ action_begin ] --END-- [ RunTime:0.002000s ]
NOTIC: [8] Undefined index: userArr D:\xampp\htdocs\paoding_new\Application\Pc\Controller\ActivityController.class.php 第 43 行.
NOTIC: [8] Undefined index: code D:\xampp\htdocs\paoding_new\Application\Pc\Controller\ActivityController.class.php 第 47 行.
NOTIC: [8] Undefined index: ifWeChatLogin D:\xampp\htdocs\paoding_new\Application\Pc\Controller\ActivityController.class.php 第 49 行.
INFO: [ view_begin ] --START--
INFO: Run Home\Behaviors\testBehavior [ RunTime:0.001000s ]
INFO: [ view_begin ] --END-- [ RunTime:0.001000s ]
INFO: [ view_parse ] --START--
INFO: [ template_filter ] --START--
INFO: Run Behavior\ContentReplaceBehavior [ RunTime:0.000000s ]
INFO: [ template_filter ] --END-- [ RunTime:0.000000s ]
NOTIC: [8] Use of undefined constant Activity - assumed 'Activity' D:\xampp\htdocs\paoding_new\Application\Runtime\Cache\Pc\759433b7a0befa3fa6b02e4be8ca92f1.php 第 17 行.
NOTIC: [8] Use of undefined constant Index - assumed 'Index' D:\xampp\htdocs\paoding_new\Application\Runtime\Cache\Pc\759433b7a0befa3fa6b02e4be8ca92f1.php 第 20 行.
NOTIC: [8] Use of undefined constant Index - assumed 'Index' D:\xampp\htdocs\paoding_new\Application\Runtime\Cache\Pc\759433b7a0befa3fa6b02e4be8ca92f1.php 第 232 行.
NOTIC: [8] Use of undefined constant Science - assumed 'Science' D:\xampp\htdocs\paoding_new\Application\Runtime\Cache\Pc\759433b7a0befa3fa6b02e4be8ca92f1.php 第 232 行.
NOTIC: [8] Use of undefined constant Task - assumed 'Task' D:\xampp\htdocs\paoding_new\Application\Runtime\Cache\Pc\759433b7a0befa3fa6b02e4be8ca92f1.php 第 233 行.
INFO: Run Behavior\ParseTemplateBehavior [ RunTime:0.014001s ]
INFO: [ view_parse ] --END-- [ RunTime:0.014001s ]
INFO: [ view_filter ] --START--
INFO: Run Behavior\WriteHtmlCacheBehavior [ RunTime:0.001000s ]
INFO: Run Behavior\TokenBuildBehavior [ RunTime:0.001000s ]
INFO: [ view_filter ] --END-- [ RunTime:0.002000s ]
INFO: [ app_end ] --START--
INFO: Run Behavior\ShowPageTraceBehavior [ RunTime:0.001000s ]
INFO: [ app_end ] --END-- [ RunTime:0.002000s ]

[ 2017-10-24T17:00:24+08:00 ] 127.0.0.1 /index.php/Pc/Activity/detail/channel/hd/type/1/data_id/7
INFO: [ app_init ] --START--
INFO: Run Behavior\BuildLiteBehavior [ RunTime:0.000000s ]
INFO: [ app_init ] --END-- [ RunTime:0.001000s ]
INFO: [ app_begin ] --START--
INFO: Run Behavior\ReadHtmlCacheBehavior [ RunTime:0.001000s ]
INFO: [ app_begin ] --END-- [ RunTime:0.001000s ]
INFO: [ action_begin ] --START--
INFO: Run Home\Behaviors\siteBehavior [ RunTime:0.001000s ]
INFO: [ action_begin ] --END-- [ RunTime:0.001000s ]
NOTIC: [8] Undefined index: userArr D:\xampp\htdocs\paoding_new\Application\Pc\Controller\ActivityController.class.php 第 43 行.
NOTIC: [8] Undefined index: code D:\xampp\htdocs\paoding_new\Application\Pc\Controller\ActivityController.class.php 第 47 行.
NOTIC: [8] Undefined index: ifWeChatLogin D:\xampp\htdocs\paoding_new\Application\Pc\Controller\ActivityController.class.php 第 49 行.
INFO: [ view_begin ] --START--
INFO: Run Home\Behaviors\testBehavior [ RunTime:0.002000s ]
INFO: [ view_begin ] --END-- [ RunTime:0.002000s ]
INFO: [ view_parse ] --START--
INFO: [ template_filter ] --START--
INFO: Run Behavior\ContentReplaceBehavior [ RunTime:0.000000s ]
INFO: [ template_filter ] --END-- [ RunTime:0.000000s ]
NOTIC: [8] Use of undefined constant Activity - assumed 'Activity' D:\xampp\htdocs\paoding_new\Application\Runtime\Cache\Pc\759433b7a0befa3fa6b02e4be8ca92f1.php 第 17 行.
NOTIC: [8] Use of undefined constant Index - assumed 'Index' D:\xampp\htdocs\paoding_new\Application\Runtime\Cache\Pc\759433b7a0befa3fa6b02e4be8ca92f1.php 第 20 行.
NOTIC: [8] Use of undefined constant Index - assumed 'Index' D:\xampp\htdocs\paoding_new\Application\Runtime\Cache\Pc\759433b7a0befa3fa6b02e4be8ca92f1.php 第 232 行.
NOTIC: [8] Use of undefined constant Science - assumed 'Science' D:\xampp\htdocs\paoding_new\Application\Runtime\Cache\Pc\759433b7a0befa3fa6b02e4be8ca92f1.php 第 232 行.
NOTIC: [8] Use of undefined constant Task - assumed 'Task' D:\xampp\htdocs\paoding_new\Application\Runtime\Cache\Pc\759433b7a0befa3fa6b02e4be8ca92f1.php 第 233 行.
INFO: Run Behavior\ParseTemplateBehavior [ RunTime:0.015001s ]
INFO: [ view_parse ] --END-- [ RunTime:0.015001s ]
INFO: [ view_filter ] --START--
INFO: Run Behavior\WriteHtmlCacheBehavior [ RunTime:0.000000s ]
INFO: Run Behavior\TokenBuildBehavior [ RunTime:0.002000s ]
INFO: [ view_filter ] --END-- [ RunTime:0.002000s ]
INFO: [ app_end ] --START--
INFO: Run Behavior\ShowPageTraceBehavior [ RunTime:0.001000s ]
INFO: [ app_end ] --END-- [ RunTime:0.002001s ]

[ 2017-10-24T17:00:39+08:00 ] 127.0.0.1 /index.php/Pc/Activity/detail/channel/hd/type/1/data_id/7
INFO: [ app_init ] --START--
INFO: Run Behavior\BuildLiteBehavior [ RunTime:0.000000s ]
INFO: [ app_init ] --END-- [ RunTime:0.000000s ]
INFO: [ app_begin ] --START--
INFO: Run Behavior\ReadHtmlCacheBehavior [ RunTime:0.001001s ]
INFO: [ app_begin ] --END-- [ RunTime:0.001001s ]
INFO: [ action_begin ] --START--
INFO: Run Home\Behaviors\siteBehavior [ RunTime:0.001000s ]
INFO: [ action_begin ] --END-- [ RunTime:0.001000s ]
NOTIC: [8] Undefined index: userArr D:\xampp\htdocs\paoding_new\Application\Pc\Controller\ActivityController.class.php 第 43 行.
NOTIC: [8] Undefined index: code D:\xampp\htdocs\paoding_new\Application\Pc\Controller\ActivityController.class.php 第 47 行.
NOTIC: [8] Undefined index: ifWeChatLogin D:\xampp\htdocs\paoding_new\Application\Pc\Controller\ActivityController.class.php 第 49 行.
INFO: [ view_begin ] --START--
INFO: Run Home\Behaviors\testBehavior [ RunTime:0.001000s ]
INFO: [ view_begin ] --END-- [ RunTime:0.001000s ]
INFO: [ view_parse ] --START--
INFO: [ template_filter ] --START--
INFO: Run Behavior\ContentReplaceBehavior [ RunTime:0.000000s ]
INFO: [ template_filter ] --END-- [ RunTime:0.000000s ]
NOTIC: [8] Use of undefined constant Activity - assumed 'Activity' D:\xampp\htdocs\paoding_new\Application\Runtime\Cache\Pc\759433b7a0befa3fa6b02e4be8ca92f1.php 第 17 行.
NOTIC: [8] Use of undefined constant Index - assumed 'Index' D:\xampp\htdocs\paoding_new\Application\Runtime\Cache\Pc\759433b7a0befa3fa6b02e4be8ca92f1.php 第 20 行.
NOTIC: [8] Use of undefined constant Index - assumed 'Index' D:\xampp\htdocs\paoding_new\Application\Runtime\Cache\Pc\759433b7a0befa3fa6b02e4be8ca92f1.php 第 232 行.
NOTIC: [8] Use of undefined constant Science - assumed 'Science' D:\xampp\htdocs\paoding_new\Application\Runtime\Cache\Pc\759433b7a0befa3fa6b02e4be8ca92f1.php 第 232 行.
NOTIC: [8] Use of undefined constant Task - assumed 'Task' D:\xampp\htdocs\paoding_new\Application\Runtime\Cache\Pc\759433b7a0befa3fa6b02e4be8ca92f1.php 第 233 行.
INFO: Run Behavior\ParseTemplateBehavior [ RunTime:0.014001s ]
INFO: [ view_parse ] --END-- [ RunTime:0.014001s ]
INFO: [ view_filter ] --START--
INFO: Run Behavior\WriteHtmlCacheBehavior [ RunTime:0.001000s ]
INFO: Run Behavior\TokenBuildBehavior [ RunTime:0.001000s ]
INFO: [ view_filter ] --END-- [ RunTime:0.002000s ]
INFO: [ app_end ] --START--
INFO: Run Behavior\ShowPageTraceBehavior [ RunTime:0.001000s ]
INFO: [ app_end ] --END-- [ RunTime:0.001000s ]

[ 2017-10-24T17:00:42+08:00 ] 127.0.0.1 /index.php/Pc/Activity/detail/channel/hd/type/1/data_id/7
INFO: [ app_init ] --START--
INFO: Run Behavior\BuildLiteBehavior [ RunTime:0.000000s ]
INFO: [ app_init ] --END-- [ RunTime:0.001000s ]
INFO: [ app_begin ] --START--
INFO: Run Behavior\ReadHtmlCacheBehavior [ RunTime:0.001000s ]
INFO: [ app_begin ] --END-- [ RunTime:0.001000s ]
INFO: [ action_begin ] --START--
INFO: Run Home\Behaviors\siteBehavior [ RunTime:0.002000s ]
INFO: [ action_begin ] --END-- [ RunTime:0.002000s ]
NOTIC: [8] Undefined index: userArr D:\xampp\htdocs\paoding_new\Application\Pc\Controller\ActivityController.class.php 第 43 行.
NOTIC: [8] Undefined index: code D:\xampp\htdocs\paoding_new\Application\Pc\Controller\ActivityController.class.php 第 47 行.
NOTIC: [8] Undefined index: ifWeChatLogin D:\xampp\htdocs\paoding_new\Application\Pc\Controller\ActivityController.class.php 第 49 行.
INFO: [ view_begin ] --START--
INFO: Run Home\Behaviors\testBehavior [ RunTime:0.001000s ]
INFO: [ view_begin ] --END-- [ RunTime:0.001000s ]
INFO: [ view_parse ] --START--
INFO: [ template_filter ] --START--
INFO: Run Behavior\ContentReplaceBehavior [ RunTime:0.001000s ]
INFO: [ template_filter ] --END-- [ RunTime:0.001000s ]
NOTIC: [8] Use of undefined constant Activity - assumed 'Activity' D:\xampp\htdocs\paoding_new\Application\Runtime\Cache\Pc\759433b7a0befa3fa6b02e4be8ca92f1.php 第 17 行.
NOTIC: [8] Use of undefined constant Index - assumed 'Index' D:\xampp\htdocs\paoding_new\Application\Runtime\Cache\Pc\759433b7a0befa3fa6b02e4be8ca92f1.php 第 20 行.
NOTIC: [8] Use of undefined constant Index - assumed 'Index' D:\xampp\htdocs\paoding_new\Application\Runtime\Cache\Pc\759433b7a0befa3fa6b02e4be8ca92f1.php 第 232 行.
NOTIC: [8] Use of undefined constant Science - assumed 'Science' D:\xampp\htdocs\paoding_new\Application\Runtime\Cache\Pc\759433b7a0befa3fa6b02e4be8ca92f1.php 第 232 行.
NOTIC: [8] Use of undefined constant Task - assumed 'Task' D:\xampp\htdocs\paoding_new\Application\Runtime\Cache\Pc\759433b7a0befa3fa6b02e4be8ca92f1.php 第 233 行.
INFO: Run Behavior\ParseTemplateBehavior [ RunTime:0.013001s ]
INFO: [ view_parse ] --END-- [ RunTime:0.013001s ]
INFO: [ view_filter ] --START--
INFO: Run Behavior\WriteHtmlCacheBehavior [ RunTime:0.001000s ]
INFO: Run Behavior\TokenBuildBehavior [ RunTime:0.001000s ]
INFO: [ view_filter ] --END-- [ RunTime:0.002000s ]
INFO: [ app_end ] --START--
INFO: Run Behavior\ShowPageTraceBehavior [ RunTime:0.001000s ]
INFO: [ app_end ] --END-- [ RunTime:0.001000s ]

[ 2017-10-24T17:01:02+08:00 ] 127.0.0.1 /index.php/Pc/Activity/data_list/channel/hd
INFO: [ app_init ] --START--
INFO: Run Behavior\BuildLiteBehavior [ RunTime:0.000000s ]
INFO: [ app_init ] --END-- [ RunTime:0.000000s ]
INFO: [ app_begin ] --START--
INFO: Run Behavior\ReadHtmlCacheBehavior [ RunTime:0.000000s ]
INFO: [ app_begin ] --END-- [ RunTime:0.001000s ]
INFO: [ action_begin ] --START--
INFO: Run Home\Behaviors\siteBehavior [ RunTime:0.003000s ]
INFO: [ action_begin ] --END-- [ RunTime:0.003000s ]
NOTIC: [8] Undefined index: code D:\xampp\htdocs\paoding_new\Application\Pc\Controller\ActivityController.class.php 第 30 行.
NOTIC: [8] Undefined index: ifWeChatLogin D:\xampp\htdocs\paoding_new\Application\Pc\Controller\ActivityController.class.php 第 32 行.
INFO: [ view_begin ] --START--
INFO: Run Home\Behaviors\testBehavior [ RunTime:0.000000s ]
INFO: [ view_begin ] --END-- [ RunTime:0.001000s ]
INFO: [ view_parse ] --START--
INFO: [ template_filter ] --START--
INFO: Run Behavior\ContentReplaceBehavior [ RunTime:0.001000s ]
INFO: [ template_filter ] --END-- [ RunTime:0.001000s ]
NOTIC: [8] Use of undefined constant Index - assumed 'Index' D:\xampp\htdocs\paoding_new\Application\Runtime\Cache\Pc\b6d63c3386f1568269ac827c6af2e852.php 第 20 行.
NOTIC: [8] Undefined variable: page D:\xampp\htdocs\paoding_new\Application\Runtime\Cache\Pc\b6d63c3386f1568269ac827c6af2e852.php 第 143 行.
NOTIC: [8] Undefined variable: fatherId D:\xampp\htdocs\paoding_new\Application\Runtime\Cache\Pc\b6d63c3386f1568269ac827c6af2e852.php 第 251 行.
NOTIC: [8] Undefined variable: sonId D:\xampp\htdocs\paoding_new\Application\Runtime\Cache\Pc\b6d63c3386f1568269ac827c6af2e852.php 第 252 行.
INFO: Run Behavior\ParseTemplateBehavior [ RunTime:0.013001s ]
INFO: [ view_parse ] --END-- [ RunTime:0.013001s ]
INFO: [ view_filter ] --START--
INFO: Run Behavior\WriteHtmlCacheBehavior [ RunTime:0.001000s ]
INFO: Run Behavior\TokenBuildBehavior [ RunTime:0.002000s ]
INFO: [ view_filter ] --END-- [ RunTime:0.003000s ]
INFO: [ app_end ] --START--
INFO: Run Behavior\ShowPageTraceBehavior [ RunTime:0.002000s ]
INFO: [ app_end ] --END-- [ RunTime:0.002000s ]

[ 2017-10-24T17:01:04+08:00 ] 127.0.0.1 /index.php/Pc/Activity/detail/channel/hd/type/1/data_id/5
INFO: [ app_init ] --START--
INFO: Run Behavior\BuildLiteBehavior [ RunTime:0.000000s ]
INFO: [ app_init ] --END-- [ RunTime:0.001000s ]
INFO: [ app_begin ] --START--
INFO: Run Behavior\ReadHtmlCacheBehavior [ RunTime:0.001000s ]
INFO: [ app_begin ] --END-- [ RunTime:0.001000s ]
INFO: [ action_begin ] --START--
INFO: Run Home\Behaviors\siteBehavior [ RunTime:0.001000s ]
INFO: [ action_begin ] --END-- [ RunTime:0.001000s ]
NOTIC: [8] Undefined index: userArr D:\xampp\htdocs\paoding_new\Application\Pc\Controller\ActivityController.class.php 第 43 行.
NOTIC: [8] Undefined index: code D:\xampp\htdocs\paoding_new\Application\Pc\Controller\ActivityController.class.php 第 47 行.
NOTIC: [8] Undefined index: ifWeChatLogin D:\xampp\htdocs\paoding_new\Application\Pc\Controller\ActivityController.class.php 第 49 行.
INFO: [ view_begin ] --START--
INFO: Run Home\Behaviors\testBehavior [ RunTime:0.001000s ]
INFO: [ view_begin ] --END-- [ RunTime:0.001000s ]
INFO: [ view_parse ] --START--
INFO: [ template_filter ] --START--
INFO: Run Behavior\ContentReplaceBehavior [ RunTime:0.001000s ]
INFO: [ template_filter ] --END-- [ RunTime:0.001000s ]
NOTIC: [8] Use of undefined constant Activity - assumed 'Activity' D:\xampp\htdocs\paoding_new\Application\Runtime\Cache\Pc\759433b7a0befa3fa6b02e4be8ca92f1.php 第 17 行.
NOTIC: [8] Use of undefined constant Index - assumed 'Index' D:\xampp\htdocs\paoding_new\Application\Runtime\Cache\Pc\759433b7a0befa3fa6b02e4be8ca92f1.php 第 20 行.
NOTIC: [8] Use of undefined constant Index - assumed 'Index' D:\xampp\htdocs\paoding_new\Application\Runtime\Cache\Pc\759433b7a0befa3fa6b02e4be8ca92f1.php 第 232 行.
NOTIC: [8] Use of undefined constant Science - assumed 'Science' D:\xampp\htdocs\paoding_new\Application\Runtime\Cache\Pc\759433b7a0befa3fa6b02e4be8ca92f1.php 第 232 行.
NOTIC: [8] Use of undefined constant Task - assumed 'Task' D:\xampp\htdocs\paoding_new\Application\Runtime\Cache\Pc\759433b7a0befa3fa6b02e4be8ca92f1.php 第 233 行.
INFO: Run Behavior\ParseTemplateBehavior [ RunTime:0.012000s ]
INFO: [ view_parse ] --END-- [ RunTime:0.012000s ]
INFO: [ view_filter ] --START--
INFO: Run Behavior\WriteHtmlCacheBehavior [ RunTime:0.001000s ]
INFO: Run Behavior\TokenBuildBehavior [ RunTime:0.002001s ]
INFO: [ view_filter ] --END-- [ RunTime:0.003001s ]
INFO: [ app_end ] --START--
INFO: Run Behavior\ShowPageTraceBehavior [ RunTime:0.002000s ]
INFO: [ app_end ] --END-- [ RunTime:0.002000s ]

[ 2017-10-24T17:01:18+08:00 ] 127.0.0.1 /index.php/Pc/Activity/data_list/channel/hd
INFO: [ app_init ] --START--
INFO: Run Behavior\BuildLiteBehavior [ RunTime:0.000000s ]
INFO: [ app_init ] --END-- [ RunTime:0.000000s ]
INFO: [ app_begin ] --START--
INFO: Run Behavior\ReadHtmlCacheBehavior [ RunTime:0.001001s ]
INFO: [ app_begin ] --END-- [ RunTime:0.001001s ]
INFO: [ action_begin ] --START--
INFO: Run Home\Behaviors\siteBehavior [ RunTime:0.000000s ]
INFO: [ action_begin ] --END-- [ RunTime:0.000000s ]
NOTIC: [8] Undefined index: code D:\xampp\htdocs\paoding_new\Application\Pc\Controller\ActivityController.class.php 第 30 行.
NOTIC: [8] Undefined index: ifWeChatLogin D:\xampp\htdocs\paoding_new\Application\Pc\Controller\ActivityController.class.php 第 32 行.
INFO: [ view_begin ] --START--
INFO: Run Home\Behaviors\testBehavior [ RunTime:0.001000s ]
INFO: [ view_begin ] --END-- [ RunTime:0.001000s ]
INFO: [ view_parse ] --START--
INFO: [ template_filter ] --START--
INFO: Run Behavior\ContentReplaceBehavior [ RunTime:0.001000s ]
INFO: [ template_filter ] --END-- [ RunTime:0.001000s ]
NOTIC: [8] Use of undefined constant Index - assumed 'Index' D:\xampp\htdocs\paoding_new\Application\Runtime\Cache\Pc\b6d63c3386f1568269ac827c6af2e852.php 第 20 行.
NOTIC: [8] Undefined variable: page D:\xampp\htdocs\paoding_new\Application\Runtime\Cache\Pc\b6d63c3386f1568269ac827c6af2e852.php 第 143 行.
NOTIC: [8] Undefined variable: fatherId D:\xampp\htdocs\paoding_new\Application\Runtime\Cache\Pc\b6d63c3386f1568269ac827c6af2e852.php 第 251 行.
NOTIC: [8] Undefined variable: sonId D:\xampp\htdocs\paoding_new\Application\Runtime\Cache\Pc\b6d63c3386f1568269ac827c6af2e852.php 第 252 行.
INFO: Run Behavior\ParseTemplateBehavior [ RunTime:0.013001s ]
INFO: [ view_parse ] --END-- [ RunTime:0.013001s ]
INFO: [ view_filter ] --START--
INFO: Run Behavior\WriteHtmlCacheBehavior [ RunTime:0.001000s ]
INFO: Run Behavior\TokenBuildBehavior [ RunTime:0.002000s ]
INFO: [ view_filter ] --END-- [ RunTime:0.003000s ]
INFO: [ app_end ] --START--
INFO: Run Behavior\ShowPageTraceBehavior [ RunTime:0.001000s ]
INFO: [ app_end ] --END-- [ RunTime:0.001000s ]

[ 2017-10-24T17:01:22+08:00 ] 127.0.0.1 /index.php/Pc/Activity/detail/channel/hd/type/1/data_id/5
INFO: [ app_init ] --START--
INFO: Run Behavior\BuildLiteBehavior [ RunTime:0.000000s ]
INFO: [ app_init ] --END-- [ RunTime:0.001000s ]
INFO: [ app_begin ] --START--
INFO: Run Behavior\ReadHtmlCacheBehavior [ RunTime:0.000000s ]
INFO: [ app_begin ] --END-- [ RunTime:0.000000s ]
INFO: [ action_begin ] --START--
INFO: Run Home\Behaviors\siteBehavior [ RunTime:0.002000s ]
INFO: [ action_begin ] --END-- [ RunTime:0.002000s ]
NOTIC: [8] Undefined index: userArr D:\xampp\htdocs\paoding_new\Application\Pc\Controller\ActivityController.class.php 第 43 行.
NOTIC: [8] Undefined index: code D:\xampp\htdocs\paoding_new\Application\Pc\Controller\ActivityController.class.php 第 47 行.
NOTIC: [8] Undefined index: ifWeChatLogin D:\xampp\htdocs\paoding_new\Application\Pc\Controller\ActivityController.class.php 第 49 行.
INFO: [ view_begin ] --START--
INFO: Run Home\Behaviors\testBehavior [ RunTime:0.001000s ]
INFO: [ view_begin ] --END-- [ RunTime:0.001000s ]
INFO: [ view_parse ] --START--
INFO: [ template_filter ] --START--
INFO: Run Behavior\ContentReplaceBehavior [ RunTime:0.001000s ]
INFO: [ template_filter ] --END-- [ RunTime:0.001000s ]
NOTIC: [8] Use of undefined constant Activity - assumed 'Activity' D:\xampp\htdocs\paoding_new\Application\Runtime\Cache\Pc\759433b7a0befa3fa6b02e4be8ca92f1.php 第 17 行.
NOTIC: [8] Use of undefined constant Index - assumed 'Index' D:\xampp\htdocs\paoding_new\Application\Runtime\Cache\Pc\759433b7a0befa3fa6b02e4be8ca92f1.php 第 20 行.
NOTIC: [8] Use of undefined constant Index - assumed 'Index' D:\xampp\htdocs\paoding_new\Application\Runtime\Cache\Pc\759433b7a0befa3fa6b02e4be8ca92f1.php 第 232 行.
NOTIC: [8] Use of undefined constant Science - assumed 'Science' D:\xampp\htdocs\paoding_new\Application\Runtime\Cache\Pc\759433b7a0befa3fa6b02e4be8ca92f1.php 第 232 行.
NOTIC: [8] Use of undefined constant Task - assumed 'Task' D:\xampp\htdocs\paoding_new\Application\Runtime\Cache\Pc\759433b7a0befa3fa6b02e4be8ca92f1.php 第 233 行.
INFO: Run Behavior\ParseTemplateBehavior [ RunTime:0.013000s ]
INFO: [ view_parse ] --END-- [ RunTime:0.013000s ]
INFO: [ view_filter ] --START--
INFO: Run Behavior\WriteHtmlCacheBehavior [ RunTime:0.000000s ]
INFO: Run Behavior\TokenBuildBehavior [ RunTime:0.002001s ]
INFO: [ view_filter ] --END-- [ RunTime:0.002001s ]
INFO: [ app_end ] --START--
INFO: Run Behavior\ShowPageTraceBehavior [ RunTime:0.001000s ]
INFO: [ app_end ] --END-- [ RunTime:0.001000s ]

[ 2017-10-24T17:01:37+08:00 ] 127.0.0.1 /index.php/Pc/Activity/data_list/channel/hd
INFO: [ app_init ] --START--
INFO: Run Behavior\BuildLiteBehavior [ RunTime:0.000000s ]
INFO: [ app_init ] --END-- [ RunTime:0.001000s ]
INFO: [ app_begin ] --START--
INFO: Run Behavior\ReadHtmlCacheBehavior [ RunTime:0.002000s ]
INFO: [ app_begin ] --END-- [ RunTime:0.002000s ]
INFO: [ action_begin ] --START--
INFO: Run Home\Behaviors\siteBehavior [ RunTime:0.001000s ]
INFO: [ action_begin ] --END-- [ RunTime:0.001000s ]
NOTIC: [8] Undefined index: code D:\xampp\htdocs\paoding_new\Application\Pc\Controller\ActivityController.class.php 第 30 行.
NOTIC: [8] Undefined index: ifWeChatLogin D:\xampp\htdocs\paoding_new\Application\Pc\Controller\ActivityController.class.php 第 32 行.
INFO: [ view_begin ] --START--
INFO: Run Home\Behaviors\testBehavior [ RunTime:0.001000s ]
INFO: [ view_begin ] --END-- [ RunTime:0.001000s ]
INFO: [ view_parse ] --START--
INFO: [ template_filter ] --START--
INFO: Run Behavior\ContentReplaceBehavior [ RunTime:0.000000s ]
INFO: [ template_filter ] --END-- [ RunTime:0.000000s ]
NOTIC: [8] Use of undefined constant Index - assumed 'Index' D:\xampp\htdocs\paoding_new\Application\Runtime\Cache\Pc\b6d63c3386f1568269ac827c6af2e852.php 第 20 行.
NOTIC: [8] Undefined variable: page D:\xampp\htdocs\paoding_new\Application\Runtime\Cache\Pc\b6d63c3386f1568269ac827c6af2e852.php 第 143 行.
NOTIC: [8] Undefined variable: fatherId D:\xampp\htdocs\paoding_new\Application\Runtime\Cache\Pc\b6d63c3386f1568269ac827c6af2e852.php 第 251 行.
NOTIC: [8] Undefined variable: sonId D:\xampp\htdocs\paoding_new\Application\Runtime\Cache\Pc\b6d63c3386f1568269ac827c6af2e852.php 第 252 行.
INFO: Run Behavior\ParseTemplateBehavior [ RunTime:0.024001s ]
INFO: [ view_parse ] --END-- [ RunTime:0.024001s ]
INFO: [ view_filter ] --START--
INFO: Run Behavior\WriteHtmlCacheBehavior [ RunTime:0.001000s ]
INFO: Run Behavior\TokenBuildBehavior [ RunTime:0.002001s ]
INFO: [ view_filter ] --END-- [ RunTime:0.004001s ]
INFO: [ app_end ] --START--
INFO: Run Behavior\ShowPageTraceBehavior [ RunTime:0.002000s ]
INFO: [ app_end ] --END-- [ RunTime:0.002000s ]

[ 2017-10-24T17:01:39+08:00 ] 127.0.0.1 /index.php/Pc/Activity/detail/channel/hd/type/1/data_id/7
INFO: [ app_init ] --START--
INFO: Run Behavior\BuildLiteBehavior [ RunTime:0.000000s ]
INFO: [ app_init ] --END-- [ RunTime:0.000000s ]
INFO: [ app_begin ] --START--
INFO: Run Behavior\ReadHtmlCacheBehavior [ RunTime:0.000000s ]
INFO: [ app_begin ] --END-- [ RunTime:0.000000s ]
INFO: [ action_begin ] --START--
INFO: Run Home\Behaviors\siteBehavior [ RunTime:0.001000s ]
INFO: [ action_begin ] --END-- [ RunTime:0.001000s ]
NOTIC: [8] Undefined index: userArr D:\xampp\htdocs\paoding_new\Application\Pc\Controller\ActivityController.class.php 第 43 行.
NOTIC: [8] Undefined index: code D:\xampp\htdocs\paoding_new\Application\Pc\Controller\ActivityController.class.php 第 47 行.
NOTIC: [8] Undefined index: ifWeChatLogin D:\xampp\htdocs\paoding_new\Application\Pc\Controller\ActivityController.class.php 第 49 行.
INFO: [ view_begin ] --START--
INFO: Run Home\Behaviors\testBehavior [ RunTime:0.000000s ]
INFO: [ view_begin ] --END-- [ RunTime:0.000000s ]
INFO: [ view_parse ] --START--
INFO: [ template_filter ] --START--
INFO: Run Behavior\ContentReplaceBehavior [ RunTime:0.000000s ]
INFO: [ template_filter ] --END-- [ RunTime:0.000000s ]
NOTIC: [8] Use of undefined constant Activity - assumed 'Activity' D:\xampp\htdocs\paoding_new\Application\Runtime\Cache\Pc\759433b7a0befa3fa6b02e4be8ca92f1.php 第 17 行.
NOTIC: [8] Use of undefined constant Index - assumed 'Index' D:\xampp\htdocs\paoding_new\Application\Runtime\Cache\Pc\759433b7a0befa3fa6b02e4be8ca92f1.php 第 20 行.
NOTIC: [8] Use of undefined constant Index - assumed 'Index' D:\xampp\htdocs\paoding_new\Application\Runtime\Cache\Pc\759433b7a0befa3fa6b02e4be8ca92f1.php 第 232 行.
NOTIC: [8] Use of undefined constant Science - assumed 'Science' D:\xampp\htdocs\paoding_new\Application\Runtime\Cache\Pc\759433b7a0befa3fa6b02e4be8ca92f1.php 第 232 行.
NOTIC: [8] Use of undefined constant Task - assumed 'Task' D:\xampp\htdocs\paoding_new\Application\Runtime\Cache\Pc\759433b7a0befa3fa6b02e4be8ca92f1.php 第 233 行.
INFO: Run Behavior\ParseTemplateBehavior [ RunTime:0.013001s ]
INFO: [ view_parse ] --END-- [ RunTime:0.013001s ]
INFO: [ view_filter ] --START--
INFO: Run Behavior\WriteHtmlCacheBehavior [ RunTime:0.001000s ]
INFO: Run Behavior\TokenBuildBehavior [ RunTime:0.001000s ]
INFO: [ view_filter ] --END-- [ RunTime:0.002000s ]
INFO: [ app_end ] --START--
INFO: Run Behavior\ShowPageTraceBehavior [ RunTime:0.001000s ]
INFO: [ app_end ] --END-- [ RunTime:0.001000s ]

[ 2017-10-24T17:01:41+08:00 ] 127.0.0.1 /index.php/Pc/Activity/detail/channel/hd/type/1/data_id/7
INFO: [ app_init ] --START--
INFO: Run Behavior\BuildLiteBehavior [ RunTime:0.000000s ]
INFO: [ app_init ] --END-- [ RunTime:0.000000s ]
INFO: [ app_begin ] --START--
INFO: Run Behavior\ReadHtmlCacheBehavior [ RunTime:0.000000s ]
INFO: [ app_begin ] --END-- [ RunTime:0.000000s ]
INFO: [ action_begin ] --START--
INFO: Run Home\Behaviors\siteBehavior [ RunTime:0.000000s ]
INFO: [ action_begin ] --END-- [ RunTime:0.000000s ]
NOTIC: [8] Undefined index: userArr D:\xampp\htdocs\paoding_new\Application\Pc\Controller\ActivityController.class.php 第 43 行.
NOTIC: [8] Undefined index: code D:\xampp\htdocs\paoding_new\Application\Pc\Controller\ActivityController.class.php 第 47 行.
NOTIC: [8] Undefined index: ifWeChatLogin D:\xampp\htdocs\paoding_new\Application\Pc\Controller\ActivityController.class.php 第 49 行.
INFO: [ view_begin ] --START--
INFO: Run Home\Behaviors\testBehavior [ RunTime:0.001000s ]
INFO: [ view_begin ] --END-- [ RunTime:0.001000s ]
INFO: [ view_parse ] --START--
INFO: [ template_filter ] --START--
INFO: Run Behavior\ContentReplaceBehavior [ RunTime:0.000000s ]
INFO: [ template_filter ] --END-- [ RunTime:0.000000s ]
NOTIC: [8] Use of undefined constant Activity - assumed 'Activity' D:\xampp\htdocs\paoding_new\Application\Runtime\Cache\Pc\759433b7a0befa3fa6b02e4be8ca92f1.php 第 17 行.
NOTIC: [8] Use of undefined constant Index - assumed 'Index' D:\xampp\htdocs\paoding_new\Application\Runtime\Cache\Pc\759433b7a0befa3fa6b02e4be8ca92f1.php 第 20 行.
NOTIC: [8] Use of undefined constant Index - assumed 'Index' D:\xampp\htdocs\paoding_new\Application\Runtime\Cache\Pc\759433b7a0befa3fa6b02e4be8ca92f1.php 第 232 行.
NOTIC: [8] Use of undefined constant Science - assumed 'Science' D:\xampp\htdocs\paoding_new\Application\Runtime\Cache\Pc\759433b7a0befa3fa6b02e4be8ca92f1.php 第 232 行.
NOTIC: [8] Use of undefined constant Task - assumed 'Task' D:\xampp\htdocs\paoding_new\Application\Runtime\Cache\Pc\759433b7a0befa3fa6b02e4be8ca92f1.php 第 233 行.
INFO: Run Behavior\ParseTemplateBehavior [ RunTime:0.012001s ]
INFO: [ view_parse ] --END-- [ RunTime:0.013001s ]
INFO: [ view_filter ] --START--
INFO: Run Behavior\WriteHtmlCacheBehavior [ RunTime:0.001000s ]
INFO: Run Behavior\TokenBuildBehavior [ RunTime:0.001000s ]
INFO: [ view_filter ] --END-- [ RunTime:0.002000s ]
INFO: [ app_end ] --START--
INFO: Run Behavior\ShowPageTraceBehavior [ RunTime:0.001000s ]
INFO: [ app_end ] --END-- [ RunTime:0.001000s ]

[ 2017-10-24T17:01:44+08:00 ] 127.0.0.1 /index.php/Pc/Activity/detail/channel/hd/type/1/data_id/7
INFO: [ app_init ] --START--
INFO: Run Behavior\BuildLiteBehavior [ RunTime:0.000000s ]
INFO: [ app_init ] --END-- [ RunTime:0.001000s ]
INFO: [ app_begin ] --START--
INFO: Run Behavior\ReadHtmlCacheBehavior [ RunTime:0.001000s ]
INFO: [ app_begin ] --END-- [ RunTime:0.001000s ]
INFO: [ action_begin ] --START--
INFO: Run Home\Behaviors\siteBehavior [ RunTime:0.001000s ]
INFO: [ action_begin ] --END-- [ RunTime:0.001000s ]
NOTIC: [8] Undefined index: userArr D:\xampp\htdocs\paoding_new\Application\Pc\Controller\ActivityController.class.php 第 43 行.
NOTIC: [8] Undefined index: code D:\xampp\htdocs\paoding_new\Application\Pc\Controller\ActivityController.class.php 第 47 行.
NOTIC: [8] Undefined index: ifWeChatLogin D:\xampp\htdocs\paoding_new\Application\Pc\Controller\ActivityController.class.php 第 49 行.
INFO: [ view_begin ] --START--
INFO: Run Home\Behaviors\testBehavior [ RunTime:0.000000s ]
INFO: [ view_begin ] --END-- [ RunTime:0.000000s ]
INFO: [ view_parse ] --START--
INFO: [ template_filter ] --START--
INFO: Run Behavior\ContentReplaceBehavior [ RunTime:0.000000s ]
INFO: [ template_filter ] --END-- [ RunTime:0.000000s ]
NOTIC: [8] Use of undefined constant Activity - assumed 'Activity' D:\xampp\htdocs\paoding_new\Application\Runtime\Cache\Pc\759433b7a0befa3fa6b02e4be8ca92f1.php 第 17 行.
NOTIC: [8] Use of undefined constant Index - assumed 'Index' D:\xampp\htdocs\paoding_new\Application\Runtime\Cache\Pc\759433b7a0befa3fa6b02e4be8ca92f1.php 第 20 行.
NOTIC: [8] Use of undefined constant Index - assumed 'Index' D:\xampp\htdocs\paoding_new\Application\Runtime\Cache\Pc\759433b7a0befa3fa6b02e4be8ca92f1.php 第 232 行.
NOTIC: [8] Use of undefined constant Science - assumed 'Science' D:\xampp\htdocs\paoding_new\Application\Runtime\Cache\Pc\759433b7a0befa3fa6b02e4be8ca92f1.php 第 232 行.
NOTIC: [8] Use of undefined constant Task - assumed 'Task' D:\xampp\htdocs\paoding_new\Application\Runtime\Cache\Pc\759433b7a0befa3fa6b02e4be8ca92f1.php 第 233 行.
INFO: Run Behavior\ParseTemplateBehavior [ RunTime:0.013001s ]
INFO: [ view_parse ] --END-- [ RunTime:0.013001s ]
INFO: [ view_filter ] --START--
INFO: Run Behavior\WriteHtmlCacheBehavior [ RunTime:0.000000s ]
INFO: Run Behavior\TokenBuildBehavior [ RunTime:0.001000s ]
INFO: [ view_filter ] --END-- [ RunTime:0.001000s ]
INFO: [ app_end ] --START--
INFO: Run Behavior\ShowPageTraceBehavior [ RunTime:0.001000s ]
INFO: [ app_end ] --END-- [ RunTime:0.001000s ]

[ 2017-10-24T17:05:15+08:00 ] 127.0.0.1 /index.php/Pc/Activity/data_list/channel/hd
INFO: [ app_init ] --START--
INFO: Run Behavior\BuildLiteBehavior [ RunTime:0.000000s ]
INFO: [ app_init ] --END-- [ RunTime:0.000000s ]
INFO: [ app_begin ] --START--
INFO: Run Behavior\ReadHtmlCacheBehavior [ RunTime:0.001000s ]
INFO: [ app_begin ] --END-- [ RunTime:0.001000s ]
INFO: [ action_begin ] --START--
INFO: Run Home\Behaviors\siteBehavior [ RunTime:0.000000s ]
INFO: [ action_begin ] --END-- [ RunTime:0.000000s ]
NOTIC: [8] Undefined index: code D:\xampp\htdocs\paoding_new\Application\Pc\Controller\ActivityController.class.php 第 30 行.
NOTIC: [8] Undefined index: ifWeChatLogin D:\xampp\htdocs\paoding_new\Application\Pc\Controller\ActivityController.class.php 第 32 行.
INFO: [ view_begin ] --START--
INFO: Run Home\Behaviors\testBehavior [ RunTime:0.000000s ]
INFO: [ view_begin ] --END-- [ RunTime:0.000000s ]
INFO: [ view_parse ] --START--
INFO: [ template_filter ] --START--
INFO: Run Behavior\ContentReplaceBehavior [ RunTime:0.000000s ]
INFO: [ template_filter ] --END-- [ RunTime:0.000000s ]
NOTIC: [8] Use of undefined constant Index - assumed 'Index' D:\xampp\htdocs\paoding_new\Application\Runtime\Cache\Pc\b6d63c3386f1568269ac827c6af2e852.php 第 20 行.
NOTIC: [8] Undefined variable: page D:\xampp\htdocs\paoding_new\Application\Runtime\Cache\Pc\b6d63c3386f1568269ac827c6af2e852.php 第 143 行.
NOTIC: [8] Undefined variable: fatherId D:\xampp\htdocs\paoding_new\Application\Runtime\Cache\Pc\b6d63c3386f1568269ac827c6af2e852.php 第 251 行.
NOTIC: [8] Undefined variable: sonId D:\xampp\htdocs\paoding_new\Application\Runtime\Cache\Pc\b6d63c3386f1568269ac827c6af2e852.php 第 252 行.
INFO: Run Behavior\ParseTemplateBehavior [ RunTime:0.014000s ]
INFO: [ view_parse ] --END-- [ RunTime:0.014000s ]
INFO: [ view_filter ] --START--
INFO: Run Behavior\WriteHtmlCacheBehavior [ RunTime:0.000000s ]
INFO: Run Behavior\TokenBuildBehavior [ RunTime:0.001000s ]
INFO: [ view_filter ] --END-- [ RunTime:0.001000s ]
INFO: [ app_end ] --START--
INFO: Run Behavior\ShowPageTraceBehavior [ RunTime:0.001000s ]
INFO: [ app_end ] --END-- [ RunTime:0.001000s ]

[ 2017-10-24T17:05:17+08:00 ] 127.0.0.1 /index.php/Pc/Activity/data_list/channel/hd
INFO: [ app_init ] --START--
INFO: Run Behavior\BuildLiteBehavior [ RunTime:0.000000s ]
INFO: [ app_init ] --END-- [ RunTime:0.000000s ]
INFO: [ app_begin ] --START--
INFO: Run Behavior\ReadHtmlCacheBehavior [ RunTime:0.001000s ]
INFO: [ app_begin ] --END-- [ RunTime:0.001000s ]
INFO: [ action_begin ] --START--
INFO: Run Home\Behaviors\siteBehavior [ RunTime:0.001000s ]
INFO: [ action_begin ] --END-- [ RunTime:0.001000s ]
NOTIC: [8] Undefined index: code D:\xampp\htdocs\paoding_new\Application\Pc\Controller\ActivityController.class.php 第 30 行.
NOTIC: [8] Undefined index: ifWeChatLogin D:\xampp\htdocs\paoding_new\Application\Pc\Controller\ActivityController.class.php 第 32 行.
INFO: [ view_begin ] --START--
INFO: Run Home\Behaviors\testBehavior [ RunTime:0.001000s ]
INFO: [ view_begin ] --END-- [ RunTime:0.001000s ]
INFO: [ view_parse ] --START--
INFO: [ template_filter ] --START--
INFO: Run Behavior\ContentReplaceBehavior [ RunTime:0.000000s ]
INFO: [ template_filter ] --END-- [ RunTime:0.000000s ]
NOTIC: [8] Use of undefined constant Index - assumed 'Index' D:\xampp\htdocs\paoding_new\Application\Runtime\Cache\Pc\b6d63c3386f1568269ac827c6af2e852.php 第 20 行.
NOTIC: [8] Undefined variable: page D:\xampp\htdocs\paoding_new\Application\Runtime\Cache\Pc\b6d63c3386f1568269ac827c6af2e852.php 第 143 行.
NOTIC: [8] Undefined variable: fatherId D:\xampp\htdocs\paoding_new\Application\Runtime\Cache\Pc\b6d63c3386f1568269ac827c6af2e852.php 第 251 行.
NOTIC: [8] Undefined variable: sonId D:\xampp\htdocs\paoding_new\Application\Runtime\Cache\Pc\b6d63c3386f1568269ac827c6af2e852.php 第 252 行.
INFO: Run Behavior\ParseTemplateBehavior [ RunTime:0.014001s ]
INFO: [ view_parse ] --END-- [ RunTime:0.014001s ]
INFO: [ view_filter ] --START--
INFO: Run Behavior\WriteHtmlCacheBehavior [ RunTime:0.000000s ]
INFO: Run Behavior\TokenBuildBehavior [ RunTime:0.001000s ]
INFO: [ view_filter ] --END-- [ RunTime:0.001000s ]
INFO: [ app_end ] --START--
INFO: Run Behavior\ShowPageTraceBehavior [ RunTime:0.001000s ]
INFO: [ app_end ] --END-- [ RunTime:0.001000s ]

