[ 2017-12-09T13:22:14+08:00 ] 127.0.0.1 /
INFO: [ app_init ] --START--
INFO: Run Behavior\BuildLiteBehavior [ RunTime:0.000000s ]
INFO: [ app_init ] --END-- [ RunTime:0.000000s ]
INFO: [ app_begin ] --START--
INFO: Run Behavior\ReadHtmlCacheBehavior [ RunTime:0.000000s ]
INFO: [ app_begin ] --END-- [ RunTime:0.000000s ]
NOTIC: [2] Declaration of Pc\Controller\IndexController::error() should be compatible with Think\Controller::error($message = '', $jumpUrl = '', $ajax = false) D:\xampp\htdocs\paoding_new\Application\Pc\Controller\IndexController.class.php 第 7 行.
INFO: [ action_begin ] --START--
INFO: Run Home\Behaviors\siteBehavior [ RunTime:0.000000s ]
INFO: [ action_begin ] --END-- [ RunTime:0.001000s ]
NOTIC: [8] Undefined index: code D:\xampp\htdocs\paoding_new\Application\Pc\Controller\IndexController.class.php 第 21 行.
NOTIC: [8] Undefined index: ifWeChatLogin D:\xampp\htdocs\paoding_new\Application\Pc\Controller\IndexController.class.php 第 23 行.
INFO: [ view_begin ] --START--
INFO: Run Home\Behaviors\testBehavior [ RunTime:0.001000s ]
INFO: [ view_begin ] --END-- [ RunTime:0.001000s ]
INFO: [ view_parse ] --START--
INFO: [ template_filter ] --START--
INFO: Run Behavior\ContentReplaceBehavior [ RunTime:0.000000s ]
INFO: [ template_filter ] --END-- [ RunTime:0.000000s ]
NOTIC: [8] Use of undefined constant Activity - assumed 'Activity' D:\xampp\htdocs\paoding_new\Application\Runtime\Cache\Pc\93c49ad67facdb6f997f1649493c88cf.php 第 22 行.
NOTIC: [8] Use of undefined constant Index - assumed 'Index' D:\xampp\htdocs\paoding_new\Application\Runtime\Cache\Pc\93c49ad67facdb6f997f1649493c88cf.php 第 25 行.
NOTIC: [8] Use of undefined constant index - assumed 'index' D:\xampp\htdocs\paoding_new\Application\Runtime\Cache\Pc\93c49ad67facdb6f997f1649493c88cf.php 第 25 行.
NOTIC: [8] Undefined variable: fatherId D:\xampp\htdocs\paoding_new\Application\Runtime\Cache\Pc\93c49ad67facdb6f997f1649493c88cf.php 第 392 行.
NOTIC: [8] Undefined variable: sonId D:\xampp\htdocs\paoding_new\Application\Runtime\Cache\Pc\93c49ad67facdb6f997f1649493c88cf.php 第 393 行.
NOTIC: [8] Use of undefined constant Index - assumed 'Index' D:\xampp\htdocs\paoding_new\Application\Runtime\Cache\Pc\93c49ad67facdb6f997f1649493c88cf.php 第 401 行.
INFO: Run Behavior\ParseTemplateBehavior [ RunTime:0.016001s ]
INFO: [ view_parse ] --END-- [ RunTime:0.016001s ]
INFO: [ view_filter ] --START--
INFO: Run Behavior\WriteHtmlCacheBehavior [ RunTime:0.001000s ]
INFO: Run Behavior\TokenBuildBehavior [ RunTime:0.002000s ]
INFO: [ view_filter ] --END-- [ RunTime:0.003000s ]
INFO: [ app_end ] --START--
INFO: Run Behavior\ShowPageTraceBehavior [ RunTime:0.001000s ]
INFO: [ app_end ] --END-- [ RunTime:0.001000s ]

[ 2017-12-09T13:56:59+08:00 ] 127.0.0.1 /index.php/Pc/User/user_info
INFO: [ app_init ] --START--
INFO: Run Behavior\BuildLiteBehavior [ RunTime:0.001000s ]
INFO: [ app_init ] --END-- [ RunTime:0.001000s ]
INFO: [ app_begin ] --START--
INFO: Run Behavior\ReadHtmlCacheBehavior [ RunTime:0.001000s ]
INFO: [ app_begin ] --END-- [ RunTime:0.001000s ]
INFO: [ action_begin ] --START--
INFO: Run Home\Behaviors\siteBehavior [ RunTime:0.001000s ]
INFO: [ action_begin ] --END-- [ RunTime:0.002000s ]
NOTIC: [8] Undefined index: code D:\xampp\htdocs\paoding_new\Application\Pc\Controller\UserController.class.php 第 178 行.
NOTIC: [8] Undefined index: ifWeChatLogin D:\xampp\htdocs\paoding_new\Application\Pc\Controller\UserController.class.php 第 180 行.
INFO: [ view_begin ] --START--
INFO: Run Home\Behaviors\testBehavior [ RunTime:0.000000s ]
INFO: [ view_begin ] --END-- [ RunTime:0.000000s ]
INFO: [ view_parse ] --START--
INFO: [ template_filter ] --START--
INFO: Run Behavior\ContentReplaceBehavior [ RunTime:0.000000s ]
INFO: [ template_filter ] --END-- [ RunTime:0.000000s ]
NOTIC: [8] Use of undefined constant Activity - assumed 'Activity' D:\xampp\htdocs\paoding_new\Application\Runtime\Cache\Pc\c38ed6dd0b4e9dd0414c2f357ae9eb79.php 第 17 行.
NOTIC: [8] Use of undefined constant Index - assumed 'Index' D:\xampp\htdocs\paoding_new\Application\Runtime\Cache\Pc\c38ed6dd0b4e9dd0414c2f357ae9eb79.php 第 20 行.
NOTIC: [8] Undefined variable: fatherId D:\xampp\htdocs\paoding_new\Application\Runtime\Cache\Pc\c38ed6dd0b4e9dd0414c2f357ae9eb79.php 第 296 行.
NOTIC: [8] Undefined variable: sonId D:\xampp\htdocs\paoding_new\Application\Runtime\Cache\Pc\c38ed6dd0b4e9dd0414c2f357ae9eb79.php 第 297 行.
NOTIC: [8] Use of undefined constant Index - assumed 'Index' D:\xampp\htdocs\paoding_new\Application\Runtime\Cache\Pc\c38ed6dd0b4e9dd0414c2f357ae9eb79.php 第 304 行.
NOTIC: [8] Use of undefined constant Science - assumed 'Science' D:\xampp\htdocs\paoding_new\Application\Runtime\Cache\Pc\c38ed6dd0b4e9dd0414c2f357ae9eb79.php 第 304 行.
NOTIC: [8] Use of undefined constant Task - assumed 'Task' D:\xampp\htdocs\paoding_new\Application\Runtime\Cache\Pc\c38ed6dd0b4e9dd0414c2f357ae9eb79.php 第 305 行.
INFO: Run Behavior\ParseTemplateBehavior [ RunTime:0.024001s ]
INFO: [ view_parse ] --END-- [ RunTime:0.024001s ]
INFO: [ view_filter ] --START--
INFO: Run Behavior\WriteHtmlCacheBehavior [ RunTime:0.001000s ]
INFO: Run Behavior\TokenBuildBehavior [ RunTime:0.003001s ]
INFO: [ view_filter ] --END-- [ RunTime:0.004001s ]
INFO: [ app_end ] --START--
INFO: Run Behavior\ShowPageTraceBehavior [ RunTime:0.001000s ]
INFO: [ app_end ] --END-- [ RunTime:0.001000s ]

[ 2017-12-09T14:29:29+08:00 ] 127.0.0.1 /
INFO: [ app_init ] --START--
INFO: Run Behavior\BuildLiteBehavior [ RunTime:0.000000s ]
INFO: [ app_init ] --END-- [ RunTime:0.001000s ]
INFO: [ app_begin ] --START--
INFO: Run Behavior\ReadHtmlCacheBehavior [ RunTime:0.000000s ]
INFO: [ app_begin ] --END-- [ RunTime:0.000000s ]
NOTIC: [2] Declaration of Pc\Controller\IndexController::error() should be compatible with Think\Controller::error($message = '', $jumpUrl = '', $ajax = false) D:\xampp\htdocs\paoding_new\Application\Pc\Controller\IndexController.class.php 第 7 行.
INFO: [ action_begin ] --START--
INFO: Run Home\Behaviors\siteBehavior [ RunTime:0.000000s ]
INFO: [ action_begin ] --END-- [ RunTime:0.000000s ]
NOTIC: [8] Undefined index: code D:\xampp\htdocs\paoding_new\Application\Pc\Controller\IndexController.class.php 第 21 行.
NOTIC: [8] Undefined index: ifWeChatLogin D:\xampp\htdocs\paoding_new\Application\Pc\Controller\IndexController.class.php 第 23 行.
INFO: [ view_begin ] --START--
INFO: Run Home\Behaviors\testBehavior [ RunTime:0.000000s ]
INFO: [ view_begin ] --END-- [ RunTime:0.000000s ]
INFO: [ view_parse ] --START--
INFO: [ template_filter ] --START--
INFO: Run Behavior\ContentReplaceBehavior [ RunTime:0.001000s ]
INFO: [ template_filter ] --END-- [ RunTime:0.001000s ]
NOTIC: [8] Use of undefined constant Activity - assumed 'Activity' D:\xampp\htdocs\paoding_new\Application\Runtime\Cache\Pc\93c49ad67facdb6f997f1649493c88cf.php 第 22 行.
NOTIC: [8] Use of undefined constant Index - assumed 'Index' D:\xampp\htdocs\paoding_new\Application\Runtime\Cache\Pc\93c49ad67facdb6f997f1649493c88cf.php 第 25 行.
NOTIC: [8] Use of undefined constant index - assumed 'index' D:\xampp\htdocs\paoding_new\Application\Runtime\Cache\Pc\93c49ad67facdb6f997f1649493c88cf.php 第 25 行.
NOTIC: [8] Undefined variable: fatherId D:\xampp\htdocs\paoding_new\Application\Runtime\Cache\Pc\93c49ad67facdb6f997f1649493c88cf.php 第 392 行.
NOTIC: [8] Undefined variable: sonId D:\xampp\htdocs\paoding_new\Application\Runtime\Cache\Pc\93c49ad67facdb6f997f1649493c88cf.php 第 393 行.
NOTIC: [8] Use of undefined constant Index - assumed 'Index' D:\xampp\htdocs\paoding_new\Application\Runtime\Cache\Pc\93c49ad67facdb6f997f1649493c88cf.php 第 401 行.
INFO: Run Behavior\ParseTemplateBehavior [ RunTime:0.010000s ]
INFO: [ view_parse ] --END-- [ RunTime:0.010000s ]
INFO: [ view_filter ] --START--
INFO: Run Behavior\WriteHtmlCacheBehavior [ RunTime:0.000000s ]
INFO: Run Behavior\TokenBuildBehavior [ RunTime:0.003001s ]
INFO: [ view_filter ] --END-- [ RunTime:0.003001s ]
INFO: [ app_end ] --START--
INFO: Run Behavior\ShowPageTraceBehavior [ RunTime:0.001000s ]
INFO: [ app_end ] --END-- [ RunTime:0.001000s ]

[ 2017-12-09T14:29:32+08:00 ] 127.0.0.1 /
INFO: [ app_init ] --START--
INFO: Run Behavior\BuildLiteBehavior [ RunTime:0.000000s ]
INFO: [ app_init ] --END-- [ RunTime:0.000000s ]
INFO: [ app_begin ] --START--
INFO: Run Behavior\ReadHtmlCacheBehavior [ RunTime:0.000000s ]
INFO: [ app_begin ] --END-- [ RunTime:0.000000s ]
NOTIC: [2] Declaration of Pc\Controller\IndexController::error() should be compatible with Think\Controller::error($message = '', $jumpUrl = '', $ajax = false) D:\xampp\htdocs\paoding_new\Application\Pc\Controller\IndexController.class.php 第 7 行.
INFO: [ action_begin ] --START--
INFO: Run Home\Behaviors\siteBehavior [ RunTime:0.020001s ]
INFO: [ action_begin ] --END-- [ RunTime:0.020001s ]
NOTIC: [8] Undefined index: code D:\xampp\htdocs\paoding_new\Application\Pc\Controller\IndexController.class.php 第 21 行.
NOTIC: [8] Undefined index: ifWeChatLogin D:\xampp\htdocs\paoding_new\Application\Pc\Controller\IndexController.class.php 第 23 行.
INFO: [ view_begin ] --START--
INFO: Run Home\Behaviors\testBehavior [ RunTime:0.000000s ]
INFO: [ view_begin ] --END-- [ RunTime:0.000000s ]
INFO: [ view_parse ] --START--
INFO: [ template_filter ] --START--
INFO: Run Behavior\ContentReplaceBehavior [ RunTime:0.001000s ]
INFO: [ template_filter ] --END-- [ RunTime:0.001000s ]
NOTIC: [8] Use of undefined constant Activity - assumed 'Activity' D:\xampp\htdocs\paoding_new\Application\Runtime\Cache\Pc\93c49ad67facdb6f997f1649493c88cf.php 第 22 行.
NOTIC: [8] Use of undefined constant Index - assumed 'Index' D:\xampp\htdocs\paoding_new\Application\Runtime\Cache\Pc\93c49ad67facdb6f997f1649493c88cf.php 第 25 行.
NOTIC: [8] Use of undefined constant index - assumed 'index' D:\xampp\htdocs\paoding_new\Application\Runtime\Cache\Pc\93c49ad67facdb6f997f1649493c88cf.php 第 25 行.
NOTIC: [8] Undefined variable: fatherId D:\xampp\htdocs\paoding_new\Application\Runtime\Cache\Pc\93c49ad67facdb6f997f1649493c88cf.php 第 392 行.
NOTIC: [8] Undefined variable: sonId D:\xampp\htdocs\paoding_new\Application\Runtime\Cache\Pc\93c49ad67facdb6f997f1649493c88cf.php 第 393 行.
NOTIC: [8] Use of undefined constant Index - assumed 'Index' D:\xampp\htdocs\paoding_new\Application\Runtime\Cache\Pc\93c49ad67facdb6f997f1649493c88cf.php 第 401 行.
INFO: Run Behavior\ParseTemplateBehavior [ RunTime:0.010000s ]
INFO: [ view_parse ] --END-- [ RunTime:0.010000s ]
INFO: [ view_filter ] --START--
INFO: Run Behavior\WriteHtmlCacheBehavior [ RunTime:0.000000s ]
INFO: Run Behavior\TokenBuildBehavior [ RunTime:0.002001s ]
INFO: [ view_filter ] --END-- [ RunTime:0.002001s ]
INFO: [ app_end ] --START--
INFO: Run Behavior\ShowPageTraceBehavior [ RunTime:0.001000s ]
INFO: [ app_end ] --END-- [ RunTime:0.001000s ]

[ 2017-12-09T15:27:31+08:00 ] 127.0.0.1 /
INFO: [ app_init ] --START--
INFO: Run Behavior\BuildLiteBehavior [ RunTime:0.000000s ]
INFO: [ app_init ] --END-- [ RunTime:0.001000s ]
INFO: [ app_begin ] --START--
INFO: Run Behavior\ReadHtmlCacheBehavior [ RunTime:0.000000s ]
INFO: [ app_begin ] --END-- [ RunTime:0.000000s ]
NOTIC: [2] Declaration of Pc\Controller\IndexController::error() should be compatible with Think\Controller::error($message = '', $jumpUrl = '', $ajax = false) D:\xampp\htdocs\paoding_new\Application\Pc\Controller\IndexController.class.php 第 7 行.
INFO: [ action_begin ] --START--
INFO: Run Home\Behaviors\siteBehavior [ RunTime:0.001000s ]
INFO: [ action_begin ] --END-- [ RunTime:0.001000s ]
NOTIC: [8] Undefined index: code D:\xampp\htdocs\paoding_new\Application\Pc\Controller\IndexController.class.php 第 21 行.
NOTIC: [8] Undefined index: ifWeChatLogin D:\xampp\htdocs\paoding_new\Application\Pc\Controller\IndexController.class.php 第 23 行.
INFO: [ view_begin ] --START--
INFO: Run Home\Behaviors\testBehavior [ RunTime:0.001001s ]
INFO: [ view_begin ] --END-- [ RunTime:0.001001s ]
INFO: [ view_parse ] --START--
INFO: [ template_filter ] --START--
INFO: Run Behavior\ContentReplaceBehavior [ RunTime:0.000000s ]
INFO: [ template_filter ] --END-- [ RunTime:0.001000s ]
NOTIC: [8] Use of undefined constant Activity - assumed 'Activity' D:\xampp\htdocs\paoding_new\Application\Runtime\Cache\Pc\93c49ad67facdb6f997f1649493c88cf.php 第 22 行.
NOTIC: [8] Use of undefined constant Index - assumed 'Index' D:\xampp\htdocs\paoding_new\Application\Runtime\Cache\Pc\93c49ad67facdb6f997f1649493c88cf.php 第 25 行.
NOTIC: [8] Use of undefined constant index - assumed 'index' D:\xampp\htdocs\paoding_new\Application\Runtime\Cache\Pc\93c49ad67facdb6f997f1649493c88cf.php 第 25 行.
NOTIC: [8] Undefined variable: fatherId D:\xampp\htdocs\paoding_new\Application\Runtime\Cache\Pc\93c49ad67facdb6f997f1649493c88cf.php 第 392 行.
NOTIC: [8] Undefined variable: sonId D:\xampp\htdocs\paoding_new\Application\Runtime\Cache\Pc\93c49ad67facdb6f997f1649493c88cf.php 第 393 行.
NOTIC: [8] Use of undefined constant Index - assumed 'Index' D:\xampp\htdocs\paoding_new\Application\Runtime\Cache\Pc\93c49ad67facdb6f997f1649493c88cf.php 第 401 行.
INFO: Run Behavior\ParseTemplateBehavior [ RunTime:0.011000s ]
INFO: [ view_parse ] --END-- [ RunTime:0.011000s ]
INFO: [ view_filter ] --START--
INFO: Run Behavior\WriteHtmlCacheBehavior [ RunTime:0.000000s ]
INFO: Run Behavior\TokenBuildBehavior [ RunTime:0.003000s ]
INFO: [ view_filter ] --END-- [ RunTime:0.003000s ]
INFO: [ app_end ] --START--
INFO: Run Behavior\ShowPageTraceBehavior [ RunTime:0.001000s ]
INFO: [ app_end ] --END-- [ RunTime:0.001000s ]

[ 2017-12-09T15:27:33+08:00 ] 127.0.0.1 /
INFO: [ app_init ] --START--
INFO: Run Behavior\BuildLiteBehavior [ RunTime:0.000000s ]
INFO: [ app_init ] --END-- [ RunTime:0.001000s ]
INFO: [ app_begin ] --START--
INFO: Run Behavior\ReadHtmlCacheBehavior [ RunTime:0.000000s ]
INFO: [ app_begin ] --END-- [ RunTime:0.000000s ]
NOTIC: [2] Declaration of Pc\Controller\IndexController::error() should be compatible with Think\Controller::error($message = '', $jumpUrl = '', $ajax = false) D:\xampp\htdocs\paoding_new\Application\Pc\Controller\IndexController.class.php 第 7 行.
INFO: [ action_begin ] --START--
INFO: Run Home\Behaviors\siteBehavior [ RunTime:0.021001s ]
INFO: [ action_begin ] --END-- [ RunTime:0.021001s ]
NOTIC: [8] Undefined index: code D:\xampp\htdocs\paoding_new\Application\Pc\Controller\IndexController.class.php 第 21 行.
NOTIC: [8] Undefined index: ifWeChatLogin D:\xampp\htdocs\paoding_new\Application\Pc\Controller\IndexController.class.php 第 23 行.
INFO: [ view_begin ] --START--
INFO: Run Home\Behaviors\testBehavior [ RunTime:0.000000s ]
INFO: [ view_begin ] --END-- [ RunTime:0.000000s ]
INFO: [ view_parse ] --START--
INFO: [ template_filter ] --START--
INFO: Run Behavior\ContentReplaceBehavior [ RunTime:0.001000s ]
INFO: [ template_filter ] --END-- [ RunTime:0.001000s ]
NOTIC: [8] Use of undefined constant Activity - assumed 'Activity' D:\xampp\htdocs\paoding_new\Application\Runtime\Cache\Pc\93c49ad67facdb6f997f1649493c88cf.php 第 22 行.
NOTIC: [8] Use of undefined constant Index - assumed 'Index' D:\xampp\htdocs\paoding_new\Application\Runtime\Cache\Pc\93c49ad67facdb6f997f1649493c88cf.php 第 25 行.
NOTIC: [8] Use of undefined constant index - assumed 'index' D:\xampp\htdocs\paoding_new\Application\Runtime\Cache\Pc\93c49ad67facdb6f997f1649493c88cf.php 第 25 行.
NOTIC: [8] Undefined variable: fatherId D:\xampp\htdocs\paoding_new\Application\Runtime\Cache\Pc\93c49ad67facdb6f997f1649493c88cf.php 第 392 行.
NOTIC: [8] Undefined variable: sonId D:\xampp\htdocs\paoding_new\Application\Runtime\Cache\Pc\93c49ad67facdb6f997f1649493c88cf.php 第 393 行.
NOTIC: [8] Use of undefined constant Index - assumed 'Index' D:\xampp\htdocs\paoding_new\Application\Runtime\Cache\Pc\93c49ad67facdb6f997f1649493c88cf.php 第 401 行.
INFO: Run Behavior\ParseTemplateBehavior [ RunTime:0.011001s ]
INFO: [ view_parse ] --END-- [ RunTime:0.011001s ]
INFO: [ view_filter ] --START--
INFO: Run Behavior\WriteHtmlCacheBehavior [ RunTime:0.001000s ]
INFO: Run Behavior\TokenBuildBehavior [ RunTime:0.003000s ]
INFO: [ view_filter ] --END-- [ RunTime:0.004000s ]
INFO: [ app_end ] --START--
INFO: Run Behavior\ShowPageTraceBehavior [ RunTime:0.001000s ]
INFO: [ app_end ] --END-- [ RunTime:0.001000s ]

[ 2017-12-09T15:30:59+08:00 ] 127.0.0.1 /
INFO: [ app_init ] --START--
INFO: Run Behavior\BuildLiteBehavior [ RunTime:0.000000s ]
INFO: [ app_init ] --END-- [ RunTime:0.001000s ]
INFO: [ app_begin ] --START--
INFO: Run Behavior\ReadHtmlCacheBehavior [ RunTime:0.001000s ]
INFO: [ app_begin ] --END-- [ RunTime:0.001000s ]
NOTIC: [2] Declaration of Pc\Controller\IndexController::error() should be compatible with Think\Controller::error($message = '', $jumpUrl = '', $ajax = false) D:\xampp\htdocs\paoding_new\Application\Pc\Controller\IndexController.class.php 第 7 行.
INFO: [ action_begin ] --START--
INFO: Run Home\Behaviors\siteBehavior [ RunTime:0.001000s ]
INFO: [ action_begin ] --END-- [ RunTime:0.001000s ]
NOTIC: [8] Undefined index: code D:\xampp\htdocs\paoding_new\Application\Pc\Controller\IndexController.class.php 第 21 行.
NOTIC: [8] Undefined index: ifWeChatLogin D:\xampp\htdocs\paoding_new\Application\Pc\Controller\IndexController.class.php 第 23 行.
INFO: [ view_begin ] --START--
INFO: Run Home\Behaviors\testBehavior [ RunTime:0.001000s ]
INFO: [ view_begin ] --END-- [ RunTime:0.001000s ]
INFO: [ view_parse ] --START--
INFO: [ template_filter ] --START--
INFO: Run Behavior\ContentReplaceBehavior [ RunTime:0.000000s ]
INFO: [ template_filter ] --END-- [ RunTime:0.000000s ]
NOTIC: [8] Use of undefined constant Activity - assumed 'Activity' D:\xampp\htdocs\paoding_new\Application\Runtime\Cache\Pc\93c49ad67facdb6f997f1649493c88cf.php 第 22 行.
NOTIC: [8] Use of undefined constant Index - assumed 'Index' D:\xampp\htdocs\paoding_new\Application\Runtime\Cache\Pc\93c49ad67facdb6f997f1649493c88cf.php 第 25 行.
NOTIC: [8] Use of undefined constant index - assumed 'index' D:\xampp\htdocs\paoding_new\Application\Runtime\Cache\Pc\93c49ad67facdb6f997f1649493c88cf.php 第 25 行.
NOTIC: [8] Undefined variable: fatherId D:\xampp\htdocs\paoding_new\Application\Runtime\Cache\Pc\93c49ad67facdb6f997f1649493c88cf.php 第 392 行.
NOTIC: [8] Undefined variable: sonId D:\xampp\htdocs\paoding_new\Application\Runtime\Cache\Pc\93c49ad67facdb6f997f1649493c88cf.php 第 393 行.
NOTIC: [8] Use of undefined constant Index - assumed 'Index' D:\xampp\htdocs\paoding_new\Application\Runtime\Cache\Pc\93c49ad67facdb6f997f1649493c88cf.php 第 401 行.
INFO: Run Behavior\ParseTemplateBehavior [ RunTime:0.011001s ]
INFO: [ view_parse ] --END-- [ RunTime:0.011001s ]
INFO: [ view_filter ] --START--
INFO: Run Behavior\WriteHtmlCacheBehavior [ RunTime:0.001000s ]
INFO: Run Behavior\TokenBuildBehavior [ RunTime:0.003000s ]
INFO: [ view_filter ] --END-- [ RunTime:0.004000s ]
INFO: [ app_end ] --START--
INFO: Run Behavior\ShowPageTraceBehavior [ RunTime:0.001000s ]
INFO: [ app_end ] --END-- [ RunTime:0.002000s ]

[ 2017-12-09T16:15:07+08:00 ] 127.0.0.1 /index.php/Pc/User/user_info
INFO: [ app_init ] --START--
INFO: Run Behavior\BuildLiteBehavior [ RunTime:0.000000s ]
INFO: [ app_init ] --END-- [ RunTime:0.001001s ]
INFO: [ app_begin ] --START--
INFO: Run Behavior\ReadHtmlCacheBehavior [ RunTime:0.001000s ]
INFO: [ app_begin ] --END-- [ RunTime:0.001000s ]
INFO: [ action_begin ] --START--
INFO: Run Home\Behaviors\siteBehavior [ RunTime:0.001000s ]
INFO: [ action_begin ] --END-- [ RunTime:0.001000s ]
NOTIC: [8] Undefined index: code D:\xampp\htdocs\paoding_new\Application\Pc\Controller\UserController.class.php 第 178 行.
NOTIC: [8] Undefined index: ifWeChatLogin D:\xampp\htdocs\paoding_new\Application\Pc\Controller\UserController.class.php 第 180 行.
INFO: [ view_begin ] --START--
INFO: Run Home\Behaviors\testBehavior [ RunTime:0.000000s ]
INFO: [ view_begin ] --END-- [ RunTime:0.000000s ]
INFO: [ view_parse ] --START--
INFO: [ template_filter ] --START--
INFO: Run Behavior\ContentReplaceBehavior [ RunTime:0.000000s ]
INFO: [ template_filter ] --END-- [ RunTime:0.000000s ]
NOTIC: [8] Use of undefined constant Activity - assumed 'Activity' D:\xampp\htdocs\paoding_new\Application\Runtime\Cache\Pc\c38ed6dd0b4e9dd0414c2f357ae9eb79.php 第 17 行.
NOTIC: [8] Use of undefined constant Index - assumed 'Index' D:\xampp\htdocs\paoding_new\Application\Runtime\Cache\Pc\c38ed6dd0b4e9dd0414c2f357ae9eb79.php 第 20 行.
NOTIC: [8] Undefined variable: fatherId D:\xampp\htdocs\paoding_new\Application\Runtime\Cache\Pc\c38ed6dd0b4e9dd0414c2f357ae9eb79.php 第 296 行.
NOTIC: [8] Undefined variable: sonId D:\xampp\htdocs\paoding_new\Application\Runtime\Cache\Pc\c38ed6dd0b4e9dd0414c2f357ae9eb79.php 第 297 行.
NOTIC: [8] Use of undefined constant Index - assumed 'Index' D:\xampp\htdocs\paoding_new\Application\Runtime\Cache\Pc\c38ed6dd0b4e9dd0414c2f357ae9eb79.php 第 304 行.
NOTIC: [8] Use of undefined constant Science - assumed 'Science' D:\xampp\htdocs\paoding_new\Application\Runtime\Cache\Pc\c38ed6dd0b4e9dd0414c2f357ae9eb79.php 第 304 行.
NOTIC: [8] Use of undefined constant Task - assumed 'Task' D:\xampp\htdocs\paoding_new\Application\Runtime\Cache\Pc\c38ed6dd0b4e9dd0414c2f357ae9eb79.php 第 305 行.
INFO: Run Behavior\ParseTemplateBehavior [ RunTime:0.012000s ]
INFO: [ view_parse ] --END-- [ RunTime:0.012000s ]
INFO: [ view_filter ] --START--
INFO: Run Behavior\WriteHtmlCacheBehavior [ RunTime:0.000000s ]
INFO: Run Behavior\TokenBuildBehavior [ RunTime:0.003000s ]
INFO: [ view_filter ] --END-- [ RunTime:0.003000s ]
INFO: [ app_end ] --START--
INFO: Run Behavior\ShowPageTraceBehavior [ RunTime:0.001000s ]
INFO: [ app_end ] --END-- [ RunTime:0.001000s ]

[ 2017-12-09T16:15:10+08:00 ] 127.0.0.1 /index.php/Pc/User/user_security
INFO: [ app_init ] --START--
INFO: Run Behavior\BuildLiteBehavior [ RunTime:0.000000s ]
INFO: [ app_init ] --END-- [ RunTime:0.001000s ]
INFO: [ app_begin ] --START--
INFO: Run Behavior\ReadHtmlCacheBehavior [ RunTime:0.002000s ]
INFO: [ app_begin ] --END-- [ RunTime:0.002000s ]
INFO: [ action_begin ] --START--
INFO: Run Home\Behaviors\siteBehavior [ RunTime:0.001000s ]
INFO: [ action_begin ] --END-- [ RunTime:0.001000s ]
NOTIC: [8] Undefined index: code D:\xampp\htdocs\paoding_new\Application\Pc\Controller\UserController.class.php 第 196 行.
NOTIC: [8] Undefined index: ifWeChatLogin D:\xampp\htdocs\paoding_new\Application\Pc\Controller\UserController.class.php 第 198 行.
NOTIC: [8] Undefined index: ifWeChatBind D:\xampp\htdocs\paoding_new\Application\Pc\Controller\UserController.class.php 第 200 行.
INFO: [ view_begin ] --START--
INFO: Run Home\Behaviors\testBehavior [ RunTime:0.001000s ]
INFO: [ view_begin ] --END-- [ RunTime:0.001000s ]
INFO: [ view_parse ] --START--
INFO: [ template_filter ] --START--
INFO: Run Behavior\ContentReplaceBehavior [ RunTime:0.000000s ]
INFO: [ template_filter ] --END-- [ RunTime:0.000000s ]
NOTIC: [8] Use of undefined constant Activity - assumed 'Activity' D:\xampp\htdocs\paoding_new\Application\Runtime\Cache\Pc\eb0129cbfcbb5fc441cbdb730a01463d.php 第 17 行.
NOTIC: [8] Use of undefined constant Index - assumed 'Index' D:\xampp\htdocs\paoding_new\Application\Runtime\Cache\Pc\eb0129cbfcbb5fc441cbdb730a01463d.php 第 20 行.
NOTIC: [8] Undefined variable: fatherId D:\xampp\htdocs\paoding_new\Application\Runtime\Cache\Pc\eb0129cbfcbb5fc441cbdb730a01463d.php 第 322 行.
NOTIC: [8] Undefined variable: sonId D:\xampp\htdocs\paoding_new\Application\Runtime\Cache\Pc\eb0129cbfcbb5fc441cbdb730a01463d.php 第 323 行.
NOTIC: [8] Use of undefined constant Index - assumed 'Index' D:\xampp\htdocs\paoding_new\Application\Runtime\Cache\Pc\eb0129cbfcbb5fc441cbdb730a01463d.php 第 330 行.
NOTIC: [8] Use of undefined constant Science - assumed 'Science' D:\xampp\htdocs\paoding_new\Application\Runtime\Cache\Pc\eb0129cbfcbb5fc441cbdb730a01463d.php 第 330 行.
NOTIC: [8] Use of undefined constant Task - assumed 'Task' D:\xampp\htdocs\paoding_new\Application\Runtime\Cache\Pc\eb0129cbfcbb5fc441cbdb730a01463d.php 第 331 行.
INFO: Run Behavior\ParseTemplateBehavior [ RunTime:0.069004s ]
INFO: [ view_parse ] --END-- [ RunTime:0.069004s ]
INFO: [ view_filter ] --START--
INFO: Run Behavior\WriteHtmlCacheBehavior [ RunTime:0.001000s ]
INFO: Run Behavior\TokenBuildBehavior [ RunTime:0.002000s ]
INFO: [ view_filter ] --END-- [ RunTime:0.003000s ]
INFO: [ app_end ] --START--
INFO: Run Behavior\ShowPageTraceBehavior [ RunTime:0.001000s ]
INFO: [ app_end ] --END-- [ RunTime:0.001000s ]

[ 2017-12-09T16:17:39+08:00 ] 127.0.0.1 /index.php/Pc/User/user_security
INFO: [ app_init ] --START--
INFO: Run Behavior\BuildLiteBehavior [ RunTime:0.000000s ]
INFO: [ app_init ] --END-- [ RunTime:0.000000s ]
INFO: [ app_begin ] --START--
INFO: Run Behavior\ReadHtmlCacheBehavior [ RunTime:0.000000s ]
INFO: [ app_begin ] --END-- [ RunTime:0.000000s ]
INFO: [ action_begin ] --START--
INFO: Run Home\Behaviors\siteBehavior [ RunTime:0.001000s ]
INFO: [ action_begin ] --END-- [ RunTime:0.001000s ]
NOTIC: [8] Undefined index: code D:\xampp\htdocs\paoding_new\Application\Pc\Controller\UserController.class.php 第 196 行.
NOTIC: [8] Undefined index: ifWeChatLogin D:\xampp\htdocs\paoding_new\Application\Pc\Controller\UserController.class.php 第 198 行.
NOTIC: [8] Undefined index: ifWeChatBind D:\xampp\htdocs\paoding_new\Application\Pc\Controller\UserController.class.php 第 200 行.
INFO: [ view_begin ] --START--
INFO: Run Home\Behaviors\testBehavior [ RunTime:0.001000s ]
INFO: [ view_begin ] --END-- [ RunTime:0.001000s ]
INFO: [ view_parse ] --START--
INFO: [ template_filter ] --START--
INFO: Run Behavior\ContentReplaceBehavior [ RunTime:0.000000s ]
INFO: [ template_filter ] --END-- [ RunTime:0.000000s ]
NOTIC: [8] Use of undefined constant Activity - assumed 'Activity' D:\xampp\htdocs\paoding_new\Application\Runtime\Cache\Pc\eb0129cbfcbb5fc441cbdb730a01463d.php 第 17 行.
NOTIC: [8] Use of undefined constant Index - assumed 'Index' D:\xampp\htdocs\paoding_new\Application\Runtime\Cache\Pc\eb0129cbfcbb5fc441cbdb730a01463d.php 第 20 行.
NOTIC: [8] Undefined variable: fatherId D:\xampp\htdocs\paoding_new\Application\Runtime\Cache\Pc\eb0129cbfcbb5fc441cbdb730a01463d.php 第 322 行.
NOTIC: [8] Undefined variable: sonId D:\xampp\htdocs\paoding_new\Application\Runtime\Cache\Pc\eb0129cbfcbb5fc441cbdb730a01463d.php 第 323 行.
NOTIC: [8] Use of undefined constant Index - assumed 'Index' D:\xampp\htdocs\paoding_new\Application\Runtime\Cache\Pc\eb0129cbfcbb5fc441cbdb730a01463d.php 第 330 行.
NOTIC: [8] Use of undefined constant Science - assumed 'Science' D:\xampp\htdocs\paoding_new\Application\Runtime\Cache\Pc\eb0129cbfcbb5fc441cbdb730a01463d.php 第 330 行.
NOTIC: [8] Use of undefined constant Task - assumed 'Task' D:\xampp\htdocs\paoding_new\Application\Runtime\Cache\Pc\eb0129cbfcbb5fc441cbdb730a01463d.php 第 331 行.
INFO: Run Behavior\ParseTemplateBehavior [ RunTime:0.012001s ]
INFO: [ view_parse ] --END-- [ RunTime:0.012001s ]
INFO: [ view_filter ] --START--
INFO: Run Behavior\WriteHtmlCacheBehavior [ RunTime:0.001000s ]
INFO: Run Behavior\TokenBuildBehavior [ RunTime:0.003000s ]
INFO: [ view_filter ] --END-- [ RunTime:0.004000s ]
INFO: [ app_end ] --START--
INFO: Run Behavior\ShowPageTraceBehavior [ RunTime:0.001000s ]
INFO: [ app_end ] --END-- [ RunTime:0.001000s ]

[ 2017-12-09T16:17:41+08:00 ] 127.0.0.1 /index.php/Pc/Index/index
INFO: [ app_init ] --START--
INFO: Run Behavior\BuildLiteBehavior [ RunTime:0.000000s ]
INFO: [ app_init ] --END-- [ RunTime:0.000000s ]
INFO: [ app_begin ] --START--
INFO: Run Behavior\ReadHtmlCacheBehavior [ RunTime:0.000000s ]
INFO: [ app_begin ] --END-- [ RunTime:0.000000s ]
NOTIC: [2] Declaration of Pc\Controller\IndexController::error() should be compatible with Think\Controller::error($message = '', $jumpUrl = '', $ajax = false) D:\xampp\htdocs\paoding_new\Application\Pc\Controller\IndexController.class.php 第 7 行.
INFO: [ action_begin ] --START--
INFO: Run Home\Behaviors\siteBehavior [ RunTime:0.027001s ]
INFO: [ action_begin ] --END-- [ RunTime:0.027001s ]
NOTIC: [8] Undefined index: code D:\xampp\htdocs\paoding_new\Application\Pc\Controller\IndexController.class.php 第 21 行.
NOTIC: [8] Undefined index: ifWeChatLogin D:\xampp\htdocs\paoding_new\Application\Pc\Controller\IndexController.class.php 第 23 行.
INFO: [ view_begin ] --START--
INFO: Run Home\Behaviors\testBehavior [ RunTime:0.000000s ]
INFO: [ view_begin ] --END-- [ RunTime:0.000000s ]
INFO: [ view_parse ] --START--
INFO: [ template_filter ] --START--
INFO: Run Behavior\ContentReplaceBehavior [ RunTime:0.000000s ]
INFO: [ template_filter ] --END-- [ RunTime:0.000000s ]
NOTIC: [8] Use of undefined constant Activity - assumed 'Activity' D:\xampp\htdocs\paoding_new\Application\Runtime\Cache\Pc\93c49ad67facdb6f997f1649493c88cf.php 第 22 行.
NOTIC: [8] Use of undefined constant Index - assumed 'Index' D:\xampp\htdocs\paoding_new\Application\Runtime\Cache\Pc\93c49ad67facdb6f997f1649493c88cf.php 第 25 行.
NOTIC: [8] Use of undefined constant index - assumed 'index' D:\xampp\htdocs\paoding_new\Application\Runtime\Cache\Pc\93c49ad67facdb6f997f1649493c88cf.php 第 25 行.
NOTIC: [8] Undefined variable: fatherId D:\xampp\htdocs\paoding_new\Application\Runtime\Cache\Pc\93c49ad67facdb6f997f1649493c88cf.php 第 392 行.
NOTIC: [8] Undefined variable: sonId D:\xampp\htdocs\paoding_new\Application\Runtime\Cache\Pc\93c49ad67facdb6f997f1649493c88cf.php 第 393 行.
NOTIC: [8] Use of undefined constant Index - assumed 'Index' D:\xampp\htdocs\paoding_new\Application\Runtime\Cache\Pc\93c49ad67facdb6f997f1649493c88cf.php 第 401 行.
INFO: Run Behavior\ParseTemplateBehavior [ RunTime:0.012001s ]
INFO: [ view_parse ] --END-- [ RunTime:0.012001s ]
INFO: [ view_filter ] --START--
INFO: Run Behavior\WriteHtmlCacheBehavior [ RunTime:0.001000s ]
INFO: Run Behavior\TokenBuildBehavior [ RunTime:0.002000s ]
INFO: [ view_filter ] --END-- [ RunTime:0.003000s ]
INFO: [ app_end ] --START--
INFO: Run Behavior\ShowPageTraceBehavior [ RunTime:0.001000s ]
INFO: [ app_end ] --END-- [ RunTime:0.001000s ]

[ 2017-12-09T16:17:55+08:00 ] 127.0.0.1 /index.php/Pc/Index/index
INFO: [ app_init ] --START--
INFO: Run Behavior\BuildLiteBehavior [ RunTime:0.000000s ]
INFO: [ app_init ] --END-- [ RunTime:0.001000s ]
INFO: [ app_begin ] --START--
INFO: Run Behavior\ReadHtmlCacheBehavior [ RunTime:0.001000s ]
INFO: [ app_begin ] --END-- [ RunTime:0.001000s ]
NOTIC: [2] Declaration of Pc\Controller\IndexController::error() should be compatible with Think\Controller::error($message = '', $jumpUrl = '', $ajax = false) D:\xampp\htdocs\paoding_new\Application\Pc\Controller\IndexController.class.php 第 7 行.
INFO: [ action_begin ] --START--
INFO: Run Home\Behaviors\siteBehavior [ RunTime:0.034002s ]
INFO: [ action_begin ] --END-- [ RunTime:0.034002s ]
NOTIC: [8] Undefined index: code D:\xampp\htdocs\paoding_new\Application\Pc\Controller\IndexController.class.php 第 21 行.
NOTIC: [8] Undefined index: ifWeChatLogin D:\xampp\htdocs\paoding_new\Application\Pc\Controller\IndexController.class.php 第 23 行.
INFO: [ view_begin ] --START--
INFO: Run Home\Behaviors\testBehavior [ RunTime:0.002000s ]
INFO: [ view_begin ] --END-- [ RunTime:0.002000s ]
INFO: [ view_parse ] --START--
INFO: [ template_filter ] --START--
INFO: Run Behavior\ContentReplaceBehavior [ RunTime:0.000000s ]
INFO: [ template_filter ] --END-- [ RunTime:0.000000s ]
NOTIC: [8] Use of undefined constant Activity - assumed 'Activity' D:\xampp\htdocs\paoding_new\Application\Runtime\Cache\Pc\93c49ad67facdb6f997f1649493c88cf.php 第 22 行.
NOTIC: [8] Use of undefined constant Index - assumed 'Index' D:\xampp\htdocs\paoding_new\Application\Runtime\Cache\Pc\93c49ad67facdb6f997f1649493c88cf.php 第 25 行.
NOTIC: [8] Use of undefined constant index - assumed 'index' D:\xampp\htdocs\paoding_new\Application\Runtime\Cache\Pc\93c49ad67facdb6f997f1649493c88cf.php 第 25 行.
NOTIC: [8] Undefined variable: fatherId D:\xampp\htdocs\paoding_new\Application\Runtime\Cache\Pc\93c49ad67facdb6f997f1649493c88cf.php 第 392 行.
NOTIC: [8] Undefined variable: sonId D:\xampp\htdocs\paoding_new\Application\Runtime\Cache\Pc\93c49ad67facdb6f997f1649493c88cf.php 第 393 行.
NOTIC: [8] Use of undefined constant Index - assumed 'Index' D:\xampp\htdocs\paoding_new\Application\Runtime\Cache\Pc\93c49ad67facdb6f997f1649493c88cf.php 第 401 行.
INFO: Run Behavior\ParseTemplateBehavior [ RunTime:0.013000s ]
INFO: [ view_parse ] --END-- [ RunTime:0.013000s ]
INFO: [ view_filter ] --START--
INFO: Run Behavior\WriteHtmlCacheBehavior [ RunTime:0.000000s ]
INFO: Run Behavior\TokenBuildBehavior [ RunTime:0.003001s ]
INFO: [ view_filter ] --END-- [ RunTime:0.003001s ]
INFO: [ app_end ] --START--
INFO: Run Behavior\ShowPageTraceBehavior [ RunTime:0.001000s ]
INFO: [ app_end ] --END-- [ RunTime:0.001000s ]

[ 2017-12-09T16:18:21+08:00 ] 127.0.0.1 /index.php/Pc/User/user_info
INFO: [ app_init ] --START--
INFO: Run Behavior\BuildLiteBehavior [ RunTime:0.000000s ]
INFO: [ app_init ] --END-- [ RunTime:0.001000s ]
INFO: [ app_begin ] --START--
INFO: Run Behavior\ReadHtmlCacheBehavior [ RunTime:0.001000s ]
INFO: [ app_begin ] --END-- [ RunTime:0.001000s ]
INFO: [ action_begin ] --START--
INFO: Run Home\Behaviors\siteBehavior [ RunTime:0.000000s ]
INFO: [ action_begin ] --END-- [ RunTime:0.000000s ]
NOTIC: [8] Undefined index: code D:\xampp\htdocs\paoding_new\Application\Pc\Controller\UserController.class.php 第 178 行.
NOTIC: [8] Undefined index: ifWeChatLogin D:\xampp\htdocs\paoding_new\Application\Pc\Controller\UserController.class.php 第 180 行.
INFO: [ view_begin ] --START--
INFO: Run Home\Behaviors\testBehavior [ RunTime:0.001000s ]
INFO: [ view_begin ] --END-- [ RunTime:0.001000s ]
INFO: [ view_parse ] --START--
INFO: [ template_filter ] --START--
INFO: Run Behavior\ContentReplaceBehavior [ RunTime:0.000000s ]
INFO: [ template_filter ] --END-- [ RunTime:0.000000s ]
NOTIC: [8] Use of undefined constant Activity - assumed 'Activity' D:\xampp\htdocs\paoding_new\Application\Runtime\Cache\Pc\c38ed6dd0b4e9dd0414c2f357ae9eb79.php 第 17 行.
NOTIC: [8] Use of undefined constant Index - assumed 'Index' D:\xampp\htdocs\paoding_new\Application\Runtime\Cache\Pc\c38ed6dd0b4e9dd0414c2f357ae9eb79.php 第 20 行.
NOTIC: [8] Undefined variable: fatherId D:\xampp\htdocs\paoding_new\Application\Runtime\Cache\Pc\c38ed6dd0b4e9dd0414c2f357ae9eb79.php 第 296 行.
NOTIC: [8] Undefined variable: sonId D:\xampp\htdocs\paoding_new\Application\Runtime\Cache\Pc\c38ed6dd0b4e9dd0414c2f357ae9eb79.php 第 297 行.
NOTIC: [8] Use of undefined constant Index - assumed 'Index' D:\xampp\htdocs\paoding_new\Application\Runtime\Cache\Pc\c38ed6dd0b4e9dd0414c2f357ae9eb79.php 第 304 行.
NOTIC: [8] Use of undefined constant Science - assumed 'Science' D:\xampp\htdocs\paoding_new\Application\Runtime\Cache\Pc\c38ed6dd0b4e9dd0414c2f357ae9eb79.php 第 304 行.
NOTIC: [8] Use of undefined constant Task - assumed 'Task' D:\xampp\htdocs\paoding_new\Application\Runtime\Cache\Pc\c38ed6dd0b4e9dd0414c2f357ae9eb79.php 第 305 行.
INFO: Run Behavior\ParseTemplateBehavior [ RunTime:0.013000s ]
INFO: [ view_parse ] --END-- [ RunTime:0.013000s ]
INFO: [ view_filter ] --START--
INFO: Run Behavior\WriteHtmlCacheBehavior [ RunTime:0.001000s ]
INFO: Run Behavior\TokenBuildBehavior [ RunTime:0.002001s ]
INFO: [ view_filter ] --END-- [ RunTime:0.003001s ]
INFO: [ app_end ] --START--
INFO: Run Behavior\ShowPageTraceBehavior [ RunTime:0.001000s ]
INFO: [ app_end ] --END-- [ RunTime:0.001000s ]

[ 2017-12-09T16:18:27+08:00 ] 127.0.0.1 /index.php/Pc/User/user_security
INFO: [ app_init ] --START--
INFO: Run Behavior\BuildLiteBehavior [ RunTime:0.000000s ]
INFO: [ app_init ] --END-- [ RunTime:0.001000s ]
INFO: [ app_begin ] --START--
INFO: Run Behavior\ReadHtmlCacheBehavior [ RunTime:0.001000s ]
INFO: [ app_begin ] --END-- [ RunTime:0.001000s ]
INFO: [ action_begin ] --START--
INFO: Run Home\Behaviors\siteBehavior [ RunTime:0.001000s ]
INFO: [ action_begin ] --END-- [ RunTime:0.001000s ]
NOTIC: [8] Undefined index: code D:\xampp\htdocs\paoding_new\Application\Pc\Controller\UserController.class.php 第 196 行.
NOTIC: [8] Undefined index: ifWeChatLogin D:\xampp\htdocs\paoding_new\Application\Pc\Controller\UserController.class.php 第 198 行.
NOTIC: [8] Undefined index: ifWeChatBind D:\xampp\htdocs\paoding_new\Application\Pc\Controller\UserController.class.php 第 200 行.
INFO: [ view_begin ] --START--
INFO: Run Home\Behaviors\testBehavior [ RunTime:0.001000s ]
INFO: [ view_begin ] --END-- [ RunTime:0.001000s ]
INFO: [ view_parse ] --START--
INFO: [ template_filter ] --START--
INFO: Run Behavior\ContentReplaceBehavior [ RunTime:0.000000s ]
INFO: [ template_filter ] --END-- [ RunTime:0.001000s ]
NOTIC: [8] Use of undefined constant Activity - assumed 'Activity' D:\xampp\htdocs\paoding_new\Application\Runtime\Cache\Pc\eb0129cbfcbb5fc441cbdb730a01463d.php 第 17 行.
NOTIC: [8] Use of undefined constant Index - assumed 'Index' D:\xampp\htdocs\paoding_new\Application\Runtime\Cache\Pc\eb0129cbfcbb5fc441cbdb730a01463d.php 第 20 行.
NOTIC: [8] Undefined variable: fatherId D:\xampp\htdocs\paoding_new\Application\Runtime\Cache\Pc\eb0129cbfcbb5fc441cbdb730a01463d.php 第 322 行.
NOTIC: [8] Undefined variable: sonId D:\xampp\htdocs\paoding_new\Application\Runtime\Cache\Pc\eb0129cbfcbb5fc441cbdb730a01463d.php 第 323 行.
NOTIC: [8] Use of undefined constant Index - assumed 'Index' D:\xampp\htdocs\paoding_new\Application\Runtime\Cache\Pc\eb0129cbfcbb5fc441cbdb730a01463d.php 第 330 行.
NOTIC: [8] Use of undefined constant Science - assumed 'Science' D:\xampp\htdocs\paoding_new\Application\Runtime\Cache\Pc\eb0129cbfcbb5fc441cbdb730a01463d.php 第 330 行.
NOTIC: [8] Use of undefined constant Task - assumed 'Task' D:\xampp\htdocs\paoding_new\Application\Runtime\Cache\Pc\eb0129cbfcbb5fc441cbdb730a01463d.php 第 331 行.
INFO: Run Behavior\ParseTemplateBehavior [ RunTime:0.012001s ]
INFO: [ view_parse ] --END-- [ RunTime:0.012001s ]
INFO: [ view_filter ] --START--
INFO: Run Behavior\WriteHtmlCacheBehavior [ RunTime:0.001000s ]
INFO: Run Behavior\TokenBuildBehavior [ RunTime:0.002000s ]
INFO: [ view_filter ] --END-- [ RunTime:0.003000s ]
INFO: [ app_end ] --START--
INFO: Run Behavior\ShowPageTraceBehavior [ RunTime:0.001000s ]
INFO: [ app_end ] --END-- [ RunTime:0.001000s ]

[ 2017-12-09T16:45:01+08:00 ] 127.0.0.1 /index.php/Pc/User/user_security
INFO: [ app_init ] --START--
INFO: Run Behavior\BuildLiteBehavior [ RunTime:0.000000s ]
INFO: [ app_init ] --END-- [ RunTime:0.001000s ]
INFO: [ app_begin ] --START--
INFO: Run Behavior\ReadHtmlCacheBehavior [ RunTime:0.000000s ]
INFO: [ app_begin ] --END-- [ RunTime:0.000000s ]
INFO: [ action_begin ] --START--
INFO: Run Home\Behaviors\siteBehavior [ RunTime:0.001000s ]
INFO: [ action_begin ] --END-- [ RunTime:0.001000s ]
NOTIC: [8] Undefined index: code D:\xampp\htdocs\paoding_new\Application\Pc\Controller\UserController.class.php 第 196 行.
NOTIC: [8] Undefined index: ifWeChatLogin D:\xampp\htdocs\paoding_new\Application\Pc\Controller\UserController.class.php 第 198 行.
NOTIC: [8] Undefined index: ifWeChatBind D:\xampp\htdocs\paoding_new\Application\Pc\Controller\UserController.class.php 第 200 行.
INFO: [ view_begin ] --START--
INFO: Run Home\Behaviors\testBehavior [ RunTime:0.001001s ]
INFO: [ view_begin ] --END-- [ RunTime:0.001001s ]
INFO: [ view_parse ] --START--
INFO: [ template_filter ] --START--
INFO: Run Behavior\ContentReplaceBehavior [ RunTime:0.000000s ]
INFO: [ template_filter ] --END-- [ RunTime:0.000000s ]
NOTIC: [8] Use of undefined constant Activity - assumed 'Activity' D:\xampp\htdocs\paoding_new\Application\Runtime\Cache\Pc\eb0129cbfcbb5fc441cbdb730a01463d.php 第 17 行.
NOTIC: [8] Use of undefined constant Index - assumed 'Index' D:\xampp\htdocs\paoding_new\Application\Runtime\Cache\Pc\eb0129cbfcbb5fc441cbdb730a01463d.php 第 20 行.
NOTIC: [8] Undefined variable: fatherId D:\xampp\htdocs\paoding_new\Application\Runtime\Cache\Pc\eb0129cbfcbb5fc441cbdb730a01463d.php 第 322 行.
NOTIC: [8] Undefined variable: sonId D:\xampp\htdocs\paoding_new\Application\Runtime\Cache\Pc\eb0129cbfcbb5fc441cbdb730a01463d.php 第 323 行.
NOTIC: [8] Use of undefined constant Index - assumed 'Index' D:\xampp\htdocs\paoding_new\Application\Runtime\Cache\Pc\eb0129cbfcbb5fc441cbdb730a01463d.php 第 330 行.
NOTIC: [8] Use of undefined constant Science - assumed 'Science' D:\xampp\htdocs\paoding_new\Application\Runtime\Cache\Pc\eb0129cbfcbb5fc441cbdb730a01463d.php 第 330 行.
NOTIC: [8] Use of undefined constant Task - assumed 'Task' D:\xampp\htdocs\paoding_new\Application\Runtime\Cache\Pc\eb0129cbfcbb5fc441cbdb730a01463d.php 第 331 行.
INFO: Run Behavior\ParseTemplateBehavior [ RunTime:0.011000s ]
INFO: [ view_parse ] --END-- [ RunTime:0.011000s ]
INFO: [ view_filter ] --START--
INFO: Run Behavior\WriteHtmlCacheBehavior [ RunTime:0.000000s ]
INFO: Run Behavior\TokenBuildBehavior [ RunTime:0.002000s ]
INFO: [ view_filter ] --END-- [ RunTime:0.002000s ]
INFO: [ app_end ] --START--
INFO: Run Behavior\ShowPageTraceBehavior [ RunTime:0.001000s ]
INFO: [ app_end ] --END-- [ RunTime:0.001000s ]

[ 2017-12-09T16:45:05+08:00 ] 127.0.0.1 /index.php/Pc/User/user_security
INFO: [ app_init ] --START--
INFO: Run Behavior\BuildLiteBehavior [ RunTime:0.000000s ]
INFO: [ app_init ] --END-- [ RunTime:0.001000s ]
INFO: [ app_begin ] --START--
INFO: Run Behavior\ReadHtmlCacheBehavior [ RunTime:0.000000s ]
INFO: [ app_begin ] --END-- [ RunTime:0.000000s ]
INFO: [ action_begin ] --START--
INFO: Run Home\Behaviors\siteBehavior [ RunTime:0.001000s ]
INFO: [ action_begin ] --END-- [ RunTime:0.001000s ]
NOTIC: [8] Undefined index: code D:\xampp\htdocs\paoding_new\Application\Pc\Controller\UserController.class.php 第 196 行.
NOTIC: [8] Undefined index: ifWeChatLogin D:\xampp\htdocs\paoding_new\Application\Pc\Controller\UserController.class.php 第 198 行.
NOTIC: [8] Undefined index: ifWeChatBind D:\xampp\htdocs\paoding_new\Application\Pc\Controller\UserController.class.php 第 200 行.
INFO: [ view_begin ] --START--
INFO: Run Home\Behaviors\testBehavior [ RunTime:0.001000s ]
INFO: [ view_begin ] --END-- [ RunTime:0.001000s ]
INFO: [ view_parse ] --START--
INFO: [ template_filter ] --START--
INFO: Run Behavior\ContentReplaceBehavior [ RunTime:0.000000s ]
INFO: [ template_filter ] --END-- [ RunTime:0.000000s ]
NOTIC: [8] Use of undefined constant Activity - assumed 'Activity' D:\xampp\htdocs\paoding_new\Application\Runtime\Cache\Pc\eb0129cbfcbb5fc441cbdb730a01463d.php 第 17 行.
NOTIC: [8] Use of undefined constant Index - assumed 'Index' D:\xampp\htdocs\paoding_new\Application\Runtime\Cache\Pc\eb0129cbfcbb5fc441cbdb730a01463d.php 第 20 行.
NOTIC: [8] Undefined variable: fatherId D:\xampp\htdocs\paoding_new\Application\Runtime\Cache\Pc\eb0129cbfcbb5fc441cbdb730a01463d.php 第 322 行.
NOTIC: [8] Undefined variable: sonId D:\xampp\htdocs\paoding_new\Application\Runtime\Cache\Pc\eb0129cbfcbb5fc441cbdb730a01463d.php 第 323 行.
NOTIC: [8] Use of undefined constant Index - assumed 'Index' D:\xampp\htdocs\paoding_new\Application\Runtime\Cache\Pc\eb0129cbfcbb5fc441cbdb730a01463d.php 第 330 行.
NOTIC: [8] Use of undefined constant Science - assumed 'Science' D:\xampp\htdocs\paoding_new\Application\Runtime\Cache\Pc\eb0129cbfcbb5fc441cbdb730a01463d.php 第 330 行.
NOTIC: [8] Use of undefined constant Task - assumed 'Task' D:\xampp\htdocs\paoding_new\Application\Runtime\Cache\Pc\eb0129cbfcbb5fc441cbdb730a01463d.php 第 331 行.
INFO: Run Behavior\ParseTemplateBehavior [ RunTime:0.011001s ]
INFO: [ view_parse ] --END-- [ RunTime:0.011001s ]
INFO: [ view_filter ] --START--
INFO: Run Behavior\WriteHtmlCacheBehavior [ RunTime:0.001000s ]
INFO: Run Behavior\TokenBuildBehavior [ RunTime:0.002000s ]
INFO: [ view_filter ] --END-- [ RunTime:0.003000s ]
INFO: [ app_end ] --START--
INFO: Run Behavior\ShowPageTraceBehavior [ RunTime:0.001000s ]
INFO: [ app_end ] --END-- [ RunTime:0.001000s ]

[ 2017-12-09T16:45:06+08:00 ] 127.0.0.1 /index.php/Pc/Index/index
INFO: [ app_init ] --START--
INFO: Run Behavior\BuildLiteBehavior [ RunTime:0.000000s ]
INFO: [ app_init ] --END-- [ RunTime:0.001000s ]
INFO: [ app_begin ] --START--
INFO: Run Behavior\ReadHtmlCacheBehavior [ RunTime:0.001000s ]
INFO: [ app_begin ] --END-- [ RunTime:0.001000s ]
NOTIC: [2] Declaration of Pc\Controller\IndexController::error() should be compatible with Think\Controller::error($message = '', $jumpUrl = '', $ajax = false) D:\xampp\htdocs\paoding_new\Application\Pc\Controller\IndexController.class.php 第 7 行.
INFO: [ action_begin ] --START--
INFO: Run Home\Behaviors\siteBehavior [ RunTime:0.000000s ]
INFO: [ action_begin ] --END-- [ RunTime:0.000000s ]
NOTIC: [8] Undefined index: code D:\xampp\htdocs\paoding_new\Application\Pc\Controller\IndexController.class.php 第 21 行.
NOTIC: [8] Undefined index: ifWeChatLogin D:\xampp\htdocs\paoding_new\Application\Pc\Controller\IndexController.class.php 第 23 行.
INFO: [ view_begin ] --START--
INFO: Run Home\Behaviors\testBehavior [ RunTime:0.000000s ]
INFO: [ view_begin ] --END-- [ RunTime:0.000000s ]
INFO: [ view_parse ] --START--
INFO: [ template_filter ] --START--
INFO: Run Behavior\ContentReplaceBehavior [ RunTime:0.001000s ]
INFO: [ template_filter ] --END-- [ RunTime:0.001000s ]
NOTIC: [8] Use of undefined constant Activity - assumed 'Activity' D:\xampp\htdocs\paoding_new\Application\Runtime\Cache\Pc\93c49ad67facdb6f997f1649493c88cf.php 第 22 行.
NOTIC: [8] Use of undefined constant Index - assumed 'Index' D:\xampp\htdocs\paoding_new\Application\Runtime\Cache\Pc\93c49ad67facdb6f997f1649493c88cf.php 第 25 行.
NOTIC: [8] Use of undefined constant index - assumed 'index' D:\xampp\htdocs\paoding_new\Application\Runtime\Cache\Pc\93c49ad67facdb6f997f1649493c88cf.php 第 25 行.
NOTIC: [8] Undefined variable: fatherId D:\xampp\htdocs\paoding_new\Application\Runtime\Cache\Pc\93c49ad67facdb6f997f1649493c88cf.php 第 392 行.
NOTIC: [8] Undefined variable: sonId D:\xampp\htdocs\paoding_new\Application\Runtime\Cache\Pc\93c49ad67facdb6f997f1649493c88cf.php 第 393 行.
NOTIC: [8] Use of undefined constant Index - assumed 'Index' D:\xampp\htdocs\paoding_new\Application\Runtime\Cache\Pc\93c49ad67facdb6f997f1649493c88cf.php 第 401 行.
INFO: Run Behavior\ParseTemplateBehavior [ RunTime:0.010001s ]
INFO: [ view_parse ] --END-- [ RunTime:0.010001s ]
INFO: [ view_filter ] --START--
INFO: Run Behavior\WriteHtmlCacheBehavior [ RunTime:0.001000s ]
INFO: Run Behavior\TokenBuildBehavior [ RunTime:0.003000s ]
INFO: [ view_filter ] --END-- [ RunTime:0.004000s ]
INFO: [ app_end ] --START--
INFO: Run Behavior\ShowPageTraceBehavior [ RunTime:0.000000s ]
INFO: [ app_end ] --END-- [ RunTime:0.002000s ]

[ 2017-12-09T16:45:07+08:00 ] 127.0.0.1 /index.php/Pc/Article/data_list/channel/js
INFO: [ app_init ] --START--
INFO: Run Behavior\BuildLiteBehavior [ RunTime:0.000000s ]
INFO: [ app_init ] --END-- [ RunTime:0.001000s ]
INFO: [ app_begin ] --START--
INFO: Run Behavior\ReadHtmlCacheBehavior [ RunTime:0.001000s ]
INFO: [ app_begin ] --END-- [ RunTime:0.001000s ]
INFO: [ action_begin ] --START--
INFO: Run Home\Behaviors\siteBehavior [ RunTime:0.001000s ]
INFO: [ action_begin ] --END-- [ RunTime:0.001000s ]
NOTIC: [8] Undefined index: if_hzqy D:\xampp\htdocs\paoding_new\Application\Pc\Controller\ArticleController.class.php 第 26 行.
NOTIC: [8] Undefined index: code D:\xampp\htdocs\paoding_new\Application\Pc\Controller\ArticleController.class.php 第 29 行.
NOTIC: [8] Undefined index: ifWeChatLogin D:\xampp\htdocs\paoding_new\Application\Pc\Controller\ArticleController.class.php 第 31 行.
INFO: [ view_begin ] --START--
INFO: Run Home\Behaviors\testBehavior [ RunTime:0.000000s ]
INFO: [ view_begin ] --END-- [ RunTime:0.000000s ]
INFO: [ view_parse ] --START--
INFO: [ template_filter ] --START--
INFO: Run Behavior\ContentReplaceBehavior [ RunTime:0.000000s ]
INFO: [ template_filter ] --END-- [ RunTime:0.000000s ]
NOTIC: [8] Use of undefined constant Activity - assumed 'Activity' D:\xampp\htdocs\paoding_new\Application\Runtime\Cache\Pc\24179c5096520a826d8edd948b3faecc.php 第 17 行.
NOTIC: [8] Use of undefined constant Index - assumed 'Index' D:\xampp\htdocs\paoding_new\Application\Runtime\Cache\Pc\24179c5096520a826d8edd948b3faecc.php 第 20 行.
NOTIC: [8] Undefined variable: fatherId D:\xampp\htdocs\paoding_new\Application\Runtime\Cache\Pc\24179c5096520a826d8edd948b3faecc.php 第 301 行.
NOTIC: [8] Undefined variable: sonId D:\xampp\htdocs\paoding_new\Application\Runtime\Cache\Pc\24179c5096520a826d8edd948b3faecc.php 第 302 行.
NOTIC: [8] Use of undefined constant Index - assumed 'Index' D:\xampp\htdocs\paoding_new\Application\Runtime\Cache\Pc\24179c5096520a826d8edd948b3faecc.php 第 309 行.
NOTIC: [8] Use of undefined constant Science - assumed 'Science' D:\xampp\htdocs\paoding_new\Application\Runtime\Cache\Pc\24179c5096520a826d8edd948b3faecc.php 第 309 行.
NOTIC: [8] Use of undefined constant Task - assumed 'Task' D:\xampp\htdocs\paoding_new\Application\Runtime\Cache\Pc\24179c5096520a826d8edd948b3faecc.php 第 310 行.
INFO: Run Behavior\ParseTemplateBehavior [ RunTime:0.017001s ]
INFO: [ view_parse ] --END-- [ RunTime:0.017001s ]
INFO: [ view_filter ] --START--
INFO: Run Behavior\WriteHtmlCacheBehavior [ RunTime:0.000000s ]
INFO: Run Behavior\TokenBuildBehavior [ RunTime:0.002000s ]
INFO: [ view_filter ] --END-- [ RunTime:0.003000s ]
INFO: [ app_end ] --START--
INFO: Run Behavior\ShowPageTraceBehavior [ RunTime:0.001000s ]
INFO: [ app_end ] --END-- [ RunTime:0.001000s ]

[ 2017-12-09T16:45:27+08:00 ] 127.0.0.1 /index.php/Pc/Article/data_list/channel/js
INFO: [ app_init ] --START--
INFO: Run Behavior\BuildLiteBehavior [ RunTime:0.000000s ]
INFO: [ app_init ] --END-- [ RunTime:0.000000s ]
INFO: [ app_begin ] --START--
INFO: Run Behavior\ReadHtmlCacheBehavior [ RunTime:0.000000s ]
INFO: [ app_begin ] --END-- [ RunTime:0.000000s ]
INFO: [ action_begin ] --START--
INFO: Run Home\Behaviors\siteBehavior [ RunTime:0.001000s ]
INFO: [ action_begin ] --END-- [ RunTime:0.001000s ]
NOTIC: [8] Undefined index: if_hzqy D:\xampp\htdocs\paoding_new\Application\Pc\Controller\ArticleController.class.php 第 26 行.
NOTIC: [8] Undefined index: code D:\xampp\htdocs\paoding_new\Application\Pc\Controller\ArticleController.class.php 第 29 行.
NOTIC: [8] Undefined index: ifWeChatLogin D:\xampp\htdocs\paoding_new\Application\Pc\Controller\ArticleController.class.php 第 31 行.
INFO: [ view_begin ] --START--
INFO: Run Home\Behaviors\testBehavior [ RunTime:0.001000s ]
INFO: [ view_begin ] --END-- [ RunTime:0.001000s ]
INFO: [ view_parse ] --START--
INFO: [ template_filter ] --START--
INFO: Run Behavior\ContentReplaceBehavior [ RunTime:0.000000s ]
INFO: [ template_filter ] --END-- [ RunTime:0.000000s ]
NOTIC: [8] Use of undefined constant Activity - assumed 'Activity' D:\xampp\htdocs\paoding_new\Application\Runtime\Cache\Pc\24179c5096520a826d8edd948b3faecc.php 第 17 行.
NOTIC: [8] Use of undefined constant Index - assumed 'Index' D:\xampp\htdocs\paoding_new\Application\Runtime\Cache\Pc\24179c5096520a826d8edd948b3faecc.php 第 20 行.
NOTIC: [8] Undefined variable: fatherId D:\xampp\htdocs\paoding_new\Application\Runtime\Cache\Pc\24179c5096520a826d8edd948b3faecc.php 第 301 行.
NOTIC: [8] Undefined variable: sonId D:\xampp\htdocs\paoding_new\Application\Runtime\Cache\Pc\24179c5096520a826d8edd948b3faecc.php 第 302 行.
NOTIC: [8] Use of undefined constant Index - assumed 'Index' D:\xampp\htdocs\paoding_new\Application\Runtime\Cache\Pc\24179c5096520a826d8edd948b3faecc.php 第 309 行.
NOTIC: [8] Use of undefined constant Science - assumed 'Science' D:\xampp\htdocs\paoding_new\Application\Runtime\Cache\Pc\24179c5096520a826d8edd948b3faecc.php 第 309 行.
NOTIC: [8] Use of undefined constant Task - assumed 'Task' D:\xampp\htdocs\paoding_new\Application\Runtime\Cache\Pc\24179c5096520a826d8edd948b3faecc.php 第 310 行.
INFO: Run Behavior\ParseTemplateBehavior [ RunTime:0.011001s ]
INFO: [ view_parse ] --END-- [ RunTime:0.011001s ]
INFO: [ view_filter ] --START--
INFO: Run Behavior\WriteHtmlCacheBehavior [ RunTime:0.001000s ]
INFO: Run Behavior\TokenBuildBehavior [ RunTime:0.003000s ]
INFO: [ view_filter ] --END-- [ RunTime:0.004000s ]
INFO: [ app_end ] --START--
INFO: Run Behavior\ShowPageTraceBehavior [ RunTime:0.001000s ]
INFO: [ app_end ] --END-- [ RunTime:0.001000s ]

[ 2017-12-09T16:47:21+08:00 ] 127.0.0.1 /index.php/Pc/Article/data_list/channel/js
INFO: [ app_init ] --START--
INFO: Run Behavior\BuildLiteBehavior [ RunTime:0.000000s ]
INFO: [ app_init ] --END-- [ RunTime:0.000000s ]
INFO: [ app_begin ] --START--
INFO: Run Behavior\ReadHtmlCacheBehavior [ RunTime:0.001000s ]
INFO: [ app_begin ] --END-- [ RunTime:0.001000s ]
INFO: [ action_begin ] --START--
INFO: Run Home\Behaviors\siteBehavior [ RunTime:0.000000s ]
INFO: [ action_begin ] --END-- [ RunTime:0.000000s ]
NOTIC: [8] Undefined index: if_hzqy D:\xampp\htdocs\paoding_new\Application\Pc\Controller\ArticleController.class.php 第 26 行.
NOTIC: [8] Undefined index: code D:\xampp\htdocs\paoding_new\Application\Pc\Controller\ArticleController.class.php 第 29 行.
NOTIC: [8] Undefined index: ifWeChatLogin D:\xampp\htdocs\paoding_new\Application\Pc\Controller\ArticleController.class.php 第 31 行.
INFO: [ view_begin ] --START--
INFO: Run Home\Behaviors\testBehavior [ RunTime:0.000000s ]
INFO: [ view_begin ] --END-- [ RunTime:0.000000s ]
INFO: [ view_parse ] --START--
INFO: [ template_filter ] --START--
INFO: Run Behavior\ContentReplaceBehavior [ RunTime:0.001000s ]
INFO: [ template_filter ] --END-- [ RunTime:0.001000s ]
NOTIC: [8] Use of undefined constant Activity - assumed 'Activity' D:\xampp\htdocs\paoding_new\Application\Runtime\Cache\Pc\24179c5096520a826d8edd948b3faecc.php 第 17 行.
NOTIC: [8] Use of undefined constant Index - assumed 'Index' D:\xampp\htdocs\paoding_new\Application\Runtime\Cache\Pc\24179c5096520a826d8edd948b3faecc.php 第 20 行.
NOTIC: [8] Undefined variable: fatherId D:\xampp\htdocs\paoding_new\Application\Runtime\Cache\Pc\24179c5096520a826d8edd948b3faecc.php 第 301 行.
NOTIC: [8] Undefined variable: sonId D:\xampp\htdocs\paoding_new\Application\Runtime\Cache\Pc\24179c5096520a826d8edd948b3faecc.php 第 302 行.
NOTIC: [8] Use of undefined constant Index - assumed 'Index' D:\xampp\htdocs\paoding_new\Application\Runtime\Cache\Pc\24179c5096520a826d8edd948b3faecc.php 第 309 行.
NOTIC: [8] Use of undefined constant Science - assumed 'Science' D:\xampp\htdocs\paoding_new\Application\Runtime\Cache\Pc\24179c5096520a826d8edd948b3faecc.php 第 309 行.
NOTIC: [8] Use of undefined constant Task - assumed 'Task' D:\xampp\htdocs\paoding_new\Application\Runtime\Cache\Pc\24179c5096520a826d8edd948b3faecc.php 第 310 行.
INFO: Run Behavior\ParseTemplateBehavior [ RunTime:0.010001s ]
INFO: [ view_parse ] --END-- [ RunTime:0.010001s ]
INFO: [ view_filter ] --START--
INFO: Run Behavior\WriteHtmlCacheBehavior [ RunTime:0.000000s ]
INFO: Run Behavior\TokenBuildBehavior [ RunTime:0.002000s ]
INFO: [ view_filter ] --END-- [ RunTime:0.002000s ]
INFO: [ app_end ] --START--
INFO: Run Behavior\ShowPageTraceBehavior [ RunTime:0.001000s ]
INFO: [ app_end ] --END-- [ RunTime:0.001000s ]

