[ 2017-12-01T10:18:45+08:00 ] 127.0.0.1 /
INFO: [ app_init ] --START--
INFO: Run Behavior\BuildLiteBehavior [ RunTime:0.000000s ]
INFO: [ app_init ] --END-- [ RunTime:0.001000s ]
INFO: [ app_begin ] --START--
INFO: Run Behavior\ReadHtmlCacheBehavior [ RunTime:0.001000s ]
INFO: [ app_begin ] --END-- [ RunTime:0.001000s ]
NOTIC: [2] Declaration of Pc\Controller\IndexController::error() should be compatible with Think\Controller::error($message = '', $jumpUrl = '', $ajax = false) D:\xampp\htdocs\paoding_new\Application\Pc\Controller\IndexController.class.php 第 7 行.
INFO: [ action_begin ] --START--
INFO: Run Home\Behaviors\siteBehavior [ RunTime:0.001000s ]
INFO: [ action_begin ] --END-- [ RunTime:0.001000s ]
NOTIC: [8] Undefined index: code D:\xampp\htdocs\paoding_new\Application\Pc\Controller\IndexController.class.php 第 21 行.
NOTIC: [8] Undefined index: ifWeChatLogin D:\xampp\htdocs\paoding_new\Application\Pc\Controller\IndexController.class.php 第 23 行.
INFO: [ view_begin ] --START--
INFO: Run Home\Behaviors\testBehavior [ RunTime:0.000000s ]
INFO: [ view_begin ] --END-- [ RunTime:0.001000s ]
INFO: [ view_parse ] --START--
INFO: [ template_filter ] --START--
INFO: Run Behavior\ContentReplaceBehavior [ RunTime:0.001000s ]
INFO: [ template_filter ] --END-- [ RunTime:0.001000s ]
NOTIC: [8] Use of undefined constant Activity - assumed 'Activity' D:\xampp\htdocs\paoding_new\Application\Runtime\Cache\Pc\93c49ad67facdb6f997f1649493c88cf.php 第 22 行.
NOTIC: [8] Use of undefined constant Index - assumed 'Index' D:\xampp\htdocs\paoding_new\Application\Runtime\Cache\Pc\93c49ad67facdb6f997f1649493c88cf.php 第 25 行.
NOTIC: [8] Use of undefined constant index - assumed 'index' D:\xampp\htdocs\paoding_new\Application\Runtime\Cache\Pc\93c49ad67facdb6f997f1649493c88cf.php 第 25 行.
NOTIC: [8] Undefined variable: fatherId D:\xampp\htdocs\paoding_new\Application\Runtime\Cache\Pc\93c49ad67facdb6f997f1649493c88cf.php 第 392 行.
NOTIC: [8] Undefined variable: sonId D:\xampp\htdocs\paoding_new\Application\Runtime\Cache\Pc\93c49ad67facdb6f997f1649493c88cf.php 第 393 行.
NOTIC: [8] Use of undefined constant Index - assumed 'Index' D:\xampp\htdocs\paoding_new\Application\Runtime\Cache\Pc\93c49ad67facdb6f997f1649493c88cf.php 第 401 行.
INFO: Run Behavior\ParseTemplateBehavior [ RunTime:0.024002s ]
INFO: [ view_parse ] --END-- [ RunTime:0.024002s ]
INFO: [ view_filter ] --START--
INFO: Run Behavior\WriteHtmlCacheBehavior [ RunTime:0.000000s ]
INFO: Run Behavior\TokenBuildBehavior [ RunTime:0.002000s ]
INFO: [ view_filter ] --END-- [ RunTime:0.002000s ]
INFO: [ app_end ] --START--
INFO: Run Behavior\ShowPageTraceBehavior [ RunTime:0.001000s ]
INFO: [ app_end ] --END-- [ RunTime:0.001000s ]

[ 2017-12-01T10:18:47+08:00 ] 127.0.0.1 /
INFO: [ app_init ] --START--
INFO: Run Behavior\BuildLiteBehavior [ RunTime:0.000000s ]
INFO: [ app_init ] --END-- [ RunTime:0.000000s ]
INFO: [ app_begin ] --START--
INFO: Run Behavior\ReadHtmlCacheBehavior [ RunTime:0.001000s ]
INFO: [ app_begin ] --END-- [ RunTime:0.001000s ]
NOTIC: [2] Declaration of Pc\Controller\IndexController::error() should be compatible with Think\Controller::error($message = '', $jumpUrl = '', $ajax = false) D:\xampp\htdocs\paoding_new\Application\Pc\Controller\IndexController.class.php 第 7 行.
INFO: [ action_begin ] --START--
INFO: Run Home\Behaviors\siteBehavior [ RunTime:0.033002s ]
INFO: [ action_begin ] --END-- [ RunTime:0.033002s ]
NOTIC: [8] Undefined index: code D:\xampp\htdocs\paoding_new\Application\Pc\Controller\IndexController.class.php 第 21 行.
NOTIC: [8] Undefined index: ifWeChatLogin D:\xampp\htdocs\paoding_new\Application\Pc\Controller\IndexController.class.php 第 23 行.
INFO: [ view_begin ] --START--
INFO: Run Home\Behaviors\testBehavior [ RunTime:0.000000s ]
INFO: [ view_begin ] --END-- [ RunTime:0.000000s ]
INFO: [ view_parse ] --START--
INFO: [ template_filter ] --START--
INFO: Run Behavior\ContentReplaceBehavior [ RunTime:0.000000s ]
INFO: [ template_filter ] --END-- [ RunTime:0.000000s ]
NOTIC: [8] Use of undefined constant Activity - assumed 'Activity' D:\xampp\htdocs\paoding_new\Application\Runtime\Cache\Pc\93c49ad67facdb6f997f1649493c88cf.php 第 22 行.
NOTIC: [8] Use of undefined constant Index - assumed 'Index' D:\xampp\htdocs\paoding_new\Application\Runtime\Cache\Pc\93c49ad67facdb6f997f1649493c88cf.php 第 25 行.
NOTIC: [8] Use of undefined constant index - assumed 'index' D:\xampp\htdocs\paoding_new\Application\Runtime\Cache\Pc\93c49ad67facdb6f997f1649493c88cf.php 第 25 行.
NOTIC: [8] Undefined variable: fatherId D:\xampp\htdocs\paoding_new\Application\Runtime\Cache\Pc\93c49ad67facdb6f997f1649493c88cf.php 第 392 行.
NOTIC: [8] Undefined variable: sonId D:\xampp\htdocs\paoding_new\Application\Runtime\Cache\Pc\93c49ad67facdb6f997f1649493c88cf.php 第 393 行.
NOTIC: [8] Use of undefined constant Index - assumed 'Index' D:\xampp\htdocs\paoding_new\Application\Runtime\Cache\Pc\93c49ad67facdb6f997f1649493c88cf.php 第 401 行.
INFO: Run Behavior\ParseTemplateBehavior [ RunTime:0.012001s ]
INFO: [ view_parse ] --END-- [ RunTime:0.012001s ]
INFO: [ view_filter ] --START--
INFO: Run Behavior\WriteHtmlCacheBehavior [ RunTime:0.001000s ]
INFO: Run Behavior\TokenBuildBehavior [ RunTime:0.003000s ]
INFO: [ view_filter ] --END-- [ RunTime:0.004000s ]
INFO: [ app_end ] --START--
INFO: Run Behavior\ShowPageTraceBehavior [ RunTime:0.001000s ]
INFO: [ app_end ] --END-- [ RunTime:0.001000s ]

[ 2017-12-01T10:28:02+08:00 ] 127.0.0.1 /
INFO: [ app_init ] --START--
INFO: Run Behavior\BuildLiteBehavior [ RunTime:0.000000s ]
INFO: [ app_init ] --END-- [ RunTime:0.000000s ]
INFO: [ app_begin ] --START--
INFO: Run Behavior\ReadHtmlCacheBehavior [ RunTime:0.000000s ]
INFO: [ app_begin ] --END-- [ RunTime:0.000000s ]
NOTIC: [2] Declaration of Pc\Controller\IndexController::error() should be compatible with Think\Controller::error($message = '', $jumpUrl = '', $ajax = false) D:\xampp\htdocs\paoding_new\Application\Pc\Controller\IndexController.class.php 第 7 行.
INFO: [ action_begin ] --START--
INFO: Run Home\Behaviors\siteBehavior [ RunTime:0.000000s ]
INFO: [ action_begin ] --END-- [ RunTime:0.000000s ]
NOTIC: [8] Undefined index: code D:\xampp\htdocs\paoding_new\Application\Pc\Controller\IndexController.class.php 第 21 行.
NOTIC: [8] Undefined index: ifWeChatLogin D:\xampp\htdocs\paoding_new\Application\Pc\Controller\IndexController.class.php 第 23 行.
INFO: [ view_begin ] --START--
INFO: Run Home\Behaviors\testBehavior [ RunTime:0.001000s ]
INFO: [ view_begin ] --END-- [ RunTime:0.001000s ]
INFO: [ view_parse ] --START--
INFO: [ template_filter ] --START--
INFO: Run Behavior\ContentReplaceBehavior [ RunTime:0.000000s ]
INFO: [ template_filter ] --END-- [ RunTime:0.000000s ]
NOTIC: [8] Use of undefined constant Activity - assumed 'Activity' D:\xampp\htdocs\paoding_new\Application\Runtime\Cache\Pc\93c49ad67facdb6f997f1649493c88cf.php 第 22 行.
NOTIC: [8] Use of undefined constant Index - assumed 'Index' D:\xampp\htdocs\paoding_new\Application\Runtime\Cache\Pc\93c49ad67facdb6f997f1649493c88cf.php 第 25 行.
NOTIC: [8] Use of undefined constant index - assumed 'index' D:\xampp\htdocs\paoding_new\Application\Runtime\Cache\Pc\93c49ad67facdb6f997f1649493c88cf.php 第 25 行.
NOTIC: [8] Undefined variable: fatherId D:\xampp\htdocs\paoding_new\Application\Runtime\Cache\Pc\93c49ad67facdb6f997f1649493c88cf.php 第 392 行.
NOTIC: [8] Undefined variable: sonId D:\xampp\htdocs\paoding_new\Application\Runtime\Cache\Pc\93c49ad67facdb6f997f1649493c88cf.php 第 393 行.
NOTIC: [8] Use of undefined constant Index - assumed 'Index' D:\xampp\htdocs\paoding_new\Application\Runtime\Cache\Pc\93c49ad67facdb6f997f1649493c88cf.php 第 401 行.
INFO: Run Behavior\ParseTemplateBehavior [ RunTime:0.012001s ]
INFO: [ view_parse ] --END-- [ RunTime:0.012001s ]
INFO: [ view_filter ] --START--
INFO: Run Behavior\WriteHtmlCacheBehavior [ RunTime:0.000000s ]
INFO: Run Behavior\TokenBuildBehavior [ RunTime:0.003000s ]
INFO: [ view_filter ] --END-- [ RunTime:0.003000s ]
INFO: [ app_end ] --START--
INFO: Run Behavior\ShowPageTraceBehavior [ RunTime:0.001000s ]
INFO: [ app_end ] --END-- [ RunTime:0.001000s ]

[ 2017-12-01T10:28:05+08:00 ] 127.0.0.1 /
INFO: [ app_init ] --START--
INFO: Run Behavior\BuildLiteBehavior [ RunTime:0.000000s ]
INFO: [ app_init ] --END-- [ RunTime:0.000000s ]
INFO: [ app_begin ] --START--
INFO: Run Behavior\ReadHtmlCacheBehavior [ RunTime:0.000000s ]
INFO: [ app_begin ] --END-- [ RunTime:0.000000s ]
NOTIC: [2] Declaration of Pc\Controller\IndexController::error() should be compatible with Think\Controller::error($message = '', $jumpUrl = '', $ajax = false) D:\xampp\htdocs\paoding_new\Application\Pc\Controller\IndexController.class.php 第 7 行.
INFO: [ action_begin ] --START--
INFO: Run Home\Behaviors\siteBehavior [ RunTime:0.034002s ]
INFO: [ action_begin ] --END-- [ RunTime:0.034002s ]
NOTIC: [8] Undefined index: code D:\xampp\htdocs\paoding_new\Application\Pc\Controller\IndexController.class.php 第 21 行.
NOTIC: [8] Undefined index: ifWeChatLogin D:\xampp\htdocs\paoding_new\Application\Pc\Controller\IndexController.class.php 第 23 行.
INFO: [ view_begin ] --START--
INFO: Run Home\Behaviors\testBehavior [ RunTime:0.001000s ]
INFO: [ view_begin ] --END-- [ RunTime:0.001000s ]
INFO: [ view_parse ] --START--
INFO: [ template_filter ] --START--
INFO: Run Behavior\ContentReplaceBehavior [ RunTime:0.000000s ]
INFO: [ template_filter ] --END-- [ RunTime:0.000000s ]
NOTIC: [8] Use of undefined constant Activity - assumed 'Activity' D:\xampp\htdocs\paoding_new\Application\Runtime\Cache\Pc\93c49ad67facdb6f997f1649493c88cf.php 第 22 行.
NOTIC: [8] Use of undefined constant Index - assumed 'Index' D:\xampp\htdocs\paoding_new\Application\Runtime\Cache\Pc\93c49ad67facdb6f997f1649493c88cf.php 第 25 行.
NOTIC: [8] Use of undefined constant index - assumed 'index' D:\xampp\htdocs\paoding_new\Application\Runtime\Cache\Pc\93c49ad67facdb6f997f1649493c88cf.php 第 25 行.
NOTIC: [8] Undefined variable: fatherId D:\xampp\htdocs\paoding_new\Application\Runtime\Cache\Pc\93c49ad67facdb6f997f1649493c88cf.php 第 392 行.
NOTIC: [8] Undefined variable: sonId D:\xampp\htdocs\paoding_new\Application\Runtime\Cache\Pc\93c49ad67facdb6f997f1649493c88cf.php 第 393 行.
NOTIC: [8] Use of undefined constant Index - assumed 'Index' D:\xampp\htdocs\paoding_new\Application\Runtime\Cache\Pc\93c49ad67facdb6f997f1649493c88cf.php 第 401 行.
INFO: Run Behavior\ParseTemplateBehavior [ RunTime:0.014001s ]
INFO: [ view_parse ] --END-- [ RunTime:0.014001s ]
INFO: [ view_filter ] --START--
INFO: Run Behavior\WriteHtmlCacheBehavior [ RunTime:0.000000s ]
INFO: Run Behavior\TokenBuildBehavior [ RunTime:0.003000s ]
INFO: [ view_filter ] --END-- [ RunTime:0.003000s ]
INFO: [ app_end ] --START--
INFO: Run Behavior\ShowPageTraceBehavior [ RunTime:0.001001s ]
INFO: [ app_end ] --END-- [ RunTime:0.001001s ]

[ 2017-12-01T10:45:16+08:00 ] 127.0.0.1 /index.php/Pc/Index/search?keyword=&__hash__=6666cd76f96956469e7be39d750cc7d9_e6ef7c6b81a6ab29423e32db9b67b446
INFO: [ app_init ] --START--
INFO: Run Behavior\BuildLiteBehavior [ RunTime:0.000000s ]
INFO: [ app_init ] --END-- [ RunTime:0.000000s ]
INFO: [ app_begin ] --START--
INFO: Run Behavior\ReadHtmlCacheBehavior [ RunTime:0.000000s ]
INFO: [ app_begin ] --END-- [ RunTime:0.000000s ]
NOTIC: [2] Declaration of Pc\Controller\IndexController::error() should be compatible with Think\Controller::error($message = '', $jumpUrl = '', $ajax = false) D:\xampp\htdocs\paoding_new\Application\Pc\Controller\IndexController.class.php 第 7 行.
INFO: [ action_begin ] --START--
INFO: Run Home\Behaviors\siteBehavior [ RunTime:0.001000s ]
INFO: [ action_begin ] --END-- [ RunTime:0.001000s ]
INFO: [ view_begin ] --START--
INFO: Run Home\Behaviors\testBehavior [ RunTime:0.000000s ]
INFO: [ view_begin ] --END-- [ RunTime:0.000000s ]
INFO: [ view_parse ] --START--
INFO: [ template_filter ] --START--
INFO: Run Behavior\ContentReplaceBehavior [ RunTime:0.001000s ]
INFO: [ template_filter ] --END-- [ RunTime:0.001000s ]
NOTIC: [8] Use of undefined constant Activity - assumed 'Activity' D:\xampp\htdocs\paoding_new\Application\Runtime\Cache\Pc\58cb75abffeb21cd5d49c0f323fb6962.php 第 17 行.
NOTIC: [8] Use of undefined constant Index - assumed 'Index' D:\xampp\htdocs\paoding_new\Application\Runtime\Cache\Pc\58cb75abffeb21cd5d49c0f323fb6962.php 第 20 行.
NOTIC: [8] Use of undefined constant index - assumed 'index' D:\xampp\htdocs\paoding_new\Application\Runtime\Cache\Pc\58cb75abffeb21cd5d49c0f323fb6962.php 第 20 行.
NOTIC: [8] Undefined index: type D:\xampp\htdocs\paoding_new\Application\Runtime\Cache\Pc\58cb75abffeb21cd5d49c0f323fb6962.php 第 111 行.
NOTIC: [8] Undefined index: type D:\xampp\htdocs\paoding_new\Application\Runtime\Cache\Pc\58cb75abffeb21cd5d49c0f323fb6962.php 第 140 行.
NOTIC: [8] Undefined index: type D:\xampp\htdocs\paoding_new\Application\Runtime\Cache\Pc\58cb75abffeb21cd5d49c0f323fb6962.php 第 174 行.
NOTIC: [8] Undefined variable: fatherId D:\xampp\htdocs\paoding_new\Application\Runtime\Cache\Pc\58cb75abffeb21cd5d49c0f323fb6962.php 第 323 行.
NOTIC: [8] Undefined variable: sonId D:\xampp\htdocs\paoding_new\Application\Runtime\Cache\Pc\58cb75abffeb21cd5d49c0f323fb6962.php 第 324 行.
NOTIC: [8] Use of undefined constant Index - assumed 'Index' D:\xampp\htdocs\paoding_new\Application\Runtime\Cache\Pc\58cb75abffeb21cd5d49c0f323fb6962.php 第 331 行.
NOTIC: [8] Undefined variable: ifWeChatLogin D:\xampp\htdocs\paoding_new\Application\Runtime\Cache\Pc\58cb75abffeb21cd5d49c0f323fb6962.php 第 420 行.
NOTIC: [8] Undefined variable: code D:\xampp\htdocs\paoding_new\Application\Runtime\Cache\Pc\58cb75abffeb21cd5d49c0f323fb6962.php 第 422 行.
NOTIC: [8] Undefined variable: channel D:\xampp\htdocs\paoding_new\Application\Runtime\Cache\Pc\58cb75abffeb21cd5d49c0f323fb6962.php 第 506 行.
INFO: Run Behavior\ParseTemplateBehavior [ RunTime:0.037002s ]
INFO: [ view_parse ] --END-- [ RunTime:0.037002s ]
INFO: [ view_filter ] --START--
INFO: Run Behavior\WriteHtmlCacheBehavior [ RunTime:0.000000s ]
INFO: Run Behavior\TokenBuildBehavior [ RunTime:0.003000s ]
INFO: [ view_filter ] --END-- [ RunTime:0.003000s ]
INFO: [ app_end ] --START--
INFO: Run Behavior\ShowPageTraceBehavior [ RunTime:0.001000s ]
INFO: [ app_end ] --END-- [ RunTime:0.001000s ]

[ 2017-12-01T10:45:24+08:00 ] 127.0.0.1 /index.php/Pc/Index/search?keyword=&__hash__=1dd26789fb89bd631b9c1735d7df8799_af601187a4d61cce4beb1b99647979b5
INFO: [ app_init ] --START--
INFO: Run Behavior\BuildLiteBehavior [ RunTime:0.000000s ]
INFO: [ app_init ] --END-- [ RunTime:0.000000s ]
INFO: [ app_begin ] --START--
INFO: Run Behavior\ReadHtmlCacheBehavior [ RunTime:0.001000s ]
INFO: [ app_begin ] --END-- [ RunTime:0.001000s ]
NOTIC: [2] Declaration of Pc\Controller\IndexController::error() should be compatible with Think\Controller::error($message = '', $jumpUrl = '', $ajax = false) D:\xampp\htdocs\paoding_new\Application\Pc\Controller\IndexController.class.php 第 7 行.
INFO: [ action_begin ] --START--
INFO: Run Home\Behaviors\siteBehavior [ RunTime:0.001000s ]
INFO: [ action_begin ] --END-- [ RunTime:0.001000s ]
INFO: [ view_begin ] --START--
INFO: Run Home\Behaviors\testBehavior [ RunTime:0.001000s ]
INFO: [ view_begin ] --END-- [ RunTime:0.001000s ]
INFO: [ view_parse ] --START--
INFO: [ template_filter ] --START--
INFO: Run Behavior\ContentReplaceBehavior [ RunTime:0.000000s ]
INFO: [ template_filter ] --END-- [ RunTime:0.001000s ]
NOTIC: [8] Use of undefined constant Activity - assumed 'Activity' D:\xampp\htdocs\paoding_new\Application\Runtime\Cache\Pc\58cb75abffeb21cd5d49c0f323fb6962.php 第 17 行.
NOTIC: [8] Use of undefined constant Index - assumed 'Index' D:\xampp\htdocs\paoding_new\Application\Runtime\Cache\Pc\58cb75abffeb21cd5d49c0f323fb6962.php 第 20 行.
NOTIC: [8] Use of undefined constant index - assumed 'index' D:\xampp\htdocs\paoding_new\Application\Runtime\Cache\Pc\58cb75abffeb21cd5d49c0f323fb6962.php 第 20 行.
NOTIC: [8] Undefined index: type D:\xampp\htdocs\paoding_new\Application\Runtime\Cache\Pc\58cb75abffeb21cd5d49c0f323fb6962.php 第 111 行.
NOTIC: [8] Undefined index: type D:\xampp\htdocs\paoding_new\Application\Runtime\Cache\Pc\58cb75abffeb21cd5d49c0f323fb6962.php 第 140 行.
NOTIC: [8] Undefined index: type D:\xampp\htdocs\paoding_new\Application\Runtime\Cache\Pc\58cb75abffeb21cd5d49c0f323fb6962.php 第 174 行.
NOTIC: [8] Undefined variable: fatherId D:\xampp\htdocs\paoding_new\Application\Runtime\Cache\Pc\58cb75abffeb21cd5d49c0f323fb6962.php 第 323 行.
NOTIC: [8] Undefined variable: sonId D:\xampp\htdocs\paoding_new\Application\Runtime\Cache\Pc\58cb75abffeb21cd5d49c0f323fb6962.php 第 324 行.
NOTIC: [8] Use of undefined constant Index - assumed 'Index' D:\xampp\htdocs\paoding_new\Application\Runtime\Cache\Pc\58cb75abffeb21cd5d49c0f323fb6962.php 第 331 行.
NOTIC: [8] Undefined variable: ifWeChatLogin D:\xampp\htdocs\paoding_new\Application\Runtime\Cache\Pc\58cb75abffeb21cd5d49c0f323fb6962.php 第 420 行.
NOTIC: [8] Undefined variable: code D:\xampp\htdocs\paoding_new\Application\Runtime\Cache\Pc\58cb75abffeb21cd5d49c0f323fb6962.php 第 422 行.
NOTIC: [8] Undefined variable: channel D:\xampp\htdocs\paoding_new\Application\Runtime\Cache\Pc\58cb75abffeb21cd5d49c0f323fb6962.php 第 506 行.
INFO: Run Behavior\ParseTemplateBehavior [ RunTime:0.012001s ]
INFO: [ view_parse ] --END-- [ RunTime:0.012001s ]
INFO: [ view_filter ] --START--
INFO: Run Behavior\WriteHtmlCacheBehavior [ RunTime:0.000000s ]
INFO: Run Behavior\TokenBuildBehavior [ RunTime:0.002000s ]
INFO: [ view_filter ] --END-- [ RunTime:0.002000s ]
INFO: [ app_end ] --START--
INFO: Run Behavior\ShowPageTraceBehavior [ RunTime:0.002000s ]
INFO: [ app_end ] --END-- [ RunTime:0.002000s ]

[ 2017-12-01T10:58:23+08:00 ] 127.0.0.1 /index.php/Pc/Index/search?keyword=&__hash__=1dd26789fb89bd631b9c1735d7df8799_af601187a4d61cce4beb1b99647979b5
INFO: [ app_init ] --START--
INFO: Run Behavior\BuildLiteBehavior [ RunTime:0.000000s ]
INFO: [ app_init ] --END-- [ RunTime:0.000000s ]
INFO: [ app_begin ] --START--
INFO: Run Behavior\ReadHtmlCacheBehavior [ RunTime:0.001000s ]
INFO: [ app_begin ] --END-- [ RunTime:0.001000s ]
NOTIC: [2] Declaration of Pc\Controller\IndexController::error() should be compatible with Think\Controller::error($message = '', $jumpUrl = '', $ajax = false) D:\xampp\htdocs\paoding_new\Application\Pc\Controller\IndexController.class.php 第 7 行.
INFO: [ action_begin ] --START--
INFO: Run Home\Behaviors\siteBehavior [ RunTime:0.003000s ]
INFO: [ action_begin ] --END-- [ RunTime:0.003000s ]
INFO: [ view_begin ] --START--
INFO: Run Home\Behaviors\testBehavior [ RunTime:0.001000s ]
INFO: [ view_begin ] --END-- [ RunTime:0.001000s ]
INFO: [ view_parse ] --START--
INFO: [ template_filter ] --START--
INFO: Run Behavior\ContentReplaceBehavior [ RunTime:0.000000s ]
INFO: [ template_filter ] --END-- [ RunTime:0.000000s ]
NOTIC: [8] Use of undefined constant Activity - assumed 'Activity' D:\xampp\htdocs\paoding_new\Application\Runtime\Cache\Pc\58cb75abffeb21cd5d49c0f323fb6962.php 第 17 行.
NOTIC: [8] Use of undefined constant Index - assumed 'Index' D:\xampp\htdocs\paoding_new\Application\Runtime\Cache\Pc\58cb75abffeb21cd5d49c0f323fb6962.php 第 20 行.
NOTIC: [8] Use of undefined constant index - assumed 'index' D:\xampp\htdocs\paoding_new\Application\Runtime\Cache\Pc\58cb75abffeb21cd5d49c0f323fb6962.php 第 20 行.
NOTIC: [8] Undefined index: type D:\xampp\htdocs\paoding_new\Application\Runtime\Cache\Pc\58cb75abffeb21cd5d49c0f323fb6962.php 第 111 行.
NOTIC: [8] Undefined index: type D:\xampp\htdocs\paoding_new\Application\Runtime\Cache\Pc\58cb75abffeb21cd5d49c0f323fb6962.php 第 140 行.
NOTIC: [8] Undefined index: type D:\xampp\htdocs\paoding_new\Application\Runtime\Cache\Pc\58cb75abffeb21cd5d49c0f323fb6962.php 第 174 行.
NOTIC: [8] Undefined variable: fatherId D:\xampp\htdocs\paoding_new\Application\Runtime\Cache\Pc\58cb75abffeb21cd5d49c0f323fb6962.php 第 323 行.
NOTIC: [8] Undefined variable: sonId D:\xampp\htdocs\paoding_new\Application\Runtime\Cache\Pc\58cb75abffeb21cd5d49c0f323fb6962.php 第 324 行.
NOTIC: [8] Use of undefined constant Index - assumed 'Index' D:\xampp\htdocs\paoding_new\Application\Runtime\Cache\Pc\58cb75abffeb21cd5d49c0f323fb6962.php 第 331 行.
NOTIC: [8] Undefined variable: ifWeChatLogin D:\xampp\htdocs\paoding_new\Application\Runtime\Cache\Pc\58cb75abffeb21cd5d49c0f323fb6962.php 第 420 行.
NOTIC: [8] Undefined variable: code D:\xampp\htdocs\paoding_new\Application\Runtime\Cache\Pc\58cb75abffeb21cd5d49c0f323fb6962.php 第 422 行.
NOTIC: [8] Undefined variable: channel D:\xampp\htdocs\paoding_new\Application\Runtime\Cache\Pc\58cb75abffeb21cd5d49c0f323fb6962.php 第 506 行.
INFO: Run Behavior\ParseTemplateBehavior [ RunTime:0.013001s ]
INFO: [ view_parse ] --END-- [ RunTime:0.013001s ]
INFO: [ view_filter ] --START--
INFO: Run Behavior\WriteHtmlCacheBehavior [ RunTime:0.000000s ]
INFO: Run Behavior\TokenBuildBehavior [ RunTime:0.003000s ]
INFO: [ view_filter ] --END-- [ RunTime:0.003000s ]
INFO: [ app_end ] --START--
INFO: Run Behavior\ShowPageTraceBehavior [ RunTime:0.001000s ]
INFO: [ app_end ] --END-- [ RunTime:0.001000s ]

[ 2017-12-01T11:04:45+08:00 ] 127.0.0.1 /index.php/Pc/Index/search?keyword=&__hash__=1dd26789fb89bd631b9c1735d7df8799_af601187a4d61cce4beb1b99647979b5
INFO: [ app_init ] --START--
INFO: Run Behavior\BuildLiteBehavior [ RunTime:0.000000s ]
INFO: [ app_init ] --END-- [ RunTime:0.000000s ]
INFO: [ app_begin ] --START--
INFO: Run Behavior\ReadHtmlCacheBehavior [ RunTime:0.001000s ]
INFO: [ app_begin ] --END-- [ RunTime:0.001000s ]
NOTIC: [2] Declaration of Pc\Controller\IndexController::error() should be compatible with Think\Controller::error($message = '', $jumpUrl = '', $ajax = false) D:\xampp\htdocs\paoding_new\Application\Pc\Controller\IndexController.class.php 第 7 行.
INFO: [ action_begin ] --START--
INFO: Run Home\Behaviors\siteBehavior [ RunTime:0.027001s ]
INFO: [ action_begin ] --END-- [ RunTime:0.028002s ]
INFO: [ view_begin ] --START--
INFO: Run Home\Behaviors\testBehavior [ RunTime:0.000000s ]
INFO: [ view_begin ] --END-- [ RunTime:0.000000s ]
INFO: [ view_parse ] --START--
INFO: [ template_filter ] --START--
INFO: Run Behavior\ContentReplaceBehavior [ RunTime:0.000000s ]
INFO: [ template_filter ] --END-- [ RunTime:0.000000s ]
NOTIC: [8] Use of undefined constant Activity - assumed 'Activity' D:\xampp\htdocs\paoding_new\Application\Runtime\Cache\Pc\58cb75abffeb21cd5d49c0f323fb6962.php 第 17 行.
NOTIC: [8] Use of undefined constant Index - assumed 'Index' D:\xampp\htdocs\paoding_new\Application\Runtime\Cache\Pc\58cb75abffeb21cd5d49c0f323fb6962.php 第 20 行.
NOTIC: [8] Use of undefined constant index - assumed 'index' D:\xampp\htdocs\paoding_new\Application\Runtime\Cache\Pc\58cb75abffeb21cd5d49c0f323fb6962.php 第 20 行.
NOTIC: [8] Undefined index: type D:\xampp\htdocs\paoding_new\Application\Runtime\Cache\Pc\58cb75abffeb21cd5d49c0f323fb6962.php 第 111 行.
NOTIC: [8] Undefined index: type D:\xampp\htdocs\paoding_new\Application\Runtime\Cache\Pc\58cb75abffeb21cd5d49c0f323fb6962.php 第 140 行.
NOTIC: [8] Undefined index: type D:\xampp\htdocs\paoding_new\Application\Runtime\Cache\Pc\58cb75abffeb21cd5d49c0f323fb6962.php 第 174 行.
NOTIC: [8] Undefined variable: fatherId D:\xampp\htdocs\paoding_new\Application\Runtime\Cache\Pc\58cb75abffeb21cd5d49c0f323fb6962.php 第 323 行.
NOTIC: [8] Undefined variable: sonId D:\xampp\htdocs\paoding_new\Application\Runtime\Cache\Pc\58cb75abffeb21cd5d49c0f323fb6962.php 第 324 行.
NOTIC: [8] Use of undefined constant Index - assumed 'Index' D:\xampp\htdocs\paoding_new\Application\Runtime\Cache\Pc\58cb75abffeb21cd5d49c0f323fb6962.php 第 331 行.
NOTIC: [8] Undefined variable: ifWeChatLogin D:\xampp\htdocs\paoding_new\Application\Runtime\Cache\Pc\58cb75abffeb21cd5d49c0f323fb6962.php 第 420 行.
NOTIC: [8] Undefined variable: code D:\xampp\htdocs\paoding_new\Application\Runtime\Cache\Pc\58cb75abffeb21cd5d49c0f323fb6962.php 第 422 行.
NOTIC: [8] Undefined variable: channel D:\xampp\htdocs\paoding_new\Application\Runtime\Cache\Pc\58cb75abffeb21cd5d49c0f323fb6962.php 第 506 行.
INFO: Run Behavior\ParseTemplateBehavior [ RunTime:0.013001s ]
INFO: [ view_parse ] --END-- [ RunTime:0.013001s ]
INFO: [ view_filter ] --START--
INFO: Run Behavior\WriteHtmlCacheBehavior [ RunTime:0.000000s ]
INFO: Run Behavior\TokenBuildBehavior [ RunTime:0.002000s ]
INFO: [ view_filter ] --END-- [ RunTime:0.003000s ]
INFO: [ app_end ] --START--
INFO: Run Behavior\ShowPageTraceBehavior [ RunTime:0.001000s ]
INFO: [ app_end ] --END-- [ RunTime:0.001000s ]

[ 2017-12-01T11:48:11+08:00 ] 127.0.0.1 /index.php/Pc/Article/data_list/channel/xq
INFO: [ app_init ] --START--
INFO: Run Behavior\BuildLiteBehavior [ RunTime:0.000000s ]
INFO: [ app_init ] --END-- [ RunTime:0.001000s ]
INFO: [ app_begin ] --START--
INFO: Run Behavior\ReadHtmlCacheBehavior [ RunTime:0.001000s ]
INFO: [ app_begin ] --END-- [ RunTime:0.001000s ]
INFO: [ action_begin ] --START--
INFO: Run Home\Behaviors\siteBehavior [ RunTime:0.001000s ]
INFO: [ action_begin ] --END-- [ RunTime:0.001000s ]
NOTIC: [8] Undefined index: if_hzqy D:\xampp\htdocs\paoding_new\Application\Pc\Controller\ArticleController.class.php 第 26 行.
NOTIC: [8] Undefined index: code D:\xampp\htdocs\paoding_new\Application\Pc\Controller\ArticleController.class.php 第 29 行.
NOTIC: [8] Undefined index: ifWeChatLogin D:\xampp\htdocs\paoding_new\Application\Pc\Controller\ArticleController.class.php 第 31 行.
INFO: [ view_begin ] --START--
INFO: Run Home\Behaviors\testBehavior [ RunTime:0.001000s ]
INFO: [ view_begin ] --END-- [ RunTime:0.001000s ]
INFO: [ view_parse ] --START--
INFO: [ template_filter ] --START--
INFO: Run Behavior\ContentReplaceBehavior [ RunTime:0.000000s ]
INFO: [ template_filter ] --END-- [ RunTime:0.000000s ]
NOTIC: [8] Use of undefined constant Activity - assumed 'Activity' D:\xampp\htdocs\paoding_new\Application\Runtime\Cache\Pc\df68e5c44e63473a9f7b9541cd931c10.php 第 18 行.
NOTIC: [8] Use of undefined constant Index - assumed 'Index' D:\xampp\htdocs\paoding_new\Application\Runtime\Cache\Pc\df68e5c44e63473a9f7b9541cd931c10.php 第 21 行.
NOTIC: [8] Undefined index: listorder D:\xampp\htdocs\paoding_new\Application\Runtime\Cache\Pc\df68e5c44e63473a9f7b9541cd931c10.php 第 121 行.
NOTIC: [8] Undefined index: listorder D:\xampp\htdocs\paoding_new\Application\Runtime\Cache\Pc\df68e5c44e63473a9f7b9541cd931c10.php 第 121 行.
NOTIC: [8] Undefined index: cat_id D:\xampp\htdocs\paoding_new\Application\Runtime\Cache\Pc\df68e5c44e63473a9f7b9541cd931c10.php 第 121 行.
NOTIC: [8] Undefined index: listorder D:\xampp\htdocs\paoding_new\Application\Runtime\Cache\Pc\df68e5c44e63473a9f7b9541cd931c10.php 第 124 行.
NOTIC: [8] Undefined index: cat_id D:\xampp\htdocs\paoding_new\Application\Runtime\Cache\Pc\df68e5c44e63473a9f7b9541cd931c10.php 第 124 行.
NOTIC: [8] Undefined variable: fatherId D:\xampp\htdocs\paoding_new\Application\Runtime\Cache\Pc\df68e5c44e63473a9f7b9541cd931c10.php 第 278 行.
NOTIC: [8] Undefined variable: sonId D:\xampp\htdocs\paoding_new\Application\Runtime\Cache\Pc\df68e5c44e63473a9f7b9541cd931c10.php 第 279 行.
NOTIC: [8] Use of undefined constant Index - assumed 'Index' D:\xampp\htdocs\paoding_new\Application\Runtime\Cache\Pc\df68e5c44e63473a9f7b9541cd931c10.php 第 286 行.
NOTIC: [8] Use of undefined constant Science - assumed 'Science' D:\xampp\htdocs\paoding_new\Application\Runtime\Cache\Pc\df68e5c44e63473a9f7b9541cd931c10.php 第 286 行.
NOTIC: [8] Use of undefined constant Task - assumed 'Task' D:\xampp\htdocs\paoding_new\Application\Runtime\Cache\Pc\df68e5c44e63473a9f7b9541cd931c10.php 第 287 行.
INFO: Run Behavior\ParseTemplateBehavior [ RunTime:0.014001s ]
INFO: [ view_parse ] --END-- [ RunTime:0.014001s ]
INFO: [ view_filter ] --START--
INFO: Run Behavior\WriteHtmlCacheBehavior [ RunTime:0.001000s ]
INFO: Run Behavior\TokenBuildBehavior [ RunTime:0.002000s ]
INFO: [ view_filter ] --END-- [ RunTime:0.003000s ]
INFO: [ app_end ] --START--
INFO: Run Behavior\ShowPageTraceBehavior [ RunTime:0.001000s ]
INFO: [ app_end ] --END-- [ RunTime:0.001000s ]

[ 2017-12-01T18:07:18+08:00 ] 127.0.0.1 /index.php/Pc/Index/index
INFO: [ app_init ] --START--
INFO: Run Behavior\BuildLiteBehavior [ RunTime:0.000000s ]
INFO: [ app_init ] --END-- [ RunTime:0.001000s ]
INFO: [ app_begin ] --START--
INFO: Run Behavior\ReadHtmlCacheBehavior [ RunTime:0.000000s ]
INFO: [ app_begin ] --END-- [ RunTime:0.000000s ]
NOTIC: [2] Declaration of Pc\Controller\IndexController::error() should be compatible with Think\Controller::error($message = '', $jumpUrl = '', $ajax = false) D:\xampp\htdocs\paoding_new\Application\Pc\Controller\IndexController.class.php 第 7 行.
INFO: [ action_begin ] --START--
INFO: Run Home\Behaviors\siteBehavior [ RunTime:0.000000s ]
INFO: [ action_begin ] --END-- [ RunTime:0.000000s ]
NOTIC: [8] Undefined index: code D:\xampp\htdocs\paoding_new\Application\Pc\Controller\IndexController.class.php 第 21 行.
NOTIC: [8] Undefined index: ifWeChatLogin D:\xampp\htdocs\paoding_new\Application\Pc\Controller\IndexController.class.php 第 23 行.
INFO: [ view_begin ] --START--
INFO: Run Home\Behaviors\testBehavior [ RunTime:0.000000s ]
INFO: [ view_begin ] --END-- [ RunTime:0.000000s ]
INFO: [ view_parse ] --START--
INFO: [ template_filter ] --START--
INFO: Run Behavior\ContentReplaceBehavior [ RunTime:0.000000s ]
INFO: [ template_filter ] --END-- [ RunTime:0.000000s ]
NOTIC: [8] Use of undefined constant Activity - assumed 'Activity' D:\xampp\htdocs\paoding_new\Application\Runtime\Cache\Pc\93c49ad67facdb6f997f1649493c88cf.php 第 22 行.
NOTIC: [8] Use of undefined constant Index - assumed 'Index' D:\xampp\htdocs\paoding_new\Application\Runtime\Cache\Pc\93c49ad67facdb6f997f1649493c88cf.php 第 25 行.
NOTIC: [8] Use of undefined constant index - assumed 'index' D:\xampp\htdocs\paoding_new\Application\Runtime\Cache\Pc\93c49ad67facdb6f997f1649493c88cf.php 第 25 行.
NOTIC: [8] Undefined variable: fatherId D:\xampp\htdocs\paoding_new\Application\Runtime\Cache\Pc\93c49ad67facdb6f997f1649493c88cf.php 第 392 行.
NOTIC: [8] Undefined variable: sonId D:\xampp\htdocs\paoding_new\Application\Runtime\Cache\Pc\93c49ad67facdb6f997f1649493c88cf.php 第 393 行.
NOTIC: [8] Use of undefined constant Index - assumed 'Index' D:\xampp\htdocs\paoding_new\Application\Runtime\Cache\Pc\93c49ad67facdb6f997f1649493c88cf.php 第 401 行.
INFO: Run Behavior\ParseTemplateBehavior [ RunTime:0.017001s ]
INFO: [ view_parse ] --END-- [ RunTime:0.017001s ]
INFO: [ view_filter ] --START--
INFO: Run Behavior\WriteHtmlCacheBehavior [ RunTime:0.001000s ]
INFO: Run Behavior\TokenBuildBehavior [ RunTime:0.003000s ]
INFO: [ view_filter ] --END-- [ RunTime:0.004000s ]
INFO: [ app_end ] --START--
INFO: Run Behavior\ShowPageTraceBehavior [ RunTime:0.001000s ]
INFO: [ app_end ] --END-- [ RunTime:0.001000s ]

[ 2017-12-01T18:07:20+08:00 ] 127.0.0.1 /index.php/Pc/Activity/data_list/channel/hd
INFO: [ app_init ] --START--
INFO: Run Behavior\BuildLiteBehavior [ RunTime:0.000000s ]
INFO: [ app_init ] --END-- [ RunTime:0.001000s ]
INFO: [ app_begin ] --START--
INFO: Run Behavior\ReadHtmlCacheBehavior [ RunTime:0.001001s ]
INFO: [ app_begin ] --END-- [ RunTime:0.001001s ]
INFO: [ action_begin ] --START--
INFO: Run Home\Behaviors\siteBehavior [ RunTime:0.001000s ]
INFO: [ action_begin ] --END-- [ RunTime:0.001000s ]
NOTIC: [8] Undefined index: code D:\xampp\htdocs\paoding_new\Application\Pc\Controller\ActivityController.class.php 第 30 行.
NOTIC: [8] Undefined index: ifWeChatLogin D:\xampp\htdocs\paoding_new\Application\Pc\Controller\ActivityController.class.php 第 32 行.
INFO: [ view_begin ] --START--
INFO: Run Home\Behaviors\testBehavior [ RunTime:0.001000s ]
INFO: [ view_begin ] --END-- [ RunTime:0.001000s ]
INFO: [ view_parse ] --START--
INFO: [ template_filter ] --START--
INFO: Run Behavior\ContentReplaceBehavior [ RunTime:0.000000s ]
INFO: [ template_filter ] --END-- [ RunTime:0.000000s ]
NOTIC: [8] Use of undefined constant Index - assumed 'Index' D:\xampp\htdocs\paoding_new\Application\Runtime\Cache\Pc\b6d63c3386f1568269ac827c6af2e852.php 第 20 行.
NOTIC: [8] Undefined variable: page D:\xampp\htdocs\paoding_new\Application\Runtime\Cache\Pc\b6d63c3386f1568269ac827c6af2e852.php 第 143 行.
NOTIC: [8] Undefined variable: fatherId D:\xampp\htdocs\paoding_new\Application\Runtime\Cache\Pc\b6d63c3386f1568269ac827c6af2e852.php 第 251 行.
NOTIC: [8] Undefined variable: sonId D:\xampp\htdocs\paoding_new\Application\Runtime\Cache\Pc\b6d63c3386f1568269ac827c6af2e852.php 第 252 行.
INFO: Run Behavior\ParseTemplateBehavior [ RunTime:0.049003s ]
INFO: [ view_parse ] --END-- [ RunTime:0.049003s ]
INFO: [ view_filter ] --START--
INFO: Run Behavior\WriteHtmlCacheBehavior [ RunTime:0.001000s ]
INFO: Run Behavior\TokenBuildBehavior [ RunTime:0.001000s ]
INFO: [ view_filter ] --END-- [ RunTime:0.002000s ]
INFO: [ app_end ] --START--
INFO: Run Behavior\ShowPageTraceBehavior [ RunTime:0.001000s ]
INFO: [ app_end ] --END-- [ RunTime:0.001000s ]

[ 2017-12-01T18:07:24+08:00 ] 127.0.0.1 /index.php/Pc/Index/index
INFO: [ app_init ] --START--
INFO: Run Behavior\BuildLiteBehavior [ RunTime:0.000000s ]
INFO: [ app_init ] --END-- [ RunTime:0.001000s ]
INFO: [ app_begin ] --START--
INFO: Run Behavior\ReadHtmlCacheBehavior [ RunTime:0.001001s ]
INFO: [ app_begin ] --END-- [ RunTime:0.001001s ]
NOTIC: [2] Declaration of Pc\Controller\IndexController::error() should be compatible with Think\Controller::error($message = '', $jumpUrl = '', $ajax = false) D:\xampp\htdocs\paoding_new\Application\Pc\Controller\IndexController.class.php 第 7 行.
INFO: [ action_begin ] --START--
INFO: Run Home\Behaviors\siteBehavior [ RunTime:0.001000s ]
INFO: [ action_begin ] --END-- [ RunTime:0.001000s ]
NOTIC: [8] Undefined index: code D:\xampp\htdocs\paoding_new\Application\Pc\Controller\IndexController.class.php 第 21 行.
NOTIC: [8] Undefined index: ifWeChatLogin D:\xampp\htdocs\paoding_new\Application\Pc\Controller\IndexController.class.php 第 23 行.
INFO: [ view_begin ] --START--
INFO: Run Home\Behaviors\testBehavior [ RunTime:0.000000s ]
INFO: [ view_begin ] --END-- [ RunTime:0.000000s ]
INFO: [ view_parse ] --START--
INFO: [ template_filter ] --START--
INFO: Run Behavior\ContentReplaceBehavior [ RunTime:0.000000s ]
INFO: [ template_filter ] --END-- [ RunTime:0.000000s ]
NOTIC: [8] Use of undefined constant Activity - assumed 'Activity' D:\xampp\htdocs\paoding_new\Application\Runtime\Cache\Pc\93c49ad67facdb6f997f1649493c88cf.php 第 22 行.
NOTIC: [8] Use of undefined constant Index - assumed 'Index' D:\xampp\htdocs\paoding_new\Application\Runtime\Cache\Pc\93c49ad67facdb6f997f1649493c88cf.php 第 25 行.
NOTIC: [8] Use of undefined constant index - assumed 'index' D:\xampp\htdocs\paoding_new\Application\Runtime\Cache\Pc\93c49ad67facdb6f997f1649493c88cf.php 第 25 行.
NOTIC: [8] Undefined variable: fatherId D:\xampp\htdocs\paoding_new\Application\Runtime\Cache\Pc\93c49ad67facdb6f997f1649493c88cf.php 第 392 行.
NOTIC: [8] Undefined variable: sonId D:\xampp\htdocs\paoding_new\Application\Runtime\Cache\Pc\93c49ad67facdb6f997f1649493c88cf.php 第 393 行.
NOTIC: [8] Use of undefined constant Index - assumed 'Index' D:\xampp\htdocs\paoding_new\Application\Runtime\Cache\Pc\93c49ad67facdb6f997f1649493c88cf.php 第 401 行.
INFO: Run Behavior\ParseTemplateBehavior [ RunTime:0.011001s ]
INFO: [ view_parse ] --END-- [ RunTime:0.011001s ]
INFO: [ view_filter ] --START--
INFO: Run Behavior\WriteHtmlCacheBehavior [ RunTime:0.001000s ]
INFO: Run Behavior\TokenBuildBehavior [ RunTime:0.002000s ]
INFO: [ view_filter ] --END-- [ RunTime:0.003000s ]
INFO: [ app_end ] --START--
INFO: Run Behavior\ShowPageTraceBehavior [ RunTime:0.001000s ]
INFO: [ app_end ] --END-- [ RunTime:0.001000s ]

[ 2017-12-01T18:07:32+08:00 ] 127.0.0.1 /index.php/Pc/Article/data_list/channel/js
INFO: [ app_init ] --START--
INFO: Run Behavior\BuildLiteBehavior [ RunTime:0.000000s ]
INFO: [ app_init ] --END-- [ RunTime:0.000000s ]
INFO: [ app_begin ] --START--
INFO: Run Behavior\ReadHtmlCacheBehavior [ RunTime:0.000000s ]
INFO: [ app_begin ] --END-- [ RunTime:0.000000s ]
INFO: [ action_begin ] --START--
INFO: Run Home\Behaviors\siteBehavior [ RunTime:0.001000s ]
INFO: [ action_begin ] --END-- [ RunTime:0.001000s ]
NOTIC: [8] Undefined index: if_hzqy D:\xampp\htdocs\paoding_new\Application\Pc\Controller\ArticleController.class.php 第 26 行.
NOTIC: [8] Undefined index: code D:\xampp\htdocs\paoding_new\Application\Pc\Controller\ArticleController.class.php 第 29 行.
NOTIC: [8] Undefined index: ifWeChatLogin D:\xampp\htdocs\paoding_new\Application\Pc\Controller\ArticleController.class.php 第 31 行.
INFO: [ view_begin ] --START--
INFO: Run Home\Behaviors\testBehavior [ RunTime:0.000000s ]
INFO: [ view_begin ] --END-- [ RunTime:0.000000s ]
INFO: [ view_parse ] --START--
INFO: [ template_filter ] --START--
INFO: Run Behavior\ContentReplaceBehavior [ RunTime:0.000000s ]
INFO: [ template_filter ] --END-- [ RunTime:0.000000s ]
NOTIC: [8] Use of undefined constant Activity - assumed 'Activity' D:\xampp\htdocs\paoding_new\Application\Runtime\Cache\Pc\24179c5096520a826d8edd948b3faecc.php 第 17 行.
NOTIC: [8] Use of undefined constant Index - assumed 'Index' D:\xampp\htdocs\paoding_new\Application\Runtime\Cache\Pc\24179c5096520a826d8edd948b3faecc.php 第 20 行.
NOTIC: [8] Undefined variable: fatherId D:\xampp\htdocs\paoding_new\Application\Runtime\Cache\Pc\24179c5096520a826d8edd948b3faecc.php 第 301 行.
NOTIC: [8] Undefined variable: sonId D:\xampp\htdocs\paoding_new\Application\Runtime\Cache\Pc\24179c5096520a826d8edd948b3faecc.php 第 302 行.
NOTIC: [8] Use of undefined constant Index - assumed 'Index' D:\xampp\htdocs\paoding_new\Application\Runtime\Cache\Pc\24179c5096520a826d8edd948b3faecc.php 第 309 行.
NOTIC: [8] Use of undefined constant Science - assumed 'Science' D:\xampp\htdocs\paoding_new\Application\Runtime\Cache\Pc\24179c5096520a826d8edd948b3faecc.php 第 309 行.
NOTIC: [8] Use of undefined constant Task - assumed 'Task' D:\xampp\htdocs\paoding_new\Application\Runtime\Cache\Pc\24179c5096520a826d8edd948b3faecc.php 第 310 行.
INFO: Run Behavior\ParseTemplateBehavior [ RunTime:0.019001s ]
INFO: [ view_parse ] --END-- [ RunTime:0.019001s ]
INFO: [ view_filter ] --START--
INFO: Run Behavior\WriteHtmlCacheBehavior [ RunTime:0.001000s ]
INFO: Run Behavior\TokenBuildBehavior [ RunTime:0.003000s ]
INFO: [ view_filter ] --END-- [ RunTime:0.004000s ]
INFO: [ app_end ] --START--
INFO: Run Behavior\ShowPageTraceBehavior [ RunTime:0.001001s ]
INFO: [ app_end ] --END-- [ RunTime:0.001001s ]

[ 2017-12-01T18:07:39+08:00 ] 127.0.0.1 /index.php/Pc/Article/data_list/channel/zt
INFO: [ app_init ] --START--
INFO: Run Behavior\BuildLiteBehavior [ RunTime:0.000000s ]
INFO: [ app_init ] --END-- [ RunTime:0.001000s ]
INFO: [ app_begin ] --START--
INFO: Run Behavior\ReadHtmlCacheBehavior [ RunTime:0.001000s ]
INFO: [ app_begin ] --END-- [ RunTime:0.001000s ]
INFO: [ action_begin ] --START--
INFO: Run Home\Behaviors\siteBehavior [ RunTime:0.001000s ]
INFO: [ action_begin ] --END-- [ RunTime:0.001000s ]
NOTIC: [8] Undefined index: if_hzqy D:\xampp\htdocs\paoding_new\Application\Pc\Controller\ArticleController.class.php 第 26 行.
NOTIC: [8] Undefined index: code D:\xampp\htdocs\paoding_new\Application\Pc\Controller\ArticleController.class.php 第 29 行.
NOTIC: [8] Undefined index: ifWeChatLogin D:\xampp\htdocs\paoding_new\Application\Pc\Controller\ArticleController.class.php 第 31 行.
INFO: [ view_begin ] --START--
INFO: Run Home\Behaviors\testBehavior [ RunTime:0.000000s ]
INFO: [ view_begin ] --END-- [ RunTime:0.000000s ]
INFO: [ view_parse ] --START--
INFO: [ template_filter ] --START--
INFO: Run Behavior\ContentReplaceBehavior [ RunTime:0.000000s ]
INFO: [ template_filter ] --END-- [ RunTime:0.000000s ]
NOTIC: [8] Use of undefined constant Activity - assumed 'Activity' D:\xampp\htdocs\paoding_new\Application\Runtime\Cache\Pc\56a5d3b47b866c49fb3c4b4c6b530460.php 第 22 行.
NOTIC: [8] Use of undefined constant Index - assumed 'Index' D:\xampp\htdocs\paoding_new\Application\Runtime\Cache\Pc\56a5d3b47b866c49fb3c4b4c6b530460.php 第 25 行.
NOTIC: [8] Undefined variable: page D:\xampp\htdocs\paoding_new\Application\Runtime\Cache\Pc\56a5d3b47b866c49fb3c4b4c6b530460.php 第 117 行.
NOTIC: [8] Undefined variable: fatherId D:\xampp\htdocs\paoding_new\Application\Runtime\Cache\Pc\56a5d3b47b866c49fb3c4b4c6b530460.php 第 246 行.
NOTIC: [8] Undefined variable: sonId D:\xampp\htdocs\paoding_new\Application\Runtime\Cache\Pc\56a5d3b47b866c49fb3c4b4c6b530460.php 第 247 行.
NOTIC: [8] Use of undefined constant Index - assumed 'Index' D:\xampp\htdocs\paoding_new\Application\Runtime\Cache\Pc\56a5d3b47b866c49fb3c4b4c6b530460.php 第 254 行.
NOTIC: [8] Use of undefined constant Science - assumed 'Science' D:\xampp\htdocs\paoding_new\Application\Runtime\Cache\Pc\56a5d3b47b866c49fb3c4b4c6b530460.php 第 254 行.
NOTIC: [8] Use of undefined constant Task - assumed 'Task' D:\xampp\htdocs\paoding_new\Application\Runtime\Cache\Pc\56a5d3b47b866c49fb3c4b4c6b530460.php 第 255 行.
INFO: Run Behavior\ParseTemplateBehavior [ RunTime:0.027002s ]
INFO: [ view_parse ] --END-- [ RunTime:0.027002s ]
INFO: [ view_filter ] --START--
INFO: Run Behavior\WriteHtmlCacheBehavior [ RunTime:0.000000s ]
INFO: Run Behavior\TokenBuildBehavior [ RunTime:0.002000s ]
INFO: [ view_filter ] --END-- [ RunTime:0.002000s ]
INFO: [ app_end ] --START--
INFO: Run Behavior\ShowPageTraceBehavior [ RunTime:0.000000s ]
INFO: [ app_end ] --END-- [ RunTime:0.000000s ]

[ 2017-12-01T18:07:41+08:00 ] 127.0.0.1 /index.php/Pc/Article/top/channel/top/type/1/data_id/9
INFO: [ app_init ] --START--
INFO: Run Behavior\BuildLiteBehavior [ RunTime:0.000000s ]
INFO: [ app_init ] --END-- [ RunTime:0.000000s ]
INFO: [ app_begin ] --START--
INFO: Run Behavior\ReadHtmlCacheBehavior [ RunTime:0.000000s ]
INFO: [ app_begin ] --END-- [ RunTime:0.000000s ]
INFO: [ action_begin ] --START--
INFO: Run Home\Behaviors\siteBehavior [ RunTime:0.001000s ]
INFO: [ action_begin ] --END-- [ RunTime:0.001000s ]
INFO: [ view_begin ] --START--
INFO: Run Home\Behaviors\testBehavior [ RunTime:0.001000s ]
INFO: [ view_begin ] --END-- [ RunTime:0.001000s ]
INFO: [ view_parse ] --START--
INFO: [ template_filter ] --START--
INFO: Run Behavior\ContentReplaceBehavior [ RunTime:0.000000s ]
INFO: [ template_filter ] --END-- [ RunTime:0.000000s ]
NOTIC: [8] Use of undefined constant Activity - assumed 'Activity' D:\xampp\htdocs\paoding_new\Application\Runtime\Cache\Pc\199f73de1117b1c3d5f357a0c914253d.php 第 17 行.
NOTIC: [8] Use of undefined constant Index - assumed 'Index' D:\xampp\htdocs\paoding_new\Application\Runtime\Cache\Pc\199f73de1117b1c3d5f357a0c914253d.php 第 20 行.
NOTIC: [8] Undefined variable: fatherId D:\xampp\htdocs\paoding_new\Application\Runtime\Cache\Pc\199f73de1117b1c3d5f357a0c914253d.php 第 243 行.
NOTIC: [8] Undefined variable: sonId D:\xampp\htdocs\paoding_new\Application\Runtime\Cache\Pc\199f73de1117b1c3d5f357a0c914253d.php 第 244 行.
NOTIC: [8] Use of undefined constant Index - assumed 'Index' D:\xampp\htdocs\paoding_new\Application\Runtime\Cache\Pc\199f73de1117b1c3d5f357a0c914253d.php 第 251 行.
NOTIC: [8] Use of undefined constant Science - assumed 'Science' D:\xampp\htdocs\paoding_new\Application\Runtime\Cache\Pc\199f73de1117b1c3d5f357a0c914253d.php 第 251 行.
NOTIC: [8] Use of undefined constant Task - assumed 'Task' D:\xampp\htdocs\paoding_new\Application\Runtime\Cache\Pc\199f73de1117b1c3d5f357a0c914253d.php 第 252 行.
NOTIC: [8] Undefined variable: ifWeChatLogin D:\xampp\htdocs\paoding_new\Application\Runtime\Cache\Pc\199f73de1117b1c3d5f357a0c914253d.php 第 432 行.
NOTIC: [8] Undefined variable: code D:\xampp\htdocs\paoding_new\Application\Runtime\Cache\Pc\199f73de1117b1c3d5f357a0c914253d.php 第 434 行.
INFO: Run Behavior\ParseTemplateBehavior [ RunTime:0.059004s ]
INFO: [ view_parse ] --END-- [ RunTime:0.059004s ]
INFO: [ view_filter ] --START--
INFO: Run Behavior\WriteHtmlCacheBehavior [ RunTime:0.000000s ]
INFO: Run Behavior\TokenBuildBehavior [ RunTime:0.002000s ]
INFO: [ view_filter ] --END-- [ RunTime:0.002000s ]
INFO: [ app_end ] --START--
INFO: Run Behavior\ShowPageTraceBehavior [ RunTime:0.001000s ]
INFO: [ app_end ] --END-- [ RunTime:0.001000s ]

[ 2017-12-01T18:07:58+08:00 ] 127.0.0.1 /index.php/Pc/Article/detail/channel/js/type/1/data_id/4101
INFO: [ app_init ] --START--
INFO: Run Behavior\BuildLiteBehavior [ RunTime:0.000000s ]
INFO: [ app_init ] --END-- [ RunTime:0.000000s ]
INFO: [ app_begin ] --START--
INFO: Run Behavior\ReadHtmlCacheBehavior [ RunTime:0.001000s ]
INFO: [ app_begin ] --END-- [ RunTime:0.001000s ]
INFO: [ action_begin ] --START--
INFO: Run Home\Behaviors\siteBehavior [ RunTime:0.002000s ]
INFO: [ action_begin ] --END-- [ RunTime:0.002000s ]
NOTIC: [8] Undefined index: code D:\xampp\htdocs\paoding_new\Application\Pc\Controller\ArticleController.class.php 第 45 行.
NOTIC: [8] Undefined index: ifWeChatLogin D:\xampp\htdocs\paoding_new\Application\Pc\Controller\ArticleController.class.php 第 47 行.
INFO: [ view_begin ] --START--
INFO: Run Home\Behaviors\testBehavior [ RunTime:0.001000s ]
INFO: [ view_begin ] --END-- [ RunTime:0.001000s ]
INFO: [ view_parse ] --START--
INFO: [ template_filter ] --START--
INFO: Run Behavior\ContentReplaceBehavior [ RunTime:0.000000s ]
INFO: [ template_filter ] --END-- [ RunTime:0.000000s ]
NOTIC: [8] Use of undefined constant Activity - assumed 'Activity' D:\xampp\htdocs\paoding_new\Application\Runtime\Cache\Pc\901604fb9b2fad8d3799775c1043cbd1.php 第 17 行.
NOTIC: [8] Use of undefined constant Index - assumed 'Index' D:\xampp\htdocs\paoding_new\Application\Runtime\Cache\Pc\901604fb9b2fad8d3799775c1043cbd1.php 第 20 行.
NOTIC: [8] Undefined variable: fatherId D:\xampp\htdocs\paoding_new\Application\Runtime\Cache\Pc\901604fb9b2fad8d3799775c1043cbd1.php 第 237 行.
NOTIC: [8] Undefined variable: sonId D:\xampp\htdocs\paoding_new\Application\Runtime\Cache\Pc\901604fb9b2fad8d3799775c1043cbd1.php 第 238 行.
NOTIC: [8] Use of undefined constant Index - assumed 'Index' D:\xampp\htdocs\paoding_new\Application\Runtime\Cache\Pc\901604fb9b2fad8d3799775c1043cbd1.php 第 245 行.
NOTIC: [8] Use of undefined constant Science - assumed 'Science' D:\xampp\htdocs\paoding_new\Application\Runtime\Cache\Pc\901604fb9b2fad8d3799775c1043cbd1.php 第 245 行.
NOTIC: [8] Use of undefined constant Task - assumed 'Task' D:\xampp\htdocs\paoding_new\Application\Runtime\Cache\Pc\901604fb9b2fad8d3799775c1043cbd1.php 第 246 行.
INFO: Run Behavior\ParseTemplateBehavior [ RunTime:0.049003s ]
INFO: [ view_parse ] --END-- [ RunTime:0.049003s ]
INFO: [ view_filter ] --START--
INFO: Run Behavior\WriteHtmlCacheBehavior [ RunTime:0.000000s ]
INFO: Run Behavior\TokenBuildBehavior [ RunTime:0.002000s ]
INFO: [ view_filter ] --END-- [ RunTime:0.002000s ]
INFO: [ app_end ] --START--
INFO: Run Behavior\ShowPageTraceBehavior [ RunTime:0.002000s ]
INFO: [ app_end ] --END-- [ RunTime:0.002000s ]

[ 2017-12-01T18:08:05+08:00 ] 127.0.0.1 /index.php/Pc/Article/data_list/channel/js
INFO: [ app_init ] --START--
INFO: Run Behavior\BuildLiteBehavior [ RunTime:0.000000s ]
INFO: [ app_init ] --END-- [ RunTime:0.000000s ]
INFO: [ app_begin ] --START--
INFO: Run Behavior\ReadHtmlCacheBehavior [ RunTime:0.001000s ]
INFO: [ app_begin ] --END-- [ RunTime:0.001000s ]
INFO: [ action_begin ] --START--
INFO: Run Home\Behaviors\siteBehavior [ RunTime:0.000000s ]
INFO: [ action_begin ] --END-- [ RunTime:0.000000s ]
NOTIC: [8] Undefined index: if_hzqy D:\xampp\htdocs\paoding_new\Application\Pc\Controller\ArticleController.class.php 第 26 行.
NOTIC: [8] Undefined index: code D:\xampp\htdocs\paoding_new\Application\Pc\Controller\ArticleController.class.php 第 29 行.
NOTIC: [8] Undefined index: ifWeChatLogin D:\xampp\htdocs\paoding_new\Application\Pc\Controller\ArticleController.class.php 第 31 行.
INFO: [ view_begin ] --START--
INFO: Run Home\Behaviors\testBehavior [ RunTime:0.000000s ]
INFO: [ view_begin ] --END-- [ RunTime:0.000000s ]
INFO: [ view_parse ] --START--
INFO: [ template_filter ] --START--
INFO: Run Behavior\ContentReplaceBehavior [ RunTime:0.000000s ]
INFO: [ template_filter ] --END-- [ RunTime:0.000000s ]
NOTIC: [8] Use of undefined constant Activity - assumed 'Activity' D:\xampp\htdocs\paoding_new\Application\Runtime\Cache\Pc\24179c5096520a826d8edd948b3faecc.php 第 17 行.
NOTIC: [8] Use of undefined constant Index - assumed 'Index' D:\xampp\htdocs\paoding_new\Application\Runtime\Cache\Pc\24179c5096520a826d8edd948b3faecc.php 第 20 行.
NOTIC: [8] Undefined variable: fatherId D:\xampp\htdocs\paoding_new\Application\Runtime\Cache\Pc\24179c5096520a826d8edd948b3faecc.php 第 301 行.
NOTIC: [8] Undefined variable: sonId D:\xampp\htdocs\paoding_new\Application\Runtime\Cache\Pc\24179c5096520a826d8edd948b3faecc.php 第 302 行.
NOTIC: [8] Use of undefined constant Index - assumed 'Index' D:\xampp\htdocs\paoding_new\Application\Runtime\Cache\Pc\24179c5096520a826d8edd948b3faecc.php 第 309 行.
NOTIC: [8] Use of undefined constant Science - assumed 'Science' D:\xampp\htdocs\paoding_new\Application\Runtime\Cache\Pc\24179c5096520a826d8edd948b3faecc.php 第 309 行.
NOTIC: [8] Use of undefined constant Task - assumed 'Task' D:\xampp\htdocs\paoding_new\Application\Runtime\Cache\Pc\24179c5096520a826d8edd948b3faecc.php 第 310 行.
INFO: Run Behavior\ParseTemplateBehavior [ RunTime:0.011000s ]
INFO: [ view_parse ] --END-- [ RunTime:0.011000s ]
INFO: [ view_filter ] --START--
INFO: Run Behavior\WriteHtmlCacheBehavior [ RunTime:0.001000s ]
INFO: Run Behavior\TokenBuildBehavior [ RunTime:0.003001s ]
INFO: [ view_filter ] --END-- [ RunTime:0.004001s ]
INFO: [ app_end ] --START--
INFO: Run Behavior\ShowPageTraceBehavior [ RunTime:0.001000s ]
INFO: [ app_end ] --END-- [ RunTime:0.001000s ]

[ 2017-12-01T18:08:32+08:00 ] 127.0.0.1 /index.php/Pc/Article/detail/channel/js/type/1/data_id/4110
INFO: [ app_init ] --START--
INFO: Run Behavior\BuildLiteBehavior [ RunTime:0.000000s ]
INFO: [ app_init ] --END-- [ RunTime:0.001001s ]
INFO: [ app_begin ] --START--
INFO: Run Behavior\ReadHtmlCacheBehavior [ RunTime:0.001000s ]
INFO: [ app_begin ] --END-- [ RunTime:0.001000s ]
INFO: [ action_begin ] --START--
INFO: Run Home\Behaviors\siteBehavior [ RunTime:0.000000s ]
INFO: [ action_begin ] --END-- [ RunTime:0.000000s ]
NOTIC: [8] Undefined index: code D:\xampp\htdocs\paoding_new\Application\Pc\Controller\ArticleController.class.php 第 45 行.
NOTIC: [8] Undefined index: ifWeChatLogin D:\xampp\htdocs\paoding_new\Application\Pc\Controller\ArticleController.class.php 第 47 行.
INFO: [ view_begin ] --START--
INFO: Run Home\Behaviors\testBehavior [ RunTime:0.001000s ]
INFO: [ view_begin ] --END-- [ RunTime:0.001000s ]
INFO: [ view_parse ] --START--
INFO: [ template_filter ] --START--
INFO: Run Behavior\ContentReplaceBehavior [ RunTime:0.000000s ]
INFO: [ template_filter ] --END-- [ RunTime:0.000000s ]
NOTIC: [8] Use of undefined constant Activity - assumed 'Activity' D:\xampp\htdocs\paoding_new\Application\Runtime\Cache\Pc\901604fb9b2fad8d3799775c1043cbd1.php 第 17 行.
NOTIC: [8] Use of undefined constant Index - assumed 'Index' D:\xampp\htdocs\paoding_new\Application\Runtime\Cache\Pc\901604fb9b2fad8d3799775c1043cbd1.php 第 20 行.
NOTIC: [8] Undefined variable: fatherId D:\xampp\htdocs\paoding_new\Application\Runtime\Cache\Pc\901604fb9b2fad8d3799775c1043cbd1.php 第 237 行.
NOTIC: [8] Undefined variable: sonId D:\xampp\htdocs\paoding_new\Application\Runtime\Cache\Pc\901604fb9b2fad8d3799775c1043cbd1.php 第 238 行.
NOTIC: [8] Use of undefined constant Index - assumed 'Index' D:\xampp\htdocs\paoding_new\Application\Runtime\Cache\Pc\901604fb9b2fad8d3799775c1043cbd1.php 第 245 行.
NOTIC: [8] Use of undefined constant Science - assumed 'Science' D:\xampp\htdocs\paoding_new\Application\Runtime\Cache\Pc\901604fb9b2fad8d3799775c1043cbd1.php 第 245 行.
NOTIC: [8] Use of undefined constant Task - assumed 'Task' D:\xampp\htdocs\paoding_new\Application\Runtime\Cache\Pc\901604fb9b2fad8d3799775c1043cbd1.php 第 246 行.
INFO: Run Behavior\ParseTemplateBehavior [ RunTime:0.011000s ]
INFO: [ view_parse ] --END-- [ RunTime:0.011000s ]
INFO: [ view_filter ] --START--
INFO: Run Behavior\WriteHtmlCacheBehavior [ RunTime:0.001000s ]
INFO: Run Behavior\TokenBuildBehavior [ RunTime:0.002000s ]
INFO: [ view_filter ] --END-- [ RunTime:0.003000s ]
INFO: [ app_end ] --START--
INFO: Run Behavior\ShowPageTraceBehavior [ RunTime:0.001000s ]
INFO: [ app_end ] --END-- [ RunTime:0.001000s ]

[ 2017-12-01T18:08:40+08:00 ] 127.0.0.1 /index.php/Pc/Article/top/channel/top/type/1/data_id/9
INFO: [ app_init ] --START--
INFO: Run Behavior\BuildLiteBehavior [ RunTime:0.000000s ]
INFO: [ app_init ] --END-- [ RunTime:0.001000s ]
INFO: [ app_begin ] --START--
INFO: Run Behavior\ReadHtmlCacheBehavior [ RunTime:0.000000s ]
INFO: [ app_begin ] --END-- [ RunTime:0.000000s ]
INFO: [ action_begin ] --START--
INFO: Run Home\Behaviors\siteBehavior [ RunTime:0.000000s ]
INFO: [ action_begin ] --END-- [ RunTime:0.000000s ]
INFO: [ view_begin ] --START--
INFO: Run Home\Behaviors\testBehavior [ RunTime:0.000000s ]
INFO: [ view_begin ] --END-- [ RunTime:0.000000s ]
INFO: [ view_parse ] --START--
INFO: [ template_filter ] --START--
INFO: Run Behavior\ContentReplaceBehavior [ RunTime:0.001000s ]
INFO: [ template_filter ] --END-- [ RunTime:0.001000s ]
NOTIC: [8] Use of undefined constant Activity - assumed 'Activity' D:\xampp\htdocs\paoding_new\Application\Runtime\Cache\Pc\199f73de1117b1c3d5f357a0c914253d.php 第 17 行.
NOTIC: [8] Use of undefined constant Index - assumed 'Index' D:\xampp\htdocs\paoding_new\Application\Runtime\Cache\Pc\199f73de1117b1c3d5f357a0c914253d.php 第 20 行.
NOTIC: [8] Undefined variable: fatherId D:\xampp\htdocs\paoding_new\Application\Runtime\Cache\Pc\199f73de1117b1c3d5f357a0c914253d.php 第 243 行.
NOTIC: [8] Undefined variable: sonId D:\xampp\htdocs\paoding_new\Application\Runtime\Cache\Pc\199f73de1117b1c3d5f357a0c914253d.php 第 244 行.
NOTIC: [8] Use of undefined constant Index - assumed 'Index' D:\xampp\htdocs\paoding_new\Application\Runtime\Cache\Pc\199f73de1117b1c3d5f357a0c914253d.php 第 251 行.
NOTIC: [8] Use of undefined constant Science - assumed 'Science' D:\xampp\htdocs\paoding_new\Application\Runtime\Cache\Pc\199f73de1117b1c3d5f357a0c914253d.php 第 251 行.
NOTIC: [8] Use of undefined constant Task - assumed 'Task' D:\xampp\htdocs\paoding_new\Application\Runtime\Cache\Pc\199f73de1117b1c3d5f357a0c914253d.php 第 252 行.
NOTIC: [8] Undefined variable: ifWeChatLogin D:\xampp\htdocs\paoding_new\Application\Runtime\Cache\Pc\199f73de1117b1c3d5f357a0c914253d.php 第 432 行.
NOTIC: [8] Undefined variable: code D:\xampp\htdocs\paoding_new\Application\Runtime\Cache\Pc\199f73de1117b1c3d5f357a0c914253d.php 第 434 行.
INFO: Run Behavior\ParseTemplateBehavior [ RunTime:0.012001s ]
INFO: [ view_parse ] --END-- [ RunTime:0.012001s ]
INFO: [ view_filter ] --START--
INFO: Run Behavior\WriteHtmlCacheBehavior [ RunTime:0.000000s ]
INFO: Run Behavior\TokenBuildBehavior [ RunTime:0.002000s ]
INFO: [ view_filter ] --END-- [ RunTime:0.002000s ]
INFO: [ app_end ] --START--
INFO: Run Behavior\ShowPageTraceBehavior [ RunTime:0.001000s ]
INFO: [ app_end ] --END-- [ RunTime:0.001000s ]

[ 2017-12-01T18:08:44+08:00 ] 127.0.0.1 /index.php/Pc/Article/detail/channel/js/type/1/data_id/4110
INFO: [ app_init ] --START--
INFO: Run Behavior\BuildLiteBehavior [ RunTime:0.000000s ]
INFO: [ app_init ] --END-- [ RunTime:0.001000s ]
INFO: [ app_begin ] --START--
INFO: Run Behavior\ReadHtmlCacheBehavior [ RunTime:0.000000s ]
INFO: [ app_begin ] --END-- [ RunTime:0.000000s ]
INFO: [ action_begin ] --START--
INFO: Run Home\Behaviors\siteBehavior [ RunTime:0.000000s ]
INFO: [ action_begin ] --END-- [ RunTime:0.001000s ]
NOTIC: [8] Undefined index: code D:\xampp\htdocs\paoding_new\Application\Pc\Controller\ArticleController.class.php 第 45 行.
NOTIC: [8] Undefined index: ifWeChatLogin D:\xampp\htdocs\paoding_new\Application\Pc\Controller\ArticleController.class.php 第 47 行.
INFO: [ view_begin ] --START--
INFO: Run Home\Behaviors\testBehavior [ RunTime:0.001000s ]
INFO: [ view_begin ] --END-- [ RunTime:0.001000s ]
INFO: [ view_parse ] --START--
INFO: [ template_filter ] --START--
INFO: Run Behavior\ContentReplaceBehavior [ RunTime:0.000000s ]
INFO: [ template_filter ] --END-- [ RunTime:0.000000s ]
NOTIC: [8] Use of undefined constant Activity - assumed 'Activity' D:\xampp\htdocs\paoding_new\Application\Runtime\Cache\Pc\901604fb9b2fad8d3799775c1043cbd1.php 第 17 行.
NOTIC: [8] Use of undefined constant Index - assumed 'Index' D:\xampp\htdocs\paoding_new\Application\Runtime\Cache\Pc\901604fb9b2fad8d3799775c1043cbd1.php 第 20 行.
NOTIC: [8] Undefined variable: fatherId D:\xampp\htdocs\paoding_new\Application\Runtime\Cache\Pc\901604fb9b2fad8d3799775c1043cbd1.php 第 237 行.
NOTIC: [8] Undefined variable: sonId D:\xampp\htdocs\paoding_new\Application\Runtime\Cache\Pc\901604fb9b2fad8d3799775c1043cbd1.php 第 238 行.
NOTIC: [8] Use of undefined constant Index - assumed 'Index' D:\xampp\htdocs\paoding_new\Application\Runtime\Cache\Pc\901604fb9b2fad8d3799775c1043cbd1.php 第 245 行.
NOTIC: [8] Use of undefined constant Science - assumed 'Science' D:\xampp\htdocs\paoding_new\Application\Runtime\Cache\Pc\901604fb9b2fad8d3799775c1043cbd1.php 第 245 行.
NOTIC: [8] Use of undefined constant Task - assumed 'Task' D:\xampp\htdocs\paoding_new\Application\Runtime\Cache\Pc\901604fb9b2fad8d3799775c1043cbd1.php 第 246 行.
INFO: Run Behavior\ParseTemplateBehavior [ RunTime:0.012000s ]
INFO: [ view_parse ] --END-- [ RunTime:0.012000s ]
INFO: [ view_filter ] --START--
INFO: Run Behavior\WriteHtmlCacheBehavior [ RunTime:0.000000s ]
INFO: Run Behavior\TokenBuildBehavior [ RunTime:0.002000s ]
INFO: [ view_filter ] --END-- [ RunTime:0.002000s ]
INFO: [ app_end ] --START--
INFO: Run Behavior\ShowPageTraceBehavior [ RunTime:0.001000s ]
INFO: [ app_end ] --END-- [ RunTime:0.001000s ]

[ 2017-12-01T18:10:25+08:00 ] 127.0.0.1 /index.php/Pc/Article/data_list/channel/js
INFO: [ app_init ] --START--
INFO: Run Behavior\BuildLiteBehavior [ RunTime:0.000000s ]
INFO: [ app_init ] --END-- [ RunTime:0.001000s ]
INFO: [ app_begin ] --START--
INFO: Run Behavior\ReadHtmlCacheBehavior [ RunTime:0.000000s ]
INFO: [ app_begin ] --END-- [ RunTime:0.000000s ]
INFO: [ action_begin ] --START--
INFO: Run Home\Behaviors\siteBehavior [ RunTime:0.001000s ]
INFO: [ action_begin ] --END-- [ RunTime:0.001000s ]
NOTIC: [8] Undefined index: if_hzqy D:\xampp\htdocs\paoding_new\Application\Pc\Controller\ArticleController.class.php 第 26 行.
NOTIC: [8] Undefined index: code D:\xampp\htdocs\paoding_new\Application\Pc\Controller\ArticleController.class.php 第 29 行.
NOTIC: [8] Undefined index: ifWeChatLogin D:\xampp\htdocs\paoding_new\Application\Pc\Controller\ArticleController.class.php 第 31 行.
INFO: [ view_begin ] --START--
INFO: Run Home\Behaviors\testBehavior [ RunTime:0.000000s ]
INFO: [ view_begin ] --END-- [ RunTime:0.000000s ]
INFO: [ view_parse ] --START--
INFO: [ template_filter ] --START--
INFO: Run Behavior\ContentReplaceBehavior [ RunTime:0.001000s ]
INFO: [ template_filter ] --END-- [ RunTime:0.001000s ]
NOTIC: [8] Use of undefined constant Activity - assumed 'Activity' D:\xampp\htdocs\paoding_new\Application\Runtime\Cache\Pc\24179c5096520a826d8edd948b3faecc.php 第 17 行.
NOTIC: [8] Use of undefined constant Index - assumed 'Index' D:\xampp\htdocs\paoding_new\Application\Runtime\Cache\Pc\24179c5096520a826d8edd948b3faecc.php 第 20 行.
NOTIC: [8] Undefined variable: fatherId D:\xampp\htdocs\paoding_new\Application\Runtime\Cache\Pc\24179c5096520a826d8edd948b3faecc.php 第 301 行.
NOTIC: [8] Undefined variable: sonId D:\xampp\htdocs\paoding_new\Application\Runtime\Cache\Pc\24179c5096520a826d8edd948b3faecc.php 第 302 行.
NOTIC: [8] Use of undefined constant Index - assumed 'Index' D:\xampp\htdocs\paoding_new\Application\Runtime\Cache\Pc\24179c5096520a826d8edd948b3faecc.php 第 309 行.
NOTIC: [8] Use of undefined constant Science - assumed 'Science' D:\xampp\htdocs\paoding_new\Application\Runtime\Cache\Pc\24179c5096520a826d8edd948b3faecc.php 第 309 行.
NOTIC: [8] Use of undefined constant Task - assumed 'Task' D:\xampp\htdocs\paoding_new\Application\Runtime\Cache\Pc\24179c5096520a826d8edd948b3faecc.php 第 310 行.
INFO: Run Behavior\ParseTemplateBehavior [ RunTime:0.011001s ]
INFO: [ view_parse ] --END-- [ RunTime:0.011001s ]
INFO: [ view_filter ] --START--
INFO: Run Behavior\WriteHtmlCacheBehavior [ RunTime:0.001000s ]
INFO: Run Behavior\TokenBuildBehavior [ RunTime:0.002000s ]
INFO: [ view_filter ] --END-- [ RunTime:0.003000s ]
INFO: [ app_end ] --START--
INFO: Run Behavior\ShowPageTraceBehavior [ RunTime:0.001000s ]
INFO: [ app_end ] --END-- [ RunTime:0.001000s ]

[ 2017-12-01T18:10:27+08:00 ] 127.0.0.1 /index.php/Pc/Article/data_list/channel/zt
INFO: [ app_init ] --START--
INFO: Run Behavior\BuildLiteBehavior [ RunTime:0.000000s ]
INFO: [ app_init ] --END-- [ RunTime:0.000000s ]
INFO: [ app_begin ] --START--
INFO: Run Behavior\ReadHtmlCacheBehavior [ RunTime:0.001000s ]
INFO: [ app_begin ] --END-- [ RunTime:0.001000s ]
INFO: [ action_begin ] --START--
INFO: Run Home\Behaviors\siteBehavior [ RunTime:0.000000s ]
INFO: [ action_begin ] --END-- [ RunTime:0.000000s ]
NOTIC: [8] Undefined index: if_hzqy D:\xampp\htdocs\paoding_new\Application\Pc\Controller\ArticleController.class.php 第 26 行.
NOTIC: [8] Undefined index: code D:\xampp\htdocs\paoding_new\Application\Pc\Controller\ArticleController.class.php 第 29 行.
NOTIC: [8] Undefined index: ifWeChatLogin D:\xampp\htdocs\paoding_new\Application\Pc\Controller\ArticleController.class.php 第 31 行.
INFO: [ view_begin ] --START--
INFO: Run Home\Behaviors\testBehavior [ RunTime:0.002000s ]
INFO: [ view_begin ] --END-- [ RunTime:0.002000s ]
INFO: [ view_parse ] --START--
INFO: [ template_filter ] --START--
INFO: Run Behavior\ContentReplaceBehavior [ RunTime:0.000000s ]
INFO: [ template_filter ] --END-- [ RunTime:0.000000s ]
NOTIC: [8] Use of undefined constant Activity - assumed 'Activity' D:\xampp\htdocs\paoding_new\Application\Runtime\Cache\Pc\56a5d3b47b866c49fb3c4b4c6b530460.php 第 22 行.
NOTIC: [8] Use of undefined constant Index - assumed 'Index' D:\xampp\htdocs\paoding_new\Application\Runtime\Cache\Pc\56a5d3b47b866c49fb3c4b4c6b530460.php 第 25 行.
NOTIC: [8] Undefined variable: page D:\xampp\htdocs\paoding_new\Application\Runtime\Cache\Pc\56a5d3b47b866c49fb3c4b4c6b530460.php 第 117 行.
NOTIC: [8] Undefined variable: fatherId D:\xampp\htdocs\paoding_new\Application\Runtime\Cache\Pc\56a5d3b47b866c49fb3c4b4c6b530460.php 第 246 行.
NOTIC: [8] Undefined variable: sonId D:\xampp\htdocs\paoding_new\Application\Runtime\Cache\Pc\56a5d3b47b866c49fb3c4b4c6b530460.php 第 247 行.
NOTIC: [8] Use of undefined constant Index - assumed 'Index' D:\xampp\htdocs\paoding_new\Application\Runtime\Cache\Pc\56a5d3b47b866c49fb3c4b4c6b530460.php 第 254 行.
NOTIC: [8] Use of undefined constant Science - assumed 'Science' D:\xampp\htdocs\paoding_new\Application\Runtime\Cache\Pc\56a5d3b47b866c49fb3c4b4c6b530460.php 第 254 行.
NOTIC: [8] Use of undefined constant Task - assumed 'Task' D:\xampp\htdocs\paoding_new\Application\Runtime\Cache\Pc\56a5d3b47b866c49fb3c4b4c6b530460.php 第 255 行.
INFO: Run Behavior\ParseTemplateBehavior [ RunTime:0.012001s ]
INFO: [ view_parse ] --END-- [ RunTime:0.012001s ]
INFO: [ view_filter ] --START--
INFO: Run Behavior\WriteHtmlCacheBehavior [ RunTime:0.001000s ]
INFO: Run Behavior\TokenBuildBehavior [ RunTime:0.002000s ]
INFO: [ view_filter ] --END-- [ RunTime:0.003000s ]
INFO: [ app_end ] --START--
INFO: Run Behavior\ShowPageTraceBehavior [ RunTime:0.002000s ]
INFO: [ app_end ] --END-- [ RunTime:0.002000s ]

