[ 2017-10-23T11:41:44+08:00 ] 127.0.0.1 /
INFO: [ app_init ] --START--
INFO: Run Behavior\BuildLiteBehavior [ RunTime:0.000000s ]
INFO: [ app_init ] --END-- [ RunTime:0.003001s ]
INFO: [ app_begin ] --START--
INFO: Run Behavior\ReadHtmlCacheBehavior [ RunTime:0.001000s ]
INFO: [ app_begin ] --END-- [ RunTime:0.001000s ]
NOTIC: [2048] Declaration of Pc\Controller\IndexController::error() should be compatible with Think\Controller::error($message = '', $jumpUrl = '', $ajax = false) D:\xampp\htdocs\paoding_gemmap\Application\Pc\Controller\IndexController.class.php 第 8 行.
INFO: [ action_begin ] --START--
INFO: Run Home\Behaviors\siteBehavior [ RunTime:0.060004s ]
INFO: [ action_begin ] --END-- [ RunTime:0.060004s ]
NOTIC: [8] Undefined index: code D:\xampp\htdocs\paoding_gemmap\Application\Pc\Controller\IndexController.class.php 第 21 行.
NOTIC: [8] Undefined index: ifWeChatLogin D:\xampp\htdocs\paoding_gemmap\Application\Pc\Controller\IndexController.class.php 第 23 行.
INFO: [ view_begin ] --START--
INFO: Run Home\Behaviors\testBehavior [ RunTime:0.001000s ]
INFO: [ view_begin ] --END-- [ RunTime:0.001000s ]
INFO: [ view_parse ] --START--
INFO: [ template_filter ] --START--
INFO: Run Behavior\ContentReplaceBehavior [ RunTime:0.000000s ]
INFO: [ template_filter ] --END-- [ RunTime:0.000000s ]
NOTIC: [8] Use of undefined constant Activity - assumed 'Activity' D:\xampp\htdocs\paoding_gemmap\Application\Runtime\Cache\Pc\93c49ad67facdb6f997f1649493c88cf.php 第 22 行.
NOTIC: [8] Use of undefined constant Index - assumed 'Index' D:\xampp\htdocs\paoding_gemmap\Application\Runtime\Cache\Pc\93c49ad67facdb6f997f1649493c88cf.php 第 25 行.
NOTIC: [8] Use of undefined constant index - assumed 'index' D:\xampp\htdocs\paoding_gemmap\Application\Runtime\Cache\Pc\93c49ad67facdb6f997f1649493c88cf.php 第 25 行.
NOTIC: [8] Undefined variable: fatherId D:\xampp\htdocs\paoding_gemmap\Application\Runtime\Cache\Pc\93c49ad67facdb6f997f1649493c88cf.php 第 392 行.
NOTIC: [8] Undefined variable: sonId D:\xampp\htdocs\paoding_gemmap\Application\Runtime\Cache\Pc\93c49ad67facdb6f997f1649493c88cf.php 第 393 行.
NOTIC: [8] Use of undefined constant Index - assumed 'Index' D:\xampp\htdocs\paoding_gemmap\Application\Runtime\Cache\Pc\93c49ad67facdb6f997f1649493c88cf.php 第 401 行.
INFO: Run Behavior\ParseTemplateBehavior [ RunTime:0.065004s ]
INFO: [ view_parse ] --END-- [ RunTime:0.065004s ]
INFO: [ view_filter ] --START--
INFO: Run Behavior\WriteHtmlCacheBehavior [ RunTime:0.012000s ]
INFO: Run Behavior\TokenBuildBehavior [ RunTime:0.019001s ]
INFO: [ view_filter ] --END-- [ RunTime:0.031001s ]
INFO: [ app_end ] --START--
INFO: Run Behavior\ShowPageTraceBehavior [ RunTime:0.002000s ]
INFO: [ app_end ] --END-- [ RunTime:0.003000s ]

[ 2017-10-23T16:16:27+08:00 ] 127.0.0.1 /
INFO: [ app_init ] --START--
INFO: Run Behavior\BuildLiteBehavior [ RunTime:0.000000s ]
INFO: [ app_init ] --END-- [ RunTime:0.001000s ]
INFO: [ app_begin ] --START--
INFO: Run Behavior\ReadHtmlCacheBehavior [ RunTime:0.001000s ]
INFO: [ app_begin ] --END-- [ RunTime:0.001000s ]
NOTIC: [2048] Declaration of Pc\Controller\IndexController::error() should be compatible with Think\Controller::error($message = '', $jumpUrl = '', $ajax = false) D:\xampp\htdocs\paoding_gemmap\Application\Pc\Controller\IndexController.class.php 第 8 行.
INFO: [ action_begin ] --START--
INFO: Run Home\Behaviors\siteBehavior [ RunTime:0.001000s ]
INFO: [ action_begin ] --END-- [ RunTime:0.001000s ]
NOTIC: [8] Undefined index: code D:\xampp\htdocs\paoding_gemmap\Application\Pc\Controller\IndexController.class.php 第 21 行.
NOTIC: [8] Undefined index: ifWeChatLogin D:\xampp\htdocs\paoding_gemmap\Application\Pc\Controller\IndexController.class.php 第 23 行.
INFO: [ view_begin ] --START--
INFO: Run Home\Behaviors\testBehavior [ RunTime:0.001000s ]
INFO: [ view_begin ] --END-- [ RunTime:0.001000s ]
INFO: [ view_parse ] --START--
INFO: [ template_filter ] --START--
INFO: Run Behavior\ContentReplaceBehavior [ RunTime:0.000000s ]
INFO: [ template_filter ] --END-- [ RunTime:0.000000s ]
NOTIC: [8] Use of undefined constant Activity - assumed 'Activity' D:\xampp\htdocs\paoding_gemmap\Application\Runtime\Cache\Pc\93c49ad67facdb6f997f1649493c88cf.php 第 22 行.
NOTIC: [8] Use of undefined constant Index - assumed 'Index' D:\xampp\htdocs\paoding_gemmap\Application\Runtime\Cache\Pc\93c49ad67facdb6f997f1649493c88cf.php 第 25 行.
NOTIC: [8] Use of undefined constant index - assumed 'index' D:\xampp\htdocs\paoding_gemmap\Application\Runtime\Cache\Pc\93c49ad67facdb6f997f1649493c88cf.php 第 25 行.
NOTIC: [8] Undefined variable: fatherId D:\xampp\htdocs\paoding_gemmap\Application\Runtime\Cache\Pc\93c49ad67facdb6f997f1649493c88cf.php 第 392 行.
NOTIC: [8] Undefined variable: sonId D:\xampp\htdocs\paoding_gemmap\Application\Runtime\Cache\Pc\93c49ad67facdb6f997f1649493c88cf.php 第 393 行.
NOTIC: [8] Use of undefined constant Index - assumed 'Index' D:\xampp\htdocs\paoding_gemmap\Application\Runtime\Cache\Pc\93c49ad67facdb6f997f1649493c88cf.php 第 401 行.
INFO: Run Behavior\ParseTemplateBehavior [ RunTime:0.016001s ]
INFO: [ view_parse ] --END-- [ RunTime:0.016001s ]
INFO: [ view_filter ] --START--
INFO: Run Behavior\WriteHtmlCacheBehavior [ RunTime:0.001000s ]
INFO: Run Behavior\TokenBuildBehavior [ RunTime:0.001000s ]
INFO: [ view_filter ] --END-- [ RunTime:0.002000s ]
INFO: [ app_end ] --START--
INFO: Run Behavior\ShowPageTraceBehavior [ RunTime:0.000000s ]
INFO: [ app_end ] --END-- [ RunTime:0.001000s ]

[ 2017-10-23T17:26:07+08:00 ] 127.0.0.1 /
INFO: [ app_init ] --START--
INFO: Run Behavior\BuildLiteBehavior [ RunTime:0.000000s ]
INFO: [ app_init ] --END-- [ RunTime:0.000000s ]
INFO: [ app_begin ] --START--
INFO: Run Behavior\ReadHtmlCacheBehavior [ RunTime:0.001000s ]
INFO: [ app_begin ] --END-- [ RunTime:0.001000s ]
NOTIC: [2048] Declaration of Pc\Controller\IndexController::error() should be compatible with Think\Controller::error($message = '', $jumpUrl = '', $ajax = false) D:\xampp\htdocs\paoding_gemmap\Application\Pc\Controller\IndexController.class.php 第 8 行.
INFO: [ action_begin ] --START--
INFO: Run Home\Behaviors\siteBehavior [ RunTime:0.001000s ]
INFO: [ action_begin ] --END-- [ RunTime:0.001000s ]
NOTIC: [8] Undefined index: code D:\xampp\htdocs\paoding_gemmap\Application\Pc\Controller\IndexController.class.php 第 21 行.
NOTIC: [8] Undefined index: ifWeChatLogin D:\xampp\htdocs\paoding_gemmap\Application\Pc\Controller\IndexController.class.php 第 23 行.
INFO: [ view_begin ] --START--
INFO: Run Home\Behaviors\testBehavior [ RunTime:0.001000s ]
INFO: [ view_begin ] --END-- [ RunTime:0.001000s ]
INFO: [ view_parse ] --START--
INFO: [ template_filter ] --START--
INFO: Run Behavior\ContentReplaceBehavior [ RunTime:0.000000s ]
INFO: [ template_filter ] --END-- [ RunTime:0.000000s ]
NOTIC: [8] Use of undefined constant Activity - assumed 'Activity' D:\xampp\htdocs\paoding_gemmap\Application\Runtime\Cache\Pc\93c49ad67facdb6f997f1649493c88cf.php 第 22 行.
NOTIC: [8] Use of undefined constant Index - assumed 'Index' D:\xampp\htdocs\paoding_gemmap\Application\Runtime\Cache\Pc\93c49ad67facdb6f997f1649493c88cf.php 第 25 行.
NOTIC: [8] Use of undefined constant index - assumed 'index' D:\xampp\htdocs\paoding_gemmap\Application\Runtime\Cache\Pc\93c49ad67facdb6f997f1649493c88cf.php 第 25 行.
NOTIC: [8] Undefined variable: fatherId D:\xampp\htdocs\paoding_gemmap\Application\Runtime\Cache\Pc\93c49ad67facdb6f997f1649493c88cf.php 第 392 行.
NOTIC: [8] Undefined variable: sonId D:\xampp\htdocs\paoding_gemmap\Application\Runtime\Cache\Pc\93c49ad67facdb6f997f1649493c88cf.php 第 393 行.
NOTIC: [8] Use of undefined constant Index - assumed 'Index' D:\xampp\htdocs\paoding_gemmap\Application\Runtime\Cache\Pc\93c49ad67facdb6f997f1649493c88cf.php 第 401 行.
INFO: Run Behavior\ParseTemplateBehavior [ RunTime:0.016001s ]
INFO: [ view_parse ] --END-- [ RunTime:0.016001s ]
INFO: [ view_filter ] --START--
INFO: Run Behavior\WriteHtmlCacheBehavior [ RunTime:0.001000s ]
INFO: Run Behavior\TokenBuildBehavior [ RunTime:0.001000s ]
INFO: [ view_filter ] --END-- [ RunTime:0.002000s ]
INFO: [ app_end ] --START--
INFO: Run Behavior\ShowPageTraceBehavior [ RunTime:0.001000s ]
INFO: [ app_end ] --END-- [ RunTime:0.001000s ]

