[ 2017-10-25T15:15:52+08:00 ] 127.0.0.1 /
INFO: [ app_init ] --START--
INFO: Run Behavior\BuildLiteBehavior [ RunTime:0.000000s ]
INFO: [ app_init ] --END-- [ RunTime:0.001000s ]
INFO: [ app_begin ] --START--
INFO: Run Behavior\ReadHtmlCacheBehavior [ RunTime:0.000000s ]
INFO: [ app_begin ] --END-- [ RunTime:0.000000s ]
NOTIC: [2048] Declaration of Pc\Controller\IndexController::error() should be compatible with Think\Controller::error($message = '', $jumpUrl = '', $ajax = false) D:\xampp\htdocs\paoding_new\Application\Pc\Controller\IndexController.class.php 第 8 行.
INFO: [ action_begin ] --START--
INFO: Run Home\Behaviors\siteBehavior [ RunTime:0.029002s ]
INFO: [ action_begin ] --END-- [ RunTime:0.029002s ]
NOTIC: [8] Undefined index: code D:\xampp\htdocs\paoding_new\Application\Pc\Controller\IndexController.class.php 第 21 行.
NOTIC: [8] Undefined index: ifWeChatLogin D:\xampp\htdocs\paoding_new\Application\Pc\Controller\IndexController.class.php 第 23 行.
INFO: [ view_begin ] --START--
INFO: Run Home\Behaviors\testBehavior [ RunTime:0.000000s ]
INFO: [ view_begin ] --END-- [ RunTime:0.000000s ]
INFO: [ view_parse ] --START--
INFO: [ template_filter ] --START--
INFO: Run Behavior\ContentReplaceBehavior [ RunTime:0.000000s ]
INFO: [ template_filter ] --END-- [ RunTime:0.000000s ]
NOTIC: [8] Use of undefined constant Activity - assumed 'Activity' D:\xampp\htdocs\paoding_new\Application\Runtime\Cache\Pc\93c49ad67facdb6f997f1649493c88cf.php 第 22 行.
NOTIC: [8] Use of undefined constant Index - assumed 'Index' D:\xampp\htdocs\paoding_new\Application\Runtime\Cache\Pc\93c49ad67facdb6f997f1649493c88cf.php 第 25 行.
NOTIC: [8] Use of undefined constant index - assumed 'index' D:\xampp\htdocs\paoding_new\Application\Runtime\Cache\Pc\93c49ad67facdb6f997f1649493c88cf.php 第 25 行.
NOTIC: [8] Undefined variable: fatherId D:\xampp\htdocs\paoding_new\Application\Runtime\Cache\Pc\93c49ad67facdb6f997f1649493c88cf.php 第 392 行.
NOTIC: [8] Undefined variable: sonId D:\xampp\htdocs\paoding_new\Application\Runtime\Cache\Pc\93c49ad67facdb6f997f1649493c88cf.php 第 393 行.
NOTIC: [8] Use of undefined constant Index - assumed 'Index' D:\xampp\htdocs\paoding_new\Application\Runtime\Cache\Pc\93c49ad67facdb6f997f1649493c88cf.php 第 401 行.
INFO: Run Behavior\ParseTemplateBehavior [ RunTime:0.028002s ]
INFO: [ view_parse ] --END-- [ RunTime:0.029002s ]
INFO: [ view_filter ] --START--
INFO: Run Behavior\WriteHtmlCacheBehavior [ RunTime:0.001000s ]
INFO: Run Behavior\TokenBuildBehavior [ RunTime:0.001000s ]
INFO: [ view_filter ] --END-- [ RunTime:0.002000s ]
INFO: [ app_end ] --START--
INFO: Run Behavior\ShowPageTraceBehavior [ RunTime:0.000000s ]
INFO: [ app_end ] --END-- [ RunTime:0.000000s ]

[ 2017-10-25T15:29:18+08:00 ] 127.0.0.1 /
INFO: [ app_init ] --START--
INFO: Run Behavior\BuildLiteBehavior [ RunTime:0.000000s ]
INFO: [ app_init ] --END-- [ RunTime:0.000000s ]
INFO: [ app_begin ] --START--
INFO: Run Behavior\ReadHtmlCacheBehavior [ RunTime:0.001000s ]
INFO: [ app_begin ] --END-- [ RunTime:0.001000s ]
NOTIC: [2048] Declaration of Pc\Controller\IndexController::error() should be compatible with Think\Controller::error($message = '', $jumpUrl = '', $ajax = false) D:\xampp\htdocs\paoding_new\Application\Pc\Controller\IndexController.class.php 第 8 行.
INFO: [ action_begin ] --START--
INFO: Run Home\Behaviors\siteBehavior [ RunTime:0.001000s ]
INFO: [ action_begin ] --END-- [ RunTime:0.001000s ]
NOTIC: [8] Undefined index: code D:\xampp\htdocs\paoding_new\Application\Pc\Controller\IndexController.class.php 第 21 行.
NOTIC: [8] Undefined index: ifWeChatLogin D:\xampp\htdocs\paoding_new\Application\Pc\Controller\IndexController.class.php 第 23 行.
INFO: [ view_begin ] --START--
INFO: Run Home\Behaviors\testBehavior [ RunTime:0.001000s ]
INFO: [ view_begin ] --END-- [ RunTime:0.001000s ]
INFO: [ view_parse ] --START--
INFO: [ template_filter ] --START--
INFO: Run Behavior\ContentReplaceBehavior [ RunTime:0.001000s ]
INFO: [ template_filter ] --END-- [ RunTime:0.001000s ]
NOTIC: [8] Use of undefined constant Activity - assumed 'Activity' D:\xampp\htdocs\paoding_new\Application\Runtime\Cache\Pc\93c49ad67facdb6f997f1649493c88cf.php 第 22 行.
NOTIC: [8] Use of undefined constant Index - assumed 'Index' D:\xampp\htdocs\paoding_new\Application\Runtime\Cache\Pc\93c49ad67facdb6f997f1649493c88cf.php 第 25 行.
NOTIC: [8] Use of undefined constant index - assumed 'index' D:\xampp\htdocs\paoding_new\Application\Runtime\Cache\Pc\93c49ad67facdb6f997f1649493c88cf.php 第 25 行.
NOTIC: [8] Undefined variable: fatherId D:\xampp\htdocs\paoding_new\Application\Runtime\Cache\Pc\93c49ad67facdb6f997f1649493c88cf.php 第 392 行.
NOTIC: [8] Undefined variable: sonId D:\xampp\htdocs\paoding_new\Application\Runtime\Cache\Pc\93c49ad67facdb6f997f1649493c88cf.php 第 393 行.
NOTIC: [8] Use of undefined constant Index - assumed 'Index' D:\xampp\htdocs\paoding_new\Application\Runtime\Cache\Pc\93c49ad67facdb6f997f1649493c88cf.php 第 401 行.
INFO: Run Behavior\ParseTemplateBehavior [ RunTime:0.022002s ]
INFO: [ view_parse ] --END-- [ RunTime:0.022002s ]
INFO: [ view_filter ] --START--
INFO: Run Behavior\WriteHtmlCacheBehavior [ RunTime:0.001000s ]
INFO: Run Behavior\TokenBuildBehavior [ RunTime:0.001000s ]
INFO: [ view_filter ] --END-- [ RunTime:0.002000s ]
INFO: [ app_end ] --START--
INFO: Run Behavior\ShowPageTraceBehavior [ RunTime:0.001000s ]
INFO: [ app_end ] --END-- [ RunTime:0.001000s ]

[ 2017-10-25T15:29:24+08:00 ] 127.0.0.1 /index.php/Pc/Activity/data_list/channel/hd
INFO: [ app_init ] --START--
INFO: Run Behavior\BuildLiteBehavior [ RunTime:0.000000s ]
INFO: [ app_init ] --END-- [ RunTime:0.001000s ]
INFO: [ app_begin ] --START--
INFO: Run Behavior\ReadHtmlCacheBehavior [ RunTime:0.001000s ]
INFO: [ app_begin ] --END-- [ RunTime:0.001000s ]
INFO: [ action_begin ] --START--
INFO: Run Home\Behaviors\siteBehavior [ RunTime:0.002000s ]
INFO: [ action_begin ] --END-- [ RunTime:0.002000s ]
NOTIC: [8] Undefined index: code D:\xampp\htdocs\paoding_new\Application\Pc\Controller\ActivityController.class.php 第 30 行.
NOTIC: [8] Undefined index: ifWeChatLogin D:\xampp\htdocs\paoding_new\Application\Pc\Controller\ActivityController.class.php 第 32 行.
INFO: [ view_begin ] --START--
INFO: Run Home\Behaviors\testBehavior [ RunTime:0.002001s ]
INFO: [ view_begin ] --END-- [ RunTime:0.002001s ]
INFO: [ view_parse ] --START--
INFO: [ template_filter ] --START--
INFO: Run Behavior\ContentReplaceBehavior [ RunTime:0.000000s ]
INFO: [ template_filter ] --END-- [ RunTime:0.000000s ]
NOTIC: [8] Use of undefined constant Index - assumed 'Index' D:\xampp\htdocs\paoding_new\Application\Runtime\Cache\Pc\b6d63c3386f1568269ac827c6af2e852.php 第 20 行.
NOTIC: [8] Undefined variable: page D:\xampp\htdocs\paoding_new\Application\Runtime\Cache\Pc\b6d63c3386f1568269ac827c6af2e852.php 第 143 行.
NOTIC: [8] Undefined variable: fatherId D:\xampp\htdocs\paoding_new\Application\Runtime\Cache\Pc\b6d63c3386f1568269ac827c6af2e852.php 第 251 行.
NOTIC: [8] Undefined variable: sonId D:\xampp\htdocs\paoding_new\Application\Runtime\Cache\Pc\b6d63c3386f1568269ac827c6af2e852.php 第 252 行.
INFO: Run Behavior\ParseTemplateBehavior [ RunTime:0.031001s ]
INFO: [ view_parse ] --END-- [ RunTime:0.031001s ]
INFO: [ view_filter ] --START--
INFO: Run Behavior\WriteHtmlCacheBehavior [ RunTime:0.000000s ]
INFO: Run Behavior\TokenBuildBehavior [ RunTime:0.002000s ]
INFO: [ view_filter ] --END-- [ RunTime:0.002000s ]
INFO: [ app_end ] --START--
INFO: Run Behavior\ShowPageTraceBehavior [ RunTime:0.001001s ]
INFO: [ app_end ] --END-- [ RunTime:0.001001s ]

[ 2017-10-25T15:29:26+08:00 ] 127.0.0.1 /index.php/Pc/Index/index
INFO: [ app_init ] --START--
INFO: Run Behavior\BuildLiteBehavior [ RunTime:0.000000s ]
INFO: [ app_init ] --END-- [ RunTime:0.001000s ]
INFO: [ app_begin ] --START--
INFO: Run Behavior\ReadHtmlCacheBehavior [ RunTime:0.001000s ]
INFO: [ app_begin ] --END-- [ RunTime:0.001000s ]
NOTIC: [2048] Declaration of Pc\Controller\IndexController::error() should be compatible with Think\Controller::error($message = '', $jumpUrl = '', $ajax = false) D:\xampp\htdocs\paoding_new\Application\Pc\Controller\IndexController.class.php 第 8 行.
INFO: [ action_begin ] --START--
INFO: Run Home\Behaviors\siteBehavior [ RunTime:0.001000s ]
INFO: [ action_begin ] --END-- [ RunTime:0.002000s ]
NOTIC: [8] Undefined index: code D:\xampp\htdocs\paoding_new\Application\Pc\Controller\IndexController.class.php 第 21 行.
NOTIC: [8] Undefined index: ifWeChatLogin D:\xampp\htdocs\paoding_new\Application\Pc\Controller\IndexController.class.php 第 23 行.
INFO: [ view_begin ] --START--
INFO: Run Home\Behaviors\testBehavior [ RunTime:0.001000s ]
INFO: [ view_begin ] --END-- [ RunTime:0.001000s ]
INFO: [ view_parse ] --START--
INFO: [ template_filter ] --START--
INFO: Run Behavior\ContentReplaceBehavior [ RunTime:0.000000s ]
INFO: [ template_filter ] --END-- [ RunTime:0.000000s ]
NOTIC: [8] Use of undefined constant Activity - assumed 'Activity' D:\xampp\htdocs\paoding_new\Application\Runtime\Cache\Pc\93c49ad67facdb6f997f1649493c88cf.php 第 22 行.
NOTIC: [8] Use of undefined constant Index - assumed 'Index' D:\xampp\htdocs\paoding_new\Application\Runtime\Cache\Pc\93c49ad67facdb6f997f1649493c88cf.php 第 25 行.
NOTIC: [8] Use of undefined constant index - assumed 'index' D:\xampp\htdocs\paoding_new\Application\Runtime\Cache\Pc\93c49ad67facdb6f997f1649493c88cf.php 第 25 行.
NOTIC: [8] Undefined variable: fatherId D:\xampp\htdocs\paoding_new\Application\Runtime\Cache\Pc\93c49ad67facdb6f997f1649493c88cf.php 第 392 行.
NOTIC: [8] Undefined variable: sonId D:\xampp\htdocs\paoding_new\Application\Runtime\Cache\Pc\93c49ad67facdb6f997f1649493c88cf.php 第 393 行.
NOTIC: [8] Use of undefined constant Index - assumed 'Index' D:\xampp\htdocs\paoding_new\Application\Runtime\Cache\Pc\93c49ad67facdb6f997f1649493c88cf.php 第 401 行.
INFO: Run Behavior\ParseTemplateBehavior [ RunTime:0.023001s ]
INFO: [ view_parse ] --END-- [ RunTime:0.023001s ]
INFO: [ view_filter ] --START--
INFO: Run Behavior\WriteHtmlCacheBehavior [ RunTime:0.001000s ]
INFO: Run Behavior\TokenBuildBehavior [ RunTime:0.002000s ]
INFO: [ view_filter ] --END-- [ RunTime:0.003000s ]
INFO: [ app_end ] --START--
INFO: Run Behavior\ShowPageTraceBehavior [ RunTime:0.002000s ]
INFO: [ app_end ] --END-- [ RunTime:0.002000s ]

[ 2017-10-25T15:29:33+08:00 ] 127.0.0.1 /index.php/Pc/Index/index
INFO: [ app_init ] --START--
INFO: Run Behavior\BuildLiteBehavior [ RunTime:0.000000s ]
INFO: [ app_init ] --END-- [ RunTime:0.001000s ]
INFO: [ app_begin ] --START--
INFO: Run Behavior\ReadHtmlCacheBehavior [ RunTime:0.001000s ]
INFO: [ app_begin ] --END-- [ RunTime:0.001000s ]
NOTIC: [2048] Declaration of Pc\Controller\IndexController::error() should be compatible with Think\Controller::error($message = '', $jumpUrl = '', $ajax = false) D:\xampp\htdocs\paoding_new\Application\Pc\Controller\IndexController.class.php 第 8 行.
INFO: [ action_begin ] --START--
INFO: Run Home\Behaviors\siteBehavior [ RunTime:0.002000s ]
INFO: [ action_begin ] --END-- [ RunTime:0.002000s ]
NOTIC: [8] Undefined index: code D:\xampp\htdocs\paoding_new\Application\Pc\Controller\IndexController.class.php 第 21 行.
NOTIC: [8] Undefined index: ifWeChatLogin D:\xampp\htdocs\paoding_new\Application\Pc\Controller\IndexController.class.php 第 23 行.
INFO: [ app_end ] --START--
INFO: Run Behavior\ShowPageTraceBehavior [ RunTime:0.001000s ]
INFO: [ app_end ] --END-- [ RunTime:0.001000s ]

[ 2017-10-25T15:29:36+08:00 ] 127.0.0.1 /index.php/Pc/Index/index
INFO: [ app_init ] --START--
INFO: Run Behavior\BuildLiteBehavior [ RunTime:0.000000s ]
INFO: [ app_init ] --END-- [ RunTime:0.001000s ]
INFO: [ app_begin ] --START--
INFO: Run Behavior\ReadHtmlCacheBehavior [ RunTime:0.001000s ]
INFO: [ app_begin ] --END-- [ RunTime:0.001000s ]
NOTIC: [2048] Declaration of Pc\Controller\IndexController::error() should be compatible with Think\Controller::error($message = '', $jumpUrl = '', $ajax = false) D:\xampp\htdocs\paoding_new\Application\Pc\Controller\IndexController.class.php 第 8 行.
INFO: [ action_begin ] --START--
INFO: Run Home\Behaviors\siteBehavior [ RunTime:0.000000s ]
INFO: [ action_begin ] --END-- [ RunTime:0.000000s ]
NOTIC: [8] Undefined index: code D:\xampp\htdocs\paoding_new\Application\Pc\Controller\IndexController.class.php 第 21 行.
NOTIC: [8] Undefined index: ifWeChatLogin D:\xampp\htdocs\paoding_new\Application\Pc\Controller\IndexController.class.php 第 23 行.
INFO: [ app_end ] --START--
INFO: Run Behavior\ShowPageTraceBehavior [ RunTime:0.001000s ]
INFO: [ app_end ] --END-- [ RunTime:0.001000s ]

[ 2017-10-25T15:29:41+08:00 ] 127.0.0.1 /index.php/Pc/Index/index
INFO: [ app_init ] --START--
INFO: Run Behavior\BuildLiteBehavior [ RunTime:0.000000s ]
INFO: [ app_init ] --END-- [ RunTime:0.001000s ]
INFO: [ app_begin ] --START--
INFO: Run Behavior\ReadHtmlCacheBehavior [ RunTime:0.000000s ]
INFO: [ app_begin ] --END-- [ RunTime:0.000000s ]
NOTIC: [2048] Declaration of Pc\Controller\IndexController::error() should be compatible with Think\Controller::error($message = '', $jumpUrl = '', $ajax = false) D:\xampp\htdocs\paoding_new\Application\Pc\Controller\IndexController.class.php 第 8 行.
INFO: [ action_begin ] --START--
INFO: Run Home\Behaviors\siteBehavior [ RunTime:0.000000s ]
INFO: [ action_begin ] --END-- [ RunTime:0.000000s ]
NOTIC: [8] Undefined index: code D:\xampp\htdocs\paoding_new\Application\Pc\Controller\IndexController.class.php 第 21 行.
NOTIC: [8] Undefined index: ifWeChatLogin D:\xampp\htdocs\paoding_new\Application\Pc\Controller\IndexController.class.php 第 23 行.
INFO: [ view_begin ] --START--
INFO: Run Home\Behaviors\testBehavior [ RunTime:0.001000s ]
INFO: [ view_begin ] --END-- [ RunTime:0.001000s ]
INFO: [ view_parse ] --START--
INFO: [ template_filter ] --START--
INFO: Run Behavior\ContentReplaceBehavior [ RunTime:0.000000s ]
INFO: [ template_filter ] --END-- [ RunTime:0.000000s ]
NOTIC: [8] Use of undefined constant Activity - assumed 'Activity' D:\xampp\htdocs\paoding_new\Application\Runtime\Cache\Pc\93c49ad67facdb6f997f1649493c88cf.php 第 22 行.
NOTIC: [8] Use of undefined constant Index - assumed 'Index' D:\xampp\htdocs\paoding_new\Application\Runtime\Cache\Pc\93c49ad67facdb6f997f1649493c88cf.php 第 25 行.
NOTIC: [8] Use of undefined constant index - assumed 'index' D:\xampp\htdocs\paoding_new\Application\Runtime\Cache\Pc\93c49ad67facdb6f997f1649493c88cf.php 第 25 行.
NOTIC: [8] Undefined variable: fatherId D:\xampp\htdocs\paoding_new\Application\Runtime\Cache\Pc\93c49ad67facdb6f997f1649493c88cf.php 第 392 行.
NOTIC: [8] Undefined variable: sonId D:\xampp\htdocs\paoding_new\Application\Runtime\Cache\Pc\93c49ad67facdb6f997f1649493c88cf.php 第 393 行.
NOTIC: [8] Use of undefined constant Index - assumed 'Index' D:\xampp\htdocs\paoding_new\Application\Runtime\Cache\Pc\93c49ad67facdb6f997f1649493c88cf.php 第 401 行.
INFO: Run Behavior\ParseTemplateBehavior [ RunTime:0.017001s ]
INFO: [ view_parse ] --END-- [ RunTime:0.017001s ]
INFO: [ view_filter ] --START--
INFO: Run Behavior\WriteHtmlCacheBehavior [ RunTime:0.001000s ]
INFO: Run Behavior\TokenBuildBehavior [ RunTime:0.002001s ]
INFO: [ view_filter ] --END-- [ RunTime:0.003001s ]
INFO: [ app_end ] --START--
INFO: Run Behavior\ShowPageTraceBehavior [ RunTime:0.001000s ]
INFO: [ app_end ] --END-- [ RunTime:0.001000s ]

[ 2017-10-25T15:52:56+08:00 ] 127.0.0.1 /index.php/Pc/Index/index
INFO: [ app_init ] --START--
INFO: Run Behavior\BuildLiteBehavior [ RunTime:0.000000s ]
INFO: [ app_init ] --END-- [ RunTime:0.001000s ]
INFO: [ app_begin ] --START--
INFO: Run Behavior\ReadHtmlCacheBehavior [ RunTime:0.001000s ]
INFO: [ app_begin ] --END-- [ RunTime:0.001000s ]
NOTIC: [2048] Declaration of Pc\Controller\IndexController::error() should be compatible with Think\Controller::error($message = '', $jumpUrl = '', $ajax = false) D:\xampp\htdocs\paoding_new\Application\Pc\Controller\IndexController.class.php 第 8 行.
INFO: [ action_begin ] --START--
INFO: Run Home\Behaviors\siteBehavior [ RunTime:0.001000s ]
INFO: [ action_begin ] --END-- [ RunTime:0.001000s ]
NOTIC: [8] Undefined index: code D:\xampp\htdocs\paoding_new\Application\Pc\Controller\IndexController.class.php 第 21 行.
NOTIC: [8] Undefined index: ifWeChatLogin D:\xampp\htdocs\paoding_new\Application\Pc\Controller\IndexController.class.php 第 23 行.
INFO: [ view_begin ] --START--
INFO: Run Home\Behaviors\testBehavior [ RunTime:0.001000s ]
INFO: [ view_begin ] --END-- [ RunTime:0.001000s ]
INFO: [ view_parse ] --START--
INFO: [ template_filter ] --START--
INFO: Run Behavior\ContentReplaceBehavior [ RunTime:0.000000s ]
INFO: [ template_filter ] --END-- [ RunTime:0.000000s ]
NOTIC: [8] Use of undefined constant Activity - assumed 'Activity' D:\xampp\htdocs\paoding_new\Application\Runtime\Cache\Pc\93c49ad67facdb6f997f1649493c88cf.php 第 22 行.
NOTIC: [8] Use of undefined constant Index - assumed 'Index' D:\xampp\htdocs\paoding_new\Application\Runtime\Cache\Pc\93c49ad67facdb6f997f1649493c88cf.php 第 25 行.
NOTIC: [8] Use of undefined constant index - assumed 'index' D:\xampp\htdocs\paoding_new\Application\Runtime\Cache\Pc\93c49ad67facdb6f997f1649493c88cf.php 第 25 行.
NOTIC: [8] Undefined variable: fatherId D:\xampp\htdocs\paoding_new\Application\Runtime\Cache\Pc\93c49ad67facdb6f997f1649493c88cf.php 第 392 行.
NOTIC: [8] Undefined variable: sonId D:\xampp\htdocs\paoding_new\Application\Runtime\Cache\Pc\93c49ad67facdb6f997f1649493c88cf.php 第 393 行.
NOTIC: [8] Use of undefined constant Index - assumed 'Index' D:\xampp\htdocs\paoding_new\Application\Runtime\Cache\Pc\93c49ad67facdb6f997f1649493c88cf.php 第 401 行.
INFO: Run Behavior\ParseTemplateBehavior [ RunTime:0.021001s ]
INFO: [ view_parse ] --END-- [ RunTime:0.021001s ]
INFO: [ view_filter ] --START--
INFO: Run Behavior\WriteHtmlCacheBehavior [ RunTime:0.001000s ]
INFO: Run Behavior\TokenBuildBehavior [ RunTime:0.001000s ]
INFO: [ view_filter ] --END-- [ RunTime:0.003000s ]
INFO: [ app_end ] --START--
INFO: Run Behavior\ShowPageTraceBehavior [ RunTime:0.001000s ]
INFO: [ app_end ] --END-- [ RunTime:0.001000s ]

[ 2017-10-25T15:55:08+08:00 ] 127.0.0.1 /index.php/Pc/Register/register
INFO: [ app_init ] --START--
INFO: Run Behavior\BuildLiteBehavior [ RunTime:0.000000s ]
INFO: [ app_init ] --END-- [ RunTime:0.000000s ]
INFO: [ app_begin ] --START--
INFO: Run Behavior\ReadHtmlCacheBehavior [ RunTime:0.000000s ]
INFO: [ app_begin ] --END-- [ RunTime:0.000000s ]
ERR: 无法加载控制器:Register

[ 2017-10-25T16:51:28+08:00 ] 127.0.0.1 /index.php/Pc/Index/index
INFO: [ app_init ] --START--
INFO: Run Behavior\BuildLiteBehavior [ RunTime:0.000000s ]
INFO: [ app_init ] --END-- [ RunTime:0.001000s ]
INFO: [ app_begin ] --START--
INFO: Run Behavior\ReadHtmlCacheBehavior [ RunTime:0.001000s ]
INFO: [ app_begin ] --END-- [ RunTime:0.001000s ]
NOTIC: [2048] Declaration of Pc\Controller\IndexController::error() should be compatible with Think\Controller::error($message = '', $jumpUrl = '', $ajax = false) D:\xampp\htdocs\paoding_new\Application\Pc\Controller\IndexController.class.php 第 8 行.
INFO: [ action_begin ] --START--
INFO: Run Home\Behaviors\siteBehavior [ RunTime:0.040002s ]
INFO: [ action_begin ] --END-- [ RunTime:0.040002s ]
NOTIC: [8] Undefined index: code D:\xampp\htdocs\paoding_new\Application\Pc\Controller\IndexController.class.php 第 21 行.
NOTIC: [8] Undefined index: ifWeChatLogin D:\xampp\htdocs\paoding_new\Application\Pc\Controller\IndexController.class.php 第 23 行.
INFO: [ view_begin ] --START--
INFO: Run Home\Behaviors\testBehavior [ RunTime:0.000000s ]
INFO: [ view_begin ] --END-- [ RunTime:0.001000s ]
INFO: [ view_parse ] --START--
INFO: [ template_filter ] --START--
INFO: Run Behavior\ContentReplaceBehavior [ RunTime:0.001000s ]
INFO: [ template_filter ] --END-- [ RunTime:0.001000s ]
NOTIC: [8] Use of undefined constant Activity - assumed 'Activity' D:\xampp\htdocs\paoding_new\Application\Runtime\Cache\Pc\93c49ad67facdb6f997f1649493c88cf.php 第 22 行.
NOTIC: [8] Use of undefined constant Index - assumed 'Index' D:\xampp\htdocs\paoding_new\Application\Runtime\Cache\Pc\93c49ad67facdb6f997f1649493c88cf.php 第 25 行.
NOTIC: [8] Use of undefined constant index - assumed 'index' D:\xampp\htdocs\paoding_new\Application\Runtime\Cache\Pc\93c49ad67facdb6f997f1649493c88cf.php 第 25 行.
NOTIC: [8] Undefined variable: fatherId D:\xampp\htdocs\paoding_new\Application\Runtime\Cache\Pc\93c49ad67facdb6f997f1649493c88cf.php 第 392 行.
NOTIC: [8] Undefined variable: sonId D:\xampp\htdocs\paoding_new\Application\Runtime\Cache\Pc\93c49ad67facdb6f997f1649493c88cf.php 第 393 行.
NOTIC: [8] Use of undefined constant Index - assumed 'Index' D:\xampp\htdocs\paoding_new\Application\Runtime\Cache\Pc\93c49ad67facdb6f997f1649493c88cf.php 第 401 行.
INFO: Run Behavior\ParseTemplateBehavior [ RunTime:0.025001s ]
INFO: [ view_parse ] --END-- [ RunTime:0.025001s ]
INFO: [ view_filter ] --START--
INFO: Run Behavior\WriteHtmlCacheBehavior [ RunTime:0.001000s ]
INFO: Run Behavior\TokenBuildBehavior [ RunTime:0.001000s ]
INFO: [ view_filter ] --END-- [ RunTime:0.002000s ]
INFO: [ app_end ] --START--
INFO: Run Behavior\ShowPageTraceBehavior [ RunTime:0.001000s ]
INFO: [ app_end ] --END-- [ RunTime:0.001000s ]

[ 2017-10-25T16:51:30+08:00 ] 127.0.0.1 /index.php/Pc/User/user_info
INFO: [ app_init ] --START--
INFO: Run Behavior\BuildLiteBehavior [ RunTime:0.000000s ]
INFO: [ app_init ] --END-- [ RunTime:0.001000s ]
INFO: [ app_begin ] --START--
INFO: Run Behavior\ReadHtmlCacheBehavior [ RunTime:0.000000s ]
INFO: [ app_begin ] --END-- [ RunTime:0.000000s ]
INFO: [ action_begin ] --START--
INFO: Run Home\Behaviors\siteBehavior [ RunTime:0.001000s ]
INFO: [ action_begin ] --END-- [ RunTime:0.001000s ]
NOTIC: [8] Undefined index: code D:\xampp\htdocs\paoding_new\Application\Pc\Controller\UserController.class.php 第 178 行.
NOTIC: [8] Undefined index: ifWeChatLogin D:\xampp\htdocs\paoding_new\Application\Pc\Controller\UserController.class.php 第 180 行.
INFO: [ view_begin ] --START--
INFO: Run Home\Behaviors\testBehavior [ RunTime:0.001000s ]
INFO: [ view_begin ] --END-- [ RunTime:0.001000s ]
INFO: [ view_parse ] --START--
INFO: [ template_filter ] --START--
INFO: Run Behavior\ContentReplaceBehavior [ RunTime:0.000000s ]
INFO: [ template_filter ] --END-- [ RunTime:0.000000s ]
NOTIC: [8] Use of undefined constant Activity - assumed 'Activity' D:\xampp\htdocs\paoding_new\Application\Runtime\Cache\Pc\c38ed6dd0b4e9dd0414c2f357ae9eb79.php 第 17 行.
NOTIC: [8] Use of undefined constant Index - assumed 'Index' D:\xampp\htdocs\paoding_new\Application\Runtime\Cache\Pc\c38ed6dd0b4e9dd0414c2f357ae9eb79.php 第 20 行.
NOTIC: [8] Undefined variable: fatherId D:\xampp\htdocs\paoding_new\Application\Runtime\Cache\Pc\c38ed6dd0b4e9dd0414c2f357ae9eb79.php 第 296 行.
NOTIC: [8] Undefined variable: sonId D:\xampp\htdocs\paoding_new\Application\Runtime\Cache\Pc\c38ed6dd0b4e9dd0414c2f357ae9eb79.php 第 297 行.
NOTIC: [8] Use of undefined constant Index - assumed 'Index' D:\xampp\htdocs\paoding_new\Application\Runtime\Cache\Pc\c38ed6dd0b4e9dd0414c2f357ae9eb79.php 第 304 行.
NOTIC: [8] Use of undefined constant Science - assumed 'Science' D:\xampp\htdocs\paoding_new\Application\Runtime\Cache\Pc\c38ed6dd0b4e9dd0414c2f357ae9eb79.php 第 304 行.
NOTIC: [8] Use of undefined constant Task - assumed 'Task' D:\xampp\htdocs\paoding_new\Application\Runtime\Cache\Pc\c38ed6dd0b4e9dd0414c2f357ae9eb79.php 第 305 行.
INFO: Run Behavior\ParseTemplateBehavior [ RunTime:0.033002s ]
INFO: [ view_parse ] --END-- [ RunTime:0.033002s ]
INFO: [ view_filter ] --START--
INFO: Run Behavior\WriteHtmlCacheBehavior [ RunTime:0.001000s ]
INFO: Run Behavior\TokenBuildBehavior [ RunTime:0.001000s ]
INFO: [ view_filter ] --END-- [ RunTime:0.002000s ]
INFO: [ app_end ] --START--
INFO: Run Behavior\ShowPageTraceBehavior [ RunTime:0.001000s ]
INFO: [ app_end ] --END-- [ RunTime:0.001000s ]

[ 2017-10-25T16:51:46+08:00 ] 127.0.0.1 /index.php/Pc/User/user_info
INFO: [ app_init ] --START--
INFO: Run Behavior\BuildLiteBehavior [ RunTime:0.000000s ]
INFO: [ app_init ] --END-- [ RunTime:0.000000s ]
INFO: [ app_begin ] --START--
INFO: Run Behavior\ReadHtmlCacheBehavior [ RunTime:0.002000s ]
INFO: [ app_begin ] --END-- [ RunTime:0.002000s ]
INFO: [ action_begin ] --START--
INFO: Run Home\Behaviors\siteBehavior [ RunTime:0.001000s ]
INFO: [ action_begin ] --END-- [ RunTime:0.002000s ]
NOTIC: [8] Undefined index: code D:\xampp\htdocs\paoding_new\Application\Pc\Controller\UserController.class.php 第 178 行.
NOTIC: [8] Undefined index: ifWeChatLogin D:\xampp\htdocs\paoding_new\Application\Pc\Controller\UserController.class.php 第 180 行.
INFO: [ view_begin ] --START--
INFO: Run Home\Behaviors\testBehavior [ RunTime:0.001000s ]
INFO: [ view_begin ] --END-- [ RunTime:0.001000s ]
INFO: [ view_parse ] --START--
INFO: [ template_filter ] --START--
INFO: Run Behavior\ContentReplaceBehavior [ RunTime:0.000000s ]
INFO: [ template_filter ] --END-- [ RunTime:0.000000s ]
NOTIC: [8] Use of undefined constant Activity - assumed 'Activity' D:\xampp\htdocs\paoding_new\Application\Runtime\Cache\Pc\c38ed6dd0b4e9dd0414c2f357ae9eb79.php 第 17 行.
NOTIC: [8] Use of undefined constant Index - assumed 'Index' D:\xampp\htdocs\paoding_new\Application\Runtime\Cache\Pc\c38ed6dd0b4e9dd0414c2f357ae9eb79.php 第 20 行.
NOTIC: [8] Undefined variable: fatherId D:\xampp\htdocs\paoding_new\Application\Runtime\Cache\Pc\c38ed6dd0b4e9dd0414c2f357ae9eb79.php 第 296 行.
NOTIC: [8] Undefined variable: sonId D:\xampp\htdocs\paoding_new\Application\Runtime\Cache\Pc\c38ed6dd0b4e9dd0414c2f357ae9eb79.php 第 297 行.
NOTIC: [8] Use of undefined constant Index - assumed 'Index' D:\xampp\htdocs\paoding_new\Application\Runtime\Cache\Pc\c38ed6dd0b4e9dd0414c2f357ae9eb79.php 第 304 行.
NOTIC: [8] Use of undefined constant Science - assumed 'Science' D:\xampp\htdocs\paoding_new\Application\Runtime\Cache\Pc\c38ed6dd0b4e9dd0414c2f357ae9eb79.php 第 304 行.
NOTIC: [8] Use of undefined constant Task - assumed 'Task' D:\xampp\htdocs\paoding_new\Application\Runtime\Cache\Pc\c38ed6dd0b4e9dd0414c2f357ae9eb79.php 第 305 行.
INFO: Run Behavior\ParseTemplateBehavior [ RunTime:0.019001s ]
INFO: [ view_parse ] --END-- [ RunTime:0.019001s ]
INFO: [ view_filter ] --START--
INFO: Run Behavior\WriteHtmlCacheBehavior [ RunTime:0.001000s ]
INFO: Run Behavior\TokenBuildBehavior [ RunTime:0.001000s ]
INFO: [ view_filter ] --END-- [ RunTime:0.002000s ]
INFO: [ app_end ] --START--
INFO: Run Behavior\ShowPageTraceBehavior [ RunTime:0.000000s ]
INFO: [ app_end ] --END-- [ RunTime:0.001000s ]

[ 2017-10-25T17:10:57+08:00 ] 127.0.0.1 /index.php/Pc/Index/index
INFO: [ app_init ] --START--
INFO: Run Behavior\BuildLiteBehavior [ RunTime:0.000000s ]
INFO: [ app_init ] --END-- [ RunTime:0.001001s ]
INFO: [ app_begin ] --START--
INFO: Run Behavior\ReadHtmlCacheBehavior [ RunTime:0.001000s ]
INFO: [ app_begin ] --END-- [ RunTime:0.001000s ]
NOTIC: [2048] Declaration of Pc\Controller\IndexController::error() should be compatible with Think\Controller::error($message = '', $jumpUrl = '', $ajax = false) D:\xampp\htdocs\paoding_new\Application\Pc\Controller\IndexController.class.php 第 8 行.
INFO: [ action_begin ] --START--
INFO: Run Home\Behaviors\siteBehavior [ RunTime:0.033002s ]
INFO: [ action_begin ] --END-- [ RunTime:0.033002s ]
NOTIC: [8] Undefined index: code D:\xampp\htdocs\paoding_new\Application\Pc\Controller\IndexController.class.php 第 21 行.
NOTIC: [8] Undefined index: ifWeChatLogin D:\xampp\htdocs\paoding_new\Application\Pc\Controller\IndexController.class.php 第 23 行.
INFO: [ view_begin ] --START--
INFO: Run Home\Behaviors\testBehavior [ RunTime:0.001000s ]
INFO: [ view_begin ] --END-- [ RunTime:0.001000s ]
INFO: [ view_parse ] --START--
INFO: [ template_filter ] --START--
INFO: Run Behavior\ContentReplaceBehavior [ RunTime:0.000000s ]
INFO: [ template_filter ] --END-- [ RunTime:0.000000s ]
NOTIC: [8] Use of undefined constant Activity - assumed 'Activity' D:\xampp\htdocs\paoding_new\Application\Runtime\Cache\Pc\93c49ad67facdb6f997f1649493c88cf.php 第 22 行.
NOTIC: [8] Use of undefined constant Index - assumed 'Index' D:\xampp\htdocs\paoding_new\Application\Runtime\Cache\Pc\93c49ad67facdb6f997f1649493c88cf.php 第 25 行.
NOTIC: [8] Use of undefined constant index - assumed 'index' D:\xampp\htdocs\paoding_new\Application\Runtime\Cache\Pc\93c49ad67facdb6f997f1649493c88cf.php 第 25 行.
NOTIC: [8] Undefined variable: fatherId D:\xampp\htdocs\paoding_new\Application\Runtime\Cache\Pc\93c49ad67facdb6f997f1649493c88cf.php 第 392 行.
NOTIC: [8] Undefined variable: sonId D:\xampp\htdocs\paoding_new\Application\Runtime\Cache\Pc\93c49ad67facdb6f997f1649493c88cf.php 第 393 行.
NOTIC: [8] Use of undefined constant Index - assumed 'Index' D:\xampp\htdocs\paoding_new\Application\Runtime\Cache\Pc\93c49ad67facdb6f997f1649493c88cf.php 第 401 行.
INFO: Run Behavior\ParseTemplateBehavior [ RunTime:0.019001s ]
INFO: [ view_parse ] --END-- [ RunTime:0.019001s ]
INFO: [ view_filter ] --START--
INFO: Run Behavior\WriteHtmlCacheBehavior [ RunTime:0.001000s ]
INFO: Run Behavior\TokenBuildBehavior [ RunTime:0.002000s ]
INFO: [ view_filter ] --END-- [ RunTime:0.003000s ]
INFO: [ app_end ] --START--
INFO: Run Behavior\ShowPageTraceBehavior [ RunTime:0.001000s ]
INFO: [ app_end ] --END-- [ RunTime:0.001000s ]

[ 2017-10-25T17:11:03+08:00 ] 127.0.0.1 /index.php/Pc/Index/index
INFO: [ app_init ] --START--
INFO: Run Behavior\BuildLiteBehavior [ RunTime:0.000000s ]
INFO: [ app_init ] --END-- [ RunTime:0.001000s ]
INFO: [ app_begin ] --START--
INFO: Run Behavior\ReadHtmlCacheBehavior [ RunTime:0.000000s ]
INFO: [ app_begin ] --END-- [ RunTime:0.001000s ]
NOTIC: [2048] Declaration of Pc\Controller\IndexController::error() should be compatible with Think\Controller::error($message = '', $jumpUrl = '', $ajax = false) D:\xampp\htdocs\paoding_new\Application\Pc\Controller\IndexController.class.php 第 8 行.
INFO: [ action_begin ] --START--
INFO: Run Home\Behaviors\siteBehavior [ RunTime:0.001001s ]
INFO: [ action_begin ] --END-- [ RunTime:0.001001s ]
NOTIC: [8] Undefined index: code D:\xampp\htdocs\paoding_new\Application\Pc\Controller\IndexController.class.php 第 21 行.
NOTIC: [8] Undefined index: ifWeChatLogin D:\xampp\htdocs\paoding_new\Application\Pc\Controller\IndexController.class.php 第 23 行.
INFO: [ view_begin ] --START--
INFO: Run Home\Behaviors\testBehavior [ RunTime:0.001000s ]
INFO: [ view_begin ] --END-- [ RunTime:0.001000s ]
INFO: [ view_parse ] --START--
INFO: [ template_filter ] --START--
INFO: Run Behavior\ContentReplaceBehavior [ RunTime:0.000000s ]
INFO: [ template_filter ] --END-- [ RunTime:0.000000s ]
NOTIC: [8] Use of undefined constant Activity - assumed 'Activity' D:\xampp\htdocs\paoding_new\Application\Runtime\Cache\Pc\93c49ad67facdb6f997f1649493c88cf.php 第 22 行.
NOTIC: [8] Use of undefined constant Index - assumed 'Index' D:\xampp\htdocs\paoding_new\Application\Runtime\Cache\Pc\93c49ad67facdb6f997f1649493c88cf.php 第 25 行.
NOTIC: [8] Use of undefined constant index - assumed 'index' D:\xampp\htdocs\paoding_new\Application\Runtime\Cache\Pc\93c49ad67facdb6f997f1649493c88cf.php 第 25 行.
NOTIC: [8] Undefined variable: fatherId D:\xampp\htdocs\paoding_new\Application\Runtime\Cache\Pc\93c49ad67facdb6f997f1649493c88cf.php 第 392 行.
NOTIC: [8] Undefined variable: sonId D:\xampp\htdocs\paoding_new\Application\Runtime\Cache\Pc\93c49ad67facdb6f997f1649493c88cf.php 第 393 行.
NOTIC: [8] Use of undefined constant Index - assumed 'Index' D:\xampp\htdocs\paoding_new\Application\Runtime\Cache\Pc\93c49ad67facdb6f997f1649493c88cf.php 第 401 行.
INFO: Run Behavior\ParseTemplateBehavior [ RunTime:0.023001s ]
INFO: [ view_parse ] --END-- [ RunTime:0.023001s ]
INFO: [ view_filter ] --START--
INFO: Run Behavior\WriteHtmlCacheBehavior [ RunTime:0.001000s ]
INFO: Run Behavior\TokenBuildBehavior [ RunTime:0.001000s ]
INFO: [ view_filter ] --END-- [ RunTime:0.002000s ]
INFO: [ app_end ] --START--
INFO: Run Behavior\ShowPageTraceBehavior [ RunTime:0.001001s ]
INFO: [ app_end ] --END-- [ RunTime:0.001001s ]

