[ 2017-08-12T11:50:15+08:00 ] 120.197.53.211 /index.php/admin
INFO: [ app_init ] --START--
INFO: Run Behavior\BuildLiteBehavior [ RunTime:0.000017s ]
INFO: [ app_init ] --END-- [ RunTime:0.000265s ]
INFO: [ app_begin ] --START--
INFO: Run Behavior\ReadHtmlCacheBehavior [ RunTime:0.000471s ]
INFO: [ app_begin ] --END-- [ RunTime:0.000535s ]
INFO: [ action_begin ] --START--
INFO: Run Home\Behaviors\siteBehavior [ RunTime:0.008775s ]
INFO: [ action_begin ] --END-- [ RunTime:0.008833s ]

[ 2017-08-12T11:50:15+08:00 ] 120.197.53.211 /index.php/Admin/Admin/login
INFO: [ app_init ] --START--
INFO: Run Behavior\BuildLiteBehavior [ RunTime:0.000013s ]
INFO: [ app_init ] --END-- [ RunTime:0.000282s ]
INFO: [ app_begin ] --START--
INFO: Run Behavior\ReadHtmlCacheBehavior [ RunTime:0.000418s ]
INFO: [ app_begin ] --END-- [ RunTime:0.000461s ]
INFO: [ action_begin ] --START--
INFO: Run Home\Behaviors\siteBehavior [ RunTime:0.000165s ]
INFO: [ action_begin ] --END-- [ RunTime:0.000256s ]
NOTIC: [8] Undefined index: action /var/www/html/paoding_gemmap/Application/Admin/Controller/AdminController.class.php 第 18 行.
INFO: [ view_begin ] --START--
INFO: Run Home\Behaviors\testBehavior [ RunTime:0.000097s ]
INFO: [ view_begin ] --END-- [ RunTime:0.000141s ]
INFO: [ view_parse ] --START--
INFO: [ template_filter ] --START--
INFO: Run Behavior\ContentReplaceBehavior [ RunTime:0.000072s ]
INFO: [ template_filter ] --END-- [ RunTime:0.000114s ]
NOTIC: [8] Undefined index: ad_id /var/www/html/paoding_gemmap/Application/Runtime/Cache/Admin/52273aaaf1d17bbbe82a83b662c7ff40.php 第 66 行.
NOTIC: [8] Undefined variable: friend_link /var/www/html/paoding_gemmap/Application/Runtime/Cache/Admin/52273aaaf1d17bbbe82a83b662c7ff40.php 第 190 行.
INFO: Run Behavior\ParseTemplateBehavior [ RunTime:0.008980s ]
INFO: [ view_parse ] --END-- [ RunTime:0.009017s ]
INFO: [ view_filter ] --START--
INFO: Run Behavior\WriteHtmlCacheBehavior [ RunTime:0.000107s ]
INFO: Run Behavior\TokenBuildBehavior [ RunTime:0.000268s ]
INFO: [ view_filter ] --END-- [ RunTime:0.000431s ]
INFO: [ app_end ] --START--
INFO: Run Behavior\ShowPageTraceBehavior [ RunTime:0.000346s ]
INFO: [ app_end ] --END-- [ RunTime:0.000444s ]

[ 2017-08-12T11:50:17+08:00 ] 120.197.53.211 /index.php?m=Admin&c=Admin&a=login&t=0.16617352971780353
INFO: [ app_init ] --START--
INFO: Run Behavior\BuildLiteBehavior [ RunTime:0.000012s ]
INFO: [ app_init ] --END-- [ RunTime:0.000248s ]
INFO: [ app_begin ] --START--
INFO: Run Behavior\ReadHtmlCacheBehavior [ RunTime:0.000310s ]
INFO: [ app_begin ] --END-- [ RunTime:0.000352s ]
INFO: [ action_begin ] --START--
INFO: Run Home\Behaviors\siteBehavior [ RunTime:0.000173s ]
INFO: [ action_begin ] --END-- [ RunTime:0.000216s ]
NOTIC: [8] Undefined index: action /var/www/html/paoding_gemmap/Application/Admin/Controller/AdminController.class.php 第 18 行.
NOTIC: [8] Undefined variable: role /var/www/html/paoding_gemmap/Application/Admin/Controller/AdminController.class.php 第 852 行.
NOTIC: [2] array_unique() expects parameter 1 to be array, null given /var/www/html/paoding_gemmap/Application/Admin/Controller/AdminController.class.php 第 852 行.
NOTIC: [2] implode(): Invalid arguments passed /var/www/html/paoding_gemmap/Application/Admin/Controller/AdminController.class.php 第 853 行.
NOTIC: [8] Undefined index: user_id /var/www/html/paoding_gemmap/Application/Admin/Controller/BaseController.class.php 第 158 行.

[ 2017-08-12T11:50:17+08:00 ] 120.197.53.211 /index.php/Admin/Index/index
INFO: [ app_init ] --START--
INFO: Run Behavior\BuildLiteBehavior [ RunTime:0.000013s ]
INFO: [ app_init ] --END-- [ RunTime:0.000242s ]
INFO: [ app_begin ] --START--
INFO: Run Behavior\ReadHtmlCacheBehavior [ RunTime:0.000361s ]
INFO: [ app_begin ] --END-- [ RunTime:0.000406s ]
INFO: [ action_begin ] --START--
INFO: Run Home\Behaviors\siteBehavior [ RunTime:0.000169s ]
INFO: [ action_begin ] --END-- [ RunTime:0.000218s ]
NOTIC: [8] Undefined index: action /var/www/html/paoding_gemmap/Application/Admin/Controller/BaseController.class.php 第 48 行.
NOTIC: [8] Undefined variable: ee /var/www/html/paoding_gemmap/Application/Admin/Controller/IndexController.class.php 第 213 行.
NOTIC: [2] Invalid argument supplied for foreach() /var/www/html/paoding_gemmap/Application/Admin/Controller/IndexController.class.php 第 213 行.
INFO: [ view_begin ] --START--
INFO: Run Home\Behaviors\testBehavior [ RunTime:0.000136s ]
INFO: [ view_begin ] --END-- [ RunTime:0.000188s ]
INFO: [ view_parse ] --START--
INFO: [ template_filter ] --START--
INFO: Run Behavior\ContentReplaceBehavior [ RunTime:0.000066s ]
INFO: [ template_filter ] --END-- [ RunTime:0.000116s ]
INFO: Run Behavior\ParseTemplateBehavior [ RunTime:0.009131s ]
INFO: [ view_parse ] --END-- [ RunTime:0.009173s ]
INFO: [ view_filter ] --START--
INFO: Run Behavior\WriteHtmlCacheBehavior [ RunTime:0.000114s ]
INFO: Run Behavior\TokenBuildBehavior [ RunTime:0.000351s ]
INFO: [ view_filter ] --END-- [ RunTime:0.000530s ]
INFO: [ app_end ] --START--
INFO: Run Behavior\ShowPageTraceBehavior [ RunTime:0.000419s ]
INFO: [ app_end ] --END-- [ RunTime:0.000462s ]

[ 2017-08-12T11:50:18+08:00 ] 120.197.53.211 /index.php/Admin/Index/welcome
INFO: [ app_init ] --START--
INFO: Run Behavior\BuildLiteBehavior [ RunTime:0.000012s ]
INFO: [ app_init ] --END-- [ RunTime:0.000250s ]
INFO: [ app_begin ] --START--
INFO: Run Behavior\ReadHtmlCacheBehavior [ RunTime:0.000313s ]
INFO: [ app_begin ] --END-- [ RunTime:0.000357s ]
INFO: [ action_begin ] --START--
INFO: Run Home\Behaviors\siteBehavior [ RunTime:0.000214s ]
INFO: [ action_begin ] --END-- [ RunTime:0.000260s ]
NOTIC: [8] Undefined index: action /var/www/html/paoding_gemmap/Application/Admin/Controller/BaseController.class.php 第 48 行.
INFO: [ view_begin ] --START--
INFO: Run Home\Behaviors\testBehavior [ RunTime:0.000135s ]
INFO: [ view_begin ] --END-- [ RunTime:0.000187s ]
INFO: [ view_parse ] --START--
INFO: [ template_filter ] --START--
INFO: Run Behavior\ContentReplaceBehavior [ RunTime:0.000057s ]
INFO: [ template_filter ] --END-- [ RunTime:0.000106s ]
INFO: Run Behavior\ParseTemplateBehavior [ RunTime:0.009616s ]
INFO: [ view_parse ] --END-- [ RunTime:0.009656s ]
INFO: [ view_filter ] --START--
INFO: Run Behavior\WriteHtmlCacheBehavior [ RunTime:0.000150s ]
INFO: Run Behavior\TokenBuildBehavior [ RunTime:0.000349s ]
INFO: [ view_filter ] --END-- [ RunTime:0.000572s ]
INFO: [ app_end ] --START--
INFO: Run Behavior\ShowPageTraceBehavior [ RunTime:0.000454s ]
INFO: [ app_end ] --END-- [ RunTime:0.000499s ]

[ 2017-08-12T11:50:38+08:00 ] 120.197.53.211 /index.php/Admin/Article/article/action/page_list/channel/xqyqx/type/1
INFO: [ app_init ] --START--
INFO: Run Behavior\BuildLiteBehavior [ RunTime:0.000012s ]
INFO: [ app_init ] --END-- [ RunTime:0.000289s ]
INFO: [ app_begin ] --START--
INFO: Run Behavior\ReadHtmlCacheBehavior [ RunTime:0.000373s ]
INFO: [ app_begin ] --END-- [ RunTime:0.000416s ]
INFO: [ action_begin ] --START--
INFO: Run Home\Behaviors\siteBehavior [ RunTime:0.000171s ]
INFO: [ action_begin ] --END-- [ RunTime:0.000218s ]
NOTIC: [8] Undefined index: id /var/www/html/paoding_gemmap/Application/Admin/Controller/ArticleController.class.php 第 38 行.
NOTIC: [8] Undefined index: category_id /var/www/html/paoding_gemmap/Application/Admin/Controller/ArticleController.class.php 第 43 行.
NOTIC: [8] Undefined index: keyword /var/www/html/paoding_gemmap/Application/Admin/Controller/ArticleController.class.php 第 70 行.
NOTIC: [8] Undefined index: keyword /var/www/html/paoding_gemmap/Application/Admin/Controller/ArticleController.class.php 第 98 行.
NOTIC: [8] Undefined offset: 5 /var/www/html/paoding_gemmap/Application/Admin/Controller/ArticleController.class.php 第 136 行.
NOTIC: [8] Undefined offset: 7 /var/www/html/paoding_gemmap/Application/Admin/Controller/ArticleController.class.php 第 136 行.
NOTIC: [8] Undefined offset: 5 /var/www/html/paoding_gemmap/Application/Admin/Controller/ArticleController.class.php 第 136 行.
NOTIC: [8] Undefined offset: 7 /var/www/html/paoding_gemmap/Application/Admin/Controller/ArticleController.class.php 第 136 行.
NOTIC: [8] Undefined offset: 5 /var/www/html/paoding_gemmap/Application/Admin/Controller/ArticleController.class.php 第 136 行.
NOTIC: [8] Undefined offset: 7 /var/www/html/paoding_gemmap/Application/Admin/Controller/ArticleController.class.php 第 136 行.
NOTIC: [8] Undefined offset: 5 /var/www/html/paoding_gemmap/Application/Admin/Controller/ArticleController.class.php 第 136 行.
NOTIC: [8] Undefined offset: 7 /var/www/html/paoding_gemmap/Application/Admin/Controller/ArticleController.class.php 第 136 行.
NOTIC: [8] Undefined offset: 5 /var/www/html/paoding_gemmap/Application/Admin/Controller/ArticleController.class.php 第 136 行.
NOTIC: [8] Undefined offset: 7 /var/www/html/paoding_gemmap/Application/Admin/Controller/ArticleController.class.php 第 136 行.
NOTIC: [8] Undefined offset: 5 /var/www/html/paoding_gemmap/Application/Admin/Controller/ArticleController.class.php 第 136 行.
NOTIC: [8] Undefined offset: 7 /var/www/html/paoding_gemmap/Application/Admin/Controller/ArticleController.class.php 第 136 行.
NOTIC: [8] Undefined offset: 5 /var/www/html/paoding_gemmap/Application/Admin/Controller/ArticleController.class.php 第 136 行.
NOTIC: [8] Undefined offset: 7 /var/www/html/paoding_gemmap/Application/Admin/Controller/ArticleController.class.php 第 136 行.
NOTIC: [8] Undefined offset: 5 /var/www/html/paoding_gemmap/Application/Admin/Controller/ArticleController.class.php 第 136 行.
NOTIC: [8] Undefined offset: 7 /var/www/html/paoding_gemmap/Application/Admin/Controller/ArticleController.class.php 第 136 行.
NOTIC: [8] Undefined offset: 5 /var/www/html/paoding_gemmap/Application/Admin/Controller/ArticleController.class.php 第 136 行.
NOTIC: [8] Undefined offset: 7 /var/www/html/paoding_gemmap/Application/Admin/Controller/ArticleController.class.php 第 136 行.
NOTIC: [8] Undefined offset: 5 /var/www/html/paoding_gemmap/Application/Admin/Controller/ArticleController.class.php 第 136 行.
NOTIC: [8] Undefined offset: 7 /var/www/html/paoding_gemmap/Application/Admin/Controller/ArticleController.class.php 第 136 行.
NOTIC: [8] Undefined offset: 5 /var/www/html/paoding_gemmap/Application/Admin/Controller/ArticleController.class.php 第 136 行.
NOTIC: [8] Undefined offset: 7 /var/www/html/paoding_gemmap/Application/Admin/Controller/ArticleController.class.php 第 136 行.
NOTIC: [8] Undefined offset: 5 /var/www/html/paoding_gemmap/Application/Admin/Controller/ArticleController.class.php 第 136 行.
NOTIC: [8] Undefined offset: 7 /var/www/html/paoding_gemmap/Application/Admin/Controller/ArticleController.class.php 第 136 行.
NOTIC: [8] Undefined offset: 5 /var/www/html/paoding_gemmap/Application/Admin/Controller/ArticleController.class.php 第 136 行.
NOTIC: [8] Undefined offset: 7 /var/www/html/paoding_gemmap/Application/Admin/Controller/ArticleController.class.php 第 136 行.
NOTIC: [8] Undefined offset: 5 /var/www/html/paoding_gemmap/Application/Admin/Controller/ArticleController.class.php 第 136 行.
NOTIC: [8] Undefined offset: 7 /var/www/html/paoding_gemmap/Application/Admin/Controller/ArticleController.class.php 第 136 行.
NOTIC: [8] Undefined offset: 5 /var/www/html/paoding_gemmap/Application/Admin/Controller/ArticleController.class.php 第 136 行.
NOTIC: [8] Undefined offset: 7 /var/www/html/paoding_gemmap/Application/Admin/Controller/ArticleController.class.php 第 136 行.
NOTIC: [8] Undefined offset: 5 /var/www/html/paoding_gemmap/Application/Admin/Controller/ArticleController.class.php 第 136 行.
NOTIC: [8] Undefined offset: 7 /var/www/html/paoding_gemmap/Application/Admin/Controller/ArticleController.class.php 第 136 行.
NOTIC: [8] Undefined offset: 5 /var/www/html/paoding_gemmap/Application/Admin/Controller/ArticleController.class.php 第 136 行.
NOTIC: [8] Undefined offset: 7 /var/www/html/paoding_gemmap/Application/Admin/Controller/ArticleController.class.php 第 136 行.
NOTIC: [8] Undefined offset: 5 /var/www/html/paoding_gemmap/Application/Admin/Controller/ArticleController.class.php 第 136 行.
NOTIC: [8] Undefined offset: 7 /var/www/html/paoding_gemmap/Application/Admin/Controller/ArticleController.class.php 第 136 行.
NOTIC: [8] Undefined offset: 5 /var/www/html/paoding_gemmap/Application/Admin/Controller/ArticleController.class.php 第 136 行.
NOTIC: [8] Undefined offset: 7 /var/www/html/paoding_gemmap/Application/Admin/Controller/ArticleController.class.php 第 136 行.
NOTIC: [8] Undefined variable: categoryName /var/www/html/paoding_gemmap/Application/Admin/Controller/ArticleController.class.php 第 156 行.
INFO: [ view_begin ] --START--
INFO: Run Home\Behaviors\testBehavior [ RunTime:0.000124s ]
INFO: [ view_begin ] --END-- [ RunTime:0.000170s ]
INFO: [ view_parse ] --START--
NOTIC: [2] file_get_contents(./Application/Admin/View/Public/breadcrumb.html): failed to open stream: No such file or directory /var/www/html/paoding_gemmap/ThinkPHP/Library/Think/Template.class.php 第 696 行.
INFO: [ template_filter ] --START--
INFO: Run Behavior\ContentReplaceBehavior [ RunTime:0.000150s ]
INFO: [ template_filter ] --END-- [ RunTime:0.000212s ]
NOTIC: [8] Undefined variable: tpshop_config /var/www/html/paoding_gemmap/Application/Runtime/Cache/Admin/f68c5a1a42542d9b876352dd3eb66abd.php 第 7 行.
NOTIC: [8] Undefined variable: tpshop_config /var/www/html/paoding_gemmap/Application/Runtime/Cache/Admin/f68c5a1a42542d9b876352dd3eb66abd.php 第 8 行.
NOTIC: [8] Undefined variable: gemmapshop_config /var/www/html/paoding_gemmap/Application/Runtime/Cache/Admin/f68c5a1a42542d9b876352dd3eb66abd.php 第 10 行.
NOTIC: [8] Use of undefined constant is_import_data - assumed 'is_import_data' /var/www/html/paoding_gemmap/Application/Runtime/Cache/Admin/f68c5a1a42542d9b876352dd3eb66abd.php 第 70 行.
NOTIC: [8] Use of undefined constant is_export_data - assumed 'is_export_data' /var/www/html/paoding_gemmap/Application/Runtime/Cache/Admin/f68c5a1a42542d9b876352dd3eb66abd.php 第 71 行.
NOTIC: [8] Undefined index: keyword /var/www/html/paoding_gemmap/Application/Runtime/Cache/Admin/f68c5a1a42542d9b876352dd3eb66abd.php 第 83 行.
NOTIC: [8] Array to string conversion /var/www/html/paoding_gemmap/Application/Runtime/Cache/Admin/f68c5a1a42542d9b876352dd3eb66abd.php 第 109 行.
NOTIC: [8] Undefined variable: mod_id /var/www/html/paoding_gemmap/Application/Runtime/Cache/Admin/f68c5a1a42542d9b876352dd3eb66abd.php 第 117 行.
NOTIC: [8] Array to string conversion /var/www/html/paoding_gemmap/Application/Runtime/Cache/Admin/f68c5a1a42542d9b876352dd3eb66abd.php 第 109 行.
NOTIC: [8] Undefined variable: mod_id /var/www/html/paoding_gemmap/Application/Runtime/Cache/Admin/f68c5a1a42542d9b876352dd3eb66abd.php 第 117 行.
NOTIC: [8] Array to string conversion /var/www/html/paoding_gemmap/Application/Runtime/Cache/Admin/f68c5a1a42542d9b876352dd3eb66abd.php 第 109 行.
NOTIC: [8] Undefined variable: mod_id /var/www/html/paoding_gemmap/Application/Runtime/Cache/Admin/f68c5a1a42542d9b876352dd3eb66abd.php 第 117 行.
NOTIC: [8] Array to string conversion /var/www/html/paoding_gemmap/Application/Runtime/Cache/Admin/f68c5a1a42542d9b876352dd3eb66abd.php 第 109 行.
NOTIC: [8] Undefined variable: mod_id /var/www/html/paoding_gemmap/Application/Runtime/Cache/Admin/f68c5a1a42542d9b876352dd3eb66abd.php 第 117 行.
NOTIC: [8] Array to string conversion /var/www/html/paoding_gemmap/Application/Runtime/Cache/Admin/f68c5a1a42542d9b876352dd3eb66abd.php 第 109 行.
NOTIC: [8] Undefined variable: mod_id /var/www/html/paoding_gemmap/Application/Runtime/Cache/Admin/f68c5a1a42542d9b876352dd3eb66abd.php 第 117 行.
NOTIC: [8] Array to string conversion /var/www/html/paoding_gemmap/Application/Runtime/Cache/Admin/f68c5a1a42542d9b876352dd3eb66abd.php 第 109 行.
NOTIC: [8] Undefined variable: mod_id /var/www/html/paoding_gemmap/Application/Runtime/Cache/Admin/f68c5a1a42542d9b876352dd3eb66abd.php 第 117 行.
NOTIC: [8] Array to string conversion /var/www/html/paoding_gemmap/Application/Runtime/Cache/Admin/f68c5a1a42542d9b876352dd3eb66abd.php 第 109 行.
NOTIC: [8] Undefined variable: mod_id /var/www/html/paoding_gemmap/Application/Runtime/Cache/Admin/f68c5a1a42542d9b876352dd3eb66abd.php 第 117 行.
NOTIC: [8] Array to string conversion /var/www/html/paoding_gemmap/Application/Runtime/Cache/Admin/f68c5a1a42542d9b876352dd3eb66abd.php 第 109 行.
NOTIC: [8] Undefined variable: mod_id /var/www/html/paoding_gemmap/Application/Runtime/Cache/Admin/f68c5a1a42542d9b876352dd3eb66abd.php 第 117 行.
NOTIC: [8] Array to string conversion /var/www/html/paoding_gemmap/Application/Runtime/Cache/Admin/f68c5a1a42542d9b876352dd3eb66abd.php 第 109 行.
NOTIC: [8] Undefined variable: mod_id /var/www/html/paoding_gemmap/Application/Runtime/Cache/Admin/f68c5a1a42542d9b876352dd3eb66abd.php 第 117 行.
NOTIC: [8] Array to string conversion /var/www/html/paoding_gemmap/Application/Runtime/Cache/Admin/f68c5a1a42542d9b876352dd3eb66abd.php 第 109 行.
NOTIC: [8] Undefined variable: mod_id /var/www/html/paoding_gemmap/Application/Runtime/Cache/Admin/f68c5a1a42542d9b876352dd3eb66abd.php 第 117 行.
NOTIC: [8] Array to string conversion /var/www/html/paoding_gemmap/Application/Runtime/Cache/Admin/f68c5a1a42542d9b876352dd3eb66abd.php 第 109 行.
NOTIC: [8] Undefined variable: mod_id /var/www/html/paoding_gemmap/Application/Runtime/Cache/Admin/f68c5a1a42542d9b876352dd3eb66abd.php 第 117 行.
NOTIC: [8] Array to string conversion /var/www/html/paoding_gemmap/Application/Runtime/Cache/Admin/f68c5a1a42542d9b876352dd3eb66abd.php 第 109 行.
NOTIC: [8] Undefined variable: mod_id /var/www/html/paoding_gemmap/Application/Runtime/Cache/Admin/f68c5a1a42542d9b876352dd3eb66abd.php 第 117 行.
NOTIC: [8] Array to string conversion /var/www/html/paoding_gemmap/Application/Runtime/Cache/Admin/f68c5a1a42542d9b876352dd3eb66abd.php 第 109 行.
NOTIC: [8] Undefined variable: mod_id /var/www/html/paoding_gemmap/Application/Runtime/Cache/Admin/f68c5a1a42542d9b876352dd3eb66abd.php 第 117 行.
NOTIC: [8] Array to string conversion /var/www/html/paoding_gemmap/Application/Runtime/Cache/Admin/f68c5a1a42542d9b876352dd3eb66abd.php 第 109 行.
NOTIC: [8] Undefined variable: mod_id /var/www/html/paoding_gemmap/Application/Runtime/Cache/Admin/f68c5a1a42542d9b876352dd3eb66abd.php 第 117 行.
NOTIC: [8] Array to string conversion /var/www/html/paoding_gemmap/Application/Runtime/Cache/Admin/f68c5a1a42542d9b876352dd3eb66abd.php 第 109 行.
NOTIC: [8] Undefined variable: mod_id /var/www/html/paoding_gemmap/Application/Runtime/Cache/Admin/f68c5a1a42542d9b876352dd3eb66abd.php 第 117 行.
NOTIC: [8] Array to string conversion /var/www/html/paoding_gemmap/Application/Runtime/Cache/Admin/f68c5a1a42542d9b876352dd3eb66abd.php 第 109 行.
NOTIC: [8] Undefined variable: mod_id /var/www/html/paoding_gemmap/Application/Runtime/Cache/Admin/f68c5a1a42542d9b876352dd3eb66abd.php 第 117 行.
NOTIC: [8] Array to string conversion /var/www/html/paoding_gemmap/Application/Runtime/Cache/Admin/f68c5a1a42542d9b876352dd3eb66abd.php 第 109 行.
NOTIC: [8] Undefined variable: mod_id /var/www/html/paoding_gemmap/Application/Runtime/Cache/Admin/f68c5a1a42542d9b876352dd3eb66abd.php 第 117 行.
NOTIC: [8] Array to string conversion /var/www/html/paoding_gemmap/Application/Runtime/Cache/Admin/f68c5a1a42542d9b876352dd3eb66abd.php 第 109 行.
NOTIC: [8] Undefined variable: mod_id /var/www/html/paoding_gemmap/Application/Runtime/Cache/Admin/f68c5a1a42542d9b876352dd3eb66abd.php 第 117 行.
NOTIC: [8] Array to string conversion /var/www/html/paoding_gemmap/Application/Runtime/Cache/Admin/f68c5a1a42542d9b876352dd3eb66abd.php 第 109 行.
NOTIC: [8] Undefined variable: mod_id /var/www/html/paoding_gemmap/Application/Runtime/Cache/Admin/f68c5a1a42542d9b876352dd3eb66abd.php 第 117 行.
NOTIC: [8] Undefined index: gotPage /var/www/html/paoding_gemmap/Application/Runtime/Cache/Admin/f68c5a1a42542d9b876352dd3eb66abd.php 第 271 行.
NOTIC: [8] Undefined variable: data /var/www/html/paoding_gemmap/Application/Runtime/Cache/Admin/f68c5a1a42542d9b876352dd3eb66abd.php 第 319 行.
INFO: Run Behavior\ParseTemplateBehavior [ RunTime:0.024532s ]
INFO: [ view_parse ] --END-- [ RunTime:0.024575s ]
INFO: [ view_filter ] --START--
INFO: Run Behavior\WriteHtmlCacheBehavior [ RunTime:0.000126s ]
INFO: Run Behavior\TokenBuildBehavior [ RunTime:0.000489s ]
INFO: [ view_filter ] --END-- [ RunTime:0.000680s ]
NOTIC: [8] Undefined index: user_id /var/www/html/paoding_gemmap/Application/Admin/Controller/BaseController.class.php 第 158 行.
NOTIC: [8] Undefined variable: returnArr /var/www/html/paoding_gemmap/Application/Admin/Controller/ArticleController.class.php 第 753 行.
NOTIC: [2] Cannot modify header information - headers already sent by (output started at /var/www/html/paoding_gemmap/ThinkPHP/Library/Think/View.class.php:95) /var/www/html/paoding_gemmap/Application/Common/Common/common.php 第 1090 行.
INFO: [ app_end ] --START--
INFO: Run Behavior\ShowPageTraceBehavior [ RunTime:0.000439s ]
INFO: [ app_end ] --END-- [ RunTime:0.000486s ]

[ 2017-08-12T11:50:52+08:00 ] 120.197.53.211 /index.php/Admin/Article/article/action/page_edit/channel/xqyqx/type/1/id/20/page_now/1/page_num/25/category_id/0/keyword/
INFO: [ app_init ] --START--
INFO: Run Behavior\BuildLiteBehavior [ RunTime:0.000013s ]
INFO: [ app_init ] --END-- [ RunTime:0.000259s ]
INFO: [ app_begin ] --START--
INFO: Run Behavior\ReadHtmlCacheBehavior [ RunTime:0.000314s ]
INFO: [ app_begin ] --END-- [ RunTime:0.000358s ]
INFO: [ action_begin ] --START--
INFO: Run Home\Behaviors\siteBehavior [ RunTime:0.000169s ]
INFO: [ action_begin ] --END-- [ RunTime:0.000216s ]
NOTIC: [8] Undefined index: keyword /var/www/html/paoding_gemmap/Application/Admin/Controller/ArticleController.class.php 第 316 行.
NOTIC: [8] Undefined variable: bind_user_id /var/www/html/paoding_gemmap/Application/Admin/Controller/ArticleController.class.php 第 341 行.
NOTIC: [8] Undefined variable: bind_user_name /var/www/html/paoding_gemmap/Application/Admin/Controller/ArticleController.class.php 第 342 行.
INFO: [ view_begin ] --START--
INFO: Run Home\Behaviors\testBehavior [ RunTime:0.000111s ]
INFO: [ view_begin ] --END-- [ RunTime:0.000152s ]
INFO: [ view_parse ] --START--
INFO: [ template_filter ] --START--
INFO: Run Behavior\ContentReplaceBehavior [ RunTime:0.000169s ]
INFO: [ template_filter ] --END-- [ RunTime:0.000237s ]
NOTIC: [2] Illegal string offset 'data_id' /var/www/html/paoding_gemmap/Application/Runtime/Cache/Admin/f55c4fcb43451ac37488d9f7f1a45019.php 第 216 行.
NOTIC: [8] Use of undefined constant js - assumed 'js' /var/www/html/paoding_gemmap/Application/Runtime/Cache/Admin/f55c4fcb43451ac37488d9f7f1a45019.php 第 276 行.
NOTIC: [8] Use of undefined constant category_id - assumed 'category_id' /var/www/html/paoding_gemmap/Application/Runtime/Cache/Admin/f55c4fcb43451ac37488d9f7f1a45019.php 第 302 行.
NOTIC: [8] Use of undefined constant category_id - assumed 'category_id' /var/www/html/paoding_gemmap/Application/Runtime/Cache/Admin/f55c4fcb43451ac37488d9f7f1a45019.php 第 302 行.
NOTIC: [8] Undefined variable: iscopy /var/www/html/paoding_gemmap/Application/Runtime/Cache/Admin/f55c4fcb43451ac37488d9f7f1a45019.php 第 835 行.
INFO: Run Behavior\ParseTemplateBehavior [ RunTime:0.022915s ]
INFO: [ view_parse ] --END-- [ RunTime:0.022955s ]
INFO: [ view_filter ] --START--
INFO: Run Behavior\WriteHtmlCacheBehavior [ RunTime:0.000109s ]
INFO: Run Behavior\TokenBuildBehavior [ RunTime:0.000518s ]
INFO: [ view_filter ] --END-- [ RunTime:0.000690s ]
NOTIC: [8] Undefined variable: returnArr /var/www/html/paoding_gemmap/Application/Admin/Controller/ArticleController.class.php 第 753 行.
NOTIC: [2] Cannot modify header information - headers already sent by (output started at /var/www/html/paoding_gemmap/ThinkPHP/Library/Think/View.class.php:95) /var/www/html/paoding_gemmap/Application/Common/Common/common.php 第 1090 行.
INFO: [ app_end ] --START--
INFO: Run Behavior\ShowPageTraceBehavior [ RunTime:0.000398s ]
INFO: [ app_end ] --END-- [ RunTime:0.000441s ]

[ 2017-08-12T11:50:54+08:00 ] 120.197.53.211 /index.php/Admin/Article/article/action/extends/channel/xqyqx/type/1/id/20
INFO: [ app_init ] --START--
INFO: Run Behavior\BuildLiteBehavior [ RunTime:0.000013s ]
INFO: [ app_init ] --END-- [ RunTime:0.000249s ]
INFO: [ app_begin ] --START--
INFO: Run Behavior\ReadHtmlCacheBehavior [ RunTime:0.000380s ]
INFO: [ app_begin ] --END-- [ RunTime:0.000428s ]
INFO: [ action_begin ] --START--
INFO: Run Home\Behaviors\siteBehavior [ RunTime:0.000195s ]
INFO: [ action_begin ] --END-- [ RunTime:0.000245s ]
NOTIC: [8] Undefined index: category_id /var/www/html/paoding_gemmap/Application/Admin/Controller/ArticleController.class.php 第 43 行.
NOTIC: [8] Undefined variable: itemStr /var/www/html/paoding_gemmap/Application/Admin/Controller/ArticleController.class.php 第 593 行.

[ 2017-08-12T11:51:07+08:00 ] 120.197.53.211 /index.php/Admin/Article/article/action/page_edit/channel/xqyqx/type/1/id/21/page_now/1/page_num/25/category_id/0/keyword/
INFO: [ app_init ] --START--
INFO: Run Behavior\BuildLiteBehavior [ RunTime:0.000012s ]
INFO: [ app_init ] --END-- [ RunTime:0.000248s ]
INFO: [ app_begin ] --START--
INFO: Run Behavior\ReadHtmlCacheBehavior [ RunTime:0.000351s ]
INFO: [ app_begin ] --END-- [ RunTime:0.000395s ]
INFO: [ action_begin ] --START--
INFO: Run Home\Behaviors\siteBehavior [ RunTime:0.000172s ]
INFO: [ action_begin ] --END-- [ RunTime:0.000219s ]
NOTIC: [8] Undefined index: keyword /var/www/html/paoding_gemmap/Application/Admin/Controller/ArticleController.class.php 第 316 行.
NOTIC: [8] Undefined variable: bind_user_id /var/www/html/paoding_gemmap/Application/Admin/Controller/ArticleController.class.php 第 341 行.
NOTIC: [8] Undefined variable: bind_user_name /var/www/html/paoding_gemmap/Application/Admin/Controller/ArticleController.class.php 第 342 行.
INFO: [ view_begin ] --START--
INFO: Run Home\Behaviors\testBehavior [ RunTime:0.000259s ]
INFO: [ view_begin ] --END-- [ RunTime:0.000311s ]
INFO: [ view_parse ] --START--
INFO: [ template_filter ] --START--
INFO: Run Behavior\ContentReplaceBehavior [ RunTime:0.000199s ]
INFO: [ template_filter ] --END-- [ RunTime:0.000287s ]
NOTIC: [2] Illegal string offset 'data_id' /var/www/html/paoding_gemmap/Application/Runtime/Cache/Admin/f55c4fcb43451ac37488d9f7f1a45019.php 第 216 行.
NOTIC: [8] Use of undefined constant js - assumed 'js' /var/www/html/paoding_gemmap/Application/Runtime/Cache/Admin/f55c4fcb43451ac37488d9f7f1a45019.php 第 276 行.
NOTIC: [8] Use of undefined constant category_id - assumed 'category_id' /var/www/html/paoding_gemmap/Application/Runtime/Cache/Admin/f55c4fcb43451ac37488d9f7f1a45019.php 第 302 行.
NOTIC: [8] Use of undefined constant category_id - assumed 'category_id' /var/www/html/paoding_gemmap/Application/Runtime/Cache/Admin/f55c4fcb43451ac37488d9f7f1a45019.php 第 302 行.
NOTIC: [8] Undefined variable: iscopy /var/www/html/paoding_gemmap/Application/Runtime/Cache/Admin/f55c4fcb43451ac37488d9f7f1a45019.php 第 835 行.
INFO: Run Behavior\ParseTemplateBehavior [ RunTime:0.024035s ]
INFO: [ view_parse ] --END-- [ RunTime:0.024081s ]
INFO: [ view_filter ] --START--
INFO: Run Behavior\WriteHtmlCacheBehavior [ RunTime:0.000146s ]
INFO: Run Behavior\TokenBuildBehavior [ RunTime:0.000484s ]
INFO: [ view_filter ] --END-- [ RunTime:0.000735s ]
NOTIC: [8] Undefined variable: returnArr /var/www/html/paoding_gemmap/Application/Admin/Controller/ArticleController.class.php 第 753 行.
NOTIC: [2] Cannot modify header information - headers already sent by (output started at /var/www/html/paoding_gemmap/ThinkPHP/Library/Think/View.class.php:95) /var/www/html/paoding_gemmap/Application/Common/Common/common.php 第 1090 行.
INFO: [ app_end ] --START--
INFO: Run Behavior\ShowPageTraceBehavior [ RunTime:0.000394s ]
INFO: [ app_end ] --END-- [ RunTime:0.000448s ]

[ 2017-08-12T11:51:08+08:00 ] 120.197.53.211 /index.php/Admin/Article/article/action/extends/channel/xqyqx/type/1/id/21
INFO: [ app_init ] --START--
INFO: Run Behavior\BuildLiteBehavior [ RunTime:0.000015s ]
INFO: [ app_init ] --END-- [ RunTime:0.000258s ]
INFO: [ app_begin ] --START--
INFO: Run Behavior\ReadHtmlCacheBehavior [ RunTime:0.000474s ]
INFO: [ app_begin ] --END-- [ RunTime:0.000530s ]
INFO: [ action_begin ] --START--
INFO: Run Home\Behaviors\siteBehavior [ RunTime:0.000183s ]
INFO: [ action_begin ] --END-- [ RunTime:0.000232s ]
NOTIC: [8] Undefined index: category_id /var/www/html/paoding_gemmap/Application/Admin/Controller/ArticleController.class.php 第 43 行.
NOTIC: [8] Undefined variable: itemStr /var/www/html/paoding_gemmap/Application/Admin/Controller/ArticleController.class.php 第 593 行.

[ 2017-08-12T11:52:24+08:00 ] 120.197.53.211 /index.php/Admin/Article/article/action/edit/channel/xqyqx/type/1/id/21
INFO: [ app_init ] --START--
INFO: Run Behavior\BuildLiteBehavior [ RunTime:0.000012s ]
INFO: [ app_init ] --END-- [ RunTime:0.000259s ]
INFO: [ app_begin ] --START--
INFO: Run Behavior\ReadHtmlCacheBehavior [ RunTime:0.000351s ]
INFO: [ app_begin ] --END-- [ RunTime:0.000393s ]
INFO: [ action_begin ] --START--
INFO: Run Home\Behaviors\siteBehavior [ RunTime:0.000241s ]
INFO: [ action_begin ] --END-- [ RunTime:0.000285s ]
NOTIC: [8] Undefined index: category_id /var/www/html/paoding_gemmap/Application/Admin/Controller/ArticleController.class.php 第 43 行.
NOTIC: [8] Undefined index: recovery /var/www/html/paoding_gemmap/Application/Admin/Controller/ArticleController.class.php 第 411 行.
NOTIC: [8] Undefined index: tag_name /var/www/html/paoding_gemmap/Application/Admin/Controller/ArticleController.class.php 第 414 行.
NOTIC: [8] Undefined index: is_red /var/www/html/paoding_gemmap/Application/Admin/Controller/ArticleController.class.php 第 419 行.
NOTIC: [8] Undefined index: user_id /var/www/html/paoding_gemmap/Application/Admin/Controller/BaseController.class.php 第 158 行.

[ 2017-08-12T11:52:25+08:00 ] 120.197.53.211 /index.php/Admin/Article/article/action/page_list/channel/xqyqx/type/1/page_now/1/page_num/25/category_id/0/keyword/
INFO: [ app_init ] --START--
INFO: Run Behavior\BuildLiteBehavior [ RunTime:0.000012s ]
INFO: [ app_init ] --END-- [ RunTime:0.000371s ]
INFO: [ app_begin ] --START--
INFO: Run Behavior\ReadHtmlCacheBehavior [ RunTime:0.000313s ]
INFO: [ app_begin ] --END-- [ RunTime:0.000356s ]
INFO: [ action_begin ] --START--
INFO: Run Home\Behaviors\siteBehavior [ RunTime:0.000166s ]
INFO: [ action_begin ] --END-- [ RunTime:0.000212s ]
NOTIC: [8] Undefined index: id /var/www/html/paoding_gemmap/Application/Admin/Controller/ArticleController.class.php 第 38 行.
NOTIC: [8] Undefined index: keyword /var/www/html/paoding_gemmap/Application/Admin/Controller/ArticleController.class.php 第 70 行.
NOTIC: [8] Undefined index: keyword /var/www/html/paoding_gemmap/Application/Admin/Controller/ArticleController.class.php 第 98 行.
NOTIC: [8] Undefined offset: 5 /var/www/html/paoding_gemmap/Application/Admin/Controller/ArticleController.class.php 第 136 行.
NOTIC: [8] Undefined offset: 7 /var/www/html/paoding_gemmap/Application/Admin/Controller/ArticleController.class.php 第 136 行.
NOTIC: [8] Undefined offset: 5 /var/www/html/paoding_gemmap/Application/Admin/Controller/ArticleController.class.php 第 136 行.
NOTIC: [8] Undefined offset: 7 /var/www/html/paoding_gemmap/Application/Admin/Controller/ArticleController.class.php 第 136 行.
NOTIC: [8] Undefined offset: 5 /var/www/html/paoding_gemmap/Application/Admin/Controller/ArticleController.class.php 第 136 行.
NOTIC: [8] Undefined offset: 7 /var/www/html/paoding_gemmap/Application/Admin/Controller/ArticleController.class.php 第 136 行.
NOTIC: [8] Undefined offset: 5 /var/www/html/paoding_gemmap/Application/Admin/Controller/ArticleController.class.php 第 136 行.
NOTIC: [8] Undefined offset: 7 /var/www/html/paoding_gemmap/Application/Admin/Controller/ArticleController.class.php 第 136 行.
NOTIC: [8] Undefined offset: 5 /var/www/html/paoding_gemmap/Application/Admin/Controller/ArticleController.class.php 第 136 行.
NOTIC: [8] Undefined offset: 7 /var/www/html/paoding_gemmap/Application/Admin/Controller/ArticleController.class.php 第 136 行.
NOTIC: [8] Undefined offset: 5 /var/www/html/paoding_gemmap/Application/Admin/Controller/ArticleController.class.php 第 136 行.
NOTIC: [8] Undefined offset: 7 /var/www/html/paoding_gemmap/Application/Admin/Controller/ArticleController.class.php 第 136 行.
NOTIC: [8] Undefined offset: 5 /var/www/html/paoding_gemmap/Application/Admin/Controller/ArticleController.class.php 第 136 行.
NOTIC: [8] Undefined offset: 7 /var/www/html/paoding_gemmap/Application/Admin/Controller/ArticleController.class.php 第 136 行.
NOTIC: [8] Undefined offset: 5 /var/www/html/paoding_gemmap/Application/Admin/Controller/ArticleController.class.php 第 136 行.
NOTIC: [8] Undefined offset: 7 /var/www/html/paoding_gemmap/Application/Admin/Controller/ArticleController.class.php 第 136 行.
NOTIC: [8] Undefined offset: 5 /var/www/html/paoding_gemmap/Application/Admin/Controller/ArticleController.class.php 第 136 行.
NOTIC: [8] Undefined offset: 7 /var/www/html/paoding_gemmap/Application/Admin/Controller/ArticleController.class.php 第 136 行.
NOTIC: [8] Undefined offset: 5 /var/www/html/paoding_gemmap/Application/Admin/Controller/ArticleController.class.php 第 136 行.
NOTIC: [8] Undefined offset: 7 /var/www/html/paoding_gemmap/Application/Admin/Controller/ArticleController.class.php 第 136 行.
NOTIC: [8] Undefined offset: 5 /var/www/html/paoding_gemmap/Application/Admin/Controller/ArticleController.class.php 第 136 行.
NOTIC: [8] Undefined offset: 7 /var/www/html/paoding_gemmap/Application/Admin/Controller/ArticleController.class.php 第 136 行.
NOTIC: [8] Undefined offset: 5 /var/www/html/paoding_gemmap/Application/Admin/Controller/ArticleController.class.php 第 136 行.
NOTIC: [8] Undefined offset: 7 /var/www/html/paoding_gemmap/Application/Admin/Controller/ArticleController.class.php 第 136 行.
NOTIC: [8] Undefined offset: 5 /var/www/html/paoding_gemmap/Application/Admin/Controller/ArticleController.class.php 第 136 行.
NOTIC: [8] Undefined offset: 7 /var/www/html/paoding_gemmap/Application/Admin/Controller/ArticleController.class.php 第 136 行.
NOTIC: [8] Undefined offset: 5 /var/www/html/paoding_gemmap/Application/Admin/Controller/ArticleController.class.php 第 136 行.
NOTIC: [8] Undefined offset: 7 /var/www/html/paoding_gemmap/Application/Admin/Controller/ArticleController.class.php 第 136 行.
NOTIC: [8] Undefined offset: 5 /var/www/html/paoding_gemmap/Application/Admin/Controller/ArticleController.class.php 第 136 行.
NOTIC: [8] Undefined offset: 7 /var/www/html/paoding_gemmap/Application/Admin/Controller/ArticleController.class.php 第 136 行.
NOTIC: [8] Undefined offset: 5 /var/www/html/paoding_gemmap/Application/Admin/Controller/ArticleController.class.php 第 136 行.
NOTIC: [8] Undefined offset: 7 /var/www/html/paoding_gemmap/Application/Admin/Controller/ArticleController.class.php 第 136 行.
NOTIC: [8] Undefined offset: 5 /var/www/html/paoding_gemmap/Application/Admin/Controller/ArticleController.class.php 第 136 行.
NOTIC: [8] Undefined offset: 7 /var/www/html/paoding_gemmap/Application/Admin/Controller/ArticleController.class.php 第 136 行.
NOTIC: [8] Undefined offset: 5 /var/www/html/paoding_gemmap/Application/Admin/Controller/ArticleController.class.php 第 136 行.
NOTIC: [8] Undefined offset: 7 /var/www/html/paoding_gemmap/Application/Admin/Controller/ArticleController.class.php 第 136 行.
NOTIC: [8] Undefined offset: 5 /var/www/html/paoding_gemmap/Application/Admin/Controller/ArticleController.class.php 第 136 行.
NOTIC: [8] Undefined offset: 7 /var/www/html/paoding_gemmap/Application/Admin/Controller/ArticleController.class.php 第 136 行.
NOTIC: [8] Undefined variable: categoryName /var/www/html/paoding_gemmap/Application/Admin/Controller/ArticleController.class.php 第 156 行.
INFO: [ view_begin ] --START--
INFO: Run Home\Behaviors\testBehavior [ RunTime:0.000180s ]
INFO: [ view_begin ] --END-- [ RunTime:0.000225s ]
INFO: [ view_parse ] --START--
NOTIC: [2] file_get_contents(./Application/Admin/View/Public/breadcrumb.html): failed to open stream: No such file or directory /var/www/html/paoding_gemmap/ThinkPHP/Library/Think/Template.class.php 第 696 行.
INFO: [ template_filter ] --START--
INFO: Run Behavior\ContentReplaceBehavior [ RunTime:0.000139s ]
INFO: [ template_filter ] --END-- [ RunTime:0.000194s ]
NOTIC: [8] Undefined variable: tpshop_config /var/www/html/paoding_gemmap/Application/Runtime/Cache/Admin/f68c5a1a42542d9b876352dd3eb66abd.php 第 7 行.
NOTIC: [8] Undefined variable: tpshop_config /var/www/html/paoding_gemmap/Application/Runtime/Cache/Admin/f68c5a1a42542d9b876352dd3eb66abd.php 第 8 行.
NOTIC: [8] Undefined variable: gemmapshop_config /var/www/html/paoding_gemmap/Application/Runtime/Cache/Admin/f68c5a1a42542d9b876352dd3eb66abd.php 第 10 行.
NOTIC: [8] Use of undefined constant is_import_data - assumed 'is_import_data' /var/www/html/paoding_gemmap/Application/Runtime/Cache/Admin/f68c5a1a42542d9b876352dd3eb66abd.php 第 70 行.
NOTIC: [8] Use of undefined constant is_export_data - assumed 'is_export_data' /var/www/html/paoding_gemmap/Application/Runtime/Cache/Admin/f68c5a1a42542d9b876352dd3eb66abd.php 第 71 行.
NOTIC: [8] Undefined index: keyword /var/www/html/paoding_gemmap/Application/Runtime/Cache/Admin/f68c5a1a42542d9b876352dd3eb66abd.php 第 83 行.
NOTIC: [8] Array to string conversion /var/www/html/paoding_gemmap/Application/Runtime/Cache/Admin/f68c5a1a42542d9b876352dd3eb66abd.php 第 109 行.
NOTIC: [8] Undefined variable: mod_id /var/www/html/paoding_gemmap/Application/Runtime/Cache/Admin/f68c5a1a42542d9b876352dd3eb66abd.php 第 117 行.
NOTIC: [8] Array to string conversion /var/www/html/paoding_gemmap/Application/Runtime/Cache/Admin/f68c5a1a42542d9b876352dd3eb66abd.php 第 109 行.
NOTIC: [8] Undefined variable: mod_id /var/www/html/paoding_gemmap/Application/Runtime/Cache/Admin/f68c5a1a42542d9b876352dd3eb66abd.php 第 117 行.
NOTIC: [8] Array to string conversion /var/www/html/paoding_gemmap/Application/Runtime/Cache/Admin/f68c5a1a42542d9b876352dd3eb66abd.php 第 109 行.
NOTIC: [8] Undefined variable: mod_id /var/www/html/paoding_gemmap/Application/Runtime/Cache/Admin/f68c5a1a42542d9b876352dd3eb66abd.php 第 117 行.
NOTIC: [8] Array to string conversion /var/www/html/paoding_gemmap/Application/Runtime/Cache/Admin/f68c5a1a42542d9b876352dd3eb66abd.php 第 109 行.
NOTIC: [8] Undefined variable: mod_id /var/www/html/paoding_gemmap/Application/Runtime/Cache/Admin/f68c5a1a42542d9b876352dd3eb66abd.php 第 117 行.
NOTIC: [8] Array to string conversion /var/www/html/paoding_gemmap/Application/Runtime/Cache/Admin/f68c5a1a42542d9b876352dd3eb66abd.php 第 109 行.
NOTIC: [8] Undefined variable: mod_id /var/www/html/paoding_gemmap/Application/Runtime/Cache/Admin/f68c5a1a42542d9b876352dd3eb66abd.php 第 117 行.
NOTIC: [8] Array to string conversion /var/www/html/paoding_gemmap/Application/Runtime/Cache/Admin/f68c5a1a42542d9b876352dd3eb66abd.php 第 109 行.
NOTIC: [8] Undefined variable: mod_id /var/www/html/paoding_gemmap/Application/Runtime/Cache/Admin/f68c5a1a42542d9b876352dd3eb66abd.php 第 117 行.
NOTIC: [8] Array to string conversion /var/www/html/paoding_gemmap/Application/Runtime/Cache/Admin/f68c5a1a42542d9b876352dd3eb66abd.php 第 109 行.
NOTIC: [8] Undefined variable: mod_id /var/www/html/paoding_gemmap/Application/Runtime/Cache/Admin/f68c5a1a42542d9b876352dd3eb66abd.php 第 117 行.
NOTIC: [8] Array to string conversion /var/www/html/paoding_gemmap/Application/Runtime/Cache/Admin/f68c5a1a42542d9b876352dd3eb66abd.php 第 109 行.
NOTIC: [8] Undefined variable: mod_id /var/www/html/paoding_gemmap/Application/Runtime/Cache/Admin/f68c5a1a42542d9b876352dd3eb66abd.php 第 117 行.
NOTIC: [8] Array to string conversion /var/www/html/paoding_gemmap/Application/Runtime/Cache/Admin/f68c5a1a42542d9b876352dd3eb66abd.php 第 109 行.
NOTIC: [8] Undefined variable: mod_id /var/www/html/paoding_gemmap/Application/Runtime/Cache/Admin/f68c5a1a42542d9b876352dd3eb66abd.php 第 117 行.
NOTIC: [8] Array to string conversion /var/www/html/paoding_gemmap/Application/Runtime/Cache/Admin/f68c5a1a42542d9b876352dd3eb66abd.php 第 109 行.
NOTIC: [8] Undefined variable: mod_id /var/www/html/paoding_gemmap/Application/Runtime/Cache/Admin/f68c5a1a42542d9b876352dd3eb66abd.php 第 117 行.
NOTIC: [8] Array to string conversion /var/www/html/paoding_gemmap/Application/Runtime/Cache/Admin/f68c5a1a42542d9b876352dd3eb66abd.php 第 109 行.
NOTIC: [8] Undefined variable: mod_id /var/www/html/paoding_gemmap/Application/Runtime/Cache/Admin/f68c5a1a42542d9b876352dd3eb66abd.php 第 117 行.
NOTIC: [8] Array to string conversion /var/www/html/paoding_gemmap/Application/Runtime/Cache/Admin/f68c5a1a42542d9b876352dd3eb66abd.php 第 109 行.
NOTIC: [8] Undefined variable: mod_id /var/www/html/paoding_gemmap/Application/Runtime/Cache/Admin/f68c5a1a42542d9b876352dd3eb66abd.php 第 117 行.
NOTIC: [8] Array to string conversion /var/www/html/paoding_gemmap/Application/Runtime/Cache/Admin/f68c5a1a42542d9b876352dd3eb66abd.php 第 109 行.
NOTIC: [8] Undefined variable: mod_id /var/www/html/paoding_gemmap/Application/Runtime/Cache/Admin/f68c5a1a42542d9b876352dd3eb66abd.php 第 117 行.
NOTIC: [8] Array to string conversion /var/www/html/paoding_gemmap/Application/Runtime/Cache/Admin/f68c5a1a42542d9b876352dd3eb66abd.php 第 109 行.
NOTIC: [8] Undefined variable: mod_id /var/www/html/paoding_gemmap/Application/Runtime/Cache/Admin/f68c5a1a42542d9b876352dd3eb66abd.php 第 117 行.
NOTIC: [8] Array to string conversion /var/www/html/paoding_gemmap/Application/Runtime/Cache/Admin/f68c5a1a42542d9b876352dd3eb66abd.php 第 109 行.
NOTIC: [8] Undefined variable: mod_id /var/www/html/paoding_gemmap/Application/Runtime/Cache/Admin/f68c5a1a42542d9b876352dd3eb66abd.php 第 117 行.
NOTIC: [8] Array to string conversion /var/www/html/paoding_gemmap/Application/Runtime/Cache/Admin/f68c5a1a42542d9b876352dd3eb66abd.php 第 109 行.
NOTIC: [8] Undefined variable: mod_id /var/www/html/paoding_gemmap/Application/Runtime/Cache/Admin/f68c5a1a42542d9b876352dd3eb66abd.php 第 117 行.
NOTIC: [8] Array to string conversion /var/www/html/paoding_gemmap/Application/Runtime/Cache/Admin/f68c5a1a42542d9b876352dd3eb66abd.php 第 109 行.
NOTIC: [8] Undefined variable: mod_id /var/www/html/paoding_gemmap/Application/Runtime/Cache/Admin/f68c5a1a42542d9b876352dd3eb66abd.php 第 117 行.
NOTIC: [8] Array to string conversion /var/www/html/paoding_gemmap/Application/Runtime/Cache/Admin/f68c5a1a42542d9b876352dd3eb66abd.php 第 109 行.
NOTIC: [8] Undefined variable: mod_id /var/www/html/paoding_gemmap/Application/Runtime/Cache/Admin/f68c5a1a42542d9b876352dd3eb66abd.php 第 117 行.
NOTIC: [8] Array to string conversion /var/www/html/paoding_gemmap/Application/Runtime/Cache/Admin/f68c5a1a42542d9b876352dd3eb66abd.php 第 109 行.
NOTIC: [8] Undefined variable: mod_id /var/www/html/paoding_gemmap/Application/Runtime/Cache/Admin/f68c5a1a42542d9b876352dd3eb66abd.php 第 117 行.
NOTIC: [8] Undefined index: gotPage /var/www/html/paoding_gemmap/Application/Runtime/Cache/Admin/f68c5a1a42542d9b876352dd3eb66abd.php 第 271 行.
NOTIC: [8] Undefined variable: data /var/www/html/paoding_gemmap/Application/Runtime/Cache/Admin/f68c5a1a42542d9b876352dd3eb66abd.php 第 319 行.
INFO: Run Behavior\ParseTemplateBehavior [ RunTime:0.023679s ]
INFO: [ view_parse ] --END-- [ RunTime:0.023717s ]
INFO: [ view_filter ] --START--
INFO: Run Behavior\WriteHtmlCacheBehavior [ RunTime:0.000120s ]
INFO: Run Behavior\TokenBuildBehavior [ RunTime:0.000492s ]
INFO: [ view_filter ] --END-- [ RunTime:0.000693s ]
NOTIC: [8] Undefined index: user_id /var/www/html/paoding_gemmap/Application/Admin/Controller/BaseController.class.php 第 158 行.
NOTIC: [8] Undefined variable: returnArr /var/www/html/paoding_gemmap/Application/Admin/Controller/ArticleController.class.php 第 753 行.
NOTIC: [2] Cannot modify header information - headers already sent by (output started at /var/www/html/paoding_gemmap/ThinkPHP/Library/Think/View.class.php:95) /var/www/html/paoding_gemmap/Application/Common/Common/common.php 第 1090 行.
INFO: [ app_end ] --START--
INFO: Run Behavior\ShowPageTraceBehavior [ RunTime:0.000420s ]
INFO: [ app_end ] --END-- [ RunTime:0.000461s ]

