[ 2017-08-05T16:43:19+08:00 ] 42.236.91.84 /index.php?m=admin&c=index&a=login
INFO: [ app_init ] --START--
INFO: Run Behavior\BuildLiteBehavior [ RunTime:0.000011s ]
INFO: [ app_init ] --END-- [ RunTime:0.000267s ]
INFO: [ app_begin ] --START--
INFO: Run Behavior\ReadHtmlCacheBehavior [ RunTime:0.000315s ]
INFO: [ app_begin ] --END-- [ RunTime:0.000360s ]
INFO: [ action_begin ] --START--
INFO: Run Home\Behaviors\siteBehavior [ RunTime:0.008186s ]
INFO: [ action_begin ] --END-- [ RunTime:0.008275s ]
ERR: 非法操作:login

[ 2017-08-05T16:43:20+08:00 ] 42.236.91.84 /admin/login.php
INFO: [ app_init ] --START--
INFO: Run Behavior\BuildLiteBehavior [ RunTime:0.000012s ]
INFO: [ app_init ] --END-- [ RunTime:0.000289s ]
INFO: [ app_begin ] --START--
INFO: Run Behavior\ReadHtmlCacheBehavior [ RunTime:0.000337s ]
INFO: [ app_begin ] --END-- [ RunTime:0.000381s ]
ERR: 无法加载控制器:Login

[ 2017-08-05T16:43:20+08:00 ] 42.236.91.84 /admin/index.php
INFO: [ app_init ] --START--
INFO: Run Behavior\BuildLiteBehavior [ RunTime:0.000012s ]
INFO: [ app_init ] --END-- [ RunTime:0.000281s ]
INFO: [ app_begin ] --START--
INFO: Run Behavior\ReadHtmlCacheBehavior [ RunTime:0.000341s ]
INFO: [ app_begin ] --END-- [ RunTime:0.000386s ]
INFO: [ action_begin ] --START--
INFO: Run Home\Behaviors\siteBehavior [ RunTime:0.008210s ]
INFO: [ action_begin ] --END-- [ RunTime:0.008264s ]

[ 2017-08-05T16:43:20+08:00 ] 42.236.91.84 /index.php/Admin/Admin/login
INFO: [ app_init ] --START--
INFO: Run Behavior\BuildLiteBehavior [ RunTime:0.000012s ]
INFO: [ app_init ] --END-- [ RunTime:0.000233s ]
INFO: [ app_begin ] --START--
INFO: Run Behavior\ReadHtmlCacheBehavior [ RunTime:0.000343s ]
INFO: [ app_begin ] --END-- [ RunTime:0.000404s ]
INFO: [ action_begin ] --START--
INFO: Run Home\Behaviors\siteBehavior [ RunTime:0.007974s ]
INFO: [ action_begin ] --END-- [ RunTime:0.008052s ]
NOTIC: [8] Undefined index: action /var/www/html/paoding_gemmap/Application/Admin/Controller/AdminController.class.php 第 18 行.
INFO: [ view_begin ] --START--
INFO: Run Home\Behaviors\testBehavior [ RunTime:0.000161s ]
INFO: [ view_begin ] --END-- [ RunTime:0.000223s ]
INFO: [ view_parse ] --START--
INFO: [ template_filter ] --START--
INFO: Run Behavior\ContentReplaceBehavior [ RunTime:0.000060s ]
INFO: [ template_filter ] --END-- [ RunTime:0.000106s ]
NOTIC: [8] Undefined index: ad_id /var/www/html/paoding_gemmap/Application/Runtime/Cache/Admin/52273aaaf1d17bbbe82a83b662c7ff40.php 第 66 行.
NOTIC: [8] Undefined variable: friend_link /var/www/html/paoding_gemmap/Application/Runtime/Cache/Admin/52273aaaf1d17bbbe82a83b662c7ff40.php 第 190 行.
INFO: Run Behavior\ParseTemplateBehavior [ RunTime:0.009654s ]
INFO: [ view_parse ] --END-- [ RunTime:0.009691s ]
INFO: [ view_filter ] --START--
INFO: Run Behavior\WriteHtmlCacheBehavior [ RunTime:0.000111s ]
INFO: Run Behavior\TokenBuildBehavior [ RunTime:0.000287s ]
INFO: [ view_filter ] --END-- [ RunTime:0.000455s ]
INFO: [ app_end ] --START--
INFO: Run Behavior\ShowPageTraceBehavior [ RunTime:0.000413s ]
INFO: [ app_end ] --END-- [ RunTime:0.000456s ]

[ 2017-08-05T16:43:20+08:00 ] 42.236.91.84 /admin/public/login.html
INFO: [ app_init ] --START--
INFO: Run Behavior\BuildLiteBehavior [ RunTime:0.000013s ]
INFO: [ app_init ] --END-- [ RunTime:0.000298s ]
INFO: [ app_begin ] --START--
INFO: Run Behavior\ReadHtmlCacheBehavior [ RunTime:0.000315s ]
INFO: [ app_begin ] --END-- [ RunTime:0.000359s ]
ERR: 无法加载控制器:Public

[ 2017-08-05T16:43:20+08:00 ] 42.236.91.84 /admin.php
INFO: [ app_init ] --START--
INFO: Run Behavior\BuildLiteBehavior [ RunTime:0.000013s ]
INFO: [ app_init ] --END-- [ RunTime:0.000246s ]
INFO: [ app_begin ] --START--
INFO: Run Behavior\ReadHtmlCacheBehavior [ RunTime:0.000396s ]
INFO: [ app_begin ] --END-- [ RunTime:0.000451s ]
INFO: [ action_begin ] --START--
INFO: Run Home\Behaviors\siteBehavior [ RunTime:0.008724s ]
INFO: [ action_begin ] --END-- [ RunTime:0.008791s ]

[ 2017-08-05T16:43:20+08:00 ] 42.236.91.84 /index.php/Admin/Admin/login
INFO: [ app_init ] --START--
INFO: Run Behavior\BuildLiteBehavior [ RunTime:0.000012s ]
INFO: [ app_init ] --END-- [ RunTime:0.000297s ]
INFO: [ app_begin ] --START--
INFO: Run Behavior\ReadHtmlCacheBehavior [ RunTime:0.000411s ]
INFO: [ app_begin ] --END-- [ RunTime:0.000478s ]
INFO: [ action_begin ] --START--
INFO: Run Home\Behaviors\siteBehavior [ RunTime:0.008464s ]
INFO: [ action_begin ] --END-- [ RunTime:0.008513s ]
NOTIC: [8] Undefined index: action /var/www/html/paoding_gemmap/Application/Admin/Controller/AdminController.class.php 第 18 行.
INFO: [ view_begin ] --START--
INFO: Run Home\Behaviors\testBehavior [ RunTime:0.000094s ]
INFO: [ view_begin ] --END-- [ RunTime:0.000136s ]
INFO: [ view_parse ] --START--
INFO: [ template_filter ] --START--
INFO: Run Behavior\ContentReplaceBehavior [ RunTime:0.000053s ]
INFO: [ template_filter ] --END-- [ RunTime:0.000093s ]
NOTIC: [8] Undefined index: ad_id /var/www/html/paoding_gemmap/Application/Runtime/Cache/Admin/52273aaaf1d17bbbe82a83b662c7ff40.php 第 66 行.
NOTIC: [8] Undefined variable: friend_link /var/www/html/paoding_gemmap/Application/Runtime/Cache/Admin/52273aaaf1d17bbbe82a83b662c7ff40.php 第 190 行.
INFO: Run Behavior\ParseTemplateBehavior [ RunTime:0.009015s ]
INFO: [ view_parse ] --END-- [ RunTime:0.009049s ]
INFO: [ view_filter ] --START--
INFO: Run Behavior\WriteHtmlCacheBehavior [ RunTime:0.000108s ]
INFO: Run Behavior\TokenBuildBehavior [ RunTime:0.000305s ]
INFO: [ view_filter ] --END-- [ RunTime:0.000528s ]
INFO: [ app_end ] --START--
INFO: Run Behavior\ShowPageTraceBehavior [ RunTime:0.000350s ]
INFO: [ app_end ] --END-- [ RunTime:0.000389s ]

[ 2017-08-05T16:43:21+08:00 ] 42.236.91.84 /admin/admin_login.php?act=login
INFO: [ app_init ] --START--
INFO: Run Behavior\BuildLiteBehavior [ RunTime:0.000014s ]
INFO: [ app_init ] --END-- [ RunTime:0.000251s ]
INFO: [ app_begin ] --START--
INFO: Run Behavior\ReadHtmlCacheBehavior [ RunTime:0.000358s ]
INFO: [ app_begin ] --END-- [ RunTime:0.000402s ]
ERR: 无法加载控制器:Admin_login

[ 2017-08-05T16:43:21+08:00 ] 42.236.91.84 /admin/
INFO: [ app_init ] --START--
INFO: Run Behavior\BuildLiteBehavior [ RunTime:0.000016s ]
INFO: [ app_init ] --END-- [ RunTime:0.000333s ]
INFO: [ app_begin ] --START--
INFO: Run Behavior\ReadHtmlCacheBehavior [ RunTime:0.000384s ]
INFO: [ app_begin ] --END-- [ RunTime:0.000431s ]
INFO: [ action_begin ] --START--
INFO: Run Home\Behaviors\siteBehavior [ RunTime:0.008166s ]
INFO: [ action_begin ] --END-- [ RunTime:0.008250s ]

[ 2017-08-05T16:43:21+08:00 ] 42.236.91.84 /index.php/Admin/Admin/login
INFO: [ app_init ] --START--
INFO: Run Behavior\BuildLiteBehavior [ RunTime:0.000012s ]
INFO: [ app_init ] --END-- [ RunTime:0.000234s ]
INFO: [ app_begin ] --START--
INFO: Run Behavior\ReadHtmlCacheBehavior [ RunTime:0.000304s ]
INFO: [ app_begin ] --END-- [ RunTime:0.000348s ]
INFO: [ action_begin ] --START--
INFO: Run Home\Behaviors\siteBehavior [ RunTime:0.007231s ]
INFO: [ action_begin ] --END-- [ RunTime:0.007279s ]
NOTIC: [8] Undefined index: action /var/www/html/paoding_gemmap/Application/Admin/Controller/AdminController.class.php 第 18 行.
INFO: [ view_begin ] --START--
INFO: Run Home\Behaviors\testBehavior [ RunTime:0.000092s ]
INFO: [ view_begin ] --END-- [ RunTime:0.000135s ]
INFO: [ view_parse ] --START--
INFO: [ template_filter ] --START--
INFO: Run Behavior\ContentReplaceBehavior [ RunTime:0.000054s ]
INFO: [ template_filter ] --END-- [ RunTime:0.000094s ]
NOTIC: [8] Undefined index: ad_id /var/www/html/paoding_gemmap/Application/Runtime/Cache/Admin/52273aaaf1d17bbbe82a83b662c7ff40.php 第 66 行.
NOTIC: [8] Undefined variable: friend_link /var/www/html/paoding_gemmap/Application/Runtime/Cache/Admin/52273aaaf1d17bbbe82a83b662c7ff40.php 第 190 行.
INFO: Run Behavior\ParseTemplateBehavior [ RunTime:0.008917s ]
INFO: [ view_parse ] --END-- [ RunTime:0.008951s ]
INFO: [ view_filter ] --START--
INFO: Run Behavior\WriteHtmlCacheBehavior [ RunTime:0.000105s ]
INFO: Run Behavior\TokenBuildBehavior [ RunTime:0.000256s ]
INFO: [ view_filter ] --END-- [ RunTime:0.000418s ]
INFO: [ app_end ] --START--
INFO: Run Behavior\ShowPageTraceBehavior [ RunTime:0.000320s ]
INFO: [ app_end ] --END-- [ RunTime:0.000429s ]

[ 2017-08-05T16:43:42+08:00 ] 42.236.91.84 /index.php?m=admin&c=index&a=login
INFO: [ app_init ] --START--
INFO: Run Behavior\BuildLiteBehavior [ RunTime:0.000014s ]
INFO: [ app_init ] --END-- [ RunTime:0.000242s ]
INFO: [ app_begin ] --START--
INFO: Run Behavior\ReadHtmlCacheBehavior [ RunTime:0.000314s ]
INFO: [ app_begin ] --END-- [ RunTime:0.000359s ]
INFO: [ action_begin ] --START--
INFO: Run Home\Behaviors\siteBehavior [ RunTime:0.007642s ]
INFO: [ action_begin ] --END-- [ RunTime:0.007689s ]
ERR: 非法操作:login

[ 2017-08-05T16:43:42+08:00 ] 42.236.91.84 /admin/login.php
INFO: [ app_init ] --START--
INFO: Run Behavior\BuildLiteBehavior [ RunTime:0.000011s ]
INFO: [ app_init ] --END-- [ RunTime:0.000222s ]
INFO: [ app_begin ] --START--
INFO: Run Behavior\ReadHtmlCacheBehavior [ RunTime:0.000361s ]
INFO: [ app_begin ] --END-- [ RunTime:0.000405s ]
ERR: 无法加载控制器:Login

[ 2017-08-05T16:43:42+08:00 ] 42.236.91.84 /admin/index.php
INFO: [ app_init ] --START--
INFO: Run Behavior\BuildLiteBehavior [ RunTime:0.000012s ]
INFO: [ app_init ] --END-- [ RunTime:0.000237s ]
INFO: [ app_begin ] --START--
INFO: Run Behavior\ReadHtmlCacheBehavior [ RunTime:0.000352s ]
INFO: [ app_begin ] --END-- [ RunTime:0.000415s ]
INFO: [ action_begin ] --START--
INFO: Run Home\Behaviors\siteBehavior [ RunTime:0.007890s ]
INFO: [ action_begin ] --END-- [ RunTime:0.007948s ]

[ 2017-08-05T16:43:42+08:00 ] 42.236.91.84 /index.php/Admin/Admin/login
INFO: [ app_init ] --START--
INFO: Run Behavior\BuildLiteBehavior [ RunTime:0.000013s ]
INFO: [ app_init ] --END-- [ RunTime:0.000286s ]
INFO: [ app_begin ] --START--
INFO: Run Behavior\ReadHtmlCacheBehavior [ RunTime:0.000318s ]
INFO: [ app_begin ] --END-- [ RunTime:0.000362s ]
INFO: [ action_begin ] --START--
INFO: Run Home\Behaviors\siteBehavior [ RunTime:0.007850s ]
INFO: [ action_begin ] --END-- [ RunTime:0.007901s ]
NOTIC: [8] Undefined index: action /var/www/html/paoding_gemmap/Application/Admin/Controller/AdminController.class.php 第 18 行.
INFO: [ view_begin ] --START--
INFO: Run Home\Behaviors\testBehavior [ RunTime:0.000148s ]
INFO: [ view_begin ] --END-- [ RunTime:0.000208s ]
INFO: [ view_parse ] --START--
INFO: [ template_filter ] --START--
INFO: Run Behavior\ContentReplaceBehavior [ RunTime:0.000058s ]
INFO: [ template_filter ] --END-- [ RunTime:0.000101s ]
NOTIC: [8] Undefined index: ad_id /var/www/html/paoding_gemmap/Application/Runtime/Cache/Admin/52273aaaf1d17bbbe82a83b662c7ff40.php 第 66 行.
NOTIC: [8] Undefined variable: friend_link /var/www/html/paoding_gemmap/Application/Runtime/Cache/Admin/52273aaaf1d17bbbe82a83b662c7ff40.php 第 190 行.
INFO: Run Behavior\ParseTemplateBehavior [ RunTime:0.010191s ]
INFO: [ view_parse ] --END-- [ RunTime:0.010239s ]
INFO: [ view_filter ] --START--
INFO: Run Behavior\WriteHtmlCacheBehavior [ RunTime:0.000150s ]
INFO: Run Behavior\TokenBuildBehavior [ RunTime:0.000296s ]
INFO: [ view_filter ] --END-- [ RunTime:0.000504s ]
INFO: [ app_end ] --START--
INFO: Run Behavior\ShowPageTraceBehavior [ RunTime:0.000435s ]
INFO: [ app_end ] --END-- [ RunTime:0.000500s ]

[ 2017-08-05T16:43:42+08:00 ] 42.236.91.84 /admin/public/login.html
INFO: [ app_init ] --START--
INFO: Run Behavior\BuildLiteBehavior [ RunTime:0.000012s ]
INFO: [ app_init ] --END-- [ RunTime:0.000293s ]
INFO: [ app_begin ] --START--
INFO: Run Behavior\ReadHtmlCacheBehavior [ RunTime:0.000315s ]
INFO: [ app_begin ] --END-- [ RunTime:0.000358s ]
ERR: 无法加载控制器:Public

[ 2017-08-05T16:43:42+08:00 ] 42.236.91.84 /admin.php
INFO: [ app_init ] --START--
INFO: Run Behavior\BuildLiteBehavior [ RunTime:0.000012s ]
INFO: [ app_init ] --END-- [ RunTime:0.000280s ]
INFO: [ app_begin ] --START--
INFO: Run Behavior\ReadHtmlCacheBehavior [ RunTime:0.000480s ]
INFO: [ app_begin ] --END-- [ RunTime:0.000563s ]
INFO: [ action_begin ] --START--
INFO: Run Home\Behaviors\siteBehavior [ RunTime:0.008134s ]
INFO: [ action_begin ] --END-- [ RunTime:0.008186s ]

[ 2017-08-05T16:43:43+08:00 ] 42.236.91.84 /index.php/Admin/Admin/login
INFO: [ app_init ] --START--
INFO: Run Behavior\BuildLiteBehavior [ RunTime:0.000012s ]
INFO: [ app_init ] --END-- [ RunTime:0.000288s ]
INFO: [ app_begin ] --START--
INFO: Run Behavior\ReadHtmlCacheBehavior [ RunTime:0.000313s ]
INFO: [ app_begin ] --END-- [ RunTime:0.000357s ]
INFO: [ action_begin ] --START--
INFO: Run Home\Behaviors\siteBehavior [ RunTime:0.007654s ]
INFO: [ action_begin ] --END-- [ RunTime:0.007703s ]
NOTIC: [8] Undefined index: action /var/www/html/paoding_gemmap/Application/Admin/Controller/AdminController.class.php 第 18 行.
INFO: [ view_begin ] --START--
INFO: Run Home\Behaviors\testBehavior [ RunTime:0.000103s ]
INFO: [ view_begin ] --END-- [ RunTime:0.000147s ]
INFO: [ view_parse ] --START--
INFO: [ template_filter ] --START--
INFO: Run Behavior\ContentReplaceBehavior [ RunTime:0.000057s ]
INFO: [ template_filter ] --END-- [ RunTime:0.000098s ]
NOTIC: [8] Undefined index: ad_id /var/www/html/paoding_gemmap/Application/Runtime/Cache/Admin/52273aaaf1d17bbbe82a83b662c7ff40.php 第 66 行.
NOTIC: [8] Undefined variable: friend_link /var/www/html/paoding_gemmap/Application/Runtime/Cache/Admin/52273aaaf1d17bbbe82a83b662c7ff40.php 第 190 行.
INFO: Run Behavior\ParseTemplateBehavior [ RunTime:0.009002s ]
INFO: [ view_parse ] --END-- [ RunTime:0.009039s ]
INFO: [ view_filter ] --START--
INFO: Run Behavior\WriteHtmlCacheBehavior [ RunTime:0.000171s ]
INFO: Run Behavior\TokenBuildBehavior [ RunTime:0.000268s ]
INFO: [ view_filter ] --END-- [ RunTime:0.000496s ]
INFO: [ app_end ] --START--
INFO: Run Behavior\ShowPageTraceBehavior [ RunTime:0.000337s ]
INFO: [ app_end ] --END-- [ RunTime:0.000386s ]

[ 2017-08-05T16:43:43+08:00 ] 42.236.91.84 /admin/admin_login.php?act=login
INFO: [ app_init ] --START--
INFO: Run Behavior\BuildLiteBehavior [ RunTime:0.000013s ]
INFO: [ app_init ] --END-- [ RunTime:0.000246s ]
INFO: [ app_begin ] --START--
INFO: Run Behavior\ReadHtmlCacheBehavior [ RunTime:0.000314s ]
INFO: [ app_begin ] --END-- [ RunTime:0.000357s ]
ERR: 无法加载控制器:Admin_login

[ 2017-08-05T16:43:43+08:00 ] 42.236.91.84 /admin/
INFO: [ app_init ] --START--
INFO: Run Behavior\BuildLiteBehavior [ RunTime:0.000013s ]
INFO: [ app_init ] --END-- [ RunTime:0.000252s ]
INFO: [ app_begin ] --START--
INFO: Run Behavior\ReadHtmlCacheBehavior [ RunTime:0.000311s ]
INFO: [ app_begin ] --END-- [ RunTime:0.000355s ]
INFO: [ action_begin ] --START--
INFO: Run Home\Behaviors\siteBehavior [ RunTime:0.007691s ]
INFO: [ action_begin ] --END-- [ RunTime:0.007740s ]

[ 2017-08-05T16:43:43+08:00 ] 42.236.91.84 /index.php/Admin/Admin/login
INFO: [ app_init ] --START--
INFO: Run Behavior\BuildLiteBehavior [ RunTime:0.000012s ]
INFO: [ app_init ] --END-- [ RunTime:0.000266s ]
INFO: [ app_begin ] --START--
INFO: Run Behavior\ReadHtmlCacheBehavior [ RunTime:0.000344s ]
INFO: [ app_begin ] --END-- [ RunTime:0.000392s ]
INFO: [ action_begin ] --START--
INFO: Run Home\Behaviors\siteBehavior [ RunTime:0.006968s ]
INFO: [ action_begin ] --END-- [ RunTime:0.007015s ]
NOTIC: [8] Undefined index: action /var/www/html/paoding_gemmap/Application/Admin/Controller/AdminController.class.php 第 18 行.
INFO: [ view_begin ] --START--
INFO: Run Home\Behaviors\testBehavior [ RunTime:0.000092s ]
INFO: [ view_begin ] --END-- [ RunTime:0.000135s ]
INFO: [ view_parse ] --START--
INFO: [ template_filter ] --START--
INFO: Run Behavior\ContentReplaceBehavior [ RunTime:0.000052s ]
INFO: [ template_filter ] --END-- [ RunTime:0.000093s ]
NOTIC: [8] Undefined index: ad_id /var/www/html/paoding_gemmap/Application/Runtime/Cache/Admin/52273aaaf1d17bbbe82a83b662c7ff40.php 第 66 行.
NOTIC: [8] Undefined variable: friend_link /var/www/html/paoding_gemmap/Application/Runtime/Cache/Admin/52273aaaf1d17bbbe82a83b662c7ff40.php 第 190 行.
INFO: Run Behavior\ParseTemplateBehavior [ RunTime:0.008866s ]
INFO: [ view_parse ] --END-- [ RunTime:0.008902s ]
INFO: [ view_filter ] --START--
INFO: Run Behavior\WriteHtmlCacheBehavior [ RunTime:0.000103s ]
INFO: Run Behavior\TokenBuildBehavior [ RunTime:0.000257s ]
INFO: [ view_filter ] --END-- [ RunTime:0.000416s ]
INFO: [ app_end ] --START--
INFO: Run Behavior\ShowPageTraceBehavior [ RunTime:0.000328s ]
INFO: [ app_end ] --END-- [ RunTime:0.000369s ]

