[ 2017-12-01T18:26:52+08:00 ] 127.0.0.1 /index.php/Admin/Article/article/action/page_list/channel/js/type/1/page_now/3/page_num/25/category_id/0/keyword/
INFO: [ app_init ] --START--
INFO: Run Behavior\BuildLiteBehavior [ RunTime:0.000000s ]
INFO: [ app_init ] --END-- [ RunTime:0.000000s ]
INFO: [ app_begin ] --START--
INFO: Run Behavior\ReadHtmlCacheBehavior [ RunTime:0.001000s ]
INFO: [ app_begin ] --END-- [ RunTime:0.001000s ]
INFO: [ action_begin ] --START--
INFO: Run Home\Behaviors\siteBehavior [ RunTime:0.001000s ]
INFO: [ action_begin ] --END-- [ RunTime:0.001000s ]
NOTIC: [8] Undefined index: id D:\xampp\htdocs\paoding_new\Application\Admin\Controller\ArticleController.class.php 第 38 行.
NOTIC: [8] Undefined index: keyword D:\xampp\htdocs\paoding_new\Application\Admin\Controller\ArticleController.class.php 第 70 行.
NOTIC: [8] Undefined index: keyword D:\xampp\htdocs\paoding_new\Application\Admin\Controller\ArticleController.class.php 第 98 行.
NOTIC: [8] Undefined offset: 9 D:\xampp\htdocs\paoding_new\Application\Admin\Controller\ArticleController.class.php 第 136 行.
NOTIC: [8] Undefined offset: 11 D:\xampp\htdocs\paoding_new\Application\Admin\Controller\ArticleController.class.php 第 136 行.
NOTIC: [8] Undefined offset: 9 D:\xampp\htdocs\paoding_new\Application\Admin\Controller\ArticleController.class.php 第 136 行.
NOTIC: [8] Undefined offset: 11 D:\xampp\htdocs\paoding_new\Application\Admin\Controller\ArticleController.class.php 第 136 行.
NOTIC: [8] Undefined offset: 9 D:\xampp\htdocs\paoding_new\Application\Admin\Controller\ArticleController.class.php 第 136 行.
NOTIC: [8] Undefined offset: 11 D:\xampp\htdocs\paoding_new\Application\Admin\Controller\ArticleController.class.php 第 136 行.
NOTIC: [8] Undefined offset: 9 D:\xampp\htdocs\paoding_new\Application\Admin\Controller\ArticleController.class.php 第 136 行.
NOTIC: [8] Undefined offset: 11 D:\xampp\htdocs\paoding_new\Application\Admin\Controller\ArticleController.class.php 第 136 行.
NOTIC: [8] Undefined offset: 9 D:\xampp\htdocs\paoding_new\Application\Admin\Controller\ArticleController.class.php 第 136 行.
NOTIC: [8] Undefined offset: 11 D:\xampp\htdocs\paoding_new\Application\Admin\Controller\ArticleController.class.php 第 136 行.
NOTIC: [8] Undefined offset: 9 D:\xampp\htdocs\paoding_new\Application\Admin\Controller\ArticleController.class.php 第 136 行.
NOTIC: [8] Undefined offset: 11 D:\xampp\htdocs\paoding_new\Application\Admin\Controller\ArticleController.class.php 第 136 行.
NOTIC: [8] Undefined offset: 9 D:\xampp\htdocs\paoding_new\Application\Admin\Controller\ArticleController.class.php 第 136 行.
NOTIC: [8] Undefined offset: 11 D:\xampp\htdocs\paoding_new\Application\Admin\Controller\ArticleController.class.php 第 136 行.
NOTIC: [8] Undefined offset: 9 D:\xampp\htdocs\paoding_new\Application\Admin\Controller\ArticleController.class.php 第 136 行.
NOTIC: [8] Undefined offset: 11 D:\xampp\htdocs\paoding_new\Application\Admin\Controller\ArticleController.class.php 第 136 行.
NOTIC: [8] Undefined offset: 9 D:\xampp\htdocs\paoding_new\Application\Admin\Controller\ArticleController.class.php 第 136 行.
NOTIC: [8] Undefined offset: 11 D:\xampp\htdocs\paoding_new\Application\Admin\Controller\ArticleController.class.php 第 136 行.
NOTIC: [8] Undefined offset: 9 D:\xampp\htdocs\paoding_new\Application\Admin\Controller\ArticleController.class.php 第 136 行.
NOTIC: [8] Undefined offset: 11 D:\xampp\htdocs\paoding_new\Application\Admin\Controller\ArticleController.class.php 第 136 行.
NOTIC: [8] Undefined offset: 9 D:\xampp\htdocs\paoding_new\Application\Admin\Controller\ArticleController.class.php 第 136 行.
NOTIC: [8] Undefined offset: 11 D:\xampp\htdocs\paoding_new\Application\Admin\Controller\ArticleController.class.php 第 136 行.
NOTIC: [8] Undefined offset: 9 D:\xampp\htdocs\paoding_new\Application\Admin\Controller\ArticleController.class.php 第 136 行.
NOTIC: [8] Undefined offset: 11 D:\xampp\htdocs\paoding_new\Application\Admin\Controller\ArticleController.class.php 第 136 行.
NOTIC: [8] Undefined offset: 9 D:\xampp\htdocs\paoding_new\Application\Admin\Controller\ArticleController.class.php 第 136 行.
NOTIC: [8] Undefined offset: 11 D:\xampp\htdocs\paoding_new\Application\Admin\Controller\ArticleController.class.php 第 136 行.
NOTIC: [8] Undefined offset: 9 D:\xampp\htdocs\paoding_new\Application\Admin\Controller\ArticleController.class.php 第 136 行.
NOTIC: [8] Undefined offset: 11 D:\xampp\htdocs\paoding_new\Application\Admin\Controller\ArticleController.class.php 第 136 行.
NOTIC: [8] Undefined offset: 9 D:\xampp\htdocs\paoding_new\Application\Admin\Controller\ArticleController.class.php 第 136 行.
NOTIC: [8] Undefined offset: 11 D:\xampp\htdocs\paoding_new\Application\Admin\Controller\ArticleController.class.php 第 136 行.
NOTIC: [8] Undefined offset: 9 D:\xampp\htdocs\paoding_new\Application\Admin\Controller\ArticleController.class.php 第 136 行.
NOTIC: [8] Undefined offset: 11 D:\xampp\htdocs\paoding_new\Application\Admin\Controller\ArticleController.class.php 第 136 行.
NOTIC: [8] Undefined offset: 9 D:\xampp\htdocs\paoding_new\Application\Admin\Controller\ArticleController.class.php 第 136 行.
NOTIC: [8] Undefined offset: 11 D:\xampp\htdocs\paoding_new\Application\Admin\Controller\ArticleController.class.php 第 136 行.
NOTIC: [8] Undefined offset: 9 D:\xampp\htdocs\paoding_new\Application\Admin\Controller\ArticleController.class.php 第 136 行.
NOTIC: [8] Undefined offset: 11 D:\xampp\htdocs\paoding_new\Application\Admin\Controller\ArticleController.class.php 第 136 行.
NOTIC: [8] Undefined offset: 9 D:\xampp\htdocs\paoding_new\Application\Admin\Controller\ArticleController.class.php 第 136 行.
NOTIC: [8] Undefined offset: 11 D:\xampp\htdocs\paoding_new\Application\Admin\Controller\ArticleController.class.php 第 136 行.
NOTIC: [8] Undefined offset: 9 D:\xampp\htdocs\paoding_new\Application\Admin\Controller\ArticleController.class.php 第 136 行.
NOTIC: [8] Undefined offset: 11 D:\xampp\htdocs\paoding_new\Application\Admin\Controller\ArticleController.class.php 第 136 行.
NOTIC: [8] Undefined offset: 9 D:\xampp\htdocs\paoding_new\Application\Admin\Controller\ArticleController.class.php 第 136 行.
NOTIC: [8] Undefined offset: 11 D:\xampp\htdocs\paoding_new\Application\Admin\Controller\ArticleController.class.php 第 136 行.
NOTIC: [8] Undefined offset: 9 D:\xampp\htdocs\paoding_new\Application\Admin\Controller\ArticleController.class.php 第 136 行.
NOTIC: [8] Undefined offset: 11 D:\xampp\htdocs\paoding_new\Application\Admin\Controller\ArticleController.class.php 第 136 行.
NOTIC: [8] Undefined offset: 9 D:\xampp\htdocs\paoding_new\Application\Admin\Controller\ArticleController.class.php 第 136 行.
NOTIC: [8] Undefined offset: 11 D:\xampp\htdocs\paoding_new\Application\Admin\Controller\ArticleController.class.php 第 136 行.
NOTIC: [8] Undefined offset: 9 D:\xampp\htdocs\paoding_new\Application\Admin\Controller\ArticleController.class.php 第 136 行.
NOTIC: [8] Undefined offset: 11 D:\xampp\htdocs\paoding_new\Application\Admin\Controller\ArticleController.class.php 第 136 行.
NOTIC: [8] Undefined offset: 9 D:\xampp\htdocs\paoding_new\Application\Admin\Controller\ArticleController.class.php 第 136 行.
NOTIC: [8] Undefined offset: 11 D:\xampp\htdocs\paoding_new\Application\Admin\Controller\ArticleController.class.php 第 136 行.
NOTIC: [8] Undefined variable: categoryName D:\xampp\htdocs\paoding_new\Application\Admin\Controller\ArticleController.class.php 第 156 行.
INFO: [ view_begin ] --START--
INFO: Run Home\Behaviors\testBehavior [ RunTime:0.000000s ]
INFO: [ view_begin ] --END-- [ RunTime:0.000000s ]
INFO: [ view_parse ] --START--
NOTIC: [2] file_get_contents(./Application/Admin/View/Public/breadcrumb.html): failed to open stream: No such file or directory D:\xampp\htdocs\paoding_new\ThinkPHP\Library\Think\Template.class.php 第 696 行.
INFO: [ template_filter ] --START--
INFO: Run Behavior\ContentReplaceBehavior [ RunTime:0.000000s ]
INFO: [ template_filter ] --END-- [ RunTime:0.000000s ]
NOTIC: [8] Undefined variable: tpshop_config D:\xampp\htdocs\paoding_new\Application\Runtime\Cache\Admin\f68c5a1a42542d9b876352dd3eb66abd.php 第 7 行.
NOTIC: [8] Undefined variable: tpshop_config D:\xampp\htdocs\paoding_new\Application\Runtime\Cache\Admin\f68c5a1a42542d9b876352dd3eb66abd.php 第 8 行.
NOTIC: [8] Undefined variable: gemmapshop_config D:\xampp\htdocs\paoding_new\Application\Runtime\Cache\Admin\f68c5a1a42542d9b876352dd3eb66abd.php 第 10 行.
NOTIC: [8] Use of undefined constant is_import_data - assumed 'is_import_data' D:\xampp\htdocs\paoding_new\Application\Runtime\Cache\Admin\f68c5a1a42542d9b876352dd3eb66abd.php 第 70 行.
NOTIC: [8] Use of undefined constant is_export_data - assumed 'is_export_data' D:\xampp\htdocs\paoding_new\Application\Runtime\Cache\Admin\f68c5a1a42542d9b876352dd3eb66abd.php 第 71 行.
NOTIC: [8] Undefined index: keyword D:\xampp\htdocs\paoding_new\Application\Runtime\Cache\Admin\f68c5a1a42542d9b876352dd3eb66abd.php 第 83 行.
NOTIC: [8] Array to string conversion D:\xampp\htdocs\paoding_new\Application\Runtime\Cache\Admin\f68c5a1a42542d9b876352dd3eb66abd.php 第 109 行.
NOTIC: [8] Undefined variable: mod_id D:\xampp\htdocs\paoding_new\Application\Runtime\Cache\Admin\f68c5a1a42542d9b876352dd3eb66abd.php 第 117 行.
NOTIC: [8] Array to string conversion D:\xampp\htdocs\paoding_new\Application\Runtime\Cache\Admin\f68c5a1a42542d9b876352dd3eb66abd.php 第 109 行.
NOTIC: [8] Undefined variable: mod_id D:\xampp\htdocs\paoding_new\Application\Runtime\Cache\Admin\f68c5a1a42542d9b876352dd3eb66abd.php 第 117 行.
NOTIC: [8] Array to string conversion D:\xampp\htdocs\paoding_new\Application\Runtime\Cache\Admin\f68c5a1a42542d9b876352dd3eb66abd.php 第 109 行.
NOTIC: [8] Undefined variable: mod_id D:\xampp\htdocs\paoding_new\Application\Runtime\Cache\Admin\f68c5a1a42542d9b876352dd3eb66abd.php 第 117 行.
NOTIC: [8] Array to string conversion D:\xampp\htdocs\paoding_new\Application\Runtime\Cache\Admin\f68c5a1a42542d9b876352dd3eb66abd.php 第 109 行.
NOTIC: [8] Undefined variable: mod_id D:\xampp\htdocs\paoding_new\Application\Runtime\Cache\Admin\f68c5a1a42542d9b876352dd3eb66abd.php 第 117 行.
NOTIC: [8] Array to string conversion D:\xampp\htdocs\paoding_new\Application\Runtime\Cache\Admin\f68c5a1a42542d9b876352dd3eb66abd.php 第 109 行.
NOTIC: [8] Undefined variable: mod_id D:\xampp\htdocs\paoding_new\Application\Runtime\Cache\Admin\f68c5a1a42542d9b876352dd3eb66abd.php 第 117 行.
NOTIC: [8] Array to string conversion D:\xampp\htdocs\paoding_new\Application\Runtime\Cache\Admin\f68c5a1a42542d9b876352dd3eb66abd.php 第 109 行.
NOTIC: [8] Undefined variable: mod_id D:\xampp\htdocs\paoding_new\Application\Runtime\Cache\Admin\f68c5a1a42542d9b876352dd3eb66abd.php 第 117 行.
NOTIC: [8] Array to string conversion D:\xampp\htdocs\paoding_new\Application\Runtime\Cache\Admin\f68c5a1a42542d9b876352dd3eb66abd.php 第 109 行.
NOTIC: [8] Undefined variable: mod_id D:\xampp\htdocs\paoding_new\Application\Runtime\Cache\Admin\f68c5a1a42542d9b876352dd3eb66abd.php 第 117 行.
NOTIC: [8] Array to string conversion D:\xampp\htdocs\paoding_new\Application\Runtime\Cache\Admin\f68c5a1a42542d9b876352dd3eb66abd.php 第 109 行.
NOTIC: [8] Undefined variable: mod_id D:\xampp\htdocs\paoding_new\Application\Runtime\Cache\Admin\f68c5a1a42542d9b876352dd3eb66abd.php 第 117 行.
NOTIC: [8] Array to string conversion D:\xampp\htdocs\paoding_new\Application\Runtime\Cache\Admin\f68c5a1a42542d9b876352dd3eb66abd.php 第 109 行.
NOTIC: [8] Undefined variable: mod_id D:\xampp\htdocs\paoding_new\Application\Runtime\Cache\Admin\f68c5a1a42542d9b876352dd3eb66abd.php 第 117 行.
NOTIC: [8] Array to string conversion D:\xampp\htdocs\paoding_new\Application\Runtime\Cache\Admin\f68c5a1a42542d9b876352dd3eb66abd.php 第 109 行.
NOTIC: [8] Undefined variable: mod_id D:\xampp\htdocs\paoding_new\Application\Runtime\Cache\Admin\f68c5a1a42542d9b876352dd3eb66abd.php 第 117 行.
NOTIC: [8] Array to string conversion D:\xampp\htdocs\paoding_new\Application\Runtime\Cache\Admin\f68c5a1a42542d9b876352dd3eb66abd.php 第 109 行.
NOTIC: [8] Undefined variable: mod_id D:\xampp\htdocs\paoding_new\Application\Runtime\Cache\Admin\f68c5a1a42542d9b876352dd3eb66abd.php 第 117 行.
NOTIC: [8] Array to string conversion D:\xampp\htdocs\paoding_new\Application\Runtime\Cache\Admin\f68c5a1a42542d9b876352dd3eb66abd.php 第 109 行.
NOTIC: [8] Undefined variable: mod_id D:\xampp\htdocs\paoding_new\Application\Runtime\Cache\Admin\f68c5a1a42542d9b876352dd3eb66abd.php 第 117 行.
NOTIC: [8] Array to string conversion D:\xampp\htdocs\paoding_new\Application\Runtime\Cache\Admin\f68c5a1a42542d9b876352dd3eb66abd.php 第 109 行.
NOTIC: [8] Undefined variable: mod_id D:\xampp\htdocs\paoding_new\Application\Runtime\Cache\Admin\f68c5a1a42542d9b876352dd3eb66abd.php 第 117 行.
NOTIC: [8] Array to string conversion D:\xampp\htdocs\paoding_new\Application\Runtime\Cache\Admin\f68c5a1a42542d9b876352dd3eb66abd.php 第 109 行.
NOTIC: [8] Undefined variable: mod_id D:\xampp\htdocs\paoding_new\Application\Runtime\Cache\Admin\f68c5a1a42542d9b876352dd3eb66abd.php 第 117 行.
NOTIC: [8] Array to string conversion D:\xampp\htdocs\paoding_new\Application\Runtime\Cache\Admin\f68c5a1a42542d9b876352dd3eb66abd.php 第 109 行.
NOTIC: [8] Undefined variable: mod_id D:\xampp\htdocs\paoding_new\Application\Runtime\Cache\Admin\f68c5a1a42542d9b876352dd3eb66abd.php 第 117 行.
NOTIC: [8] Array to string conversion D:\xampp\htdocs\paoding_new\Application\Runtime\Cache\Admin\f68c5a1a42542d9b876352dd3eb66abd.php 第 109 行.
NOTIC: [8] Undefined variable: mod_id D:\xampp\htdocs\paoding_new\Application\Runtime\Cache\Admin\f68c5a1a42542d9b876352dd3eb66abd.php 第 117 行.
NOTIC: [8] Array to string conversion D:\xampp\htdocs\paoding_new\Application\Runtime\Cache\Admin\f68c5a1a42542d9b876352dd3eb66abd.php 第 109 行.
NOTIC: [8] Undefined variable: mod_id D:\xampp\htdocs\paoding_new\Application\Runtime\Cache\Admin\f68c5a1a42542d9b876352dd3eb66abd.php 第 117 行.
NOTIC: [8] Array to string conversion D:\xampp\htdocs\paoding_new\Application\Runtime\Cache\Admin\f68c5a1a42542d9b876352dd3eb66abd.php 第 109 行.
NOTIC: [8] Undefined variable: mod_id D:\xampp\htdocs\paoding_new\Application\Runtime\Cache\Admin\f68c5a1a42542d9b876352dd3eb66abd.php 第 117 行.
NOTIC: [8] Array to string conversion D:\xampp\htdocs\paoding_new\Application\Runtime\Cache\Admin\f68c5a1a42542d9b876352dd3eb66abd.php 第 109 行.
NOTIC: [8] Undefined variable: mod_id D:\xampp\htdocs\paoding_new\Application\Runtime\Cache\Admin\f68c5a1a42542d9b876352dd3eb66abd.php 第 117 行.
NOTIC: [8] Array to string conversion D:\xampp\htdocs\paoding_new\Application\Runtime\Cache\Admin\f68c5a1a42542d9b876352dd3eb66abd.php 第 109 行.
NOTIC: [8] Undefined variable: mod_id D:\xampp\htdocs\paoding_new\Application\Runtime\Cache\Admin\f68c5a1a42542d9b876352dd3eb66abd.php 第 117 行.
NOTIC: [8] Array to string conversion D:\xampp\htdocs\paoding_new\Application\Runtime\Cache\Admin\f68c5a1a42542d9b876352dd3eb66abd.php 第 109 行.
NOTIC: [8] Undefined variable: mod_id D:\xampp\htdocs\paoding_new\Application\Runtime\Cache\Admin\f68c5a1a42542d9b876352dd3eb66abd.php 第 117 行.
NOTIC: [8] Array to string conversion D:\xampp\htdocs\paoding_new\Application\Runtime\Cache\Admin\f68c5a1a42542d9b876352dd3eb66abd.php 第 109 行.
NOTIC: [8] Undefined variable: mod_id D:\xampp\htdocs\paoding_new\Application\Runtime\Cache\Admin\f68c5a1a42542d9b876352dd3eb66abd.php 第 117 行.
NOTIC: [8] Array to string conversion D:\xampp\htdocs\paoding_new\Application\Runtime\Cache\Admin\f68c5a1a42542d9b876352dd3eb66abd.php 第 109 行.
NOTIC: [8] Undefined variable: mod_id D:\xampp\htdocs\paoding_new\Application\Runtime\Cache\Admin\f68c5a1a42542d9b876352dd3eb66abd.php 第 117 行.
NOTIC: [8] Array to string conversion D:\xampp\htdocs\paoding_new\Application\Runtime\Cache\Admin\f68c5a1a42542d9b876352dd3eb66abd.php 第 109 行.
NOTIC: [8] Undefined variable: mod_id D:\xampp\htdocs\paoding_new\Application\Runtime\Cache\Admin\f68c5a1a42542d9b876352dd3eb66abd.php 第 117 行.
NOTIC: [8] Array to string conversion D:\xampp\htdocs\paoding_new\Application\Runtime\Cache\Admin\f68c5a1a42542d9b876352dd3eb66abd.php 第 109 行.
NOTIC: [8] Undefined variable: mod_id D:\xampp\htdocs\paoding_new\Application\Runtime\Cache\Admin\f68c5a1a42542d9b876352dd3eb66abd.php 第 117 行.
NOTIC: [8] Undefined index: gotPage D:\xampp\htdocs\paoding_new\Application\Runtime\Cache\Admin\f68c5a1a42542d9b876352dd3eb66abd.php 第 271 行.
NOTIC: [8] Undefined variable: data D:\xampp\htdocs\paoding_new\Application\Runtime\Cache\Admin\f68c5a1a42542d9b876352dd3eb66abd.php 第 319 行.
INFO: Run Behavior\ParseTemplateBehavior [ RunTime:0.017001s ]
INFO: [ view_parse ] --END-- [ RunTime:0.017001s ]
INFO: [ view_filter ] --START--
INFO: Run Behavior\WriteHtmlCacheBehavior [ RunTime:0.000000s ]
INFO: Run Behavior\TokenBuildBehavior [ RunTime:0.009001s ]
INFO: [ view_filter ] --END-- [ RunTime:0.009001s ]
NOTIC: [8] Undefined index: user_id D:\xampp\htdocs\paoding_new\Application\Admin\Controller\BaseController.class.php 第 158 行.
NOTIC: [8] Undefined variable: returnArr D:\xampp\htdocs\paoding_new\Application\Admin\Controller\ArticleController.class.php 第 753 行.
NOTIC: [2] Cannot modify header information - headers already sent by (output started at D:\xampp\htdocs\paoding_new\ThinkPHP\Library\Think\View.class.php:95) D:\xampp\htdocs\paoding_new\Application\Common\Common\common.php 第 1090 行.
INFO: [ app_end ] --START--
INFO: Run Behavior\ShowPageTraceBehavior [ RunTime:0.001001s ]
INFO: [ app_end ] --END-- [ RunTime:0.001001s ]

[ 2017-12-01T18:26:56+08:00 ] 127.0.0.1 /index.php/Admin/Article/article/action/page_list/channel/js/type/1/page_now/4/page_num/25/category_id/0/keyword/
INFO: [ app_init ] --START--
INFO: Run Behavior\BuildLiteBehavior [ RunTime:0.000000s ]
INFO: [ app_init ] --END-- [ RunTime:0.001000s ]
INFO: [ app_begin ] --START--
INFO: Run Behavior\ReadHtmlCacheBehavior [ RunTime:0.000000s ]
INFO: [ app_begin ] --END-- [ RunTime:0.000000s ]
INFO: [ action_begin ] --START--
INFO: Run Home\Behaviors\siteBehavior [ RunTime:0.001000s ]
INFO: [ action_begin ] --END-- [ RunTime:0.001000s ]
NOTIC: [8] Undefined index: id D:\xampp\htdocs\paoding_new\Application\Admin\Controller\ArticleController.class.php 第 38 行.
NOTIC: [8] Undefined index: keyword D:\xampp\htdocs\paoding_new\Application\Admin\Controller\ArticleController.class.php 第 70 行.
NOTIC: [8] Undefined index: keyword D:\xampp\htdocs\paoding_new\Application\Admin\Controller\ArticleController.class.php 第 98 行.
NOTIC: [8] Undefined offset: 9 D:\xampp\htdocs\paoding_new\Application\Admin\Controller\ArticleController.class.php 第 136 行.
NOTIC: [8] Undefined offset: 11 D:\xampp\htdocs\paoding_new\Application\Admin\Controller\ArticleController.class.php 第 136 行.
NOTIC: [8] Undefined offset: 9 D:\xampp\htdocs\paoding_new\Application\Admin\Controller\ArticleController.class.php 第 136 行.
NOTIC: [8] Undefined offset: 11 D:\xampp\htdocs\paoding_new\Application\Admin\Controller\ArticleController.class.php 第 136 行.
NOTIC: [8] Undefined offset: 9 D:\xampp\htdocs\paoding_new\Application\Admin\Controller\ArticleController.class.php 第 136 行.
NOTIC: [8] Undefined offset: 11 D:\xampp\htdocs\paoding_new\Application\Admin\Controller\ArticleController.class.php 第 136 行.
NOTIC: [8] Undefined offset: 9 D:\xampp\htdocs\paoding_new\Application\Admin\Controller\ArticleController.class.php 第 136 行.
NOTIC: [8] Undefined offset: 11 D:\xampp\htdocs\paoding_new\Application\Admin\Controller\ArticleController.class.php 第 136 行.
NOTIC: [8] Undefined offset: 9 D:\xampp\htdocs\paoding_new\Application\Admin\Controller\ArticleController.class.php 第 136 行.
NOTIC: [8] Undefined offset: 11 D:\xampp\htdocs\paoding_new\Application\Admin\Controller\ArticleController.class.php 第 136 行.
NOTIC: [8] Undefined offset: 9 D:\xampp\htdocs\paoding_new\Application\Admin\Controller\ArticleController.class.php 第 136 行.
NOTIC: [8] Undefined offset: 11 D:\xampp\htdocs\paoding_new\Application\Admin\Controller\ArticleController.class.php 第 136 行.
NOTIC: [8] Undefined offset: 9 D:\xampp\htdocs\paoding_new\Application\Admin\Controller\ArticleController.class.php 第 136 行.
NOTIC: [8] Undefined offset: 11 D:\xampp\htdocs\paoding_new\Application\Admin\Controller\ArticleController.class.php 第 136 行.
NOTIC: [8] Undefined offset: 9 D:\xampp\htdocs\paoding_new\Application\Admin\Controller\ArticleController.class.php 第 136 行.
NOTIC: [8] Undefined offset: 11 D:\xampp\htdocs\paoding_new\Application\Admin\Controller\ArticleController.class.php 第 136 行.
NOTIC: [8] Undefined offset: 9 D:\xampp\htdocs\paoding_new\Application\Admin\Controller\ArticleController.class.php 第 136 行.
NOTIC: [8] Undefined offset: 11 D:\xampp\htdocs\paoding_new\Application\Admin\Controller\ArticleController.class.php 第 136 行.
NOTIC: [8] Undefined offset: 9 D:\xampp\htdocs\paoding_new\Application\Admin\Controller\ArticleController.class.php 第 136 行.
NOTIC: [8] Undefined offset: 11 D:\xampp\htdocs\paoding_new\Application\Admin\Controller\ArticleController.class.php 第 136 行.
NOTIC: [8] Undefined offset: 9 D:\xampp\htdocs\paoding_new\Application\Admin\Controller\ArticleController.class.php 第 136 行.
NOTIC: [8] Undefined offset: 11 D:\xampp\htdocs\paoding_new\Application\Admin\Controller\ArticleController.class.php 第 136 行.
NOTIC: [8] Undefined offset: 9 D:\xampp\htdocs\paoding_new\Application\Admin\Controller\ArticleController.class.php 第 136 行.
NOTIC: [8] Undefined offset: 11 D:\xampp\htdocs\paoding_new\Application\Admin\Controller\ArticleController.class.php 第 136 行.
NOTIC: [8] Undefined offset: 9 D:\xampp\htdocs\paoding_new\Application\Admin\Controller\ArticleController.class.php 第 136 行.
NOTIC: [8] Undefined offset: 11 D:\xampp\htdocs\paoding_new\Application\Admin\Controller\ArticleController.class.php 第 136 行.
NOTIC: [8] Undefined offset: 9 D:\xampp\htdocs\paoding_new\Application\Admin\Controller\ArticleController.class.php 第 136 行.
NOTIC: [8] Undefined offset: 11 D:\xampp\htdocs\paoding_new\Application\Admin\Controller\ArticleController.class.php 第 136 行.
NOTIC: [8] Undefined offset: 9 D:\xampp\htdocs\paoding_new\Application\Admin\Controller\ArticleController.class.php 第 136 行.
NOTIC: [8] Undefined offset: 11 D:\xampp\htdocs\paoding_new\Application\Admin\Controller\ArticleController.class.php 第 136 行.
NOTIC: [8] Undefined offset: 9 D:\xampp\htdocs\paoding_new\Application\Admin\Controller\ArticleController.class.php 第 136 行.
NOTIC: [8] Undefined offset: 11 D:\xampp\htdocs\paoding_new\Application\Admin\Controller\ArticleController.class.php 第 136 行.
NOTIC: [8] Undefined offset: 9 D:\xampp\htdocs\paoding_new\Application\Admin\Controller\ArticleController.class.php 第 136 行.
NOTIC: [8] Undefined offset: 11 D:\xampp\htdocs\paoding_new\Application\Admin\Controller\ArticleController.class.php 第 136 行.
NOTIC: [8] Undefined offset: 9 D:\xampp\htdocs\paoding_new\Application\Admin\Controller\ArticleController.class.php 第 136 行.
NOTIC: [8] Undefined offset: 11 D:\xampp\htdocs\paoding_new\Application\Admin\Controller\ArticleController.class.php 第 136 行.
NOTIC: [8] Undefined offset: 9 D:\xampp\htdocs\paoding_new\Application\Admin\Controller\ArticleController.class.php 第 136 行.
NOTIC: [8] Undefined offset: 11 D:\xampp\htdocs\paoding_new\Application\Admin\Controller\ArticleController.class.php 第 136 行.
NOTIC: [8] Undefined offset: 9 D:\xampp\htdocs\paoding_new\Application\Admin\Controller\ArticleController.class.php 第 136 行.
NOTIC: [8] Undefined offset: 11 D:\xampp\htdocs\paoding_new\Application\Admin\Controller\ArticleController.class.php 第 136 行.
NOTIC: [8] Undefined offset: 9 D:\xampp\htdocs\paoding_new\Application\Admin\Controller\ArticleController.class.php 第 136 行.
NOTIC: [8] Undefined offset: 11 D:\xampp\htdocs\paoding_new\Application\Admin\Controller\ArticleController.class.php 第 136 行.
NOTIC: [8] Undefined offset: 9 D:\xampp\htdocs\paoding_new\Application\Admin\Controller\ArticleController.class.php 第 136 行.
NOTIC: [8] Undefined offset: 11 D:\xampp\htdocs\paoding_new\Application\Admin\Controller\ArticleController.class.php 第 136 行.
NOTIC: [8] Undefined offset: 9 D:\xampp\htdocs\paoding_new\Application\Admin\Controller\ArticleController.class.php 第 136 行.
NOTIC: [8] Undefined offset: 11 D:\xampp\htdocs\paoding_new\Application\Admin\Controller\ArticleController.class.php 第 136 行.
NOTIC: [8] Undefined offset: 9 D:\xampp\htdocs\paoding_new\Application\Admin\Controller\ArticleController.class.php 第 136 行.
NOTIC: [8] Undefined offset: 11 D:\xampp\htdocs\paoding_new\Application\Admin\Controller\ArticleController.class.php 第 136 行.
NOTIC: [8] Undefined offset: 9 D:\xampp\htdocs\paoding_new\Application\Admin\Controller\ArticleController.class.php 第 136 行.
NOTIC: [8] Undefined offset: 11 D:\xampp\htdocs\paoding_new\Application\Admin\Controller\ArticleController.class.php 第 136 行.
NOTIC: [8] Undefined variable: categoryName D:\xampp\htdocs\paoding_new\Application\Admin\Controller\ArticleController.class.php 第 156 行.
INFO: [ view_begin ] --START--
INFO: Run Home\Behaviors\testBehavior [ RunTime:0.000000s ]
INFO: [ view_begin ] --END-- [ RunTime:0.000000s ]
INFO: [ view_parse ] --START--
NOTIC: [2] file_get_contents(./Application/Admin/View/Public/breadcrumb.html): failed to open stream: No such file or directory D:\xampp\htdocs\paoding_new\ThinkPHP\Library\Think\Template.class.php 第 696 行.
INFO: [ template_filter ] --START--
INFO: Run Behavior\ContentReplaceBehavior [ RunTime:0.001000s ]
INFO: [ template_filter ] --END-- [ RunTime:0.001000s ]
NOTIC: [8] Undefined variable: tpshop_config D:\xampp\htdocs\paoding_new\Application\Runtime\Cache\Admin\f68c5a1a42542d9b876352dd3eb66abd.php 第 7 行.
NOTIC: [8] Undefined variable: tpshop_config D:\xampp\htdocs\paoding_new\Application\Runtime\Cache\Admin\f68c5a1a42542d9b876352dd3eb66abd.php 第 8 行.
NOTIC: [8] Undefined variable: gemmapshop_config D:\xampp\htdocs\paoding_new\Application\Runtime\Cache\Admin\f68c5a1a42542d9b876352dd3eb66abd.php 第 10 行.
NOTIC: [8] Use of undefined constant is_import_data - assumed 'is_import_data' D:\xampp\htdocs\paoding_new\Application\Runtime\Cache\Admin\f68c5a1a42542d9b876352dd3eb66abd.php 第 70 行.
NOTIC: [8] Use of undefined constant is_export_data - assumed 'is_export_data' D:\xampp\htdocs\paoding_new\Application\Runtime\Cache\Admin\f68c5a1a42542d9b876352dd3eb66abd.php 第 71 行.
NOTIC: [8] Undefined index: keyword D:\xampp\htdocs\paoding_new\Application\Runtime\Cache\Admin\f68c5a1a42542d9b876352dd3eb66abd.php 第 83 行.
NOTIC: [8] Array to string conversion D:\xampp\htdocs\paoding_new\Application\Runtime\Cache\Admin\f68c5a1a42542d9b876352dd3eb66abd.php 第 109 行.
NOTIC: [8] Undefined variable: mod_id D:\xampp\htdocs\paoding_new\Application\Runtime\Cache\Admin\f68c5a1a42542d9b876352dd3eb66abd.php 第 117 行.
NOTIC: [8] Array to string conversion D:\xampp\htdocs\paoding_new\Application\Runtime\Cache\Admin\f68c5a1a42542d9b876352dd3eb66abd.php 第 109 行.
NOTIC: [8] Undefined variable: mod_id D:\xampp\htdocs\paoding_new\Application\Runtime\Cache\Admin\f68c5a1a42542d9b876352dd3eb66abd.php 第 117 行.
NOTIC: [8] Array to string conversion D:\xampp\htdocs\paoding_new\Application\Runtime\Cache\Admin\f68c5a1a42542d9b876352dd3eb66abd.php 第 109 行.
NOTIC: [8] Undefined variable: mod_id D:\xampp\htdocs\paoding_new\Application\Runtime\Cache\Admin\f68c5a1a42542d9b876352dd3eb66abd.php 第 117 行.
NOTIC: [8] Array to string conversion D:\xampp\htdocs\paoding_new\Application\Runtime\Cache\Admin\f68c5a1a42542d9b876352dd3eb66abd.php 第 109 行.
NOTIC: [8] Undefined variable: mod_id D:\xampp\htdocs\paoding_new\Application\Runtime\Cache\Admin\f68c5a1a42542d9b876352dd3eb66abd.php 第 117 行.
NOTIC: [8] Array to string conversion D:\xampp\htdocs\paoding_new\Application\Runtime\Cache\Admin\f68c5a1a42542d9b876352dd3eb66abd.php 第 109 行.
NOTIC: [8] Undefined variable: mod_id D:\xampp\htdocs\paoding_new\Application\Runtime\Cache\Admin\f68c5a1a42542d9b876352dd3eb66abd.php 第 117 行.
NOTIC: [8] Array to string conversion D:\xampp\htdocs\paoding_new\Application\Runtime\Cache\Admin\f68c5a1a42542d9b876352dd3eb66abd.php 第 109 行.
NOTIC: [8] Undefined variable: mod_id D:\xampp\htdocs\paoding_new\Application\Runtime\Cache\Admin\f68c5a1a42542d9b876352dd3eb66abd.php 第 117 行.
NOTIC: [8] Array to string conversion D:\xampp\htdocs\paoding_new\Application\Runtime\Cache\Admin\f68c5a1a42542d9b876352dd3eb66abd.php 第 109 行.
NOTIC: [8] Undefined variable: mod_id D:\xampp\htdocs\paoding_new\Application\Runtime\Cache\Admin\f68c5a1a42542d9b876352dd3eb66abd.php 第 117 行.
NOTIC: [8] Array to string conversion D:\xampp\htdocs\paoding_new\Application\Runtime\Cache\Admin\f68c5a1a42542d9b876352dd3eb66abd.php 第 109 行.
NOTIC: [8] Undefined variable: mod_id D:\xampp\htdocs\paoding_new\Application\Runtime\Cache\Admin\f68c5a1a42542d9b876352dd3eb66abd.php 第 117 行.
NOTIC: [8] Array to string conversion D:\xampp\htdocs\paoding_new\Application\Runtime\Cache\Admin\f68c5a1a42542d9b876352dd3eb66abd.php 第 109 行.
NOTIC: [8] Undefined variable: mod_id D:\xampp\htdocs\paoding_new\Application\Runtime\Cache\Admin\f68c5a1a42542d9b876352dd3eb66abd.php 第 117 行.
NOTIC: [8] Array to string conversion D:\xampp\htdocs\paoding_new\Application\Runtime\Cache\Admin\f68c5a1a42542d9b876352dd3eb66abd.php 第 109 行.
NOTIC: [8] Undefined variable: mod_id D:\xampp\htdocs\paoding_new\Application\Runtime\Cache\Admin\f68c5a1a42542d9b876352dd3eb66abd.php 第 117 行.
NOTIC: [8] Array to string conversion D:\xampp\htdocs\paoding_new\Application\Runtime\Cache\Admin\f68c5a1a42542d9b876352dd3eb66abd.php 第 109 行.
NOTIC: [8] Undefined variable: mod_id D:\xampp\htdocs\paoding_new\Application\Runtime\Cache\Admin\f68c5a1a42542d9b876352dd3eb66abd.php 第 117 行.
NOTIC: [8] Array to string conversion D:\xampp\htdocs\paoding_new\Application\Runtime\Cache\Admin\f68c5a1a42542d9b876352dd3eb66abd.php 第 109 行.
NOTIC: [8] Undefined variable: mod_id D:\xampp\htdocs\paoding_new\Application\Runtime\Cache\Admin\f68c5a1a42542d9b876352dd3eb66abd.php 第 117 行.
NOTIC: [8] Array to string conversion D:\xampp\htdocs\paoding_new\Application\Runtime\Cache\Admin\f68c5a1a42542d9b876352dd3eb66abd.php 第 109 行.
NOTIC: [8] Undefined variable: mod_id D:\xampp\htdocs\paoding_new\Application\Runtime\Cache\Admin\f68c5a1a42542d9b876352dd3eb66abd.php 第 117 行.
NOTIC: [8] Array to string conversion D:\xampp\htdocs\paoding_new\Application\Runtime\Cache\Admin\f68c5a1a42542d9b876352dd3eb66abd.php 第 109 行.
NOTIC: [8] Undefined variable: mod_id D:\xampp\htdocs\paoding_new\Application\Runtime\Cache\Admin\f68c5a1a42542d9b876352dd3eb66abd.php 第 117 行.
NOTIC: [8] Array to string conversion D:\xampp\htdocs\paoding_new\Application\Runtime\Cache\Admin\f68c5a1a42542d9b876352dd3eb66abd.php 第 109 行.
NOTIC: [8] Undefined variable: mod_id D:\xampp\htdocs\paoding_new\Application\Runtime\Cache\Admin\f68c5a1a42542d9b876352dd3eb66abd.php 第 117 行.
NOTIC: [8] Array to string conversion D:\xampp\htdocs\paoding_new\Application\Runtime\Cache\Admin\f68c5a1a42542d9b876352dd3eb66abd.php 第 109 行.
NOTIC: [8] Undefined variable: mod_id D:\xampp\htdocs\paoding_new\Application\Runtime\Cache\Admin\f68c5a1a42542d9b876352dd3eb66abd.php 第 117 行.
NOTIC: [8] Array to string conversion D:\xampp\htdocs\paoding_new\Application\Runtime\Cache\Admin\f68c5a1a42542d9b876352dd3eb66abd.php 第 109 行.
NOTIC: [8] Undefined variable: mod_id D:\xampp\htdocs\paoding_new\Application\Runtime\Cache\Admin\f68c5a1a42542d9b876352dd3eb66abd.php 第 117 行.
NOTIC: [8] Array to string conversion D:\xampp\htdocs\paoding_new\Application\Runtime\Cache\Admin\f68c5a1a42542d9b876352dd3eb66abd.php 第 109 行.
NOTIC: [8] Undefined variable: mod_id D:\xampp\htdocs\paoding_new\Application\Runtime\Cache\Admin\f68c5a1a42542d9b876352dd3eb66abd.php 第 117 行.
NOTIC: [8] Array to string conversion D:\xampp\htdocs\paoding_new\Application\Runtime\Cache\Admin\f68c5a1a42542d9b876352dd3eb66abd.php 第 109 行.
NOTIC: [8] Undefined variable: mod_id D:\xampp\htdocs\paoding_new\Application\Runtime\Cache\Admin\f68c5a1a42542d9b876352dd3eb66abd.php 第 117 行.
NOTIC: [8] Array to string conversion D:\xampp\htdocs\paoding_new\Application\Runtime\Cache\Admin\f68c5a1a42542d9b876352dd3eb66abd.php 第 109 行.
NOTIC: [8] Undefined variable: mod_id D:\xampp\htdocs\paoding_new\Application\Runtime\Cache\Admin\f68c5a1a42542d9b876352dd3eb66abd.php 第 117 行.
NOTIC: [8] Array to string conversion D:\xampp\htdocs\paoding_new\Application\Runtime\Cache\Admin\f68c5a1a42542d9b876352dd3eb66abd.php 第 109 行.
NOTIC: [8] Undefined variable: mod_id D:\xampp\htdocs\paoding_new\Application\Runtime\Cache\Admin\f68c5a1a42542d9b876352dd3eb66abd.php 第 117 行.
NOTIC: [8] Array to string conversion D:\xampp\htdocs\paoding_new\Application\Runtime\Cache\Admin\f68c5a1a42542d9b876352dd3eb66abd.php 第 109 行.
NOTIC: [8] Undefined variable: mod_id D:\xampp\htdocs\paoding_new\Application\Runtime\Cache\Admin\f68c5a1a42542d9b876352dd3eb66abd.php 第 117 行.
NOTIC: [8] Array to string conversion D:\xampp\htdocs\paoding_new\Application\Runtime\Cache\Admin\f68c5a1a42542d9b876352dd3eb66abd.php 第 109 行.
NOTIC: [8] Undefined variable: mod_id D:\xampp\htdocs\paoding_new\Application\Runtime\Cache\Admin\f68c5a1a42542d9b876352dd3eb66abd.php 第 117 行.
NOTIC: [8] Array to string conversion D:\xampp\htdocs\paoding_new\Application\Runtime\Cache\Admin\f68c5a1a42542d9b876352dd3eb66abd.php 第 109 行.
NOTIC: [8] Undefined variable: mod_id D:\xampp\htdocs\paoding_new\Application\Runtime\Cache\Admin\f68c5a1a42542d9b876352dd3eb66abd.php 第 117 行.
NOTIC: [8] Array to string conversion D:\xampp\htdocs\paoding_new\Application\Runtime\Cache\Admin\f68c5a1a42542d9b876352dd3eb66abd.php 第 109 行.
NOTIC: [8] Undefined variable: mod_id D:\xampp\htdocs\paoding_new\Application\Runtime\Cache\Admin\f68c5a1a42542d9b876352dd3eb66abd.php 第 117 行.
NOTIC: [8] Undefined index: gotPage D:\xampp\htdocs\paoding_new\Application\Runtime\Cache\Admin\f68c5a1a42542d9b876352dd3eb66abd.php 第 271 行.
NOTIC: [8] Undefined variable: data D:\xampp\htdocs\paoding_new\Application\Runtime\Cache\Admin\f68c5a1a42542d9b876352dd3eb66abd.php 第 319 行.
INFO: Run Behavior\ParseTemplateBehavior [ RunTime:0.016000s ]
INFO: [ view_parse ] --END-- [ RunTime:0.016000s ]
INFO: [ view_filter ] --START--
INFO: Run Behavior\WriteHtmlCacheBehavior [ RunTime:0.001001s ]
INFO: Run Behavior\TokenBuildBehavior [ RunTime:0.008000s ]
INFO: [ view_filter ] --END-- [ RunTime:0.009001s ]
NOTIC: [8] Undefined index: user_id D:\xampp\htdocs\paoding_new\Application\Admin\Controller\BaseController.class.php 第 158 行.
NOTIC: [8] Undefined variable: returnArr D:\xampp\htdocs\paoding_new\Application\Admin\Controller\ArticleController.class.php 第 753 行.
NOTIC: [2] Cannot modify header information - headers already sent by (output started at D:\xampp\htdocs\paoding_new\ThinkPHP\Library\Think\View.class.php:95) D:\xampp\htdocs\paoding_new\Application\Common\Common\common.php 第 1090 行.
INFO: [ app_end ] --START--
INFO: Run Behavior\ShowPageTraceBehavior [ RunTime:0.001000s ]
INFO: [ app_end ] --END-- [ RunTime:0.001000s ]

[ 2017-12-01T18:27:01+08:00 ] 127.0.0.1 /index.php/Admin/Article/article/action/page_edit/channel/js/type/1/id/3045/page_now/4/page_num/25/category_id/0/keyword/
INFO: [ app_init ] --START--
INFO: Run Behavior\BuildLiteBehavior [ RunTime:0.000000s ]
INFO: [ app_init ] --END-- [ RunTime:0.000000s ]
INFO: [ app_begin ] --START--
INFO: Run Behavior\ReadHtmlCacheBehavior [ RunTime:0.001000s ]
INFO: [ app_begin ] --END-- [ RunTime:0.001000s ]
INFO: [ action_begin ] --START--
INFO: Run Home\Behaviors\siteBehavior [ RunTime:0.001000s ]
INFO: [ action_begin ] --END-- [ RunTime:0.001000s ]
NOTIC: [8] Undefined index: keyword D:\xampp\htdocs\paoding_new\Application\Admin\Controller\ArticleController.class.php 第 316 行.
NOTIC: [8] Undefined variable: bind_user_id D:\xampp\htdocs\paoding_new\Application\Admin\Controller\ArticleController.class.php 第 341 行.
NOTIC: [8] Undefined variable: bind_user_name D:\xampp\htdocs\paoding_new\Application\Admin\Controller\ArticleController.class.php 第 342 行.
INFO: [ view_begin ] --START--
INFO: Run Home\Behaviors\testBehavior [ RunTime:0.001000s ]
INFO: [ view_begin ] --END-- [ RunTime:0.001000s ]
INFO: [ view_parse ] --START--
INFO: [ template_filter ] --START--
INFO: Run Behavior\ContentReplaceBehavior [ RunTime:0.000000s ]
INFO: [ template_filter ] --END-- [ RunTime:0.001000s ]
NOTIC: [2] Illegal string offset 'data_id' D:\xampp\htdocs\paoding_new\Application\Runtime\Cache\Admin\f55c4fcb43451ac37488d9f7f1a45019.php 第 216 行.
NOTIC: [8] Use of undefined constant hzjg - assumed 'hzjg' D:\xampp\htdocs\paoding_new\Application\Runtime\Cache\Admin\f55c4fcb43451ac37488d9f7f1a45019.php 第 236 行.
NOTIC: [8] Use of undefined constant js - assumed 'js' D:\xampp\htdocs\paoding_new\Application\Runtime\Cache\Admin\f55c4fcb43451ac37488d9f7f1a45019.php 第 276 行.
NOTIC: [8] Use of undefined constant sszt - assumed 'sszt' D:\xampp\htdocs\paoding_new\Application\Runtime\Cache\Admin\f55c4fcb43451ac37488d9f7f1a45019.php 第 283 行.
NOTIC: [8] Use of undefined constant sszt - assumed 'sszt' D:\xampp\htdocs\paoding_new\Application\Runtime\Cache\Admin\f55c4fcb43451ac37488d9f7f1a45019.php 第 283 行.
NOTIC: [8] Use of undefined constant sszt - assumed 'sszt' D:\xampp\htdocs\paoding_new\Application\Runtime\Cache\Admin\f55c4fcb43451ac37488d9f7f1a45019.php 第 283 行.
NOTIC: [8] Use of undefined constant sszt - assumed 'sszt' D:\xampp\htdocs\paoding_new\Application\Runtime\Cache\Admin\f55c4fcb43451ac37488d9f7f1a45019.php 第 283 行.
NOTIC: [8] Use of undefined constant sszt - assumed 'sszt' D:\xampp\htdocs\paoding_new\Application\Runtime\Cache\Admin\f55c4fcb43451ac37488d9f7f1a45019.php 第 283 行.
NOTIC: [8] Use of undefined constant sszt - assumed 'sszt' D:\xampp\htdocs\paoding_new\Application\Runtime\Cache\Admin\f55c4fcb43451ac37488d9f7f1a45019.php 第 283 行.
NOTIC: [8] Use of undefined constant sszt - assumed 'sszt' D:\xampp\htdocs\paoding_new\Application\Runtime\Cache\Admin\f55c4fcb43451ac37488d9f7f1a45019.php 第 283 行.
NOTIC: [8] Use of undefined constant sszt - assumed 'sszt' D:\xampp\htdocs\paoding_new\Application\Runtime\Cache\Admin\f55c4fcb43451ac37488d9f7f1a45019.php 第 283 行.
NOTIC: [8] Use of undefined constant sszt - assumed 'sszt' D:\xampp\htdocs\paoding_new\Application\Runtime\Cache\Admin\f55c4fcb43451ac37488d9f7f1a45019.php 第 283 行.
NOTIC: [8] Use of undefined constant category_id - assumed 'category_id' D:\xampp\htdocs\paoding_new\Application\Runtime\Cache\Admin\f55c4fcb43451ac37488d9f7f1a45019.php 第 302 行.
NOTIC: [8] Use of undefined constant category_id - assumed 'category_id' D:\xampp\htdocs\paoding_new\Application\Runtime\Cache\Admin\f55c4fcb43451ac37488d9f7f1a45019.php 第 302 行.
NOTIC: [8] Use of undefined constant category_id - assumed 'category_id' D:\xampp\htdocs\paoding_new\Application\Runtime\Cache\Admin\f55c4fcb43451ac37488d9f7f1a45019.php 第 302 行.
NOTIC: [8] Use of undefined constant category_id - assumed 'category_id' D:\xampp\htdocs\paoding_new\Application\Runtime\Cache\Admin\f55c4fcb43451ac37488d9f7f1a45019.php 第 302 行.
NOTIC: [8] Undefined variable: iscopy D:\xampp\htdocs\paoding_new\Application\Runtime\Cache\Admin\f55c4fcb43451ac37488d9f7f1a45019.php 第 569 行.
INFO: Run Behavior\ParseTemplateBehavior [ RunTime:0.015001s ]
INFO: [ view_parse ] --END-- [ RunTime:0.015001s ]
INFO: [ view_filter ] --START--
INFO: Run Behavior\WriteHtmlCacheBehavior [ RunTime:0.001000s ]
INFO: Run Behavior\TokenBuildBehavior [ RunTime:0.004000s ]
INFO: [ view_filter ] --END-- [ RunTime:0.005000s ]
NOTIC: [8] Undefined variable: returnArr D:\xampp\htdocs\paoding_new\Application\Admin\Controller\ArticleController.class.php 第 753 行.
NOTIC: [2] Cannot modify header information - headers already sent by (output started at D:\xampp\htdocs\paoding_new\ThinkPHP\Library\Think\View.class.php:95) D:\xampp\htdocs\paoding_new\Application\Common\Common\common.php 第 1090 行.
INFO: [ app_end ] --START--
INFO: Run Behavior\ShowPageTraceBehavior [ RunTime:0.001000s ]
INFO: [ app_end ] --END-- [ RunTime:0.001000s ]

[ 2017-12-01T18:27:01+08:00 ] 127.0.0.1 /index.php/Admin/Article/article/action/extends/channel/js/type/1/id/3045
INFO: [ app_init ] --START--
INFO: Run Behavior\BuildLiteBehavior [ RunTime:0.000000s ]
INFO: [ app_init ] --END-- [ RunTime:0.001000s ]
INFO: [ app_begin ] --START--
INFO: Run Behavior\ReadHtmlCacheBehavior [ RunTime:0.000000s ]
INFO: [ app_begin ] --END-- [ RunTime:0.001000s ]
INFO: [ action_begin ] --START--
INFO: Run Home\Behaviors\siteBehavior [ RunTime:0.001000s ]
INFO: [ action_begin ] --END-- [ RunTime:0.001000s ]
NOTIC: [8] Undefined index: category_id D:\xampp\htdocs\paoding_new\Application\Admin\Controller\ArticleController.class.php 第 43 行.
NOTIC: [8] Undefined variable: itemStr D:\xampp\htdocs\paoding_new\Application\Admin\Controller\ArticleController.class.php 第 593 行.

