[ 2015-09-30T09:51:40+08:00 ] 113.109.60.141 /weixin/weixinpaytest/example/jsapi.phpname=asda&phone=13226516908?code=011306b352da497fa69c350007a0a87W&state=STATE
INFO: [ app_init ] --START--
INFO: Run Behavior\BuildLiteBehavior [ RunTime:0.000018s ]
INFO: [ app_init ] --END-- [ RunTime:0.000449s ]
ERR: 无法加载模块:Weixinpaytest

[ 2015-09-30T09:54:51+08:00 ] 113.109.60.141 /weixin/weixinpaytest/example/jsapi.phpname=asda&phone=13226516908?code=001a522107108affd231b22bebb8770d&state=STATE
INFO: [ app_init ] --START--
INFO: Run Behavior\BuildLiteBehavior [ RunTime:0.000017s ]
INFO: [ app_init ] --END-- [ RunTime:0.000353s ]
ERR: 无法加载模块:Weixinpaytest

[ 2015-09-30T09:54:51+08:00 ] 101.226.51.227 /weixin/weixinpaytest/example/jsapi.phpname=asda
INFO: [ app_init ] --START--
INFO: Run Behavior\BuildLiteBehavior [ RunTime:0.000016s ]
INFO: [ app_init ] --END-- [ RunTime:0.000414s ]
ERR: 无法加载模块:Weixinpaytest

[ 2015-09-30T11:36:49+08:00 ] 113.109.60.141 /weixin/weixinpaytest/example/__PUBLIC__/home/img/logo2.png
INFO: [ app_init ] --START--
INFO: Run Behavior\BuildLiteBehavior [ RunTime:0.000015s ]
INFO: [ app_init ] --END-- [ RunTime:0.000346s ]
ERR: 无法加载模块:Weixinpaytest

[ 2015-09-30T11:36:50+08:00 ] 113.109.60.141 /weixin/weixinpaytest/example/__PUBLIC__/home/img/center.png
INFO: [ app_init ] --START--
INFO: Run Behavior\BuildLiteBehavior [ RunTime:0.000015s ]
INFO: [ app_init ] --END-- [ RunTime:0.000330s ]
ERR: 无法加载模块:Weixinpaytest

[ 2015-09-30T11:38:28+08:00 ] 113.109.60.141 /weixin/weixinpaytest/example/__PUBLIC__/home/img/logo2.png
INFO: [ app_init ] --START--
INFO: Run Behavior\BuildLiteBehavior [ RunTime:0.000014s ]
INFO: [ app_init ] --END-- [ RunTime:0.000327s ]
ERR: 无法加载模块:Weixinpaytest

[ 2015-09-30T11:38:28+08:00 ] 113.109.60.141 /weixin/weixinpaytest/example/__PUBLIC__/home/img/center.png
INFO: [ app_init ] --START--
INFO: Run Behavior\BuildLiteBehavior [ RunTime:0.000014s ]
INFO: [ app_init ] --END-- [ RunTime:0.000330s ]
ERR: 无法加载模块:Weixinpaytest

[ 2015-09-30T11:42:14+08:00 ] 113.109.60.141 /weixin/weixinpaytest/example/__PUBLIC__/home/img/logo2.png
INFO: [ app_init ] --START--
INFO: Run Behavior\BuildLiteBehavior [ RunTime:0.000016s ]
INFO: [ app_init ] --END-- [ RunTime:0.000364s ]
ERR: 无法加载模块:Weixinpaytest

[ 2015-09-30T11:42:14+08:00 ] 113.109.60.141 /weixin/weixinpaytest/example/__PUBLIC__/home/img/center.png
INFO: [ app_init ] --START--
INFO: Run Behavior\BuildLiteBehavior [ RunTime:0.000016s ]
INFO: [ app_init ] --END-- [ RunTime:0.000322s ]
ERR: 无法加载模块:Weixinpaytest

[ 2015-09-30T11:45:05+08:00 ] 113.109.60.141 /weixin/weixinpaytest/example/__PUBLIC__/home/img/logo2.png
INFO: [ app_init ] --START--
INFO: Run Behavior\BuildLiteBehavior [ RunTime:0.000017s ]
INFO: [ app_init ] --END-- [ RunTime:0.000358s ]
ERR: 无法加载模块:Weixinpaytest

[ 2015-09-30T11:45:06+08:00 ] 113.109.60.141 /weixin/weixinpaytest/example/__PUBLIC__/home/img/center.png
INFO: [ app_init ] --START--
INFO: Run Behavior\BuildLiteBehavior [ RunTime:0.000019s ]
INFO: [ app_init ] --END-- [ RunTime:0.000355s ]
ERR: 无法加载模块:Weixinpaytest

[ 2015-09-30T12:09:02+08:00 ] 113.109.60.141 /weixin/weixinpaytest/example/__PUBLIC__/home/img/logo2.png
INFO: [ app_init ] --START--
INFO: Run Behavior\BuildLiteBehavior [ RunTime:0.000020s ]
INFO: [ app_init ] --END-- [ RunTime:0.000394s ]
ERR: 无法加载模块:Weixinpaytest

[ 2015-09-30T12:09:02+08:00 ] 113.109.60.141 /weixin/weixinpaytest/example/__PUBLIC__/home/img/center.png
INFO: [ app_init ] --START--
INFO: Run Behavior\BuildLiteBehavior [ RunTime:0.000016s ]
INFO: [ app_init ] --END-- [ RunTime:0.000335s ]
ERR: 无法加载模块:Weixinpaytest

[ 2015-09-30T12:10:31+08:00 ] 113.109.60.141 /weixin/weixinpaytest/example/__PUBLIC__/home/img/logo2.png
INFO: [ app_init ] --START--
INFO: Run Behavior\BuildLiteBehavior [ RunTime:0.000014s ]
INFO: [ app_init ] --END-- [ RunTime:0.000334s ]
ERR: 无法加载模块:Weixinpaytest

[ 2015-09-30T12:10:31+08:00 ] 113.109.60.141 /weixin/weixinpaytest/example/__PUBLIC__/home/img/center.png
INFO: [ app_init ] --START--
INFO: Run Behavior\BuildLiteBehavior [ RunTime:0.000013s ]
INFO: [ app_init ] --END-- [ RunTime:0.000320s ]
ERR: 无法加载模块:Weixinpaytest

[ 2015-09-30T12:12:38+08:00 ] 113.109.60.141 /weixin/weixinpaytest/example/__PUBLIC__/home/img/logo2.png
INFO: [ app_init ] --START--
INFO: Run Behavior\BuildLiteBehavior [ RunTime:0.000014s ]
INFO: [ app_init ] --END-- [ RunTime:0.000334s ]
ERR: 无法加载模块:Weixinpaytest

[ 2015-09-30T12:12:38+08:00 ] 113.109.60.141 /weixin/weixinpaytest/example/__PUBLIC__/home/img/center.png
INFO: [ app_init ] --START--
INFO: Run Behavior\BuildLiteBehavior [ RunTime:0.000014s ]
INFO: [ app_init ] --END-- [ RunTime:0.000328s ]
ERR: 无法加载模块:Weixinpaytest

[ 2015-09-30T12:15:35+08:00 ] 113.109.60.141 /weixin/weixinpaytest/example/__PUBLIC__/home/img/logo2.png
INFO: [ app_init ] --START--
INFO: Run Behavior\BuildLiteBehavior [ RunTime:0.000017s ]
INFO: [ app_init ] --END-- [ RunTime:0.000378s ]
ERR: 无法加载模块:Weixinpaytest

[ 2015-09-30T12:15:35+08:00 ] 113.109.60.141 /weixin/weixinpaytest/example/__PUBLIC__/home/img/center.png
INFO: [ app_init ] --START--
INFO: Run Behavior\BuildLiteBehavior [ RunTime:0.000018s ]
INFO: [ app_init ] --END-- [ RunTime:0.000404s ]
ERR: 无法加载模块:Weixinpaytest

[ 2015-09-30T12:16:01+08:00 ] 113.109.60.141 /weixin/weixinpaytest/example/__PUBLIC__/home/img/logo2.png
INFO: [ app_init ] --START--
INFO: Run Behavior\BuildLiteBehavior [ RunTime:0.000017s ]
INFO: [ app_init ] --END-- [ RunTime:0.000345s ]
ERR: 无法加载模块:Weixinpaytest

[ 2015-09-30T12:16:01+08:00 ] 113.109.60.141 /weixin/weixinpaytest/example/__PUBLIC__/home/img/center.png
INFO: [ app_init ] --START--
INFO: Run Behavior\BuildLiteBehavior [ RunTime:0.000016s ]
INFO: [ app_init ] --END-- [ RunTime:0.000349s ]
ERR: 无法加载模块:Weixinpaytest

[ 2015-09-30T14:15:41+08:00 ] 113.109.60.141 /weixin/public/home/img/logo2.png
INFO: [ app_init ] --START--
INFO: Run Behavior\BuildLiteBehavior [ RunTime:0.000016s ]
INFO: [ app_init ] --END-- [ RunTime:0.000334s ]
ERR: 无法加载模块:Public

[ 2015-09-30T14:15:43+08:00 ] 113.109.60.141 /weixin/public/home/img/center.png
INFO: [ app_init ] --START--
INFO: Run Behavior\BuildLiteBehavior [ RunTime:0.000016s ]
INFO: [ app_init ] --END-- [ RunTime:0.000346s ]
ERR: 无法加载模块:Public

[ 2015-09-30T14:17:27+08:00 ] 113.109.60.141 /weixin/public/home/img/logo2.png
INFO: [ app_init ] --START--
INFO: Run Behavior\BuildLiteBehavior [ RunTime:0.000018s ]
INFO: [ app_init ] --END-- [ RunTime:0.000344s ]
ERR: 无法加载模块:Public

[ 2015-09-30T14:17:27+08:00 ] 113.109.60.141 /weixin/public/home/img/center.png
INFO: [ app_init ] --START--
INFO: Run Behavior\BuildLiteBehavior [ RunTime:0.000018s ]
INFO: [ app_init ] --END-- [ RunTime:0.000359s ]
ERR: 无法加载模块:Public

[ 2015-09-30T14:19:31+08:00 ] 113.109.60.141 /weixin/public/home/img/logo2.png
INFO: [ app_init ] --START--
INFO: Run Behavior\BuildLiteBehavior [ RunTime:0.000015s ]
INFO: [ app_init ] --END-- [ RunTime:0.000332s ]
ERR: 无法加载模块:Public

[ 2015-09-30T14:19:31+08:00 ] 113.109.60.141 /weixin/public/home/img/center.png
INFO: [ app_init ] --START--
INFO: Run Behavior\BuildLiteBehavior [ RunTime:0.000016s ]
INFO: [ app_init ] --END-- [ RunTime:0.000335s ]
ERR: 无法加载模块:Public

[ 2015-09-30T14:20:15+08:00 ] 113.109.60.141 /weixin/public/home/img/logo2.png
INFO: [ app_init ] --START--
INFO: Run Behavior\BuildLiteBehavior [ RunTime:0.000014s ]
INFO: [ app_init ] --END-- [ RunTime:0.000316s ]
ERR: 无法加载模块:Public

[ 2015-09-30T14:20:15+08:00 ] 113.109.60.141 /weixin/public/home/img/center.png
INFO: [ app_init ] --START--
INFO: Run Behavior\BuildLiteBehavior [ RunTime:0.000014s ]
INFO: [ app_init ] --END-- [ RunTime:0.000324s ]
ERR: 无法加载模块:Public

[ 2015-09-30T14:22:41+08:00 ] 113.109.60.141 /weixin/public/home/img/logo2.png
INFO: [ app_init ] --START--
INFO: Run Behavior\BuildLiteBehavior [ RunTime:0.000015s ]
INFO: [ app_init ] --END-- [ RunTime:0.000329s ]
ERR: 无法加载模块:Public

[ 2015-09-30T14:22:52+08:00 ] 113.109.60.141 /weixin/public/home/img/center.png
INFO: [ app_init ] --START--
INFO: Run Behavior\BuildLiteBehavior [ RunTime:0.000018s ]
INFO: [ app_init ] --END-- [ RunTime:0.000390s ]
ERR: 无法加载模块:Public

